000 (187.006.000) 11/03 15:07:09 Job submitted from host: <127.0.0.1:9618?addrs=127.0.0.1-9618+[--1]-9618&noUDP&sock=1730_36ee_4>
...
001 (187.006.000) 11/03 15:07:10 Job executing on host: <127.0.0.1:9618?addrs=127.0.0.1-9618+[--1]-9618&noUDP&sock=1730_36ee_3>
...
006 (187.006.000) 11/03 15:07:14 Image size of job updated: 494716
	0  -  MemoryUsage of job (MB)
	0  -  ResidentSetSize of job (KB)
...
005 (187.006.000) 11/03 15:07:14 Job terminated.
	(1) Normal termination (return value 0)
		Usr 0 00:00:04, Sys 0 00:00:00  -  Run Remote Usage
		Usr 0 00:00:00, Sys 0 00:00:00  -  Run Local Usage
		Usr 0 00:00:04, Sys 0 00:00:00  -  Total Remote Usage
		Usr 0 00:00:00, Sys 0 00:00:00  -  Total Local Usage
	0  -  Run Bytes Sent By Job
	0  -  Run Bytes Received By Job
	0  -  Total Bytes Sent By Job
	0  -  Total Bytes Received By Job
	Partitionable Resources :    Usage  Request Allocated
	   Cpus                 :                 1         1
	   Disk (KB)            :    12500    12500 224683383
	   Memory (MB)          :        0       13     16036
...
