[G4] 
[G4] **************************************************************
[G4]  Geant4 version Name: geant4-10-07-patch-02    (11-June-2021)
[G4]                        Copyright : Geant4 Collaboration
[G4]                       References : NIM A 506 (2003), 250-303
[G4]                                  : IEEE-TNS 53 (2006), 270-278
[G4]                                  : NIM A 835 (2016), 186-225
[G4]                              WWW : http://geant4.org/
[G4] **************************************************************
[G4] 
[Core-0] Initialization of geometry
[Core-0] Initialization of physics
[Core-0] Initialization of actors
[Core-0] 
[Core-0] *************************************************
[Core-0]  GATE version 9.1 (2021)
[Core-0]  Copyright : OpenGATE Collaboration
[Core-0]  Reference : Phys. Med. Biol. 49 (2004) 4543-4561
[Core-0]  Reference : Phys. Med. Biol. 56 (2011) 881-901
[Core-0]  Reference : Med. Phys. 41(6)    (2014)
[Core-0]  http://www.opengatecollaboration.org        
[Core-0] *************************************************
[Core-0] 
[Core-0] You are using Geant4 version 10.7.2
[Core-0] Starting macro ./split/.Gate/main120/main8.mac
0: RINDEX
1.84e-06   1.00028
4.08e-06   1.00028
9: GROUPVEL
1.84e-06   299.709
4.08e-06   299.709
16: ABSLENGTH
1.84e-06   50000
4.08e-06   50000
 <!> *** WARNING *** <!>  GateMaterialDatabase: Multiple definition of element: Yttrium.
The definition in ClMind_GateMaterials.db was used.


GATE object:        'systems/cylindricalPET'
Components:

GATE object:        'systems/cylindricalPET/base'
Attached to volume: cylindricalPET
Nb of children:       1

	GATE object:        'systems/cylindricalPET/rsector'
	Attached to volume: module
	Nb of children:       1

		GATE object:        'systems/cylindricalPET/module'
		Attached to volume: unit
		Nb of children:       1

			GATE object:        'systems/cylindricalPET/submodule'
			Attached to volume: block
			Nb of children:       1

				GATE object:        'systems/cylindricalPET/crystal'
				Attached to volume: optical
				Nb of children:       4

					GATE object:        'systems/cylindricalPET/layer0'
					Attached to volume: crystal
					Nb of children:       0

					GATE object:        'systems/cylindricalPET/layer1'
					Attached to volume: ---
					Nb of children:       0

					GATE object:        'systems/cylindricalPET/layer2'
					Attached to volume: ---
					Nb of children:       0

					GATE object:        'systems/cylindricalPET/layer3'
					Attached to volume: ---
					Nb of children:       0
geometrical design type: 1
ring diameter: -3.95 mm 
rsector axial pitch: 0 fm 
rsector azimuthal pitch: 12.8571 degree
rsector tangential size: 2.5 cm 
rsector axial size: 25.04 cm 
module axial size: 4.784 cm 
module tangential size: 2.5 cm 
module axial pitch: 0 fm 
module tangential pitch: 0 fm 
submodule axial size: 4.784 cm 
submodule tangential size: 2.5 cm 
submodule axial pitch: 0 fm 
submodule tangential pitch: 0 fm 
crystal radial size: 1.59 cm 
crystal axial size: 1.59 cm 
crystal tangential size: 2.5 cm 
crystal axial pitch: 0 fm 
crystal tangential pitch: 0 fm 
layer0 radial size: 3.95 mm 
in layer0 interaction length: 1.975 mm 
Axial nb of rsectors: 1
Azimuthal nb of rsectors: 28
Axial nb of modules: 1
Tangential nb of modules: 1
Axial nb of submodules: 1
Tangential nb of submodules: 1
Axial nb of crystals: 1
Tangential nb of crystals: 1
Radial nb of layers: 1
[Physic-0] The following Geant4's physic-list is enabled :emstandard_opt3


List of Enabled processes:




List of initialized processes:


[Core-0] Initialization of geometry
[Core-0] Initialization of physics
[Core-0] Initialization of actors
 <!> *** WARNING *** <!>  The 'energytype' option is DEPRECATED, use 'ene/type' instead!
 <!> *** WARNING *** <!>  The 'energytype' option is DEPRECATED, use 'ene/type' instead!
 <!> *** WARNING *** <!>  The 'energytype' option is DEPRECATED, use 'ene/type' instead!
 <!> *** WARNING *** <!>  The 'energytype' option is DEPRECATED, use 'ene/type' instead!
 <!> *** WARNING *** <!>  The 'energytype' option is DEPRECATED, use 'ene/type' instead!
 <!> *** WARNING *** <!>  The 'energytype' option is DEPRECATED, use 'ene/type' instead!
 <!> *** WARNING *** <!>  The 'energytype' option is DEPRECATED, use 'ene/type' instead!
 <!> *** WARNING *** <!>  The 'energytype' option is DEPRECATED, use 'ene/type' instead!
 <!> *** WARNING *** <!>  The 'energytype' option is DEPRECATED, use 'ene/type' instead!
[Acquisition-0]   
[Acquisition-0] ============= Source initialization =============
[Acquisition-0]   
[Acquisition-0] ============= Acquisition starts! =============
[Acquisition-0] Simulation start time = 0 sec
[Acquisition-0] Simulation end time   = 1 sec
[Acquisition-0] Simulation will have  = 1 run(s)
[Acquisition-0] Slice 0 from 0 to 1 s [slice=1 s]

### ===  Deexcitation model UAtomDeexcitation is activated for 25 regions:
          DefaultRegionForTheWorld  1  1  1
          cylindricalPET  1  1  1
          module  1  1  1
          unit  1  1  1
          block  1  1  1
          optical  1  1  1
          crystal  1  1  1
          capillaire1  1  1  1
          capillaire1_water  1  1  1
          capillaire2  1  1  1
          capillaire2_water  1  1  1
          capillaire3  1  1  1
          capillaire3_water  1  1  1
          capillaire4  1  1  1
          capillaire4_water  1  1  1
          capillaire5  1  1  1
          capillaire5_water  1  1  1
          capillaire_m1  1  1  1
          capillaire_m1_water  1  1  1
          capillaire_m2  1  1  1
          capillaire_m2_water  1  1  1
          capillaire_m3  1  1  1
          capillaire_m3_water  1  1  1
          capillaire_m4  1  1  1
          capillaire_m4_water  1  1  1
### ===  Ignore cuts flag:   0

phot:  for gamma applyCuts:1  SubType=12 BuildTable=0
      LambdaPrime table from 200 keV to 100 TeV in 174 bins 
      ===== EM models for the G4Region  DefaultRegionForTheWorld ======
 LivermorePhElectric : Emin=    0 eV  Emax=  100 TeV  SauterGavrila Fluo

compt:  for gamma applyCuts:1  SubType=13 BuildTable=1
      Lambda table from 10 eV  to 1 MeV, 20 bins/decade, spline: 1
      LambdaPrime table from 1 MeV to 100 TeV in 160 bins 
      ===== EM models for the G4Region  DefaultRegionForTheWorld ======
        KleinNishina : Emin=    0 eV  Emax=  100 TeV Fluo

conv:  for gamma applyCuts:1  SubType=14 BuildTable=1
      Lambda table from 1.022 MeV to 100 TeV, 20 bins/decade, spline: 1
      ===== EM models for the G4Region  DefaultRegionForTheWorld ======
     BetheHeitlerLPM : Emin=    0 eV  Emax=  100 TeV  ModifiedTsai

Rayl:  for gamma applyCuts:1  SubType=11 BuildTable=1
      Lambda table from 10 eV  to 100 keV, 20 bins/decade, spline: 0
      LambdaPrime table from 100 keV to 100 TeV in 180 bins 
      ===== EM models for the G4Region  DefaultRegionForTheWorld ======
   LivermoreRayleigh : Emin=    0 eV  Emax=  100 TeV  CullenGenerator

msc:  for e-  SubType= 10
      ===== EM models for the G4Region  DefaultRegionForTheWorld ======
            UrbanMsc : Emin=    0 eV  Emax=  100 TeV Nbins=240 100 eV  - 100 TeV
              StepLim=DistanceToBoundary Rfact=0.04 Gfact=2.5 Sfact=0.6 DispFlag:1 Skin=1 Llimit=1

eIoni:  for e-  SubType=2
      dE/dx and range tables from 10 eV  to 100 TeV in 260 bins
      Lambda tables from threshold to 100 TeV, 20 bins/decade, spline: 1
      StepFunction=(0.2, 0.1 mm), integ: 1, fluct: 1, linLossLim= 0.01
      ===== EM models for the G4Region  DefaultRegionForTheWorld ======
        MollerBhabha : Emin=    0 eV  Emax=  100 TeV  deltaVI

eBrem:  for e-  SubType=3
      dE/dx and range tables from 10 eV  to 100 TeV in 260 bins
      Lambda tables from threshold to 100 TeV, 20 bins/decade, spline: 1
      LPM flag: 1 for E > 1 GeV,  VertexHighEnergyTh(GeV)= 100000
      ===== EM models for the G4Region  DefaultRegionForTheWorld ======
             eBremSB : Emin=    0 eV  Emax=    1 GeV  AngularGen2BS
            eBremLPM : Emin=    1 GeV Emax=  100 TeV  AngularGen2BS

ePairProd:  for e-  SubType=4
      dE/dx and range tables from 10 eV  to 100 TeV in 260 bins
      Lambda tables from threshold to 100 TeV, 20 bins/decade, spline: 1
      Sampling table 25x1001; from 0.1 GeV to 100 TeV 
      ===== EM models for the G4Region  DefaultRegionForTheWorld ======
           ePairProd : Emin=    0 eV  Emax=  100 TeV  ModifiedMephi

msc:  for e+  SubType= 10
      ===== EM models for the G4Region  DefaultRegionForTheWorld ======
            UrbanMsc : Emin=    0 eV  Emax=  100 TeV Nbins=240 100 eV  - 100 TeV
              StepLim=DistanceToBoundary Rfact=0.04 Gfact=2.5 Sfact=0.6 DispFlag:1 Skin=1 Llimit=1

eIoni:  for e+  SubType=2
      dE/dx and range tables from 10 eV  to 100 TeV in 260 bins
      Lambda tables from threshold to 100 TeV, 20 bins/decade, spline: 1
      StepFunction=(0.2, 0.1 mm), integ: 1, fluct: 1, linLossLim= 0.01
      ===== EM models for the G4Region  DefaultRegionForTheWorld ======
        MollerBhabha : Emin=    0 eV  Emax=  100 TeV  deltaVI

eBrem:  for e+  SubType=3
      dE/dx and range tables from 10 eV  to 100 TeV in 260 bins
      Lambda tables from threshold to 100 TeV, 20 bins/decade, spline: 1
      LPM flag: 1 for E > 1 GeV,  VertexHighEnergyTh(GeV)= 100000
      ===== EM models for the G4Region  DefaultRegionForTheWorld ======
             eBremSB : Emin=    0 eV  Emax=    1 GeV  AngularGen2BS
            eBremLPM : Emin=    1 GeV Emax=  100 TeV  AngularGen2BS

ePairProd:  for e+  SubType=4
      dE/dx and range tables from 10 eV  to 100 TeV in 260 bins
      Lambda tables from threshold to 100 TeV, 20 bins/decade, spline: 1
      Sampling table 25x1001; from 0.1 GeV to 100 TeV 
      ===== EM models for the G4Region  DefaultRegionForTheWorld ======
           ePairProd : Emin=    0 eV  Emax=  100 TeV  ModifiedMephi

annihil:  for e+, integral:1  applyCuts:1  SubType=5 BuildTable=0
      ===== EM models for the G4Region  DefaultRegionForTheWorld ======
            eplus2gg : Emin=    0 eV  Emax=  100 TeV

msc:  for proton  SubType= 10
      ===== EM models for the G4Region  DefaultRegionForTheWorld ======
            UrbanMsc : Emin=    0 eV  Emax=  100 TeV Nbins=240 100 eV  - 100 TeV
              StepLim=Minimal Rfact=0.2 Gfact=2.5 Sfact=0.6 DispFlag:1 Skin=1 Llimit=1

hIoni:  for proton  SubType=2
      dE/dx and range tables from 10 eV  to 100 TeV in 260 bins
      Lambda tables from threshold to 100 TeV, 20 bins/decade, spline: 1
      StepFunction=(0.2, 0.05 mm), integ: 1, fluct: 1, linLossLim= 0.01
      ===== EM models for the G4Region  DefaultRegionForTheWorld ======
               Bragg : Emin=    0 eV  Emax=    2 MeV  deltaVI
          BetheBloch : Emin=    2 MeV Emax=  100 TeV  deltaVI

hBrems:  for proton  SubType=3
      dE/dx and range tables from 10 eV  to 100 TeV in 260 bins
      Lambda tables from threshold to 100 TeV, 20 bins/decade, spline: 1
      ===== EM models for the G4Region  DefaultRegionForTheWorld ======
               hBrem : Emin=    0 eV  Emax=  100 TeV  ModifiedMephi
      ===== Limit on energy threshold has been applied 

hPairProd:  for proton  SubType=4
      dE/dx and range tables from 10 eV  to 100 TeV in 260 bins
      Lambda tables from threshold to 100 TeV, 20 bins/decade, spline: 1
      Sampling table 17x1001; from 7.50618 GeV to 100 TeV 
      ===== EM models for the G4Region  DefaultRegionForTheWorld ======
           hPairProd : Emin=    0 eV  Emax=  100 TeV  ModifiedMephi

nuclearStopping:  for proton applyCuts:1  SubType=8 BuildTable=0
      ===== EM models for the G4Region  DefaultRegionForTheWorld ======
   ICRU49NucStopping : Emin=    0 eV  Emax=    1 MeV

msc:  for GenericIon  SubType= 10
      ===== EM models for the G4Region  DefaultRegionForTheWorld ======
            UrbanMsc : Emin=    0 eV  Emax=  100 TeV
              StepLim=Minimal Rfact=0.2 Gfact=2.5 Sfact=0.6 DispFlag:1 Skin=1 Llimit=1

ionIoni:  for GenericIon  SubType=2
      dE/dx and range tables from 10 eV  to 100 TeV in 260 bins
      Lambda tables from threshold to 100 TeV, 20 bins/decade, spline: 1
      StepFunction=(0.1, 0.02 mm), integ: 1, fluct: 1, linLossLim= 0.02
      ===== EM models for the G4Region  DefaultRegionForTheWorld ======
         ParamICRU73 : Emin=    0 eV  Emax=  100 TeV  deltaVI

nuclearStopping:  for GenericIon applyCuts:1  SubType=8 BuildTable=0
      ===== EM models for the G4Region  DefaultRegionForTheWorld ======
   ICRU49NucStopping : Emin=    0 eV  Emax=    1 MeV

msc:  for alpha  SubType= 10
      ===== EM models for the G4Region  DefaultRegionForTheWorld ======
            UrbanMsc : Emin=    0 eV  Emax=  100 TeV Nbins=240 100 eV  - 100 TeV
              StepLim=Minimal Rfact=0.2 Gfact=2.5 Sfact=0.6 DispFlag:1 Skin=1 Llimit=1

ionIoni:  for alpha  SubType=2
      dE/dx and range tables from 10 eV  to 100 TeV in 260 bins
      Lambda tables from threshold to 100 TeV, 20 bins/decade, spline: 1
      StepFunction=(0.1, 0.02 mm), integ: 1, fluct: 1, linLossLim= 0.02
      ===== EM models for the G4Region  DefaultRegionForTheWorld ======
            BraggIon : Emin=    0 eV  Emax=7.9452 MeV  deltaVI
          BetheBloch : Emin=7.9452 MeV Emax=  100 TeV  deltaVI

nuclearStopping:  for alpha applyCuts:1  SubType=8 BuildTable=0
      ===== EM models for the G4Region  DefaultRegionForTheWorld ======
   ICRU49NucStopping : Emin=    0 eV  Emax=    1 MeV

msc:  for anti_proton  SubType= 10
      ===== EM models for the G4Region  DefaultRegionForTheWorld ======
            UrbanMsc : Emin=    0 eV  Emax=  100 TeV Nbins=240 100 eV  - 100 TeV
              StepLim=Minimal Rfact=0.2 Gfact=2.5 Sfact=0.6 DispFlag:1 Skin=1 Llimit=1

hIoni:  for anti_proton  SubType=2
      dE/dx and range tables from 10 eV  to 100 TeV in 260 bins
      Lambda tables from threshold to 100 TeV, 20 bins/decade, spline: 1
      StepFunction=(0.2, 0.05 mm), integ: 1, fluct: 1, linLossLim= 0.01
      ===== EM models for the G4Region  DefaultRegionForTheWorld ======
            ICRU73QO : Emin=    0 eV  Emax=    2 MeV  deltaVI
          BetheBloch : Emin=    2 MeV Emax=  100 TeV  deltaVI

hBrems:  for anti_proton  SubType=3
      dE/dx and range tables from 10 eV  to 100 TeV in 260 bins
      Lambda tables from threshold to 100 TeV, 20 bins/decade, spline: 1
      ===== EM models for the G4Region  DefaultRegionForTheWorld ======
               hBrem : Emin=    0 eV  Emax=  100 TeV  ModifiedMephi
      ===== Limit on energy threshold has been applied 

hPairProd:  for anti_proton  SubType=4
      dE/dx and range tables from 10 eV  to 100 TeV in 260 bins
      Lambda tables from threshold to 100 TeV, 20 bins/decade, spline: 1
      Sampling table 17x1001; from 7.50618 GeV to 100 TeV 
      ===== EM models for the G4Region  DefaultRegionForTheWorld ======
           hPairProd : Emin=    0 eV  Emax=  100 TeV  ModifiedMephi

msc:  for kaon+  SubType= 10
      ===== EM models for the G4Region  DefaultRegionForTheWorld ======
            UrbanMsc : Emin=    0 eV  Emax=  100 TeV Nbins=240 100 eV  - 100 TeV
              StepLim=Minimal Rfact=0.2 Gfact=2.5 Sfact=0.6 DispFlag:1 Skin=1 Llimit=1

hIoni:  for kaon+  SubType=2
      dE/dx and range tables from 10 eV  to 100 TeV in 260 bins
      Lambda tables from threshold to 100 TeV, 20 bins/decade, spline: 1
      StepFunction=(0.2, 0.05 mm), integ: 1, fluct: 1, linLossLim= 0.01
      ===== EM models for the G4Region  DefaultRegionForTheWorld ======
               Bragg : Emin=    0 eV  Emax=1.05231 MeV  deltaVI
          BetheBloch : Emin=1.05231 MeV Emax=  100 TeV  deltaVI

hBrems:  for kaon+  SubType=3
      dE/dx and range tables from 10 eV  to 100 TeV in 260 bins
      Lambda tables from threshold to 100 TeV, 20 bins/decade, spline: 1
      ===== EM models for the G4Region  DefaultRegionForTheWorld ======
               hBrem : Emin=    0 eV  Emax=  100 TeV  ModifiedMephi
      ===== Limit on energy threshold has been applied 

hPairProd:  for kaon+  SubType=4
      dE/dx and range tables from 10 eV  to 100 TeV in 260 bins
      Lambda tables from threshold to 100 TeV, 20 bins/decade, spline: 1
      Sampling table 18x1001; from 3.94942 GeV to 100 TeV 
      ===== EM models for the G4Region  DefaultRegionForTheWorld ======
           hPairProd : Emin=    0 eV  Emax=  100 TeV  ModifiedMephi

msc:  for kaon-  SubType= 10
      ===== EM models for the G4Region  DefaultRegionForTheWorld ======
            UrbanMsc : Emin=    0 eV  Emax=  100 TeV Nbins=240 100 eV  - 100 TeV
              StepLim=Minimal Rfact=0.2 Gfact=2.5 Sfact=0.6 DispFlag:1 Skin=1 Llimit=1

hIoni:  for kaon-  SubType=2
      dE/dx and range tables from 10 eV  to 100 TeV in 260 bins
      Lambda tables from threshold to 100 TeV, 20 bins/decade, spline: 1
      StepFunction=(0.2, 0.05 mm), integ: 1, fluct: 1, linLossLim= 0.01
      ===== EM models for the G4Region  DefaultRegionForTheWorld ======
            ICRU73QO : Emin=    0 eV  Emax=1.05231 MeV  deltaVI
          BetheBloch : Emin=1.05231 MeV Emax=  100 TeV  deltaVI

hBrems:  for kaon-  SubType=3
      dE/dx and range tables from 10 eV  to 100 TeV in 260 bins
      Lambda tables from threshold to 100 TeV, 20 bins/decade, spline: 1
      ===== EM models for the G4Region  DefaultRegionForTheWorld ======
               hBrem : Emin=    0 eV  Emax=  100 TeV  ModifiedMephi
      ===== Limit on energy threshold has been applied 

hPairProd:  for kaon-  SubType=4
      dE/dx and range tables from 10 eV  to 100 TeV in 260 bins
      Lambda tables from threshold to 100 TeV, 20 bins/decade, spline: 1
      Sampling table 18x1001; from 3.94942 GeV to 100 TeV 
      ===== EM models for the G4Region  DefaultRegionForTheWorld ======
           hPairProd : Emin=    0 eV  Emax=  100 TeV  ModifiedMephi

msc:  for mu+  SubType= 10
      ===== EM models for the G4Region  DefaultRegionForTheWorld ======
            UrbanMsc : Emin=    0 eV  Emax=  100 TeV Nbins=240 100 eV  - 100 TeV
              StepLim=Minimal Rfact=0.2 Gfact=2.5 Sfact=0.6 DispFlag:1 Skin=1 Llimit=1

muIoni:  for mu+  SubType=2
      dE/dx and range tables from 10 eV  to 100 TeV in 260 bins
      Lambda tables from threshold to 100 TeV, 20 bins/decade, spline: 1
      StepFunction=(0.2, 0.05 mm), integ: 1, fluct: 1, linLossLim= 0.01
      ===== EM models for the G4Region  DefaultRegionForTheWorld ======
               Bragg : Emin=    0 eV  Emax=  200 keV  deltaVI
          BetheBloch : Emin=  200 keV Emax=    1 GeV  deltaVI
        MuBetheBloch : Emin=    1 GeV Emax=  100 TeV

muBrems:  for mu+  SubType=3
      dE/dx and range tables from 10 eV  to 100 TeV in 260 bins
      Lambda tables from threshold to 100 TeV, 20 bins/decade, spline: 1
      ===== EM models for the G4Region  DefaultRegionForTheWorld ======
              MuBrem : Emin=    0 eV  Emax=  100 TeV  ModifiedMephi
      ===== Limit on energy threshold has been applied 

muPairProd:  for mu+  SubType=4
      dE/dx and range tables from 10 eV  to 100 TeV in 260 bins
      Lambda tables from threshold to 100 TeV, 20 bins/decade, spline: 1
      Sampling table 21x1001; from 1 GeV to 100 TeV 
      ===== EM models for the G4Region  DefaultRegionForTheWorld ======
          muPairProd : Emin=    0 eV  Emax=  100 TeV  ModifiedMephi

msc:  for mu-  SubType= 10
      ===== EM models for the G4Region  DefaultRegionForTheWorld ======
            UrbanMsc : Emin=    0 eV  Emax=  100 TeV Nbins=240 100 eV  - 100 TeV
              StepLim=Minimal Rfact=0.2 Gfact=2.5 Sfact=0.6 DispFlag:1 Skin=1 Llimit=1

muIoni:  for mu-  SubType=2
      dE/dx and range tables from 10 eV  to 100 TeV in 260 bins
      Lambda tables from threshold to 100 TeV, 20 bins/decade, spline: 1
      StepFunction=(0.2, 0.05 mm), integ: 1, fluct: 1, linLossLim= 0.01
      ===== EM models for the G4Region  DefaultRegionForTheWorld ======
            ICRU73QO : Emin=    0 eV  Emax=  200 keV  deltaVI
          BetheBloch : Emin=  200 keV Emax=    1 GeV  deltaVI
        MuBetheBloch : Emin=    1 GeV Emax=  100 TeV

muBrems:  for mu-  SubType=3
      dE/dx and range tables from 10 eV  to 100 TeV in 260 bins
      Lambda tables from threshold to 100 TeV, 20 bins/decade, spline: 1
      ===== EM models for the G4Region  DefaultRegionForTheWorld ======
              MuBrem : Emin=    0 eV  Emax=  100 TeV  ModifiedMephi
      ===== Limit on energy threshold has been applied 

muPairProd:  for mu-  SubType=4
      dE/dx and range tables from 10 eV  to 100 TeV in 260 bins
      Lambda tables from threshold to 100 TeV, 20 bins/decade, spline: 1
      Sampling table 21x1001; from 1 GeV to 100 TeV 
      ===== EM models for the G4Region  DefaultRegionForTheWorld ======
          muPairProd : Emin=    0 eV  Emax=  100 TeV  ModifiedMephi

msc:  for pi+  SubType= 10
      ===== EM models for the G4Region  DefaultRegionForTheWorld ======
            UrbanMsc : Emin=    0 eV  Emax=  100 TeV Nbins=240 100 eV  - 100 TeV
              StepLim=Minimal Rfact=0.2 Gfact=2.5 Sfact=0.6 DispFlag:1 Skin=1 Llimit=1

hIoni:  for pi+  SubType=2
      dE/dx and range tables from 10 eV  to 100 TeV in 260 bins
      Lambda tables from threshold to 100 TeV, 20 bins/decade, spline: 1
      StepFunction=(0.2, 0.05 mm), integ: 1, fluct: 1, linLossLim= 0.01
      ===== EM models for the G4Region  DefaultRegionForTheWorld ======
               Bragg : Emin=    0 eV  Emax=297.505 keV  deltaVI
          BetheBloch : Emin=297.505 keV Emax=  100 TeV  deltaVI

hBrems:  for pi+  SubType=3
      dE/dx and range tables from 10 eV  to 100 TeV in 260 bins
      Lambda tables from threshold to 100 TeV, 20 bins/decade, spline: 1
      ===== EM models for the G4Region  DefaultRegionForTheWorld ======
               hBrem : Emin=    0 eV  Emax=  100 TeV  ModifiedMephi
      ===== Limit on energy threshold has been applied 

hPairProd:  for pi+  SubType=4
      dE/dx and range tables from 10 eV  to 100 TeV in 260 bins
      Lambda tables from threshold to 100 TeV, 20 bins/decade, spline: 1
      Sampling table 20x1001; from 1.11656 GeV to 100 TeV 
      ===== EM models for the G4Region  DefaultRegionForTheWorld ======
           hPairProd : Emin=    0 eV  Emax=  100 TeV  ModifiedMephi

msc:  for pi-  SubType= 10
      ===== EM models for the G4Region  DefaultRegionForTheWorld ======
            UrbanMsc : Emin=    0 eV  Emax=  100 TeV Nbins=240 100 eV  - 100 TeV
              StepLim=Minimal Rfact=0.2 Gfact=2.5 Sfact=0.6 DispFlag:1 Skin=1 Llimit=1

hIoni:  for pi-  SubType=2
      dE/dx and range tables from 10 eV  to 100 TeV in 260 bins
      Lambda tables from threshold to 100 TeV, 20 bins/decade, spline: 1
      StepFunction=(0.2, 0.05 mm), integ: 1, fluct: 1, linLossLim= 0.01
      ===== EM models for the G4Region  DefaultRegionForTheWorld ======
            ICRU73QO : Emin=    0 eV  Emax=297.505 keV  deltaVI
          BetheBloch : Emin=297.505 keV Emax=  100 TeV  deltaVI

hBrems:  for pi-  SubType=3
      dE/dx and range tables from 10 eV  to 100 TeV in 260 bins
      Lambda tables from threshold to 100 TeV, 20 bins/decade, spline: 1
      ===== EM models for the G4Region  DefaultRegionForTheWorld ======
               hBrem : Emin=    0 eV  Emax=  100 TeV  ModifiedMephi
      ===== Limit on energy threshold has been applied 

hPairProd:  for pi-  SubType=4
      dE/dx and range tables from 10 eV  to 100 TeV in 260 bins
      Lambda tables from threshold to 100 TeV, 20 bins/decade, spline: 1
      Sampling table 20x1001; from 1.11656 GeV to 100 TeV 
      ===== EM models for the G4Region  DefaultRegionForTheWorld ======
           hPairProd : Emin=    0 eV  Emax=  100 TeV  ModifiedMephi
G4VisManager: Using G4TrajectoryDrawByCharge as fallback trajectory model.
See commands in /vis/modeling/trajectories/ for other options.

### ===  Deexcitation model UAtomDeexcitation is activated for 25 regions:
          DefaultRegionForTheWorld  1  1  1
          cylindricalPET  1  1  1
          module  1  1  1
          unit  1  1  1
          block  1  1  1
          optical  1  1  1
          crystal  1  1  1
          capillaire1  1  1  1
          capillaire1_water  1  1  1
          capillaire2  1  1  1
          capillaire2_water  1  1  1
          capillaire3  1  1  1
          capillaire3_water  1  1  1
          capillaire4  1  1  1
          capillaire4_water  1  1  1
          capillaire5  1  1  1
          capillaire5_water  1  1  1
          capillaire_m1  1  1  1
          capillaire_m1_water  1  1  1
          capillaire_m2  1  1  1
          capillaire_m2_water  1  1  1
          capillaire_m3  1  1  1
          capillaire_m3_water  1  1  1
          capillaire_m4  1  1  1
          capillaire_m4_water  1  1  1
### ===  Ignore cuts flag:   0
(319.995,102.11,-0.127436)
(243.383,148.494,38.0656)
(320.722,105.436,-2.66557)
(264.142,129.633,-108.758)
(-248.012,-197.487,-53.4648)
(-279.401,-281.206,-79.1236)
(-250.93,-197.601,-48.0571)
(-210.131,-277.329,-67.992)
(3.45667,-317.323,108.356)
(-43.0129,-373.148,263.001)
(4.40331,-318.134,109.223)
(115.082,-381.497,45.2043)
(6.31376,-316.78,109.498)
(-109.369,-338.594,111.655)
(-198.767,246.717,-84.8974)
(-166.118,383.845,61.2468)
(127.792,-290.379,-120.456)
(109.749,-254.818,-93.2976)
(136.569,-303.359,-116.529)
(150.92,-352.198,-105.654)
(137.841,-302.563,-116.429)
(218.628,-305.908,-168.887)
(-233.653,214.713,87.2306)
(-296.182,191.921,82.0512)
(-69.1844,-312.998,0.342966)
(-33.3442,-246.322,41.2311)
(263.803,182.172,-2.04446)
(274.836,159.516,-90.2085)
(319.433,-93.5338,-31.6098)
(360.456,-94.792,13.175)
(-295.299,120.375,42.136)
(-332.777,131.519,-5.72059)
(-296.191,117.926,43.5497)
(-348.898,229.538,160.251)
(-296.051,113.655,44.4961)
(-343.682,212.013,-91.0741)
(312.27,59.9589,119.477)
(260.614,41.3229,202.347)
(330.516,63.7908,110.569)
(316.594,71.8071,76.9441)
(-312.562,-22.7694,-45.5125)
(-363.424,48.8666,-113.449)
(-211.697,-231.581,9.78679)
(-328.376,-331.693,-38.2972)
(101.261,318.491,-12.4122)
(98.4245,313.998,54.3647)
(98.844,321.569,-16.7491)
(28.1104,400.936,-49.0558)
(242.889,-202.802,-14.1789)
(199.166,-318.637,-116.387)
(-311.51,115.914,10.1763)
(-362.074,146.609,-2.44871)
(-301.863,-82.3085,-91.2637)
(-245.324,-122.098,-142.788)
(-312.866,-79.0938,-88.9609)
(-334.86,-122.04,-134.776)
(-312.361,-80.0101,-87.6995)
(-329.094,-90.357,9.37886)
(328.556,-2.63419,-7.61228)
(322.44,31.9484,-19.9809)
(330.281,-2.42349,-16.9508)
(284.747,44.4044,37.8739)
(-319.811,3.98915,6.38366)
(-316.467,64.8452,86.3693)
(-326.343,7.68661,3.54408)
(-408.485,-65.0029,-72.9738)
(308.255,-101.877,85.4762)
(281.591,-124.103,56.9071)
(315.311,-17.1003,-112.25)
(404.89,-65.2328,-98.7258)
(-312.55,6.4206,43.5149)
(-338.646,57.1852,87.3046)
(-130.848,309.562,-3.65463)
(-153.977,194.374,-21.2926)
(-271.504,156.521,-80.787)
(-266.786,190.499,-94.8583)
(-273.497,158.34,-85.0832)
(-235.753,212.925,-29.5731)
(-24.5848,-328.744,-122.579)
(77.5212,-414.045,-117.966)
(-22.2589,-331.43,-120.115)
(19.7905,-316.629,-136.444)
(-21.2553,-330.375,-118.287)
(-0.723538,-379.581,-103.672)
(-320.93,-24.5222,-52.3924)
(-322.591,-84.928,-38.0384)
(-332.613,-25.1394,-57.6006)
(-293.998,18.5178,-40.7658)
(-332.388,-24.4822,-58.9471)
(-270.172,-21.0957,-70.6978)
(313.455,-20.046,-73.1366)
(375.736,-101.3,-129.509)
(-321.749,21.6258,81.5468)
(-369.097,121.224,18.3904)
(-180.186,-268.296,-101.316)
(-157.83,-227.882,-147.39)
(-66.5058,-314.166,116.034)
(-96.7643,-270.854,171.693)
(-255.428,186.218,-92.2582)
(-257.154,237.512,-121.627)
(282.073,-141.755,69.0644)
(251.705,-216.581,-8.25994)
(282.609,-147.933,72.4666)
(228.774,-186.999,41.69)
(-27.1999,330.813,-62.1274)
(22.2008,344.416,-41.3458)
(-128.362,-302.716,57.7044)
(-218.751,-215.957,46.7483)
(141.613,291.128,-59.6296)
(271.133,304.423,-30.9395)
(137.938,-294.302,62.4171)
(141.395,-176.32,88.1749)
(145.744,-299.33,68.356)
(75.3167,-297.911,47.0381)
(-291.124,-158.382,-32.7893)
(-187.013,-241.865,13.7437)
(-151.425,288.543,-71.7919)
(-200.935,360.989,-119.498)
(-148.441,293.327,-79.4169)
(-301.432,353.755,-23.1114)
(172.004,-288.742,68.093)
(155.649,-177.535,-18.922)
(247.336,211.474,-70.387)
(177.134,166.438,-210.987)
(250.351,208.315,-71.4728)
(382.227,92.0119,-99.4892)
(-314.338,59.4119,43.4158)
(-298.822,9.05993,-4.99265)
(300.325,-96.0531,-71.3529)
(244.029,-72.4534,-126.864)
(313.52,-100.635,-79.3286)
(287.328,60.4389,-40.6414)
(-286.251,138.514,-67.9239)
(-218.465,194.375,-70.5585)
(308.794,81.0043,-20.6236)
(228.166,185.323,-34.8028)
(-277.359,-157.76,39.8535)
(-349.788,-117.96,63.8198)
(-212.497,-230.281,102.063)
(-170.279,-142.024,10.1632)
(-213.227,-232.364,103.959)
(-217.529,-283.476,67.4128)
(249.56,-188.869,-104.575)
(237.064,-217.284,-5.69014)
(255.889,-190.758,-105.94)
(281.137,-270.273,-68.0889)
(263.139,-192.511,-102.829)
(280.981,-160.649,-143.803)
(-304.223,-83.4505,37.4627)
(-279.861,-77.58,50.1911)
(-305.65,-80.5463,37.99)
(-244.308,1.83294,-6.17083)
(-312.182,-75.8364,40.9231)
(-349.835,-43.5433,74.1881)
(315.327,119.285,-53.4275)
(341.673,-4.87148,-107.188)
(316.887,102.759,-46.4677)
(242.761,118.42,-46.3436)
(134.561,295.795,87.3729)
(215.369,419.876,57.6494)
(142.956,297.913,73.8856)
(136.593,296.048,73.8602)
(144.38,297.166,73.8982)
(104.839,314.638,75.369)
(-279.053,-150.014,-45.5695)
(-187.541,-159.136,-119.893)
(230.979,-213.458,98.1802)
(254.174,-247.18,127.227)
(233.404,-218.071,99.3326)
(184.248,-261.717,149.739)
(247.514,-225.712,103.083)
(276.818,-142.943,169.086)
(248.701,-225.537,104.16)
(231.038,-299.335,241.116)
(142.235,301.992,98.1355)
(160.565,164.965,28.0917)
(-261.776,-182.666,-57.2184)
(-253.781,-251.001,-103.109)
(-259.428,-183.863,-47.3826)
(-209.655,-113.011,7.4322)
(290.752,134.246,-21.645)
(376.629,89.8846,-20.4359)
(-156.014,292.233,120.981)
(-236.258,310.5,50.6691)
(-52.8081,-310.187,97.3819)
(-48.5459,-359.903,39.4131)
(-287.53,-121.598,4.57972)
(-346.728,-74.631,42.7017)
(307.699,60.7246,-4.4906)
(371.968,116.982,47.3887)
(267.835,188.366,100.645)
(204.935,127.379,126.457)
(273.245,187.176,104.801)
(307.199,212.796,185.209)
(68.3969,-316.247,-29.9714)
(120.838,-357.481,-110.336)
(75.697,-324.693,-27.1963)
(109.45,-467.103,-107.95)
(-287.892,126.862,79.3787)
(-247.801,218.203,52.366)
(-142.515,281.038,-94.2158)
(-180.743,241.893,-21.3514)
(-137.112,-281.02,92.8854)
(-32.6412,-200.971,118.387)
(-310.207,-114.035,-17.0284)
(-247.347,-126.129,-16.9371)
(-308.515,-117.899,-19.857)
(-363.949,-180.958,3.31141)
(-283.563,133.465,-43.4183)
(-271.666,116.631,31.0153)
(268.156,-182.565,60.5205)
(219.014,-239.011,1.08049)
(154.153,-298.98,55.4505)
(161.241,-330.004,49.9547)
(-240.558,204.599,-40.019)
(-252.111,120.502,-30.8784)
(-242.472,201.38,-42.1952)
(-191.159,180.424,-111.158)
(305.879,96.7281,102.289)
(330.025,102.186,120.448)
(308.667,100.679,104.553)
(238.229,31.9875,178.681)
(-284.216,160.452,28.2026)
(-268.267,223.369,38.603)
(133.982,-303.912,-47.6592)
(138.379,-330.851,-60.3047)
(235.709,204.591,-7.17185)
(314.739,158.647,-34.5746)
(-115.998,300.61,116.265)
(-83.9762,303.516,104.119)
(-149.401,278.137,84.5756)
(-121.03,237.424,0.532511)
(-146.617,279.586,86.1891)
(-42.7156,296.212,115.572)
(219.069,-234.471,-69.6017)
(232.338,-197.47,-48.8875)
(315.515,66.2963,-12.4623)
(195.251,-34.1545,-39.0974)
(294.452,-123.551,-52.4432)
(259.959,-74.0596,-97.4298)
(-153.13,-274.851,-35.4053)
(-223.905,-291.114,-33.9379)
(-156.585,-287.381,-52.6156)
(-158.534,-295.678,40.7374)
(196.389,260.435,-83.9057)
(166.93,265.3,-9.1022)
(8.71171,-316.68,107.292)
(14.2818,-327.786,110.926)
(1.22318,-324.071,104.891)
(-16.9041,-283.521,-31.1593)
(-304.635,-78.2502,-87.6573)
(-384.945,-105.663,-118.654)
(302.611,78.0797,33.1925)
(253.657,115.143,42.4799)
(-299.638,-133.332,-50.9746)
(-292.268,-238.133,-10.819)
(4.89575,314.803,-89.6427)
(41.2209,437.317,-8.07094)
(3.83808,332.319,-99.9864)
(-23.2838,247.6,-10.6311)
(-154.212,-275.966,80.3585)
(-116.115,-272.513,31.6186)
(-161.358,-273.647,84.3363)
(-142.306,-220.391,166.086)
(19.5558,-321.411,30.3842)
(68.322,-366.855,36.8222)
(22.1385,-320.643,28.9185)
(-9.88387,-382.73,113.954)
(-321.81,62.3075,-105.501)
(-393.228,60.4808,-169.042)
(-305.548,-82.3407,34.8746)
(-291.998,-18.6022,34.7847)
(-55.7384,309.748,-89.1483)
(-78.2952,287.851,-106.337)
(-71.1185,321.161,11.4265)
(-43.9789,393.66,120.513)
(-64.3232,310.603,23.5528)
(-56.3736,306.603,13.5192)
(-88.0769,-300.59,-7.15601)
(-99.9313,-305.574,80.133)
(-320.995,-5.97105,-122.515)
(-402.078,1.53795,33.9329)
(-329.38,4.93808,-115.24)
(-310.228,-34.5178,-97.0062)
(-310.507,-73.6415,19.0503)
(-196.603,50.1185,125.801)
(-309.826,-73.5178,18.4113)
(-281.368,-47.6718,-31.9471)
(275.246,178.651,-49.107)
(322.664,210.745,-13.4259)
(23.0627,324.518,-14.6195)
(97.6472,351.814,-30.1659)
(-213.199,-251.717,11.6165)
(-129.603,-226.701,-17.0086)
(-218.459,-256.242,5.39541)
(-196.555,-229.565,-95.4995)
(-184.122,258.595,-12.6241)
(-212.787,216.038,22.3469)
(-181.135,262.086,-9.29243)
(-278.744,209.676,-68.5862)
(-88.344,-303.614,17.6447)
(-125.971,-371.102,13.0701)
(270.548,-186.056,88.6186)
(244.804,-164.998,102.267)
(-270.391,-160.734,36.4324)
(-185.475,-51.0514,-23.9481)
(284.944,-134.449,95.5249)
(280.435,-261.942,66.7051)
(-243.896,-200.78,-14.3447)
(-115.374,-178.2,13.5091)
(307.124,73.7737,40.6616)
(272.29,101.707,-0.764679)
(305.523,75.2275,41.6489)
(435.205,153.745,37.9097)
(-266.297,-178.959,-96.9371)
(-256.61,-148.171,-91.5579)
(88.8587,307.026,-35.0595)
(83.3935,247.783,33.0397)
(182.71,-254.433,26.9823)
(262.903,-212.748,44.9342)
(190.42,-261.189,34.0742)
(291.553,-266.562,42.283)
(49.3014,-322.687,6.94964)
(47.4936,-360.302,11.5443)
(31.3177,-326.503,3.53516)
(-34.5575,-321.879,71.449)
(42.5789,-329.417,8.5711)
(-107.097,-324.983,11.3321)
(-182.523,258.087,-3.72067)
(-162.003,191.957,12.163)
(-190.029,259.48,2.33767)
(-197.652,289.174,-12.5575)
(-196.339,259.673,4.71192)
(-288.002,294.616,-78.5236)
(-43.9479,313.355,23.3712)
(-4.94663,299.182,135.621)
(282.315,135.412,-27.3179)
(227.935,71.017,-11.7448)
(-187.688,-252.1,123.443)
(-278.683,-177.33,84.7971)
(-287.092,162.651,96.0954)
(-381.835,225.537,74.4944)
(52.242,309.669,-29.0237)
(-37.988,240.805,-62.0691)
(-261.446,178.951,-49.995)
(-217.592,138.601,-74.4131)
(-270.853,183.694,-56.7075)
(-236.798,241.052,-99.1784)
(-273.978,177.708,-63.9727)
(-197.528,243.404,-52.6075)
(-278.498,168.12,-63.9889)
(-262.351,205.352,-70.6124)
(-8.39265,-320.57,-74.3358)
(6.731,-308.827,-74.7253)
(-145.917,294.465,71.6996)
(-178.196,217.865,32.7709)
(-314.031,-0.815385,16.8378)
(-291.721,77.6153,-13.6683)
(-318.05,5.1164,14.4181)
(-317.757,11.5053,-2.30257)
(-131.091,302.224,13.1092)
(-159.539,346.178,-58.1392)
(281.057,-157.215,-7.50435)
(276.102,-175.757,35.3609)
(-285.972,-144.664,8.43999)
(-336.914,-194.893,-57.3352)
(298.4,98.6883,65.1331)
(397.128,50.931,135.535)
(244.317,197.191,-56.8065)
(262.489,188.461,-93.6376)
(-155.901,-283.52,78.1402)
(-152.647,-295.07,63.7898)
(290.877,-139.731,27.9112)
(285.653,-270.049,-77.2012)
(297.32,-137.969,37.228)
(379.383,-151.513,-21.0706)
(-317.199,72.239,-11.9642)
(-361.685,176.656,-79.0135)
(-290.605,-119.083,-8.49476)
(-304.273,-182.368,59.2699)
(-243.153,218.083,-50.1551)
(-213.169,269.476,-6.00634)
(-307.613,-65.8697,9.01049)
(-239.276,-94.6964,-74.9706)
(125.304,286.232,84.7506)
(57.7314,259.821,16.1348)
(-285.067,-157.033,-45.7436)
(-337.052,-130.648,-58.2143)
(185.552,-260.891,71.4092)
(126.317,-273.047,88.8797)
(-259.132,177.251,-50.7548)
(-171.306,213.28,-70.4219)
(-263.251,177.571,-51.0562)
(-314.405,170.394,-3.00423)
(203.92,-237.137,-43.5365)
(201.671,-200.519,-18.0634)
(124.02,286.946,-46.945)
(149.959,357.896,81.8349)
(123.498,288.3,-48.9268)
(76.6928,320.975,-29.1951)
(155.739,-280.121,48.1498)
(55.0007,-224.153,113.394)
(7.88164,313.122,-50.7194)
(14.3433,346.519,27.1918)
(-124.861,-288.263,-53.0847)
(-152.45,-212.932,-42.2439)
(-191.887,253.198,-48.5536)
(-158.979,222.023,-15.245)
(-189.468,261.601,-54.3976)
(-178.982,293.864,-87.8592)
(-245.578,-210.395,-102.257)
(-197.588,-210.383,-109.245)
(270.964,157.605,73.1417)
(187.302,126.35,101.666)
(62.4696,-307.691,-28.4045)
(-1.50348,-325.502,92.2666)
(316.634,-17.8594,-86.4814)
(232.245,9.32329,-176.632)
(301.841,119.939,-51.5298)
(290.585,137.006,-31.9602)
(-299.928,-93.0439,71.8883)
(-382.929,-178.584,10.4651)
(-311.797,-86.4886,85.004)
(-272.529,-111.982,-27.297)
(286.561,155.325,-122.307)
(255.091,90.7132,-110.006)
(-143.25,-302.524,-117.423)
(-148.999,-405.806,-148.459)
(280.231,149.754,57.1568)
(241.712,214.586,18.7653)
(299.301,-94.9602,-30.2144)
(247.609,-107.7,-51.1016)
(305.945,-92.4367,-51.1729)
(313.2,-190.428,-1.04375)
(-279.131,154.968,53.2595)
(-288.147,167.415,72.716)
(-279.721,154.84,56.4065)
(-254.002,216.545,19.8723)
(-282.315,156.622,59.4258)
(-255.842,78.5425,90.1705)
(-238.82,202.133,-106.473)
(-149.068,251.9,-70.8771)
(-239.763,200.221,-107.52)
(-266.427,182.937,-51.0925)
(-305.785,84.8614,-70.1445)
(-338.911,-13.2753,-84.4602)
(-307.061,90.8888,-68.9921)
(-258.477,-45.1167,-71.5583)
(223.89,-229.143,110.668)
(214.563,-179.623,181.487)
(320.088,-81.4189,73.5642)
(403.875,-120.4,64.6374)
(-295.216,118.895,-46.242)
(-324.118,107.607,-52.9455)
(239.112,-205.107,-108.009)
(182.978,-225.971,-62.0187)
(255.669,-201.072,-110.522)
(232.209,-184.248,-46.1607)
(56.2945,-331.534,-66.5751)
(7.43171,-342.094,-152.946)
(-32.0835,-320.013,-79.0518)
(-28.5001,-319.536,-93.4718)
(51.2459,309.973,78.4394)
(-79.5975,290.796,100.36)
(49.9985,310.561,79.3968)
(186.971,322.596,130.465)
(-163.259,-288.151,124.652)
(-124.351,-352.906,143.439)
(312.167,-21.4703,101.179)
(303.547,45.1555,121.098)
(-316.954,22.9714,-106.492)
(-378.222,24.5658,-61.6623)
(216.444,-230.525,79.9994)
(188.645,-201.593,102.531)
(-146.657,-275.745,-60.2276)
(-117.146,-445.129,-102.884)
(246.438,201.104,47.0576)
(364.755,135.05,-27.1265)
(166.083,292.358,88.9338)
(188.781,241.408,103.427)
(162.394,293.443,93.1135)
(165.093,288.284,117.893)
(50.5576,-308.684,-91.4549)
(134.936,-317.113,-64.5359)
(-100.452,-303.83,-28.1795)
(-106.728,-331.782,-108.282)
(-101.079,-303.557,-32.0213)
(-164.093,-384.041,-22.2078)
(-174.926,262.417,23.351)
(-175.131,286.953,-31.7909)
(-161.437,-269.67,-31.8206)
(-144.233,-224.415,-16.5772)
(-160.82,-269.707,-32.5058)
(-86.6841,-180.482,14.5644)
(-117.049,293.526,30.6422)
(-128.828,366.24,68.2346)
(-92.3785,306.063,32.722)
(-106.488,292.093,65.3615)
(-266.725,193.437,-11.195)
(-245.701,55.4772,11.725)
(293.592,-149.461,5.51285)
(204.019,-53.0736,-42.8536)
(296.29,-150.92,9.00468)
(321.752,-125.713,67.5805)
(-319.293,-48.6227,103.008)
(-249.85,16.0337,76.3427)
(312.938,28.1615,-58.834)
(422.155,50.9551,-127.853)
(321.925,21.5789,-51.0045)
(367.436,100.71,-71.2485)
(275.665,156.604,-2.29565)
(308.475,171.664,-47.8451)
(279.807,162.776,-0.911147)
(181.316,248.856,-22.5074)
(-309.871,-63.5552,3.16824)
(-399.326,-149.144,-47.1216)
(-122.328,288.062,-36.6387)
(-146.502,287.6,-86.3606)
(-125.998,292.11,-39.5189)
(-166.798,289.14,-111.886)
(-156.478,-272.319,33.7261)
(-156.696,-289.203,23.2965)
(-157.541,-272.144,30.0936)
(-184.608,-238.365,24.8363)
(278.344,151.224,-97.4542)
(259.035,184.121,6.61534)
(201.799,247.756,-82.9294)
(168.064,200.364,8.22519)
(198.569,252.805,-87.5545)
(126.201,295.968,-18.7029)
(63.0549,-313.985,106.614)
(54.4103,-269.193,173.608)
(54.1663,-328.311,106.656)
(-39.051,-355.007,56.633)
(123.458,-297.082,87.4766)
(199.967,-328.325,30.264)
(96.9935,301.24,-88.5029)
(121.089,307.248,-152.209)
(-317.87,28.2084,101.594)
(-350.963,-7.25058,44.8845)
(316.028,-27.3385,-96.726)
(349.534,-55.7181,-167.103)
(280.196,-163.06,-119.375)
(308.789,-176.831,-67.0147)
(287.648,136.532,-99.863)
(239.494,44.5438,-126.676)
(-315.16,-26.1179,-6.08464)
(-360.802,-100.923,16.4002)
(327.297,44.1013,10.5864)
(378.201,-20.5705,37.8924)
(-315.6,31.6823,96.0877)
(-311.551,3.98426,110.57)
(316.342,-23.0263,-73.318)
(310.527,-22.46,-182.517)
(-64.4078,-305.313,104.557)
(-78.4235,-400.47,67.4812)
(261.427,180.118,-61.9369)
(263.943,109.037,-141.965)
(-244.127,200.267,-4.34192)
(-266.33,275.821,4.78494)
(74.4041,320.451,-124.409)
(21.1398,159.854,-116.875)
(143.531,-286.479,115.001)
(147.403,-298.757,76.2046)
(-265.62,181.678,52.1119)
(-229.521,193.577,18.5007)
(-266.398,180.595,52.1738)
(-219.221,138.423,39.4625)
(-279.662,138.196,77.6782)
(-245.404,108.818,-5.94486)
(-296.186,127.532,96.166)
(-206.482,154.085,30.0554)
(230.057,-219.356,98.5728)
(255.221,-243.565,187.61)
(313.41,-56.9897,-26.9614)
(421.277,-6.32591,-12.6056)
(296.903,133.533,79.3784)
(250.758,32.4239,67.5059)
(-310.744,-65.48,-37.1041)
(-344.422,-39.0979,-64.4992)
(43.9961,311.362,32.0042)
(3.38183,346.884,56.5589)
(44.067,309.926,32.4721)
(148.345,295.686,86.1767)
(-25.958,-317.569,-36.0452)
(-47.8664,-279.457,24.5026)
(-44.2374,-327.592,-36.2219)
(-105.919,-339.533,4.30208)
(-46.2007,-327.528,-40.2276)
(125.376,-268.412,-148.975)
(-283.995,171.959,42.3093)
(-311.902,162.237,3.71139)
(-316.793,6.42145,-29.2991)
(-384.016,-5.69934,-48.4907)
(318.744,-17.6964,80.1578)
(250.984,26.485,141.958)
(-295.78,138.806,-72.9894)
(-240.877,228.1,-67.6488)
(296.277,-129.361,65.6734)
(315.764,-68.8293,94.6297)
(-53.3626,315.115,61.9149)
(-71.1444,298.418,67.588)
(-206.79,-242.095,-49.4464)
(-219.335,-284.321,-90.0243)
(-203.435,-247.08,-42.5773)
(-210.62,-268.187,10.0903)
(319.879,13.8302,94.2911)
(449.801,21.0196,130.923)
(118.331,316.086,78.7872)
(62.3746,379.471,123.609)
(-311.038,-38.5739,60.7578)
(-329.943,-27.197,-23.1003)
(-313.645,-31.1224,72.302)
(-232.663,-56.1724,83.8047)
(-231.995,-213.853,97.1191)
(-263.858,-182.938,94.4864)
(-318.966,-31.407,-91.9156)
(-358.497,-125.183,-28.0286)
(-235.582,225.825,-88.1309)
(-152.18,340.223,-128.581)
(-5.27034,-320.466,119.757)
(-6.2431,-273.552,119.202)
(-5.7174,-320.5,119.929)
(31.0068,-367.942,136.415)
(-242.357,-196.676,68.4915)
(-190.34,-249.847,66.938)
(-165.223,-278.301,53.9166)
(-195.157,-222.027,-34.1835)
(174.242,260.689,-50.1731)
(221.449,167.088,-25.7835)
(269.88,-164.592,64.1304)
(141.601,-84.4183,74.9746)
(-296.369,153.017,-79.6593)
(-352.249,108.766,-152.498)
(-293.797,163.115,-86.2662)
(-213.222,216.978,-0.439429)
(96.6368,-315.032,-82.1979)
(118.855,-265.307,-28.5362)
(62.9569,315.644,83.1338)
(153.065,272.232,-6.47285)
(54.9088,323.13,93.1116)
(32.9087,246.73,124.633)
(317.766,-59.8419,93.6577)
(387.653,-62.0612,138.935)
(316.26,-61.617,93.9226)
(362.485,-69.718,191.384)
(-316.813,23.1539,-37.5614)
(-293.978,89.3638,8.86005)
(-284.506,-130.529,22.2925)
(-414.634,-158.524,49.2837)
(-285.186,-128.706,32.3523)
(-289.194,-99.5398,115.053)
(-284.544,-128.54,31.3221)
(-299.132,-122.157,33.0486)
(159.414,269.546,-43.3358)
(142.179,251.652,17.2793)
(63.908,-307.648,-35.9314)
(-31.9092,-363.78,-24.2363)
(61.0956,-312.071,-32.0665)
(55.3919,-380.805,32.3531)
(61.7903,-312.267,-31.4906)
(127.325,-265.325,-66.8873)
(328.167,-9.4713,30.7211)
(294.62,31.3219,-30.1659)
(-168.321,-275.404,-50.8473)
(-187.55,-338.884,-36.643)
(-145.955,-280.407,117.78)
(-100.094,-291.22,50.9101)
(-313.734,-22.2976,14.6981)
(-342.625,-46.0592,39.011)
(-318.795,-20.0779,15.3022)
(-370.813,-115.151,-13.7462)
(314.485,57.5609,-37.3651)
(351.85,103.632,-63.9282)
(-68.5305,305.348,-61.6052)
(-194.628,272.149,-107.219)
(-274.145,-159.573,-20.1808)
(-340.783,-112.551,-19.961)
(330.648,-47.1299,-62.2337)
(355.349,-30.8121,-77.4266)
(17.9382,-324.646,34.2488)
(0.0310089,-384.404,-26.6382)
(86.4616,-313.263,9.3198)
(29.0729,-231.256,24.766)
(-203.484,252.898,-15.5178)
(-286.9,270.473,-105.802)
(5.91865,-313.096,19.9933)
(45.0709,-230.901,55.0314)
(195.327,-245.188,42.9972)
(142.122,-79.7818,12.9657)
(195.576,-244.968,43.0555)
(83.8465,-254.838,84.2299)
(215.842,-229.945,-0.341628)
(212.728,-283.314,-4.96871)
(177.942,-258.039,80.8241)
(128.51,-288.293,-34.8803)
(-18.3517,319.169,-61.2192)
(-38.4087,360.8,32.7092)
(-206.781,237.636,-20.941)
(-192.054,95.0764,-24.724)
(314.415,-16.3589,-63.084)
(285.953,-106.683,-9.27757)
(330.15,-43.2923,-77.7807)
(285.395,-124.512,-72.9679)
(234.897,-205.816,-99.7345)
(169.402,-190.9,-28.5513)
(234.578,-208.697,-99.9668)
(224.643,-165.237,-206.538)
(-206.14,242.577,20.0664)
(-253.201,219.995,-31.817)
(275.916,-165.82,-14.5524)
(290.462,-173.946,-72.9223)
(267.342,-186.948,-4.57147)
(367.333,-286.561,-8.54721)
(-322.742,46.448,-59.0122)
(-317.901,131.708,-56.7046)
(320.133,-76.7946,101.911)
(181.404,-201.953,203.935)
(322.473,-76.8465,98.0222)
(307.518,-54.3933,55.4037)
(294.81,150.761,-27.2642)
(390.688,176.862,-46.7869)
(-153.836,-286.008,54.5071)
(-169.505,-244.428,40.277)
(-262.244,173.345,-4.28092)
(-415.869,207.22,-10.1113)
(65.5664,310.092,-85.3808)
(158.597,412.698,-124.357)
(-118.518,-312.153,-94.8044)
(-59.7851,-335.833,-3.12901)
(270.658,157.46,47.2306)
(322.655,170.515,63.5238)
(271.225,157.341,45.1018)
(218.438,169.658,77.0885)
(272.197,158.975,41.4843)
(243.043,125.72,7.94124)
(305.939,-82.655,-22.6674)
(268.896,-74.1421,-97.057)
(309.936,-89.8636,-17.0369)
(449.642,-139.51,-20.8137)
(-267.659,203.893,52.8763)
(-210.177,124.784,73.7076)
(256.33,180.487,123.961)
(250.392,203.202,69.1772)
(46.4979,327.496,-22.8629)
(47.1299,396.1,-32.0338)
(279.776,142.697,-33.929)
(346.815,104.069,53.9953)
(-273.082,-160.335,-61.072)
(-321.86,-148.108,-7.1875)
(277.75,151.909,54.1969)
(272.479,145.857,34.1607)
(278.503,162.967,61.2078)
(301.305,225.294,100.103)
(131.072,282.991,-119.33)
(143.914,233.656,-185.732)
(91.8508,302.24,17.429)
(31.3183,308.369,-97.1904)
(91.218,309.3,15.1754)
(23.0922,354.984,-18.3964)
(-217.729,-242.429,-14.3861)
(-183.59,-228.35,-38.5759)
(-40.2073,310.847,-83.2034)
(-5.02055,126.456,-121.746)
(-44.3697,311.491,-83.4413)
(46.8612,228.346,-125.081)
(310.254,128.5,123.192)
(318.291,179.579,102.661)
(112.384,-307.146,62.8182)
(155.534,-262.545,81.3867)
(-274.96,164.573,-31.2197)
(-279.376,158.548,-19.9828)
(-126.291,301.174,-3.41251)
(-124.072,338.342,-74.857)
(-93.0461,-300.823,-0.47431)
(-62.9215,-258.875,27.7829)
(278.768,141.235,100.339)
(262.586,222.848,90.0454)
(296.4,152.63,118.394)
(338.062,124.116,202.618)
(221.75,-231.775,102.665)
(228.889,-303.339,103.723)
(223.38,-238.886,108.706)
(250.028,-225.201,83.9759)
(223.031,-236.137,109.343)
(196.359,-287.23,34.1469)
(281.974,-163.066,-89.0843)
(231.894,-261.133,-91.4308)
(3.28049,325.964,53.4273)
(-152.714,273.858,64.8154)
(-3.31954,324.868,51.1548)
(-66.5445,369.005,116.248)
(-109.631,-301.562,-90.0021)
(-124.156,-229.744,-19.2802)
(188.823,257.833,70.7197)
(198.644,332.888,95.6148)
(-315.3,25.631,-9.12318)
(-174.686,-46.6015,78.5468)
(-319.664,47.02,-12.8104)
(-275.098,150.318,13.3328)
(-326.599,64.3956,-0.993541)
(-332.944,26.577,-2.3911)
(-311.16,-52.0862,-115.45)
(-406.07,-44.9761,-58.957)
(-133.253,-292.178,26.842)
(-242.735,-264.555,13.5732)
(269.714,-160.645,-64.5001)
(285.626,-179.444,-62.1559)
(270.694,-158.472,-62.9065)
(247.512,-158.813,-64.9933)
(-315.616,28.4084,-90.4047)
(-304.633,77.2348,-4.05213)
(-249.809,212.513,55.9267)
(-330.984,154.217,109.268)
(22.4989,-317.787,-85.023)
(-114.76,-259.432,4.48436)
(-252.161,-184.766,-79.4654)
(-218.34,-127.12,-74.1828)
(-329.521,-24.5091,-66.8756)
(-294.662,-41.5609,12.4071)
(323.26,22.5738,59.8869)
(316.64,142.601,-55.9657)
(-314.205,-117.155,-36.1172)
(-297.28,-168.725,-71.4033)
(-285.127,-141.397,-39.1816)
(-245.379,-71.7114,-56.1884)
(-293.548,-154.334,-32.8021)
(-370.007,-121.577,2.64507)
(265.453,187.901,51.9347)
(275.682,237.272,-1.88861)
(274.389,192.132,50.423)
(249.305,218.243,49.6982)
(305.709,-122.066,-14.6314)
(169.978,-149.443,104.961)
(-201.931,251.227,29.8581)
(-280.887,267.608,103.172)
(-212.64,-252.948,-108.25)
(-272.471,-175.881,-185.524)
(-132.327,-287.092,-4.04412)
(-144.885,-279.327,18.7864)
(-135.447,-288.82,-1.978)
(-142.277,-280.221,-79.6386)
(262.644,180.537,5.64306)
(244.489,233.692,89.3107)
(199.194,249.072,112.149)
(134.109,282.664,85.4191)
(27.7125,-326.216,-10.1174)
(60.8134,-183.374,-83.6769)
(-120.015,294.528,10.5301)
(-76.8813,264.218,41.972)
(-320.416,-55.6857,-122.336)
(-330.442,-70.899,-109.497)
(327.48,52.3579,113.986)
(277.884,28.0587,135.022)
(-129.243,299.466,72.8819)
(-168.846,303.676,75.4083)
(-28.6114,-315.703,-78.591)
(-21.9972,-417.362,-82.9843)
(-23.7152,-324.874,-84.3009)
(-66.4389,-312.416,-23.8917)
(-297.964,113.148,-100.869)
(-436.901,61.6123,-128.475)
(179.157,264.261,120.793)
(153.751,274.351,112.95)
(-267.883,-191.087,-88.5952)
(-372.858,-241.92,-85.4731)
(-272.896,-187.404,-84.5776)
(-246.925,-76.9067,50.3208)
(101.36,-311.575,71.1592)
(61.7763,-276.657,70.551)
(-176.631,260.729,-56.7544)
(-88.9888,295.061,33.1263)
(140.029,-293.405,-6.44733)
(142.972,-286.71,160.137)
(-49.975,327.232,10.3165)
(-88.3633,312.864,-112.448)
(-49.0584,330.492,9.84757)
(-59.9734,330.135,28.0983)
(275.86,148.401,51.3159)
(383.069,207.684,59.1392)
(287.286,158.679,57.2751)
(349.244,81.45,33.2018)
(-293.564,-111.098,-35.8842)
(-306.564,-63.6818,-11.7906)
(-297.994,-110.828,-40.9449)
(-326.768,-94.9301,-85.194)
(285.89,156.958,-79.994)
(301.944,211.254,-123.21)
(-27.9977,-319.225,59.3913)
(38.3445,-285.115,-19.0232)
(-71.2212,309.765,-61.1398)
(-136.879,457.231,34.0714)
(-68.695,316.131,-62.771)
(-116.197,314.273,-99.1848)
(-258.305,-184.569,-51.5017)
(-217.489,-165.617,-33.1937)
(317.291,-54.6845,-104.438)
(320.954,-73.9119,-216.017)
(231.13,-216.846,65.3743)
(270.146,-227.497,73.5061)
(-132.356,305.508,-95.9668)
(-85.4476,322.128,-154.926)
(-135.337,304.579,-92.6964)
(-211.923,215.157,-239.094)
(317.44,58.8812,-31.4574)
(236.242,159.907,-27.2728)
(313.441,64.892,-30.6589)
(252.518,106.041,26.6092)
(-297.853,-115.353,60.3509)
(-246.127,-204.203,176.505)
(-263.852,-191.986,-34.6052)
(-216.992,-144.716,-93.5193)
(-261.099,-192.444,-31.2199)
(-314.752,-215.72,-94.0103)
(209.484,242.064,-17.011)
(226.735,254.702,-7.1396)
(44.0538,-334.93,18.5481)
(77.0157,-349.474,15.4279)
(311.492,-65.5268,-56.8775)
(472.478,-74.3526,-40.5769)
(133.928,282.111,-1.23042)
(140.854,366.111,-141.702)
(-206.747,-241.065,1.83988)
(-249.145,-252.586,-58.6199)
(-208.794,-242.885,7.85041)
(-162.493,-207.192,-41.7663)
(-135.981,286.098,12.4663)
(-121.135,249.02,41.8291)
(-144.388,-291.796,-8.91076)
(-151.326,-280.753,20.8881)
(27.2738,-313.824,-89.6786)
(72.4291,-354.315,11.0522)
(174.538,260.389,-13.9518)
(150.094,340.428,-35.7209)
(-95.1137,-303.929,15.3169)
(-179.252,-359.89,-61.787)
(-95.2998,-312.449,18.932)
(-122.067,-393.177,-40.4817)
(-243.106,-203.956,-88.6257)
(-220.005,-186.903,-137.673)
(-244.344,-207.128,-89.9923)
(-251.322,-222.278,-96.8529)
(-254.858,-211.378,-84.1882)
(-291.22,-224.424,6.02538)
(315.791,-17.5201,-9.39697)
(321.489,5.63511,-21.3751)
(333.972,-23.6939,-19.0481)
(362.26,-15.4088,-79.0955)
(-315.706,45.3309,23.5215)
(-326.788,48.8369,25.4627)
(-315.944,42.4402,28.2088)
(-284.573,22.3185,44.8665)
(-317.878,41.4381,34.1491)
(-311.222,120.503,6.06983)
(101.296,-305.606,81.0656)
(44.6058,-305.059,99.4186)
(-311.934,-114.662,-78.8356)
(-406.739,-131.176,-67.3204)
(-148.537,-276.271,-3.49281)
(-183.158,-293.902,31.6952)
(323.613,-55.4145,117.182)
(221.435,-30.8535,211.218)
(319.713,-54.8098,121.229)
(378.745,-20.5384,58.1135)
(-182.781,280.523,20.1993)
(-229.502,289.051,10.2164)
(261.55,-194.528,-16.2141)
(257.084,-136.409,143.871)
(-86.5638,-315.461,27.3856)
(-11.4499,-446.756,-34.9847)
(-89.2903,-315.518,28.9194)
(-96.914,-360.293,149.657)
(-130.435,286.284,-28.5752)
(-17.1821,324.035,-27.7076)
(323.683,-23.7162,-40.6087)
(246.936,28.4173,-116.064)
(299.043,118.102,-87.7811)
(396.829,149.493,-107.49)
(-268.236,183.634,-16.0503)
(-227.353,172.611,-60.226)
(220.261,-227.906,15.7623)
(155.139,-264.376,-21.8189)
(98.7519,308.251,52.027)
(51.0512,333.532,97.9438)
(-55.6356,331.013,-95.3173)
(34.2699,335.3,-73.1494)
(-315.841,25.095,83.2206)
(-404.698,86.5428,95.6876)
(-321.635,27.3788,78.4693)
(-332.054,20.8956,192.197)
(-258.298,197.579,89.6397)
(-258.793,112.471,153.637)
(-302.074,125.698,87.0537)
(-332.528,164.64,-87.2864)
(-309.092,132.623,91.4743)
(-442.162,170.539,41.7611)
0 events have been kept for refreshing and/or reviewing.
  "/vis/reviewKeptEvents" to review them one by one.
  "/vis/enable", then "/vis/viewer/flush" or "/vis/viewer/rebuild" to see them accumulated.
[Core-0] End of macro ./split/.Gate/main120/main8.mac
Graphics systems deleted.
Visualization Manager deleting...
