[G4] 
[G4] **************************************************************
[G4]  Geant4 version Name: geant4-10-07-patch-02    (11-June-2021)
[G4]                        Copyright : Geant4 Collaboration
[G4]                       References : NIM A 506 (2003), 250-303
[G4]                                  : IEEE-TNS 53 (2006), 270-278
[G4]                                  : NIM A 835 (2016), 186-225
[G4]                              WWW : http://geant4.org/
[G4] **************************************************************
[G4] 
[Core-0] Initialization of geometry
[Core-0] Initialization of physics
[Core-0] Initialization of actors
[Core-0] 
[Core-0] *************************************************
[Core-0]  GATE version 9.1 (2021)
[Core-0]  Copyright : OpenGATE Collaboration
[Core-0]  Reference : Phys. Med. Biol. 49 (2004) 4543-4561
[Core-0]  Reference : Phys. Med. Biol. 56 (2011) 881-901
[Core-0]  Reference : Med. Phys. 41(6)    (2014)
[Core-0]  http://www.opengatecollaboration.org        
[Core-0] *************************************************
[Core-0] 
[Core-0] You are using Geant4 version 10.7.2
[Core-0] Starting macro ./split/.Gate/main123/main9.mac
0: RINDEX
1.84e-06   1.00028
4.08e-06   1.00028
9: GROUPVEL
1.84e-06   299.709
4.08e-06   299.709
16: ABSLENGTH
1.84e-06   50000
4.08e-06   50000
 <!> *** WARNING *** <!>  GateMaterialDatabase: Multiple definition of element: Yttrium.
The definition in ClMind_GateMaterials.db was used.


GATE object:        'systems/cylindricalPET'
Components:

GATE object:        'systems/cylindricalPET/base'
Attached to volume: cylindricalPET
Nb of children:       1

	GATE object:        'systems/cylindricalPET/rsector'
	Attached to volume: module
	Nb of children:       1

		GATE object:        'systems/cylindricalPET/module'
		Attached to volume: unit
		Nb of children:       1

			GATE object:        'systems/cylindricalPET/submodule'
			Attached to volume: block
			Nb of children:       1

				GATE object:        'systems/cylindricalPET/crystal'
				Attached to volume: optical
				Nb of children:       4

					GATE object:        'systems/cylindricalPET/layer0'
					Attached to volume: crystal
					Nb of children:       0

					GATE object:        'systems/cylindricalPET/layer1'
					Attached to volume: ---
					Nb of children:       0

					GATE object:        'systems/cylindricalPET/layer2'
					Attached to volume: ---
					Nb of children:       0

					GATE object:        'systems/cylindricalPET/layer3'
					Attached to volume: ---
					Nb of children:       0
geometrical design type: 1
ring diameter: -3.95 mm 
rsector axial pitch: 0 fm 
rsector azimuthal pitch: 12.8571 degree
rsector tangential size: 2.5 cm 
rsector axial size: 25.04 cm 
module axial size: 4.784 cm 
module tangential size: 2.5 cm 
module axial pitch: 0 fm 
module tangential pitch: 0 fm 
submodule axial size: 4.784 cm 
submodule tangential size: 2.5 cm 
submodule axial pitch: 0 fm 
submodule tangential pitch: 0 fm 
crystal radial size: 1.59 cm 
crystal axial size: 1.59 cm 
crystal tangential size: 2.5 cm 
crystal axial pitch: 0 fm 
crystal tangential pitch: 0 fm 
layer0 radial size: 3.95 mm 
in layer0 interaction length: 1.975 mm 
Axial nb of rsectors: 1
Azimuthal nb of rsectors: 28
Axial nb of modules: 1
Tangential nb of modules: 1
Axial nb of submodules: 1
Tangential nb of submodules: 1
Axial nb of crystals: 1
Tangential nb of crystals: 1
Radial nb of layers: 1
[Physic-0] The following Geant4's physic-list is enabled :emstandard_opt3


List of Enabled processes:




List of initialized processes:


[Core-0] Initialization of geometry
[Core-0] Initialization of physics
[Core-0] Initialization of actors
 <!> *** WARNING *** <!>  The 'energytype' option is DEPRECATED, use 'ene/type' instead!
 <!> *** WARNING *** <!>  The 'energytype' option is DEPRECATED, use 'ene/type' instead!
 <!> *** WARNING *** <!>  The 'energytype' option is DEPRECATED, use 'ene/type' instead!
 <!> *** WARNING *** <!>  The 'energytype' option is DEPRECATED, use 'ene/type' instead!
 <!> *** WARNING *** <!>  The 'energytype' option is DEPRECATED, use 'ene/type' instead!
 <!> *** WARNING *** <!>  The 'energytype' option is DEPRECATED, use 'ene/type' instead!
 <!> *** WARNING *** <!>  The 'energytype' option is DEPRECATED, use 'ene/type' instead!
 <!> *** WARNING *** <!>  The 'energytype' option is DEPRECATED, use 'ene/type' instead!
 <!> *** WARNING *** <!>  The 'energytype' option is DEPRECATED, use 'ene/type' instead!
[Acquisition-0]   
[Acquisition-0] ============= Source initialization =============
[Acquisition-0]   
[Acquisition-0] ============= Acquisition starts! =============
[Acquisition-0] Simulation start time = 0 sec
[Acquisition-0] Simulation end time   = 1 sec
[Acquisition-0] Simulation will have  = 1 run(s)
[Acquisition-0] Slice 0 from 0 to 1 s [slice=1 s]

### ===  Deexcitation model UAtomDeexcitation is activated for 25 regions:
          DefaultRegionForTheWorld  1  1  1
          cylindricalPET  1  1  1
          module  1  1  1
          unit  1  1  1
          block  1  1  1
          optical  1  1  1
          crystal  1  1  1
          capillaire1  1  1  1
          capillaire1_water  1  1  1
          capillaire2  1  1  1
          capillaire2_water  1  1  1
          capillaire3  1  1  1
          capillaire3_water  1  1  1
          capillaire4  1  1  1
          capillaire4_water  1  1  1
          capillaire5  1  1  1
          capillaire5_water  1  1  1
          capillaire_m1  1  1  1
          capillaire_m1_water  1  1  1
          capillaire_m2  1  1  1
          capillaire_m2_water  1  1  1
          capillaire_m3  1  1  1
          capillaire_m3_water  1  1  1
          capillaire_m4  1  1  1
          capillaire_m4_water  1  1  1
### ===  Ignore cuts flag:   0

phot:  for gamma applyCuts:1  SubType=12 BuildTable=0
      LambdaPrime table from 200 keV to 100 TeV in 174 bins 
      ===== EM models for the G4Region  DefaultRegionForTheWorld ======
 LivermorePhElectric : Emin=    0 eV  Emax=  100 TeV  SauterGavrila Fluo

compt:  for gamma applyCuts:1  SubType=13 BuildTable=1
      Lambda table from 10 eV  to 1 MeV, 20 bins/decade, spline: 1
      LambdaPrime table from 1 MeV to 100 TeV in 160 bins 
      ===== EM models for the G4Region  DefaultRegionForTheWorld ======
        KleinNishina : Emin=    0 eV  Emax=  100 TeV Fluo

conv:  for gamma applyCuts:1  SubType=14 BuildTable=1
      Lambda table from 1.022 MeV to 100 TeV, 20 bins/decade, spline: 1
      ===== EM models for the G4Region  DefaultRegionForTheWorld ======
     BetheHeitlerLPM : Emin=    0 eV  Emax=  100 TeV  ModifiedTsai

Rayl:  for gamma applyCuts:1  SubType=11 BuildTable=1
      Lambda table from 10 eV  to 100 keV, 20 bins/decade, spline: 0
      LambdaPrime table from 100 keV to 100 TeV in 180 bins 
      ===== EM models for the G4Region  DefaultRegionForTheWorld ======
   LivermoreRayleigh : Emin=    0 eV  Emax=  100 TeV  CullenGenerator

msc:  for e-  SubType= 10
      ===== EM models for the G4Region  DefaultRegionForTheWorld ======
            UrbanMsc : Emin=    0 eV  Emax=  100 TeV Nbins=240 100 eV  - 100 TeV
              StepLim=DistanceToBoundary Rfact=0.04 Gfact=2.5 Sfact=0.6 DispFlag:1 Skin=1 Llimit=1

eIoni:  for e-  SubType=2
      dE/dx and range tables from 10 eV  to 100 TeV in 260 bins
      Lambda tables from threshold to 100 TeV, 20 bins/decade, spline: 1
      StepFunction=(0.2, 0.1 mm), integ: 1, fluct: 1, linLossLim= 0.01
      ===== EM models for the G4Region  DefaultRegionForTheWorld ======
        MollerBhabha : Emin=    0 eV  Emax=  100 TeV  deltaVI

eBrem:  for e-  SubType=3
      dE/dx and range tables from 10 eV  to 100 TeV in 260 bins
      Lambda tables from threshold to 100 TeV, 20 bins/decade, spline: 1
      LPM flag: 1 for E > 1 GeV,  VertexHighEnergyTh(GeV)= 100000
      ===== EM models for the G4Region  DefaultRegionForTheWorld ======
             eBremSB : Emin=    0 eV  Emax=    1 GeV  AngularGen2BS
            eBremLPM : Emin=    1 GeV Emax=  100 TeV  AngularGen2BS

ePairProd:  for e-  SubType=4
      dE/dx and range tables from 10 eV  to 100 TeV in 260 bins
      Lambda tables from threshold to 100 TeV, 20 bins/decade, spline: 1
      Sampling table 25x1001; from 0.1 GeV to 100 TeV 
      ===== EM models for the G4Region  DefaultRegionForTheWorld ======
           ePairProd : Emin=    0 eV  Emax=  100 TeV  ModifiedMephi

msc:  for e+  SubType= 10
      ===== EM models for the G4Region  DefaultRegionForTheWorld ======
            UrbanMsc : Emin=    0 eV  Emax=  100 TeV Nbins=240 100 eV  - 100 TeV
              StepLim=DistanceToBoundary Rfact=0.04 Gfact=2.5 Sfact=0.6 DispFlag:1 Skin=1 Llimit=1

eIoni:  for e+  SubType=2
      dE/dx and range tables from 10 eV  to 100 TeV in 260 bins
      Lambda tables from threshold to 100 TeV, 20 bins/decade, spline: 1
      StepFunction=(0.2, 0.1 mm), integ: 1, fluct: 1, linLossLim= 0.01
      ===== EM models for the G4Region  DefaultRegionForTheWorld ======
        MollerBhabha : Emin=    0 eV  Emax=  100 TeV  deltaVI

eBrem:  for e+  SubType=3
      dE/dx and range tables from 10 eV  to 100 TeV in 260 bins
      Lambda tables from threshold to 100 TeV, 20 bins/decade, spline: 1
      LPM flag: 1 for E > 1 GeV,  VertexHighEnergyTh(GeV)= 100000
      ===== EM models for the G4Region  DefaultRegionForTheWorld ======
             eBremSB : Emin=    0 eV  Emax=    1 GeV  AngularGen2BS
            eBremLPM : Emin=    1 GeV Emax=  100 TeV  AngularGen2BS

ePairProd:  for e+  SubType=4
      dE/dx and range tables from 10 eV  to 100 TeV in 260 bins
      Lambda tables from threshold to 100 TeV, 20 bins/decade, spline: 1
      Sampling table 25x1001; from 0.1 GeV to 100 TeV 
      ===== EM models for the G4Region  DefaultRegionForTheWorld ======
           ePairProd : Emin=    0 eV  Emax=  100 TeV  ModifiedMephi

annihil:  for e+, integral:1  applyCuts:1  SubType=5 BuildTable=0
      ===== EM models for the G4Region  DefaultRegionForTheWorld ======
            eplus2gg : Emin=    0 eV  Emax=  100 TeV

msc:  for proton  SubType= 10
      ===== EM models for the G4Region  DefaultRegionForTheWorld ======
            UrbanMsc : Emin=    0 eV  Emax=  100 TeV Nbins=240 100 eV  - 100 TeV
              StepLim=Minimal Rfact=0.2 Gfact=2.5 Sfact=0.6 DispFlag:1 Skin=1 Llimit=1

hIoni:  for proton  SubType=2
      dE/dx and range tables from 10 eV  to 100 TeV in 260 bins
      Lambda tables from threshold to 100 TeV, 20 bins/decade, spline: 1
      StepFunction=(0.2, 0.05 mm), integ: 1, fluct: 1, linLossLim= 0.01
      ===== EM models for the G4Region  DefaultRegionForTheWorld ======
               Bragg : Emin=    0 eV  Emax=    2 MeV  deltaVI
          BetheBloch : Emin=    2 MeV Emax=  100 TeV  deltaVI

hBrems:  for proton  SubType=3
      dE/dx and range tables from 10 eV  to 100 TeV in 260 bins
      Lambda tables from threshold to 100 TeV, 20 bins/decade, spline: 1
      ===== EM models for the G4Region  DefaultRegionForTheWorld ======
               hBrem : Emin=    0 eV  Emax=  100 TeV  ModifiedMephi
      ===== Limit on energy threshold has been applied 

hPairProd:  for proton  SubType=4
      dE/dx and range tables from 10 eV  to 100 TeV in 260 bins
      Lambda tables from threshold to 100 TeV, 20 bins/decade, spline: 1
      Sampling table 17x1001; from 7.50618 GeV to 100 TeV 
      ===== EM models for the G4Region  DefaultRegionForTheWorld ======
           hPairProd : Emin=    0 eV  Emax=  100 TeV  ModifiedMephi

nuclearStopping:  for proton applyCuts:1  SubType=8 BuildTable=0
      ===== EM models for the G4Region  DefaultRegionForTheWorld ======
   ICRU49NucStopping : Emin=    0 eV  Emax=    1 MeV

msc:  for GenericIon  SubType= 10
      ===== EM models for the G4Region  DefaultRegionForTheWorld ======
            UrbanMsc : Emin=    0 eV  Emax=  100 TeV
              StepLim=Minimal Rfact=0.2 Gfact=2.5 Sfact=0.6 DispFlag:1 Skin=1 Llimit=1

ionIoni:  for GenericIon  SubType=2
      dE/dx and range tables from 10 eV  to 100 TeV in 260 bins
      Lambda tables from threshold to 100 TeV, 20 bins/decade, spline: 1
      StepFunction=(0.1, 0.02 mm), integ: 1, fluct: 1, linLossLim= 0.02
      ===== EM models for the G4Region  DefaultRegionForTheWorld ======
         ParamICRU73 : Emin=    0 eV  Emax=  100 TeV  deltaVI

nuclearStopping:  for GenericIon applyCuts:1  SubType=8 BuildTable=0
      ===== EM models for the G4Region  DefaultRegionForTheWorld ======
   ICRU49NucStopping : Emin=    0 eV  Emax=    1 MeV

msc:  for alpha  SubType= 10
      ===== EM models for the G4Region  DefaultRegionForTheWorld ======
            UrbanMsc : Emin=    0 eV  Emax=  100 TeV Nbins=240 100 eV  - 100 TeV
              StepLim=Minimal Rfact=0.2 Gfact=2.5 Sfact=0.6 DispFlag:1 Skin=1 Llimit=1

ionIoni:  for alpha  SubType=2
      dE/dx and range tables from 10 eV  to 100 TeV in 260 bins
      Lambda tables from threshold to 100 TeV, 20 bins/decade, spline: 1
      StepFunction=(0.1, 0.02 mm), integ: 1, fluct: 1, linLossLim= 0.02
      ===== EM models for the G4Region  DefaultRegionForTheWorld ======
            BraggIon : Emin=    0 eV  Emax=7.9452 MeV  deltaVI
          BetheBloch : Emin=7.9452 MeV Emax=  100 TeV  deltaVI

nuclearStopping:  for alpha applyCuts:1  SubType=8 BuildTable=0
      ===== EM models for the G4Region  DefaultRegionForTheWorld ======
   ICRU49NucStopping : Emin=    0 eV  Emax=    1 MeV

msc:  for anti_proton  SubType= 10
      ===== EM models for the G4Region  DefaultRegionForTheWorld ======
            UrbanMsc : Emin=    0 eV  Emax=  100 TeV Nbins=240 100 eV  - 100 TeV
              StepLim=Minimal Rfact=0.2 Gfact=2.5 Sfact=0.6 DispFlag:1 Skin=1 Llimit=1

hIoni:  for anti_proton  SubType=2
      dE/dx and range tables from 10 eV  to 100 TeV in 260 bins
      Lambda tables from threshold to 100 TeV, 20 bins/decade, spline: 1
      StepFunction=(0.2, 0.05 mm), integ: 1, fluct: 1, linLossLim= 0.01
      ===== EM models for the G4Region  DefaultRegionForTheWorld ======
            ICRU73QO : Emin=    0 eV  Emax=    2 MeV  deltaVI
          BetheBloch : Emin=    2 MeV Emax=  100 TeV  deltaVI

hBrems:  for anti_proton  SubType=3
      dE/dx and range tables from 10 eV  to 100 TeV in 260 bins
      Lambda tables from threshold to 100 TeV, 20 bins/decade, spline: 1
      ===== EM models for the G4Region  DefaultRegionForTheWorld ======
               hBrem : Emin=    0 eV  Emax=  100 TeV  ModifiedMephi
      ===== Limit on energy threshold has been applied 

hPairProd:  for anti_proton  SubType=4
      dE/dx and range tables from 10 eV  to 100 TeV in 260 bins
      Lambda tables from threshold to 100 TeV, 20 bins/decade, spline: 1
      Sampling table 17x1001; from 7.50618 GeV to 100 TeV 
      ===== EM models for the G4Region  DefaultRegionForTheWorld ======
           hPairProd : Emin=    0 eV  Emax=  100 TeV  ModifiedMephi

msc:  for kaon+  SubType= 10
      ===== EM models for the G4Region  DefaultRegionForTheWorld ======
            UrbanMsc : Emin=    0 eV  Emax=  100 TeV Nbins=240 100 eV  - 100 TeV
              StepLim=Minimal Rfact=0.2 Gfact=2.5 Sfact=0.6 DispFlag:1 Skin=1 Llimit=1

hIoni:  for kaon+  SubType=2
      dE/dx and range tables from 10 eV  to 100 TeV in 260 bins
      Lambda tables from threshold to 100 TeV, 20 bins/decade, spline: 1
      StepFunction=(0.2, 0.05 mm), integ: 1, fluct: 1, linLossLim= 0.01
      ===== EM models for the G4Region  DefaultRegionForTheWorld ======
               Bragg : Emin=    0 eV  Emax=1.05231 MeV  deltaVI
          BetheBloch : Emin=1.05231 MeV Emax=  100 TeV  deltaVI

hBrems:  for kaon+  SubType=3
      dE/dx and range tables from 10 eV  to 100 TeV in 260 bins
      Lambda tables from threshold to 100 TeV, 20 bins/decade, spline: 1
      ===== EM models for the G4Region  DefaultRegionForTheWorld ======
               hBrem : Emin=    0 eV  Emax=  100 TeV  ModifiedMephi
      ===== Limit on energy threshold has been applied 

hPairProd:  for kaon+  SubType=4
      dE/dx and range tables from 10 eV  to 100 TeV in 260 bins
      Lambda tables from threshold to 100 TeV, 20 bins/decade, spline: 1
      Sampling table 18x1001; from 3.94942 GeV to 100 TeV 
      ===== EM models for the G4Region  DefaultRegionForTheWorld ======
           hPairProd : Emin=    0 eV  Emax=  100 TeV  ModifiedMephi

msc:  for kaon-  SubType= 10
      ===== EM models for the G4Region  DefaultRegionForTheWorld ======
            UrbanMsc : Emin=    0 eV  Emax=  100 TeV Nbins=240 100 eV  - 100 TeV
              StepLim=Minimal Rfact=0.2 Gfact=2.5 Sfact=0.6 DispFlag:1 Skin=1 Llimit=1

hIoni:  for kaon-  SubType=2
      dE/dx and range tables from 10 eV  to 100 TeV in 260 bins
      Lambda tables from threshold to 100 TeV, 20 bins/decade, spline: 1
      StepFunction=(0.2, 0.05 mm), integ: 1, fluct: 1, linLossLim= 0.01
      ===== EM models for the G4Region  DefaultRegionForTheWorld ======
            ICRU73QO : Emin=    0 eV  Emax=1.05231 MeV  deltaVI
          BetheBloch : Emin=1.05231 MeV Emax=  100 TeV  deltaVI

hBrems:  for kaon-  SubType=3
      dE/dx and range tables from 10 eV  to 100 TeV in 260 bins
      Lambda tables from threshold to 100 TeV, 20 bins/decade, spline: 1
      ===== EM models for the G4Region  DefaultRegionForTheWorld ======
               hBrem : Emin=    0 eV  Emax=  100 TeV  ModifiedMephi
      ===== Limit on energy threshold has been applied 

hPairProd:  for kaon-  SubType=4
      dE/dx and range tables from 10 eV  to 100 TeV in 260 bins
      Lambda tables from threshold to 100 TeV, 20 bins/decade, spline: 1
      Sampling table 18x1001; from 3.94942 GeV to 100 TeV 
      ===== EM models for the G4Region  DefaultRegionForTheWorld ======
           hPairProd : Emin=    0 eV  Emax=  100 TeV  ModifiedMephi

msc:  for mu+  SubType= 10
      ===== EM models for the G4Region  DefaultRegionForTheWorld ======
            UrbanMsc : Emin=    0 eV  Emax=  100 TeV Nbins=240 100 eV  - 100 TeV
              StepLim=Minimal Rfact=0.2 Gfact=2.5 Sfact=0.6 DispFlag:1 Skin=1 Llimit=1

muIoni:  for mu+  SubType=2
      dE/dx and range tables from 10 eV  to 100 TeV in 260 bins
      Lambda tables from threshold to 100 TeV, 20 bins/decade, spline: 1
      StepFunction=(0.2, 0.05 mm), integ: 1, fluct: 1, linLossLim= 0.01
      ===== EM models for the G4Region  DefaultRegionForTheWorld ======
               Bragg : Emin=    0 eV  Emax=  200 keV  deltaVI
          BetheBloch : Emin=  200 keV Emax=    1 GeV  deltaVI
        MuBetheBloch : Emin=    1 GeV Emax=  100 TeV

muBrems:  for mu+  SubType=3
      dE/dx and range tables from 10 eV  to 100 TeV in 260 bins
      Lambda tables from threshold to 100 TeV, 20 bins/decade, spline: 1
      ===== EM models for the G4Region  DefaultRegionForTheWorld ======
              MuBrem : Emin=    0 eV  Emax=  100 TeV  ModifiedMephi
      ===== Limit on energy threshold has been applied 

muPairProd:  for mu+  SubType=4
      dE/dx and range tables from 10 eV  to 100 TeV in 260 bins
      Lambda tables from threshold to 100 TeV, 20 bins/decade, spline: 1
      Sampling table 21x1001; from 1 GeV to 100 TeV 
      ===== EM models for the G4Region  DefaultRegionForTheWorld ======
          muPairProd : Emin=    0 eV  Emax=  100 TeV  ModifiedMephi

msc:  for mu-  SubType= 10
      ===== EM models for the G4Region  DefaultRegionForTheWorld ======
            UrbanMsc : Emin=    0 eV  Emax=  100 TeV Nbins=240 100 eV  - 100 TeV
              StepLim=Minimal Rfact=0.2 Gfact=2.5 Sfact=0.6 DispFlag:1 Skin=1 Llimit=1

muIoni:  for mu-  SubType=2
      dE/dx and range tables from 10 eV  to 100 TeV in 260 bins
      Lambda tables from threshold to 100 TeV, 20 bins/decade, spline: 1
      StepFunction=(0.2, 0.05 mm), integ: 1, fluct: 1, linLossLim= 0.01
      ===== EM models for the G4Region  DefaultRegionForTheWorld ======
            ICRU73QO : Emin=    0 eV  Emax=  200 keV  deltaVI
          BetheBloch : Emin=  200 keV Emax=    1 GeV  deltaVI
        MuBetheBloch : Emin=    1 GeV Emax=  100 TeV

muBrems:  for mu-  SubType=3
      dE/dx and range tables from 10 eV  to 100 TeV in 260 bins
      Lambda tables from threshold to 100 TeV, 20 bins/decade, spline: 1
      ===== EM models for the G4Region  DefaultRegionForTheWorld ======
              MuBrem : Emin=    0 eV  Emax=  100 TeV  ModifiedMephi
      ===== Limit on energy threshold has been applied 

muPairProd:  for mu-  SubType=4
      dE/dx and range tables from 10 eV  to 100 TeV in 260 bins
      Lambda tables from threshold to 100 TeV, 20 bins/decade, spline: 1
      Sampling table 21x1001; from 1 GeV to 100 TeV 
      ===== EM models for the G4Region  DefaultRegionForTheWorld ======
          muPairProd : Emin=    0 eV  Emax=  100 TeV  ModifiedMephi

msc:  for pi+  SubType= 10
      ===== EM models for the G4Region  DefaultRegionForTheWorld ======
            UrbanMsc : Emin=    0 eV  Emax=  100 TeV Nbins=240 100 eV  - 100 TeV
              StepLim=Minimal Rfact=0.2 Gfact=2.5 Sfact=0.6 DispFlag:1 Skin=1 Llimit=1

hIoni:  for pi+  SubType=2
      dE/dx and range tables from 10 eV  to 100 TeV in 260 bins
      Lambda tables from threshold to 100 TeV, 20 bins/decade, spline: 1
      StepFunction=(0.2, 0.05 mm), integ: 1, fluct: 1, linLossLim= 0.01
      ===== EM models for the G4Region  DefaultRegionForTheWorld ======
               Bragg : Emin=    0 eV  Emax=297.505 keV  deltaVI
          BetheBloch : Emin=297.505 keV Emax=  100 TeV  deltaVI

hBrems:  for pi+  SubType=3
      dE/dx and range tables from 10 eV  to 100 TeV in 260 bins
      Lambda tables from threshold to 100 TeV, 20 bins/decade, spline: 1
      ===== EM models for the G4Region  DefaultRegionForTheWorld ======
               hBrem : Emin=    0 eV  Emax=  100 TeV  ModifiedMephi
      ===== Limit on energy threshold has been applied 

hPairProd:  for pi+  SubType=4
      dE/dx and range tables from 10 eV  to 100 TeV in 260 bins
      Lambda tables from threshold to 100 TeV, 20 bins/decade, spline: 1
      Sampling table 20x1001; from 1.11656 GeV to 100 TeV 
      ===== EM models for the G4Region  DefaultRegionForTheWorld ======
           hPairProd : Emin=    0 eV  Emax=  100 TeV  ModifiedMephi

msc:  for pi-  SubType= 10
      ===== EM models for the G4Region  DefaultRegionForTheWorld ======
            UrbanMsc : Emin=    0 eV  Emax=  100 TeV Nbins=240 100 eV  - 100 TeV
              StepLim=Minimal Rfact=0.2 Gfact=2.5 Sfact=0.6 DispFlag:1 Skin=1 Llimit=1

hIoni:  for pi-  SubType=2
      dE/dx and range tables from 10 eV  to 100 TeV in 260 bins
      Lambda tables from threshold to 100 TeV, 20 bins/decade, spline: 1
      StepFunction=(0.2, 0.05 mm), integ: 1, fluct: 1, linLossLim= 0.01
      ===== EM models for the G4Region  DefaultRegionForTheWorld ======
            ICRU73QO : Emin=    0 eV  Emax=297.505 keV  deltaVI
          BetheBloch : Emin=297.505 keV Emax=  100 TeV  deltaVI

hBrems:  for pi-  SubType=3
      dE/dx and range tables from 10 eV  to 100 TeV in 260 bins
      Lambda tables from threshold to 100 TeV, 20 bins/decade, spline: 1
      ===== EM models for the G4Region  DefaultRegionForTheWorld ======
               hBrem : Emin=    0 eV  Emax=  100 TeV  ModifiedMephi
      ===== Limit on energy threshold has been applied 

hPairProd:  for pi-  SubType=4
      dE/dx and range tables from 10 eV  to 100 TeV in 260 bins
      Lambda tables from threshold to 100 TeV, 20 bins/decade, spline: 1
      Sampling table 20x1001; from 1.11656 GeV to 100 TeV 
      ===== EM models for the G4Region  DefaultRegionForTheWorld ======
           hPairProd : Emin=    0 eV  Emax=  100 TeV  ModifiedMephi
G4VisManager: Using G4TrajectoryDrawByCharge as fallback trajectory model.
See commands in /vis/modeling/trajectories/ for other options.

### ===  Deexcitation model UAtomDeexcitation is activated for 25 regions:
          DefaultRegionForTheWorld  1  1  1
          cylindricalPET  1  1  1
          module  1  1  1
          unit  1  1  1
          block  1  1  1
          optical  1  1  1
          crystal  1  1  1
          capillaire1  1  1  1
          capillaire1_water  1  1  1
          capillaire2  1  1  1
          capillaire2_water  1  1  1
          capillaire3  1  1  1
          capillaire3_water  1  1  1
          capillaire4  1  1  1
          capillaire4_water  1  1  1
          capillaire5  1  1  1
          capillaire5_water  1  1  1
          capillaire_m1  1  1  1
          capillaire_m1_water  1  1  1
          capillaire_m2  1  1  1
          capillaire_m2_water  1  1  1
          capillaire_m3  1  1  1
          capillaire_m3_water  1  1  1
          capillaire_m4  1  1  1
          capillaire_m4_water  1  1  1
### ===  Ignore cuts flag:   0
(-324.781,23.3416,-32.8525)
(-291.428,-63.7974,14.8053)
(-303.168,-76.1803,99.2893)
(-302.139,24.8878,183.387)
(309.656,45.7899,-58.8342)
(261.209,110.923,-94.4386)
(-307.538,62.5303,110.72)
(-222.593,146.811,120.794)
(-307.817,62.9653,108.671)
(-367.633,143.528,99.1862)
(-298.418,-120.71,-53.8646)
(-344.09,-152.798,-24.0155)
(319.056,76.8226,33.0266)
(361.787,42.1297,55.1925)
(-283.761,137.317,-60.7865)
(-369.163,131.937,-64.6806)
(-283.808,134.843,-54.8053)
(-171.766,195.83,-60.6289)
(258.643,-181.531,78.6864)
(270.174,-277.138,103.278)
(260.107,-179.375,74.2533)
(268.86,-207.058,123.792)
(308.11,84.6953,57.1816)
(257.105,112.142,-9.5164)
(305.291,86.55,58.9334)
(185.154,128.201,50.9783)
(-147.304,-275.742,-18.0404)
(-115.593,-305.96,-21.791)
(-266.626,201.357,59.7304)
(-313.494,219.556,142.474)
(-266.099,202.721,59.6654)
(-295.472,268.803,34.3186)
(299.023,-100.662,-30.4586)
(219.543,-71.5873,-118.687)
(-69.6182,-320.402,-109.584)
(-64.9214,-327.434,-134.198)
(86.8492,306.872,110.004)
(4.18781,278.108,2.261)
(85.5667,306.095,110.818)
(39.2533,239.728,45.355)
(31.3098,-312.445,48.9511)
(-47.6094,-264.577,6.6857)
(-246.411,194.201,-31.3008)
(-115.498,196.588,-68.9203)
(40.9729,-320.961,-12.6458)
(-14.353,-370.183,61.3178)
(-249.822,194.57,10.8374)
(-330.76,260.146,3.00366)
(-335.812,20.8967,61.5658)
(-316.812,20.345,12.1671)
(313.242,-18.3719,-50.3179)
(312.353,34.9402,-30.2598)
(302.759,95.1802,101.883)
(372.467,130.314,45.7858)
(306.029,93.8027,99.4965)
(296.847,92.8262,194.298)
(-327.667,48.8702,46.6006)
(-433.873,-8.71732,6.01245)
(301.482,-92.1592,-87.2005)
(389.469,-165.932,-138.956)
(303.666,-93.2237,-90.5181)
(368.947,-84.9753,-206.715)
(-310.641,-78.82,-46.8241)
(-327.954,-40.2117,-34.6479)
(265.169,186.481,106.908)
(326.307,147.32,-13.8192)
(275.967,193.986,116.519)
(259.954,218.815,52.7851)
(294.796,-115.268,-101.123)
(319.731,-164.093,-183.145)
(297.865,-114.613,-98.9715)
(274.004,-45.0185,-132.541)
(-320.46,-0.570078,-27.9749)
(-300.093,-39.628,-53.4189)
(191.901,251.688,39.3765)
(142.983,210.951,-38.5991)
(191.195,268.351,35.9225)
(297.477,332.711,35.7766)
(184.271,273.026,32.7319)
(158.099,239.364,0.0750423)
(-124.039,-306.897,-52.1168)
(-215.663,-354.89,-2.2978)
(-232.912,-215.722,31.4467)
(-191.037,-256.622,-9.45148)
(239.627,203.686,-33.1016)
(184.016,73.6631,27.4467)
(247.599,205.385,-35.8519)
(323.569,244.358,-41.3671)
(59.2017,-316.956,-48.8499)
(36.549,-266.079,-110.333)
(202.409,243.68,37.607)
(226.322,315.326,45.3911)
(203.152,242.748,33.1393)
(230.85,289.164,16.7675)
(282.284,156.465,34.1167)
(313.391,200.091,-0.358946)
(-176.29,-260.568,-61.2658)
(-256.994,-237.194,-17.195)
(-180.606,-257.681,-56.9393)
(-106.766,-208.335,-3.38989)
(-204.424,264.979,62.1528)
(-250.672,199.533,55.3459)
(122.245,-296.971,-70.3973)
(93.4027,-395.257,-57.2576)
(123.679,-293.004,-69.6873)
(176.037,-305.089,-70.644)
(183.681,-258.433,34.9399)
(275.554,-346.249,77.6503)
(181.799,-259.792,31.334)
(106.677,-278.363,-112.777)
(-303.017,130.337,-15.8646)
(-347.43,90.419,-91.9809)
(11.9478,313.147,-56.5216)
(106.668,344.639,-64.2196)
(16.7855,321.856,-51.9079)
(44.0934,424.155,-60.1947)
(190.906,-257.578,48.9751)
(168.199,-349.503,107.225)
(195.776,-260.844,45.5715)
(142.156,-197.405,-47.3615)
(311.831,72.9802,-119.55)
(401.621,47.6001,-40.0938)
(313.732,71.9725,-38.7667)
(394.299,-30.9226,15.3241)
(307.225,73.4413,-35.1164)
(405.898,195.762,-40.6843)
(85.3617,-302.578,-10.6508)
(179.37,-410.74,28.6446)
(27.5202,315.825,97.3634)
(32.5144,337.828,22.3088)
(130.182,-301.155,-93.5312)
(134.396,-342.713,-165.594)
(283.059,139.027,16.0443)
(297.94,94.6955,42.7157)
(282.407,136.319,20.0467)
(198.743,229.246,-24.538)
(321.888,-20.6464,49.2544)
(307.954,-34.0732,5.32109)
(-310.361,49.8755,-117.242)
(-284.69,105.069,-83.9562)
(-180.186,-258.126,-45.238)
(-192.211,-177.496,-62.5032)
(15.6578,316.267,-59.5175)
(-25.8374,292.748,-38.2185)
(20.5294,319.144,-58.1478)
(-46.3929,366.477,-150.951)
(227.479,-218.417,41.6881)
(193.14,-44.5305,33.7314)
(-165.85,273.767,-103.607)
(-167.621,314.089,34.1483)
(19.6911,-316.437,121.195)
(136.36,-362.967,59.3896)
(-249.722,-194.814,-91.3226)
(-197.175,-286.402,-67.8499)
(-88.2209,300.576,-122.974)
(-54.7316,407.549,-93.2406)
(310.703,-96.5617,-92.3105)
(293.458,-39.6816,-31.6098)
(310.232,-98.5874,-96.5339)
(265.243,-215.277,-98.8248)
(-310.966,46.5765,46.3669)
(-241.146,26.7022,65.0949)
(315.482,6.78048,60.0694)
(312.594,-193.848,67.6213)
(-328.654,-8.78821,-102.621)
(-241.315,-7.93627,-100.962)
(-141.707,-278.021,62.09)
(-99.3638,-281.616,67.5989)
(-317.447,-78.6849,21.8382)
(-340.748,-65.5547,33.8017)
(-144.681,281.165,46.3265)
(-166.362,258.995,-67.5457)
(-139.426,293.776,49.023)
(-191.966,283.645,83.4983)
(-138.889,-291.27,-44.5849)
(-82.8022,-286.23,11.3949)
(-140.546,286.321,43.2512)
(-151.723,284.064,37.5819)
(-142.229,291.732,41.5337)
(-107.052,274.885,89.7768)
(-84.5307,-320.103,-84.4158)
(-186.405,-278.099,-43.3548)
(-87.3009,-322.253,-83.4907)
(-59.9519,-382.61,23.8943)
(-318.317,10.6396,49.353)
(-487.928,11.981,76.7083)
(-315.563,4.30764,53.6329)
(-387.374,-17.2576,36.0336)
(314.79,-21.4698,-98.1867)
(262.929,-32.5586,-250.397)
(320.13,-17.0898,-96.5395)
(281.712,-44.1008,-162.821)
(182.057,-272.749,-3.08771)
(164.266,-215.477,-54.4457)
(182.63,-273.827,-8.16969)
(264.492,-257.159,-59.9139)
(104.791,317.913,-120.126)
(3.5456,261.955,-159.607)
(187.056,271.277,41.228)
(178.13,435.362,109.373)
(220.225,-226.58,5.01904)
(235.377,-198.679,-58.3428)
(246.71,-205.607,56.0135)
(287.422,-145.218,31.6912)
(-188.086,249.115,-65.6005)
(-215.619,79.454,-41.4805)
(270.533,192.958,-111.913)
(309.647,231.672,-15.9101)
(316.44,26.8358,86.2842)
(297.027,-56.8831,166.599)
(-313.089,-39.6686,-42.0516)
(-330.751,14.437,-10.487)
(330.094,57.3083,63.3425)
(377.478,9.79104,99.8981)
(-330.301,-22.9323,80.0607)
(-294.395,-88.1859,-42.1331)
(255.933,-211.984,-46.3398)
(195.314,-196.024,-45.6257)
(264.602,-207.841,-44.9145)
(339.818,-278.856,-44.065)
(-96.2819,298.75,68.9025)
(-179.346,263.764,50.0092)
(-94.0184,308.867,62.6342)
(-13.2742,325.252,115.511)
(-81.5493,310.695,54.5532)
(27.6483,283.149,23.4099)
(216.554,-241.79,-116.184)
(321.861,-262.96,-62.0347)
(221.171,-244.203,-117.976)
(261.558,-354.722,-123.224)
(-218.123,-238.043,102.718)
(-252.209,-187.202,118.793)
(-222.346,-238.96,102.876)
(-281.916,-297.937,115.513)
(210.524,234.235,41.8661)
(281.163,268.745,43.8842)
(213.929,250.939,41.2654)
(258.659,158.814,14.9782)
(-153.983,-298.301,-51.6566)
(-141.011,-199.23,-117.765)
(-328.8,-56.7258,83.1041)
(-318.617,-128.397,101.491)
(325.307,27.6586,-43.7617)
(244.068,-85.9722,-59.1174)
(75.917,-316.831,0.254898)
(-52.3597,-292.367,-62.0681)
(83.8498,303.794,0.753021)
(62.3564,334.162,36.5997)
(292.592,129.656,115.33)
(360.038,137.441,90.0679)
(294.967,135.788,117.875)
(253.95,170.977,71.8579)
(289.91,146.829,113.547)
(356.165,135.243,101.405)
(-215.25,228.644,28.3425)
(-122.854,229.552,22.9712)
(-255.636,-209.541,-47.255)
(-213.77,-194.675,-91.2301)
(32.0766,312.838,67.6313)
(32.8901,159.194,89.1388)
(-115.369,-312.068,34.8281)
(-139.582,-246.581,17.4569)
(-104.468,314.598,-31.5358)
(-177.416,351.879,-68.0568)
(-64.1904,321.646,103.235)
(-14.1297,258.554,1.87062)
(195.421,-255.159,-81.992)
(308.615,-225.581,-40.5691)
(41.7632,322.429,61.1817)
(28.5441,350.031,159.225)
(-221.929,-236.355,-46.8569)
(-210.117,-262.393,-55.4866)
(-219.497,-236.32,-46.1438)
(-175.265,-154.313,-51.3141)
(188.441,251.004,13.6915)
(232.236,226.128,61.0901)
(-305.954,-94.947,-99.6163)
(-262.207,-46.1378,-97.5201)
(306.119,68.2909,69.4473)
(313.089,114.917,52.4231)
(250.076,-189.302,111.218)
(175.383,-119.76,30.6446)
(-82.1123,301.529,-92.876)
(-81.1129,326.479,-177.493)
(-72.6896,303.318,-97.0508)
(-93.6604,277.675,-100.738)
(234.724,-226.751,-63.5048)
(268.584,-180.501,-120.224)
(6.06907,320.94,92.7965)
(-48.5833,294.873,83.5805)
(1.41973,326.389,90.8197)
(1.94485,310.857,30.7418)
(42.0808,-324.014,35.0046)
(57.4595,-345.076,9.67451)
(44.325,-320.567,35.3333)
(119.826,-252.574,26.8496)
(220.821,238.815,93.766)
(210.516,268.208,184.526)
(220.469,246.012,96.0918)
(359.065,227.497,138.599)
(220.059,247.077,92.5591)
(152.426,168.676,80.3257)
(-89.6462,307.135,-44.9321)
(-96.4272,215.446,18.8791)
(-91.6686,322.658,-54.9886)
(-57.3116,329.06,-71.8164)
(275.482,-182.448,26.7354)
(216.043,-155.651,-3.04609)
(331.532,27.6325,-58.1902)
(235.532,19.9726,-137.208)
(329.773,28.4327,-58.3983)
(323.958,71.6108,-82.3927)
(-101.717,-305.181,-113.707)
(-38.1161,-379.896,-29.5571)
(-291.757,114.661,99.4674)
(-270.493,84.1852,112.026)
(-295.794,121.744,105.398)
(-195.046,172.262,-5.29094)
(316.68,47.8488,-14.3749)
(340.647,91.5126,-8.94964)
(-321.367,-29.4569,8.397)
(-250.702,4.09126,-53.9498)
(-224.596,219.906,-113.35)
(-348.189,182.568,-221.712)
(-231.302,-224.207,-88.7318)
(-215.966,-183.558,20.2292)
(301.326,82.4877,-65.2403)
(356.41,103.498,-109.035)
(302.352,92.8009,-74.0014)
(343.472,172.082,-70.6075)
(-297.321,114.322,-3.79907)
(-298.274,196.743,-29.8264)
(246.897,-218.175,11.5523)
(207.812,-251.166,50.651)
(-204.682,239.518,-29.6598)
(-221.824,155.399,30.0809)
(79.7135,-307.113,36.3641)
(21.8508,-288.366,19.4719)
(97.4817,-302.926,35.7859)
(34.9795,-319.501,49.8707)
(312.974,2.85223,-67.7471)
(303.122,0.566217,-102.606)
(312.625,3.1891,-73.8602)
(344.139,-17.1103,-31.959)
(-186.733,280.171,-83.2613)
(-78.1515,240.963,-219.874)
(42.6852,-321.232,98.9321)
(-61.2743,-343.203,31.299)
(-185.157,-281.909,-31.1704)
(-224.54,-292.904,4.03311)
(43.9411,329.816,33.5946)
(-21.0445,346.476,36.4351)
(49.9749,329.145,35.4637)
(65.8202,338.206,-47.6944)
(319.414,-91.0374,-73.615)
(296.629,-54.169,-7.94726)
(324.355,88.7573,-113.744)
(301.45,66.3909,-163.026)
(-68.8875,-306.982,-53.5558)
(-79.4646,-316.057,-65.4405)
(-71.7702,-305.091,-52.1845)
(-54.9269,-223.278,-42.7675)
(87.5742,301.836,51.1487)
(16.3707,313.268,84.8673)
(84.1586,303.973,55.101)
(110.118,210.735,99.5684)
(132.586,-284.874,-60.3698)
(158.239,-267.602,-11.6441)
(85.5414,313.993,63.1658)
(-28.1797,260.777,127.564)
(-79.2257,-306.01,-6.64512)
(-103.094,-411.519,-36.3341)
(-81.1243,-308.066,-10.8974)
(-45.8611,-319.836,10.4855)
(-82.5758,-307.355,-12.8798)
(-95.7201,-366.207,-3.4615)
(-83.5706,-307.482,-13.4188)
(-76.7646,-323.141,-34.6487)
(204.052,239.211,3.5531)
(246.676,229.71,16.3703)
(207.18,238.116,7.94637)
(189.204,235.873,35.6459)
(-123.937,-293.179,114.789)
(-92.0606,-285.011,163.001)
(336.467,25.7873,16.2481)
(352.42,-21.5003,-37.7118)
(-315.582,-17.7604,-13.174)
(-282.818,2.88141,-41.6275)
(-314.556,-21.479,-9.75603)
(-366.629,12.1035,15.0987)
(-273.354,177.904,9.84878)
(-280.098,206.903,-27.3781)
(-79.9013,-308.015,124.963)
(-72.5616,-310.43,140.607)
(-79.8497,306.256,-121.794)
(-120.581,267.778,-152.627)
(-81.1846,318.9,-117.28)
(-110.024,488.884,-146.595)
(227.348,-221.328,-41.9092)
(191.232,-267.195,-65.9191)
(327.581,42.9689,-87.8618)
(419.052,33.7206,-65.6626)
(325.336,44.4929,-92.2527)
(331.266,24.4687,-84.2623)
(230.401,223.307,-79.0668)
(216.841,191.133,-87.8427)
(217.683,245.296,-73.6694)
(114.193,226.826,-143.284)
(219.117,250.4,-73.402)
(267.718,289.752,-63.8439)
(20.9451,316.867,-112.118)
(-36.1572,419.433,-152.079)
(-168.519,-277.215,98.0771)
(-130.621,-265.948,54.3225)
(-166.579,-285.651,100.247)
(-159.926,-196.156,42.845)
(199.207,243.457,-47.8209)
(266.012,304.358,-19.1527)
(200.823,243.831,-45.6709)
(232.179,236.164,-13.8933)
(309.263,-64.0261,9.08809)
(352.447,-59.99,-1.8896)
(143.194,289.983,45.037)
(70.8621,240.566,11.9125)
(216.477,-244.914,31.2794)
(343.826,-345.543,-10.0235)
(205.17,247.532,91.1305)
(262.938,295.287,70.6911)
(207.283,250.019,95.1081)
(248.15,133.016,121.089)
(208.487,247.095,92.6915)
(135.064,298.459,141.41)
(-282.825,-135.568,-52.8544)
(-250.663,-74.0217,-7.53739)
(212.359,259.246,-110.433)
(309.639,138.717,-116.655)
(184.018,268.648,29.4161)
(317.291,296.513,-5.35264)
(264.784,195.654,-37.0453)
(316.122,278.191,-67.1382)
(272.984,193.031,-41.2864)
(309.711,304.314,-53.0786)
(274.235,195.871,-45.1903)
(261.642,188.641,28.8595)
(-58.8676,-311.281,58.6956)
(-56.4833,-292.456,76.6483)
(309.262,60.2079,-92.1853)
(318.695,102.903,-58.6592)
(309.207,63.5619,-89.4591)
(224.512,7.16531,-29.0295)
(-301.876,-82.1257,125.178)
(-232.996,-97.889,142.313)
(-310.764,-79.6564,124.069)
(-316.383,-23.5648,183.965)
(-311.595,-79.1966,123.484)
(-349.691,-99.6356,99.6326)
(-30.0339,328.786,122.655)
(-118.829,361.636,56.0213)
(-245.159,195.124,-82.7392)
(-314.309,239.149,-100.305)
(268.438,-162.798,53.0657)
(102.975,-217.998,-50.1978)
(271.795,-178.773,59.7954)
(324.212,-81.9966,84.5079)
(-155.104,272.508,-86.7118)
(-115.805,206.23,-81.9549)
(-159.528,270.156,-79.5276)
(-114.863,273.963,8.84245)
(192.114,-252.363,-89.1772)
(100.536,-338.744,-16.5595)
(-59.7738,314.448,111.618)
(-19.442,324.309,2.41208)
(305.398,-111.827,-95.6082)
(237.846,-34.8743,-178.033)
(183.214,-278.151,26.7314)
(186.809,-319.669,35.2318)
(-276.724,157.686,-15.2967)
(-262.514,188.948,-88.5818)
(-275.394,162.02,-22.9161)
(-403.331,134.637,31.6855)
(-276.827,192.242,-64.478)
(-266.024,145.382,-100.773)
(78.4502,-303.729,122.538)
(182.672,-167.281,80.9908)
(-295.165,-124.875,-20.83)
(-394.935,-196.184,-77.2807)
(304.174,91.5851,13.2045)
(241.342,56.8634,-6.48926)
(312.61,93.912,17.7275)
(350.687,155.863,-35.4076)
(314.799,100.414,20.7672)
(332.318,40.9152,74.7319)
(30.0259,-314.249,4.62337)
(125.13,-290.031,88.5629)
(-287.298,-124.245,-87.5492)
(-333.029,-58.1617,-39.4134)
(-286.852,-123.111,-88.3515)
(-290.84,-116.433,-54.7477)
(-314.025,40.5304,90.4269)
(-346.124,97.9838,76.0337)
(-314.431,42.2305,87.8536)
(-404.251,18.3959,162.088)
(269.013,162.077,-34.5891)
(199.142,209.25,-45.9844)
(271.42,161.934,-37.4981)
(203.197,154.288,-128.427)
(-97.7148,-299.976,57.9527)
(-62.9195,-290.546,14.1017)
(-247.856,210.062,114.03)
(-229.1,231.754,123.894)
(-317.993,94.5198,78.7828)
(-337.517,146.801,86.3079)
(-312.082,-21.1806,65.8156)
(-267.19,-98.0493,-1.12311)
(248.74,197.761,73.828)
(184.89,161.609,14.0377)
(-230.631,214.312,10.3865)
(-247.834,201.623,73.2439)
(68.6644,-318.396,-19.3678)
(-31.3915,-350.787,-9.41994)
(-292.525,-137.878,-83.7706)
(-313.429,-205.818,-88.9396)
(316.495,46.7113,-123.105)
(177.122,79.5362,-87.7208)
(-281.381,-183.438,87.7375)
(-366.011,-270.795,93.8539)
(-310.058,54.8909,82.7195)
(-369.852,27.4736,140.158)
(210.481,235.482,-64.5495)
(208.711,203.682,-52.2554)
(-147.764,-290.097,82.9713)
(-35.3277,-182.25,-44.9994)
(-150.616,-289.923,85.4435)
(-32.5526,-212.425,4.59916)
(313.922,-43.4255,-106.357)
(312.178,-100.626,-55.1978)
(316.929,-49.0489,-112.766)
(379.605,-29.4156,-102.015)
(221.142,229.799,34.3463)
(199.743,301.399,114.064)
(-301.248,-96.9112,-1.50923)
(-268.147,-125.652,23.6876)
(261.298,188.786,1.80091)
(241.864,118.097,-180.635)
(293.299,-111.529,99.3031)
(320.832,-180.309,139.598)
(319.736,62.2196,60.7345)
(353.072,146.935,151.665)
(-312.183,-83.2698,-82.0023)
(-374.273,-53.3151,-109.673)
(76.0714,-303.369,-14.2654)
(114.238,-338.002,-44.558)
(-27.9439,-319.903,-19.6441)
(-60.5832,-229.137,-54.552)
(-184.103,255.978,74.4311)
(-198.865,200.693,71.9666)
(291.116,-119.882,-36.762)
(342.558,-70.6076,28.349)
(63.5675,-308.89,-123.398)
(141.26,-334.237,-99.4098)
(-155.03,287.785,110.927)
(-122.056,327.535,180.617)
(-156.723,286.495,109.838)
(-189.381,326.108,67.6524)
(-24.3404,314.087,-117.41)
(-158.169,385.811,-104.611)
(218.249,-253.038,92.1442)
(208.525,-151.901,104.269)
(-11.4969,-321.585,-67.4019)
(-68.4789,-367.058,-134.532)
(-12.8029,-321.794,-66.6471)
(-103.626,-367.32,-59.7645)
(158.907,273.286,52.874)
(159.784,347.003,51.6822)
(290.126,-121.32,104.948)
(414.353,-208.869,54.9863)
(296.992,-118.614,100.151)
(305.817,-142.119,92.6837)
(-205.719,257.471,-20.5747)
(-204.326,277.138,15.8839)
(-205.837,258.532,-20.005)
(-115.611,345.621,-18.3677)
(292.779,-113.167,6.99413)
(343.593,-112.08,116.697)
(304.192,-122.345,-3.04894)
(280.832,-167.708,16.8903)
(-313.035,-43.1219,-51.9158)
(-302.059,-62.5657,-68.2094)
(-313.321,-42.3798,-54.558)
(-349.544,-31.4828,-216.039)
(-304.36,-91.0846,-86.1253)
(-339.776,-55.4601,-134.74)
(-306.803,-102.895,-71.7504)
(-373.919,-66.1613,47.453)
(-316.007,74.3059,113.557)
(-247.074,60.9747,-20.6097)
(111.433,292.692,60.1657)
(94.5612,263.159,193.588)
(-98.2556,-312.73,-61.3969)
(-58.8888,-306.908,-93.48)
(-154.006,275.153,120.668)
(-205.6,278.255,261.407)
(-142.384,293.991,-111.91)
(-131.862,201.092,-139.702)
(74.6514,-307.356,-107.257)
(31.8502,-362.497,-82.0916)
(-56.9472,315.115,106.999)
(-93.0594,324.237,-14.364)
(-55.764,311.025,-46.8541)
(-32.0326,291.864,-107.809)
(257.738,-187.603,27.765)
(285.64,-147.54,27.8342)
(266.499,-197.284,32.4525)
(254.202,-221.908,48.1609)
(264.238,-201.957,31.4958)
(254.914,-139.185,-4.59419)
(-112.403,300.142,96.8001)
(-58.4046,339.419,128.428)
(-319.342,-31.3689,-35.1723)
(-367.656,-11.5087,-79.8113)
(-59.6131,314.618,89.8364)
(-5.67122,337.219,119.463)
(80.0717,-318.773,-90.0245)
(107.965,-320.319,-132.041)
(-319.931,-8.18744,-70.0308)
(-265.144,51.0999,-139.73)
(-319.752,-6.38693,-68.8022)
(-415.226,67.8442,-41.741)
(-298.537,132.315,-87.682)
(-291.009,198.742,-76.8467)
(-298.697,140.784,-90.6817)
(-254.551,80.3384,-214.55)
(-296.096,147.341,-96.0497)
(-289.435,83.532,-85.0937)
(302.953,131.912,86.542)
(269.051,102.844,13.6628)
(65.1265,305.598,99.4605)
(145.165,289.961,104.013)
(71.1392,321.097,110.627)
(176.87,162.439,196.308)
(-266.4,-190.069,-61.6211)
(-446.834,-197.78,-56.77)
(316.606,72.1075,106.631)
(358.407,26.9578,65.7905)
(322.664,72.1646,116.58)
(354.398,89.7002,56.3191)
(314.649,72.2086,115.693)
(407.8,22.4664,139.821)
(190.295,-247.653,122.836)
(127.109,-275.826,132.872)
(197.616,-253.01,124.476)
(200.857,-273.757,135.317)
(-279.781,139.766,-67.4772)
(-355.717,220.201,-108.284)
(307.556,68.5584,99.8012)
(281.461,61.0596,175.139)
(-326.582,80.7768,97.6193)
(-328.024,91.1905,156.115)
(306.558,-119.886,69.5495)
(359.058,-31.8094,-85.1344)
(-126.633,309.128,11.2911)
(-148.72,316.122,-21.3871)
(295.018,-107.7,-96.0451)
(348.592,-94.8788,-7.76997)
(-77.8698,-307.168,95.8722)
(-133.674,-372.479,204.887)
(-74.7652,-321.576,99.8619)
(-96.951,-393.241,75.3776)
(-140.705,290.182,-93.424)
(-185.753,289.241,-42.5041)
(242.933,216.788,98.5195)
(242.417,230.964,145.515)
(-120.162,290.616,-80.6505)
(-103.605,322.077,-204.874)
(193.928,-245.922,66.9286)
(126.928,-191.74,132.271)
(201.749,-247.186,61.5772)
(215.104,-191.014,79.3486)
(209.932,-240.667,112.36)
(278.535,-275.871,124.534)
(216.253,-237.602,106.345)
(173.507,-173.928,69.5824)
(-193.535,246.759,-117.122)
(-273.344,204.612,-55.4221)
(-192.179,247.707,-118.501)
(-227.192,192.736,-9.54478)
(320.802,30.0298,-71.6217)
(328.094,11.4552,-24.4034)
(259.211,-194.52,33.0981)
(161.975,-317.469,-69.4529)
(-122.382,309.35,-56.6116)
(-65.9447,452.966,-6.60589)
(-296.784,127.519,-118.453)
(-358.094,172.316,-4.91297)
(146.553,-278.883,-102.789)
(153.647,-335.099,-102.633)
(147.909,-275.823,-102.848)
(199.072,-225.92,-120.932)
(-293.567,148.825,55.5716)
(-304.387,98.6403,-99.2287)
(-285.608,-152.6,82.5197)
(-435.667,-191.383,143.203)
(-330.164,-47.7194,-18.9104)
(-289.47,-31.844,-7.39178)
(295.52,109.637,50.2198)
(239.987,127.006,40.382)
(293.938,112.081,47.3925)
(269.831,116.685,4.00513)
(10.0767,-312.958,12.513)
(18.3433,-409.321,42.8854)
(10.5245,-329.048,14.5267)
(16.4128,-298.314,55.6342)
(6.42273,-331.646,18.8834)
(-4.43051,-336.702,-44.9549)
(140.566,300.367,66.6064)
(179.431,193.735,188.685)
(-246.183,-226.679,-48.3981)
(-229.511,-284.62,-31.8137)
(-315.203,86.9714,-35.1308)
(-261.68,32.13,-117.045)
(298.907,-114.236,45.7239)
(316.261,-145.817,70.2259)
(97.6241,-304.547,88.2402)
(41.3635,-276.731,62.2468)
(99.6567,-311.488,87.826)
(84.8063,-215.33,90.5093)
(-81.1322,318.819,-96.7086)
(-43.7857,247.042,-100.07)
(-78.2009,321.83,-98.1982)
(-39.0719,295.177,-126.501)
(-141.95,299.98,34.9914)
(-96.9838,292.216,32.1697)
(-77.8203,-303.869,-31.318)
(-58.3875,-321.803,-196.604)
(-52.0797,-329.707,-42.1853)
(49.8358,-405.831,-67.1466)
(-48.8403,-332.416,-43.6021)
(39.7942,-198.539,32.0745)
(-310.576,68.91,79.6858)
(-303.621,165.574,48.6166)
(306.945,79.7309,-70.9936)
(267.131,107.608,-114.681)
(307.218,81.5032,-68.2452)
(301.472,182.326,-82.2682)
(308.22,82.965,-67.4157)
(342.037,11.8937,-95.2396)
(-300.163,-109.388,96.0881)
(-375.052,-154.155,61.9359)
(-306.301,-114.234,91.927)
(-203.533,-75.1363,60.961)
(-312.785,-26.9503,-43.3375)
(-281.111,-31.8933,-64.8401)
(-312.357,-28.8909,-43.9204)
(-285.518,-67.2641,-95.8667)
(319.867,56.6346,96.1336)
(362.801,-60.1472,155.319)
(320.471,56.0555,97.8102)
(276.469,50.5258,82.0798)
(319.768,57.7134,100.613)
(338.986,15.9052,132.133)
(-146.369,282.453,-16.9128)
(-163.232,362.953,-46.7932)
(-2.75327,-329.502,22.9484)
(20.6853,-301.781,57.3001)
(-123.65,286.769,44.9138)
(8.12102,175.015,37.2663)
(238.077,-222.754,-34.368)
(130.383,-210.127,25.7968)
(80.5249,-304.781,105.949)
(6.39655,-361.213,118.016)
(84.7326,-306.565,123.963)
(96.8228,-271.123,4.73035)
(-206.113,240.16,-84.0757)
(-284.856,272.647,-188.904)
(-213.019,260.16,-84.4623)
(-258.034,357.436,-83.9235)
(-212.759,260.827,-84.2876)
(-241.135,286.142,-85.5802)
(-302.922,92.1393,-100.522)
(-341.544,110.894,-162.938)
(-290.519,-119.174,55.7219)
(-259.53,-24.7584,69.8537)
(-292.045,-124.246,56.9343)
(-219.801,-161.948,80.6558)
(301.093,88.2447,-43.2484)
(284.109,123.127,10.2692)
(302.619,88.7046,-42.0843)
(342.962,34.4394,-18.0581)
(236.642,-213.11,-4.74777)
(165.237,-97.9727,-22.0942)
(255.774,-218.36,-14.571)
(243.95,-291.754,-11.9622)
(-135.089,293.488,9.10342)
(-186.406,298.661,-14.5679)
(-96.7961,-301.513,47.0692)
(-84.63,-345.657,-3.97708)
(-95.3991,-299.619,48.3828)
(-159.924,-274.387,57.8831)
(-62.5445,313.032,-43.8444)
(-19.7358,354.353,-13.5512)
(-316.756,-9.01034,-124.618)
(-328.075,82.8138,-128.612)
(330.817,3.67337,50.9291)
(346.016,-85.8312,159.756)
(330.097,2.88198,53.9601)
(311.003,78.2052,116.844)
(-289.878,118.982,-38.4379)
(-288.505,58.848,29.545)
(-289.19,120.611,-42.8974)
(-257.441,75.869,-17.0612)
(-321.404,7.47505,-44.2747)
(-365.413,-65.152,-118.394)
(319.006,-7.00559,35.298)
(221.964,-19.4614,23.3977)
(-241.447,203.111,122.614)
(-198.209,256.158,126.619)
(-316.334,-57.6326,89.1155)
(-289.649,5.26866,78.6148)
(-325.403,-64.169,85.6322)
(-360.381,-93.1763,89.0321)
(202.208,247.818,-39.5731)
(325.284,176.305,10.9879)
(240.087,208.647,105.717)
(230.747,143.099,53.6353)
(-286.755,-134.417,-65.5919)
(-255.567,-131.774,-76.7676)
(308.518,-94.5833,122.37)
(288.383,-67.9833,46.4172)
(307.809,-97.5452,120.587)
(370.252,-21.5072,101.006)
(307.002,-95.0828,118.058)
(235.251,32.103,169.919)
(-153.988,-272.282,-79.0101)
(-258.069,-321.77,-95.8281)
(-208.937,-245.401,27.5505)
(-253.521,-313.328,55.0675)
(-11.8459,-327.097,57.0615)
(-63.9424,-329.993,55.3306)
(31.1096,313.688,-58.0867)
(83.0598,340.252,-41.2285)
(-191.227,-249.436,-21.45)
(-239.205,-281.428,68.9418)
(278.387,140.748,23.3018)
(179.738,43.4045,80.456)
(-211.575,-255.113,-78.8327)
(-293.507,-141.59,-29.0613)
(-51.1775,314.999,95.408)
(-121.235,379.021,21.4385)
(-49.8756,311.044,98.7046)
(-56.744,299.275,58.8061)
(-200.59,-239.078,4.86359)
(-259.598,-251.357,-138.935)
(130.192,286.011,-6.4332)
(49.544,303.058,124.763)
(128.767,288.55,-6.16277)
(46.1205,181.004,-32.855)
(-10.3114,314.642,106.507)
(-84.5809,290.206,121.488)
(161.13,-283.513,-99.8646)
(146.347,-346.146,-135.212)
(158.033,-285.507,-98.2397)
(160.76,-240.468,-124.352)
(-267.176,178.779,-63.12)
(-331.329,91.5979,-207.073)
(318.651,18.9562,-16.6598)
(285.193,68.5694,-8.2756)
(319.477,20.0037,-19.4769)
(219.068,45.9371,-114.799)
(193.014,250.369,-72.2316)
(307.515,225.553,-78.2226)
(-191.557,-249.453,-64.92)
(-169.945,-203.648,-72.2522)
(-187.453,-279.636,-77.9401)
(-306.523,-263.606,-78.5088)
(22.5559,-313.807,35.3748)
(129.353,-330.868,-24.0213)
(-120.069,299.645,-33.7688)
(-37.9486,254.256,-22.2398)
(-120.986,299.873,-31.1951)
(-77.9244,287.505,6.18867)
(278.723,152.4,6.22084)
(331.293,184.119,-94.1454)
(273.152,156.127,4.38059)
(278.107,135.044,1.95514)
(-309.201,-120.011,-6.65847)
(-328.091,-205.798,-117.026)
(-139.306,294.495,43.3415)
(-156.471,252.64,161.878)
(-136.683,293.77,38.1479)
(-71.9605,324.701,-74.7883)
(45.5851,-315.547,-45.0079)
(-20.8275,-401.437,-92.6344)
(50.168,-320.43,-47.0186)
(-9.79637,-402.82,2.29319)
(124.037,291.235,54.9462)
(54.5868,319.199,-26.915)
(31.7651,-321.619,-57.4271)
(9.27205,-366.92,103.492)
(-327.743,-23.6783,54.7059)
(-343.015,-37.3004,70.1544)
(314.714,85.6643,31.9915)
(288.786,94.8789,69.8572)
(323.216,86.9971,32.7268)
(323.28,109.223,32.9565)
(-293.755,-118.298,-110.392)
(-315.324,-118.064,-172.62)
(-296.276,-113.029,-113.388)
(-203.997,-17.022,-43.7087)
(299.021,98.413,59.2297)
(265.387,121.768,77.1421)
(307.328,96.0894,61.5124)
(380.478,45.9916,76.8851)
(-318.313,-75.5085,-57.3005)
(-392.923,-35.3592,-0.195226)
(-306.896,-56.654,-29.5903)
(-258.925,-46.2957,-15.1773)
(3.77667,335.917,-10.7599)
(-34.0231,263.87,-33.6303)
(15.6575,-312.368,12.6807)
(81.1145,-345.188,-67.1503)
(319.384,-55.1336,-91.5577)
(374.284,-10.2652,-80.8278)
(-194.39,-248.476,-65.9006)
(-181.548,-231.447,-78.653)
(-1.87678,318.356,84.5762)
(-55.9476,301.295,-88.9798)
(290.114,128.086,81.5995)
(238.065,203.544,83.7411)
(298.351,152.891,70.2164)
(362.979,269.022,8.30216)
(318.492,10.8657,120.52)
(282.54,-75.1342,165.446)
(-317.696,-9.75692,9.58747)
(-216.665,7.49782,-28.6146)
(320.454,16.6336,-19.7954)
(300.219,-80.5382,27.3761)
(-309.367,-90.3409,12.5674)
(-315.719,-30.1472,-5.40118)
(293.106,119.607,-16.1864)
(193.852,87.4512,84.0357)
(293.588,118.122,-15.6302)
(292.36,133.636,-1.90389)
(-202.396,243.01,4.15728)
(-272.777,169.601,9.80071)
(220.644,-240.902,-5.63376)
(199.212,-160.022,-38.6836)
(-275.403,155.124,100.299)
(-330.345,149.417,121.646)
(268.329,-178.608,44.5661)
(255.95,-221.975,-53.2178)
(-311.55,-39.6979,69.2091)
(-321.457,-18.7098,189.875)
(-229.323,214.976,84.3574)
(-280.899,277.454,-49.2852)
(-230.804,214.916,84.7613)
(-265.349,84.6567,93.7404)
(290.869,-145.782,-59.8792)
(284.769,-43.742,-35.9164)
(-319.476,-9.62925,103.459)
(-386.314,53.4072,237.88)
(-306.435,-71.6517,7.74953)
(-388.794,-191.88,-7.54456)
(263.601,173.593,-12.2378)
(301.652,193.946,7.11539)
(-316.981,23.9828,12.3335)
(-356.736,17.9951,3.21902)
(-316.752,24.4661,12.6844)
(-282.867,36.9841,21.6195)
(-265.973,-193.745,61.2648)
(-187.765,-223.139,-38.8059)
(131.052,300.574,-99.1737)
(99.6488,337.049,-56.2878)
(292.845,-137.867,94.0281)
(356.702,-155.785,116.837)
(-248.744,-206.503,-96.4348)
(-185.713,-132.644,45.959)
(-146.92,-289.141,-73.3367)
(-167.971,-296.04,48.2933)
(-97.6262,-303.621,119.159)
(-36.9284,-258.367,66.2117)
(28.5453,313.056,52.4257)
(108.794,255.996,7.17155)
(71.3213,-316.312,-49.8869)
(157.864,-318.382,4.54996)
(289.181,-162.516,55.5584)
(435.98,-232.997,95.1441)
(-124.396,289.435,-97.0308)
(-126.899,201.899,-123.996)
(229.106,236.408,-89.7411)
(128.006,256.082,-113.651)
(-273.673,-189.212,73.4758)
(-181.995,-192.075,13.595)
(-197.625,-242.527,-93.7014)
(-134.777,-171.708,-94.1378)
(-187.863,-249.808,-94.4717)
(-309.407,-384.529,-82.5021)
(-252.869,-191.689,11.0965)
(-260.22,-127.944,-2.2133)
(-309.868,54.9117,-7.89054)
(-400.44,-92.8809,-25.6964)
(-317.685,53.5056,-2.84708)
(-220.688,76.3535,81.2761)
(306.01,-92.1137,11.2476)
(356.955,-65.0563,-40.5933)
(307.989,69.7929,62.8777)
(256.919,40.6722,29.4983)
(305.663,70.303,61.1141)
(276.619,75.6455,27.07)
(88.3804,-302.011,85.3917)
(142.025,-307.266,60.4266)
(-320.101,-11.7348,26.8025)
(-376.529,-8.81025,-58.8609)
(-319.921,-13.9256,28.3903)
(-410.994,36.8866,69.7512)
(-317.723,-64.3258,43.7075)
(-349.464,3.2089,58.6844)
(260.884,-205.171,18.2353)
(210.62,-316.595,-77.9248)
(-44.9642,313.892,-30.2385)
(-87.4517,355.775,-36.8664)
(-315.105,-25.2536,-115.685)
(-270.774,-147.193,-137.435)
(322.036,24.6693,109.635)
(354.917,-41.035,-10.0003)
(331.431,29.5085,109.888)
(295.46,115.718,107.078)
(317.631,29.2757,1.7927)
(300.146,29.0793,-51.5857)
(-328.367,-61.9243,-4.08264)
(-336.538,3.80001,30.4875)
(277.784,165.901,-121.452)
(379.445,194.276,-108.998)
(84.7635,306.505,12.0809)
(58.2285,309.896,18.1534)
(77.371,308.417,16.1294)
(195.491,372.813,-64.7979)
(-266.067,-172.332,-5.72394)
(-336.598,-210.642,-46.2371)
(162.384,-272.584,70.8316)
(169.094,-235.242,-1.15167)
(-308.015,-92.7861,-99.7693)
(-262.874,-198.271,-51.8012)
(117.418,294.672,-23.7175)
(145.139,263.673,16.1148)
(-193.934,-254.879,22.6434)
(-88.545,-245.598,29.2374)
(-188.726,-256.806,27.7077)
(-178.771,-287.6,83.7021)
(-304.068,-124.377,-3.63328)
(-288.474,-175.249,9.74387)
(-306.659,-123.691,-4.47065)
(-286.365,-39.1188,-5.51965)
(-307.933,-126.808,1.8837)
(-313.865,-5.51515,-2.31438)
(185.844,276.589,6.1133)
(211.328,259.902,-38.9814)
(-257.414,-184.871,-3.66576)
(-363.303,-168.982,-37.2542)
0 events have been kept for refreshing and/or reviewing.
  "/vis/reviewKeptEvents" to review them one by one.
  "/vis/enable", then "/vis/viewer/flush" or "/vis/viewer/rebuild" to see them accumulated.
[Core-0] End of macro ./split/.Gate/main123/main9.mac
Graphics systems deleted.
Visualization Manager deleting...
