[G4] 
[G4] **************************************************************
[G4]  Geant4 version Name: geant4-10-07-patch-02    (11-June-2021)
[G4]                        Copyright : Geant4 Collaboration
[G4]                       References : NIM A 506 (2003), 250-303
[G4]                                  : IEEE-TNS 53 (2006), 270-278
[G4]                                  : NIM A 835 (2016), 186-225
[G4]                              WWW : http://geant4.org/
[G4] **************************************************************
[G4] 
[Core-0] Initialization of geometry
[Core-0] Initialization of physics
[Core-0] Initialization of actors
[Core-0] 
[Core-0] *************************************************
[Core-0]  GATE version 9.1 (2021)
[Core-0]  Copyright : OpenGATE Collaboration
[Core-0]  Reference : Phys. Med. Biol. 49 (2004) 4543-4561
[Core-0]  Reference : Phys. Med. Biol. 56 (2011) 881-901
[Core-0]  Reference : Med. Phys. 41(6)    (2014)
[Core-0]  http://www.opengatecollaboration.org        
[Core-0] *************************************************
[Core-0] 
[Core-0] You are using Geant4 version 10.7.2
[Core-0] Starting macro ./split/.Gate/main123/main14.mac
0: RINDEX
1.84e-06   1.00028
4.08e-06   1.00028
9: GROUPVEL
1.84e-06   299.709
4.08e-06   299.709
16: ABSLENGTH
1.84e-06   50000
4.08e-06   50000
 <!> *** WARNING *** <!>  GateMaterialDatabase: Multiple definition of element: Yttrium.
The definition in ClMind_GateMaterials.db was used.


GATE object:        'systems/cylindricalPET'
Components:

GATE object:        'systems/cylindricalPET/base'
Attached to volume: cylindricalPET
Nb of children:       1

	GATE object:        'systems/cylindricalPET/rsector'
	Attached to volume: module
	Nb of children:       1

		GATE object:        'systems/cylindricalPET/module'
		Attached to volume: unit
		Nb of children:       1

			GATE object:        'systems/cylindricalPET/submodule'
			Attached to volume: block
			Nb of children:       1

				GATE object:        'systems/cylindricalPET/crystal'
				Attached to volume: optical
				Nb of children:       4

					GATE object:        'systems/cylindricalPET/layer0'
					Attached to volume: crystal
					Nb of children:       0

					GATE object:        'systems/cylindricalPET/layer1'
					Attached to volume: ---
					Nb of children:       0

					GATE object:        'systems/cylindricalPET/layer2'
					Attached to volume: ---
					Nb of children:       0

					GATE object:        'systems/cylindricalPET/layer3'
					Attached to volume: ---
					Nb of children:       0
geometrical design type: 1
ring diameter: -3.95 mm 
rsector axial pitch: 0 fm 
rsector azimuthal pitch: 12.8571 degree
rsector tangential size: 2.5 cm 
rsector axial size: 25.04 cm 
module axial size: 4.784 cm 
module tangential size: 2.5 cm 
module axial pitch: 0 fm 
module tangential pitch: 0 fm 
submodule axial size: 4.784 cm 
submodule tangential size: 2.5 cm 
submodule axial pitch: 0 fm 
submodule tangential pitch: 0 fm 
crystal radial size: 1.59 cm 
crystal axial size: 1.59 cm 
crystal tangential size: 2.5 cm 
crystal axial pitch: 0 fm 
crystal tangential pitch: 0 fm 
layer0 radial size: 3.95 mm 
in layer0 interaction length: 1.975 mm 
Axial nb of rsectors: 1
Azimuthal nb of rsectors: 28
Axial nb of modules: 1
Tangential nb of modules: 1
Axial nb of submodules: 1
Tangential nb of submodules: 1
Axial nb of crystals: 1
Tangential nb of crystals: 1
Radial nb of layers: 1
[Physic-0] The following Geant4's physic-list is enabled :emstandard_opt3


List of Enabled processes:




List of initialized processes:


[Core-0] Initialization of geometry
[Core-0] Initialization of physics
[Core-0] Initialization of actors
 <!> *** WARNING *** <!>  The 'energytype' option is DEPRECATED, use 'ene/type' instead!
 <!> *** WARNING *** <!>  The 'energytype' option is DEPRECATED, use 'ene/type' instead!
 <!> *** WARNING *** <!>  The 'energytype' option is DEPRECATED, use 'ene/type' instead!
 <!> *** WARNING *** <!>  The 'energytype' option is DEPRECATED, use 'ene/type' instead!
 <!> *** WARNING *** <!>  The 'energytype' option is DEPRECATED, use 'ene/type' instead!
 <!> *** WARNING *** <!>  The 'energytype' option is DEPRECATED, use 'ene/type' instead!
 <!> *** WARNING *** <!>  The 'energytype' option is DEPRECATED, use 'ene/type' instead!
 <!> *** WARNING *** <!>  The 'energytype' option is DEPRECATED, use 'ene/type' instead!
 <!> *** WARNING *** <!>  The 'energytype' option is DEPRECATED, use 'ene/type' instead!
[Acquisition-0]   
[Acquisition-0] ============= Source initialization =============
[Acquisition-0]   
[Acquisition-0] ============= Acquisition starts! =============
[Acquisition-0] Simulation start time = 0 sec
[Acquisition-0] Simulation end time   = 1 sec
[Acquisition-0] Simulation will have  = 1 run(s)
[Acquisition-0] Slice 0 from 0 to 1 s [slice=1 s]

### ===  Deexcitation model UAtomDeexcitation is activated for 25 regions:
          DefaultRegionForTheWorld  1  1  1
          cylindricalPET  1  1  1
          module  1  1  1
          unit  1  1  1
          block  1  1  1
          optical  1  1  1
          crystal  1  1  1
          capillaire1  1  1  1
          capillaire1_water  1  1  1
          capillaire2  1  1  1
          capillaire2_water  1  1  1
          capillaire3  1  1  1
          capillaire3_water  1  1  1
          capillaire4  1  1  1
          capillaire4_water  1  1  1
          capillaire5  1  1  1
          capillaire5_water  1  1  1
          capillaire_m1  1  1  1
          capillaire_m1_water  1  1  1
          capillaire_m2  1  1  1
          capillaire_m2_water  1  1  1
          capillaire_m3  1  1  1
          capillaire_m3_water  1  1  1
          capillaire_m4  1  1  1
          capillaire_m4_water  1  1  1
### ===  Ignore cuts flag:   0

phot:  for gamma applyCuts:1  SubType=12 BuildTable=0
      LambdaPrime table from 200 keV to 100 TeV in 174 bins 
      ===== EM models for the G4Region  DefaultRegionForTheWorld ======
 LivermorePhElectric : Emin=    0 eV  Emax=  100 TeV  SauterGavrila Fluo

compt:  for gamma applyCuts:1  SubType=13 BuildTable=1
      Lambda table from 10 eV  to 1 MeV, 20 bins/decade, spline: 1
      LambdaPrime table from 1 MeV to 100 TeV in 160 bins 
      ===== EM models for the G4Region  DefaultRegionForTheWorld ======
        KleinNishina : Emin=    0 eV  Emax=  100 TeV Fluo

conv:  for gamma applyCuts:1  SubType=14 BuildTable=1
      Lambda table from 1.022 MeV to 100 TeV, 20 bins/decade, spline: 1
      ===== EM models for the G4Region  DefaultRegionForTheWorld ======
     BetheHeitlerLPM : Emin=    0 eV  Emax=  100 TeV  ModifiedTsai

Rayl:  for gamma applyCuts:1  SubType=11 BuildTable=1
      Lambda table from 10 eV  to 100 keV, 20 bins/decade, spline: 0
      LambdaPrime table from 100 keV to 100 TeV in 180 bins 
      ===== EM models for the G4Region  DefaultRegionForTheWorld ======
   LivermoreRayleigh : Emin=    0 eV  Emax=  100 TeV  CullenGenerator

msc:  for e-  SubType= 10
      ===== EM models for the G4Region  DefaultRegionForTheWorld ======
            UrbanMsc : Emin=    0 eV  Emax=  100 TeV Nbins=240 100 eV  - 100 TeV
              StepLim=DistanceToBoundary Rfact=0.04 Gfact=2.5 Sfact=0.6 DispFlag:1 Skin=1 Llimit=1

eIoni:  for e-  SubType=2
      dE/dx and range tables from 10 eV  to 100 TeV in 260 bins
      Lambda tables from threshold to 100 TeV, 20 bins/decade, spline: 1
      StepFunction=(0.2, 0.1 mm), integ: 1, fluct: 1, linLossLim= 0.01
      ===== EM models for the G4Region  DefaultRegionForTheWorld ======
        MollerBhabha : Emin=    0 eV  Emax=  100 TeV  deltaVI

eBrem:  for e-  SubType=3
      dE/dx and range tables from 10 eV  to 100 TeV in 260 bins
      Lambda tables from threshold to 100 TeV, 20 bins/decade, spline: 1
      LPM flag: 1 for E > 1 GeV,  VertexHighEnergyTh(GeV)= 100000
      ===== EM models for the G4Region  DefaultRegionForTheWorld ======
             eBremSB : Emin=    0 eV  Emax=    1 GeV  AngularGen2BS
            eBremLPM : Emin=    1 GeV Emax=  100 TeV  AngularGen2BS

ePairProd:  for e-  SubType=4
      dE/dx and range tables from 10 eV  to 100 TeV in 260 bins
      Lambda tables from threshold to 100 TeV, 20 bins/decade, spline: 1
      Sampling table 25x1001; from 0.1 GeV to 100 TeV 
      ===== EM models for the G4Region  DefaultRegionForTheWorld ======
           ePairProd : Emin=    0 eV  Emax=  100 TeV  ModifiedMephi

msc:  for e+  SubType= 10
      ===== EM models for the G4Region  DefaultRegionForTheWorld ======
            UrbanMsc : Emin=    0 eV  Emax=  100 TeV Nbins=240 100 eV  - 100 TeV
              StepLim=DistanceToBoundary Rfact=0.04 Gfact=2.5 Sfact=0.6 DispFlag:1 Skin=1 Llimit=1

eIoni:  for e+  SubType=2
      dE/dx and range tables from 10 eV  to 100 TeV in 260 bins
      Lambda tables from threshold to 100 TeV, 20 bins/decade, spline: 1
      StepFunction=(0.2, 0.1 mm), integ: 1, fluct: 1, linLossLim= 0.01
      ===== EM models for the G4Region  DefaultRegionForTheWorld ======
        MollerBhabha : Emin=    0 eV  Emax=  100 TeV  deltaVI

eBrem:  for e+  SubType=3
      dE/dx and range tables from 10 eV  to 100 TeV in 260 bins
      Lambda tables from threshold to 100 TeV, 20 bins/decade, spline: 1
      LPM flag: 1 for E > 1 GeV,  VertexHighEnergyTh(GeV)= 100000
      ===== EM models for the G4Region  DefaultRegionForTheWorld ======
             eBremSB : Emin=    0 eV  Emax=    1 GeV  AngularGen2BS
            eBremLPM : Emin=    1 GeV Emax=  100 TeV  AngularGen2BS

ePairProd:  for e+  SubType=4
      dE/dx and range tables from 10 eV  to 100 TeV in 260 bins
      Lambda tables from threshold to 100 TeV, 20 bins/decade, spline: 1
      Sampling table 25x1001; from 0.1 GeV to 100 TeV 
      ===== EM models for the G4Region  DefaultRegionForTheWorld ======
           ePairProd : Emin=    0 eV  Emax=  100 TeV  ModifiedMephi

annihil:  for e+, integral:1  applyCuts:1  SubType=5 BuildTable=0
      ===== EM models for the G4Region  DefaultRegionForTheWorld ======
            eplus2gg : Emin=    0 eV  Emax=  100 TeV

msc:  for proton  SubType= 10
      ===== EM models for the G4Region  DefaultRegionForTheWorld ======
            UrbanMsc : Emin=    0 eV  Emax=  100 TeV Nbins=240 100 eV  - 100 TeV
              StepLim=Minimal Rfact=0.2 Gfact=2.5 Sfact=0.6 DispFlag:1 Skin=1 Llimit=1

hIoni:  for proton  SubType=2
      dE/dx and range tables from 10 eV  to 100 TeV in 260 bins
      Lambda tables from threshold to 100 TeV, 20 bins/decade, spline: 1
      StepFunction=(0.2, 0.05 mm), integ: 1, fluct: 1, linLossLim= 0.01
      ===== EM models for the G4Region  DefaultRegionForTheWorld ======
               Bragg : Emin=    0 eV  Emax=    2 MeV  deltaVI
          BetheBloch : Emin=    2 MeV Emax=  100 TeV  deltaVI

hBrems:  for proton  SubType=3
      dE/dx and range tables from 10 eV  to 100 TeV in 260 bins
      Lambda tables from threshold to 100 TeV, 20 bins/decade, spline: 1
      ===== EM models for the G4Region  DefaultRegionForTheWorld ======
               hBrem : Emin=    0 eV  Emax=  100 TeV  ModifiedMephi
      ===== Limit on energy threshold has been applied 

hPairProd:  for proton  SubType=4
      dE/dx and range tables from 10 eV  to 100 TeV in 260 bins
      Lambda tables from threshold to 100 TeV, 20 bins/decade, spline: 1
      Sampling table 17x1001; from 7.50618 GeV to 100 TeV 
      ===== EM models for the G4Region  DefaultRegionForTheWorld ======
           hPairProd : Emin=    0 eV  Emax=  100 TeV  ModifiedMephi

nuclearStopping:  for proton applyCuts:1  SubType=8 BuildTable=0
      ===== EM models for the G4Region  DefaultRegionForTheWorld ======
   ICRU49NucStopping : Emin=    0 eV  Emax=    1 MeV

msc:  for GenericIon  SubType= 10
      ===== EM models for the G4Region  DefaultRegionForTheWorld ======
            UrbanMsc : Emin=    0 eV  Emax=  100 TeV
              StepLim=Minimal Rfact=0.2 Gfact=2.5 Sfact=0.6 DispFlag:1 Skin=1 Llimit=1

ionIoni:  for GenericIon  SubType=2
      dE/dx and range tables from 10 eV  to 100 TeV in 260 bins
      Lambda tables from threshold to 100 TeV, 20 bins/decade, spline: 1
      StepFunction=(0.1, 0.02 mm), integ: 1, fluct: 1, linLossLim= 0.02
      ===== EM models for the G4Region  DefaultRegionForTheWorld ======
         ParamICRU73 : Emin=    0 eV  Emax=  100 TeV  deltaVI

nuclearStopping:  for GenericIon applyCuts:1  SubType=8 BuildTable=0
      ===== EM models for the G4Region  DefaultRegionForTheWorld ======
   ICRU49NucStopping : Emin=    0 eV  Emax=    1 MeV

msc:  for alpha  SubType= 10
      ===== EM models for the G4Region  DefaultRegionForTheWorld ======
            UrbanMsc : Emin=    0 eV  Emax=  100 TeV Nbins=240 100 eV  - 100 TeV
              StepLim=Minimal Rfact=0.2 Gfact=2.5 Sfact=0.6 DispFlag:1 Skin=1 Llimit=1

ionIoni:  for alpha  SubType=2
      dE/dx and range tables from 10 eV  to 100 TeV in 260 bins
      Lambda tables from threshold to 100 TeV, 20 bins/decade, spline: 1
      StepFunction=(0.1, 0.02 mm), integ: 1, fluct: 1, linLossLim= 0.02
      ===== EM models for the G4Region  DefaultRegionForTheWorld ======
            BraggIon : Emin=    0 eV  Emax=7.9452 MeV  deltaVI
          BetheBloch : Emin=7.9452 MeV Emax=  100 TeV  deltaVI

nuclearStopping:  for alpha applyCuts:1  SubType=8 BuildTable=0
      ===== EM models for the G4Region  DefaultRegionForTheWorld ======
   ICRU49NucStopping : Emin=    0 eV  Emax=    1 MeV

msc:  for anti_proton  SubType= 10
      ===== EM models for the G4Region  DefaultRegionForTheWorld ======
            UrbanMsc : Emin=    0 eV  Emax=  100 TeV Nbins=240 100 eV  - 100 TeV
              StepLim=Minimal Rfact=0.2 Gfact=2.5 Sfact=0.6 DispFlag:1 Skin=1 Llimit=1

hIoni:  for anti_proton  SubType=2
      dE/dx and range tables from 10 eV  to 100 TeV in 260 bins
      Lambda tables from threshold to 100 TeV, 20 bins/decade, spline: 1
      StepFunction=(0.2, 0.05 mm), integ: 1, fluct: 1, linLossLim= 0.01
      ===== EM models for the G4Region  DefaultRegionForTheWorld ======
            ICRU73QO : Emin=    0 eV  Emax=    2 MeV  deltaVI
          BetheBloch : Emin=    2 MeV Emax=  100 TeV  deltaVI

hBrems:  for anti_proton  SubType=3
      dE/dx and range tables from 10 eV  to 100 TeV in 260 bins
      Lambda tables from threshold to 100 TeV, 20 bins/decade, spline: 1
      ===== EM models for the G4Region  DefaultRegionForTheWorld ======
               hBrem : Emin=    0 eV  Emax=  100 TeV  ModifiedMephi
      ===== Limit on energy threshold has been applied 

hPairProd:  for anti_proton  SubType=4
      dE/dx and range tables from 10 eV  to 100 TeV in 260 bins
      Lambda tables from threshold to 100 TeV, 20 bins/decade, spline: 1
      Sampling table 17x1001; from 7.50618 GeV to 100 TeV 
      ===== EM models for the G4Region  DefaultRegionForTheWorld ======
           hPairProd : Emin=    0 eV  Emax=  100 TeV  ModifiedMephi

msc:  for kaon+  SubType= 10
      ===== EM models for the G4Region  DefaultRegionForTheWorld ======
            UrbanMsc : Emin=    0 eV  Emax=  100 TeV Nbins=240 100 eV  - 100 TeV
              StepLim=Minimal Rfact=0.2 Gfact=2.5 Sfact=0.6 DispFlag:1 Skin=1 Llimit=1

hIoni:  for kaon+  SubType=2
      dE/dx and range tables from 10 eV  to 100 TeV in 260 bins
      Lambda tables from threshold to 100 TeV, 20 bins/decade, spline: 1
      StepFunction=(0.2, 0.05 mm), integ: 1, fluct: 1, linLossLim= 0.01
      ===== EM models for the G4Region  DefaultRegionForTheWorld ======
               Bragg : Emin=    0 eV  Emax=1.05231 MeV  deltaVI
          BetheBloch : Emin=1.05231 MeV Emax=  100 TeV  deltaVI

hBrems:  for kaon+  SubType=3
      dE/dx and range tables from 10 eV  to 100 TeV in 260 bins
      Lambda tables from threshold to 100 TeV, 20 bins/decade, spline: 1
      ===== EM models for the G4Region  DefaultRegionForTheWorld ======
               hBrem : Emin=    0 eV  Emax=  100 TeV  ModifiedMephi
      ===== Limit on energy threshold has been applied 

hPairProd:  for kaon+  SubType=4
      dE/dx and range tables from 10 eV  to 100 TeV in 260 bins
      Lambda tables from threshold to 100 TeV, 20 bins/decade, spline: 1
      Sampling table 18x1001; from 3.94942 GeV to 100 TeV 
      ===== EM models for the G4Region  DefaultRegionForTheWorld ======
           hPairProd : Emin=    0 eV  Emax=  100 TeV  ModifiedMephi

msc:  for kaon-  SubType= 10
      ===== EM models for the G4Region  DefaultRegionForTheWorld ======
            UrbanMsc : Emin=    0 eV  Emax=  100 TeV Nbins=240 100 eV  - 100 TeV
              StepLim=Minimal Rfact=0.2 Gfact=2.5 Sfact=0.6 DispFlag:1 Skin=1 Llimit=1

hIoni:  for kaon-  SubType=2
      dE/dx and range tables from 10 eV  to 100 TeV in 260 bins
      Lambda tables from threshold to 100 TeV, 20 bins/decade, spline: 1
      StepFunction=(0.2, 0.05 mm), integ: 1, fluct: 1, linLossLim= 0.01
      ===== EM models for the G4Region  DefaultRegionForTheWorld ======
            ICRU73QO : Emin=    0 eV  Emax=1.05231 MeV  deltaVI
          BetheBloch : Emin=1.05231 MeV Emax=  100 TeV  deltaVI

hBrems:  for kaon-  SubType=3
      dE/dx and range tables from 10 eV  to 100 TeV in 260 bins
      Lambda tables from threshold to 100 TeV, 20 bins/decade, spline: 1
      ===== EM models for the G4Region  DefaultRegionForTheWorld ======
               hBrem : Emin=    0 eV  Emax=  100 TeV  ModifiedMephi
      ===== Limit on energy threshold has been applied 

hPairProd:  for kaon-  SubType=4
      dE/dx and range tables from 10 eV  to 100 TeV in 260 bins
      Lambda tables from threshold to 100 TeV, 20 bins/decade, spline: 1
      Sampling table 18x1001; from 3.94942 GeV to 100 TeV 
      ===== EM models for the G4Region  DefaultRegionForTheWorld ======
           hPairProd : Emin=    0 eV  Emax=  100 TeV  ModifiedMephi

msc:  for mu+  SubType= 10
      ===== EM models for the G4Region  DefaultRegionForTheWorld ======
            UrbanMsc : Emin=    0 eV  Emax=  100 TeV Nbins=240 100 eV  - 100 TeV
              StepLim=Minimal Rfact=0.2 Gfact=2.5 Sfact=0.6 DispFlag:1 Skin=1 Llimit=1

muIoni:  for mu+  SubType=2
      dE/dx and range tables from 10 eV  to 100 TeV in 260 bins
      Lambda tables from threshold to 100 TeV, 20 bins/decade, spline: 1
      StepFunction=(0.2, 0.05 mm), integ: 1, fluct: 1, linLossLim= 0.01
      ===== EM models for the G4Region  DefaultRegionForTheWorld ======
               Bragg : Emin=    0 eV  Emax=  200 keV  deltaVI
          BetheBloch : Emin=  200 keV Emax=    1 GeV  deltaVI
        MuBetheBloch : Emin=    1 GeV Emax=  100 TeV

muBrems:  for mu+  SubType=3
      dE/dx and range tables from 10 eV  to 100 TeV in 260 bins
      Lambda tables from threshold to 100 TeV, 20 bins/decade, spline: 1
      ===== EM models for the G4Region  DefaultRegionForTheWorld ======
              MuBrem : Emin=    0 eV  Emax=  100 TeV  ModifiedMephi
      ===== Limit on energy threshold has been applied 

muPairProd:  for mu+  SubType=4
      dE/dx and range tables from 10 eV  to 100 TeV in 260 bins
      Lambda tables from threshold to 100 TeV, 20 bins/decade, spline: 1
      Sampling table 21x1001; from 1 GeV to 100 TeV 
      ===== EM models for the G4Region  DefaultRegionForTheWorld ======
          muPairProd : Emin=    0 eV  Emax=  100 TeV  ModifiedMephi

msc:  for mu-  SubType= 10
      ===== EM models for the G4Region  DefaultRegionForTheWorld ======
            UrbanMsc : Emin=    0 eV  Emax=  100 TeV Nbins=240 100 eV  - 100 TeV
              StepLim=Minimal Rfact=0.2 Gfact=2.5 Sfact=0.6 DispFlag:1 Skin=1 Llimit=1

muIoni:  for mu-  SubType=2
      dE/dx and range tables from 10 eV  to 100 TeV in 260 bins
      Lambda tables from threshold to 100 TeV, 20 bins/decade, spline: 1
      StepFunction=(0.2, 0.05 mm), integ: 1, fluct: 1, linLossLim= 0.01
      ===== EM models for the G4Region  DefaultRegionForTheWorld ======
            ICRU73QO : Emin=    0 eV  Emax=  200 keV  deltaVI
          BetheBloch : Emin=  200 keV Emax=    1 GeV  deltaVI
        MuBetheBloch : Emin=    1 GeV Emax=  100 TeV

muBrems:  for mu-  SubType=3
      dE/dx and range tables from 10 eV  to 100 TeV in 260 bins
      Lambda tables from threshold to 100 TeV, 20 bins/decade, spline: 1
      ===== EM models for the G4Region  DefaultRegionForTheWorld ======
              MuBrem : Emin=    0 eV  Emax=  100 TeV  ModifiedMephi
      ===== Limit on energy threshold has been applied 

muPairProd:  for mu-  SubType=4
      dE/dx and range tables from 10 eV  to 100 TeV in 260 bins
      Lambda tables from threshold to 100 TeV, 20 bins/decade, spline: 1
      Sampling table 21x1001; from 1 GeV to 100 TeV 
      ===== EM models for the G4Region  DefaultRegionForTheWorld ======
          muPairProd : Emin=    0 eV  Emax=  100 TeV  ModifiedMephi

msc:  for pi+  SubType= 10
      ===== EM models for the G4Region  DefaultRegionForTheWorld ======
            UrbanMsc : Emin=    0 eV  Emax=  100 TeV Nbins=240 100 eV  - 100 TeV
              StepLim=Minimal Rfact=0.2 Gfact=2.5 Sfact=0.6 DispFlag:1 Skin=1 Llimit=1

hIoni:  for pi+  SubType=2
      dE/dx and range tables from 10 eV  to 100 TeV in 260 bins
      Lambda tables from threshold to 100 TeV, 20 bins/decade, spline: 1
      StepFunction=(0.2, 0.05 mm), integ: 1, fluct: 1, linLossLim= 0.01
      ===== EM models for the G4Region  DefaultRegionForTheWorld ======
               Bragg : Emin=    0 eV  Emax=297.505 keV  deltaVI
          BetheBloch : Emin=297.505 keV Emax=  100 TeV  deltaVI

hBrems:  for pi+  SubType=3
      dE/dx and range tables from 10 eV  to 100 TeV in 260 bins
      Lambda tables from threshold to 100 TeV, 20 bins/decade, spline: 1
      ===== EM models for the G4Region  DefaultRegionForTheWorld ======
               hBrem : Emin=    0 eV  Emax=  100 TeV  ModifiedMephi
      ===== Limit on energy threshold has been applied 

hPairProd:  for pi+  SubType=4
      dE/dx and range tables from 10 eV  to 100 TeV in 260 bins
      Lambda tables from threshold to 100 TeV, 20 bins/decade, spline: 1
      Sampling table 20x1001; from 1.11656 GeV to 100 TeV 
      ===== EM models for the G4Region  DefaultRegionForTheWorld ======
           hPairProd : Emin=    0 eV  Emax=  100 TeV  ModifiedMephi

msc:  for pi-  SubType= 10
      ===== EM models for the G4Region  DefaultRegionForTheWorld ======
            UrbanMsc : Emin=    0 eV  Emax=  100 TeV Nbins=240 100 eV  - 100 TeV
              StepLim=Minimal Rfact=0.2 Gfact=2.5 Sfact=0.6 DispFlag:1 Skin=1 Llimit=1

hIoni:  for pi-  SubType=2
      dE/dx and range tables from 10 eV  to 100 TeV in 260 bins
      Lambda tables from threshold to 100 TeV, 20 bins/decade, spline: 1
      StepFunction=(0.2, 0.05 mm), integ: 1, fluct: 1, linLossLim= 0.01
      ===== EM models for the G4Region  DefaultRegionForTheWorld ======
            ICRU73QO : Emin=    0 eV  Emax=297.505 keV  deltaVI
          BetheBloch : Emin=297.505 keV Emax=  100 TeV  deltaVI

hBrems:  for pi-  SubType=3
      dE/dx and range tables from 10 eV  to 100 TeV in 260 bins
      Lambda tables from threshold to 100 TeV, 20 bins/decade, spline: 1
      ===== EM models for the G4Region  DefaultRegionForTheWorld ======
               hBrem : Emin=    0 eV  Emax=  100 TeV  ModifiedMephi
      ===== Limit on energy threshold has been applied 

hPairProd:  for pi-  SubType=4
      dE/dx and range tables from 10 eV  to 100 TeV in 260 bins
      Lambda tables from threshold to 100 TeV, 20 bins/decade, spline: 1
      Sampling table 20x1001; from 1.11656 GeV to 100 TeV 
      ===== EM models for the G4Region  DefaultRegionForTheWorld ======
           hPairProd : Emin=    0 eV  Emax=  100 TeV  ModifiedMephi
G4VisManager: Using G4TrajectoryDrawByCharge as fallback trajectory model.
See commands in /vis/modeling/trajectories/ for other options.

### ===  Deexcitation model UAtomDeexcitation is activated for 25 regions:
          DefaultRegionForTheWorld  1  1  1
          cylindricalPET  1  1  1
          module  1  1  1
          unit  1  1  1
          block  1  1  1
          optical  1  1  1
          crystal  1  1  1
          capillaire1  1  1  1
          capillaire1_water  1  1  1
          capillaire2  1  1  1
          capillaire2_water  1  1  1
          capillaire3  1  1  1
          capillaire3_water  1  1  1
          capillaire4  1  1  1
          capillaire4_water  1  1  1
          capillaire5  1  1  1
          capillaire5_water  1  1  1
          capillaire_m1  1  1  1
          capillaire_m1_water  1  1  1
          capillaire_m2  1  1  1
          capillaire_m2_water  1  1  1
          capillaire_m3  1  1  1
          capillaire_m3_water  1  1  1
          capillaire_m4  1  1  1
          capillaire_m4_water  1  1  1
### ===  Ignore cuts flag:   0
(308.328,54.1931,70.9045)
(341.148,75.8307,103.413)
(-54.6235,328.906,10.5006)
(24.1778,316.31,54.1819)
(-53.5834,327.633,9.19276)
(-71.5512,302.213,-57.2181)
(-306.814,-116.591,-98.1077)
(-332.957,-124.995,22.0768)
(-300.705,-122.451,-95.4259)
(-262.166,-98.0814,-96.5258)
(-294.993,-124.954,-91.5379)
(-291.141,-146.598,43.8663)
(-286.597,153.203,-105.632)
(-277.87,67.7698,-189.172)
(286.587,-143.696,97.7375)
(248.516,-167.003,103.201)
(287.751,-139.646,98.1588)
(278.785,-207.462,166.044)
(-300.221,140.622,-19.4989)
(-312.48,121.582,-9.19187)
(-301.575,139.797,-18.9534)
(-285.501,164.843,88.667)
(-303.365,139.862,-15.4683)
(-296.493,141.428,-64.443)
(58.6261,311.066,-116.398)
(95.1178,348.315,-55.2347)
(58.4634,322.134,-120.893)
(123.424,374.057,-89.4474)
(-230.511,-222.038,86.0761)
(-296.112,-260.997,171.638)
(-256.656,187.471,65.5896)
(-221.452,184.933,30.6674)
(-263.536,182.429,52.847)
(-269.628,139.147,70.8382)
(-263.876,183.443,54.2549)
(-259.225,121.512,-38.1049)
(143.092,288.777,-92.1199)
(184.752,281.398,-65.4497)
(139.872,290.829,-88.8884)
(108.442,256.186,38.174)
(-248.669,-217.87,69.7709)
(-310.762,-190.114,77.3696)
(-310.838,43.6052,53.9921)
(-287.904,75.3943,58.9707)
(312.926,-25.7621,-29.4659)
(294.155,17.3656,12.9303)
(311.874,-28.9243,-28.682)
(297.701,39.5216,43.0861)
(305.283,77.5171,29.7041)
(197.835,17.4456,-0.41983)
(304.662,77.7035,32.4562)
(392.408,71.9541,-54.5877)
(290.025,-118.909,103.893)
(346.428,-51.9822,79.059)
(290.175,-119.149,104.243)
(247.348,-66.0306,111.406)
(299.714,-120.69,103.268)
(294.885,-168.017,90.0879)
(-286.977,125.132,-108.783)
(-350.638,96.9993,-172.732)
(-288.276,124.661,-108.478)
(-332.899,224.601,-50.0622)
(300.102,114.859,6.56736)
(287.401,115.328,-13.0723)
(-266.213,-180.149,-6.10121)
(-331.855,-283.67,-119.09)
(309.796,-90.3304,26.9274)
(377.687,-116.053,-18.9744)
(317.637,-90.0705,20.6312)
(332.425,-46.6135,-60.2586)
(271.247,164.323,-6.31019)
(301.259,102.998,20.8786)
(279.632,166.39,1.5482)
(331.246,96.2582,34.1098)
(-267.038,-174.277,6.86899)
(-331.144,-151.635,76.834)
(-66.386,322.401,-96.3715)
(-28.7343,335.577,-137.796)
(-66.2076,328.633,-84.1923)
(-215.786,388.987,-106.388)
(-61.6156,327.06,-82.2624)
(-46.3807,376.231,16.2494)
(87.494,-322.309,95.0939)
(35.3681,-304.939,91.3544)
(84.4167,-322.48,98.1534)
(64.6732,-312.188,142.979)
(-273.153,-161.305,34.9402)
(-258.214,-159.395,95.6341)
(116.724,312.48,-66.0047)
(-74.6128,329.659,-118.904)
(-283.331,150.749,-98.8117)
(-183.62,140.936,-106.059)
(321.46,-82.996,110.408)
(370.578,-136.284,171.292)
(313.266,27.4077,85.1838)
(409.841,74.2971,99.4966)
(-247.8,-190.576,113.031)
(-221.163,-182.651,111.675)
(-254.477,-201.063,125.099)
(-302.897,-212.978,137.634)
(-318.326,16.4877,15.7431)
(-260.928,-1.49609,105.554)
(-317.956,-88.9613,-78.7385)
(-227.263,-122.183,-267.176)
(-318.479,-90.6368,-77.5297)
(-299.104,-15.2785,-40.7307)
(-302.289,-109.86,118.609)
(-228.73,-176.322,93.46)
(40.9632,312.188,95.6312)
(29.3183,243.558,76.156)
(-255.516,-200.649,-59.9933)
(-150.995,-234.475,41.1719)
(267.345,-183.165,-31.268)
(239.356,-132.572,-149.695)
(269.653,-192.059,-23.0371)
(237.145,-95.7669,112.801)
(-226.146,232.191,41.7421)
(-275.291,322.858,28.6829)
(327.749,31.1607,101.707)
(337.118,104.901,60.2108)
(323.385,18.4002,115.291)
(359.046,170.439,69.387)
(308.129,90.6341,39.4323)
(319.86,70.5602,-4.95832)
(-290.632,-118.489,-55.3295)
(-257.317,-134.751,2.03021)
(-318.37,8.24421,-54.74)
(-301.16,58.6383,-83.3698)
(253.27,-193.433,-6.02352)
(223.138,-133.379,30.5082)
(158.843,272.914,-18.7554)
(151.444,261.127,-32.424)
(-199.6,242.015,95.6632)
(-197.284,354.574,78.7697)
(149.097,274.347,85.3525)
(155.656,364.16,183.789)
(-94.6331,301.811,-50.2967)
(-147.923,375.042,-112.686)
(177.711,-266.12,48.202)
(299.025,-179.697,86.6246)
(-301.71,110.937,73.4759)
(-274.804,196.893,124.397)
(315.677,-0.819174,-40.6206)
(262.716,-27.507,14.9559)
(-335.948,2.4032,100.437)
(-356.959,10.6879,66.1546)
(291.405,148.473,116.415)
(296.189,175.455,135.506)
(290.123,161.168,117.408)
(321.923,77.0447,209.347)
(293.784,-115.377,5.95042)
(257.901,-155.476,-23.2698)
(296.624,-114.93,3.33539)
(248.174,-125.887,-21.4921)
(-318.899,3.86164,35.6974)
(-331.138,27.7112,-28.2615)
(-321.481,2.78122,38.8654)
(-277.146,-2.57149,2.52381)
(-323.242,5.88776,40.2037)
(-368.313,16.1333,-58.775)
(322.993,-7.65937,-69.8274)
(413.468,44.4407,-92.6782)
(-241.128,221.605,86.6322)
(-315.27,105.484,86.5479)
(273.819,194.999,37.8133)
(381.903,237.014,1.45718)
(-178.685,-259.418,-50.1268)
(-197.418,-364.172,-51.0491)
(-187.871,-268.563,-46.145)
(-234.383,-330.581,51.1194)
(-154.274,-274.706,10.1719)
(-147.597,-246.947,59.4636)
(-307.942,89.9679,-41.9816)
(-272.138,178.257,-53.4087)
(-306.315,86.1886,-42.3809)
(-224.357,216.501,70.5743)
(243.113,-204.383,90.6834)
(299.148,-134.697,29.1752)
(236.822,-215.053,98.421)
(210.31,-247.251,17.4616)
(-328.624,-15.111,72.7482)
(-274.245,17.8893,76.1178)
(334.127,20.9131,-100.233)
(259.448,7.75913,-17.3168)
(333.006,19.5888,-100.176)
(416.829,62.9065,-35.1631)
(-320.922,-19.3146,-109.63)
(-367.214,-3.2014,-242.594)
(312.946,7.50353,40.3877)
(322.204,31.7572,-13.1253)
(316.379,8.33836,40.1089)
(293.245,-62.1881,84.8643)
(63.471,-312.783,-66.046)
(35.3627,-342.302,-100.814)
(83.8441,-320.739,-68.3572)
(87.0107,-352.186,-141.082)
(-327.35,-14.8312,4.44046)
(-419.304,-141.035,101.337)
(147.833,-276.711,-59.6995)
(181.993,-258.177,38.4261)
(159.345,-273.075,-69.6175)
(212.242,-322.51,-66.1787)
(-310.86,-84.5956,-78.2769)
(-262.323,-9.35898,-69.9218)
(-315.126,-119.649,-77.5727)
(-358.281,-88.3951,-70.9381)
(-11.6111,-315.193,112.535)
(-35.441,-177.442,138.909)
(-19.3048,-315.637,122.115)
(-133.454,-288.19,172.227)
(-69.3238,-307.602,84.1807)
(-36.028,-426.661,34.5659)
(-73.8363,-305.571,87.8126)
(-8.8494,-292.953,22.3591)
(-145.979,283.196,-72.2049)
(-214.399,337.865,28.3483)
(-56.6025,313.784,-42.0651)
(10.8536,254.394,-95.4667)
(159.998,271.628,-73.1826)
(75.5232,366.06,-202.941)
(323.514,12.6471,71.7096)
(213.174,57.5703,151.554)
(-326.543,-17.0917,-101.305)
(-296.119,-121.467,-102.203)
(-119.107,-315.867,80.9808)
(-259.715,-414.502,105.026)
(-76.7947,-325.593,1.92533)
(-71.6447,-251.354,64.1272)
(-139.523,290.094,-0.480713)
(-137.353,220.331,85.2663)
(-145.376,293.677,-2.01481)
(-190.477,374.906,15.7291)
(-75.6844,-307.051,-53.847)
(-80.0807,-351.442,-23.073)
(328.031,20.627,26.7637)
(325.453,54.2503,49.3591)
(-314.617,-31.2486,-44.2867)
(-316.618,116.217,-79.0629)
(127.799,291.226,67.0061)
(129.826,372.451,130.077)
(125.239,294.619,67.153)
(198.824,312.659,123.979)
(92.1611,-300.327,-71.2436)
(119.682,-245.522,-89.0581)
(-282.367,141.006,-92.8202)
(-242.612,242.542,-98.5893)
(-291.889,150.318,-96.0027)
(-276.807,227.481,-66.7068)
(318.263,-61.0979,-59.5014)
(195.965,-104.05,77.8825)
(-300.304,98.774,96.5312)
(-381.21,127.605,94.5075)
(-293.633,119.933,102.804)
(-183.127,171.657,161.677)
(-328.731,66.0773,56.3535)
(-299.226,82.8845,79.7464)
(-123.822,291.926,65.0344)
(-56.2627,296.48,-2.35092)
(290.542,124.073,15.8348)
(223.499,244.106,31.7479)
(293.269,128.011,14.7262)
(236.899,103.041,-36.7247)
(291.996,126.912,13.1731)
(185.446,76.9536,-110.665)
(-288.221,-131.517,-18.9742)
(-310.963,-160.748,38.549)
(-287.218,-128.565,-17.1019)
(-286.711,-128.842,11.566)
(-313.638,-3.42197,-14.4328)
(-324.293,-49.8195,28.9643)
(-321.106,-0.583915,-36.8882)
(-174.594,61.6197,-176.691)
(315.574,5.93393,23.6684)
(235.017,48.3244,-57.2441)
(315.395,-70.567,8.64683)
(295.053,-26.2333,-21.7752)
(323.528,-65.0371,-7.22728)
(292.184,-169.573,-3.20568)
(-22.8563,-313.166,38.9063)
(7.66186,-337.362,-45.3603)
(-22.7599,-321.567,32.1908)
(-102.147,-273.882,4.53636)
(241.856,-212.279,-19.1757)
(311.88,-227.516,67.6903)
(242.87,-212.381,-17.8303)
(289.66,-270.208,40.1841)
(-16.6364,327.434,30.9364)
(-17.6303,320.589,45.1522)
(-24.1383,334.352,33.9722)
(44.0503,287.977,36.2562)
(-218.964,237.666,46.5955)
(-120.128,294.299,86.0854)
(264.369,-188.333,-32.0729)
(234.474,-273.439,78.3445)
(266.251,-193.118,-36.5963)
(347.234,-193.986,8.33475)
(-252.002,-191.27,-16.1892)
(-230.967,-161.882,-50.892)
(-249.136,-195.233,-23.3679)
(-228.961,-157.469,-0.522614)
(315.855,98.283,85.0752)
(184.794,58.8911,168.285)
(256.839,-178.098,23.6138)
(266.413,-114.149,94.1886)
(-177.188,260.055,-34.7296)
(-137.104,297.838,35.0136)
(312.317,-51.2904,-9.18564)
(314.9,-42.3756,-55.8447)
(-314.961,69.7759,16.5974)
(-256.652,25.9234,21.8457)
(205.735,256.841,-15.7488)
(78.802,212.313,20.3315)
(205.724,262.97,-17.0542)
(159.458,281.211,7.43289)
(-78.4334,320.81,19.695)
(-112.807,372.225,-71.6417)
(-77.2278,321.782,19.0707)
(-150.87,360.806,61.4852)
(-77.3297,323.786,18.1179)
(-126.917,314.16,-0.877631)
(-137.815,-280.155,-14.0799)
(-178.724,-365.877,-24.4749)
(-143.94,-279.943,-12.2471)
(-54.2163,-300.195,-1.02782)
(-273.053,-165.865,3.71472)
(-190.733,-113.869,51.5743)
(202.2,243.682,-1.45311)
(228.776,261.276,52.7845)
(-316.514,20.0361,59.5487)
(-336.44,-9.90834,100.769)
(-317.728,24.971,64.3292)
(-323.419,-55.4874,169.989)
(-299.743,-90.764,-115.376)
(-282.453,-48.1256,-155.454)
(280.335,-154.76,118.924)
(273.714,-79.6331,98.8392)
(-190.935,-267.42,-83.0934)
(-269.502,-300.188,-102.886)
(273.799,191.1,56.2543)
(254.727,191.516,40.443)
(117.079,294.111,-1.44731)
(254.351,296.785,-41.7942)
(128.683,299.734,-1.42779)
(196.853,282.37,-12.3347)
(192.8,-254.489,44.8553)
(247.372,-332.204,28.5562)
(198.74,-263.473,42.3223)
(147.335,-319.931,23.9738)
(-176.463,258.381,-48.1231)
(-166.407,247.482,-10.8527)
(-278.077,-147.35,-112.817)
(-309.106,-126.507,-131.79)
(314.471,-20.7776,121.668)
(385.32,-30.0066,190.604)
(316.483,-17.3659,120.454)
(463.143,37.7277,190.14)
(28.9246,331.854,92.1503)
(-32.0465,301.819,125.031)
(-10.1044,-315.253,-85.3679)
(-97.6572,-202.24,-88.4237)
(66.148,322.577,1.03006)
(8.48735,321.711,40.8135)
(148.033,-277.269,0.291886)
(206.251,-264.288,-104.935)
(-317.739,97.7098,-60.8835)
(-199.515,137.698,-80.9953)
(-316.934,96.0705,-63.5278)
(-246.624,83.5418,-59.2667)
(78.5513,-308.431,65.1149)
(75.7743,-235.094,63.4063)
(79.6339,302.892,-62.3102)
(60.8265,347.417,-127.188)
(-42.743,-327.003,-66.3603)
(-26.7469,-208.784,-138.987)
(-31.5608,-323.634,-69.674)
(17.6118,-378.031,-119.613)
(216.9,229.027,45.0224)
(254.842,221.834,27.9653)
(130.972,-290.195,-39.2272)
(83.2093,-263.252,62.6996)
(129.542,-290.905,-43.7537)
(60.0689,-284.98,47.4155)
(315.937,-98.7321,-23.5776)
(221.921,-45.2303,17.9071)
(315.575,-102.183,-20.0548)
(225.084,-68.5385,-38.2794)
(318.144,-101.904,-18.4692)
(442.769,-59.3194,26.838)
(-280.472,150.088,33.2009)
(-170.821,178.631,65.2101)
(205.773,265.665,-57.1933)
(194.536,194.523,-95.0123)
(-189.126,-270.824,58.0671)
(-161.644,-280.101,188.628)
(-185.459,-271.353,59.3612)
(-112.361,-315.949,86.3209)
(-182.686,-272.555,61.3762)
(-110.364,-324.137,107.244)
(279.016,-162.279,117.393)
(274.77,-102.929,123.414)
(-55.0238,318.75,32.0816)
(-87.8422,233.817,24.9822)
(-52.5763,323.436,30.7172)
(-66.1577,233.24,60.0482)
(-21.5237,330.044,48.5314)
(-13.2934,258.181,-63.107)
(-299.053,92.9904,-95.628)
(-335.536,185.752,-145.214)
(-299.145,96.5598,-96.0577)
(-259.745,126.827,-208.83)
(127.665,287.019,-46.6231)
(176.774,263.969,-98.5526)
(-211.797,-260.766,41.2611)
(-306.585,-238.611,-35.8962)
(314.968,-62.1973,49.1905)
(277.084,-100.164,58.9251)
(-292.038,121.952,-96.4267)
(-309.255,271.153,-45.1436)
(314.985,-24.1147,-50.3214)
(238.299,66.0902,25.3303)
(315.75,-24.4934,-50.0218)
(252.678,15.0505,-137.291)
(334.559,-22.7792,-55.3944)
(489.768,50.7584,-45.7801)
(-120.255,-300.755,84.8779)
(-117.789,-283.348,77.6558)
(-243.933,-225.282,-28.2614)
(-235.057,-248.82,-44.7038)
(135.548,297.201,34.342)
(69.966,329.387,13.3135)
(205.297,-236.381,60.7611)
(254.267,-123.469,37.4932)
(-293.845,137.739,-34.1156)
(-373.021,125.487,-43.0161)
(-328.655,-18.6383,-64.3099)
(-325.984,30.0237,-184.086)
(-177.449,257.538,30.8265)
(-250.866,194.856,30.3017)
(-82.194,301.79,15.483)
(-41.8977,308.508,2.06401)
(-72.2614,310.512,12.4324)
(-101.69,288.063,45.4601)
(-78.1249,-312.754,-17.3594)
(-149.513,-253.185,16.29)
(-290.473,115.453,-103.726)
(-348.766,98.1023,-56.5928)
(-272.815,-179.93,45.0608)
(-347.9,-246.698,64.9268)
(301.143,-99.5796,-31.314)
(319.84,-143.713,-98.2453)
(304.5,-95.2596,-31.4943)
(301.713,-67.2586,-26.1001)
(-320.62,50.6582,-115.128)
(-294.029,15.5008,-139.623)
(-329.863,57.0526,-111.585)
(-301.954,36.7613,-153.648)
(320.184,-25.3017,57.4268)
(362.596,-138.682,96.7236)
(279.941,-183.111,-17.4791)
(168.397,-162.35,-106.833)
(320.631,-105.844,20.8082)
(358.735,-184.32,104.168)
(-275.718,193.306,-43.5825)
(-278.941,190.501,-127.898)
(-292.818,113.92,-44.6975)
(-351.683,79.3498,-57.7149)
(122.532,-298.415,31.9199)
(150.916,-249.413,48.6475)
(121.064,-310.328,53.0241)
(238.996,-391.648,88.2871)
(-75.3178,312.663,-121)
(-177.822,364.724,-148.934)
(-74.6302,316.327,-119.325)
(-176.442,234.828,-199.841)
(193.311,253.04,1.76349)
(137.454,143.064,15.7952)
(198.887,252.957,-4.64381)
(188.884,227.575,-15.9014)
(76.5758,-303.278,-2.46555)
(77.8005,-318.107,-39.7822)
(216.946,-231.346,-72.0071)
(169.906,-272.474,3.48665)
(-299.012,101.105,-122.205)
(-228.883,101.306,-94.1122)
(-321.503,52.0781,23.3165)
(-288.962,12.24,78.952)
(-311.533,71.5095,-38.3739)
(-232.657,107.228,-87.8276)
(-326.538,59.5786,-53.7458)
(-306.875,106.185,-20.7003)
(-15.9712,-335.101,-83.8969)
(34.76,-264.624,-181.795)
(-303.41,-98.0178,80.5327)
(-377.395,-151.509,73.5499)
(-322.817,-44.0749,23.6048)
(-288.111,95.4989,22.2816)
(165.026,277.81,52.9536)
(14.6682,267.747,42.6467)
(162.213,279.427,55.8296)
(131.275,237.774,72.9137)
(287.341,-122.034,-49.8595)
(309.838,44.746,-35.2542)
(291.876,-117.862,-49.7929)
(304.019,-63.2325,-65.9188)
(295.324,-112.266,-46.0373)
(272.696,-104.697,-51.6813)
(-222.724,228.807,93.5735)
(-131.41,189.309,30.6579)
(317.251,14.2196,80.304)
(349.627,-52.3705,43.6576)
(307.569,-96.0603,87.7244)
(287.941,-49.3472,74.8037)
(314.804,-101.7,89.9782)
(299.986,-154.989,125.64)
(-308.131,57.1255,-49.6347)
(-421.425,40.73,-127.22)
(-329.571,56.1329,38.0553)
(-407.875,65.838,-72.2343)
(314.161,-31.9356,-22.4924)
(175.329,-47.1603,-92.5331)
(291.832,-146.695,-55.8946)
(285.627,-45.8497,-133.305)
(-283.607,134.457,-86.9027)
(-184.774,211.845,-11.4913)
(-283.859,142.986,-85.2324)
(-188.173,240.05,-194.757)
(-266.446,-183.131,34.4576)
(-322.218,-231.664,88.6874)
(-271.143,-184.593,44.2876)
(-288.705,-210.381,28.4825)
(219.163,-224.041,-116.185)
(241.72,-247.806,-99.5958)
(141.093,-279.283,-81.1718)
(205.498,-244.518,-46.5146)
(233.164,-214.168,-122.166)
(122.032,-148.244,-37.9869)
(102.607,-309.451,-65.5739)
(122.752,-190.736,-213.544)
(330.103,63.5557,65.0828)
(288.839,56.9505,-47.938)
(-317.622,-44.8811,-45.9555)
(-296.355,-94.6635,-129.61)
(-331.258,-44.1116,-58.4058)
(-327.819,-43.9017,-65.9536)
(-243.495,202.901,60.0708)
(-198.053,217.265,86.9989)
(312.562,2.09964,-89.0255)
(174.281,109.985,-29.6142)
(329.636,-0.55878,-111.711)
(403.923,-9.05842,-92.4991)
(328.922,2.40593,-112.967)
(426.803,17.2404,-124.105)
(265.455,181.069,32.3728)
(232.117,223.776,-19.6893)
(-297.142,-113.842,-18.983)
(-295.857,-91.5462,51.6061)
(6.1854,330.732,45.5858)
(-96.8538,404.978,66.826)
(-237.724,-220.552,-31.6314)
(-167.085,-330.984,-59.7743)
(-237.834,-221.247,-31.4645)
(-121.18,-242.776,16.1612)
(-278.455,141.193,-92.093)
(-175.037,70.6661,-84.523)
(-122.655,289.566,-36.6229)
(-56.348,376.53,-78.924)
(-132.399,288.218,-41.3279)
(-99.8827,389.136,-65.3891)
(207.148,-264.36,33.1764)
(211.399,-202.172,67.0561)
(316.498,70.3054,-77.6175)
(450.053,32.04,-172.951)
(315.711,70.2412,-70.4622)
(418.035,57.6514,12.5817)
(-258.305,-176.882,110.312)
(-361.662,-241.145,115.271)
(-265.678,-182.823,116.36)
(-475.377,-218.819,25.3804)
(198.375,244.896,88.8828)
(243.029,255.686,5.35495)
(206.132,249.342,95.2276)
(205.969,132.212,87.5684)
(-123.941,-287.606,-106.896)
(-122.653,-277.18,-62.2476)
(-265.932,177.191,116.584)
(-378.074,168.984,163.011)
(-290.992,148.793,112.871)
(-241.118,157.745,87.4497)
(-297.556,156.795,104.738)
(-300.477,179.799,70.6444)
(276.838,158.341,54.5374)
(321.954,177.053,-3.82673)
(-263.95,174.535,94.2868)
(-258.588,185.543,71.8068)
(-264.281,175.797,92.0649)
(-299.623,315.56,160.746)
(332.767,55.2442,111.064)
(277.16,18.5119,131.818)
(172.403,262.036,-62.5929)
(83.3038,328.828,-14.8123)
(-308.88,88.1303,-18.8984)
(-325.268,17.0958,-68.2746)
(-310.721,89.3696,-18.325)
(-334.515,20.1279,-28.0102)
(-312.467,86.1178,-21.74)
(-250.726,76.0591,18.4852)
(-154.595,291.392,60.8353)
(-111.584,318.869,8.09042)
(63.6859,-323.964,-69.9611)
(103.309,-422.286,41.3775)
(-219.087,-246.213,-47.0598)
(-252.251,-227.004,-54.7672)
(-224.251,-240.712,-49.7259)
(-297.587,-301.456,-100.213)
(-225.491,-235.629,-49.2049)
(-283.592,-208.542,-69.6235)
(29.2555,313.397,61.5803)
(63.3933,327.266,115.169)
(-316.64,18.8542,-14.6775)
(-349.072,0.635828,70.0296)
(-317.351,19.3395,-13.1427)
(-284.893,22.5963,-81.4987)
(-318.562,14.0682,-10.9492)
(-331.344,41.8724,-61.2352)
(286.494,-157.995,-89.0374)
(320.623,-40.644,-80.4377)
(-249.37,200.095,111.13)
(-230.592,161.982,108.328)
(181.493,-255.056,115.611)
(188.464,-151.016,56.2701)
(-312.991,-29.5637,-93.4431)
(-355.058,29.2874,-74.5307)
(-331.108,14.8666,-89.1975)
(-211.877,88.4531,-102.946)
(255.753,215.973,-42.7348)
(179.402,163.221,-196.054)
(291.518,152.54,-32.694)
(201.827,157.106,-19.4017)
(-154.793,-296.52,60.2447)
(-213.606,-359.62,50.5963)
(283.227,139.116,78.4151)
(278.961,148.184,94.6196)
(285.46,135.621,80.6641)
(219.497,73.8729,61.0924)
(-308.81,-64.7802,-84.4085)
(-279.662,28.2396,-129.404)
(335.474,12.6149,27.0665)
(212.985,-47.6793,-34.974)
(-335.39,-7.35312,-15.8737)
(-314.114,-46.8493,-68.4157)
(309.87,61.5108,98.3961)
(311.283,40.3556,100.988)
(310.401,59.981,103.027)
(213.982,49.6105,84.1176)
(310.771,58.5157,103.61)
(246.283,42.9069,98.4681)
(312.179,54.3079,105.113)
(216.59,67.4509,164.844)
(291.696,114.654,-6.3917)
(330.857,162.069,22.9156)
(-313.814,10.4501,46.6057)
(-377.27,-46.14,24.6941)
(323.01,-21.7993,-98.306)
(445.256,-102.441,-78.2809)
(201.685,-238.619,89.9799)
(247.153,-277.222,32.7696)
(222.625,-241.696,103.245)
(284.706,-195.426,146.383)
(-138.099,295.457,-113.214)
(-107.265,356.068,-164.41)
(-6.54971,-316.917,-14.185)
(112.544,-332.888,-61.9357)
(-2.18541,-322.039,-10.266)
(42.8542,-296.207,8.97312)
(2.77467,-320.903,-9.90654)
(-5.40613,-382.325,-45.7212)
(27.1991,333.201,13.7161)
(-26.0639,248.524,-34.5969)
(317.17,23.4354,-19.5703)
(259.895,-6.82965,-1.00568)
(-314.309,-13.9588,10.8807)
(-375.453,1.54213,52.4355)
(-317.509,-18.3156,-0.335036)
(-329.143,-94.1036,27.9791)
(283.195,140.285,45.7668)
(322.662,158.334,63.4375)
(287.477,147.411,44.6213)
(238.116,98.9833,122.205)
(292.17,-130.553,-55.6966)
(362.979,-146.412,3.4014)
(-317.429,67.3514,28.8269)
(-272.461,145.732,54.1676)
(-151.961,288.338,30.8917)
(-185.899,79.0613,-21.4966)
(-64.9288,-313.892,-35.2294)
(76.3605,-273.663,-156.449)
(312.897,-9.34505,-94.3283)
(325.264,-95.3521,-152.008)
(-327.967,3.04628,37.4609)
(-338.819,-73.915,70.6367)
(-325.412,5.60124,37.004)
(-341.546,15.1054,49.6055)
(-325.319,5.74805,37.3315)
(-281.823,55.8875,27.5925)
(266.983,-193.098,93.6759)
(247.582,-184.673,9.70551)
(-252.454,197.115,-100.317)
(-276.527,134.574,-143.193)
(-247.008,195.906,-97.3415)
(-304.487,245.995,-61.7256)
(315.24,54.3995,-64.7628)
(322.574,113.243,-27.9791)
(325.203,61.3308,-67.0618)
(346.79,147.052,6.79)
(-28.5587,-315.368,100.588)
(123.192,-205.347,81.742)
(-28.1177,-315.17,100.868)
(23.518,-288.124,104.157)
(-71.1768,306.992,-96.4658)
(-71.5152,277.541,-140.709)
(-55.7654,330.999,-97.8181)
(-31.7734,343.584,-167.851)
(-56.0583,331.687,-99.4491)
(83.4647,398.723,-107.805)
(-266.237,-189.984,-27.3132)
(-240.703,-137.218,-43.2574)
(53.0689,-314.426,4.50592)
(-18.0045,-339.669,19.4651)
(-44.6146,321.87,105.323)
(-17.1357,393.978,42.7496)
(-45.0764,320.825,102.438)
(54.1466,320.492,72.6261)
(-55.73,-309.376,-98.081)
(-64.2471,-201.543,-130.053)
(55.4194,324.576,-16.0054)
(34.2045,453.654,20.1415)
(68.1012,310.591,30.4313)
(14.1771,230.757,-23.6903)
(-249.66,198.511,-81.7863)
(-278.926,149.857,-108.745)
(288.922,163.811,-70.9791)
(234.185,132.584,19.5583)
(-307.712,-80.903,35.8877)
(-372.055,-90.5134,-87.1009)
(279.939,153.636,-4.68162)
(242.843,131.463,154.653)
(290.144,148.818,-1.4994)
(318.133,229.241,-186.696)
(290.725,148.413,-1.40722)
(267.911,55.8422,153.674)
(-321.777,-66.1313,3.30941)
(-294.591,-190.13,77.6972)
(-321.782,-65.9149,2.39726)
(-326.771,-69.4169,47.4991)
(-183.123,-254.863,-57.3233)
(-167.073,-250.355,-157.922)
(315.749,17.1082,-54.6847)
(302.546,1.29671,-50.522)
(52.8196,328.883,69.3519)
(34.5398,339.21,-47.5317)
(259.885,-190.871,-21.1963)
(260.357,-68.3718,-131.279)
(265.257,-203.362,-21.0991)
(255.665,-276.072,-17.6578)
(-88.5326,312.56,-10.9644)
(-40.9265,290.693,-37.0743)
(-92.5816,319.557,-14.1237)
(-94.5539,336.091,79.8866)
(251.286,-223.137,5.62814)
(246.225,-278.078,1.33828)
(316.622,-25.5227,73.0625)
(330.53,-112.032,200.138)
(319.152,-22.599,74.1568)
(316.687,111.477,10.8555)
(281.604,-146.145,117.881)
(321.954,-154.239,43.9195)
(-56.5652,-322.612,-45.1217)
(-124.482,-319.614,-36.0173)
(57.5922,-313.715,81.8581)
(106.382,-210.513,83.3703)
(43.9037,314.084,-78.6879)
(98.1224,314.597,-138.572)
(303.624,97.2106,18.111)
(278.312,46.0805,-72.52)
(-228.406,-220.182,-45.7779)
(-327.261,-78.2961,-4.65328)
(-222.359,-227.615,-62.6743)
(-235.022,-161.775,-98.9793)
(323.744,57.1143,59.7918)
(324.777,39.9497,48.7744)
(318.133,58.0756,62.6942)
(435.898,-9.85743,23.921)
(-7.05874,-316.768,-103.4)
(13.8717,-342.804,-214.912)
(-8.35522,-320.517,-96.1702)
(-4.15993,-307.809,-134.653)
(179.398,-266.936,-78.4032)
(198.274,-307.746,-36.1782)
(169.548,-283.418,-59.5954)
(117.184,-326.221,-141.88)
(305.334,-82.9056,-82.9972)
(309.687,-55.676,-156.448)
(304.951,-84.1006,-82.5909)
(330.417,-130.359,-205.504)
(-285.983,-137.258,1.50629)
(-310.707,-200.786,58.7447)
(-292.968,-145.102,1.94565)
(-292.117,-65.9223,1.52592)
(-294.329,-147.861,0.556924)
(-282.872,-244.023,18.2216)
(-291.448,-146.998,2.85406)
(-272.486,-68.3559,43.8053)
(280.272,141.259,49.8874)
(281.534,80.8467,-10.5726)
(-194.164,-252.303,-84.5133)
(-111.611,-262.849,-56.8129)
(-241.658,204.533,107.447)
(-235.802,258.689,142.92)
(-67.3938,312.217,82.6111)
(-64.7009,319.15,22.6937)
(-75.1607,316.585,86.0057)
(-84.1331,420.587,139.571)
(198.438,-249.117,-67.6144)
(269.327,-336.098,-145.55)
(-184.784,263.063,83.9434)
(-230.574,238.301,122.142)
(180.629,-254.766,-27.1875)
(213.316,-323.758,35.8341)
(-3.66567,334.806,-35.377)
(-30.0482,458.938,-18.9561)
(23.5196,-321.574,33.3799)
(-76.6657,-363.17,57.7231)
(111.224,-304.336,-89.8062)
(61.7022,-370.001,-65.4874)
(125.412,-305.939,-95.884)
(-16.4047,-229.112,-86.8177)
(126.578,-295.427,-90.5792)
(157.083,-297.794,-87.9992)
(306.125,-78.2216,7.21668)
(333.444,-137.5,47.9455)
(309.164,-75.49,6.72049)
(235.497,-71.5095,-17.7077)
(312.886,-71.7791,10.0436)
(322.482,-83.5198,-31.9277)
(-266.045,190.963,-18.5823)
(-332.126,192.179,-25.5128)
(-265.18,191.189,-18.5482)
(-314.518,234.906,68.916)
(237.195,-204.315,28.5028)
(263.866,-78.13,-33.8783)
(240.336,-213.274,28.957)
(334.248,-262.266,108.426)
(-9.82216,313.542,-48.9252)
(-71.3059,318.018,43.6302)
(268.694,174.309,124.283)
(241.64,208.841,85.3618)
(315.587,43.6434,-43.5198)
(349.016,49.5353,-37.7795)
(311.827,42.0437,-44.6042)
(315.118,77.3122,9.40773)
(-315.287,-31.4108,30.9825)
(-300.543,17.8504,-57.3077)
(-319.843,-31.5979,35.1423)
(-335.939,-123.567,37.131)
(-227.68,-220.515,-35.4167)
(-264.938,-75.1248,-102.566)
(-272.001,-190.615,60.8704)
(-216.424,-273.35,-1.95342)
(-90.4309,-305.545,100.768)
(-112.247,-354.897,137.588)
(-204.382,-240.609,103.184)
(-141.301,-219.963,182.41)
(-210.32,-241.336,107.22)
(-173.244,-244.314,118.057)
(305.696,116.012,-48.644)
(296.49,-1.6709,-157.116)
(-319.505,2.55504,94.4693)
(-292.868,-8.09618,15.8707)
(-31.5774,-311.8,-54.4798)
(14.8936,-304.808,-58.5322)
(-27.5532,-311.8,-50.4662)
(-55.999,-395.608,-56.4933)
(-22.3511,-311.8,-49.9103)
(-106.421,-303.456,103.943)
(-41.1936,-320.453,-51.0142)
(-92.399,-236.226,-72.0497)
(282.549,-133.82,-43.5208)
(191.058,-77.8397,-57.3506)
(318.554,-2.3412,-17.1251)
(367.773,43.0296,13.8419)
(321.782,0.15021,-19.0377)
(264.285,0.976138,-87.9144)
(320.202,7.84801,-20.2029)
(242.75,59.1374,32.8564)
(-316.847,5.83968,36.184)
(-394.866,44.5763,-22.8594)
(259.225,-175.592,-47.1057)
(302.064,-196.955,-2.36114)
(-309.905,118.559,33.8367)
(-300.602,180.836,93.1923)
(-310.521,117.723,32.5199)
(-312.663,233.197,3.19923)
(284.485,-132.596,1.89579)
(233.123,-86.9015,3.7816)
(290.513,-137.117,3.68271)
(424.026,-128.451,41.8887)
(-165.492,279.963,-5.15028)
(-252.095,197.882,32.9476)
(-168.432,284.499,-3.37456)
(29.8234,354.404,28.624)
(-167.869,286.197,-1.55907)
(-237.715,370.929,-14.6672)
(312.183,-88.2208,12.4453)
(287.353,-6.78993,22.71)
(322.057,-95.2162,19.3827)
(287.074,-86.9629,20.0609)
(-273.654,167.566,-17.7566)
(-323.647,66.0274,56.3439)
(240.871,-198.128,-0.134699)
(241.301,-154.628,-54.2466)
(240.356,-204.18,-6.0071)
(181.734,-187.314,-22.692)
(-100.628,318.608,-2.23513)
(-9.67177,260.432,5.63957)
(-295.522,112.388,-82.2869)
(-239.733,116.868,-107.206)
(314.408,-69.7408,54.1384)
(212.282,-36.8289,108.315)
(19.9991,323.359,98.3657)
(-4.43324,319.958,173.587)
(23.5475,323.5,97.3982)
(43.1659,326.536,75.9019)
(226.808,-232.881,-68.8519)
(186.099,-137.646,-52.441)
(231.294,-225.143,-62.5966)
(209.153,-200.595,-14.0957)
(313.137,-44.2689,-122.407)
(351.52,59.7935,-77.0302)
(309.251,-47.9123,-124.83)
(270.291,8.26858,-85.3869)
(-43.3179,-316.123,-103.921)
(-68.0641,-373.778,-148.959)
(137.554,-292.87,-40.0049)
(59.1117,-275.113,-45.389)
(-209.322,248.891,38.0421)
(-196.392,268.955,70.3301)
(-212.53,239.67,-105.872)
(-229.163,287,-34.1028)
(290.705,-134.685,56.7644)
(234.673,-118.704,-119.277)
(289.789,-137.354,57.6535)
(362.331,-194.419,67.2784)
(42.9193,314.73,-10.7126)
(32.5958,353.866,68.0587)
(-203.291,-250.416,-22.834)
(-135.457,-282.583,54.1124)
(-196.259,-258.083,-16.7589)
(-134.418,-225.822,-50.7871)
(73.8325,312.802,31.9985)
(99.9463,296.385,-56.3673)
(75.5,310.488,33.0481)
(99.0754,316.804,28.0138)
(-306.701,86.0837,-46.6064)
(-395.642,165.083,-96.2428)
(-319.836,-28.6728,70.8026)
(-307.001,77.2483,137.817)
(-333.027,-11.3905,70.1468)
(-398.247,-10.6382,37.3566)
(-334.626,-13.8314,70.9917)
(-317.935,4.51819,-28.0857)
(324.574,46.5151,-118.706)
(449.168,22.9756,-107.62)
(-331.172,10.7539,64.971)
(-220.654,17.7122,54.7213)
(331.426,-6.82903,-38.2917)
(273.009,15.6961,13.7197)
(-51.3189,-318.917,11.7786)
(-33.7153,-237.681,6.02098)
(253.262,188.725,-8.10184)
(209.685,245.564,-113.68)
(19.208,-317.099,72.7871)
(55.786,-473.027,158.418)
(-169.341,283.195,-66.1978)
(-151.75,292.397,25.7008)
(-220.971,249.502,102.105)
(-196.359,269.695,70.3711)
(260.739,203.685,-113.3)
(223.574,127.788,-159.81)
(265.745,194.568,-114.21)
(363.494,179.461,-150.7)
(279.873,149.35,112.62)
(257.772,90.476,114.108)
(-254.015,-185.73,71.1205)
(-341.296,-233.937,142.124)
(114.75,290.898,-112.895)
(184.648,205.992,-113.904)
(271.492,-157.155,-39.7654)
(329.632,-178.983,-36.4789)
(-233.612,-217.913,69.2308)
(-255.983,-342.174,70.9912)
(-233.941,-216.751,72.1392)
(-345.71,-183.889,15.964)
(-314.456,-23.6732,116.481)
(-283.865,-134.281,28.0158)
(170.662,280.395,34.0165)
(144.95,178.998,-36.4861)
(159.851,289.879,32.7523)
(159.097,346.995,-79.751)
(154.541,291.262,35.7572)
(247.378,326.442,-129.659)
(309.639,-52.0722,50.26)
(295.695,-0.910101,143.897)
(-296.52,135.083,-123.498)
(-342.706,250.408,-88.1413)
(252.571,185.228,28.3252)
(328.291,248.631,-73.3112)
(-115.16,-292.61,-46.0763)
(-95.2079,-221.213,-3.34807)
(-124.98,-298.678,-50.223)
(-99.1177,-312.552,-95.6833)
(-309.175,-65.8929,-70.6356)
(-296.13,-153.025,51.6985)
(-317.045,-61.1731,-73.1554)
(-361.185,-53.4591,-35.8754)
(-316.492,-58.9026,-72.3002)
(-251.471,-7.61499,-159.559)
(273.781,150.721,91.6569)
(262.88,163.732,101.093)
(284.671,165.586,81.245)
(250.923,89.2302,44.0245)
(293.604,-129.55,-5.48326)
(426.911,-103.519,-71.7187)
(-212.048,-230.115,122.345)
(-191.183,-187.688,171.35)
(-79.4387,-304.577,65.2151)
(-44.263,-229.611,100.494)
(170.911,284.648,-62.5189)
(143.685,212.667,-104.641)
(242.467,201.942,58.4187)
(248.801,176.5,-64.5352)
(242.424,214.495,61.5257)
(163.816,153.249,106.695)
(250.6,218.445,66.7505)
(183.525,151.209,33.8689)
(-322.369,-48.4877,-58.7605)
(-381.747,-25.7504,41.5721)
(-320.269,-49.3187,-59.0659)
(-345.217,-40.7279,-73.9482)
(299.252,92.981,117.19)
(289.233,93.9283,277.583)
(142.55,-303.937,33.7337)
(108.961,-328.901,-52.2438)
(14.7923,316.251,-36.0451)
(24.6657,318.31,23.2827)
(-321.53,42.6734,-120.787)
(-301.316,52.2925,-219.166)
(281.603,-141.928,-78.1312)
(296.247,-117.006,33.9613)
(286.522,129.477,77.4544)
(361.6,145.498,159.595)
(-129.027,289.733,-44.8335)
(-231.971,189.735,75.6489)
(197.866,259.299,93.3518)
(173.595,278.124,8.39557)
(188.938,261.376,95.239)
(15.6656,344.129,133.168)
(-179.739,-262.172,-92.0774)
(-172.219,-263.23,-106.149)
(44.1027,332.624,-101.257)
(-9.47176,330.202,-133.779)
(-220.279,-237.712,69.8253)
(-207.41,-270.414,55.2093)
(-218.252,-230.656,70.2444)
(-300.123,-225.968,26.8679)
(-280.843,148.859,41.2926)
(-288.392,134.724,101.182)
(-285.908,146.696,44.8406)
(-328.358,129.154,3.14319)
(-294.56,151.242,48.1885)
(-307.372,179.114,21.2178)
(171.839,-288.972,77.9148)
(88.7497,-339.263,17.2793)
0 events have been kept for refreshing and/or reviewing.
  "/vis/reviewKeptEvents" to review them one by one.
  "/vis/enable", then "/vis/viewer/flush" or "/vis/viewer/rebuild" to see them accumulated.
[Core-0] End of macro ./split/.Gate/main123/main14.mac
Graphics systems deleted.
Visualization Manager deleting...
