[G4] 
[G4] **************************************************************
[G4]  Geant4 version Name: geant4-10-07-patch-02    (11-June-2021)
[G4]                        Copyright : Geant4 Collaboration
[G4]                       References : NIM A 506 (2003), 250-303
[G4]                                  : IEEE-TNS 53 (2006), 270-278
[G4]                                  : NIM A 835 (2016), 186-225
[G4]                              WWW : http://geant4.org/
[G4] **************************************************************
[G4] 
[Core-0] Initialization of geometry
[Core-0] Initialization of physics
[Core-0] Initialization of actors
[Core-0] 
[Core-0] *************************************************
[Core-0]  GATE version 9.1 (2021)
[Core-0]  Copyright : OpenGATE Collaboration
[Core-0]  Reference : Phys. Med. Biol. 49 (2004) 4543-4561
[Core-0]  Reference : Phys. Med. Biol. 56 (2011) 881-901
[Core-0]  Reference : Med. Phys. 41(6)    (2014)
[Core-0]  http://www.opengatecollaboration.org        
[Core-0] *************************************************
[Core-0] 
[Core-0] You are using Geant4 version 10.7.2
[Core-0] Starting macro ./split/.Gate/main123/main4.mac
0: RINDEX
1.84e-06   1.00028
4.08e-06   1.00028
9: GROUPVEL
1.84e-06   299.709
4.08e-06   299.709
16: ABSLENGTH
1.84e-06   50000
4.08e-06   50000
 <!> *** WARNING *** <!>  GateMaterialDatabase: Multiple definition of element: Yttrium.
The definition in ClMind_GateMaterials.db was used.


GATE object:        'systems/cylindricalPET'
Components:

GATE object:        'systems/cylindricalPET/base'
Attached to volume: cylindricalPET
Nb of children:       1

	GATE object:        'systems/cylindricalPET/rsector'
	Attached to volume: module
	Nb of children:       1

		GATE object:        'systems/cylindricalPET/module'
		Attached to volume: unit
		Nb of children:       1

			GATE object:        'systems/cylindricalPET/submodule'
			Attached to volume: block
			Nb of children:       1

				GATE object:        'systems/cylindricalPET/crystal'
				Attached to volume: optical
				Nb of children:       4

					GATE object:        'systems/cylindricalPET/layer0'
					Attached to volume: crystal
					Nb of children:       0

					GATE object:        'systems/cylindricalPET/layer1'
					Attached to volume: ---
					Nb of children:       0

					GATE object:        'systems/cylindricalPET/layer2'
					Attached to volume: ---
					Nb of children:       0

					GATE object:        'systems/cylindricalPET/layer3'
					Attached to volume: ---
					Nb of children:       0
geometrical design type: 1
ring diameter: -3.95 mm 
rsector axial pitch: 0 fm 
rsector azimuthal pitch: 12.8571 degree
rsector tangential size: 2.5 cm 
rsector axial size: 25.04 cm 
module axial size: 4.784 cm 
module tangential size: 2.5 cm 
module axial pitch: 0 fm 
module tangential pitch: 0 fm 
submodule axial size: 4.784 cm 
submodule tangential size: 2.5 cm 
submodule axial pitch: 0 fm 
submodule tangential pitch: 0 fm 
crystal radial size: 1.59 cm 
crystal axial size: 1.59 cm 
crystal tangential size: 2.5 cm 
crystal axial pitch: 0 fm 
crystal tangential pitch: 0 fm 
layer0 radial size: 3.95 mm 
in layer0 interaction length: 1.975 mm 
Axial nb of rsectors: 1
Azimuthal nb of rsectors: 28
Axial nb of modules: 1
Tangential nb of modules: 1
Axial nb of submodules: 1
Tangential nb of submodules: 1
Axial nb of crystals: 1
Tangential nb of crystals: 1
Radial nb of layers: 1
[Physic-0] The following Geant4's physic-list is enabled :emstandard_opt3


List of Enabled processes:




List of initialized processes:


[Core-0] Initialization of geometry
[Core-0] Initialization of physics
[Core-0] Initialization of actors
 <!> *** WARNING *** <!>  The 'energytype' option is DEPRECATED, use 'ene/type' instead!
 <!> *** WARNING *** <!>  The 'energytype' option is DEPRECATED, use 'ene/type' instead!
 <!> *** WARNING *** <!>  The 'energytype' option is DEPRECATED, use 'ene/type' instead!
 <!> *** WARNING *** <!>  The 'energytype' option is DEPRECATED, use 'ene/type' instead!
 <!> *** WARNING *** <!>  The 'energytype' option is DEPRECATED, use 'ene/type' instead!
 <!> *** WARNING *** <!>  The 'energytype' option is DEPRECATED, use 'ene/type' instead!
 <!> *** WARNING *** <!>  The 'energytype' option is DEPRECATED, use 'ene/type' instead!
 <!> *** WARNING *** <!>  The 'energytype' option is DEPRECATED, use 'ene/type' instead!
 <!> *** WARNING *** <!>  The 'energytype' option is DEPRECATED, use 'ene/type' instead!
[Acquisition-0]   
[Acquisition-0] ============= Source initialization =============
[Acquisition-0]   
[Acquisition-0] ============= Acquisition starts! =============
[Acquisition-0] Simulation start time = 0 sec
[Acquisition-0] Simulation end time   = 1 sec
[Acquisition-0] Simulation will have  = 1 run(s)
[Acquisition-0] Slice 0 from 0 to 1 s [slice=1 s]

### ===  Deexcitation model UAtomDeexcitation is activated for 25 regions:
          DefaultRegionForTheWorld  1  1  1
          cylindricalPET  1  1  1
          module  1  1  1
          unit  1  1  1
          block  1  1  1
          optical  1  1  1
          crystal  1  1  1
          capillaire1  1  1  1
          capillaire1_water  1  1  1
          capillaire2  1  1  1
          capillaire2_water  1  1  1
          capillaire3  1  1  1
          capillaire3_water  1  1  1
          capillaire4  1  1  1
          capillaire4_water  1  1  1
          capillaire5  1  1  1
          capillaire5_water  1  1  1
          capillaire_m1  1  1  1
          capillaire_m1_water  1  1  1
          capillaire_m2  1  1  1
          capillaire_m2_water  1  1  1
          capillaire_m3  1  1  1
          capillaire_m3_water  1  1  1
          capillaire_m4  1  1  1
          capillaire_m4_water  1  1  1
### ===  Ignore cuts flag:   0

phot:  for gamma applyCuts:1  SubType=12 BuildTable=0
      LambdaPrime table from 200 keV to 100 TeV in 174 bins 
      ===== EM models for the G4Region  DefaultRegionForTheWorld ======
 LivermorePhElectric : Emin=    0 eV  Emax=  100 TeV  SauterGavrila Fluo

compt:  for gamma applyCuts:1  SubType=13 BuildTable=1
      Lambda table from 10 eV  to 1 MeV, 20 bins/decade, spline: 1
      LambdaPrime table from 1 MeV to 100 TeV in 160 bins 
      ===== EM models for the G4Region  DefaultRegionForTheWorld ======
        KleinNishina : Emin=    0 eV  Emax=  100 TeV Fluo

conv:  for gamma applyCuts:1  SubType=14 BuildTable=1
      Lambda table from 1.022 MeV to 100 TeV, 20 bins/decade, spline: 1
      ===== EM models for the G4Region  DefaultRegionForTheWorld ======
     BetheHeitlerLPM : Emin=    0 eV  Emax=  100 TeV  ModifiedTsai

Rayl:  for gamma applyCuts:1  SubType=11 BuildTable=1
      Lambda table from 10 eV  to 100 keV, 20 bins/decade, spline: 0
      LambdaPrime table from 100 keV to 100 TeV in 180 bins 
      ===== EM models for the G4Region  DefaultRegionForTheWorld ======
   LivermoreRayleigh : Emin=    0 eV  Emax=  100 TeV  CullenGenerator

msc:  for e-  SubType= 10
      ===== EM models for the G4Region  DefaultRegionForTheWorld ======
            UrbanMsc : Emin=    0 eV  Emax=  100 TeV Nbins=240 100 eV  - 100 TeV
              StepLim=DistanceToBoundary Rfact=0.04 Gfact=2.5 Sfact=0.6 DispFlag:1 Skin=1 Llimit=1

eIoni:  for e-  SubType=2
      dE/dx and range tables from 10 eV  to 100 TeV in 260 bins
      Lambda tables from threshold to 100 TeV, 20 bins/decade, spline: 1
      StepFunction=(0.2, 0.1 mm), integ: 1, fluct: 1, linLossLim= 0.01
      ===== EM models for the G4Region  DefaultRegionForTheWorld ======
        MollerBhabha : Emin=    0 eV  Emax=  100 TeV  deltaVI

eBrem:  for e-  SubType=3
      dE/dx and range tables from 10 eV  to 100 TeV in 260 bins
      Lambda tables from threshold to 100 TeV, 20 bins/decade, spline: 1
      LPM flag: 1 for E > 1 GeV,  VertexHighEnergyTh(GeV)= 100000
      ===== EM models for the G4Region  DefaultRegionForTheWorld ======
             eBremSB : Emin=    0 eV  Emax=    1 GeV  AngularGen2BS
            eBremLPM : Emin=    1 GeV Emax=  100 TeV  AngularGen2BS

ePairProd:  for e-  SubType=4
      dE/dx and range tables from 10 eV  to 100 TeV in 260 bins
      Lambda tables from threshold to 100 TeV, 20 bins/decade, spline: 1
      Sampling table 25x1001; from 0.1 GeV to 100 TeV 
      ===== EM models for the G4Region  DefaultRegionForTheWorld ======
           ePairProd : Emin=    0 eV  Emax=  100 TeV  ModifiedMephi

msc:  for e+  SubType= 10
      ===== EM models for the G4Region  DefaultRegionForTheWorld ======
            UrbanMsc : Emin=    0 eV  Emax=  100 TeV Nbins=240 100 eV  - 100 TeV
              StepLim=DistanceToBoundary Rfact=0.04 Gfact=2.5 Sfact=0.6 DispFlag:1 Skin=1 Llimit=1

eIoni:  for e+  SubType=2
      dE/dx and range tables from 10 eV  to 100 TeV in 260 bins
      Lambda tables from threshold to 100 TeV, 20 bins/decade, spline: 1
      StepFunction=(0.2, 0.1 mm), integ: 1, fluct: 1, linLossLim= 0.01
      ===== EM models for the G4Region  DefaultRegionForTheWorld ======
        MollerBhabha : Emin=    0 eV  Emax=  100 TeV  deltaVI

eBrem:  for e+  SubType=3
      dE/dx and range tables from 10 eV  to 100 TeV in 260 bins
      Lambda tables from threshold to 100 TeV, 20 bins/decade, spline: 1
      LPM flag: 1 for E > 1 GeV,  VertexHighEnergyTh(GeV)= 100000
      ===== EM models for the G4Region  DefaultRegionForTheWorld ======
             eBremSB : Emin=    0 eV  Emax=    1 GeV  AngularGen2BS
            eBremLPM : Emin=    1 GeV Emax=  100 TeV  AngularGen2BS

ePairProd:  for e+  SubType=4
      dE/dx and range tables from 10 eV  to 100 TeV in 260 bins
      Lambda tables from threshold to 100 TeV, 20 bins/decade, spline: 1
      Sampling table 25x1001; from 0.1 GeV to 100 TeV 
      ===== EM models for the G4Region  DefaultRegionForTheWorld ======
           ePairProd : Emin=    0 eV  Emax=  100 TeV  ModifiedMephi

annihil:  for e+, integral:1  applyCuts:1  SubType=5 BuildTable=0
      ===== EM models for the G4Region  DefaultRegionForTheWorld ======
            eplus2gg : Emin=    0 eV  Emax=  100 TeV

msc:  for proton  SubType= 10
      ===== EM models for the G4Region  DefaultRegionForTheWorld ======
            UrbanMsc : Emin=    0 eV  Emax=  100 TeV Nbins=240 100 eV  - 100 TeV
              StepLim=Minimal Rfact=0.2 Gfact=2.5 Sfact=0.6 DispFlag:1 Skin=1 Llimit=1

hIoni:  for proton  SubType=2
      dE/dx and range tables from 10 eV  to 100 TeV in 260 bins
      Lambda tables from threshold to 100 TeV, 20 bins/decade, spline: 1
      StepFunction=(0.2, 0.05 mm), integ: 1, fluct: 1, linLossLim= 0.01
      ===== EM models for the G4Region  DefaultRegionForTheWorld ======
               Bragg : Emin=    0 eV  Emax=    2 MeV  deltaVI
          BetheBloch : Emin=    2 MeV Emax=  100 TeV  deltaVI

hBrems:  for proton  SubType=3
      dE/dx and range tables from 10 eV  to 100 TeV in 260 bins
      Lambda tables from threshold to 100 TeV, 20 bins/decade, spline: 1
      ===== EM models for the G4Region  DefaultRegionForTheWorld ======
               hBrem : Emin=    0 eV  Emax=  100 TeV  ModifiedMephi
      ===== Limit on energy threshold has been applied 

hPairProd:  for proton  SubType=4
      dE/dx and range tables from 10 eV  to 100 TeV in 260 bins
      Lambda tables from threshold to 100 TeV, 20 bins/decade, spline: 1
      Sampling table 17x1001; from 7.50618 GeV to 100 TeV 
      ===== EM models for the G4Region  DefaultRegionForTheWorld ======
           hPairProd : Emin=    0 eV  Emax=  100 TeV  ModifiedMephi

nuclearStopping:  for proton applyCuts:1  SubType=8 BuildTable=0
      ===== EM models for the G4Region  DefaultRegionForTheWorld ======
   ICRU49NucStopping : Emin=    0 eV  Emax=    1 MeV

msc:  for GenericIon  SubType= 10
      ===== EM models for the G4Region  DefaultRegionForTheWorld ======
            UrbanMsc : Emin=    0 eV  Emax=  100 TeV
              StepLim=Minimal Rfact=0.2 Gfact=2.5 Sfact=0.6 DispFlag:1 Skin=1 Llimit=1

ionIoni:  for GenericIon  SubType=2
      dE/dx and range tables from 10 eV  to 100 TeV in 260 bins
      Lambda tables from threshold to 100 TeV, 20 bins/decade, spline: 1
      StepFunction=(0.1, 0.02 mm), integ: 1, fluct: 1, linLossLim= 0.02
      ===== EM models for the G4Region  DefaultRegionForTheWorld ======
         ParamICRU73 : Emin=    0 eV  Emax=  100 TeV  deltaVI

nuclearStopping:  for GenericIon applyCuts:1  SubType=8 BuildTable=0
      ===== EM models for the G4Region  DefaultRegionForTheWorld ======
   ICRU49NucStopping : Emin=    0 eV  Emax=    1 MeV

msc:  for alpha  SubType= 10
      ===== EM models for the G4Region  DefaultRegionForTheWorld ======
            UrbanMsc : Emin=    0 eV  Emax=  100 TeV Nbins=240 100 eV  - 100 TeV
              StepLim=Minimal Rfact=0.2 Gfact=2.5 Sfact=0.6 DispFlag:1 Skin=1 Llimit=1

ionIoni:  for alpha  SubType=2
      dE/dx and range tables from 10 eV  to 100 TeV in 260 bins
      Lambda tables from threshold to 100 TeV, 20 bins/decade, spline: 1
      StepFunction=(0.1, 0.02 mm), integ: 1, fluct: 1, linLossLim= 0.02
      ===== EM models for the G4Region  DefaultRegionForTheWorld ======
            BraggIon : Emin=    0 eV  Emax=7.9452 MeV  deltaVI
          BetheBloch : Emin=7.9452 MeV Emax=  100 TeV  deltaVI

nuclearStopping:  for alpha applyCuts:1  SubType=8 BuildTable=0
      ===== EM models for the G4Region  DefaultRegionForTheWorld ======
   ICRU49NucStopping : Emin=    0 eV  Emax=    1 MeV

msc:  for anti_proton  SubType= 10
      ===== EM models for the G4Region  DefaultRegionForTheWorld ======
            UrbanMsc : Emin=    0 eV  Emax=  100 TeV Nbins=240 100 eV  - 100 TeV
              StepLim=Minimal Rfact=0.2 Gfact=2.5 Sfact=0.6 DispFlag:1 Skin=1 Llimit=1

hIoni:  for anti_proton  SubType=2
      dE/dx and range tables from 10 eV  to 100 TeV in 260 bins
      Lambda tables from threshold to 100 TeV, 20 bins/decade, spline: 1
      StepFunction=(0.2, 0.05 mm), integ: 1, fluct: 1, linLossLim= 0.01
      ===== EM models for the G4Region  DefaultRegionForTheWorld ======
            ICRU73QO : Emin=    0 eV  Emax=    2 MeV  deltaVI
          BetheBloch : Emin=    2 MeV Emax=  100 TeV  deltaVI

hBrems:  for anti_proton  SubType=3
      dE/dx and range tables from 10 eV  to 100 TeV in 260 bins
      Lambda tables from threshold to 100 TeV, 20 bins/decade, spline: 1
      ===== EM models for the G4Region  DefaultRegionForTheWorld ======
               hBrem : Emin=    0 eV  Emax=  100 TeV  ModifiedMephi
      ===== Limit on energy threshold has been applied 

hPairProd:  for anti_proton  SubType=4
      dE/dx and range tables from 10 eV  to 100 TeV in 260 bins
      Lambda tables from threshold to 100 TeV, 20 bins/decade, spline: 1
      Sampling table 17x1001; from 7.50618 GeV to 100 TeV 
      ===== EM models for the G4Region  DefaultRegionForTheWorld ======
           hPairProd : Emin=    0 eV  Emax=  100 TeV  ModifiedMephi

msc:  for kaon+  SubType= 10
      ===== EM models for the G4Region  DefaultRegionForTheWorld ======
            UrbanMsc : Emin=    0 eV  Emax=  100 TeV Nbins=240 100 eV  - 100 TeV
              StepLim=Minimal Rfact=0.2 Gfact=2.5 Sfact=0.6 DispFlag:1 Skin=1 Llimit=1

hIoni:  for kaon+  SubType=2
      dE/dx and range tables from 10 eV  to 100 TeV in 260 bins
      Lambda tables from threshold to 100 TeV, 20 bins/decade, spline: 1
      StepFunction=(0.2, 0.05 mm), integ: 1, fluct: 1, linLossLim= 0.01
      ===== EM models for the G4Region  DefaultRegionForTheWorld ======
               Bragg : Emin=    0 eV  Emax=1.05231 MeV  deltaVI
          BetheBloch : Emin=1.05231 MeV Emax=  100 TeV  deltaVI

hBrems:  for kaon+  SubType=3
      dE/dx and range tables from 10 eV  to 100 TeV in 260 bins
      Lambda tables from threshold to 100 TeV, 20 bins/decade, spline: 1
      ===== EM models for the G4Region  DefaultRegionForTheWorld ======
               hBrem : Emin=    0 eV  Emax=  100 TeV  ModifiedMephi
      ===== Limit on energy threshold has been applied 

hPairProd:  for kaon+  SubType=4
      dE/dx and range tables from 10 eV  to 100 TeV in 260 bins
      Lambda tables from threshold to 100 TeV, 20 bins/decade, spline: 1
      Sampling table 18x1001; from 3.94942 GeV to 100 TeV 
      ===== EM models for the G4Region  DefaultRegionForTheWorld ======
           hPairProd : Emin=    0 eV  Emax=  100 TeV  ModifiedMephi

msc:  for kaon-  SubType= 10
      ===== EM models for the G4Region  DefaultRegionForTheWorld ======
            UrbanMsc : Emin=    0 eV  Emax=  100 TeV Nbins=240 100 eV  - 100 TeV
              StepLim=Minimal Rfact=0.2 Gfact=2.5 Sfact=0.6 DispFlag:1 Skin=1 Llimit=1

hIoni:  for kaon-  SubType=2
      dE/dx and range tables from 10 eV  to 100 TeV in 260 bins
      Lambda tables from threshold to 100 TeV, 20 bins/decade, spline: 1
      StepFunction=(0.2, 0.05 mm), integ: 1, fluct: 1, linLossLim= 0.01
      ===== EM models for the G4Region  DefaultRegionForTheWorld ======
            ICRU73QO : Emin=    0 eV  Emax=1.05231 MeV  deltaVI
          BetheBloch : Emin=1.05231 MeV Emax=  100 TeV  deltaVI

hBrems:  for kaon-  SubType=3
      dE/dx and range tables from 10 eV  to 100 TeV in 260 bins
      Lambda tables from threshold to 100 TeV, 20 bins/decade, spline: 1
      ===== EM models for the G4Region  DefaultRegionForTheWorld ======
               hBrem : Emin=    0 eV  Emax=  100 TeV  ModifiedMephi
      ===== Limit on energy threshold has been applied 

hPairProd:  for kaon-  SubType=4
      dE/dx and range tables from 10 eV  to 100 TeV in 260 bins
      Lambda tables from threshold to 100 TeV, 20 bins/decade, spline: 1
      Sampling table 18x1001; from 3.94942 GeV to 100 TeV 
      ===== EM models for the G4Region  DefaultRegionForTheWorld ======
           hPairProd : Emin=    0 eV  Emax=  100 TeV  ModifiedMephi

msc:  for mu+  SubType= 10
      ===== EM models for the G4Region  DefaultRegionForTheWorld ======
            UrbanMsc : Emin=    0 eV  Emax=  100 TeV Nbins=240 100 eV  - 100 TeV
              StepLim=Minimal Rfact=0.2 Gfact=2.5 Sfact=0.6 DispFlag:1 Skin=1 Llimit=1

muIoni:  for mu+  SubType=2
      dE/dx and range tables from 10 eV  to 100 TeV in 260 bins
      Lambda tables from threshold to 100 TeV, 20 bins/decade, spline: 1
      StepFunction=(0.2, 0.05 mm), integ: 1, fluct: 1, linLossLim= 0.01
      ===== EM models for the G4Region  DefaultRegionForTheWorld ======
               Bragg : Emin=    0 eV  Emax=  200 keV  deltaVI
          BetheBloch : Emin=  200 keV Emax=    1 GeV  deltaVI
        MuBetheBloch : Emin=    1 GeV Emax=  100 TeV

muBrems:  for mu+  SubType=3
      dE/dx and range tables from 10 eV  to 100 TeV in 260 bins
      Lambda tables from threshold to 100 TeV, 20 bins/decade, spline: 1
      ===== EM models for the G4Region  DefaultRegionForTheWorld ======
              MuBrem : Emin=    0 eV  Emax=  100 TeV  ModifiedMephi
      ===== Limit on energy threshold has been applied 

muPairProd:  for mu+  SubType=4
      dE/dx and range tables from 10 eV  to 100 TeV in 260 bins
      Lambda tables from threshold to 100 TeV, 20 bins/decade, spline: 1
      Sampling table 21x1001; from 1 GeV to 100 TeV 
      ===== EM models for the G4Region  DefaultRegionForTheWorld ======
          muPairProd : Emin=    0 eV  Emax=  100 TeV  ModifiedMephi

msc:  for mu-  SubType= 10
      ===== EM models for the G4Region  DefaultRegionForTheWorld ======
            UrbanMsc : Emin=    0 eV  Emax=  100 TeV Nbins=240 100 eV  - 100 TeV
              StepLim=Minimal Rfact=0.2 Gfact=2.5 Sfact=0.6 DispFlag:1 Skin=1 Llimit=1

muIoni:  for mu-  SubType=2
      dE/dx and range tables from 10 eV  to 100 TeV in 260 bins
      Lambda tables from threshold to 100 TeV, 20 bins/decade, spline: 1
      StepFunction=(0.2, 0.05 mm), integ: 1, fluct: 1, linLossLim= 0.01
      ===== EM models for the G4Region  DefaultRegionForTheWorld ======
            ICRU73QO : Emin=    0 eV  Emax=  200 keV  deltaVI
          BetheBloch : Emin=  200 keV Emax=    1 GeV  deltaVI
        MuBetheBloch : Emin=    1 GeV Emax=  100 TeV

muBrems:  for mu-  SubType=3
      dE/dx and range tables from 10 eV  to 100 TeV in 260 bins
      Lambda tables from threshold to 100 TeV, 20 bins/decade, spline: 1
      ===== EM models for the G4Region  DefaultRegionForTheWorld ======
              MuBrem : Emin=    0 eV  Emax=  100 TeV  ModifiedMephi
      ===== Limit on energy threshold has been applied 

muPairProd:  for mu-  SubType=4
      dE/dx and range tables from 10 eV  to 100 TeV in 260 bins
      Lambda tables from threshold to 100 TeV, 20 bins/decade, spline: 1
      Sampling table 21x1001; from 1 GeV to 100 TeV 
      ===== EM models for the G4Region  DefaultRegionForTheWorld ======
          muPairProd : Emin=    0 eV  Emax=  100 TeV  ModifiedMephi

msc:  for pi+  SubType= 10
      ===== EM models for the G4Region  DefaultRegionForTheWorld ======
            UrbanMsc : Emin=    0 eV  Emax=  100 TeV Nbins=240 100 eV  - 100 TeV
              StepLim=Minimal Rfact=0.2 Gfact=2.5 Sfact=0.6 DispFlag:1 Skin=1 Llimit=1

hIoni:  for pi+  SubType=2
      dE/dx and range tables from 10 eV  to 100 TeV in 260 bins
      Lambda tables from threshold to 100 TeV, 20 bins/decade, spline: 1
      StepFunction=(0.2, 0.05 mm), integ: 1, fluct: 1, linLossLim= 0.01
      ===== EM models for the G4Region  DefaultRegionForTheWorld ======
               Bragg : Emin=    0 eV  Emax=297.505 keV  deltaVI
          BetheBloch : Emin=297.505 keV Emax=  100 TeV  deltaVI

hBrems:  for pi+  SubType=3
      dE/dx and range tables from 10 eV  to 100 TeV in 260 bins
      Lambda tables from threshold to 100 TeV, 20 bins/decade, spline: 1
      ===== EM models for the G4Region  DefaultRegionForTheWorld ======
               hBrem : Emin=    0 eV  Emax=  100 TeV  ModifiedMephi
      ===== Limit on energy threshold has been applied 

hPairProd:  for pi+  SubType=4
      dE/dx and range tables from 10 eV  to 100 TeV in 260 bins
      Lambda tables from threshold to 100 TeV, 20 bins/decade, spline: 1
      Sampling table 20x1001; from 1.11656 GeV to 100 TeV 
      ===== EM models for the G4Region  DefaultRegionForTheWorld ======
           hPairProd : Emin=    0 eV  Emax=  100 TeV  ModifiedMephi

msc:  for pi-  SubType= 10
      ===== EM models for the G4Region  DefaultRegionForTheWorld ======
            UrbanMsc : Emin=    0 eV  Emax=  100 TeV Nbins=240 100 eV  - 100 TeV
              StepLim=Minimal Rfact=0.2 Gfact=2.5 Sfact=0.6 DispFlag:1 Skin=1 Llimit=1

hIoni:  for pi-  SubType=2
      dE/dx and range tables from 10 eV  to 100 TeV in 260 bins
      Lambda tables from threshold to 100 TeV, 20 bins/decade, spline: 1
      StepFunction=(0.2, 0.05 mm), integ: 1, fluct: 1, linLossLim= 0.01
      ===== EM models for the G4Region  DefaultRegionForTheWorld ======
            ICRU73QO : Emin=    0 eV  Emax=297.505 keV  deltaVI
          BetheBloch : Emin=297.505 keV Emax=  100 TeV  deltaVI

hBrems:  for pi-  SubType=3
      dE/dx and range tables from 10 eV  to 100 TeV in 260 bins
      Lambda tables from threshold to 100 TeV, 20 bins/decade, spline: 1
      ===== EM models for the G4Region  DefaultRegionForTheWorld ======
               hBrem : Emin=    0 eV  Emax=  100 TeV  ModifiedMephi
      ===== Limit on energy threshold has been applied 

hPairProd:  for pi-  SubType=4
      dE/dx and range tables from 10 eV  to 100 TeV in 260 bins
      Lambda tables from threshold to 100 TeV, 20 bins/decade, spline: 1
      Sampling table 20x1001; from 1.11656 GeV to 100 TeV 
      ===== EM models for the G4Region  DefaultRegionForTheWorld ======
           hPairProd : Emin=    0 eV  Emax=  100 TeV  ModifiedMephi
G4VisManager: Using G4TrajectoryDrawByCharge as fallback trajectory model.
See commands in /vis/modeling/trajectories/ for other options.

### ===  Deexcitation model UAtomDeexcitation is activated for 25 regions:
          DefaultRegionForTheWorld  1  1  1
          cylindricalPET  1  1  1
          module  1  1  1
          unit  1  1  1
          block  1  1  1
          optical  1  1  1
          crystal  1  1  1
          capillaire1  1  1  1
          capillaire1_water  1  1  1
          capillaire2  1  1  1
          capillaire2_water  1  1  1
          capillaire3  1  1  1
          capillaire3_water  1  1  1
          capillaire4  1  1  1
          capillaire4_water  1  1  1
          capillaire5  1  1  1
          capillaire5_water  1  1  1
          capillaire_m1  1  1  1
          capillaire_m1_water  1  1  1
          capillaire_m2  1  1  1
          capillaire_m2_water  1  1  1
          capillaire_m3  1  1  1
          capillaire_m3_water  1  1  1
          capillaire_m4  1  1  1
          capillaire_m4_water  1  1  1
### ===  Ignore cuts flag:   0
(-287.085,125.035,-45.0955)
(-315.582,41.5254,-74.6306)
(209.792,-247.627,-91.3381)
(240.554,-254.248,-48.5898)
(-6.21031,-319.163,124.851)
(-59.0755,-355.084,101.18)
(235.704,206.149,-83.6933)
(113.404,244.435,-146.662)
(239.094,215.593,-77.8687)
(141.437,172.76,-53.4293)
(241.91,208.524,-69.6937)
(243.665,222.666,-51.4712)
(-255.74,-202.924,-93.8712)
(-215.124,-112.314,-136.483)
(286.14,124.516,56.7959)
(212.36,47.1366,164.964)
(-131.944,299.57,-125.199)
(-145.909,286.641,-155.558)
(-214.277,233.709,-14.9976)
(-245.907,288.057,-57.9165)
(-252.304,-196.079,-8.70395)
(-238.871,-334.449,-82.3075)
(-173.505,287.979,-78.5199)
(-4.33254,310.992,-23.1646)
(-314.826,3.2754,-69.4775)
(-397.541,-83.2312,-74.235)
(314.286,-2.484,32.5078)
(280.825,-19.2506,46.2871)
(-313.645,-116.478,104.149)
(-359.41,-48.897,115.208)
(-312.435,-6.64062,34.6492)
(-364.546,74.6091,14.9366)
(313.69,14.5832,-70.5501)
(193.925,-6.01244,-12.2071)
(214.883,-232.394,-80.7906)
(244.173,-240.781,-99.0858)
(214.73,-248.299,-77.8916)
(276.663,-289.139,-92.9776)
(213.569,-251.69,-71.9344)
(321.259,-248.507,-0.0701979)
(-287.197,128.279,46.4838)
(-359.2,52.7896,104.671)
(-287.269,128.658,48.5318)
(-201.119,166.012,42.0391)
(313.772,10.7933,-30.2652)
(338.385,90.8756,-79.7154)
(-322.824,-19.2359,49.0926)
(-237.86,-136.242,35.6588)
(153.744,276.44,51.3355)
(175.604,321.877,51.5215)
(154.259,276.425,54.6615)
(150.575,316.143,99.1026)
(-246.105,-195.798,-35.7676)
(-300.833,-200.239,46.853)
(-322.412,83.9334,-102.214)
(-400.445,133.146,-179.624)
(-324.335,89.837,-101.126)
(-411.884,38.7152,-188.838)
(156.405,-270.763,64.7127)
(173.483,-172.301,82.4469)
(-294.247,128.175,114.774)
(-237.833,46.0982,151.129)
(-159.787,295.486,105.558)
(-204.355,324.699,158.028)
(63.6211,-306.471,-110.17)
(100.56,-268.858,-94.6799)
(24.2258,-315.406,-82.8392)
(67.3809,-373.126,-109.582)
(25.2417,-314.787,-82.2271)
(66.5125,-274.221,-68.3488)
(23.9474,-320.237,-77.4595)
(-22.3983,-222.326,-78.1615)
(-217.201,253.452,65.2195)
(-203.016,360.247,104.679)
(182.19,-260.118,21.9572)
(228.761,-238.809,-55.0158)
(-268.223,187.824,-14.9581)
(-233.789,182.35,20.539)
(-266.307,188.479,-15.6683)
(-263.699,290.571,-24.1772)
(-205.12,259.099,99.9246)
(-160.22,262.447,37.2181)
(-263.1,-181.317,-122.303)
(-294.734,-129.871,-101.603)
(129.945,285.135,117.378)
(110.614,286.936,-18.4455)
(-196.14,-244.616,-64.6683)
(-198.234,-221.327,-18.6119)
(223.876,-239.667,83.2064)
(242.035,-262.892,32.77)
(224.052,-241.449,81.9679)
(213.646,-272.599,79.3758)
(-213.561,250.651,-83.5436)
(-201.638,245.536,-78.3814)
(-217.925,256.39,-80.2938)
(-222.096,223.049,-28.7772)
(-310.065,-65.8462,113.462)
(-362.931,19.261,153.774)
(-316.109,-68.789,120.916)
(-333.153,-11.4296,122.788)
(305.541,69.9908,99.8779)
(240.964,94.1962,71.2468)
(-228.659,-215.925,10.9681)
(-278.605,-163.621,-114.536)
(-213.945,251.415,5.79237)
(-176.292,213.062,-66.7277)
(-47.4986,-314.501,-9.45369)
(-55.131,-314.202,88.1646)
(-49.0762,-312.311,-6.65465)
(-58.9477,-361.537,46.2225)
(320.795,68.7157,-39.8226)
(431.697,102.899,-61.9315)
(320.672,62.6912,-40.6391)
(363.893,113.227,-101.525)
(-6.4481,-314.087,91.2908)
(-8.88229,-429.027,145.458)
(155.399,274.963,-82.4451)
(183.973,210.999,36.754)
(-177.66,-263.26,-121.485)
(-179.041,-239.213,-93.9747)
(-178.233,-261.719,-120.616)
(-156.123,-271.909,-124.291)
(-199.561,247.408,-45.8796)
(-101.637,258.572,-119.292)
(-200.11,242.277,-45.0002)
(-286.044,175.135,-42.322)
(124.393,-287.807,51.076)
(53.5676,-385.979,94.0675)
(282.118,151.729,34.4978)
(315.852,116.522,74.0797)
(-131.047,-295.144,-61.6248)
(-128.435,-296.669,20.8608)
(-134.322,-291.992,-59.4526)
(-96.0257,-222.574,-44.3667)
(-43.0182,313.644,-106.175)
(-72.3069,332.463,-196.913)
(-50.0181,315.821,-105.332)
(-118.96,296.931,-52.7594)
(250.417,-188.869,62.6117)
(242.654,-166.985,94.8805)
(283.485,133.78,-50.7558)
(246.399,115.244,20.3861)
(-247.686,-215.015,80.459)
(-207.556,-269.098,15.4609)
(-308.861,83.9629,-87.2204)
(-401.336,47.0039,-38.6371)
(-312.613,85.6436,-88.4876)
(-320.601,30.1786,-88.8295)
(244.913,198.79,-115.657)
(290.463,109.619,-112.705)
(114.826,-293.652,39.5087)
(177.157,-227.072,149.777)
(113.022,-291.817,37.4412)
(86.7585,-335.718,-23.6863)
(-199.545,-267.729,5.36873)
(-237.329,-221.704,108.436)
(-202.012,-268.184,-2.36594)
(-225.417,-301.467,6.46608)
(66.0282,326.659,-6.0911)
(30.6673,310.831,83.9769)
(-220.044,224.887,-115.431)
(-334.785,211.256,-108.22)
(-219.17,226.592,-113.318)
(-230.462,198.845,-93.9292)
(330.09,55.5727,-77.7471)
(250.027,55.7365,-186.187)
(329.034,52.2534,-84.0225)
(324.197,153.42,-162.064)
(-200.432,243.421,-23.2405)
(-244.562,201.353,89.3034)
(-66.917,310.942,-83.0049)
(0.320197,376.767,-179.67)
(-66.0382,305.237,-82.505)
(-57.9711,411.979,-89.3883)
(-199.162,-250.145,66.1779)
(-162.019,-348.339,-4.37402)
(-100.463,299.243,23.2201)
(-77.9332,179.774,-35.2624)
(183.023,252.957,-91.5083)
(189.472,226.853,-118.622)
(310.85,-52.1046,79.9009)
(277.739,-54.1594,1.67278)
(310.477,-43.1714,79.2215)
(349.144,-5.8492,85.9909)
(-304.049,70.884,-106.49)
(-348.253,198.084,12.4431)
(182.977,-258.565,-61.9069)
(144.739,-271.336,-100.566)
(86.8904,321.725,78.5702)
(61.5013,309.662,138.401)
(-127.477,287.301,46.5007)
(-107.683,294.032,-0.976881)
(-126.5,303.369,54.1254)
(-124.243,282.93,24.9093)
(-28.5526,-314.845,-50.2724)
(13.2216,-392.667,28.9951)
(-30.7459,-316.357,-46.0968)
(-15.6416,-286.489,55.5251)
(157.953,270.712,-31.6349)
(200.25,299.857,65.4971)
(-285.967,-156.011,71.6345)
(-207.942,-155.822,-49.0101)
(-196.57,254.775,14.8195)
(-190.001,155.075,-134.492)
(-169.804,290.371,8.45911)
(-228.304,236.515,59.5556)
(-72.4638,-304.488,-15.6668)
(-127.938,-343.847,46.9789)
(258.51,176.023,-44.7227)
(264.827,154.012,-84.301)
(325.284,-41.4717,87.0936)
(429.615,4.50727,16.9478)
(254.085,-188.882,56.0081)
(229.144,-153.6,87.1502)
(253.083,-196.726,50.6518)
(349.353,-118.4,20.7045)
(-279.376,142.62,-42.0345)
(-217.595,156.478,-59.6932)
(319.275,-25.8102,68.1421)
(321.233,0.180571,105.407)
(-322.696,61.1495,-10.8117)
(-259.781,110.11,96.4794)
(-285.377,128.982,-94.8706)
(-271.801,168.405,-154.214)
(-300.135,127.275,-102.932)
(-343.997,86.9418,-75.2401)
(-305.135,127.035,-111.02)
(-256.283,130.25,-124.927)
(-308.273,123.505,-116.525)
(-351.727,164.563,-116.915)
(-307.321,121.276,-122.04)
(-262.367,14.2296,-101.413)
(-99.7997,-311.583,-11.1604)
(-38.5433,-323.227,-16.9134)
(-61.284,309.362,7.28487)
(-126.572,340.519,14.4227)
(-56.7663,315.278,19.781)
(-65.77,296.248,-65.4241)
(-186.02,-265.478,-77.7154)
(-133.588,-225.873,-130.267)
(-193.071,-259.715,-82.0651)
(-173.961,-209.647,-73.5855)
(-192.02,-263.343,-81.5676)
(-148.831,-292.69,2.77636)
(237.318,210.521,57.988)
(261.246,236.278,163.523)
(237.947,209.886,56.8894)
(266.912,194.285,-17.6976)
(-304.196,-91.479,-111.147)
(-337.716,-128.225,-68.822)
(-165.533,-288.626,68.5969)
(-123.325,-228.658,15.9223)
(-167.708,-290.955,62.6189)
(-98.5197,-326.916,86.4754)
(-164.68,-289.402,61.1133)
(-140.348,-294.676,2.57094)
(-0.252044,-333.645,-78.4055)
(60.8498,-277.777,-31.4658)
(-80.1358,-326.906,-110.525)
(-76.6969,-297.506,-99.537)
(-147.706,285.968,65.4959)
(-92.2641,377.662,29.6141)
(-315.964,8.64202,-44.6368)
(-335.396,-29.9694,-11.7264)
(-335.808,19.578,-42.1247)
(-423.059,42.0994,-32.2738)
(61.6791,314.662,34.2901)
(38.6029,393.717,18.2805)
(57.135,320.027,35.409)
(115.34,325.066,-30.8913)
(-263.792,-175.791,-26.8455)
(-262.71,-218.287,4.8523)
(59.0499,-314.383,31.5217)
(50.0312,-410.516,45.0999)
(57.1864,-313.857,32.4956)
(130.78,-292.758,-36.0629)
(-213.252,249.9,-7.80151)
(-224.606,227.011,46.4272)
(-240.742,-206.881,-70.9098)
(-220.603,-304.206,-72.3499)
(-242.249,-207.359,-68.3508)
(-245.863,-201.233,-36.9833)
(-242.637,-209.094,-70.8766)
(-99.8907,-178.512,-84.2697)
(18.4947,331.268,111.897)
(60.7963,326.419,117.593)
(-271.179,-179.525,61.5042)
(-340.685,-220.995,23.2602)
(-269.532,-179.624,62.7276)
(-226.201,-227.742,67.0222)
(263.836,196.631,-8.85967)
(234.709,224.53,44.3001)
(-293.652,-143.611,89.9578)
(-490.576,-150.779,109.15)
(-291.418,-152.005,89.7962)
(-191.105,-90.0822,76.001)
(323.842,43.9557,-38.8537)
(317.541,117.247,-34.0286)
(320.897,47.9856,-36.8854)
(366.883,59.8892,27.3893)
(-319.913,-31.5291,27.4406)
(-156.001,-42.353,12.7936)
(-322.697,-27.5287,29.1355)
(-316.758,-34.1603,-81.3046)
(-324.899,-23.1186,30.859)
(-337.268,-45.8198,67.4655)
(-329.401,-17.6087,31.9073)
(-271.213,4.68448,16.921)
(-306.651,-81.3496,-33.8535)
(-237.849,-91.3794,-65.0483)
(312.872,77.9819,30.1865)
(320.505,92.1093,74.7391)
(313.67,80.5579,21.8798)
(345.303,39.9652,68.5183)
(263.016,-184.187,-100.128)
(332.891,-108.82,-94.3777)
(258.451,-198.186,96.7027)
(181.072,-87.99,-1.157)
(-277.813,147.084,-91.453)
(-147.709,172.416,-44.4537)
(-218.377,226.713,-28.903)
(-210.454,283.286,-14.8889)
(122.414,287.575,123.312)
(124.894,307.276,79.8203)
(-306.065,-74.3325,102.383)
(-284.229,-72.7277,36.5586)
(159.826,269.864,-88.8247)
(191.687,327.114,-105.341)
(-188.317,255.23,-48.7105)
(-178.743,197.951,-27.8014)
(-194.942,257.403,-56.6932)
(-114.683,268.349,-93.9026)
(-191.839,259.227,-59.3759)
(-150.572,194.969,-21.2168)
(115.212,-304.12,59.5776)
(129.807,-336.373,135.464)
(114.234,-303.714,60.5815)
(109.059,-400.467,-30.3366)
(-49.1743,311.435,-14.3757)
(-76.2713,426.908,-133.837)
(-52.8279,313.431,-15.8791)
(-104.274,286.026,17.5985)
(-262.558,-176.546,52.8471)
(-317.775,-242.791,15.4045)
(-267.392,-175.075,49.8171)
(-167.578,-194.062,-23.6758)
(85.3171,323.084,-96.7131)
(64.784,307.03,19.9023)
(-312.736,10.7846,54.1825)
(-325.381,15.5361,-80.8848)
(-271.907,-156.3,115.296)
(-223.785,-181.473,75.5917)
(278.528,149.396,-108.445)
(233.95,79.6893,-229.036)
(-315.696,-8.64133,96.303)
(-271.164,-123.136,102.676)
(-199.464,243.85,-57.4901)
(-188.317,191.575,72.9716)
(194.513,267.392,-31.275)
(213.158,159.93,-81.6449)
(191.43,267.533,-29.7095)
(232.29,219.009,71.8782)
(6.98446,-324.464,35.1323)
(63.1896,-254.484,85.5783)
(-309.056,62.2911,-7.50221)
(-293.226,77.7695,-77.7789)
(-310.879,62.9661,-10.6207)
(-297.771,-3.64994,55.2403)
(328.444,32.2052,65.2069)
(343.104,40.311,137.706)
(326.729,43.0935,69.0965)
(426.98,96.7205,157.621)
(-273.906,-183.966,-19.964)
(-386.788,-233.555,13.982)
(-16.8681,323.386,-111.876)
(89.169,321.158,-107.912)
(-12.62,323.126,-113.316)
(6.53469,234.143,-61.3955)
(-137.548,-295.932,102.752)
(-95.1727,-384.89,163.327)
(147.686,285.007,-72.8589)
(131.972,340.544,-43.4256)
(142.165,298.807,-72.246)
(145.214,199.946,-41.0173)
(-212.198,-233.379,59.3913)
(-312.887,-144.413,81.9735)
(-212.677,-235.671,54.019)
(-192.18,-296.892,38.7188)
(299.819,-90.5512,-56.4558)
(285.566,-135.966,-188.603)
(-322.114,59.8598,35.4286)
(-290.592,100.79,-51.5466)
(-325.19,59.5132,39.1601)
(-245.792,64.0604,94.8364)
(75.0675,-309.844,8.82171)
(-88.2116,-362.532,-30.0919)
(81.1933,-311.412,1.64542)
(-12.9193,-350.308,-5.50024)
(137.291,283.902,0.776947)
(71.57,375.98,9.6372)
(137.425,289.685,2.73626)
(66.2018,304.935,35.1496)
(-46.2493,-313.004,-2.56771)
(9.11415,-429.479,21.0166)
(-45.4766,-314.111,-6.00938)
(-75.7643,-274.109,49.6366)
(-46.5762,-313.132,-6.98546)
(-98.389,-392.302,-49.0954)
(183.109,254.121,4.03108)
(61.5855,159.253,-102.194)
(18.1425,-318.313,-3.2374)
(-52.3647,-319.474,-112.472)
(18.1974,-323.054,-8.41193)
(54.1133,-325.161,-52.6323)
(-270.707,164.967,-22.2862)
(-308.273,166.06,20.8544)
(-267.022,172.347,-22.2708)
(-311.556,244.086,-47.0929)
(201.477,238.312,98.3683)
(197.712,226.3,118.885)
(217.052,243.41,109.385)
(305.678,175.287,131.43)
(13.7847,321.686,-124.06)
(-33.2051,319.408,-116.209)
(320.067,61.5767,-65.0627)
(262.534,47.497,-46.3727)
(304.761,127.035,-119.046)
(293.394,117.988,-150.817)
(-84.174,301.012,-59.7759)
(-18.9538,276.598,-68.3632)
(-90.752,301.493,-62.4485)
(-9.23881,336.398,-82.7973)
(326.572,4.39268,-105.469)
(256.744,16.0607,-128.364)
(-195.67,-245.625,98.1691)
(-257.885,-198.813,177.283)
(-195.223,-251.917,100.514)
(-257.585,-292.396,184.531)
(49.2931,312.946,-42.8618)
(64.5085,314.195,-32.1829)
(53.2335,323.543,-42.4722)
(114.375,400.352,-42.6689)
(186.113,251.366,33.4977)
(212.961,263.657,14.2625)
(256.351,-179.046,-104.312)
(278.929,-185.724,-129.484)
(-295.908,160.84,95.8919)
(-197.179,281.222,99.1482)
(-61.4158,307.352,-80.0803)
(-81.7564,231.854,-0.607542)
(-130.667,291.972,-110.268)
(-108.091,306.078,-172.449)
(282.031,-183.943,49.3772)
(343.989,-80.9254,57.5062)
(-300.473,89.5988,-22.2991)
(-324.917,94.969,-5.37692)
(288.833,127.159,72.0514)
(338.947,240.463,-22.8959)
(292.981,137.547,84.9769)
(309.83,197.146,49.7742)
(310.964,-72.3134,107.169)
(253.645,-36.6367,102.047)
(145.754,276.527,-13.8206)
(85.6475,216.577,-16.7715)
(-281.654,-137.334,8.55961)
(-398.299,-111.627,46.4601)
(-273.549,-156.084,64.4257)
(-127.396,-239.319,53.4976)
(-272.835,-156.4,63.7846)
(-271.184,-143.477,54.8172)
(299.625,97.4899,-40.0949)
(287.321,166.688,31.0639)
(299.896,96.304,-40.0838)
(372.982,129.455,-137.458)
(-212.485,229.392,59.2358)
(-187.672,142.031,44.6009)
(145.217,-276.244,-74.2125)
(209.04,-189.927,-135.073)
(-251.192,193.067,-99.2669)
(-213.767,210.424,-10.399)
(-260.599,189.95,-110.41)
(-277.146,176.38,-108.635)
(-260.235,194.82,-113.101)
(-171.191,155.19,-88.3721)
(178.094,257.561,8.381)
(300.061,288.05,-44.547)
(200.281,-239.138,-11.5541)
(264.415,-288.964,-70.1994)
(-42.9624,-322.807,-12.3493)
(-24.7399,-375.937,0.857103)
(-46.2605,-316.503,-11.3241)
(14.394,-287.859,-74.1751)
(-248.584,-192.912,111.901)
(-140.586,-141.827,222.826)
(-252.997,-199.534,114.846)
(-303.912,-258.99,82.7834)
(-258.229,-204.778,111.177)
(-188.919,-162.073,97.3735)
(-112.996,292.468,122.399)
(-167.807,330.048,199.681)
(-165.176,-270.777,-115.142)
(-188.292,-315.437,-62.6474)
(-60.4956,306.263,107.759)
(-56.9279,315.538,156.756)
(307.542,87.1989,101.53)
(262.996,107.777,83.1875)
(-318.509,-54.6435,-65.4346)
(-225.629,-71.4034,-28.2578)
(-330.389,-65.9842,-57.3501)
(-276.083,-104.634,-126.565)
(-328.255,-63.7053,-71.2336)
(-302.213,2.22827,-7.77438)
(-306.115,127.715,-78.0541)
(-263.617,51.3339,16.2676)
(311.171,-49.044,28.938)
(341.782,58.1188,7.51633)
(310.617,-51.7602,30.3529)
(295.509,-59.9144,28.7181)
(318.43,-81.8225,-44.1891)
(363.223,-180.813,-42.724)
(320.392,-87.8311,-41.5447)
(323.305,-100.264,-104.292)
(-308.089,56.4183,33.7339)
(-446.007,-68.9246,-33.5545)
(-314.484,96.9659,9.6041)
(-349.217,49.773,-16.0083)
(-315.379,96.382,9.03732)
(-263.855,76.3903,19.7497)
(322.96,-72.9906,-8.28986)
(350.13,-24.4226,-35.7353)
(-194.466,249.77,23.8564)
(-153.835,236.852,63.6788)
(-275.518,-161.648,86.0232)
(-304.776,-113.085,71.5854)
(310.638,62.2841,-70.0484)
(313.617,23.6842,-119.933)
(310.851,63.1427,-69.467)
(296.784,56.845,11.4194)
(-203.574,236.745,37.1191)
(-156.254,313.95,14.9747)
(-125.431,-286.164,-40.4647)
(-99.748,-305.517,-92.249)
(-165.41,-269.879,49.8886)
(-109.411,-365.478,-28.6898)
(-211.436,233.186,-30.4102)
(-109.607,174.098,-45.0212)
(-95.9081,-298.883,114.783)
(-81.945,-338.617,146.822)
(218.504,235.126,-87.3172)
(209.949,232.072,-43.4396)
(303.744,85.5143,-114.372)
(172.117,81.1344,-119.974)
(-236.019,219.577,-29.4998)
(-229.404,215.015,-13.8719)
(-234.951,217.414,-31.4045)
(-288.42,162.293,-1.38818)
(254.907,181.431,10.364)
(178.86,273.137,23.1244)
(256.684,180.467,7.03134)
(313.258,292.997,-3.58798)
(254.018,182.07,7.68843)
(154.707,202.991,-38.01)
(-294.036,-117.515,-8.41186)
(-287.308,30.38,7.28361)
(-294.76,-118.093,-6.82891)
(-337.705,-104.43,-8.88436)
(300.654,-87.484,65.7621)
(293.608,-150.467,27.3204)
(313.554,-78.4789,79.2596)
(361.513,-87.7247,109.729)
(311.998,-69.8924,-104.347)
(399.739,-13.5031,-162.764)
(-316.467,75.7234,112.337)
(-466.832,38.5528,197.64)
(-322.169,-43.5907,-47.0627)
(-353.025,11.6426,-86.6836)
(-321.828,-44.7669,-48.2026)
(-310.8,12.8802,5.87174)
(322.073,17.1112,20.5984)
(309.03,-28.3498,64.7184)
(-282.07,135.62,-119.927)
(-278.559,18.7072,-76.0011)
(-283.884,139.892,-119.91)
(-380.452,136.531,-159.135)
(-284.356,140.34,-119.52)
(-296.438,114.695,-127.327)
(127.746,291.757,62.179)
(195.747,287.07,-0.335512)
(-160.747,284.142,104.185)
(-27.1253,215.053,102.511)
(-168.813,286.198,95.5685)
(-100.173,223.731,37.3759)
(245.796,-195.409,-71.5866)
(275.853,-198.215,14.2635)
(-218.872,-242.775,98.2504)
(-233.21,-270.228,128.347)
(-219.549,-245.027,99.096)
(-211.299,-336.718,66.9496)
(40.2975,-319.081,-9.32758)
(107.439,-325.478,89.0475)
(-303.172,-76.8968,49.6233)
(-231.933,-86.4872,57.0088)
(-10.4284,-314.176,2.3396)
(-66.3693,-212.651,-20.5975)
(-313.391,-31.2522,84.7959)
(-403.081,67.5562,157.611)
(323.403,45.2044,-123.17)
(270.606,34.8915,-108.881)
(235.599,-210.002,-9.62767)
(197.157,-141.589,-28.9938)
(-283.171,170.36,8.22936)
(-335.34,97.0856,137.099)
(220.488,-248.84,-19.8965)
(203.975,-210.909,-49.4502)
(-198.455,246.482,18.7158)
(-199.642,226.109,28.4329)
(-297.867,-101.038,-19.8183)
(-387.83,-103.554,-57.092)
(318.14,31.273,15.2372)
(232.781,86.7221,-33.1576)
(-304.018,-79.1202,-44.9324)
(-239.269,-82.5977,-152.315)
(299.587,-95.5765,81.0453)
(262.405,-128.194,13.4289)
(319.275,-87.6389,73.8674)
(394.083,-130.725,93.7546)
(320.229,-83.7199,73.8349)
(279.061,-46.4219,126.896)
(-297.138,100.354,-88.0952)
(-339.441,-2.81155,-82.0741)
(-307.72,93.1704,-116.665)
(-382.418,96.6927,-76.6272)
(61.2512,-312.919,-92.0867)
(18.9928,-300.544,-55.4335)
(59.433,-316.423,-95.6306)
(95.9319,-279.513,-109.179)
(57.2794,-318.67,-99.1351)
(78.9951,-384.597,-64.5235)
(57.5821,-332.214,-123.745)
(108.288,-352.055,-140.272)
(154.738,291.254,79.0473)
(188.391,272.208,121.621)
(155.179,292.646,73.8092)
(141.759,287.311,93.6256)
(287.775,123.553,62.8245)
(219.879,144.368,77.8729)
(-223.512,-231.131,-118.845)
(-241.804,-162.123,-197.442)
(310.968,-46.8867,-118.82)
(287.944,-104.789,-131.879)
(149.826,277.453,124.467)
(258.56,408.376,120.001)
(-218.331,-233.952,-102.308)
(-201.812,-237.852,-168.087)
(164.603,-280.126,66.2404)
(237.453,-248.13,17.3475)
(272.314,163.912,-105.789)
(293.895,224.782,-69.9964)
(306.522,-95.5164,37.7302)
(333.147,-21.1306,-65.0799)
(-282.943,152.211,-56.2117)
(-210.37,117.983,-109.259)
(-276.025,-168.028,-30.4525)
(-247.186,-176.01,14.1895)
(-276.875,-168.834,-33.326)
(-234.819,-175.755,-43.1012)
(304.918,66.2439,12.1105)
(422.922,73.2608,6.44287)
(91.781,-298.873,-19.8044)
(-80.1262,-359.474,-86.6419)
(17.552,-318.307,-30.9158)
(75.2998,-351.058,-130.879)
(17.2691,-320.856,-39.0713)
(90.0904,-328.651,-77.1997)
(289.263,-137.879,20.386)
(282.323,-131.784,-75.7232)
(78.0711,315.879,120.913)
(-37.4186,323.925,181.395)
(84.1708,323.684,121.669)
(103.941,321.851,148.037)
(-56.2262,-307.342,-118.225)
(13.5763,-326.413,-112.227)
(319.934,4.47169,-88.77)
(385.619,-25.98,-149.892)
(-29.6329,335.456,22.7136)
(20.4765,369.963,76.1114)
(-20.6418,312.115,-43.5746)
(-42.3934,317.58,-90.4341)
(-19.7059,312.676,-43.4012)
(35.447,306.131,-144.077)
(245.754,-206.832,31.8828)
(313.722,-197.883,81.8789)
(251.804,-211.545,21.3797)
(146.31,-296.92,111.91)
(-257.341,196.051,-123.416)
(-253.638,175.188,-162.432)
(-153.726,286.826,-65.7606)
(-269.933,267.05,55.3608)
(-48.2352,324.863,-60.2797)
(-64.1191,430.981,-35.7303)
(145.218,292.631,-31.9886)
(165.63,202.449,-70.2638)
(150.743,300.234,-31.257)
(92.694,312.546,-83.1137)
(-54.1831,-321.34,39.9246)
(-101.667,-295.446,92.4001)
(-204.573,-240.453,89.8594)
(-214.533,-274.649,-17.7876)
(-54.3677,318.534,-122.758)
(-83.6754,369.486,-164.699)
(-46.7521,322.8,-125.188)
(-58.9731,290.598,-193.474)
(-280.887,156.088,56.2076)
(-376.025,82.4186,-1.53063)
(-291.095,168.007,50.223)
(-313.229,70.1065,-78.5684)
(262.608,-189.182,38.4814)
(201.516,-136.134,125.509)
(-306.454,-89.4949,-18.7215)
(-302.569,-94.6479,47.806)
(-298.22,-98.5672,-34.3032)
(-271.927,-79.2191,-23.2056)
(295.124,117.889,22.8942)
(227.61,148.386,54.1765)
(-231.487,239.683,63.0459)
(-206.188,236.564,42.9892)
(57.0466,-330.262,-88.3121)
(38.8853,-398.782,-86.7443)
(277.331,143.096,-104.779)
(349.102,134.496,-116.417)
(-313.164,38.4126,94.1632)
(-318.682,71.9173,96.2383)
(-313.713,-44.328,77.5687)
(-312.361,11.6246,244.479)
(-308.854,-48.6626,91.349)
(-258.493,-28.8779,54.174)
(-192.947,-268.988,6.55714)
(-278.171,-224.473,19.7374)
(107.413,296.045,-5.69229)
(86.5439,322.331,22.939)
(-182.877,261.31,-118.697)
(-272.603,231.225,-78.2096)
(-250.297,-209.033,-100.022)
(-252.874,-162.961,-86.6099)
(298.541,-99.2268,65.5036)
(209.749,-136.332,48.3263)
(-133.829,-299.999,-22.5305)
(-200.887,-237.754,46.7693)
(-145.5,287.413,16.7027)
(-229.094,262.527,15.178)
(262.88,185.86,-38.0474)
(213.015,144.334,-62.3893)
(268.219,194.381,-43.4348)
(263.632,216.753,-59.2825)
(270.227,201.236,-42.7655)
(370.069,228.493,-12.3445)
(-124.153,-286.581,59.6543)
(-64.2456,-304.468,42.4435)
(-312.875,-64.2037,91.1848)
(-274.741,-131.461,108.108)
(316.945,3.85073,49.9289)
(305.353,34.6986,23.4883)
(117.482,-302.56,45.2768)
(77.1133,-232.516,30.3369)
(120.57,-302.456,46.6247)
(75.727,-341.668,137.495)
(41.2161,310.618,-44.7661)
(24.4376,385.057,-8.24702)
(151.18,-278.322,-69.9674)
(152.789,-101.287,-111.339)
(156.801,-294.902,121.722)
(120.329,-349.135,188.684)
(-275.725,-146.354,63.703)
(-307.02,-110.244,51.576)
(-160.481,280.142,77.9199)
(-207.577,261.138,188.469)
(-156.295,272.683,74.1069)
(-138.094,336.984,-6.00777)
(-301.57,88.6027,115.311)
(-351.554,147.443,140.865)
(-135.249,287.113,90.8305)
(-64.4399,255.752,57.8385)
(157.896,-275.875,-2.12422)
(114.361,-292.05,-44.7882)
(159.473,-274.863,-0.877992)
(150.002,-259.781,-27.5153)
(-291.785,139.994,-0.601717)
(-237.919,164.446,38.0964)
(-290.457,140.642,-0.190106)
(-294.306,103.46,53.6073)
(295.254,-118.389,-102.748)
(304.233,-104.217,-58.9777)
(-316.497,-0.731103,-12.1044)
(-409.205,17.3665,13.8874)
(313.174,-16.3851,3.94214)
(234.121,-64.7194,-4.0116)
(-97.1443,308.425,-14.7038)
(-109.258,307.424,-25.3614)
(214.279,-232.819,12.094)
(272.379,-212.972,45.1162)
(215.347,-230.23,16.4066)
(139.661,-136.7,46.6388)
(-320.748,-51.3979,-49.2787)
(-347.421,-129.381,4.08959)
(-321.144,-49.5076,-46.6646)
(-277.342,-126.554,-129.833)
(324.657,49.1452,48.6537)
(281.924,70.1554,27.2117)
(327.517,51.9847,50.1068)
(243.613,80.0495,67.0255)
(-282.084,138.645,41.7831)
(-380.919,150.862,-38.4897)
(-141.732,-280.414,-113.601)
(-113.455,-320.928,-58.9681)
(310.367,-49.2678,84.3698)
(245.066,-26.2166,81.3935)
(311.804,-43.1633,90.9061)
(317.991,-28.415,151.061)
(243.349,207.043,30.8979)
(232.934,193.88,-52.5327)
(244.9,214.234,31.1491)
(378.483,238.145,169.605)
(-241.792,-223.639,-35.6401)
(-215.53,-239.444,-3.09788)
(-240.484,-230.09,-34.8848)
(-228.018,-122.863,-53.5335)
(-311.548,-83.0908,-31.4149)
(-326.551,-28.516,-9.36147)
(-320.518,-80.5837,-35.86)
(-266.649,-1.74626,-103.538)
(-323.351,-80.3518,-39.426)
(-269.517,-55.5621,-101.195)
(287.202,163.092,62.2989)
(331.799,185.405,130.045)
(292.435,165.197,54.7123)
(303.726,191.439,65.0155)
(316.224,6.69306,-90.85)
(355.94,29.7745,-91.9333)
(313.2,7.4082,-94.5484)
(420.12,50.4517,-167.536)
(-255.586,189.551,-61.4119)
(-207.501,170.905,-63.0527)
(161.116,294.8,-49.7799)
(135.448,203.285,31.0605)
(-246.2,-203.49,36.3164)
(-276.373,-281.249,-47.5114)
(147.258,294.581,79.683)
(157.51,198.774,89.7525)
(-143.162,-280.699,86.8209)
(-153.571,-197.669,100.875)
(-143.141,-282.224,88.5068)
(-224.852,-315.671,116.359)
(158.81,271.398,-86.423)
(164.722,365.523,-186.454)
(278.251,-168.427,-45.6096)
(305.569,-294.55,-9.35571)
(46.8119,310.861,-37.9626)
(30.139,256.138,-67.5193)
(47.4954,326.114,-34.9499)
(40.0114,223.708,-60.0168)
(-304.084,78.5871,46.1109)
(-264.285,9.31789,29.8284)
(-302.802,76.706,47.1531)
(-224.392,-85.8598,22.1766)
(-302.389,76.4044,50.6854)
(-368.735,50.2347,57.6676)
(252.432,-187.305,-103.326)
(305.077,-145.921,-104.845)
(257.3,-185.202,-109.879)
(278.037,-104.852,-90.4567)
(-310.938,87.9346,52.4193)
(-351.312,80.7386,-0.1044)
(246.436,-198.463,-111.823)
(100.702,-317.107,-156.598)
(-5.96988,316.972,93.5503)
(62.8192,266.494,74.5747)
(160.057,-296.153,-89.4541)
(186.58,-342.092,-34.6382)
(-62.1726,317.71,91.1015)
(-117.562,306.396,-18.0672)
(-329.209,-51.7734,-121.444)
(-281.558,23.2207,-170.474)
(278.316,143.87,12.1345)
(125.959,130.887,35.8865)
(-277.875,-149.333,34.2059)
(-285.463,-120.944,145.515)
(-276.805,189.712,33.3566)
(-328.559,136.275,38.6635)
(81.0263,-306.964,-50.1521)
(38.7549,-432.868,-8.93609)
(-282.026,-141.101,103.767)
(-299.873,-143.105,91.1327)
(-297.999,-147.017,98.1786)
(-342.711,-100.593,158.645)
(-201.677,242.727,49.1309)
(-283.393,204.423,5.99566)
(297.739,-146.178,-30.9142)
(482.023,-48.5821,-33.9701)
(-27.7704,-323.108,16.0782)
(44.3384,-320.81,52.5883)
(-28.9989,-325.385,15.5686)
(-11.9113,-222.791,126.883)
(-72.67,320.88,-15.9622)
(-112.71,255.049,-14.3967)
(-159.362,-271.361,28.5953)
(-164.555,-269.793,18.0615)
(-264.043,-196.003,-96.9188)
(-228.938,-162.41,-116.447)
(293.762,121.855,59.0043)
(365.022,46.3151,-8.14397)
(296.394,127.406,64.26)
(353.388,186.667,60.4796)
(130.787,288.568,92.7916)
(98.5545,266.92,19.4588)
(-40.0474,-320.251,-101.206)
(-148.217,-307.81,-208.047)
(-323.065,47.3418,34.6977)
(-392.83,9.51129,36.5805)
(-322.4,52.0696,36.1007)
(-329.098,7.1542,-142.325)
(-326.179,-18.4595,-8.98606)
(-346.967,-6.15449,-127.377)
(82.9711,-301.997,88.8294)
(110.827,-346.616,143.584)
(-316.038,86.2123,52.1942)
(-258.322,19.8984,124.881)
(-313.178,87.4114,46.8076)
(-346.437,89.5235,8.17281)
(287.461,-135.271,-79.7514)
(258.788,-180.434,-135.005)
(292.81,-133.508,-80.3843)
(367.684,-7.67246,-94.641)
(301.088,-127.661,-77.4403)
(217.21,-165.158,-212.915)
(289.61,-123.22,-73.9996)
(293.181,-180.295,-112.169)
(299.382,91.0665,84.6369)
(338.986,28.9583,90.2566)
(-185.348,-251.218,-62.9815)
(-303.704,-312.051,-22.244)
(240.992,204.027,54.7574)
(262.19,328.184,43.1769)
(-76.867,323.938,31.2865)
(-110.035,289.049,12.7793)
(-249.119,-202.092,-62.9348)
(-293.392,-171.779,-21.6169)
(306.348,138.988,42.7324)
(240.467,142.659,-7.39994)
(-136.082,-286.132,-89.7182)
(-122.674,-337.473,-135.335)
(-144.501,287.74,93.8236)
(-170.833,318.691,103.83)
(-166.874,-287.919,77.6397)
(-288.534,-374.691,85.9769)
(-304.621,77.3826,1.9636)
(-269.414,54.9886,-169.322)
(312.88,-56.9382,-2.0993)
(238.988,-95.7552,-69.5419)
(-5.29665,-334.711,117.656)
(-49.6581,-324.762,179.83)
(27.1974,330.876,79.5084)
(30.271,185.837,75.9293)
(231.109,-242.232,71.8031)
(66.532,-245.771,167.033)
(20.8489,315.97,-89.5223)
(-99.7501,300.199,-159.299)
(-46.5141,312.658,-118.347)
(-115.116,385.297,-181.887)
(-112.188,-297.573,116.249)
(-199.057,-408.468,145.774)
(266.123,179.519,-59.2277)
(184.49,129.79,-64.9523)
(268.679,179.301,-58.4482)
(304.314,124.745,-63.9132)
(-73.1955,-303.495,104.474)
(-122.572,-238.428,34.6184)
(-271.09,178.222,-17.2769)
(-412.08,184.812,-25.8777)
(-293.409,-149.054,-1.44244)
(-304.837,-146.698,-36.9287)
(155.133,287.25,6.54668)
(158.977,239.078,23.252)
(231.514,-212.747,29.2921)
(296.256,-193.778,86.3793)
(-300.496,117.559,113.519)
(-296.636,169.989,182.125)
(153.801,288.998,77.8623)
(175.112,290.529,17.1341)
(-248.428,-207.116,-56.3152)
(-161.573,-177.52,-75.9016)
(-306.246,84.5257,64.1005)
(-289.545,152.362,125.129)
(-306.114,84.3751,63.4223)
(-272.834,46.5254,176.36)
(29.7655,-318.627,61.6476)
(25.5264,-245.854,-2.70495)
(175.132,259.442,-48.5304)
(153.086,293.999,20.634)
(234.284,207.212,-62.0723)
(206.678,142.928,-18.587)
(-298.186,-128.515,113.893)
(-395.279,-130.032,151.978)
(-300.542,-129.364,116.857)
(-292.108,-264.87,31.5827)
(311.062,78.0379,-66.7743)
(272.835,122.585,-51.5282)
(315.991,78.7025,-69.5789)
(290.584,122.926,-70.6474)
(-74.6626,304.013,119.851)
(-27.4082,339.953,94.4153)
(-85.5153,-311.681,-121.362)
(-55.0692,-283.746,-95.2631)
(-88.9832,-315.952,-124.237)
(-145.978,-326.655,-53.3477)
(-285.722,146.023,102.098)
(-310.564,124.192,53.1912)
(-316.416,-0.92657,-64.6072)
(-354.938,21.0013,-78.7505)
(-317.072,1.77727,-68.7235)
(-345.581,-60.5334,-139.835)
(302.474,-119.026,52.6047)
(364.269,-117.187,116.059)
(-227.338,235.399,10.4165)
(-215.389,285.17,23.4308)
(46.9262,-312.946,-12.2289)
(-94.6602,-313.716,-35.9469)
(46.0759,-312.742,-10.6287)
(-42.4263,-464.205,-44.6953)
(-285.365,135.944,62.0065)
(-278.257,200.042,52.6759)
(-96.8737,302.813,-77.3793)
(-165.428,447.687,-71.5266)
(-302.241,77.0378,94.654)
(-331.608,89.1043,120.082)
(66.0885,-304.735,-37.2453)
(38.5189,-285.309,-6.39554)
(55.483,-308.401,-35.5726)
(159.223,-303.654,-52.4819)
(319.036,17.6587,30.196)
(378.008,-7.39227,0.364196)
(231.562,239.163,-9.38554)
(247.83,277.702,-9.78909)
(312.655,8.32653,-19.3992)
(257.343,54.6746,19.9944)
(196.578,-255.691,34.7975)
(167.106,-135.867,69.2585)
(196.505,-259.462,38.0108)
(183.024,-224.34,51.4208)
(197.41,-258.311,37.5503)
(288.95,-131.442,-58.8538)
(15.9174,328.61,-93.7358)
(44.7759,243.119,-136.056)
(-204.985,-248.789,69.1905)
(-215.874,-279.077,73.837)
(-205.113,-248.8,70.5836)
(-199.024,-235.844,68.4377)
(301.791,100.802,-36.8419)
(335.69,67.3966,-160.198)
(-270.457,-198.61,78.261)
(-275.319,-165.659,102.458)
(4.71549,331.107,-105.196)
(32.674,245.429,-112.506)
(12.0635,330.021,-95.967)
(12.3527,252.718,-19.0718)
(-201.132,-262.074,81.6046)
(-168.851,-196.945,105.824)
(310.796,66.2113,1.58515)
(399.288,14.7848,2.87746)
(304.4,-96.0096,-105.758)
(253.885,-130.624,17.9178)
(305.38,-97.0275,-109.603)
(200.983,-41.0154,-35.0961)
(-255.6,180.835,-64.0409)
(-281.616,234.31,-23.0624)
(-258.212,178.808,-63.9751)
(-87.1027,111.46,-137.711)
(-210.098,-234.174,-55.3418)
(-256.552,-194.233,-30.9187)
(254.759,188.41,14.1359)
(270.376,202.476,44.3457)
(258.104,192.591,6.93577)
(187.609,204.113,-83.0657)
(-60.4276,-329.232,-22.2578)
(-86.3888,-446.786,0.194642)
(216.959,247.158,35.8554)
(155.881,260.784,7.8876)
(309.923,-66.5985,108.742)
(214.725,-74.4308,106.546)
(285.043,140.6,-94.3519)
(254.986,102.959,-58.6305)
(278.372,145.708,-95.9193)
(277.344,-38.683,-21.2235)
(-128.827,288.273,-123.08)
(-72.0594,267.677,-144.769)
(264.3,-181.175,82.0659)
(185.534,-61.6448,65.876)
(-293.586,-136.575,11.2874)
(-341.846,-134.104,0.0214238)
(-290.014,-136.857,8.89268)
(-356.443,-185.481,36.2956)
(-288.988,-136.637,7.55392)
(-299.931,-66.6192,-12.6402)
(7.73821,-315.386,88.7417)
(-64.2662,-404.598,74.3994)
(8.55203,-316.154,90.0965)
(52.1757,-291.836,0.283625)
(16.6198,-317.284,92.407)
(69.644,-382.773,51.8258)
(22.3405,-316.266,85.5805)
(-21.6333,-286.909,140.277)
(-127.346,289.076,56.4767)
(-141.14,375.042,13.1725)
(145.246,-283.926,-55.0129)
(172.012,-371.094,-43.7705)
(282.234,133.294,77.4242)
(244.48,11.0021,98.9331)
(-50.8669,-330.268,13.7538)
(-139.481,-383.106,38.6728)
(-217.386,242.168,-95.6527)
(-222.911,216.876,-28.3126)
(-294.471,-148.747,78.2725)
(-264.59,-111.733,-12.1497)
(-292.212,-150.674,82.3346)
(-257.48,-163.725,48.1307)
(-315.584,20.4152,12.5015)
(-293.439,107.818,-22.3735)
(-324.999,30.7898,19.1456)
(-382.847,54.7945,50.7764)
(-318.862,41.5248,22.8175)
(-301.832,67.351,20.0048)
(320.339,-53.4358,-31.3221)
(363.424,-92.7189,33.3897)
(-192.089,257.224,42.8145)
(-75.6531,242.059,-11.0334)
(-194.996,262.602,50.3799)
(-246.625,255.418,5.80022)
(-197.099,263.558,54.3711)
(-256.466,273.047,29.246)
(199.439,-241.291,-42.2148)
(186.708,-226.337,4.35755)
(-135.059,-296.82,-79.3806)
(-72.6866,-284.554,-50.9877)
(280.764,152.434,41.1052)
(374.208,168.28,-57.8135)
(64.7969,-306.632,98.8203)
(52.2521,-339.871,175.281)
(95.3233,307.602,-98.761)
(173.517,403.41,-133.798)
(247.198,-194.07,4.04445)
(263.587,-136.956,7.3258)
(255.158,-192.616,-3.72171)
(125.497,-202.837,-31.2022)
(-279.25,149.909,-1.01989)
(-249.954,180.496,24.3269)
(-194.643,272.836,10.7242)
(-130.448,319.982,-0.612154)
(-79.6511,-306.495,-13.2452)
(-46.8806,-382.392,21.3359)
(-80.2832,-302.794,-17.5683)
(-93.435,-431.416,125.211)
(-310.102,119.186,50.0623)
(-345.066,96.407,91.6863)
(-311.131,117.79,52.3014)
(-292.317,127.487,117.522)
(-241.186,210.944,117.45)
(-252.3,292.426,196.249)
(-242.454,217.73,114.975)
(-307.075,189.995,184.682)
0 events have been kept for refreshing and/or reviewing.
  "/vis/reviewKeptEvents" to review them one by one.
  "/vis/enable", then "/vis/viewer/flush" or "/vis/viewer/rebuild" to see them accumulated.
[Core-0] End of macro ./split/.Gate/main123/main4.mac
Graphics systems deleted.
Visualization Manager deleting...
