[G4] 
[G4] **************************************************************
[G4]  Geant4 version Name: geant4-10-07-patch-02    (11-June-2021)
[G4]                        Copyright : Geant4 Collaboration
[G4]                       References : NIM A 506 (2003), 250-303
[G4]                                  : IEEE-TNS 53 (2006), 270-278
[G4]                                  : NIM A 835 (2016), 186-225
[G4]                              WWW : http://geant4.org/
[G4] **************************************************************
[G4] 
[Core-0] Initialization of geometry
[Core-0] Initialization of physics
[Core-0] Initialization of actors
[Core-0] 
[Core-0] *************************************************
[Core-0]  GATE version 9.1 (2021)
[Core-0]  Copyright : OpenGATE Collaboration
[Core-0]  Reference : Phys. Med. Biol. 49 (2004) 4543-4561
[Core-0]  Reference : Phys. Med. Biol. 56 (2011) 881-901
[Core-0]  Reference : Med. Phys. 41(6)    (2014)
[Core-0]  http://www.opengatecollaboration.org        
[Core-0] *************************************************
[Core-0] 
[Core-0] You are using Geant4 version 10.7.2
[Core-0] Starting macro ./split/.Gate/main123/main7.mac
0: RINDEX
1.84e-06   1.00028
4.08e-06   1.00028
9: GROUPVEL
1.84e-06   299.709
4.08e-06   299.709
16: ABSLENGTH
1.84e-06   50000
4.08e-06   50000
 <!> *** WARNING *** <!>  GateMaterialDatabase: Multiple definition of element: Yttrium.
The definition in ClMind_GateMaterials.db was used.


GATE object:        'systems/cylindricalPET'
Components:

GATE object:        'systems/cylindricalPET/base'
Attached to volume: cylindricalPET
Nb of children:       1

	GATE object:        'systems/cylindricalPET/rsector'
	Attached to volume: module
	Nb of children:       1

		GATE object:        'systems/cylindricalPET/module'
		Attached to volume: unit
		Nb of children:       1

			GATE object:        'systems/cylindricalPET/submodule'
			Attached to volume: block
			Nb of children:       1

				GATE object:        'systems/cylindricalPET/crystal'
				Attached to volume: optical
				Nb of children:       4

					GATE object:        'systems/cylindricalPET/layer0'
					Attached to volume: crystal
					Nb of children:       0

					GATE object:        'systems/cylindricalPET/layer1'
					Attached to volume: ---
					Nb of children:       0

					GATE object:        'systems/cylindricalPET/layer2'
					Attached to volume: ---
					Nb of children:       0

					GATE object:        'systems/cylindricalPET/layer3'
					Attached to volume: ---
					Nb of children:       0
geometrical design type: 1
ring diameter: -3.95 mm 
rsector axial pitch: 0 fm 
rsector azimuthal pitch: 12.8571 degree
rsector tangential size: 2.5 cm 
rsector axial size: 25.04 cm 
module axial size: 4.784 cm 
module tangential size: 2.5 cm 
module axial pitch: 0 fm 
module tangential pitch: 0 fm 
submodule axial size: 4.784 cm 
submodule tangential size: 2.5 cm 
submodule axial pitch: 0 fm 
submodule tangential pitch: 0 fm 
crystal radial size: 1.59 cm 
crystal axial size: 1.59 cm 
crystal tangential size: 2.5 cm 
crystal axial pitch: 0 fm 
crystal tangential pitch: 0 fm 
layer0 radial size: 3.95 mm 
in layer0 interaction length: 1.975 mm 
Axial nb of rsectors: 1
Azimuthal nb of rsectors: 28
Axial nb of modules: 1
Tangential nb of modules: 1
Axial nb of submodules: 1
Tangential nb of submodules: 1
Axial nb of crystals: 1
Tangential nb of crystals: 1
Radial nb of layers: 1
[Physic-0] The following Geant4's physic-list is enabled :emstandard_opt3


List of Enabled processes:




List of initialized processes:


[Core-0] Initialization of geometry
[Core-0] Initialization of physics
[Core-0] Initialization of actors
 <!> *** WARNING *** <!>  The 'energytype' option is DEPRECATED, use 'ene/type' instead!
 <!> *** WARNING *** <!>  The 'energytype' option is DEPRECATED, use 'ene/type' instead!
 <!> *** WARNING *** <!>  The 'energytype' option is DEPRECATED, use 'ene/type' instead!
 <!> *** WARNING *** <!>  The 'energytype' option is DEPRECATED, use 'ene/type' instead!
 <!> *** WARNING *** <!>  The 'energytype' option is DEPRECATED, use 'ene/type' instead!
 <!> *** WARNING *** <!>  The 'energytype' option is DEPRECATED, use 'ene/type' instead!
 <!> *** WARNING *** <!>  The 'energytype' option is DEPRECATED, use 'ene/type' instead!
 <!> *** WARNING *** <!>  The 'energytype' option is DEPRECATED, use 'ene/type' instead!
 <!> *** WARNING *** <!>  The 'energytype' option is DEPRECATED, use 'ene/type' instead!
[Acquisition-0]   
[Acquisition-0] ============= Source initialization =============
[Acquisition-0]   
[Acquisition-0] ============= Acquisition starts! =============
[Acquisition-0] Simulation start time = 0 sec
[Acquisition-0] Simulation end time   = 1 sec
[Acquisition-0] Simulation will have  = 1 run(s)
[Acquisition-0] Slice 0 from 0 to 1 s [slice=1 s]

### ===  Deexcitation model UAtomDeexcitation is activated for 25 regions:
          DefaultRegionForTheWorld  1  1  1
          cylindricalPET  1  1  1
          module  1  1  1
          unit  1  1  1
          block  1  1  1
          optical  1  1  1
          crystal  1  1  1
          capillaire1  1  1  1
          capillaire1_water  1  1  1
          capillaire2  1  1  1
          capillaire2_water  1  1  1
          capillaire3  1  1  1
          capillaire3_water  1  1  1
          capillaire4  1  1  1
          capillaire4_water  1  1  1
          capillaire5  1  1  1
          capillaire5_water  1  1  1
          capillaire_m1  1  1  1
          capillaire_m1_water  1  1  1
          capillaire_m2  1  1  1
          capillaire_m2_water  1  1  1
          capillaire_m3  1  1  1
          capillaire_m3_water  1  1  1
          capillaire_m4  1  1  1
          capillaire_m4_water  1  1  1
### ===  Ignore cuts flag:   0

phot:  for gamma applyCuts:1  SubType=12 BuildTable=0
      LambdaPrime table from 200 keV to 100 TeV in 174 bins 
      ===== EM models for the G4Region  DefaultRegionForTheWorld ======
 LivermorePhElectric : Emin=    0 eV  Emax=  100 TeV  SauterGavrila Fluo

compt:  for gamma applyCuts:1  SubType=13 BuildTable=1
      Lambda table from 10 eV  to 1 MeV, 20 bins/decade, spline: 1
      LambdaPrime table from 1 MeV to 100 TeV in 160 bins 
      ===== EM models for the G4Region  DefaultRegionForTheWorld ======
        KleinNishina : Emin=    0 eV  Emax=  100 TeV Fluo

conv:  for gamma applyCuts:1  SubType=14 BuildTable=1
      Lambda table from 1.022 MeV to 100 TeV, 20 bins/decade, spline: 1
      ===== EM models for the G4Region  DefaultRegionForTheWorld ======
     BetheHeitlerLPM : Emin=    0 eV  Emax=  100 TeV  ModifiedTsai

Rayl:  for gamma applyCuts:1  SubType=11 BuildTable=1
      Lambda table from 10 eV  to 100 keV, 20 bins/decade, spline: 0
      LambdaPrime table from 100 keV to 100 TeV in 180 bins 
      ===== EM models for the G4Region  DefaultRegionForTheWorld ======
   LivermoreRayleigh : Emin=    0 eV  Emax=  100 TeV  CullenGenerator

msc:  for e-  SubType= 10
      ===== EM models for the G4Region  DefaultRegionForTheWorld ======
            UrbanMsc : Emin=    0 eV  Emax=  100 TeV Nbins=240 100 eV  - 100 TeV
              StepLim=DistanceToBoundary Rfact=0.04 Gfact=2.5 Sfact=0.6 DispFlag:1 Skin=1 Llimit=1

eIoni:  for e-  SubType=2
      dE/dx and range tables from 10 eV  to 100 TeV in 260 bins
      Lambda tables from threshold to 100 TeV, 20 bins/decade, spline: 1
      StepFunction=(0.2, 0.1 mm), integ: 1, fluct: 1, linLossLim= 0.01
      ===== EM models for the G4Region  DefaultRegionForTheWorld ======
        MollerBhabha : Emin=    0 eV  Emax=  100 TeV  deltaVI

eBrem:  for e-  SubType=3
      dE/dx and range tables from 10 eV  to 100 TeV in 260 bins
      Lambda tables from threshold to 100 TeV, 20 bins/decade, spline: 1
      LPM flag: 1 for E > 1 GeV,  VertexHighEnergyTh(GeV)= 100000
      ===== EM models for the G4Region  DefaultRegionForTheWorld ======
             eBremSB : Emin=    0 eV  Emax=    1 GeV  AngularGen2BS
            eBremLPM : Emin=    1 GeV Emax=  100 TeV  AngularGen2BS

ePairProd:  for e-  SubType=4
      dE/dx and range tables from 10 eV  to 100 TeV in 260 bins
      Lambda tables from threshold to 100 TeV, 20 bins/decade, spline: 1
      Sampling table 25x1001; from 0.1 GeV to 100 TeV 
      ===== EM models for the G4Region  DefaultRegionForTheWorld ======
           ePairProd : Emin=    0 eV  Emax=  100 TeV  ModifiedMephi

msc:  for e+  SubType= 10
      ===== EM models for the G4Region  DefaultRegionForTheWorld ======
            UrbanMsc : Emin=    0 eV  Emax=  100 TeV Nbins=240 100 eV  - 100 TeV
              StepLim=DistanceToBoundary Rfact=0.04 Gfact=2.5 Sfact=0.6 DispFlag:1 Skin=1 Llimit=1

eIoni:  for e+  SubType=2
      dE/dx and range tables from 10 eV  to 100 TeV in 260 bins
      Lambda tables from threshold to 100 TeV, 20 bins/decade, spline: 1
      StepFunction=(0.2, 0.1 mm), integ: 1, fluct: 1, linLossLim= 0.01
      ===== EM models for the G4Region  DefaultRegionForTheWorld ======
        MollerBhabha : Emin=    0 eV  Emax=  100 TeV  deltaVI

eBrem:  for e+  SubType=3
      dE/dx and range tables from 10 eV  to 100 TeV in 260 bins
      Lambda tables from threshold to 100 TeV, 20 bins/decade, spline: 1
      LPM flag: 1 for E > 1 GeV,  VertexHighEnergyTh(GeV)= 100000
      ===== EM models for the G4Region  DefaultRegionForTheWorld ======
             eBremSB : Emin=    0 eV  Emax=    1 GeV  AngularGen2BS
            eBremLPM : Emin=    1 GeV Emax=  100 TeV  AngularGen2BS

ePairProd:  for e+  SubType=4
      dE/dx and range tables from 10 eV  to 100 TeV in 260 bins
      Lambda tables from threshold to 100 TeV, 20 bins/decade, spline: 1
      Sampling table 25x1001; from 0.1 GeV to 100 TeV 
      ===== EM models for the G4Region  DefaultRegionForTheWorld ======
           ePairProd : Emin=    0 eV  Emax=  100 TeV  ModifiedMephi

annihil:  for e+, integral:1  applyCuts:1  SubType=5 BuildTable=0
      ===== EM models for the G4Region  DefaultRegionForTheWorld ======
            eplus2gg : Emin=    0 eV  Emax=  100 TeV

msc:  for proton  SubType= 10
      ===== EM models for the G4Region  DefaultRegionForTheWorld ======
            UrbanMsc : Emin=    0 eV  Emax=  100 TeV Nbins=240 100 eV  - 100 TeV
              StepLim=Minimal Rfact=0.2 Gfact=2.5 Sfact=0.6 DispFlag:1 Skin=1 Llimit=1

hIoni:  for proton  SubType=2
      dE/dx and range tables from 10 eV  to 100 TeV in 260 bins
      Lambda tables from threshold to 100 TeV, 20 bins/decade, spline: 1
      StepFunction=(0.2, 0.05 mm), integ: 1, fluct: 1, linLossLim= 0.01
      ===== EM models for the G4Region  DefaultRegionForTheWorld ======
               Bragg : Emin=    0 eV  Emax=    2 MeV  deltaVI
          BetheBloch : Emin=    2 MeV Emax=  100 TeV  deltaVI

hBrems:  for proton  SubType=3
      dE/dx and range tables from 10 eV  to 100 TeV in 260 bins
      Lambda tables from threshold to 100 TeV, 20 bins/decade, spline: 1
      ===== EM models for the G4Region  DefaultRegionForTheWorld ======
               hBrem : Emin=    0 eV  Emax=  100 TeV  ModifiedMephi
      ===== Limit on energy threshold has been applied 

hPairProd:  for proton  SubType=4
      dE/dx and range tables from 10 eV  to 100 TeV in 260 bins
      Lambda tables from threshold to 100 TeV, 20 bins/decade, spline: 1
      Sampling table 17x1001; from 7.50618 GeV to 100 TeV 
      ===== EM models for the G4Region  DefaultRegionForTheWorld ======
           hPairProd : Emin=    0 eV  Emax=  100 TeV  ModifiedMephi

nuclearStopping:  for proton applyCuts:1  SubType=8 BuildTable=0
      ===== EM models for the G4Region  DefaultRegionForTheWorld ======
   ICRU49NucStopping : Emin=    0 eV  Emax=    1 MeV

msc:  for GenericIon  SubType= 10
      ===== EM models for the G4Region  DefaultRegionForTheWorld ======
            UrbanMsc : Emin=    0 eV  Emax=  100 TeV
              StepLim=Minimal Rfact=0.2 Gfact=2.5 Sfact=0.6 DispFlag:1 Skin=1 Llimit=1

ionIoni:  for GenericIon  SubType=2
      dE/dx and range tables from 10 eV  to 100 TeV in 260 bins
      Lambda tables from threshold to 100 TeV, 20 bins/decade, spline: 1
      StepFunction=(0.1, 0.02 mm), integ: 1, fluct: 1, linLossLim= 0.02
      ===== EM models for the G4Region  DefaultRegionForTheWorld ======
         ParamICRU73 : Emin=    0 eV  Emax=  100 TeV  deltaVI

nuclearStopping:  for GenericIon applyCuts:1  SubType=8 BuildTable=0
      ===== EM models for the G4Region  DefaultRegionForTheWorld ======
   ICRU49NucStopping : Emin=    0 eV  Emax=    1 MeV

msc:  for alpha  SubType= 10
      ===== EM models for the G4Region  DefaultRegionForTheWorld ======
            UrbanMsc : Emin=    0 eV  Emax=  100 TeV Nbins=240 100 eV  - 100 TeV
              StepLim=Minimal Rfact=0.2 Gfact=2.5 Sfact=0.6 DispFlag:1 Skin=1 Llimit=1

ionIoni:  for alpha  SubType=2
      dE/dx and range tables from 10 eV  to 100 TeV in 260 bins
      Lambda tables from threshold to 100 TeV, 20 bins/decade, spline: 1
      StepFunction=(0.1, 0.02 mm), integ: 1, fluct: 1, linLossLim= 0.02
      ===== EM models for the G4Region  DefaultRegionForTheWorld ======
            BraggIon : Emin=    0 eV  Emax=7.9452 MeV  deltaVI
          BetheBloch : Emin=7.9452 MeV Emax=  100 TeV  deltaVI

nuclearStopping:  for alpha applyCuts:1  SubType=8 BuildTable=0
      ===== EM models for the G4Region  DefaultRegionForTheWorld ======
   ICRU49NucStopping : Emin=    0 eV  Emax=    1 MeV

msc:  for anti_proton  SubType= 10
      ===== EM models for the G4Region  DefaultRegionForTheWorld ======
            UrbanMsc : Emin=    0 eV  Emax=  100 TeV Nbins=240 100 eV  - 100 TeV
              StepLim=Minimal Rfact=0.2 Gfact=2.5 Sfact=0.6 DispFlag:1 Skin=1 Llimit=1

hIoni:  for anti_proton  SubType=2
      dE/dx and range tables from 10 eV  to 100 TeV in 260 bins
      Lambda tables from threshold to 100 TeV, 20 bins/decade, spline: 1
      StepFunction=(0.2, 0.05 mm), integ: 1, fluct: 1, linLossLim= 0.01
      ===== EM models for the G4Region  DefaultRegionForTheWorld ======
            ICRU73QO : Emin=    0 eV  Emax=    2 MeV  deltaVI
          BetheBloch : Emin=    2 MeV Emax=  100 TeV  deltaVI

hBrems:  for anti_proton  SubType=3
      dE/dx and range tables from 10 eV  to 100 TeV in 260 bins
      Lambda tables from threshold to 100 TeV, 20 bins/decade, spline: 1
      ===== EM models for the G4Region  DefaultRegionForTheWorld ======
               hBrem : Emin=    0 eV  Emax=  100 TeV  ModifiedMephi
      ===== Limit on energy threshold has been applied 

hPairProd:  for anti_proton  SubType=4
      dE/dx and range tables from 10 eV  to 100 TeV in 260 bins
      Lambda tables from threshold to 100 TeV, 20 bins/decade, spline: 1
      Sampling table 17x1001; from 7.50618 GeV to 100 TeV 
      ===== EM models for the G4Region  DefaultRegionForTheWorld ======
           hPairProd : Emin=    0 eV  Emax=  100 TeV  ModifiedMephi

msc:  for kaon+  SubType= 10
      ===== EM models for the G4Region  DefaultRegionForTheWorld ======
            UrbanMsc : Emin=    0 eV  Emax=  100 TeV Nbins=240 100 eV  - 100 TeV
              StepLim=Minimal Rfact=0.2 Gfact=2.5 Sfact=0.6 DispFlag:1 Skin=1 Llimit=1

hIoni:  for kaon+  SubType=2
      dE/dx and range tables from 10 eV  to 100 TeV in 260 bins
      Lambda tables from threshold to 100 TeV, 20 bins/decade, spline: 1
      StepFunction=(0.2, 0.05 mm), integ: 1, fluct: 1, linLossLim= 0.01
      ===== EM models for the G4Region  DefaultRegionForTheWorld ======
               Bragg : Emin=    0 eV  Emax=1.05231 MeV  deltaVI
          BetheBloch : Emin=1.05231 MeV Emax=  100 TeV  deltaVI

hBrems:  for kaon+  SubType=3
      dE/dx and range tables from 10 eV  to 100 TeV in 260 bins
      Lambda tables from threshold to 100 TeV, 20 bins/decade, spline: 1
      ===== EM models for the G4Region  DefaultRegionForTheWorld ======
               hBrem : Emin=    0 eV  Emax=  100 TeV  ModifiedMephi
      ===== Limit on energy threshold has been applied 

hPairProd:  for kaon+  SubType=4
      dE/dx and range tables from 10 eV  to 100 TeV in 260 bins
      Lambda tables from threshold to 100 TeV, 20 bins/decade, spline: 1
      Sampling table 18x1001; from 3.94942 GeV to 100 TeV 
      ===== EM models for the G4Region  DefaultRegionForTheWorld ======
           hPairProd : Emin=    0 eV  Emax=  100 TeV  ModifiedMephi

msc:  for kaon-  SubType= 10
      ===== EM models for the G4Region  DefaultRegionForTheWorld ======
            UrbanMsc : Emin=    0 eV  Emax=  100 TeV Nbins=240 100 eV  - 100 TeV
              StepLim=Minimal Rfact=0.2 Gfact=2.5 Sfact=0.6 DispFlag:1 Skin=1 Llimit=1

hIoni:  for kaon-  SubType=2
      dE/dx and range tables from 10 eV  to 100 TeV in 260 bins
      Lambda tables from threshold to 100 TeV, 20 bins/decade, spline: 1
      StepFunction=(0.2, 0.05 mm), integ: 1, fluct: 1, linLossLim= 0.01
      ===== EM models for the G4Region  DefaultRegionForTheWorld ======
            ICRU73QO : Emin=    0 eV  Emax=1.05231 MeV  deltaVI
          BetheBloch : Emin=1.05231 MeV Emax=  100 TeV  deltaVI

hBrems:  for kaon-  SubType=3
      dE/dx and range tables from 10 eV  to 100 TeV in 260 bins
      Lambda tables from threshold to 100 TeV, 20 bins/decade, spline: 1
      ===== EM models for the G4Region  DefaultRegionForTheWorld ======
               hBrem : Emin=    0 eV  Emax=  100 TeV  ModifiedMephi
      ===== Limit on energy threshold has been applied 

hPairProd:  for kaon-  SubType=4
      dE/dx and range tables from 10 eV  to 100 TeV in 260 bins
      Lambda tables from threshold to 100 TeV, 20 bins/decade, spline: 1
      Sampling table 18x1001; from 3.94942 GeV to 100 TeV 
      ===== EM models for the G4Region  DefaultRegionForTheWorld ======
           hPairProd : Emin=    0 eV  Emax=  100 TeV  ModifiedMephi

msc:  for mu+  SubType= 10
      ===== EM models for the G4Region  DefaultRegionForTheWorld ======
            UrbanMsc : Emin=    0 eV  Emax=  100 TeV Nbins=240 100 eV  - 100 TeV
              StepLim=Minimal Rfact=0.2 Gfact=2.5 Sfact=0.6 DispFlag:1 Skin=1 Llimit=1

muIoni:  for mu+  SubType=2
      dE/dx and range tables from 10 eV  to 100 TeV in 260 bins
      Lambda tables from threshold to 100 TeV, 20 bins/decade, spline: 1
      StepFunction=(0.2, 0.05 mm), integ: 1, fluct: 1, linLossLim= 0.01
      ===== EM models for the G4Region  DefaultRegionForTheWorld ======
               Bragg : Emin=    0 eV  Emax=  200 keV  deltaVI
          BetheBloch : Emin=  200 keV Emax=    1 GeV  deltaVI
        MuBetheBloch : Emin=    1 GeV Emax=  100 TeV

muBrems:  for mu+  SubType=3
      dE/dx and range tables from 10 eV  to 100 TeV in 260 bins
      Lambda tables from threshold to 100 TeV, 20 bins/decade, spline: 1
      ===== EM models for the G4Region  DefaultRegionForTheWorld ======
              MuBrem : Emin=    0 eV  Emax=  100 TeV  ModifiedMephi
      ===== Limit on energy threshold has been applied 

muPairProd:  for mu+  SubType=4
      dE/dx and range tables from 10 eV  to 100 TeV in 260 bins
      Lambda tables from threshold to 100 TeV, 20 bins/decade, spline: 1
      Sampling table 21x1001; from 1 GeV to 100 TeV 
      ===== EM models for the G4Region  DefaultRegionForTheWorld ======
          muPairProd : Emin=    0 eV  Emax=  100 TeV  ModifiedMephi

msc:  for mu-  SubType= 10
      ===== EM models for the G4Region  DefaultRegionForTheWorld ======
            UrbanMsc : Emin=    0 eV  Emax=  100 TeV Nbins=240 100 eV  - 100 TeV
              StepLim=Minimal Rfact=0.2 Gfact=2.5 Sfact=0.6 DispFlag:1 Skin=1 Llimit=1

muIoni:  for mu-  SubType=2
      dE/dx and range tables from 10 eV  to 100 TeV in 260 bins
      Lambda tables from threshold to 100 TeV, 20 bins/decade, spline: 1
      StepFunction=(0.2, 0.05 mm), integ: 1, fluct: 1, linLossLim= 0.01
      ===== EM models for the G4Region  DefaultRegionForTheWorld ======
            ICRU73QO : Emin=    0 eV  Emax=  200 keV  deltaVI
          BetheBloch : Emin=  200 keV Emax=    1 GeV  deltaVI
        MuBetheBloch : Emin=    1 GeV Emax=  100 TeV

muBrems:  for mu-  SubType=3
      dE/dx and range tables from 10 eV  to 100 TeV in 260 bins
      Lambda tables from threshold to 100 TeV, 20 bins/decade, spline: 1
      ===== EM models for the G4Region  DefaultRegionForTheWorld ======
              MuBrem : Emin=    0 eV  Emax=  100 TeV  ModifiedMephi
      ===== Limit on energy threshold has been applied 

muPairProd:  for mu-  SubType=4
      dE/dx and range tables from 10 eV  to 100 TeV in 260 bins
      Lambda tables from threshold to 100 TeV, 20 bins/decade, spline: 1
      Sampling table 21x1001; from 1 GeV to 100 TeV 
      ===== EM models for the G4Region  DefaultRegionForTheWorld ======
          muPairProd : Emin=    0 eV  Emax=  100 TeV  ModifiedMephi

msc:  for pi+  SubType= 10
      ===== EM models for the G4Region  DefaultRegionForTheWorld ======
            UrbanMsc : Emin=    0 eV  Emax=  100 TeV Nbins=240 100 eV  - 100 TeV
              StepLim=Minimal Rfact=0.2 Gfact=2.5 Sfact=0.6 DispFlag:1 Skin=1 Llimit=1

hIoni:  for pi+  SubType=2
      dE/dx and range tables from 10 eV  to 100 TeV in 260 bins
      Lambda tables from threshold to 100 TeV, 20 bins/decade, spline: 1
      StepFunction=(0.2, 0.05 mm), integ: 1, fluct: 1, linLossLim= 0.01
      ===== EM models for the G4Region  DefaultRegionForTheWorld ======
               Bragg : Emin=    0 eV  Emax=297.505 keV  deltaVI
          BetheBloch : Emin=297.505 keV Emax=  100 TeV  deltaVI

hBrems:  for pi+  SubType=3
      dE/dx and range tables from 10 eV  to 100 TeV in 260 bins
      Lambda tables from threshold to 100 TeV, 20 bins/decade, spline: 1
      ===== EM models for the G4Region  DefaultRegionForTheWorld ======
               hBrem : Emin=    0 eV  Emax=  100 TeV  ModifiedMephi
      ===== Limit on energy threshold has been applied 

hPairProd:  for pi+  SubType=4
      dE/dx and range tables from 10 eV  to 100 TeV in 260 bins
      Lambda tables from threshold to 100 TeV, 20 bins/decade, spline: 1
      Sampling table 20x1001; from 1.11656 GeV to 100 TeV 
      ===== EM models for the G4Region  DefaultRegionForTheWorld ======
           hPairProd : Emin=    0 eV  Emax=  100 TeV  ModifiedMephi

msc:  for pi-  SubType= 10
      ===== EM models for the G4Region  DefaultRegionForTheWorld ======
            UrbanMsc : Emin=    0 eV  Emax=  100 TeV Nbins=240 100 eV  - 100 TeV
              StepLim=Minimal Rfact=0.2 Gfact=2.5 Sfact=0.6 DispFlag:1 Skin=1 Llimit=1

hIoni:  for pi-  SubType=2
      dE/dx and range tables from 10 eV  to 100 TeV in 260 bins
      Lambda tables from threshold to 100 TeV, 20 bins/decade, spline: 1
      StepFunction=(0.2, 0.05 mm), integ: 1, fluct: 1, linLossLim= 0.01
      ===== EM models for the G4Region  DefaultRegionForTheWorld ======
            ICRU73QO : Emin=    0 eV  Emax=297.505 keV  deltaVI
          BetheBloch : Emin=297.505 keV Emax=  100 TeV  deltaVI

hBrems:  for pi-  SubType=3
      dE/dx and range tables from 10 eV  to 100 TeV in 260 bins
      Lambda tables from threshold to 100 TeV, 20 bins/decade, spline: 1
      ===== EM models for the G4Region  DefaultRegionForTheWorld ======
               hBrem : Emin=    0 eV  Emax=  100 TeV  ModifiedMephi
      ===== Limit on energy threshold has been applied 

hPairProd:  for pi-  SubType=4
      dE/dx and range tables from 10 eV  to 100 TeV in 260 bins
      Lambda tables from threshold to 100 TeV, 20 bins/decade, spline: 1
      Sampling table 20x1001; from 1.11656 GeV to 100 TeV 
      ===== EM models for the G4Region  DefaultRegionForTheWorld ======
           hPairProd : Emin=    0 eV  Emax=  100 TeV  ModifiedMephi
G4VisManager: Using G4TrajectoryDrawByCharge as fallback trajectory model.
See commands in /vis/modeling/trajectories/ for other options.

### ===  Deexcitation model UAtomDeexcitation is activated for 25 regions:
          DefaultRegionForTheWorld  1  1  1
          cylindricalPET  1  1  1
          module  1  1  1
          unit  1  1  1
          block  1  1  1
          optical  1  1  1
          crystal  1  1  1
          capillaire1  1  1  1
          capillaire1_water  1  1  1
          capillaire2  1  1  1
          capillaire2_water  1  1  1
          capillaire3  1  1  1
          capillaire3_water  1  1  1
          capillaire4  1  1  1
          capillaire4_water  1  1  1
          capillaire5  1  1  1
          capillaire5_water  1  1  1
          capillaire_m1  1  1  1
          capillaire_m1_water  1  1  1
          capillaire_m2  1  1  1
          capillaire_m2_water  1  1  1
          capillaire_m3  1  1  1
          capillaire_m3_water  1  1  1
          capillaire_m4  1  1  1
          capillaire_m4_water  1  1  1
### ===  Ignore cuts flag:   0
(-47.161,321.003,79.4682)
(-56.8378,435.162,100.309)
(-211.816,-250.839,-61.7535)
(-245.948,-220.095,-126.616)
 <!> *** WARNING *** <!>  Event is earlier than earliest event in coincidence presort buffer. Consider using a larger buffer.
(291.982,126.058,34.5414)
(278.773,109.519,49.4819)
(162.851,-278.765,100.19)
(113.689,-209.264,83.2549)
(169.612,-283.514,111.27)
(207.751,-352.66,83.8138)
(115.633,297.853,-105.043)
(81.9855,286.181,-126.329)
(116.902,296.407,-104.065)
(82.585,326.911,-72.4189)
(-111.271,-305.383,39.3916)
(-107.498,-307.681,39.5556)
(-100.903,-308.623,43.1965)
(-95.9507,-374.238,71.7099)
(276.169,161.998,-20.637)
(299.02,282.291,-83.172)
(299.289,-100.495,94.9445)
(297.945,-116.371,55.6471)
(302.669,-101.084,99.0316)
(247.367,-48.3936,95.9777)
(-82.0099,-301.268,-71.8434)
(-101.395,-393.812,3.80304)
(300.095,-91.5748,-106.106)
(193.131,-43.7452,-133.17)
(318.884,53.3193,111.597)
(251.79,61.4653,23.9656)
(-112.32,-297.13,65.781)
(-130.067,-284.341,173.893)
(4.30441,326.516,-62.8583)
(2.61464,345.158,-24.4487)
(123.513,-303.125,-44.6144)
(53.3506,-286.938,-17.7058)
(123.356,-303.802,-44.6893)
(-44.7563,-317.646,-175.71)
(29.2536,-314.62,-2.80465)
(73.632,-235.717,-8.35442)
(-220.882,228.667,-85.4823)
(-298.876,229.24,26.0013)
(233.016,-220.045,83.6593)
(274,-214.707,-22.1011)
(285.801,-133.417,115.9)
(194.923,-88.1997,58.776)
(-81.1708,-305.284,39.8824)
(-217.043,-382.014,143.901)
(183.108,252.802,46.9525)
(168.324,260.855,83.1116)
(-209.727,244.729,71.4471)
(-177.019,359.31,-41.0102)
(24.9221,-330.796,-93.7724)
(-19.3221,-305.723,-77.2791)
(22.8036,-332.467,-97.2142)
(-30.8383,-369.851,-118.488)
(-110.683,-296.717,95.8383)
(-1.29769,-329.458,-4.08773)
(309.922,-47.1508,-45.3257)
(258.018,106.952,-89.829)
(-326.486,9.4146,-113.898)
(-363.395,53.218,-67.7502)
(-282.649,-136.37,84.1832)
(-277.953,-141.354,47.2176)
(-297.546,-151.216,77.6192)
(-310.785,-194.004,154.822)
(-296.254,-155.808,73.166)
(-366.156,-144.341,120.292)
(308.205,-77.4687,-113.157)
(239.929,0.740566,-165.039)
(-15.795,321.393,-113.798)
(102.533,349.826,-202.428)
(323.86,-54.5072,-94.1372)
(261.336,-65.2826,-83.8736)
(-318.942,59.3936,100.539)
(-234.013,27.0069,19.9233)
(-326.551,55.4818,94.4022)
(-409.391,-45.7562,197.929)
(-311.603,-63.2669,-46.5325)
(-318.324,18.0081,-49.692)
(318.035,-23.8846,74.2366)
(386.805,-109.394,100.523)
(330.912,45.709,50.7811)
(435.88,26.8323,49.7821)
(-301.433,-84.7802,-90.9199)
(-307.625,-161.612,-86.4947)
(-323.777,-56.8411,46.368)
(-354.56,-114.106,32.1596)
(-323.419,-56.3159,48.5007)
(-243.451,5.86221,32.8489)
(309.024,73.9418,-60.4069)
(310.785,102.322,-54.1003)
(305.096,74.4997,-64.5604)
(343.151,-43.4468,25.5878)
(303.747,143.93,-28.7076)
(325.99,239.54,35.0976)
(-259.985,-177.624,33.7713)
(-226.763,-168.245,53.7694)
(183.017,261.658,-36.0815)
(231.039,157.756,-19.2393)
(-47.4171,-323.785,42.6053)
(-13.8364,-315.179,72.3247)
(311.699,-66.423,56.2548)
(260.172,79.532,55.3091)
(329.643,4.90695,-81.1824)
(343.305,-88.62,-101.04)
(285.613,-127.121,78.5108)
(304.595,-68.72,126.747)
(-186.56,252.605,16.5408)
(-125.137,247.714,14.4818)
(-84.7492,-301.878,-19.1542)
(-133.276,-255.866,76.6732)
(-312.261,76.4567,-90.1692)
(-354.668,152.907,-90.4464)
(-280.129,-151.433,-16.9405)
(-397.41,-148.81,-163.215)
(-284.242,-157.415,-19.242)
(-249.9,-130.863,42.3397)
(-283.101,-158.642,-16.6833)
(-215.371,-169.704,-146.085)
(52.2307,310.769,-102.358)
(100.864,314.234,-162.15)
(-145.319,-296.461,96.8168)
(-118.729,-339.321,24.3515)
(-66.3449,309.715,56.2697)
(-139.053,296.67,24.1283)
(-312.337,1.49009,6.03576)
(-262.488,-74.2426,-10.0701)
(-316.601,-12.5986,-86.4087)
(-319.523,2.01812,-125.617)
(314.794,12.6079,81.9029)
(353.381,-18.9003,53.4224)
(317.301,12.1951,83.2344)
(349.25,6.35644,17.28)
(-145.081,277.01,-120.727)
(-116.205,195.391,-80.0525)
(-144.265,278.624,-116.17)
(-151.865,309.257,-87.7597)
(122.578,-302.185,121.624)
(165.48,-250.726,202.771)
(-274.599,152.793,-107.717)
(-296.328,165.501,-177.444)
(-230.318,-239.515,121.57)
(-220.884,-206.261,197.669)
(-144.045,-277.047,-39.7672)
(-23.7137,-386.596,-164.894)
(-146.276,-279.188,-54.7065)
(-234.466,-313.913,-137.475)
(274.213,178.197,27.2955)
(380.188,218.32,31.9886)
(281.582,168.366,-85.1164)
(370.202,199.017,-64.1714)
(286.397,166.451,-86.5452)
(312.289,177.673,-129.626)
(-289.166,-122.275,64.2079)
(-272.487,-66.8216,160.254)
(-10.8834,-312.681,11.9603)
(-139.483,-414.262,59.6347)
(201.827,239.129,-9.27572)
(235.586,195.369,56.8225)
(-272.546,166.011,4.67608)
(-196.33,212.977,82.3418)
(310.6,124.974,-81.3176)
(353.446,102.499,-183.079)
(306.808,125.448,-78.4284)
(222.225,240.733,-33.4936)
(-308.174,-73.858,51.4709)
(-247.339,-99.4149,159.861)
(-132.075,-282.543,52.6579)
(-106.332,-340.006,73.3806)
(320.857,-13.0943,-99.5301)
(277.855,-23.7184,-70.1898)
(-308.992,88.4936,-77.7812)
(-219.231,106.935,-218.041)
(211.659,-260.733,61.8821)
(211.568,-258.267,29.4234)
(54.7662,310.206,-74.0579)
(164.498,308.132,-66.8294)
(48.6727,314.7,-78.3248)
(158.945,335.601,-102.198)
(253.045,192.229,-51.6064)
(275.46,117.158,-155.22)
(-45.5726,-316.766,88.4936)
(-0.814075,-317.612,4.41352)
(158.863,-279.841,29.22)
(216.596,-319.976,108.121)
(-250.4,200.932,-20.0162)
(-354.058,283.911,19.0553)
(-219.123,-228.758,82.2448)
(-241.138,-315.791,117.037)
(39.6334,313.303,-116.775)
(52.7091,200.684,-106.459)
(-313.671,-7.15045,-74.5411)
(-359.612,-126.682,-94.1671)
(250.463,200.257,71.2878)
(253.797,177.049,76.0395)
(257.601,201.799,72.2904)
(335.82,153.476,164.988)
(308.727,-52.476,-14.4972)
(362.903,-57.2204,-18.0127)
(310.813,-53.7276,-7.86385)
(417.443,37.2558,-12.2164)
(319.986,-61.3049,-1.39586)
(232.38,-90.4571,-0.169552)
(-147.627,-290.144,77.8437)
(46.104,-209.128,130.226)
(210.762,236.167,-64.2575)
(174.304,349.135,-55.9363)
(242.085,198.434,-119.236)
(350.412,116.947,-268.58)
(242.768,198.55,-119.25)
(304.752,186.39,-142.624)
(243.602,195.65,-121.127)
(242.452,244.896,-100.61)
(-277.619,-154.082,90.9421)
(-198.279,-96.3543,98.199)
(-278.534,-150.08,92.6202)
(-277.555,-205.215,56.8092)
(-280.957,-148.081,94.6502)
(-290.741,-94.218,97.8229)
(273.25,182.126,-1.04208)
(231.23,266.341,-15.6877)
(-254.712,-182.921,-0.0842558)
(-468.581,-227.132,59.3454)
(-258.541,204.163,-27.7667)
(-195.811,259.292,-69.8442)
(-260.5,179.136,-23.8382)
(-242.169,201.257,46.5678)
(287.768,-157.315,22.1343)
(350.597,-163.576,-82.8301)
(-113.459,305.397,-39.7524)
(-211.37,292.503,-58.4138)
(20.7596,-334.828,38.9946)
(-42.2083,-288.13,26.3858)
(-172.939,-266.438,-117.051)
(-206.307,-419.175,-69.7491)
(-29.2717,-311.914,-51.1648)
(-174.836,-193.995,28.1296)
(-28.1909,-312.322,-49.0267)
(-99.456,-366.478,-17.3812)
(-88.0579,-306.255,-23.3455)
(-80.114,-331.864,-4.0034)
(-131.6,299.211,-93.4349)
(-186,300.266,-37.9925)
(-130.114,299.661,-94.1654)
(-211.24,308.677,-50.8094)
(-53.1779,-321.843,-63.7966)
(-43.1329,-353.968,-41.5376)
(-46.7624,316.017,60.7302)
(-40.8021,259.004,88.1007)
(-199.508,-246.844,-102.03)
(-253.03,-211.646,-107.767)
(-203.396,-250.388,-106.024)
(-201.671,-270.103,-90.0728)
(124.83,288.703,123.309)
(163.407,207.308,163.415)
(286.629,-129.606,29.8148)
(134.89,-64.2676,60.3754)
(189.962,-271.059,80.6769)
(207.982,-204.274,36.8272)
(190.602,-271.163,80.3648)
(227.506,-290.539,145.729)
(-241.112,215.317,-63.9636)
(-253.082,203.968,-133.589)
(189.499,-275.728,-19.451)
(141.44,-285.197,13.7036)
(191.553,-277.694,-17.1561)
(148.741,-220.161,54.3538)
(-277.259,153.654,12.4274)
(-328.364,161.268,-10.9755)
(-277.386,154.831,15.2127)
(-259.124,150.048,70.4036)
(-274.953,-150.985,-84.0918)
(-265.975,-126.963,-5.34008)
(-289.98,-152.378,-85.8183)
(-294.399,-288.1,-106.904)
(269.958,161.693,59.8551)
(136.112,198.386,36.7871)
(272.785,180.914,27.4423)
(241.599,131.919,30.4488)
(256.719,186.82,38.4865)
(242.88,109.215,-4.78019)
(-143.382,-282.925,-41.9874)
(-108.976,-259.403,-81.8023)
(-149.772,-280.632,-39.2097)
(-170.046,-276.443,-29.6333)
(-31.2916,-318.054,-53.4816)
(-62.7058,-362.158,21.2681)
(-320.346,-46.2083,20.4235)
(-311.859,58.0479,117.519)
(320.842,95.2873,-47.3144)
(290.93,127.764,-78.2853)
(-100.477,319.999,-44.9101)
(-0.171505,268.86,-31.1804)
(173.889,-261.99,35.5924)
(228.937,-278.043,100.467)
(-308.038,63.4707,-108.36)
(-285.772,50.7272,-19.265)
(-283.307,138.459,119.419)
(-189.357,191.193,84.6048)
(-282.577,135.502,120.246)
(-249.385,252.711,154.419)
(77.7677,313.276,-31.2292)
(131.791,193.704,-32.9136)
(21.5043,-312.834,29.0934)
(33.5653,-402.689,27.7238)
(288.12,-133.595,60.6586)
(342.085,-153.685,32.3242)
(288.908,-126.627,68.7207)
(266.695,-146.865,108.247)
(-251.195,212.904,-94.0062)
(-268.171,192.221,-68.5384)
(312.82,-47.1244,103.327)
(215.398,15.9882,73.2319)
(-318.363,-15.4483,58.9843)
(-298.391,-37.5691,21.1321)
(78.187,309.599,-21.9575)
(60.4969,265.812,-1.50186)
(-150.915,279.96,73.1502)
(-142.364,322.22,73.2816)
(-271.738,159.358,-4.40835)
(-245.212,231.862,-64.1278)
(319.001,-69.1762,2.7505)
(279.296,-88.6901,38.7931)
(70.5276,318.986,65.9133)
(17.4965,378.654,-50.3713)
(-195.082,-245.016,-49.273)
(-236.912,-359.436,-49.4826)
(246.245,-205.48,-107.963)
(306.266,-177.216,-208.832)
(-27.8216,-327.153,54.8782)
(-101.297,-257.707,4.07267)
(242.705,200.528,-34.8666)
(217.405,320.268,-107.08)
(17.2593,311.868,-70.9202)
(109.087,250.221,-9.06719)
(20.974,314.982,-71.66)
(59.56,404.83,-73.8195)
(-219.367,-226.889,109.501)
(-221.449,-136.076,79.1789)
(-221.328,-230.163,107.936)
(-234.559,-267.199,199.93)
(192.896,-247.303,-124.708)
(226.903,-313.087,-84.0432)
(-208.272,241.217,-33.8874)
(-148.027,291.061,-110.523)
(-220.297,249.644,-39.2719)
(-233.121,223.111,-73.9064)
(-219.274,249.224,-37.7395)
(-117.604,277.232,-119.725)
(-139.136,281.04,-120.923)
(-142.875,125.792,-160.527)
(208.915,-234.768,102.395)
(305.937,-406.258,50.8624)
(-127.618,295.006,-72.0476)
(-19.0944,325.673,-32.033)
(-207.772,-251.283,68.3481)
(-176.167,-265.403,26.2602)
(-207.029,-253.612,69.5398)
(-176.762,-203.94,68.0414)
(89.0106,300.378,-77.3709)
(78.6977,348.675,32.8648)
(130.927,-286.247,-125.148)
(168.365,-273.379,-192.17)
(-265.909,183.719,79.133)
(-287.434,241.068,24.8713)
(-258.484,-176.592,-4.22533)
(-180.186,-135.974,-17.5216)
(288.942,136.548,2.12981)
(274.038,174.375,33.6522)
(-141.705,-285.318,-95.7977)
(-7.26829,-294.388,18.5792)
(256.384,180.115,-60.1013)
(250.388,208.2,-32.2731)
(-70.0058,-324.202,109.348)
(-146.066,-403.58,31.0368)
(248.412,195.802,-8.69868)
(305.278,181.58,50.2931)
(-314.744,31.7573,-8.22626)
(-265.818,72.5944,24.7354)
(308.383,-65.5252,16.9086)
(373.643,-37.4648,126.136)
(304.126,-72.942,21.0953)
(305.873,-63.2334,-10.3434)
(-319.266,-25.3349,120.778)
(-307.648,-94.9433,120.974)
(-295.891,119.188,-85.9022)
(-237.04,85.6877,-167.369)
(-181.703,-264.711,-35.0926)
(-149.943,-236.869,-64.4457)
(301.12,132.426,16.9348)
(326.18,82.8193,-98.1448)
(301.289,134.732,18.6327)
(166.943,125.168,24.0315)
(226.174,-233.846,-113.395)
(260.878,-233.465,-262.833)
(228.187,-242.331,-111.072)
(294.316,-282.413,-56.3314)
(313.915,52.1706,67.4097)
(349.161,72.6126,79.8222)
(-19.5252,-317.619,86.9706)
(-66.248,-332.989,180.958)
(-301.954,-86.6724,-64.3935)
(-371.583,-33.8619,-174.042)
(-308.752,-97.5416,-67.2278)
(-413.027,-149.905,-89.8322)
(313.439,84.1936,58.2799)
(204.554,103.188,-14.1201)
(313.558,84.8157,60.8596)
(232.689,141.863,132.404)
(313.458,83.7924,60.9055)
(426.881,-10.8574,-24.1613)
(-296.822,-119.334,-124.455)
(-311.098,-164.032,-55.2434)
(301.877,-138.865,37.891)
(168.229,-210.088,15.436)
(299.753,-133.777,39.5312)
(331.116,-68.1624,23.0466)
(-29.3091,-312.656,47.3497)
(26.7245,-383.268,32.8912)
(-41.8676,-321.371,42.1575)
(-37.0667,-297.379,-16.0039)
(-260.763,208.657,82.0815)
(-166.607,215.163,70.518)
(161.159,-278.302,-107.26)
(144.525,-374.379,-153.932)
(161.794,-280.034,-107.684)
(176.192,-255.512,-136.495)
(169.718,-282.453,-106.795)
(140.724,-319.865,-43.9995)
(317.431,-48.0421,89.2016)
(284.266,5.76106,8.2111)
(316.416,-47.9076,87.726)
(220.734,-104.086,232.235)
(240.081,215.794,86.0943)
(286.991,190.975,119.296)
(200.964,-239.471,-115.914)
(80.1348,-213.811,-127.381)
(202.576,-245.211,-114.322)
(271.89,-218.252,-159.048)
(203.129,-240.67,-113.79)
(253.792,-347.247,-87.7032)
(293.699,-126.951,124.889)
(235.748,-54.4791,124.72)
(-267.564,185.004,-98.9594)
(-321.206,204.312,-79.991)
(-270.44,198.575,-111.928)
(-385.469,195.72,-69.8148)
(321.631,-53.7178,122.807)
(355.133,-41.5491,210.58)
(176.197,-259.706,-59.8839)
(230.766,-200.265,-49.4287)
(-306.969,136.831,31.8848)
(-354.652,165.611,-20.307)
(-310.515,125.617,21.1377)
(-207.735,97.1636,55.0401)
(-103.707,312.379,121.329)
(-65.6602,260.022,88.3439)
(-313.712,29.9746,-63.3213)
(-325.539,48.877,-82.4942)
(267.214,202.137,40.3951)
(321.91,127.895,46.1688)
(-246.808,-198.806,-45.0074)
(-187.394,-240.417,-44.2161)
(22.638,312.18,28.6677)
(68.359,269.962,72.1814)
(231.333,-242.94,-21.6736)
(256.647,-240.233,-25.5559)
(-282.335,-185.026,-111.097)
(-182.263,-103.739,-60.4408)
(295.136,133.944,-49.5324)
(131.258,197.27,-108.812)
(-209.765,-232.204,81.7653)
(-40.0919,-259.498,72.5611)
(-78.9301,-304.211,-43.6914)
(-72.5391,-208.747,-144.891)
(-139.137,288.086,38.8999)
(-215.211,276.455,101.8)
(-133.273,292.5,37.6389)
(-154.863,243.21,110.35)
(-128.711,296.918,36.2523)
(-135.09,311.035,41.3727)
(-201.224,251.048,17.289)
(-176.638,248.623,-0.521034)
(-306.883,-76.0383,-54.9375)
(-321.917,-139.992,-76.7251)
(79.9234,318.774,-55.1554)
(120.441,269.23,-28.2396)
(-51.5191,308.801,41.9816)
(0.358666,284.402,60.9331)
(141.977,-279.371,-36.6918)
(172.459,-248.604,-63.8865)
(141.437,-279.437,-37.4487)
(175.238,-253.916,-30.8284)
(259.826,-189.984,-100.716)
(258.71,-134.987,-126.903)
(262.226,-196.702,-98.0615)
(219.237,-268.19,-29.6564)
(-298.625,151.807,80.0273)
(-369.671,90.652,-7.84262)
(178.836,-266.26,-11.3161)
(94.8878,-333.945,-15.5116)
(175.617,-258.974,-14.1822)
(204.375,-310.679,-2.45723)
(-307.597,-80.146,-101.515)
(-284.089,-63.2472,-150.83)
(-322.245,-17.9945,39.9325)
(-313.438,-9.23094,-9.99507)
(-3.65759,-311.802,67.452)
(55.2277,-327.262,116.063)
(-147.881,286.23,-50.0435)
(-104.653,343.88,1.84954)
(-131.142,-304.677,56.0289)
(-225.629,-278.368,75.6928)
(180.334,-271.154,-105.443)
(252.371,-288.261,-93.0432)
(-276.648,156.157,56.7281)
(-254.029,225.193,48.5951)
(-289.875,156.12,-117.44)
(-288.045,105.28,-92.3998)
(309.497,-96.6294,72.2518)
(385.065,-142.641,-21.5046)
(319,-93.9626,66.0885)
(302.572,-94.0729,10.9607)
(322.005,-93.4973,69.0888)
(376.76,-46.1877,58.3269)
(325.448,-66.5919,-122.448)
(338.833,-69.0292,-89.741)
(215.157,-228.52,99.3396)
(252.431,-308.849,106.012)
(226.935,-232.968,104.256)
(182.368,-197.565,238.153)
(-205.533,239.996,-101.275)
(-183.864,262.029,-219.115)
(310.753,81.9222,8.52346)
(359.412,93.2592,-39.0505)
(-273.309,-156.418,-12.6285)
(-360.784,-192.898,-51.7301)
(-272.116,-160.804,-12.6481)
(-237.354,-220.34,-30.6284)
(-297.987,-130.839,35.9893)
(-278.694,-87.5515,-21.6503)
(220.848,231.167,-64.3149)
(283.133,213.012,-42.3407)
(296.096,-107.122,-39.3046)
(299.528,-232.067,-17.6706)
(254.809,-185.722,113.756)
(259.682,-271.519,39.2805)
(207.468,254.626,-53.4692)
(255.174,324.81,-58.0972)
(-72.3582,-305.503,61.5378)
(-95.919,-289.106,7.73185)
(-157.107,-272.186,123.412)
(-184.048,-285.959,95.2607)
(-155.315,-275.905,121.475)
(-195.55,-250.563,87.9406)
(270.796,-160.237,66.812)
(304.697,-149.397,-21.3757)
(289.391,-171.341,59.8594)
(336.309,-155.397,-14.1381)
(308.23,51.1072,19.5512)
(313.899,157.009,1.38648)
(208.03,250.55,0.878763)
(242.479,316.301,45.0315)
(-183.262,-256.976,123.546)
(-189.033,-248.452,158.103)
(-190.305,-251.919,117.416)
(-43.8735,-319.333,-27.5803)
(-190.711,-251.994,117.675)
(-208.908,-298.069,158.728)
(-245.595,197.121,4.0954)
(-181.978,207.451,-31.9238)
(-244.97,194.19,5.0747)
(-225.887,163.415,-44.6698)
(98.8732,-304.3,-4.21322)
(15.7408,-330.197,39.1072)
(-81.3003,-304.386,67.601)
(-63.3098,-399.13,102.991)
(-220.371,240.199,105.063)
(-255.395,237.14,107.095)
(275.121,-156.132,-71.2337)
(193.361,-196.285,-19.8594)
(267.026,-184.591,80.7141)
(127.978,-124.097,197.553)
(275.184,-193.226,85.4759)
(360.45,-121.019,64.9595)
(274.066,-193.184,84.8391)
(192.986,-291.156,69.4172)
(-299.605,91.3093,-40.4902)
(-246.353,57.795,25.1149)
(-322.584,98.3404,-37.2711)
(-246.304,48.646,-115.435)
(113.183,-297.217,100.439)
(133.708,-233.673,231.384)
(114.058,-301.355,107.1)
(227.19,-301.727,89.1287)
(119.818,-300.877,120.192)
(158.644,-257.846,192.838)
(-99.6862,316.471,-110.352)
(-137.324,335.953,-32.9045)
(-171.004,263.378,-18.8028)
(-121.029,230.72,-28.8236)
(-278.218,-147.517,-3.01484)
(-387.547,-297.516,94.3183)
(-281.559,-148.075,0.199805)
(-336.024,-203.596,54.1932)
(246.793,191.601,7.6539)
(285.867,206.521,-115.319)
(252.617,191.456,4.18101)
(253.476,267.629,25.9985)
(-330.374,-54.4408,2.32773)
(-264.309,-12.2205,-4.75754)
(-331.084,-56.0293,-5.88993)
(-337.023,93.7921,-36.4625)
(147.902,278.696,61.0144)
(147.332,226.238,46.2896)
(151.601,276.766,59.3617)
(81.1576,318.077,-2.95511)
(2.76221,-318.041,-69.6162)
(26.6524,-407.197,-44.5412)
(5.12267,-316.734,-72.5808)
(-50.4353,-335.953,-91.4524)
(242.929,199.144,31.7834)
(162.755,175.743,-65.9027)
(245.853,210.603,38.2305)
(232.722,134.688,180.852)
(246.546,213.067,40.9914)
(323.633,190.081,-21.3516)
(250.976,217.81,45.5151)
(334.283,200.996,-20.9964)
(255.109,216.688,51.903)
(265.986,259.173,-6.86119)
(-25.6148,-320.664,-50.8814)
(31.8145,-316.923,-169.127)
(-29.0149,-320.575,-47.9824)
(-1.0094,-405.611,-51.8329)
(-28.5757,-320.547,-47.9991)
(-11.074,-232.438,-83.179)
(115.666,-302.436,-49.6733)
(130.099,-417.411,-24.882)
(99.6561,-305.73,-47.8429)
(37.6885,-253.468,-15.3948)
(100.558,-305.821,-48.4982)
(153.805,-231.715,-63.7731)
(201.539,256.341,20.9112)
(197.657,367.013,-80.3741)
(-296.098,-152.986,-13.2089)
(-290.639,-233.719,31.1356)
(285.373,140.811,-73.5935)
(213.055,152.904,-8.51787)
(81.4854,-308.116,106.487)
(1.91146,-327.034,153.623)
(190.952,269.002,-97.0777)
(100.079,260.096,-106.942)
(192.906,267.627,-98.5524)
(253.266,306.393,-7.26989)
(312.674,53.6035,78.7762)
(287.936,44.5425,75.7334)
(228.283,-236.002,-59.4381)
(226.169,-204.477,-86.4652)
(156.877,-274.755,35.1572)
(148.584,-347.95,-27.6096)
(-10.4699,321.98,-42.3494)
(60.1651,388.856,15.0142)
(-84.8634,-310.279,-59.4504)
(-102.927,-229.828,-2.36323)
(269.24,177.875,30.9679)
(325.671,138.029,62.3272)
(317.705,5.97742,11.6238)
(324.932,48.4871,-40.43)
(323.43,3.61367,10.4666)
(319.53,55.064,89.1792)
(-313.486,-14.7886,-31.0985)
(-262.614,51.2651,26.253)
(-324.336,-13.8394,-22.1066)
(-101.615,-21.1254,-2.3496)
(301.469,130.239,116.887)
(175.885,100.132,122.891)
(296.298,134.099,112.836)
(266.71,168.784,255.006)
(-302.928,87.35,-43.1905)
(-239.122,45.9219,-110.384)
(239.986,-202.073,100.259)
(158.867,-132.659,7.45336)
(-139.079,-284.975,-93.4181)
(-111.712,-245.779,-88.7276)
(-131.51,-296.568,-99.7458)
(-146.998,-282.745,-183.027)
(279.989,143.997,47.1123)
(342.638,208.075,143.342)
(283.343,147.107,54.9888)
(327.313,180.376,245.959)
(286.553,145.774,58.9696)
(224.188,77.7605,119.821)
(308.27,88.9656,46.5047)
(355.467,125.672,109.677)
(-283.11,-142.504,-73.441)
(-254.605,-122.014,-156.862)
(233.795,211.789,-53.6668)
(214.348,152.432,-45.9045)
(-305.079,-120.374,33.2207)
(-293.61,-161.733,101.625)
(-219.272,228.319,-58.8877)
(-284.232,251.574,-22.876)
(-29.33,-315.397,84.4823)
(-91.1966,-330.372,75.3635)
(-27.6968,-314.522,81.9844)
(-52.3483,-245.869,47.1809)
(311.988,12.6123,88.6139)
(210.446,-46.8483,129.856)
(40.1137,-319.401,-1.8432)
(-46.0825,-326.654,-5.70398)
(115.764,291.409,-3.28453)
(77.5152,334.639,13.0408)
(-203.952,244.113,78.4905)
(-134.137,206.307,190.294)
(-212.306,241.986,78.523)
(-197.919,267.011,105.832)
(20.1563,-332.751,-52.6678)
(8.47602,-276.832,31.2382)
(-165.912,286.928,47.6273)
(-171.403,289.818,39.3244)
(-165.102,287.958,48.6338)
(-96.9599,205.969,26.3518)
(-167.925,292.065,48.3542)
(-62.6656,278.272,-114.83)
(131.907,292.239,-83.0015)
(136.106,221.566,-109.262)
(307.284,-63.5836,85.761)
(338.416,-117.591,31.6358)
(-318.583,48.2174,-62.1865)
(-285.742,-46.3162,-178.396)
(-172.424,264.229,-59.6165)
(-134.698,183.955,-18.2412)
(-31.5193,-330.154,74.3438)
(64.1334,-326.293,158.74)
(-22.9831,-328.337,74.0429)
(168.9,-281.405,-69.3722)
(22.1618,330.478,-28.5565)
(49.978,262.305,-109.61)
(-253.855,182.604,-116.648)
(-351.397,239.504,-106.833)
(-82.9585,303.786,52.6572)
(21.9458,348.107,83.8983)
(-77.1293,-324.007,-59.3753)
(-100.686,-261.064,-128.299)
(251.396,207.537,-2.73499)
(235.38,83.9335,-36.0955)
(257.221,211.593,-2.61395)
(110.185,201.461,-10.7392)
(245.971,208.527,-5.42388)
(291.594,227.168,36.0542)
(-250.509,-223.919,-0.193799)
(-188.834,-298.551,-41.6289)
(-131.237,295.213,-44.2761)
(-146.686,368.64,-4.95674)
(-142.442,299.987,-59.9323)
(-213.74,315.211,9.16386)
(-16.6101,-317.903,-3.23865)
(-9.61941,-386.203,-33.7899)
(183.921,-273.768,41.9665)
(236.516,-300.595,32.5111)
(21.9019,329.408,-54.6914)
(136.551,262.065,-68.5648)
(171.14,-286.906,-39.1103)
(125.066,-359.384,-69.5614)
(178.91,-275.427,-48.2279)
(210.799,-293.037,66.3974)
(51.1203,-312.031,79.2527)
(70.9288,-247.769,72.9029)
(209.634,246.612,-63.962)
(230.38,291.999,7.1951)
(204.724,247.846,-63.9125)
(216.11,340.617,-79.7231)
(-284.262,170.855,14.0744)
(-346.737,211.791,33.7885)
(-276.607,187.185,30.9557)
(-324.921,194.3,89.3014)
(211.72,-247.523,-23.0108)
(256.824,-260.962,-70.8856)
(-114.241,300.021,98.0842)
(-142.137,347.719,112.424)
(-102.223,321.34,104.069)
(-154.529,271.906,-1.14633)
(-102.422,321.052,106.852)
(-53.5282,275.786,54.6567)
(-125.208,-309.066,11.4758)
(-176.429,-290.448,36.9198)
(-122.244,-309.939,8.53986)
(-223.622,-401.905,-51.6566)
(-300.942,118.985,27.2718)
(-229.849,187.169,-96.6964)
(-296.908,110.866,22.2555)
(-296.243,152.095,4.38759)
(312.432,-89.8902,-21.3611)
(255.169,-194.284,-33.2951)
(-133.746,-290.056,29.3797)
(-148.012,-267.956,-49.3303)
(40.712,314.178,-29.3616)
(-12.046,349.536,-134.137)
(45.1994,312.193,-22.4803)
(-33.0865,363.077,138.97)
(-245.079,-197.05,20.4009)
(-114.723,-126.685,41.3706)
(-142.03,-293.846,125.174)
(-167.974,-348.736,159.706)
(-138.424,281.717,-119.805)
(-96.8435,292.331,-163.086)
(-233.303,213.952,21.3571)
(-119.325,329.512,18.3278)
(71.6171,-315.606,-26.7258)
(53.4873,-267.873,-53.4529)
(-320.829,82.258,14.9909)
(-305.693,136.122,100.738)
(-321.99,80.6571,10.9606)
(-368.93,68.8968,7.26366)
(310.539,-73.2531,-9.35429)
(219.613,-148.238,-9.06112)
(219.414,236.095,94.6316)
(281.397,231.278,109.474)
(48.1906,-315.202,12.9634)
(-68.8948,-304.303,96.912)
(244.904,230.323,-70.7016)
(216.087,161.492,-61.7482)
(328.975,56.2159,-69.2586)
(316.914,140.042,-113.168)
(325.122,53.7606,-84.5565)
(381.107,156.103,-56.1603)
(323.36,41.2806,-119.307)
(394.165,66.1161,-146.841)
(65.5264,323.756,-77.7998)
(106.268,402.949,-46.4896)
(66.2598,321.689,-77.8502)
(5.75732,306.901,-69.3771)
(-301.927,119.169,-95.5141)
(-266.624,38.0078,-32.4909)
(310.622,-46.1744,38.6294)
(344.511,-29.0439,-7.67989)
(213.166,229.481,6.14838)
(269.093,248.429,57.8177)
(-257.124,-180.776,-4.52707)
(-293.073,-193.793,5.74949)
(285.849,161.278,-109.112)
(342.802,201.916,-82.9378)
(287.805,160.217,-116.078)
(220.626,73.0785,-120.919)
(-302.504,84.7453,-99.8007)
(-304.451,40.0719,-45.3111)
(-306.461,87.1689,-100.692)
(-295.861,23.1538,-73.5484)
(-195.553,252.6,-117.909)
(-162.128,374.576,-179.63)
(-190.49,250.875,-124.231)
(-170.879,134.837,-139.264)
(206.656,255.527,2.96318)
(185.496,309.373,46.1152)
(227.931,221.358,105.527)
(255.114,194.589,99.6914)
(282.582,133.028,55.9907)
(252.623,243.829,17.2034)
(-159.199,-278.318,-115.843)
(-267.027,-266.352,-26.5016)
(-155.47,-280.366,-110.323)
(-191.062,-197.727,-86.461)
(327.819,-47.2635,28.4959)
(352,-104.591,22.496)
(-312.284,61.4154,-34.0594)
(-349.255,106.599,-63.4822)
(-308.759,-127.209,-9.88797)
(-337.514,-132.161,-62.3678)
(-309.739,-125.835,-10.4544)
(-312.762,-138.12,-43.0804)
(311.09,-76.7671,85.3217)
(285.233,-43.3869,15.4829)
(308.308,-52.3689,97.7963)
(293.514,-126.134,74.9502)
(308.125,-53.3962,99.0587)
(325.345,4.55026,87.3223)
(21.0358,-335.527,9.723)
(-15.2587,-239.407,-8.4787)
(-115.565,308.63,-8.84387)
(-145.393,297.409,-59.4572)
(-310.318,-73.0041,69.5049)
(-353.094,-6.94974,18.8928)
(-308.691,-72.7751,68.7095)
(-317.782,-56.1812,-54.3424)
(285.286,152.433,-23.1043)
(303.505,173.744,-62.5427)
(253.882,183.801,-9.6838)
(361.705,193.254,-38.7043)
(254.268,189.617,-6.16605)
(365.737,179.429,-56.724)
(-184.376,-280.168,19.6201)
(-226.367,-363.417,36.3777)
(-86.6053,-323.884,81.3299)
(-43.6953,-280.635,65.1756)
(-89.3798,-324.534,83.5201)
(-249.72,-242.57,95.6959)
(-90.7058,-323.771,82.9948)
(-39.3678,-233.762,80.3166)
(103.466,315.599,-80.1106)
(74.4122,415.043,-151.62)
(301.73,-85.78,-14.5409)
(237.105,-83.8935,23.5558)
(-239.264,201.391,40.6521)
(-162.62,270.248,-7.24994)
(167.006,-289.595,-14.755)
(173.383,-344.944,45.5267)
(-141.095,279.239,18.5419)
(-144.296,335.54,1.53439)
(-119.712,292.681,20.0595)
(-119.916,352.69,48.4925)
(-158.812,-279.826,-17.6291)
(-217.762,-326.663,112.083)
(-165.25,-291.895,-11.9672)
(-158.372,-206.015,-4.09647)
(313.949,-38.802,53.5855)
(430.628,-57.4451,85.624)
(-314.262,23.4271,-33.9495)
(-251.808,68.1462,-78.3152)
(-313.927,26.0455,-30.5939)
(-227.519,-0.921095,27.1998)
(157.445,-283.6,-123.308)
(183.02,-213.229,-64.7828)
(273.243,187.728,3.58856)
(281.5,170.905,34.4653)
(275.051,186.983,5.04482)
(106.4,191.725,-54.0074)
(-307.919,-76.0692,-3.59242)
(-265.863,-138.693,-22.8865)
(265.21,173.212,34.3797)
(335.854,251.442,43.1721)
(-261.014,-184.589,-33.7408)
(-353.716,-251.397,-111.214)
(-303.232,111.687,28.4352)
(-259.883,152.729,19.6395)
(205.406,-236.688,-61.133)
(239.508,-160.238,-83.387)
(-324.241,-23.1495,-59.5372)
(-272.968,2.8293,-39.1777)
(-326.148,-24.8896,-56.5073)
(-330.462,-78.113,-132.274)
(24.6499,-316.627,-78.0714)
(117.866,-355.555,-150.582)
(23.1243,-319.107,-82.6063)
(73.5237,-330.423,-6.23231)
(13.6544,-323,-88.112)
(47.4423,-338.05,0.210723)
(74.9081,304.806,71.4975)
(147.025,245.392,87.9947)
(-182.397,278.871,5.88277)
(-110.767,359.206,69.803)
(-185.581,282.018,2.4849)
(-178.017,238.347,13.5531)
(-330.454,-11.677,-96.7829)
(-359.084,-13.0309,-87.1587)
(313.991,-65.2912,-14.1329)
(329.268,-49.007,-68.9715)
(325.483,-83.7912,-18.4435)
(390.7,-137.285,44.0078)
(-303.874,-71.4306,42.2557)
(-277.946,-62.1507,14.1525)
(-331.172,-60.5715,46.2132)
(-318.854,-134.331,100.939)
(259.731,175.64,-104.982)
(218.036,248.745,-56.701)
(-252.704,187.624,46.8801)
(-244.707,265.789,77.358)
(64.8779,329.79,100.335)
(146.879,195.897,52.0478)
(-147.771,-279.877,-85.5668)
(-129.711,-344.144,-68.153)
(-317.43,103.857,117.028)
(-228.127,35.2103,50.6848)
(90.1006,-301.843,-57.0791)
(8.9905,-274.741,65.4102)
(330.076,-49.5782,-53.4405)
(257.195,38.5621,-76.5347)
(330.295,-45.6677,-47.3343)
(315.001,-74.6601,-104.274)
(-326.795,43.7825,-61.2569)
(-347.025,-89.3877,17.5005)
(-325.881,45.7009,-61.5496)
(-335.082,3.18283,2.17385)
(-302.688,134.255,6.8336)
(-310.161,173.717,117.169)
(139.764,-283.698,-31.1126)
(195.794,-273.32,-58.4613)
(133.324,-286.06,-32.1198)
(194.488,-324.041,-40.2141)
(132.915,-285.829,-32.2904)
(140.533,-341.548,-69.2011)
(218.829,-230.191,-5.14358)
(184.632,-93.4831,10.7545)
(162.853,-275.865,99.0497)
(154.081,-315.302,20.273)
(162.749,-276.026,97.987)
(150.658,-293.162,113.098)
(117.485,292.331,-104.731)
(240.838,294.134,-95.6982)
(219.517,-244.193,-48.1155)
(268.411,-221.299,-32.7529)
(292.132,-141.678,-56.5919)
(222.301,-205.979,-129.741)
(200.821,-240.906,68.1932)
(207.202,-287.875,111.863)
(209.49,-235.509,69.9282)
(143.457,-194.312,49.4198)
(-8.83597,315.469,-90.5393)
(11.0003,323.902,-157.341)
(-305.96,-84.0325,-82.966)
(-371.528,-79.8457,-73.5312)
(-67.2333,-306.927,-42.2255)
(-65.4238,-304.151,-4.47233)
(-15.0723,-313.155,-32.6597)
(2.00671,-292.666,9.45458)
(-317.233,51.0655,-66.7534)
(-241.502,-49.5493,-155.676)
(292.154,118.278,-107.718)
(261.312,184.814,-101.828)
(-309.523,-59.3894,40.7371)
(-335.475,-62.8469,125.594)
(330.579,31.0378,-20.6727)
(240.918,100.433,17.4772)
(330.639,-13.4943,88.2719)
(354.595,-44.0324,154.598)
(330.126,-13.0658,87.2787)
(380.206,87.0749,58.0659)
(299.974,98.8862,-50.1737)
(383.882,67.3784,50.0495)
(-132.041,-298.89,109.777)
(-81.9239,-261.22,154.46)
(143.313,279.3,-100.13)
(119.657,197.802,-139.503)
(-252.456,186.269,99.0255)
(-320.204,267.606,34.4591)
(-313.491,77.2362,-111.092)
(-334.766,139.023,-89.1492)
(325.852,47.6097,-89.5279)
(213.777,85.3621,-28.3708)
(175.726,270.971,122.155)
(226.74,198.543,184.926)
0 events have been kept for refreshing and/or reviewing.
  "/vis/reviewKeptEvents" to review them one by one.
  "/vis/enable", then "/vis/viewer/flush" or "/vis/viewer/rebuild" to see them accumulated.
[Core-0] End of macro ./split/.Gate/main123/main7.mac
Graphics systems deleted.
Visualization Manager deleting...
