[G4] 
[G4] **************************************************************
[G4]  Geant4 version Name: geant4-10-07-patch-02    (11-June-2021)
[G4]                        Copyright : Geant4 Collaboration
[G4]                       References : NIM A 506 (2003), 250-303
[G4]                                  : IEEE-TNS 53 (2006), 270-278
[G4]                                  : NIM A 835 (2016), 186-225
[G4]                              WWW : http://geant4.org/
[G4] **************************************************************
[G4] 
[Core-0] Initialization of geometry
[Core-0] Initialization of physics
[Core-0] Initialization of actors
[Core-0] 
[Core-0] *************************************************
[Core-0]  GATE version 9.1 (2021)
[Core-0]  Copyright : OpenGATE Collaboration
[Core-0]  Reference : Phys. Med. Biol. 49 (2004) 4543-4561
[Core-0]  Reference : Phys. Med. Biol. 56 (2011) 881-901
[Core-0]  Reference : Med. Phys. 41(6)    (2014)
[Core-0]  http://www.opengatecollaboration.org        
[Core-0] *************************************************
[Core-0] 
[Core-0] You are using Geant4 version 10.7.2
[Core-0] Starting macro ./split/.Gate/main123/main15.mac
0: RINDEX
1.84e-06   1.00028
4.08e-06   1.00028
9: GROUPVEL
1.84e-06   299.709
4.08e-06   299.709
16: ABSLENGTH
1.84e-06   50000
4.08e-06   50000
 <!> *** WARNING *** <!>  GateMaterialDatabase: Multiple definition of element: Yttrium.
The definition in ClMind_GateMaterials.db was used.


GATE object:        'systems/cylindricalPET'
Components:

GATE object:        'systems/cylindricalPET/base'
Attached to volume: cylindricalPET
Nb of children:       1

	GATE object:        'systems/cylindricalPET/rsector'
	Attached to volume: module
	Nb of children:       1

		GATE object:        'systems/cylindricalPET/module'
		Attached to volume: unit
		Nb of children:       1

			GATE object:        'systems/cylindricalPET/submodule'
			Attached to volume: block
			Nb of children:       1

				GATE object:        'systems/cylindricalPET/crystal'
				Attached to volume: optical
				Nb of children:       4

					GATE object:        'systems/cylindricalPET/layer0'
					Attached to volume: crystal
					Nb of children:       0

					GATE object:        'systems/cylindricalPET/layer1'
					Attached to volume: ---
					Nb of children:       0

					GATE object:        'systems/cylindricalPET/layer2'
					Attached to volume: ---
					Nb of children:       0

					GATE object:        'systems/cylindricalPET/layer3'
					Attached to volume: ---
					Nb of children:       0
geometrical design type: 1
ring diameter: -3.95 mm 
rsector axial pitch: 0 fm 
rsector azimuthal pitch: 12.8571 degree
rsector tangential size: 2.5 cm 
rsector axial size: 25.04 cm 
module axial size: 4.784 cm 
module tangential size: 2.5 cm 
module axial pitch: 0 fm 
module tangential pitch: 0 fm 
submodule axial size: 4.784 cm 
submodule tangential size: 2.5 cm 
submodule axial pitch: 0 fm 
submodule tangential pitch: 0 fm 
crystal radial size: 1.59 cm 
crystal axial size: 1.59 cm 
crystal tangential size: 2.5 cm 
crystal axial pitch: 0 fm 
crystal tangential pitch: 0 fm 
layer0 radial size: 3.95 mm 
in layer0 interaction length: 1.975 mm 
Axial nb of rsectors: 1
Azimuthal nb of rsectors: 28
Axial nb of modules: 1
Tangential nb of modules: 1
Axial nb of submodules: 1
Tangential nb of submodules: 1
Axial nb of crystals: 1
Tangential nb of crystals: 1
Radial nb of layers: 1
[Physic-0] The following Geant4's physic-list is enabled :emstandard_opt3


List of Enabled processes:




List of initialized processes:


[Core-0] Initialization of geometry
[Core-0] Initialization of physics
[Core-0] Initialization of actors
 <!> *** WARNING *** <!>  The 'energytype' option is DEPRECATED, use 'ene/type' instead!
 <!> *** WARNING *** <!>  The 'energytype' option is DEPRECATED, use 'ene/type' instead!
 <!> *** WARNING *** <!>  The 'energytype' option is DEPRECATED, use 'ene/type' instead!
 <!> *** WARNING *** <!>  The 'energytype' option is DEPRECATED, use 'ene/type' instead!
 <!> *** WARNING *** <!>  The 'energytype' option is DEPRECATED, use 'ene/type' instead!
 <!> *** WARNING *** <!>  The 'energytype' option is DEPRECATED, use 'ene/type' instead!
 <!> *** WARNING *** <!>  The 'energytype' option is DEPRECATED, use 'ene/type' instead!
 <!> *** WARNING *** <!>  The 'energytype' option is DEPRECATED, use 'ene/type' instead!
 <!> *** WARNING *** <!>  The 'energytype' option is DEPRECATED, use 'ene/type' instead!
[Acquisition-0]   
[Acquisition-0] ============= Source initialization =============
[Acquisition-0]   
[Acquisition-0] ============= Acquisition starts! =============
[Acquisition-0] Simulation start time = 0 sec
[Acquisition-0] Simulation end time   = 1 sec
[Acquisition-0] Simulation will have  = 1 run(s)
[Acquisition-0] Slice 0 from 0 to 1 s [slice=1 s]

### ===  Deexcitation model UAtomDeexcitation is activated for 25 regions:
          DefaultRegionForTheWorld  1  1  1
          cylindricalPET  1  1  1
          module  1  1  1
          unit  1  1  1
          block  1  1  1
          optical  1  1  1
          crystal  1  1  1
          capillaire1  1  1  1
          capillaire1_water  1  1  1
          capillaire2  1  1  1
          capillaire2_water  1  1  1
          capillaire3  1  1  1
          capillaire3_water  1  1  1
          capillaire4  1  1  1
          capillaire4_water  1  1  1
          capillaire5  1  1  1
          capillaire5_water  1  1  1
          capillaire_m1  1  1  1
          capillaire_m1_water  1  1  1
          capillaire_m2  1  1  1
          capillaire_m2_water  1  1  1
          capillaire_m3  1  1  1
          capillaire_m3_water  1  1  1
          capillaire_m4  1  1  1
          capillaire_m4_water  1  1  1
### ===  Ignore cuts flag:   0

phot:  for gamma applyCuts:1  SubType=12 BuildTable=0
      LambdaPrime table from 200 keV to 100 TeV in 174 bins 
      ===== EM models for the G4Region  DefaultRegionForTheWorld ======
 LivermorePhElectric : Emin=    0 eV  Emax=  100 TeV  SauterGavrila Fluo

compt:  for gamma applyCuts:1  SubType=13 BuildTable=1
      Lambda table from 10 eV  to 1 MeV, 20 bins/decade, spline: 1
      LambdaPrime table from 1 MeV to 100 TeV in 160 bins 
      ===== EM models for the G4Region  DefaultRegionForTheWorld ======
        KleinNishina : Emin=    0 eV  Emax=  100 TeV Fluo

conv:  for gamma applyCuts:1  SubType=14 BuildTable=1
      Lambda table from 1.022 MeV to 100 TeV, 20 bins/decade, spline: 1
      ===== EM models for the G4Region  DefaultRegionForTheWorld ======
     BetheHeitlerLPM : Emin=    0 eV  Emax=  100 TeV  ModifiedTsai

Rayl:  for gamma applyCuts:1  SubType=11 BuildTable=1
      Lambda table from 10 eV  to 100 keV, 20 bins/decade, spline: 0
      LambdaPrime table from 100 keV to 100 TeV in 180 bins 
      ===== EM models for the G4Region  DefaultRegionForTheWorld ======
   LivermoreRayleigh : Emin=    0 eV  Emax=  100 TeV  CullenGenerator

msc:  for e-  SubType= 10
      ===== EM models for the G4Region  DefaultRegionForTheWorld ======
            UrbanMsc : Emin=    0 eV  Emax=  100 TeV Nbins=240 100 eV  - 100 TeV
              StepLim=DistanceToBoundary Rfact=0.04 Gfact=2.5 Sfact=0.6 DispFlag:1 Skin=1 Llimit=1

eIoni:  for e-  SubType=2
      dE/dx and range tables from 10 eV  to 100 TeV in 260 bins
      Lambda tables from threshold to 100 TeV, 20 bins/decade, spline: 1
      StepFunction=(0.2, 0.1 mm), integ: 1, fluct: 1, linLossLim= 0.01
      ===== EM models for the G4Region  DefaultRegionForTheWorld ======
        MollerBhabha : Emin=    0 eV  Emax=  100 TeV  deltaVI

eBrem:  for e-  SubType=3
      dE/dx and range tables from 10 eV  to 100 TeV in 260 bins
      Lambda tables from threshold to 100 TeV, 20 bins/decade, spline: 1
      LPM flag: 1 for E > 1 GeV,  VertexHighEnergyTh(GeV)= 100000
      ===== EM models for the G4Region  DefaultRegionForTheWorld ======
             eBremSB : Emin=    0 eV  Emax=    1 GeV  AngularGen2BS
            eBremLPM : Emin=    1 GeV Emax=  100 TeV  AngularGen2BS

ePairProd:  for e-  SubType=4
      dE/dx and range tables from 10 eV  to 100 TeV in 260 bins
      Lambda tables from threshold to 100 TeV, 20 bins/decade, spline: 1
      Sampling table 25x1001; from 0.1 GeV to 100 TeV 
      ===== EM models for the G4Region  DefaultRegionForTheWorld ======
           ePairProd : Emin=    0 eV  Emax=  100 TeV  ModifiedMephi

msc:  for e+  SubType= 10
      ===== EM models for the G4Region  DefaultRegionForTheWorld ======
            UrbanMsc : Emin=    0 eV  Emax=  100 TeV Nbins=240 100 eV  - 100 TeV
              StepLim=DistanceToBoundary Rfact=0.04 Gfact=2.5 Sfact=0.6 DispFlag:1 Skin=1 Llimit=1

eIoni:  for e+  SubType=2
      dE/dx and range tables from 10 eV  to 100 TeV in 260 bins
      Lambda tables from threshold to 100 TeV, 20 bins/decade, spline: 1
      StepFunction=(0.2, 0.1 mm), integ: 1, fluct: 1, linLossLim= 0.01
      ===== EM models for the G4Region  DefaultRegionForTheWorld ======
        MollerBhabha : Emin=    0 eV  Emax=  100 TeV  deltaVI

eBrem:  for e+  SubType=3
      dE/dx and range tables from 10 eV  to 100 TeV in 260 bins
      Lambda tables from threshold to 100 TeV, 20 bins/decade, spline: 1
      LPM flag: 1 for E > 1 GeV,  VertexHighEnergyTh(GeV)= 100000
      ===== EM models for the G4Region  DefaultRegionForTheWorld ======
             eBremSB : Emin=    0 eV  Emax=    1 GeV  AngularGen2BS
            eBremLPM : Emin=    1 GeV Emax=  100 TeV  AngularGen2BS

ePairProd:  for e+  SubType=4
      dE/dx and range tables from 10 eV  to 100 TeV in 260 bins
      Lambda tables from threshold to 100 TeV, 20 bins/decade, spline: 1
      Sampling table 25x1001; from 0.1 GeV to 100 TeV 
      ===== EM models for the G4Region  DefaultRegionForTheWorld ======
           ePairProd : Emin=    0 eV  Emax=  100 TeV  ModifiedMephi

annihil:  for e+, integral:1  applyCuts:1  SubType=5 BuildTable=0
      ===== EM models for the G4Region  DefaultRegionForTheWorld ======
            eplus2gg : Emin=    0 eV  Emax=  100 TeV

msc:  for proton  SubType= 10
      ===== EM models for the G4Region  DefaultRegionForTheWorld ======
            UrbanMsc : Emin=    0 eV  Emax=  100 TeV Nbins=240 100 eV  - 100 TeV
              StepLim=Minimal Rfact=0.2 Gfact=2.5 Sfact=0.6 DispFlag:1 Skin=1 Llimit=1

hIoni:  for proton  SubType=2
      dE/dx and range tables from 10 eV  to 100 TeV in 260 bins
      Lambda tables from threshold to 100 TeV, 20 bins/decade, spline: 1
      StepFunction=(0.2, 0.05 mm), integ: 1, fluct: 1, linLossLim= 0.01
      ===== EM models for the G4Region  DefaultRegionForTheWorld ======
               Bragg : Emin=    0 eV  Emax=    2 MeV  deltaVI
          BetheBloch : Emin=    2 MeV Emax=  100 TeV  deltaVI

hBrems:  for proton  SubType=3
      dE/dx and range tables from 10 eV  to 100 TeV in 260 bins
      Lambda tables from threshold to 100 TeV, 20 bins/decade, spline: 1
      ===== EM models for the G4Region  DefaultRegionForTheWorld ======
               hBrem : Emin=    0 eV  Emax=  100 TeV  ModifiedMephi
      ===== Limit on energy threshold has been applied 

hPairProd:  for proton  SubType=4
      dE/dx and range tables from 10 eV  to 100 TeV in 260 bins
      Lambda tables from threshold to 100 TeV, 20 bins/decade, spline: 1
      Sampling table 17x1001; from 7.50618 GeV to 100 TeV 
      ===== EM models for the G4Region  DefaultRegionForTheWorld ======
           hPairProd : Emin=    0 eV  Emax=  100 TeV  ModifiedMephi

nuclearStopping:  for proton applyCuts:1  SubType=8 BuildTable=0
      ===== EM models for the G4Region  DefaultRegionForTheWorld ======
   ICRU49NucStopping : Emin=    0 eV  Emax=    1 MeV

msc:  for GenericIon  SubType= 10
      ===== EM models for the G4Region  DefaultRegionForTheWorld ======
            UrbanMsc : Emin=    0 eV  Emax=  100 TeV
              StepLim=Minimal Rfact=0.2 Gfact=2.5 Sfact=0.6 DispFlag:1 Skin=1 Llimit=1

ionIoni:  for GenericIon  SubType=2
      dE/dx and range tables from 10 eV  to 100 TeV in 260 bins
      Lambda tables from threshold to 100 TeV, 20 bins/decade, spline: 1
      StepFunction=(0.1, 0.02 mm), integ: 1, fluct: 1, linLossLim= 0.02
      ===== EM models for the G4Region  DefaultRegionForTheWorld ======
         ParamICRU73 : Emin=    0 eV  Emax=  100 TeV  deltaVI

nuclearStopping:  for GenericIon applyCuts:1  SubType=8 BuildTable=0
      ===== EM models for the G4Region  DefaultRegionForTheWorld ======
   ICRU49NucStopping : Emin=    0 eV  Emax=    1 MeV

msc:  for alpha  SubType= 10
      ===== EM models for the G4Region  DefaultRegionForTheWorld ======
            UrbanMsc : Emin=    0 eV  Emax=  100 TeV Nbins=240 100 eV  - 100 TeV
              StepLim=Minimal Rfact=0.2 Gfact=2.5 Sfact=0.6 DispFlag:1 Skin=1 Llimit=1

ionIoni:  for alpha  SubType=2
      dE/dx and range tables from 10 eV  to 100 TeV in 260 bins
      Lambda tables from threshold to 100 TeV, 20 bins/decade, spline: 1
      StepFunction=(0.1, 0.02 mm), integ: 1, fluct: 1, linLossLim= 0.02
      ===== EM models for the G4Region  DefaultRegionForTheWorld ======
            BraggIon : Emin=    0 eV  Emax=7.9452 MeV  deltaVI
          BetheBloch : Emin=7.9452 MeV Emax=  100 TeV  deltaVI

nuclearStopping:  for alpha applyCuts:1  SubType=8 BuildTable=0
      ===== EM models for the G4Region  DefaultRegionForTheWorld ======
   ICRU49NucStopping : Emin=    0 eV  Emax=    1 MeV

msc:  for anti_proton  SubType= 10
      ===== EM models for the G4Region  DefaultRegionForTheWorld ======
            UrbanMsc : Emin=    0 eV  Emax=  100 TeV Nbins=240 100 eV  - 100 TeV
              StepLim=Minimal Rfact=0.2 Gfact=2.5 Sfact=0.6 DispFlag:1 Skin=1 Llimit=1

hIoni:  for anti_proton  SubType=2
      dE/dx and range tables from 10 eV  to 100 TeV in 260 bins
      Lambda tables from threshold to 100 TeV, 20 bins/decade, spline: 1
      StepFunction=(0.2, 0.05 mm), integ: 1, fluct: 1, linLossLim= 0.01
      ===== EM models for the G4Region  DefaultRegionForTheWorld ======
            ICRU73QO : Emin=    0 eV  Emax=    2 MeV  deltaVI
          BetheBloch : Emin=    2 MeV Emax=  100 TeV  deltaVI

hBrems:  for anti_proton  SubType=3
      dE/dx and range tables from 10 eV  to 100 TeV in 260 bins
      Lambda tables from threshold to 100 TeV, 20 bins/decade, spline: 1
      ===== EM models for the G4Region  DefaultRegionForTheWorld ======
               hBrem : Emin=    0 eV  Emax=  100 TeV  ModifiedMephi
      ===== Limit on energy threshold has been applied 

hPairProd:  for anti_proton  SubType=4
      dE/dx and range tables from 10 eV  to 100 TeV in 260 bins
      Lambda tables from threshold to 100 TeV, 20 bins/decade, spline: 1
      Sampling table 17x1001; from 7.50618 GeV to 100 TeV 
      ===== EM models for the G4Region  DefaultRegionForTheWorld ======
           hPairProd : Emin=    0 eV  Emax=  100 TeV  ModifiedMephi

msc:  for kaon+  SubType= 10
      ===== EM models for the G4Region  DefaultRegionForTheWorld ======
            UrbanMsc : Emin=    0 eV  Emax=  100 TeV Nbins=240 100 eV  - 100 TeV
              StepLim=Minimal Rfact=0.2 Gfact=2.5 Sfact=0.6 DispFlag:1 Skin=1 Llimit=1

hIoni:  for kaon+  SubType=2
      dE/dx and range tables from 10 eV  to 100 TeV in 260 bins
      Lambda tables from threshold to 100 TeV, 20 bins/decade, spline: 1
      StepFunction=(0.2, 0.05 mm), integ: 1, fluct: 1, linLossLim= 0.01
      ===== EM models for the G4Region  DefaultRegionForTheWorld ======
               Bragg : Emin=    0 eV  Emax=1.05231 MeV  deltaVI
          BetheBloch : Emin=1.05231 MeV Emax=  100 TeV  deltaVI

hBrems:  for kaon+  SubType=3
      dE/dx and range tables from 10 eV  to 100 TeV in 260 bins
      Lambda tables from threshold to 100 TeV, 20 bins/decade, spline: 1
      ===== EM models for the G4Region  DefaultRegionForTheWorld ======
               hBrem : Emin=    0 eV  Emax=  100 TeV  ModifiedMephi
      ===== Limit on energy threshold has been applied 

hPairProd:  for kaon+  SubType=4
      dE/dx and range tables from 10 eV  to 100 TeV in 260 bins
      Lambda tables from threshold to 100 TeV, 20 bins/decade, spline: 1
      Sampling table 18x1001; from 3.94942 GeV to 100 TeV 
      ===== EM models for the G4Region  DefaultRegionForTheWorld ======
           hPairProd : Emin=    0 eV  Emax=  100 TeV  ModifiedMephi

msc:  for kaon-  SubType= 10
      ===== EM models for the G4Region  DefaultRegionForTheWorld ======
            UrbanMsc : Emin=    0 eV  Emax=  100 TeV Nbins=240 100 eV  - 100 TeV
              StepLim=Minimal Rfact=0.2 Gfact=2.5 Sfact=0.6 DispFlag:1 Skin=1 Llimit=1

hIoni:  for kaon-  SubType=2
      dE/dx and range tables from 10 eV  to 100 TeV in 260 bins
      Lambda tables from threshold to 100 TeV, 20 bins/decade, spline: 1
      StepFunction=(0.2, 0.05 mm), integ: 1, fluct: 1, linLossLim= 0.01
      ===== EM models for the G4Region  DefaultRegionForTheWorld ======
            ICRU73QO : Emin=    0 eV  Emax=1.05231 MeV  deltaVI
          BetheBloch : Emin=1.05231 MeV Emax=  100 TeV  deltaVI

hBrems:  for kaon-  SubType=3
      dE/dx and range tables from 10 eV  to 100 TeV in 260 bins
      Lambda tables from threshold to 100 TeV, 20 bins/decade, spline: 1
      ===== EM models for the G4Region  DefaultRegionForTheWorld ======
               hBrem : Emin=    0 eV  Emax=  100 TeV  ModifiedMephi
      ===== Limit on energy threshold has been applied 

hPairProd:  for kaon-  SubType=4
      dE/dx and range tables from 10 eV  to 100 TeV in 260 bins
      Lambda tables from threshold to 100 TeV, 20 bins/decade, spline: 1
      Sampling table 18x1001; from 3.94942 GeV to 100 TeV 
      ===== EM models for the G4Region  DefaultRegionForTheWorld ======
           hPairProd : Emin=    0 eV  Emax=  100 TeV  ModifiedMephi

msc:  for mu+  SubType= 10
      ===== EM models for the G4Region  DefaultRegionForTheWorld ======
            UrbanMsc : Emin=    0 eV  Emax=  100 TeV Nbins=240 100 eV  - 100 TeV
              StepLim=Minimal Rfact=0.2 Gfact=2.5 Sfact=0.6 DispFlag:1 Skin=1 Llimit=1

muIoni:  for mu+  SubType=2
      dE/dx and range tables from 10 eV  to 100 TeV in 260 bins
      Lambda tables from threshold to 100 TeV, 20 bins/decade, spline: 1
      StepFunction=(0.2, 0.05 mm), integ: 1, fluct: 1, linLossLim= 0.01
      ===== EM models for the G4Region  DefaultRegionForTheWorld ======
               Bragg : Emin=    0 eV  Emax=  200 keV  deltaVI
          BetheBloch : Emin=  200 keV Emax=    1 GeV  deltaVI
        MuBetheBloch : Emin=    1 GeV Emax=  100 TeV

muBrems:  for mu+  SubType=3
      dE/dx and range tables from 10 eV  to 100 TeV in 260 bins
      Lambda tables from threshold to 100 TeV, 20 bins/decade, spline: 1
      ===== EM models for the G4Region  DefaultRegionForTheWorld ======
              MuBrem : Emin=    0 eV  Emax=  100 TeV  ModifiedMephi
      ===== Limit on energy threshold has been applied 

muPairProd:  for mu+  SubType=4
      dE/dx and range tables from 10 eV  to 100 TeV in 260 bins
      Lambda tables from threshold to 100 TeV, 20 bins/decade, spline: 1
      Sampling table 21x1001; from 1 GeV to 100 TeV 
      ===== EM models for the G4Region  DefaultRegionForTheWorld ======
          muPairProd : Emin=    0 eV  Emax=  100 TeV  ModifiedMephi

msc:  for mu-  SubType= 10
      ===== EM models for the G4Region  DefaultRegionForTheWorld ======
            UrbanMsc : Emin=    0 eV  Emax=  100 TeV Nbins=240 100 eV  - 100 TeV
              StepLim=Minimal Rfact=0.2 Gfact=2.5 Sfact=0.6 DispFlag:1 Skin=1 Llimit=1

muIoni:  for mu-  SubType=2
      dE/dx and range tables from 10 eV  to 100 TeV in 260 bins
      Lambda tables from threshold to 100 TeV, 20 bins/decade, spline: 1
      StepFunction=(0.2, 0.05 mm), integ: 1, fluct: 1, linLossLim= 0.01
      ===== EM models for the G4Region  DefaultRegionForTheWorld ======
            ICRU73QO : Emin=    0 eV  Emax=  200 keV  deltaVI
          BetheBloch : Emin=  200 keV Emax=    1 GeV  deltaVI
        MuBetheBloch : Emin=    1 GeV Emax=  100 TeV

muBrems:  for mu-  SubType=3
      dE/dx and range tables from 10 eV  to 100 TeV in 260 bins
      Lambda tables from threshold to 100 TeV, 20 bins/decade, spline: 1
      ===== EM models for the G4Region  DefaultRegionForTheWorld ======
              MuBrem : Emin=    0 eV  Emax=  100 TeV  ModifiedMephi
      ===== Limit on energy threshold has been applied 

muPairProd:  for mu-  SubType=4
      dE/dx and range tables from 10 eV  to 100 TeV in 260 bins
      Lambda tables from threshold to 100 TeV, 20 bins/decade, spline: 1
      Sampling table 21x1001; from 1 GeV to 100 TeV 
      ===== EM models for the G4Region  DefaultRegionForTheWorld ======
          muPairProd : Emin=    0 eV  Emax=  100 TeV  ModifiedMephi

msc:  for pi+  SubType= 10
      ===== EM models for the G4Region  DefaultRegionForTheWorld ======
            UrbanMsc : Emin=    0 eV  Emax=  100 TeV Nbins=240 100 eV  - 100 TeV
              StepLim=Minimal Rfact=0.2 Gfact=2.5 Sfact=0.6 DispFlag:1 Skin=1 Llimit=1

hIoni:  for pi+  SubType=2
      dE/dx and range tables from 10 eV  to 100 TeV in 260 bins
      Lambda tables from threshold to 100 TeV, 20 bins/decade, spline: 1
      StepFunction=(0.2, 0.05 mm), integ: 1, fluct: 1, linLossLim= 0.01
      ===== EM models for the G4Region  DefaultRegionForTheWorld ======
               Bragg : Emin=    0 eV  Emax=297.505 keV  deltaVI
          BetheBloch : Emin=297.505 keV Emax=  100 TeV  deltaVI

hBrems:  for pi+  SubType=3
      dE/dx and range tables from 10 eV  to 100 TeV in 260 bins
      Lambda tables from threshold to 100 TeV, 20 bins/decade, spline: 1
      ===== EM models for the G4Region  DefaultRegionForTheWorld ======
               hBrem : Emin=    0 eV  Emax=  100 TeV  ModifiedMephi
      ===== Limit on energy threshold has been applied 

hPairProd:  for pi+  SubType=4
      dE/dx and range tables from 10 eV  to 100 TeV in 260 bins
      Lambda tables from threshold to 100 TeV, 20 bins/decade, spline: 1
      Sampling table 20x1001; from 1.11656 GeV to 100 TeV 
      ===== EM models for the G4Region  DefaultRegionForTheWorld ======
           hPairProd : Emin=    0 eV  Emax=  100 TeV  ModifiedMephi

msc:  for pi-  SubType= 10
      ===== EM models for the G4Region  DefaultRegionForTheWorld ======
            UrbanMsc : Emin=    0 eV  Emax=  100 TeV Nbins=240 100 eV  - 100 TeV
              StepLim=Minimal Rfact=0.2 Gfact=2.5 Sfact=0.6 DispFlag:1 Skin=1 Llimit=1

hIoni:  for pi-  SubType=2
      dE/dx and range tables from 10 eV  to 100 TeV in 260 bins
      Lambda tables from threshold to 100 TeV, 20 bins/decade, spline: 1
      StepFunction=(0.2, 0.05 mm), integ: 1, fluct: 1, linLossLim= 0.01
      ===== EM models for the G4Region  DefaultRegionForTheWorld ======
            ICRU73QO : Emin=    0 eV  Emax=297.505 keV  deltaVI
          BetheBloch : Emin=297.505 keV Emax=  100 TeV  deltaVI

hBrems:  for pi-  SubType=3
      dE/dx and range tables from 10 eV  to 100 TeV in 260 bins
      Lambda tables from threshold to 100 TeV, 20 bins/decade, spline: 1
      ===== EM models for the G4Region  DefaultRegionForTheWorld ======
               hBrem : Emin=    0 eV  Emax=  100 TeV  ModifiedMephi
      ===== Limit on energy threshold has been applied 

hPairProd:  for pi-  SubType=4
      dE/dx and range tables from 10 eV  to 100 TeV in 260 bins
      Lambda tables from threshold to 100 TeV, 20 bins/decade, spline: 1
      Sampling table 20x1001; from 1.11656 GeV to 100 TeV 
      ===== EM models for the G4Region  DefaultRegionForTheWorld ======
           hPairProd : Emin=    0 eV  Emax=  100 TeV  ModifiedMephi
G4VisManager: Using G4TrajectoryDrawByCharge as fallback trajectory model.
See commands in /vis/modeling/trajectories/ for other options.

### ===  Deexcitation model UAtomDeexcitation is activated for 25 regions:
          DefaultRegionForTheWorld  1  1  1
          cylindricalPET  1  1  1
          module  1  1  1
          unit  1  1  1
          block  1  1  1
          optical  1  1  1
          crystal  1  1  1
          capillaire1  1  1  1
          capillaire1_water  1  1  1
          capillaire2  1  1  1
          capillaire2_water  1  1  1
          capillaire3  1  1  1
          capillaire3_water  1  1  1
          capillaire4  1  1  1
          capillaire4_water  1  1  1
          capillaire5  1  1  1
          capillaire5_water  1  1  1
          capillaire_m1  1  1  1
          capillaire_m1_water  1  1  1
          capillaire_m2  1  1  1
          capillaire_m2_water  1  1  1
          capillaire_m3  1  1  1
          capillaire_m3_water  1  1  1
          capillaire_m4  1  1  1
          capillaire_m4_water  1  1  1
### ===  Ignore cuts flag:   0
(310.668,48.9134,72.9789)
(360.173,158.368,91.243)
(-180.488,277.757,-19.2854)
(-139.33,158.871,-29.167)
(-152.797,279.282,-13.4273)
(-34.9086,249.165,-61.6388)
(-63.83,-307.777,13.6329)
(103.815,-217.474,2.42345)
(-24.5376,319.555,36.0322)
(-2.57802,225.487,19.2298)
(209.933,-237.81,-23.5288)
(298.641,-169.555,-65.861)
(115.357,298.949,-119.711)
(198.867,288.91,-70.2273)
(118.109,307.498,-113.916)
(57.3141,436.892,-93.291)
(-61.4499,-306.442,-78.4638)
(30.2127,-256.15,-9.08094)
(39.9503,-314.657,-104.612)
(101.653,-363.175,91.8421)
(116.763,291.046,98.3101)
(135.104,290.29,143.421)
(-203.001,-250.589,62.6668)
(-169.896,-267.346,-89.5263)
(-218.865,-231.456,55.2995)
(-173.84,-280.345,160.323)
(-10.8977,-319.682,-106.902)
(-126.366,-384.897,-210.914)
(30.9178,324.127,111.547)
(39.7367,332.896,75.9317)
(250.004,-202.839,-66.5576)
(226.162,-179.67,-116.785)
(-30.1329,314.356,96.8427)
(-39.7058,346.086,68.751)
(310.921,43.422,-64.9743)
(425.43,63.7189,69.5234)
(-184.533,-252.777,-111.977)
(-198.435,-221.158,-4.87839)
(294.607,125.106,-119.11)
(360.519,167.87,-113.387)
(-312.368,61.494,85.7327)
(-275.706,80.1965,152.391)
(-308.107,60.3828,88.6764)
(-302.667,74.7192,-43.1236)
(-32.2189,-318.924,46.07)
(-20.8099,-322.26,-0.949869)
(-28.1391,-317.498,44.8692)
(-5.27474,-358.792,-48.9215)
(-305.976,78.4694,53.1531)
(-247.402,65.7357,51.4874)
(-306.964,77.9864,52.3018)
(-240.384,59.7893,78.98)
(307.014,-56.6203,-35.701)
(265.998,-121.1,48.2165)
(311.801,-13.7925,96.3835)
(259.928,40.2934,86.7126)
(311.908,-19.3031,-17.0569)
(309.323,-32.3234,39.8468)
(-314.299,85.4566,-89.3321)
(-327.182,47.7471,-106.002)
(-317.487,94.0565,-95.0558)
(-231.896,65.071,-96.228)
(-318.703,42.1045,112.805)
(-232.217,34.8638,145.239)
(316.93,-24.7654,-68.5916)
(299.845,-56.7813,-69.2073)
(321.186,-21.517,-69.6421)
(312.253,18.1626,-50.3687)
(132.177,-287.983,39.1085)
(249.009,-339.467,-113.49)
(147.036,278.778,-39.4867)
(176.232,271.911,-79.8841)
(154.207,288.601,-45.0913)
(124.175,315.666,-93.9477)
(-90.783,319.525,39.2153)
(-81.35,248.306,-43.2787)
(-266.208,-185.017,54.7917)
(-277.064,-176.915,99.4481)
(183.828,263.387,-77.9089)
(172.556,352.24,-86.7943)
(190.941,260.359,-81.864)
(181.744,259.317,-34.2162)
(-273.31,-152.129,18.8722)
(-270.642,-142.942,-42.9079)
(-283.067,-155.539,33.3562)
(-234.439,-105.869,-56.2556)
(-89.2848,307.126,84.0928)
(-51.2963,265.105,131.876)
(216.231,-247.16,-65.1333)
(226.903,-295.57,86.9332)
(-13.1632,319.526,-95.4656)
(26.2018,363.35,-187.879)
(314.302,-4.2917,-54.7704)
(378.544,-2.04888,0.410044)
(-332.479,9.4861,123.332)
(-260.964,14.1392,173.675)
(-317.571,21.2045,119.908)
(-348.617,22.5433,116.599)
(-321.011,18.1087,113.046)
(-282.388,76.7713,78.173)
(299.48,-119.722,99.2145)
(282.452,-178.726,12.0535)
(305.242,-113.816,100.323)
(257.174,-157.949,81.5866)
(301.642,-98.9533,100.55)
(297.12,-218.139,105.082)
(-306.363,88.3623,-70.1276)
(-309.337,61.1336,-76.4715)
(-148.335,-280.357,-111.242)
(-169.777,-146.425,-220.86)
(151.873,-281.253,-100.319)
(162.332,-256.693,-0.652655)
(-282.961,137.776,50.0232)
(-318.954,120.208,50.4147)
(-283.189,135.635,52.9509)
(-366.876,146.688,129.996)
(312.134,13.3934,33.3571)
(299.108,-66.6862,74.9163)
(91.3902,-299.837,-94.0934)
(108.999,-300.504,-81.9659)
(91.6132,-299.263,-93.252)
(50.4475,-195.767,-149.044)
(211.73,-240.605,18.6432)
(255.493,-298.527,52.7624)
(218.068,-234.927,21.0049)
(149.158,-220.518,73.0588)
(-26.9961,326.047,-22.4206)
(-8.41736,337.26,-26.8823)
(-142.985,277.624,3.13718)
(-95.0159,297.026,25.1953)
(211.465,-231.327,-3.72891)
(231.995,-257.873,82.4084)
(220.453,-234.845,0.111623)
(254.129,-268.346,-11.269)
(221.167,-233.806,4.58853)
(275.272,-389.56,85.6017)
(-328.409,-3.24946,-70.2552)
(-290.936,108.622,-56.3988)
(-214.489,245.929,-15.4209)
(-146.348,312.187,-12.2094)
(138.411,-279.56,15.8403)
(173.899,-287.877,29.6706)
(148.342,-289.066,15.0747)
(88.4111,-237.971,38.1635)
(-283.726,-135.639,33.1407)
(-313.23,-106.447,36.7929)
(158.623,281.41,-66.8771)
(129.618,315.407,-61.743)
(167.342,289.091,-69.3065)
(292.078,243.031,-64.858)
(249.998,-207.154,-95.6283)
(236.699,-215.648,-98.2161)
(-164.978,276.148,52.8291)
(-284.63,102.965,19.6846)
(-113.976,-298.051,-56.6969)
(-114.564,-340.842,-12.2843)
(-289.947,-140.035,-50.4591)
(-229.124,-217.297,-46.1743)
(-302.16,94.1145,38.5892)
(-280.634,-13.2277,103.384)
(312.677,-90.8697,-40.7796)
(398.508,-68.3509,33.2117)
(-251.893,216.169,89.8152)
(-225.522,226.947,75.6258)
(-262.59,181.989,-122.843)
(-311.996,230.039,-197.226)
(-265.337,180.252,-120.329)
(-157.339,97.6764,-142.213)
(158.532,-278.793,-32.1881)
(74.9485,-264.263,13.4279)
(154.033,-283.538,-28.9132)
(193.719,-275.079,-80.9739)
(-147.123,295.296,36.1825)
(-157.981,196.605,90.0003)
(-156.333,295.274,30.5404)
(-285.862,413.046,81.1334)
(-153.569,291.701,29.9894)
(-102.948,206.387,-12.6272)
(161.488,-285.531,-112.445)
(109.911,-263.678,-196.181)
(-252.607,203.472,77.8103)
(-235.658,285.715,16.5684)
(-258.794,193.659,73.6862)
(-297.66,198.508,8.05502)
(-248.054,195.152,-22.7412)
(-213.706,228.425,27.5816)
(-247.57,198.852,-22.3525)
(-129.074,209.116,28.9988)
(162.195,-281.109,38.0991)
(151.331,-271.599,148.602)
(162.17,-279.287,37.1558)
(174.306,-208.126,44.8357)
(-248.906,195.195,69.417)
(-177.072,277.876,115.004)
(258.454,184.481,-20.9914)
(326.105,108.2,84.3696)
(-69.9714,-328.18,34.1675)
(-51.2026,-337.022,-25.4026)
(62.1169,307.31,46.277)
(31.0638,244.262,60.9955)
(152.216,-282.237,-40.7703)
(193.262,-343.326,31.1831)
(-215.182,231.831,33.2898)
(-273.642,185.861,50.2206)
(-222.412,231.006,33.4671)
(-220.387,172.036,23.4785)
(169.527,-291.092,106.349)
(100.245,-399.883,51.2343)
(-299.879,150.143,-52.0361)
(-257.532,152.361,-108.957)
(-256.814,-192.263,-124.551)
(-174.85,-123.42,-159.327)
(-319.223,-58.7944,119.583)
(-322.42,-50.5144,157.589)
(156.348,274.273,-11.1588)
(170.213,373.668,-13.2585)
(-197.24,-256.004,-20.3562)
(-195.349,-260.7,-30.6562)
(174.034,-261.02,-2.38233)
(151.604,-298.088,-70.5816)
(99.2431,307.881,-1.23238)
(27.7351,326.432,-45.1611)
(-258.757,192.5,-31.1655)
(-205.312,122.632,-82.0957)
(-257.82,194.863,-32.1889)
(-227.027,181.913,-51.9651)
(-47.1963,-312.109,92.5611)
(-171.514,-334.213,34.0098)
(-53.3388,312.607,-90.8109)
(-187.04,234.686,-32.5736)
(-257.49,-183.092,-88.3001)
(-316.702,-238.452,-120.38)
(-259.111,-181.595,-85.8583)
(-145.817,-207.773,-41.682)
(99.7249,311.933,85.2589)
(90.542,289.801,52.1927)
(-315.333,-68.9966,19.6966)
(-303.373,18.243,32.0055)
(-322.737,-65.7961,15.5857)
(-357.524,-121.246,152.223)
(-312.883,-61.1143,77.4307)
(-300.624,-115.537,97.0801)
(327.07,31.7047,-39.991)
(203.59,-51.6419,-0.708301)
(-314.449,28.5265,-42.9659)
(-281.555,45.2239,51.0719)
(321.197,25.3967,13.4097)
(438.855,-65.728,42.1003)
(333.938,45.1225,17.1729)
(272.843,53.2168,-36.066)
(270.698,-165.335,97.824)
(343.466,-131.881,72.125)
(277.538,-180.612,101.318)
(261.954,-191.82,46.1926)
(20.8181,-316.88,23.3716)
(-63.3819,-208.168,-43.8951)
(-309.867,-51.2848,-44.3476)
(-250.365,-56.8253,16.7469)
(289.18,128.876,108.046)
(342.978,153.845,128.159)
(-218.394,-248.156,-18.1715)
(-207.397,-237.677,-114.784)
(-216.234,-249.271,-21.0194)
(-166.416,-270.344,33.9519)
(87.3141,300.388,17.3547)
(265.915,317.512,0.0732224)
(89.4109,302.356,21.5318)
(147.152,207.283,127.824)
(287.282,-131.591,97.3906)
(210.133,-103.605,99.1309)
(294.827,-137.99,98.2087)
(284.419,-67.2523,5.71362)
(303.912,-133.091,96.8928)
(293.508,-84.8531,177.932)
(307.975,-132.308,93.813)
(272.927,-95.4071,49.8708)
(251.203,187.31,112.394)
(242.536,66.8005,105.864)
(-318.251,22.9665,56.2416)
(-232.002,23.2789,-20.3159)
(328.257,-11.4035,-28.4315)
(448.228,24.7401,8.63923)
(327.902,-11.0507,-36.3813)
(457.552,-71.9615,-40.5548)
(310.873,120.977,-56.1814)
(290.537,138.479,0.909256)
(-310.022,-45.1516,22.5422)
(-318.282,-105.265,-1.25106)
(-311.971,-28.5033,20.2984)
(-414.303,-173.253,-37.6952)
(-314.413,-25.158,18.3973)
(-339.369,-80.2033,34.4309)
(-289.83,-146.631,97.2285)
(-271.749,-70.0464,30.7722)
(-307.923,-80.4905,-69.7097)
(-218.144,-5.98337,-103.382)
(-186.55,261.856,81.4623)
(-193.708,277.63,99.632)
(-195.408,271.392,91.0318)
(-236.501,203.298,101.7)
(-82.8034,-322.087,-101.988)
(46.4626,-333.783,-148.561)
(-81.5548,-321.166,-101.719)
(52.3142,-278.767,-118.185)
(-83.4247,-320.767,-105.198)
(-131.748,-361.361,-82.0025)
(332.146,-49.4629,-31.974)
(305.174,-8.14834,-101.9)
(172.447,-262.494,-18.1976)
(109.691,-174.065,-54.6703)
(314.317,-47.8218,-102.747)
(341.519,-27.7088,-82.2236)
(196.994,258.019,-34.1248)
(242.356,257.548,13.0714)
(-148.796,-285.526,57.2522)
(-133.057,-392.454,124.141)
(304.707,95.9388,84.7701)
(345.097,62.4621,53.0373)
(-293.529,-128.319,-116.486)
(-291.832,-198.789,-225.563)
(-204.541,238.252,121.188)
(-163.149,261.087,164.05)
(-210.419,255.041,120.972)
(-170.493,264.28,98.8255)
(293.67,-139.29,-72.5714)
(299.713,-77.6249,-16.2822)
(294.706,-142.182,-72.5065)
(228.876,-91.725,-28.7911)
(-313.07,7.32649,9.70522)
(-280.962,-8.57213,78.8501)
(320.186,-73.8225,58.6696)
(193.051,26.0977,-47.7081)
(220.298,-251.553,117.247)
(117.333,-256.683,34.6693)
(123.951,-305.176,79.5491)
(217.867,-204.813,135.737)
(125.486,-305.89,83.4958)
(169.346,-406.423,90.9575)
(-25.8161,317.595,-81.8803)
(-88.442,263.781,-122.035)
(-25.3147,318.282,-86.4779)
(-69.9856,354.306,-124.518)
(-56.2459,-327.942,121.73)
(3.22319,-304.801,156.158)
(323.783,86.5999,-118.504)
(335.27,185.988,-216.582)
(-319.805,-62.2028,87.781)
(-399.696,-56.5004,105.743)
(287.253,145.649,-28.1551)
(224.59,149.421,-70.7975)
(-264.528,-171.158,49.0252)
(-297.091,-150.625,88.9274)
(-279.431,-165.817,62.5952)
(-214.488,-249.253,47.5705)
(-277.524,-167.251,62.7487)
(-282.408,-97.0571,104.563)
(222.335,-232.366,-57.9465)
(360.304,-315.384,-43.4425)
(-296.938,100.264,23.6732)
(-347.539,84.5398,-23.3895)
(-313.955,-62.8674,7.09329)
(-288.672,39.1634,64.6179)
(-316.523,-68.2687,8.80568)
(-333.825,-33.6874,-67.3024)
(-315.316,-70.4216,0.10989)
(-392.359,-48.3364,99.3469)
(319.414,46.7277,-6.75127)
(296.207,61.7493,-28.6763)
(234.787,-228.434,-10.2139)
(242.717,-189.75,-76.466)
(231.219,-243.776,6.8267)
(214.029,-207.321,-30.3413)
(-61.1267,311.931,11.7271)
(-161.748,230.037,87.61)
(-62.0739,313.927,14.1594)
(-33.7766,337.365,-10.4318)
(291.024,143.947,-47.1555)
(369.335,150.858,92.2019)
(287.888,147.553,-45.1504)
(247.701,141.442,-99.021)
(-244.714,-221.186,74.1771)
(-256.034,-225.798,-18.3289)
(-244.39,-217.47,74.5015)
(-226.289,-188.49,-20.7557)
(295,-120.405,-62.3463)
(271.321,-162.794,-108.711)
(299.087,-150.748,-57.2577)
(289.952,-254.296,-85.2109)
(-317.124,93.1002,-77.3811)
(-377.193,89.3989,-54.5549)
(-318.344,93.5508,-77.4011)
(-352.768,121.178,-61.7462)
(-320.655,87.0025,-73.0523)
(-371.87,68.2688,-61.822)
(279.061,-140.169,118.065)
(282.523,-87.3486,91.2853)
(-310.948,-80.07,-92.7114)
(-200.48,-180.045,-83.5413)
(-321.497,-88.093,-85.1402)
(-323.128,-140.621,-70.1616)
(-303.166,95.9126,6.27469)
(-260.327,53.9418,94.0925)
(230.631,-218.296,-17.5914)
(161.174,-218.247,-14.1882)
(236.064,-218.745,-22.822)
(218.467,-317.357,14.2868)
(285.189,132.051,-64.1315)
(433.315,171.399,-114.83)
(-206.189,-238.811,116.06)
(-250.249,-202.254,129.247)
(-212.669,-240.116,114.489)
(-330.798,-242.331,116.665)
(-140.099,-286.055,119.622)
(-130.357,-250.722,143.313)
(67.6285,326.795,-15.3699)
(86.2777,279.271,78.8185)
(91.4913,-322.297,13.7629)
(86.7208,-338.128,66.0145)
(90.7609,-321.813,12.4026)
(130.893,-381.807,103.148)
(-295.073,108.216,-43.8152)
(-217.593,155.526,-91.6267)
(-46.8267,-326.626,101.675)
(-71.4517,-349.027,55.7951)
(-50.768,-328.974,99.3874)
(-88.4885,-304.486,106.009)
(-47.3875,-331.053,94.3252)
(-7.39236,-357.317,80.4098)
(219.463,228.746,-69.799)
(173.606,345.377,-153.51)
(222.655,230.469,-68.0864)
(358.027,259.518,-95.4965)
(-282.252,-145.877,45.4976)
(-167.651,-168.727,-7.16491)
(242.604,232.619,-74.385)
(124.586,179.239,-7.49462)
(-258.806,-212.211,46.8715)
(-356.234,-180.353,94.4532)
(-260.422,-209.181,50.8933)
(-265.767,-168.016,16.3611)
(-8.69315,320.904,117.932)
(52.7998,286.936,63.8298)
(-142.386,-283.529,-103.513)
(-137.899,-262.417,-86.1907)
(319.373,8.20267,-110.566)
(220.254,97.4171,-112.916)
(317.516,5.36466,-109.927)
(333.384,-103.724,-122.514)
(-319.65,-5.40453,67.6955)
(-250.297,20.6405,47.9354)
(-318.5,-15.6221,66.587)
(-360.313,-64.1423,250.115)
(-315.94,-18.9296,69.1082)
(-276.299,1.67785,-52.2226)
(282.087,138.05,0.206398)
(297.781,121.971,-54.285)
(-241.552,-218.673,-3.54575)
(-230.095,-122.4,104.038)
(100.812,-310.997,111.409)
(160.373,-321.516,141.406)
(-274.998,-148.035,-71.5006)
(-342.897,-159.96,-77.0305)
(13.1119,327.043,48.9852)
(-22.3198,333.361,-23.0684)
(316.007,-29.3978,-67.9235)
(390.86,-155.034,25.2634)
(289.701,158.119,-83.9238)
(358.29,239.748,-262.901)
(289.881,156.841,-85.6011)
(185.999,122.064,-229.389)
(66.9866,305.798,111.447)
(209.556,315.029,136.256)
(66.1812,320.562,113.571)
(115.861,183.887,144.845)
(-166.048,-270.77,-102.544)
(-223.548,-247.711,-72.5674)
(-133.232,282.124,-10.4845)
(-39.0488,322.731,-29.8852)
(-200.574,239.932,79.1457)
(-296.847,285.282,108.781)
(-202.414,246.394,84.1745)
(-190.856,139.31,123.644)
(275.092,-166.331,-54.4459)
(225.242,-243.51,-149.606)
(-3.03067,-320.199,-54.6232)
(16.5991,-327.32,-37.4494)
(-231.329,213.25,35.3468)
(-159.961,156.653,124.396)
(-234.355,218.626,38.6395)
(-134.264,244.341,-18.8344)
(-235.165,217.427,38.4091)
(-240.42,286.756,54.9727)
(316.213,-65.8203,50.9025)
(292.779,-58.0855,72.55)
(327.446,-71.6283,54.9182)
(228.627,-8.86891,20.6941)
(238.468,-209.236,1.45119)
(256.291,-226.421,11.9942)
(-15.5482,332.299,0.793299)
(-18.5711,322.564,-114.114)
(-208.654,246.745,94.4137)
(-267.748,314.204,96.4528)
(-205.713,249.209,89.0004)
(-161.497,250.758,157.169)
(81.5469,-308.281,-117.477)
(105.764,-449.267,-241.909)
(-192.484,-254.485,103.446)
(-90.8492,-284.701,58.7015)
(-292.689,-161.16,108.761)
(-225.729,-96.176,48.9178)
(270.668,159.679,28.7249)
(274.99,101.756,131.865)
(4.09294,-316.655,46.1644)
(8.05719,-437.579,30.0321)
(196.342,257.907,-40.793)
(199.521,303.844,-70.4727)
(199.081,260.242,-57.7042)
(135.706,345.502,-48.1843)
(298.447,-140.368,78.0662)
(235.622,-103.09,49.9836)
(-22.0971,-332.617,28.781)
(-21.6219,-380.665,16.764)
(-121.614,300.222,67.0075)
(-69.5726,377.487,29.316)
(283.927,-164.738,-35.2162)
(230.937,-197.837,-20.8736)
(320.644,75.6664,52.6939)
(334.351,100.633,110.175)
(-281.667,-140.392,-96.4515)
(-248.649,-130.293,-114.444)
(212.505,-250.403,102.668)
(267.908,-238.038,85.1244)
(211.493,-254.416,104.331)
(159.403,-258.944,151.478)
(-24.5278,-328.58,-9.08479)
(8.52075,-301.319,-18.0904)
(-13.9466,313.774,105.99)
(-119.978,261.411,158.079)
(-16.6112,316.652,109.588)
(14.0717,316.991,44.622)
(-188.095,-255.942,-87.129)
(-145.324,-210.041,-120.842)
(-194.219,-258.791,-95.5619)
(-226.297,-238.431,5.10625)
(-197.818,-259.231,-96.7123)
(-159.892,-403.417,-37.5015)
(-211.61,-261.095,-105.612)
(-266.95,-336.976,-90.257)
(319.227,-53.5355,-84.3686)
(363.665,-97.6211,-102.262)
(285.37,-141.761,80.3696)
(290.537,-125.479,48.2526)
(-218.912,245.06,-41.5795)
(-327.253,196.641,-6.26603)
(236.33,204.007,-67.8182)
(197.685,84.0627,-119.82)
(-9.01963,-315.917,110.769)
(61.4277,-270.113,160.011)
(-293.162,114.537,36.7674)
(-399.437,101.993,15.0968)
(-308.804,113.681,29.7303)
(-359.149,84.7017,61.0151)
(-46.3693,319.878,47.4893)
(17.5527,370.53,149.647)
(-49.0146,322.003,47.6011)
(-120.002,361.627,-74.1861)
(-53.1114,-318.013,-45.6549)
(-155.468,-246.454,-3.99353)
(-124.962,308.644,78.1516)
(-35.9898,429.139,72.3768)
(-95.8447,-305.954,-77.8652)
(-60.6919,-266.026,-242.077)
(-255.836,208.273,15.5902)
(-145.41,178.681,-69.7919)
(-260.868,206.002,17.43)
(-347.174,242.515,151.42)
(263.208,-197.932,-15.4128)
(282.377,-177.033,66.5305)
(-12.8652,318.698,-56.3122)
(-76.3934,279.97,-19.2465)
(-187.096,-254.088,42.8079)
(-173.556,-250.277,74.684)
(-179.322,-272.881,-33.2191)
(-205.161,-264.95,19.0332)
(58.144,-307.532,-16.9557)
(144.076,-206.979,58.5507)
(188.94,-248.288,-98.7582)
(232.4,-249.369,-193.109)
(187.386,-250.629,-98.1132)
(258.683,-317.562,-97.0348)
(-148.587,279.138,15.0642)
(-136.415,242.358,30.24)
(321.199,45.5752,-119.257)
(227.307,52.2908,-173.87)
(192.525,-264.388,-82.0929)
(177.425,-288.655,-74.582)
(195.616,-259.832,-86.3918)
(241.089,-326.308,-74.747)
(-242.378,209.434,65.8076)
(-318.812,313.808,-15.4027)
(-101.711,-314.566,27.9719)
(-88.5426,-268.879,49.4773)
(-316.281,-86.9924,-60.2471)
(-305.512,-94.6573,-12.4559)
(-189.674,-257.029,-116.868)
(-190.508,-330.918,-213.711)
(-91.3519,-298.976,-31.1833)
(-120.182,-334.168,-11.1442)
(137.243,-306.131,52.8507)
(160.587,-276.924,-47.1569)
(-284.225,158.623,-27.6745)
(-251.099,108.378,47.4445)
(-300.63,84.3902,-16.0104)
(-361.484,54.0337,3.88451)
(-325.318,2.11613,-117.241)
(-310.801,-15.0216,-5.3342)
(-327.876,8.21783,-121.496)
(-348.797,-29.1986,-46.4088)
(324.865,-1.45705,55.1836)
(343.276,33.0776,17.8104)
(330.837,-7.19847,52.2237)
(349.91,-29.7458,66.2509)
(30.5532,329.873,97.2896)
(99.6093,402.89,151.343)
(224.321,-229.566,-13.7335)
(327.214,-266.92,-2.8614)
(228.63,-223.574,-10.9977)
(316.038,-145.897,8.59783)
(234.72,-228.432,-2.59286)
(298.675,-309.228,24.4321)
(234.525,-242.365,4.6874)
(279.172,-219.116,91.2821)
(301.689,-115.671,78.1692)
(290.056,-83.5054,211.808)
(317.481,-103.482,81.8397)
(234.102,-104.21,152.309)
(-307.414,69.5316,-46.2015)
(-242.471,12.7903,-25.4716)
(-319.871,29.0835,62.7953)
(-295.243,-21.7501,53.9979)
(-184.39,263.052,41.3411)
(-237.571,328.406,-0.839822)
(-214.38,-238.692,-72.8206)
(-101.592,-285.889,-88.4512)
(-215.77,-237.152,-70.8188)
(-189.657,-260.004,-166.152)
(145.218,284.502,91.528)
(64.4068,320.839,88.4801)
(155.762,290.153,92.6861)
(177.195,170.717,119.448)
(-282.584,-134.222,60.7922)
(-330.12,-113.536,86.372)
(-288.331,-146.978,59.2071)
(-267.138,-271.853,-30.5874)
(215.702,252.964,-112.123)
(157.714,207.571,-123.533)
(303.597,-80.1956,37.7848)
(235.883,-99.1773,59.8622)
(-42.4613,322.897,-86.5518)
(-147.541,385.703,-165.026)
(62.4016,-321.672,85.2342)
(42.004,-402.951,7.62662)
(65.5532,-321.547,89.5715)
(106.845,-420.266,142.799)
(-140.386,287.391,-29.7992)
(-100.866,285.09,6.1514)
(-76.103,-324.885,35.9289)
(-95.6352,-263.982,-83.4903)
(27.4896,-313.962,-124.242)
(109.162,-299.985,-100.895)
(22.5753,-314.543,-120.471)
(9.23299,-253.584,-89.1391)
(221.741,229.689,89.1609)
(241.418,241.014,125.153)
(217.897,238.915,85.9593)
(261.346,292.695,95.3132)
(208.553,247.299,86.7038)
(389.955,209.174,37.1872)
(200.89,253.708,82.3843)
(142.892,290.227,38.2875)
(-323.837,5.05617,36.4037)
(-346.751,-67.7091,67.2463)
(319.662,-40.0139,96.1049)
(274.48,-56.0295,114.004)
(-292.93,-116.183,-98.9096)
(-326.417,-140.221,-98.2397)
(-303.931,-122.023,-94.5441)
(-293.1,-179.915,59.4539)
(-321.307,-52.1168,32.8957)
(-318.766,-64.7451,17.2926)
(315.152,30.7759,-18.6504)
(329.971,76.6143,45.759)
(316.28,24.9676,-20.9677)
(343.754,14.2694,3.99488)
(-279.082,-165.538,48.7532)
(-220.439,-99.2369,91.2588)
(-275.958,-165.352,49.9391)
(-227.307,-171.695,100.146)
(-294.279,130.8,-20.8448)
(-271.75,82.3101,-16.2411)
(-214.711,-232.892,61.0581)
(-161.762,-261.561,80.2048)
(-283.609,138.356,56.2805)
(-228.712,101.373,37.8862)
(-289.831,134.121,59.6034)
(-347.821,44.3663,37.058)
(-297.32,127.678,59.9917)
(-227.762,106.455,36.2964)
(301.141,-116.598,5.19067)
(255.892,-102.983,1.75955)
(307.18,-101.566,-8.84049)
(352.683,-130.671,-5.38865)
(-199.584,246.05,-17.1637)
(-251.666,313.479,10.7824)
(-200.817,249.874,-27.7514)
(-126.173,229.045,-28.8192)
(-258.397,-209.587,78.6505)
(-274.986,-227.79,82.5893)
(-256.301,-205.146,66.3484)
(-279.358,-309.482,77.5786)
(99.2797,-304.721,-41.9645)
(164.552,-235.96,-17.055)
(101.14,-304.325,-44.8544)
(82.9775,-291.506,-110.979)
(-81.5685,314.115,40.6711)
(-40.9724,276.798,105.042)
(-186.721,-272.063,-95.1018)
(-270.675,-355.673,-113.966)
(-187.993,-276.077,-96.0166)
(-170.146,-388.391,-70.9335)
(243.787,223.139,81.4841)
(300.69,166.315,124.223)
(238.581,224.9,88.1632)
(152.713,264.512,96.3256)
(-64.8382,-323.129,101.358)
(-33.5416,-311.409,116.358)
(-307.699,-62.718,59.0206)
(-252.971,-144.409,58.001)
(304.592,85.9766,-82.186)
(311.781,160.741,-71.5697)
(-314.151,-21.8219,123.781)
(-418.122,-60.453,37.9813)
(-236.285,206.202,-97.8609)
(-136.542,277.652,-145.743)
(101.49,-302.164,-41.2948)
(170.266,-315.907,-38.0552)
(-315.951,-86.4663,-32.2082)
(-365.692,-164.336,9.22336)
(294.765,111.396,41.9738)
(256.941,103.179,30.2602)
(-276.336,150.304,-1.7167)
(-327.812,135.369,-108.105)
(303.511,-75.4742,-1.56908)
(362.733,-137.314,8.26209)
(287.248,126.303,-103.311)
(175.494,147.948,-59.3188)
(-14.6159,332.108,-31.2301)
(58.9085,325.564,-33.7239)
(-16.7542,330.302,-31.0108)
(-39.0533,283.127,-32.18)
(204.17,-248.823,20.9845)
(122.907,-252.433,89.9929)
(-211.315,-244.918,63.9091)
(-180.875,-263.547,151.778)
(218.377,230.962,-61.8982)
(134.479,277.717,-133.645)
(323.83,28.3006,-90.0615)
(373.308,43.3828,-195.129)
(-310.234,-43.2931,-74.2613)
(-298.049,-11.3966,-103.12)
(333.444,43.0529,78.8903)
(207.956,9.14101,2.43156)
(-332.976,17.6848,-38.0645)
(-281.696,78.9718,52.8168)
(-1.29549,334.327,34.2243)
(14.6126,360.401,-19.4454)
(0.630237,336.2,39.8039)
(55.8934,377.336,39.4338)
(-63.891,-327.813,-94.4469)
(-69.2206,-320.493,-175.427)
(261.356,191.307,37.5473)
(216.148,218.42,-0.478829)
(261.765,192.009,37.1365)
(254.716,76.7256,119.815)
(243.252,-195.394,13.9446)
(313.502,-152.278,175.043)
(307.98,-79.304,-80.0041)
(277.562,-88.923,-132.543)
(-196.467,271.783,57.507)
(-185.863,180.808,-8.18274)
(-74.3763,-317.693,-65.3821)
(-86.8466,-239.251,-12.3818)
(-69.206,-324.901,-72.7218)
(-81.6929,-321.667,-96.9385)
(129.811,289.903,-32.252)
(129.792,267.83,-120.101)
(128.249,290.314,-31.2775)
(95.9233,234.092,110.018)
(-97.1419,-321.387,-45.9902)
(-53.2414,-251.129,-6.0088)
(-62.9458,324.384,42.3341)
(-77.1227,261.031,-57.5771)
(-64.8754,322.712,35.1879)
(-34.9849,248.497,-49.6958)
(-84.219,-302.728,91.3955)
(-199.761,-330.626,211.488)
(-205.977,-237.153,60.6479)
(-253.014,-216.452,36.6696)
(112.658,298.658,-94.1424)
(111.238,229.291,-81.0381)
(110.307,301.305,-95.5918)
(130.501,400,-63.3362)
(-221.264,-226.66,-2.19856)
(-283.337,-175.488,9.46942)
(49.167,323.608,3.56713)
(137.701,287.624,57.9298)
(302.367,89.2187,108.602)
(293.311,100.876,68.0494)
(303.881,90.7474,109.748)
(383.502,84.5963,124.971)
(-328.252,54.5321,12.4436)
(-306.015,24.862,-60.5367)
(281.633,133.956,30.7787)
(222.195,136.91,43.1529)
(-242.56,-214.364,-47.678)
(-182.59,-215.607,-81.3951)
(-241.349,-209.667,-46.7318)
(-261.01,-219.167,-90.1269)
(-15.236,333.037,97.3403)
(-53.3904,393.888,264.118)
(287.918,126.579,-113.358)
(338.745,25.9669,-73.8579)
(-311.918,-85.6288,-19.1349)
(-295.382,-162.365,-109.19)
(-316.075,-89.4593,-20.6901)
(-267.854,-18.6125,-25.2839)
(264.861,201.442,50.8781)
(313.617,225.921,-18.3206)
(290.183,120.035,-15.35)
(241.335,-12.3239,-106.4)
(290.904,-118.147,68.8133)
(316.401,-104.927,106.297)
(289.986,-117.578,70.0058)
(412.975,-161.751,70.9423)
(-296.498,129.401,-73.0978)
(-400.27,96.2339,29.7893)
(-199.703,241.538,-79.0585)
(-297.666,225.442,-42.822)
(-63.923,-308.201,99.3579)
(-49.0061,-244.29,116.17)
(-65.7433,-314.629,105.082)
(-161.138,-308.397,128.907)
(-313.421,31.8211,115.382)
(-291.441,11.8366,90.476)
(195.547,244.832,121.342)
(205.88,272.541,111.193)
(-300.362,147.45,-103.062)
(-326.448,130.533,-72.988)
(-274.578,-149.349,31.8156)
(-275.814,-115.268,35.2628)
(-5.53443,-319.08,118.84)
(-59.838,-229.054,47.5657)
(-0.654325,-322.282,111.913)
(5.80681,-303.619,119.428)
(153.959,276.45,-102.121)
(-12.5902,329.995,-106.732)
(158.695,280.796,-105.436)
(232.268,296.033,-100.47)
(142.554,294.114,89.7071)
(131.541,240.067,69.2438)
(-294.523,-161.503,-46.6674)
(-371.73,-7.54218,66.163)
(-291.274,-163.291,-44.6438)
(-271.616,-120.568,-67.1187)
(149.588,-281.683,-46.3709)
(61.6849,-282.362,-23.821)
(-60.1656,311.764,55.0124)
(-142.642,364.877,136.574)
(-55.1921,310.24,56.4866)
(-7.65717,281.528,23.0655)
(-308.503,64.8781,67.4267)
(-324.669,-98.1315,58.8869)
(-324.682,72.4816,62.0217)
(-332.631,135.735,16.0406)
(321.88,-63.0808,-67.1115)
(250.415,-44.1331,-40.1042)
(319.679,2.25832,-5.6986)
(315.574,-12.5728,-74.9416)
(-320.147,-6.26259,11.2937)
(-310.136,14.5342,98.0996)
(-334.225,-2.76953,7.22577)
(-254.584,-12.9733,60.9165)
(-336.045,8.31599,1.09803)
(-346.181,46.9028,28.9813)
(75.1808,309.905,-97.5534)
(-28.5087,263.69,-71.6962)
(140.971,-278.221,88.0132)
(136.78,-334.021,178.881)
(129.201,-295.531,87.9205)
(6.3496,-307.611,34.5516)
(94.389,-298.729,104.307)
(148.075,-253.158,6.96016)
(313.056,11.8474,3.09025)
(456.938,10.2469,-34.2112)
(313.329,12.5378,-0.0954693)
(420.607,-28.956,-2.66391)
(-322.365,-13.2687,-2.61035)
(-271.375,4.37904,32.9642)
(312.981,-22.4717,64.2818)
(386.706,-51.4896,58.4076)
(310.2,72.5376,10.2539)
(351.028,152.532,76.9405)
(312.225,87.5718,8.94985)
(339.576,-14.1238,-5.45117)
(-305.08,-98.955,-12.8056)
(-359.861,-119.791,21.7055)
(219.616,236.582,-20.3726)
(200.958,249.715,142.857)
(22.5877,312.834,4.18952)
(71.8286,328.751,18.9307)
(-312.815,-70.6567,-54.8157)
(-206.682,-99.1987,-6.15349)
(299.345,95.0382,72.3185)
(181.125,129.551,56.526)
(144.531,281.189,37.8179)
(152.44,343.55,92.0971)
(134.851,-302.156,-40.413)
(107.634,-242.11,-67.5155)
(77.0994,-304.245,18.7227)
(116.979,-337.445,-25.058)
(85.0057,-312.446,36.7691)
(155.73,-337.627,85.6777)
(5.67423,313.55,112.304)
(4.39777,316.037,122.156)
(-288.189,124.701,35.1269)
(-312.878,145.402,-0.0537842)
(312.995,-84.8549,94.8968)
(385.968,-82.2187,68.1706)
(-118.436,-290.222,-121.558)
(-146.037,-338.325,-7.98591)
(-117.07,-300.934,-120.955)
(-56.3775,-393.584,-77.2661)
(230.784,220.758,91.9897)
(185.518,274.07,72.948)
(58.0585,-318.512,91.8191)
(59.3439,-319.638,94.9763)
(100.214,299.254,-89.5223)
(165.164,319.756,-230.749)
(110.884,299.706,-98.9521)
(25.6651,277.4,-109.377)
(-289.918,139.384,87.5549)
(-267.051,187.621,83.4034)
(-304.894,136.425,97.5821)
(-238.123,237.834,112.48)
(-65.3907,317.85,-6.21852)
(0.526334,294.589,20.609)
(-321.535,-59.7294,-117.219)
(-407.902,-73.4618,-108.567)
(219.678,-226.216,-64.9903)
(208.262,-211.351,-93.3694)
(-246.545,195.295,51.8934)
(-274.442,196.221,-6.45537)
(136.28,-284.618,107.688)
(95.2473,-360.715,134.277)
(144.969,287.759,-105.196)
(204.974,317.802,-83.8632)
(293.934,-116.125,-41.7503)
(280.403,-170.958,-62.4471)
(312.069,-39.5732,-64.7281)
(358.011,-50.9223,-126.414)
(311.221,-40.2266,-63.7576)
(222.486,-151.711,-51.378)
(-234.93,-211.486,-89.1339)
(-172.152,-217.084,-50.9168)
(-236.217,-215.968,-90.9221)
(-159.649,-257.064,-60.8863)
(-240.177,-217.66,-87.3447)
(-226.564,-321.829,-75.2304)
(126.751,299.428,-32.2615)
(234.131,483.554,-14.0724)
(30.0717,-323.698,35.4276)
(-20.8482,-350.327,193.84)
(-206.033,266.276,-114.23)
(-180.718,277.472,-205.642)
(-310.529,-57.4864,-99.425)
(-260.481,-129.544,-174.334)
(-145.839,-295.196,-87.1344)
(-175.796,-243.131,-98.4861)
0 events have been kept for refreshing and/or reviewing.
  "/vis/reviewKeptEvents" to review them one by one.
  "/vis/enable", then "/vis/viewer/flush" or "/vis/viewer/rebuild" to see them accumulated.
[Core-0] End of macro ./split/.Gate/main123/main15.mac
Graphics systems deleted.
Visualization Manager deleting...
