000 (143.011.000) 10/20 11:52:13 Job submitted from host: <127.0.0.1:9618?addrs=127.0.0.1-9618+[--1]-9618&noUDP&sock=1727_2826_4>
...
001 (143.011.000) 10/20 11:52:14 Job executing on host: <127.0.0.1:9618?addrs=127.0.0.1-9618+[--1]-9618&noUDP&sock=1727_2826_3>
...
006 (143.011.000) 10/20 11:52:17 Image size of job updated: 508988
	0  -  MemoryUsage of job (MB)
	0  -  ResidentSetSize of job (KB)
...
007 (143.011.000) 10/20 11:52:17 Shadow exception!
	UserLog Unable to log ULOG_JOB_TERMINATED event
	0  -  Run Bytes Sent By Job
	0  -  Run Bytes Received By Job
...
005 (143.011.000) 10/20 11:52:17 Job terminated.
	(1) Normal termination (return value 0)
		Usr 0 00:00:02, Sys 0 00:00:00  -  Run Remote Usage
		Usr 0 00:00:00, Sys 0 00:00:00  -  Run Local Usage
		Usr 0 00:00:02, Sys 0 00:00:00  -  Total Remote Usage
		Usr 0 00:00:00, Sys 0 00:00:00  -  Total Local Usage
	0  -  Run Bytes Sent By Job
	0  -  Run Bytes Received By Job
	0  -  Total Bytes Sent By Job
	0  -  Total Bytes Received By Job
...
