[G4] 
[G4] **************************************************************
[G4]  Geant4 version Name: geant4-10-07-patch-02    (11-June-2021)
[G4]                        Copyright : Geant4 Collaboration
[G4]                       References : NIM A 506 (2003), 250-303
[G4]                                  : IEEE-TNS 53 (2006), 270-278
[G4]                                  : NIM A 835 (2016), 186-225
[G4]                              WWW : http://geant4.org/
[G4] **************************************************************
[G4] 
[Core-0] Initialization of geometry
[Core-0] Initialization of physics
[Core-0] Initialization of actors
[Core-0] 
[Core-0] *************************************************
[Core-0]  GATE version 9.1 (2021)
[Core-0]  Copyright : OpenGATE Collaboration
[Core-0]  Reference : Phys. Med. Biol. 49 (2004) 4543-4561
[Core-0]  Reference : Phys. Med. Biol. 56 (2011) 881-901
[Core-0]  Reference : Med. Phys. 41(6)    (2014)
[Core-0]  http://www.opengatecollaboration.org        
[Core-0] *************************************************
[Core-0] 
[Core-0] You are using Geant4 version 10.7.2
[Core-0] Starting macro ./split/.Gate/main130/main1.mac
0: RINDEX
1.84e-06   1.00028
4.08e-06   1.00028
9: GROUPVEL
1.84e-06   299.709
4.08e-06   299.709
16: ABSLENGTH
1.84e-06   50000
4.08e-06   50000
 <!> *** WARNING *** <!>  GateMaterialDatabase: Multiple definition of element: Yttrium.
The definition in ClMind_GateMaterials.db was used.


GATE object:        'systems/cylindricalPET'
Components:

GATE object:        'systems/cylindricalPET/base'
Attached to volume: cylindricalPET
Nb of children:       1

	GATE object:        'systems/cylindricalPET/rsector'
	Attached to volume: module
	Nb of children:       1

		GATE object:        'systems/cylindricalPET/module'
		Attached to volume: unit
		Nb of children:       1

			GATE object:        'systems/cylindricalPET/submodule'
			Attached to volume: block
			Nb of children:       1

				GATE object:        'systems/cylindricalPET/crystal'
				Attached to volume: optical
				Nb of children:       4

					GATE object:        'systems/cylindricalPET/layer0'
					Attached to volume: crystal
					Nb of children:       0

					GATE object:        'systems/cylindricalPET/layer1'
					Attached to volume: ---
					Nb of children:       0

					GATE object:        'systems/cylindricalPET/layer2'
					Attached to volume: ---
					Nb of children:       0

					GATE object:        'systems/cylindricalPET/layer3'
					Attached to volume: ---
					Nb of children:       0
geometrical design type: 1
ring diameter: -3.95 mm 
rsector axial pitch: 0 fm 
rsector azimuthal pitch: 12.8571 degree
rsector tangential size: 2.5 cm 
rsector axial size: 25.04 cm 
module axial size: 4.784 cm 
module tangential size: 2.5 cm 
module axial pitch: 0 fm 
module tangential pitch: 0 fm 
submodule axial size: 4.784 cm 
submodule tangential size: 2.5 cm 
submodule axial pitch: 0 fm 
submodule tangential pitch: 0 fm 
crystal radial size: 1.59 cm 
crystal axial size: 1.59 cm 
crystal tangential size: 2.5 cm 
crystal axial pitch: 0 fm 
crystal tangential pitch: 0 fm 
layer0 radial size: 3.95 mm 
in layer0 interaction length: 1.975 mm 
Axial nb of rsectors: 1
Azimuthal nb of rsectors: 28
Axial nb of modules: 1
Tangential nb of modules: 1
Axial nb of submodules: 1
Tangential nb of submodules: 1
Axial nb of crystals: 1
Tangential nb of crystals: 1
Radial nb of layers: 1
[Physic-0] The following Geant4's physic-list is enabled :emstandard_opt3


List of Enabled processes:




List of initialized processes:


[Core-0] Initialization of geometry
[Core-0] Initialization of physics
[Core-0] Initialization of actors
 <!> *** WARNING *** <!>  The 'energytype' option is DEPRECATED, use 'ene/type' instead!
 <!> *** WARNING *** <!>  The 'energytype' option is DEPRECATED, use 'ene/type' instead!
 <!> *** WARNING *** <!>  The 'energytype' option is DEPRECATED, use 'ene/type' instead!
 <!> *** WARNING *** <!>  The 'energytype' option is DEPRECATED, use 'ene/type' instead!
 <!> *** WARNING *** <!>  The 'energytype' option is DEPRECATED, use 'ene/type' instead!
 <!> *** WARNING *** <!>  The 'energytype' option is DEPRECATED, use 'ene/type' instead!
 <!> *** WARNING *** <!>  The 'energytype' option is DEPRECATED, use 'ene/type' instead!
 <!> *** WARNING *** <!>  The 'energytype' option is DEPRECATED, use 'ene/type' instead!
 <!> *** WARNING *** <!>  The 'energytype' option is DEPRECATED, use 'ene/type' instead!
[Acquisition-0]   
[Acquisition-0] ============= Source initialization =============
[Acquisition-0]   
[Acquisition-0] ============= Acquisition starts! =============
[Acquisition-0] Simulation start time = 0 sec
[Acquisition-0] Simulation end time   = 1 sec
[Acquisition-0] Simulation will have  = 1 run(s)
[Acquisition-0] Slice 0 from 0 to 1 s [slice=1 s]

### ===  Deexcitation model UAtomDeexcitation is activated for 25 regions:
          DefaultRegionForTheWorld  1  1  1
          cylindricalPET  1  1  1
          module  1  1  1
          unit  1  1  1
          block  1  1  1
          optical  1  1  1
          crystal  1  1  1
          capillaire1  1  1  1
          capillaire1_water  1  1  1
          capillaire2  1  1  1
          capillaire2_water  1  1  1
          capillaire3  1  1  1
          capillaire3_water  1  1  1
          capillaire4  1  1  1
          capillaire4_water  1  1  1
          capillaire5  1  1  1
          capillaire5_water  1  1  1
          capillaire_m1  1  1  1
          capillaire_m1_water  1  1  1
          capillaire_m2  1  1  1
          capillaire_m2_water  1  1  1
          capillaire_m3  1  1  1
          capillaire_m3_water  1  1  1
          capillaire_m4  1  1  1
          capillaire_m4_water  1  1  1
### ===  Ignore cuts flag:   0

phot:  for gamma applyCuts:1  SubType=12 BuildTable=0
      LambdaPrime table from 200 keV to 100 TeV in 174 bins 
      ===== EM models for the G4Region  DefaultRegionForTheWorld ======
 LivermorePhElectric : Emin=    0 eV  Emax=  100 TeV  SauterGavrila Fluo

compt:  for gamma applyCuts:1  SubType=13 BuildTable=1
      Lambda table from 10 eV  to 1 MeV, 20 bins/decade, spline: 1
      LambdaPrime table from 1 MeV to 100 TeV in 160 bins 
      ===== EM models for the G4Region  DefaultRegionForTheWorld ======
        KleinNishina : Emin=    0 eV  Emax=  100 TeV Fluo

conv:  for gamma applyCuts:1  SubType=14 BuildTable=1
      Lambda table from 1.022 MeV to 100 TeV, 20 bins/decade, spline: 1
      ===== EM models for the G4Region  DefaultRegionForTheWorld ======
     BetheHeitlerLPM : Emin=    0 eV  Emax=  100 TeV  ModifiedTsai

Rayl:  for gamma applyCuts:1  SubType=11 BuildTable=1
      Lambda table from 10 eV  to 100 keV, 20 bins/decade, spline: 0
      LambdaPrime table from 100 keV to 100 TeV in 180 bins 
      ===== EM models for the G4Region  DefaultRegionForTheWorld ======
   LivermoreRayleigh : Emin=    0 eV  Emax=  100 TeV  CullenGenerator

msc:  for e-  SubType= 10
      ===== EM models for the G4Region  DefaultRegionForTheWorld ======
            UrbanMsc : Emin=    0 eV  Emax=  100 TeV Nbins=240 100 eV  - 100 TeV
              StepLim=DistanceToBoundary Rfact=0.04 Gfact=2.5 Sfact=0.6 DispFlag:1 Skin=1 Llimit=1

eIoni:  for e-  SubType=2
      dE/dx and range tables from 10 eV  to 100 TeV in 260 bins
      Lambda tables from threshold to 100 TeV, 20 bins/decade, spline: 1
      StepFunction=(0.2, 0.1 mm), integ: 1, fluct: 1, linLossLim= 0.01
      ===== EM models for the G4Region  DefaultRegionForTheWorld ======
        MollerBhabha : Emin=    0 eV  Emax=  100 TeV  deltaVI

eBrem:  for e-  SubType=3
      dE/dx and range tables from 10 eV  to 100 TeV in 260 bins
      Lambda tables from threshold to 100 TeV, 20 bins/decade, spline: 1
      LPM flag: 1 for E > 1 GeV,  VertexHighEnergyTh(GeV)= 100000
      ===== EM models for the G4Region  DefaultRegionForTheWorld ======
             eBremSB : Emin=    0 eV  Emax=    1 GeV  AngularGen2BS
            eBremLPM : Emin=    1 GeV Emax=  100 TeV  AngularGen2BS

ePairProd:  for e-  SubType=4
      dE/dx and range tables from 10 eV  to 100 TeV in 260 bins
      Lambda tables from threshold to 100 TeV, 20 bins/decade, spline: 1
      Sampling table 25x1001; from 0.1 GeV to 100 TeV 
      ===== EM models for the G4Region  DefaultRegionForTheWorld ======
           ePairProd : Emin=    0 eV  Emax=  100 TeV  ModifiedMephi

msc:  for e+  SubType= 10
      ===== EM models for the G4Region  DefaultRegionForTheWorld ======
            UrbanMsc : Emin=    0 eV  Emax=  100 TeV Nbins=240 100 eV  - 100 TeV
              StepLim=DistanceToBoundary Rfact=0.04 Gfact=2.5 Sfact=0.6 DispFlag:1 Skin=1 Llimit=1

eIoni:  for e+  SubType=2
      dE/dx and range tables from 10 eV  to 100 TeV in 260 bins
      Lambda tables from threshold to 100 TeV, 20 bins/decade, spline: 1
      StepFunction=(0.2, 0.1 mm), integ: 1, fluct: 1, linLossLim= 0.01
      ===== EM models for the G4Region  DefaultRegionForTheWorld ======
        MollerBhabha : Emin=    0 eV  Emax=  100 TeV  deltaVI

eBrem:  for e+  SubType=3
      dE/dx and range tables from 10 eV  to 100 TeV in 260 bins
      Lambda tables from threshold to 100 TeV, 20 bins/decade, spline: 1
      LPM flag: 1 for E > 1 GeV,  VertexHighEnergyTh(GeV)= 100000
      ===== EM models for the G4Region  DefaultRegionForTheWorld ======
             eBremSB : Emin=    0 eV  Emax=    1 GeV  AngularGen2BS
            eBremLPM : Emin=    1 GeV Emax=  100 TeV  AngularGen2BS

ePairProd:  for e+  SubType=4
      dE/dx and range tables from 10 eV  to 100 TeV in 260 bins
      Lambda tables from threshold to 100 TeV, 20 bins/decade, spline: 1
      Sampling table 25x1001; from 0.1 GeV to 100 TeV 
      ===== EM models for the G4Region  DefaultRegionForTheWorld ======
           ePairProd : Emin=    0 eV  Emax=  100 TeV  ModifiedMephi

annihil:  for e+, integral:1  applyCuts:1  SubType=5 BuildTable=0
      ===== EM models for the G4Region  DefaultRegionForTheWorld ======
            eplus2gg : Emin=    0 eV  Emax=  100 TeV

msc:  for proton  SubType= 10
      ===== EM models for the G4Region  DefaultRegionForTheWorld ======
            UrbanMsc : Emin=    0 eV  Emax=  100 TeV Nbins=240 100 eV  - 100 TeV
              StepLim=Minimal Rfact=0.2 Gfact=2.5 Sfact=0.6 DispFlag:1 Skin=1 Llimit=1

hIoni:  for proton  SubType=2
      dE/dx and range tables from 10 eV  to 100 TeV in 260 bins
      Lambda tables from threshold to 100 TeV, 20 bins/decade, spline: 1
      StepFunction=(0.2, 0.05 mm), integ: 1, fluct: 1, linLossLim= 0.01
      ===== EM models for the G4Region  DefaultRegionForTheWorld ======
               Bragg : Emin=    0 eV  Emax=    2 MeV  deltaVI
          BetheBloch : Emin=    2 MeV Emax=  100 TeV  deltaVI

hBrems:  for proton  SubType=3
      dE/dx and range tables from 10 eV  to 100 TeV in 260 bins
      Lambda tables from threshold to 100 TeV, 20 bins/decade, spline: 1
      ===== EM models for the G4Region  DefaultRegionForTheWorld ======
               hBrem : Emin=    0 eV  Emax=  100 TeV  ModifiedMephi
      ===== Limit on energy threshold has been applied 

hPairProd:  for proton  SubType=4
      dE/dx and range tables from 10 eV  to 100 TeV in 260 bins
      Lambda tables from threshold to 100 TeV, 20 bins/decade, spline: 1
      Sampling table 17x1001; from 7.50618 GeV to 100 TeV 
      ===== EM models for the G4Region  DefaultRegionForTheWorld ======
           hPairProd : Emin=    0 eV  Emax=  100 TeV  ModifiedMephi

nuclearStopping:  for proton applyCuts:1  SubType=8 BuildTable=0
      ===== EM models for the G4Region  DefaultRegionForTheWorld ======
   ICRU49NucStopping : Emin=    0 eV  Emax=    1 MeV

msc:  for GenericIon  SubType= 10
      ===== EM models for the G4Region  DefaultRegionForTheWorld ======
            UrbanMsc : Emin=    0 eV  Emax=  100 TeV
              StepLim=Minimal Rfact=0.2 Gfact=2.5 Sfact=0.6 DispFlag:1 Skin=1 Llimit=1

ionIoni:  for GenericIon  SubType=2
      dE/dx and range tables from 10 eV  to 100 TeV in 260 bins
      Lambda tables from threshold to 100 TeV, 20 bins/decade, spline: 1
      StepFunction=(0.1, 0.02 mm), integ: 1, fluct: 1, linLossLim= 0.02
      ===== EM models for the G4Region  DefaultRegionForTheWorld ======
         ParamICRU73 : Emin=    0 eV  Emax=  100 TeV  deltaVI

nuclearStopping:  for GenericIon applyCuts:1  SubType=8 BuildTable=0
      ===== EM models for the G4Region  DefaultRegionForTheWorld ======
   ICRU49NucStopping : Emin=    0 eV  Emax=    1 MeV

msc:  for alpha  SubType= 10
      ===== EM models for the G4Region  DefaultRegionForTheWorld ======
            UrbanMsc : Emin=    0 eV  Emax=  100 TeV Nbins=240 100 eV  - 100 TeV
              StepLim=Minimal Rfact=0.2 Gfact=2.5 Sfact=0.6 DispFlag:1 Skin=1 Llimit=1

ionIoni:  for alpha  SubType=2
      dE/dx and range tables from 10 eV  to 100 TeV in 260 bins
      Lambda tables from threshold to 100 TeV, 20 bins/decade, spline: 1
      StepFunction=(0.1, 0.02 mm), integ: 1, fluct: 1, linLossLim= 0.02
      ===== EM models for the G4Region  DefaultRegionForTheWorld ======
            BraggIon : Emin=    0 eV  Emax=7.9452 MeV  deltaVI
          BetheBloch : Emin=7.9452 MeV Emax=  100 TeV  deltaVI

nuclearStopping:  for alpha applyCuts:1  SubType=8 BuildTable=0
      ===== EM models for the G4Region  DefaultRegionForTheWorld ======
   ICRU49NucStopping : Emin=    0 eV  Emax=    1 MeV

msc:  for anti_proton  SubType= 10
      ===== EM models for the G4Region  DefaultRegionForTheWorld ======
            UrbanMsc : Emin=    0 eV  Emax=  100 TeV Nbins=240 100 eV  - 100 TeV
              StepLim=Minimal Rfact=0.2 Gfact=2.5 Sfact=0.6 DispFlag:1 Skin=1 Llimit=1

hIoni:  for anti_proton  SubType=2
      dE/dx and range tables from 10 eV  to 100 TeV in 260 bins
      Lambda tables from threshold to 100 TeV, 20 bins/decade, spline: 1
      StepFunction=(0.2, 0.05 mm), integ: 1, fluct: 1, linLossLim= 0.01
      ===== EM models for the G4Region  DefaultRegionForTheWorld ======
            ICRU73QO : Emin=    0 eV  Emax=    2 MeV  deltaVI
          BetheBloch : Emin=    2 MeV Emax=  100 TeV  deltaVI

hBrems:  for anti_proton  SubType=3
      dE/dx and range tables from 10 eV  to 100 TeV in 260 bins
      Lambda tables from threshold to 100 TeV, 20 bins/decade, spline: 1
      ===== EM models for the G4Region  DefaultRegionForTheWorld ======
               hBrem : Emin=    0 eV  Emax=  100 TeV  ModifiedMephi
      ===== Limit on energy threshold has been applied 

hPairProd:  for anti_proton  SubType=4
      dE/dx and range tables from 10 eV  to 100 TeV in 260 bins
      Lambda tables from threshold to 100 TeV, 20 bins/decade, spline: 1
      Sampling table 17x1001; from 7.50618 GeV to 100 TeV 
      ===== EM models for the G4Region  DefaultRegionForTheWorld ======
           hPairProd : Emin=    0 eV  Emax=  100 TeV  ModifiedMephi

msc:  for kaon+  SubType= 10
      ===== EM models for the G4Region  DefaultRegionForTheWorld ======
            UrbanMsc : Emin=    0 eV  Emax=  100 TeV Nbins=240 100 eV  - 100 TeV
              StepLim=Minimal Rfact=0.2 Gfact=2.5 Sfact=0.6 DispFlag:1 Skin=1 Llimit=1

hIoni:  for kaon+  SubType=2
      dE/dx and range tables from 10 eV  to 100 TeV in 260 bins
      Lambda tables from threshold to 100 TeV, 20 bins/decade, spline: 1
      StepFunction=(0.2, 0.05 mm), integ: 1, fluct: 1, linLossLim= 0.01
      ===== EM models for the G4Region  DefaultRegionForTheWorld ======
               Bragg : Emin=    0 eV  Emax=1.05231 MeV  deltaVI
          BetheBloch : Emin=1.05231 MeV Emax=  100 TeV  deltaVI

hBrems:  for kaon+  SubType=3
      dE/dx and range tables from 10 eV  to 100 TeV in 260 bins
      Lambda tables from threshold to 100 TeV, 20 bins/decade, spline: 1
      ===== EM models for the G4Region  DefaultRegionForTheWorld ======
               hBrem : Emin=    0 eV  Emax=  100 TeV  ModifiedMephi
      ===== Limit on energy threshold has been applied 

hPairProd:  for kaon+  SubType=4
      dE/dx and range tables from 10 eV  to 100 TeV in 260 bins
      Lambda tables from threshold to 100 TeV, 20 bins/decade, spline: 1
      Sampling table 18x1001; from 3.94942 GeV to 100 TeV 
      ===== EM models for the G4Region  DefaultRegionForTheWorld ======
           hPairProd : Emin=    0 eV  Emax=  100 TeV  ModifiedMephi

msc:  for kaon-  SubType= 10
      ===== EM models for the G4Region  DefaultRegionForTheWorld ======
            UrbanMsc : Emin=    0 eV  Emax=  100 TeV Nbins=240 100 eV  - 100 TeV
              StepLim=Minimal Rfact=0.2 Gfact=2.5 Sfact=0.6 DispFlag:1 Skin=1 Llimit=1

hIoni:  for kaon-  SubType=2
      dE/dx and range tables from 10 eV  to 100 TeV in 260 bins
      Lambda tables from threshold to 100 TeV, 20 bins/decade, spline: 1
      StepFunction=(0.2, 0.05 mm), integ: 1, fluct: 1, linLossLim= 0.01
      ===== EM models for the G4Region  DefaultRegionForTheWorld ======
            ICRU73QO : Emin=    0 eV  Emax=1.05231 MeV  deltaVI
          BetheBloch : Emin=1.05231 MeV Emax=  100 TeV  deltaVI

hBrems:  for kaon-  SubType=3
      dE/dx and range tables from 10 eV  to 100 TeV in 260 bins
      Lambda tables from threshold to 100 TeV, 20 bins/decade, spline: 1
      ===== EM models for the G4Region  DefaultRegionForTheWorld ======
               hBrem : Emin=    0 eV  Emax=  100 TeV  ModifiedMephi
      ===== Limit on energy threshold has been applied 

hPairProd:  for kaon-  SubType=4
      dE/dx and range tables from 10 eV  to 100 TeV in 260 bins
      Lambda tables from threshold to 100 TeV, 20 bins/decade, spline: 1
      Sampling table 18x1001; from 3.94942 GeV to 100 TeV 
      ===== EM models for the G4Region  DefaultRegionForTheWorld ======
           hPairProd : Emin=    0 eV  Emax=  100 TeV  ModifiedMephi

msc:  for mu+  SubType= 10
      ===== EM models for the G4Region  DefaultRegionForTheWorld ======
            UrbanMsc : Emin=    0 eV  Emax=  100 TeV Nbins=240 100 eV  - 100 TeV
              StepLim=Minimal Rfact=0.2 Gfact=2.5 Sfact=0.6 DispFlag:1 Skin=1 Llimit=1

muIoni:  for mu+  SubType=2
      dE/dx and range tables from 10 eV  to 100 TeV in 260 bins
      Lambda tables from threshold to 100 TeV, 20 bins/decade, spline: 1
      StepFunction=(0.2, 0.05 mm), integ: 1, fluct: 1, linLossLim= 0.01
      ===== EM models for the G4Region  DefaultRegionForTheWorld ======
               Bragg : Emin=    0 eV  Emax=  200 keV  deltaVI
          BetheBloch : Emin=  200 keV Emax=    1 GeV  deltaVI
        MuBetheBloch : Emin=    1 GeV Emax=  100 TeV

muBrems:  for mu+  SubType=3
      dE/dx and range tables from 10 eV  to 100 TeV in 260 bins
      Lambda tables from threshold to 100 TeV, 20 bins/decade, spline: 1
      ===== EM models for the G4Region  DefaultRegionForTheWorld ======
              MuBrem : Emin=    0 eV  Emax=  100 TeV  ModifiedMephi
      ===== Limit on energy threshold has been applied 

muPairProd:  for mu+  SubType=4
      dE/dx and range tables from 10 eV  to 100 TeV in 260 bins
      Lambda tables from threshold to 100 TeV, 20 bins/decade, spline: 1
      Sampling table 21x1001; from 1 GeV to 100 TeV 
      ===== EM models for the G4Region  DefaultRegionForTheWorld ======
          muPairProd : Emin=    0 eV  Emax=  100 TeV  ModifiedMephi

msc:  for mu-  SubType= 10
      ===== EM models for the G4Region  DefaultRegionForTheWorld ======
            UrbanMsc : Emin=    0 eV  Emax=  100 TeV Nbins=240 100 eV  - 100 TeV
              StepLim=Minimal Rfact=0.2 Gfact=2.5 Sfact=0.6 DispFlag:1 Skin=1 Llimit=1

muIoni:  for mu-  SubType=2
      dE/dx and range tables from 10 eV  to 100 TeV in 260 bins
      Lambda tables from threshold to 100 TeV, 20 bins/decade, spline: 1
      StepFunction=(0.2, 0.05 mm), integ: 1, fluct: 1, linLossLim= 0.01
      ===== EM models for the G4Region  DefaultRegionForTheWorld ======
            ICRU73QO : Emin=    0 eV  Emax=  200 keV  deltaVI
          BetheBloch : Emin=  200 keV Emax=    1 GeV  deltaVI
        MuBetheBloch : Emin=    1 GeV Emax=  100 TeV

muBrems:  for mu-  SubType=3
      dE/dx and range tables from 10 eV  to 100 TeV in 260 bins
      Lambda tables from threshold to 100 TeV, 20 bins/decade, spline: 1
      ===== EM models for the G4Region  DefaultRegionForTheWorld ======
              MuBrem : Emin=    0 eV  Emax=  100 TeV  ModifiedMephi
      ===== Limit on energy threshold has been applied 

muPairProd:  for mu-  SubType=4
      dE/dx and range tables from 10 eV  to 100 TeV in 260 bins
      Lambda tables from threshold to 100 TeV, 20 bins/decade, spline: 1
      Sampling table 21x1001; from 1 GeV to 100 TeV 
      ===== EM models for the G4Region  DefaultRegionForTheWorld ======
          muPairProd : Emin=    0 eV  Emax=  100 TeV  ModifiedMephi

msc:  for pi+  SubType= 10
      ===== EM models for the G4Region  DefaultRegionForTheWorld ======
            UrbanMsc : Emin=    0 eV  Emax=  100 TeV Nbins=240 100 eV  - 100 TeV
              StepLim=Minimal Rfact=0.2 Gfact=2.5 Sfact=0.6 DispFlag:1 Skin=1 Llimit=1

hIoni:  for pi+  SubType=2
      dE/dx and range tables from 10 eV  to 100 TeV in 260 bins
      Lambda tables from threshold to 100 TeV, 20 bins/decade, spline: 1
      StepFunction=(0.2, 0.05 mm), integ: 1, fluct: 1, linLossLim= 0.01
      ===== EM models for the G4Region  DefaultRegionForTheWorld ======
               Bragg : Emin=    0 eV  Emax=297.505 keV  deltaVI
          BetheBloch : Emin=297.505 keV Emax=  100 TeV  deltaVI

hBrems:  for pi+  SubType=3
      dE/dx and range tables from 10 eV  to 100 TeV in 260 bins
      Lambda tables from threshold to 100 TeV, 20 bins/decade, spline: 1
      ===== EM models for the G4Region  DefaultRegionForTheWorld ======
               hBrem : Emin=    0 eV  Emax=  100 TeV  ModifiedMephi
      ===== Limit on energy threshold has been applied 

hPairProd:  for pi+  SubType=4
      dE/dx and range tables from 10 eV  to 100 TeV in 260 bins
      Lambda tables from threshold to 100 TeV, 20 bins/decade, spline: 1
      Sampling table 20x1001; from 1.11656 GeV to 100 TeV 
      ===== EM models for the G4Region  DefaultRegionForTheWorld ======
           hPairProd : Emin=    0 eV  Emax=  100 TeV  ModifiedMephi

msc:  for pi-  SubType= 10
      ===== EM models for the G4Region  DefaultRegionForTheWorld ======
            UrbanMsc : Emin=    0 eV  Emax=  100 TeV Nbins=240 100 eV  - 100 TeV
              StepLim=Minimal Rfact=0.2 Gfact=2.5 Sfact=0.6 DispFlag:1 Skin=1 Llimit=1

hIoni:  for pi-  SubType=2
      dE/dx and range tables from 10 eV  to 100 TeV in 260 bins
      Lambda tables from threshold to 100 TeV, 20 bins/decade, spline: 1
      StepFunction=(0.2, 0.05 mm), integ: 1, fluct: 1, linLossLim= 0.01
      ===== EM models for the G4Region  DefaultRegionForTheWorld ======
            ICRU73QO : Emin=    0 eV  Emax=297.505 keV  deltaVI
          BetheBloch : Emin=297.505 keV Emax=  100 TeV  deltaVI

hBrems:  for pi-  SubType=3
      dE/dx and range tables from 10 eV  to 100 TeV in 260 bins
      Lambda tables from threshold to 100 TeV, 20 bins/decade, spline: 1
      ===== EM models for the G4Region  DefaultRegionForTheWorld ======
               hBrem : Emin=    0 eV  Emax=  100 TeV  ModifiedMephi
      ===== Limit on energy threshold has been applied 

hPairProd:  for pi-  SubType=4
      dE/dx and range tables from 10 eV  to 100 TeV in 260 bins
      Lambda tables from threshold to 100 TeV, 20 bins/decade, spline: 1
      Sampling table 20x1001; from 1.11656 GeV to 100 TeV 
      ===== EM models for the G4Region  DefaultRegionForTheWorld ======
           hPairProd : Emin=    0 eV  Emax=  100 TeV  ModifiedMephi
G4VisManager: Using G4TrajectoryDrawByCharge as fallback trajectory model.
See commands in /vis/modeling/trajectories/ for other options.

### ===  Deexcitation model UAtomDeexcitation is activated for 25 regions:
          DefaultRegionForTheWorld  1  1  1
          cylindricalPET  1  1  1
          module  1  1  1
          unit  1  1  1
          block  1  1  1
          optical  1  1  1
          crystal  1  1  1
          capillaire1  1  1  1
          capillaire1_water  1  1  1
          capillaire2  1  1  1
          capillaire2_water  1  1  1
          capillaire3  1  1  1
          capillaire3_water  1  1  1
          capillaire4  1  1  1
          capillaire4_water  1  1  1
          capillaire5  1  1  1
          capillaire5_water  1  1  1
          capillaire_m1  1  1  1
          capillaire_m1_water  1  1  1
          capillaire_m2  1  1  1
          capillaire_m2_water  1  1  1
          capillaire_m3  1  1  1
          capillaire_m3_water  1  1  1
          capillaire_m4  1  1  1
          capillaire_m4_water  1  1  1
### ===  Ignore cuts flag:   0
(136.136,-308.1,70.7418)
(105.771,-279.839,65.3204)
(303.623,144.52,-85.5465)
(284.784,181.537,-111.432)
(297.4,145.73,-74.2646)
(232.323,62.307,-11.5702)
(-283.708,139.853,-48.3292)
(-183.678,170.29,-80.3844)
(-284.625,141.907,-48.3731)
(-330.785,210.103,-53.3926)
(-30.8046,326.987,-123.681)
(59.4552,335.467,-200.487)
(13.7721,-319.243,55.9748)
(63.565,-383.403,79.8473)
(16.7447,-323.338,68.3484)
(-0.912821,-253.317,116.705)
(5.35387,313.138,-55.8223)
(-28.817,256.707,-70.1786)
(182.507,-255.814,-56.6438)
(178.681,-229.852,-17.5231)
(282.876,146.99,-67.997)
(237.702,167.79,-62.0348)
(287.284,147.705,-73.0352)
(311.287,105.779,-188.993)
(228.782,-219.089,73.9518)
(306.679,-279.957,113.329)
(-59.8522,315.898,-107.726)
(-88.2246,261.351,-153.318)
(304.788,82.1606,21.6701)
(246.432,142.29,128.238)
(-249.611,-192.705,-53.9969)
(-327.318,-196.74,-23.1815)
(-203.829,-250.438,-53.6375)
(-154.199,-298.854,-79.2283)
(-200.662,-249.829,-60.2131)
(-233.489,-243.259,-60.2396)
(126.653,287.659,63.1998)
(70.6859,216.166,128.502)
(115.358,294.048,62.5213)
(109.223,215.948,10.0198)
(-41.6143,311.311,95.3903)
(-84.1231,317.958,105.393)
(-31.4015,326.305,78.836)
(-27.8683,344.14,54.8654)
(245.972,-198.951,-22.0078)
(223.737,-216.103,-109.981)
(-26.8668,314.169,37.5933)
(18.7292,219.224,27.6455)
(322.989,-14.5997,90.2608)
(301.361,1.34945,84.1974)
(327.285,-11.4139,87.2183)
(337.328,-17.8348,78.4413)
(-313.399,8.80312,-52.0463)
(-285.474,117.484,-72.9409)
(-312.833,2.10779,-53.5273)
(-328.649,-66.5707,-156.821)
(-6.42,318.935,-4.67726)
(-34.1418,274.253,-44.781)
(2.82837,318.783,-9.20259)
(78.429,308.401,-1.62716)
(314.805,53.1861,-109.305)
(256.544,109.945,-68.6423)
(288.76,-120.643,-4.21636)
(222.538,-141.289,15.4281)
(-269.707,161.002,4.71242)
(-244.146,93.0543,-35.8811)
(311.895,27.4781,110.641)
(310.524,18.2501,84.9658)
(-206.627,-265.331,67.4031)
(-304.117,-322.667,56.1521)
(128.211,300.715,-71.7927)
(6.42151,188.721,-40.026)
(128.738,301.23,-68.7528)
(26.6778,210.18,-125.705)
(196.736,258.989,48.642)
(283.93,329.084,60.4123)
(-271.939,-179.432,-14.0277)
(-268.009,-187.766,16.7347)
(-272.305,-180.279,-11.184)
(-289.595,-217.031,-80.6674)
(-271.867,-181.947,-10.796)
(-379.071,-315.733,41.3861)
(-322.591,79.1008,-99.4831)
(-455.083,13.6145,-163.078)
(43.8482,319.928,-92.8871)
(150.515,409.082,-77.0881)
(56.6941,-313.829,88.1596)
(1.91336,-353.571,79.3822)
(56.0186,-312.38,87.5072)
(47.394,-274.025,46.0566)
(-317.601,-17.6458,51.1023)
(-267.899,-45.2221,127.505)
(257.701,-180.083,-39.3555)
(215.819,-307.707,-113.368)
(-241.352,207.186,-10.9492)
(-272.919,173.383,-18.2043)
(-286.165,138.3,28.952)
(-293.938,137.999,-3.88658)
(-289.869,136.701,29.9951)
(-262.358,81.1983,25.3858)
(-288.787,142.094,39.6062)
(-302.661,83.6217,68.5504)
(185.708,-266.423,45.3369)
(222.041,-261.089,20.0165)
(187.191,-253.183,55.3389)
(120.044,-245.371,62.0252)
(-44.2605,312.87,-55.4754)
(-4.7774,345.718,-88.1723)
(-41.7173,325.286,-49.1772)
(-69.6715,212.443,-69.2409)
(-218.682,-246.737,121.465)
(-227.97,-283.404,167.787)
(307.615,90.3306,23.9132)
(345.611,73.5141,12.6982)
(257.126,-180.876,35.9154)
(272.189,-153.804,-24.1313)
(-323.591,-27.6887,-7.71245)
(-395.561,-45.4796,0.242739)
(298.412,-138.978,-91.5041)
(262.197,-48.4592,-27.0584)
(307.585,77.0783,-122.123)
(288.647,136.981,-181.501)
(-312.766,10.2654,-57.1371)
(-191.788,13.3729,1.18722)
(-319.026,14.1831,-68.0805)
(-425.376,3.7637,-33.9642)
(-320.028,13.5177,-72.0126)
(-311.932,0.279808,-82.1005)
(247.626,209.173,-55.0024)
(313.341,216.43,-5.53251)
(-28.6051,-333.438,87.5436)
(-33.4282,-246.398,128.857)
(-302.578,80.9221,67.0316)
(-275.154,64.7168,69.5115)
(323.876,-0.274407,-52.3932)
(333.342,-24.6998,-9.62205)
(-332.393,-0.263782,106.762)
(-380.681,-75.6683,-4.87297)
(-192.151,245.93,-50.34)
(-219.328,203.043,-135.557)
(-333.682,24.4449,-66.4972)
(-336.233,30.1835,-59.4168)
(-335.871,20.6533,-59.9932)
(-287.888,11.6923,-151.2)
(1.22645,315.624,-30.9809)
(58.9541,351.045,28.2582)
(-235.704,-217.555,22.8962)
(-241.325,-180.262,66.0732)
(-182.293,-267.117,10.5489)
(-148.099,-262.359,91.7725)
(189.844,250.862,-8.48022)
(151.913,201.361,79.6315)
(191.845,256.595,-3.61783)
(118.289,286.07,50.9428)
(-237.509,211.56,-18.0048)
(-212.986,282.237,57.9802)
(183.124,-262.709,20.8886)
(141.415,-192.93,25.3422)
(184.897,-262.084,17.7929)
(234.544,-299.91,-21.0489)
(192.928,-260.174,21.6185)
(97.0024,-291.384,64.4117)
(178.122,264.308,-113.71)
(62.1818,368.851,-125.396)
(181.06,263.282,-117.751)
(102.789,259.466,-88.6102)
(263.648,180.726,105.288)
(221.347,204.439,165.928)
(266.372,180.231,104.203)
(249.535,197.039,159.374)
(268.98,179.012,102.449)
(315.903,161.241,101.708)
(296.469,-135.938,33.4387)
(272.91,-214.186,47.1826)
(95.0406,-301.396,-28.2056)
(150.158,-267.714,-1.77451)
(-256.717,217.69,19.4602)
(-270.763,225.183,-86.1967)
(-301.144,81.9363,-55.3271)
(-236.59,134.372,21.0707)
(-306.589,100.278,-60.052)
(-291.055,81.9949,18.0574)
(-204.01,-245.54,28.8357)
(-248.831,-205.782,-5.73816)
(-200.643,-244.66,37.1491)
(-81.2185,-185.883,112.459)
(221.784,-250.248,-87.0138)
(151.633,-177.689,-3.73952)
(216.913,-249.287,-88.002)
(151.229,-292.913,-37.1271)
(-320.065,60.773,-59.3162)
(-257.07,37.5284,-98.7361)
(-320.331,60.5527,-59.6475)
(-300.74,-98.901,-17.7892)
(-153.596,277.532,54.6214)
(-113.388,333.86,54.2077)
(-164.61,275.617,57.0083)
(-222.004,368.593,69.3918)
(-176.563,266.893,58.4521)
(-78.8468,233.899,168.833)
(-177.032,267.022,60.1603)
(-235.172,323.423,34.1748)
(-283.497,147.729,-6.68063)
(-254.206,156.4,72.7003)
(134.445,-283.869,19.0688)
(124.95,-269.602,-18.6761)
(140.72,-293.098,29.3969)
(165.671,-344.562,-27.4243)
(-314.67,10.2442,-91.2412)
(-307.189,-81.6881,-218.822)
(-29.5383,312.275,-54.1026)
(9.0228,238.943,16.5648)
(-29.0776,313.778,-51.397)
(-6.21962,237.903,11.2659)
(-27.7028,313.785,-52.8186)
(-13.4152,273.8,-99.8465)
(-238.016,203.089,-5.18133)
(-268.602,152.473,-9.46144)
(18.9469,-331.814,9.95769)
(-64.2333,-267.919,-11.4738)
(-299.011,-135.069,-56.3252)
(-286.609,-149.301,-64.1211)
(-306.082,-126.714,-55.9063)
(-271.698,-69.3272,-61.704)
(187.37,278.181,117.394)
(195.199,269.324,89.8114)
(294.996,-119.227,111.103)
(321.704,-53.5926,166.095)
(297.266,-127.62,111.276)
(310.274,-184.832,33.4067)
(-317.435,48.2507,-47.2207)
(-313.831,88.3577,-39.4633)
(287.779,-136.72,103.085)
(290.229,-262.568,-22.0704)
(-314.314,69.6258,-49.6837)
(-319.152,130.539,38.276)
(-312.649,72.3351,-46.5822)
(-295.526,60.2904,-53.5452)
(-161.375,290.003,-125.003)
(-255.454,297.319,-102.341)
(-259.3,194.948,-23.1129)
(-299.442,268.423,33.785)
(-256.478,196.131,-22.8743)
(-232.808,184.094,21.3092)
(55.7591,-321.693,48.0136)
(118.648,-305.741,55.8423)
(56.2943,-322.67,47.7468)
(4.32386,-332.5,126.144)
(17.9702,-315.906,-11.3514)
(39.6822,-325.546,-62.3065)
(-0.404136,330.501,10.53)
(-35.1106,409.523,15.2143)
(-294.176,-124.761,-47.5884)
(-247.074,-135.222,26.8096)
(328.962,67.7268,28.1259)
(314.229,91.9015,60.3472)
(-31.2509,320.289,-123.33)
(-136.515,381.274,-70.6666)
(222.281,-252.354,99.9756)
(258.504,-204.932,-5.5508)
(-71.3175,-309.494,-87.9067)
(-103.615,-213.695,6.43081)
(265.99,184.938,51.5326)
(319.371,273.173,130.123)
(-295.086,-113.24,-56.2751)
(-346.383,-239.252,-149.692)
(305.572,83.185,43.6033)
(379.366,115.247,88.9957)
(185.675,278.574,21.973)
(226.532,299.768,38.801)
(-315.258,92.1058,-7.05543)
(-165.614,35.8797,-66.6256)
(-283.751,-139.236,67.6712)
(-320.997,-133.923,28.0731)
(-52.4104,-310.33,47.0571)
(-102.673,-406.502,67.8936)
(145.083,287.479,-43.6752)
(214.783,359.982,-47.6987)
(143.392,292.304,-43.5596)
(139.828,330.99,-147.359)
(-223.039,249.512,10.089)
(-275.072,278.456,-34.0471)
(132.638,-291.906,-87.4997)
(109.437,-335.413,-99.5886)
(132.452,-292.693,-89.7049)
(132.909,-404.918,-69.8092)
(-247.161,229.554,69.1796)
(-282.057,229.05,-16.1621)
(-84.7639,301.731,-106.715)
(-24.6004,229.67,-114.195)
(-231.589,-217.434,-97.4864)
(-40.8122,-123.05,-93.6447)
(318.277,28.331,52.8848)
(329.232,17.8195,99.8503)
(-314.042,-47.0635,-86.2058)
(-328.275,-26.9117,-62.5653)
(-266.377,-193.909,115.532)
(-326.077,-218.437,70.2133)
(123.904,291.171,-51.553)
(130.55,242.96,7.72792)
(30.2133,-330.424,58.1182)
(-116,-302.003,-7.1108)
(185.406,-252.341,-50.7104)
(242.729,-294.611,-167.67)
(-300.014,-110.239,52.5666)
(-321.617,-171.413,34.7476)
(277.898,148.924,119.464)
(271.396,190.078,195.89)
(281.932,147.092,120.19)
(301.252,175.897,136.767)
(316.565,-88.3237,-41.0007)
(329.576,-6.12113,-12.4314)
(-309.089,91.9265,45.3733)
(-386.44,139.265,35.3612)
(-313.425,16.7088,92.3185)
(-344.603,105.281,1.91611)
(320.448,-14.719,34.179)
(366.75,-45.5576,16.1312)
(333.161,-13.6104,40.8202)
(231.252,38.3637,64.9163)
(252.907,193.315,-101.098)
(219.61,215.571,-122.403)
(254.385,203.1,-114.659)
(306.998,346.737,-141.353)
(-234.521,-207.552,63.0465)
(-219.289,-269.687,-18.8934)
(-92.247,-306.112,-87.2166)
(0.5309,-422.792,-26.6526)
(-7.05588,314.313,88.1805)
(-34.1474,367.025,128.902)
(-311.107,-75.3509,-55.225)
(-347.238,-45.6656,-6.56189)
(-311.37,43.6376,113.114)
(-297.4,111.047,94.8849)
(322.262,-43.9999,-108.262)
(466.596,-75.1388,-202.969)
(76.6528,-309.869,-4.8192)
(14.6696,-295.685,9.52352)
(74.6642,-313.652,-4.59222)
(124.587,-398.611,77.6717)
(23.7166,315.551,6.35858)
(8.26829,281.079,28.9289)
(31.9127,312.293,4.49884)
(-17.9452,262.002,112.393)
(278.608,161.096,112.356)
(306.318,164.946,158.593)
(280.423,163.732,118.91)
(231.715,53.3353,49.2648)
(-301.578,-128.632,-23.3474)
(-362.494,-102.696,-56.8782)
(189.65,261.433,50.6002)
(230.768,215.268,53.0674)
(-307.773,-72.701,113.627)
(-333.589,-3.4519,129.446)
(-324.86,-88.3584,114.645)
(-280.091,-67.1302,87.0108)
(306.869,87.6115,105.8)
(290.146,152.686,-13.2313)
(156.339,-282.129,-38.2824)
(157.918,-237.005,31.1652)
(156.253,-280.949,-36.6228)
(121.632,-367.043,-55.7844)
(-245.274,213.983,-116.641)
(-226.16,187.646,-76.5662)
(-149.833,278.306,17.2906)
(-277.658,304.576,157.912)
(-154.261,280.926,13.5338)
(-91.3011,295.751,-45.0659)
(-293.35,115.63,-35.1676)
(-236.465,75.5865,-82.6628)
(-293.644,113.461,-32.1294)
(-318.588,100.187,-24.9931)
(312.446,-72.184,23.1263)
(416.347,-45.4126,-2.9109)
(80.4922,301.888,99.5989)
(-18.0194,209.632,51.6369)
(79.0689,-303.937,-98.2097)
(76.7456,-380.061,-69.0614)
(-202.318,-238.907,83.0405)
(-147.721,-230.553,-15.8706)
(-256.504,179.875,-8.30991)
(-222.936,174.673,-135.792)
(227.081,243.41,-82.5413)
(159.947,286.762,-42.0048)
(-314.582,120.303,114.471)
(-336.814,71.4622,192.671)
(-308.094,125.437,107.934)
(-312.43,152.31,65.8227)
(-215.994,-234.032,114.094)
(-160.691,-223.119,176.106)
(-229.061,237.185,68.5122)
(-235.466,173.406,106.626)
(-89.2536,-310.488,1.39703)
(-83.7477,-321.589,60.4371)
(-93.5549,-315.079,0.605788)
(-148.057,-404.601,118.604)
(-252.129,190.681,-89.1087)
(-192.977,285.804,-94.3729)
(-10.2838,-328.265,-106.877)
(83.9549,-286.519,-100.263)
(-30.5566,-315.925,50.7294)
(59.7881,-292.708,-13.275)
(-31.1395,-318.426,46.919)
(-16.5947,-277.705,82.0121)
(173.344,264.071,-43.7182)
(174.582,374.745,-78.2367)
(180.788,268.092,-44.3811)
(208.552,205.609,-64.8816)
(182.103,267.277,-44.1747)
(215.89,233.56,-116.076)
(184.803,263.826,-44.2237)
(270.999,205.05,33.0031)
(192.005,261.504,-36.2451)
(231.517,294.911,20.7519)
(-200.265,250.56,14.8545)
(-126.99,274.097,-14.66)
(-199.589,250.846,14.5495)
(-245.616,249.419,10.6301)
(295.309,-114.373,-4.49917)
(136.87,-109.452,-176.176)
(295.456,-114.53,3.85902)
(224.155,-80.8522,29.0981)
(-196.114,249.727,-82.3941)
(-158.356,211.134,-120.202)
(-197.997,256.058,-80.2458)
(-131.332,194.97,-133.92)
(-197.874,257.941,-82.848)
(-250.977,202.357,9.93271)
(132.298,-309.915,102.022)
(267.209,-383.25,25.9648)
(-326.992,-57.7079,-78.0713)
(-370.585,30.8673,-8.38681)
(-274.918,179.942,-10.3702)
(-423.619,280.544,-80.2028)
(-275.494,187.739,-11.0356)
(-126.991,238.308,-27.5432)
(-269.281,189.31,-14.213)
(-307.376,101.22,-5.02449)
(146.782,-279.086,13.9684)
(211.251,-250.581,51.5898)
(-231.667,217.099,-105.578)
(-267.569,258.908,-164.355)
(-301.466,-86.7068,61.0529)
(-270.194,-80.4248,112.276)
(325.385,56.2964,-36.1089)
(237.258,44.4303,49.0195)
(-315.331,-50.4551,-70.2277)
(-301.434,-41.1546,-134.328)
(244.666,-216.06,-26.8693)
(251.764,-242.402,-13.9935)
(-183.493,260.24,34.0024)
(-121.99,389.662,8.78592)
(-215.671,230.073,121.787)
(-139.368,251.19,214.822)
(55.6384,-331.551,-113.485)
(56.9116,-331.2,-58.8809)
(53.242,-331.132,-117.296)
(102.621,-383.167,-98.5889)
(-312.713,-53.4584,43.6814)
(-202.538,35.4346,123.074)
(306.977,137.54,-110.041)
(349.243,251.966,-112.766)
(-14.4712,-320.444,70.4333)
(-67.7118,-338.214,72.6857)
(-13.3493,-322.972,66.9915)
(-43.6666,-341.539,26.6298)
(-13.0651,-323.917,63.4033)
(-11.7312,-302.69,21.7002)
(-84.4977,312.188,-67.8816)
(-88.2381,239.042,36.4231)
(239.002,-229.945,48.2224)
(169.016,-190.596,58.2831)
(-293.601,110.532,-110.357)
(-287.948,165.029,-92.1661)
(318.283,-42.1375,21.4747)
(292.493,-174.489,32.4885)
(319.155,-51.9144,16.4917)
(308.729,-164.169,115.955)
(102.075,304.729,-107.038)
(135.901,300.326,-86.3811)
(102.47,308.241,-99.0875)
(188.887,297.315,-118.641)
(77.6315,312.84,73.6869)
(108.321,331.931,193.091)
(139.483,-280.843,-63.6777)
(141.32,-228.402,2.45913)
(138.977,-279.568,-68.3585)
(206.656,-244.267,-101.907)
(270.594,-199.614,46.1913)
(192.646,-202.533,112.125)
(-124.618,292.745,-68.2018)
(-88.2217,316.88,-155.467)
(-144.51,304.011,-66.7235)
(-225.394,322.582,-6.39219)
(-301.947,-94.7368,-71.4973)
(-306.683,-153.516,-72.0098)
(273.249,152.527,108.302)
(310.656,78.6584,150.051)
(291.678,124.419,-40.3807)
(196.839,84.4782,26.3557)
(298.818,121.823,-42.4073)
(313.615,69.8486,-71.3426)
(-185.787,-267.602,86.781)
(-141.85,-357.037,115.285)
(-311.095,-88.3441,51.8989)
(-359.456,-152.053,-6.55653)
(334.791,-25.3397,-123.27)
(348.366,-97.1022,-181.87)
(296.904,143.557,-10.3155)
(381.414,134.094,-33.3684)
(-172.177,-286.413,16.1836)
(-230.218,-290.462,-49.4588)
(-179.822,-276.726,15.3878)
(-179.533,-320.797,102.423)
(324.167,18.58,27.612)
(324.523,-61.9998,36.9644)
(331.876,21.3015,28.33)
(228.591,137.545,-45.1289)
(-280.349,-155.861,-18.3466)
(-290.344,-136.464,-66.6895)
(-278.934,-157.596,-21.5847)
(-326.618,-164.15,-43.6227)
(-261.22,180.667,-30.431)
(-226.751,259.871,-28.0482)
(217.553,-228.885,33.5886)
(355.495,-222.477,63.3663)
(220.98,-230.03,34.7711)
(260.504,-122.687,6.77324)
(217.209,-233.86,33.6746)
(194.831,-256.698,102.088)
(-78.3833,312.466,-32.1885)
(-2.74772,317.884,-72.3173)
(-84.3832,318.508,-28.7993)
(-99.9412,262.067,101.351)
(-21.8271,-316.475,30.3155)
(-78.425,-342.054,25.8997)
(-26.8953,-317.138,32.1353)
(-38.2481,-431.105,44.0997)
(-78.9608,318.197,97.984)
(-132.297,334.081,90.6167)
(-82.6338,323.143,96.5773)
(-182.295,253.224,75.6506)
(204.522,-249.398,-72.7444)
(279.195,-213.395,-178.554)
(302.77,-85.2845,40.8982)
(238.806,-48.973,-30.3548)
(209.298,-232.152,101.347)
(224.527,-233.326,79.0665)
(-287.207,140.162,-66.2779)
(-233.417,135.242,-26.1779)
(286.035,-126.263,-8.75278)
(168.471,-131.687,-103.108)
(286.789,-126.956,-7.31081)
(392.873,-74.555,30.1898)
(-79.7905,-304.636,10.0968)
(-155.925,-402.354,-49.0331)
(-90.0603,-315.562,4.17238)
(-12.2225,-295.481,21.9639)
(244.067,214.597,-9.2205)
(197.204,283.719,-63.5026)
(246.591,220.405,-9.10292)
(249.998,262.305,10.5395)
(329.784,-13.6713,-57.5618)
(400.171,-8.0353,-113.861)
(-283.017,-133.297,-118.258)
(-164.854,-130.896,-163.783)
(-282.304,-168.635,35.1897)
(-240.721,-66.8094,54.9259)
(-279.3,-183.084,19.5477)
(-239.356,-261.592,69.3859)
(296.434,125.463,-27.6653)
(326.133,227.86,-80.6131)
(88.7716,305.569,-36.5245)
(79.4227,281.748,-39.931)
(186.197,-268.272,30.2163)
(127.335,-308.859,24.7487)
(-30.4136,328.806,-49.162)
(-16.1031,401.59,18.16)
(-25.8283,329.048,-36.1851)
(-79.8984,221.277,-72.799)
(-255.265,-183.934,63.9932)
(-193.867,-225.579,59.8112)
(224.412,245.622,-87.5517)
(167.161,162.681,42.4477)
(213.833,-230.51,-10.5952)
(199.344,-261.4,-36.0105)
(138.354,-280.961,94.7506)
(185.644,-303.185,149.029)
(-246.352,213.404,-70.3707)
(-248.898,174.326,-108.606)
(-239.584,213.667,-71.9454)
(-231.601,201.924,43.5033)
(-326.711,22.0578,-4.37514)
(-430.142,23.0774,27.0474)
(315.936,-44.0417,11.8514)
(329.686,-106.604,-0.0673018)
(49.0937,-311.273,81.2618)
(75.7188,-276.295,97.5076)
(56.2644,-325.142,79.944)
(-50.409,-316.267,-0.690274)
(59.492,-323.079,80.9615)
(118.063,-359.136,127.221)
(53.142,-324.48,73.9571)
(4.5768,-180.703,24.9826)
(-259.673,196.265,-52.3647)
(-304.8,160.206,-40.0317)
(287.542,164.233,-5.10811)
(236.702,-1.75059,57.2129)
(-138.041,-294.748,87.5088)
(-30.1123,-290.849,122.306)
(-141.461,-305.282,89.6915)
(-191.79,-172.936,133.765)
(-135.205,-304.585,78.2136)
(-119.779,-297.988,157.174)
(214.527,257.999,-78.2914)
(323.602,279.692,-99.0937)
(-279.513,-143.81,-92.4119)
(-214.362,-132.55,-5.94262)
(129.47,-289.132,-39.4127)
(95.6323,-217.744,1.62473)
(-305.148,87.9051,40.9364)
(-363.241,48.8159,25.0795)
(-308.389,71.3251,27.5672)
(-272.32,-7.38622,-47.0879)
(323.489,-68.508,-31.1134)
(223.363,-145.705,-52.7847)
(181.816,265.82,-58.9869)
(190.963,394.956,-68.5657)
(90.6243,-310.501,70.5069)
(50.4949,-279.867,100.396)
(87.9648,-315.536,70.2054)
(84.0219,-349.308,29.5804)
(328.053,-27.1571,-54.761)
(296.532,-31.4609,22.1739)
(329.016,-23.6636,-54.8295)
(345.952,-42.6377,-66.0576)
(-322.423,15.9,29.9661)
(-422.715,84.0423,51.554)
(316.712,89.7683,68.278)
(246.528,103.764,52.8253)
(224.426,241.6,21.6342)
(207.168,289.281,23.9501)
(222.926,240.891,21.1591)
(164.165,375.827,13.4776)
(-124.125,-293.176,-11.7291)
(-200.798,-278.386,-36.3745)
(-127.908,-303.348,-9.64679)
(-88.2048,-305.818,-52.6865)
(-95.7124,299.795,10.7417)
(-127.758,393.214,37.818)
(-54.4708,314.963,-65.0659)
(-17.5246,270.314,-239.47)
(-75.5764,316.418,-68.4825)
(-43.0007,343.228,-56.386)
(308.686,-66.6976,-8.54017)
(300.548,-27.1941,63.6168)
(311.292,-64.4132,-10.2472)
(295.918,-43.2272,-19.5402)
(-305.385,-117.444,95.9721)
(-357.297,-128.572,52.9488)
(252.172,202.707,-14.1866)
(238.195,154.737,-53.5263)
(248.871,202.661,-12.182)
(124.731,203.398,-77.0614)
(-315.595,-91.9339,10.8595)
(-348.657,-70.5448,8.6768)
(-313.797,-93.7753,8.27281)
(-163.636,-136.517,11.2793)
(204.833,259.317,-94.4256)
(230.447,188.213,15.6023)
(61.4256,-312.739,116.547)
(19.5861,-326.408,130.165)
(16.4837,-323.044,-16.108)
(38.0144,-314.784,3.01195)
(182.978,253.001,10.2816)
(292.555,340.787,70.9989)
(-285.37,-131.794,81.4348)
(-186.742,-120.099,143.796)
(-287.624,-136.375,84.801)
(-357.399,-185.506,-18.9023)
(-283.801,-141.86,88.9112)
(-399.279,-147.8,25.784)
(318.354,55.5108,-31.887)
(299.367,110.404,25.2847)
(317.979,57.0588,-30.5392)
(308.16,65.4643,-58.7568)
(313.135,3.29021,100.509)
(275.906,-2.6435,82.4781)
(-323.76,-2.74197,-74.0872)
(-328.476,10.6689,-105.863)
(-292.284,149.865,-118.855)
(-220.798,99.5567,-182.283)
(-295.753,152.985,-121.135)
(-232.489,95.8288,-111.569)
(-298.765,145.848,-124.525)
(-335.399,123.394,-29.975)
(269.071,-163.487,-68.4887)
(251.312,-109.885,-85.7996)
(-206.448,249.207,105.55)
(-189.418,250.467,197.596)
(28.1259,328.422,-5.33367)
(42.8739,313.975,-37.1983)
(219.698,-233.959,1.25535)
(231.108,-250.716,13.2595)
(303.849,123.301,-53.3179)
(299.588,58.5106,11.0232)
(302.932,124.43,-54.6045)
(270.771,75.0735,-49.1893)
(-206.92,-261.767,107.491)
(-263.695,-315.501,155.075)
(-208.029,-259.287,110.372)
(-158.27,-196.375,132.071)
(234.811,212.314,-4.81136)
(241.395,300.339,-107.388)
(236.347,217.908,-2.08379)
(201.502,287.821,-44.6134)
(-83.3381,-326.365,6.8385)
(-113.631,-378.682,75.6065)
(147.29,-296.662,45.4498)
(191.109,-168.007,53.3953)
(147.491,-296.227,46.5359)
(151.392,-273.468,59.81)
(2.30005,336.645,-50.7692)
(22.032,318.663,2.7843)
(297.242,129.58,104.258)
(277.731,140.193,149.594)
(299.431,132.385,102.301)
(327.992,76.1569,116.778)
(136.078,-287.736,-119.679)
(172.756,-307.524,-192.553)
(1.98208,-313.311,89.4234)
(24.7333,-318.928,25.8213)
(-94.4615,-313.426,10.7731)
(-87.0531,-321.582,-53.1137)
(273.631,177.59,-7.87389)
(326.582,69.1462,153.67)
(272.047,177.299,-8.43004)
(266.345,171.855,97.9591)
(249.694,197.496,-80.3195)
(258.823,178.852,-136.996)
(177.716,-257.177,105.267)
(171.131,-268.373,54.9715)
(26.6266,-311.804,-22.8898)
(51.6199,-382.836,-76.6729)
(175.251,-260.198,-93.4354)
(137.029,-234.773,-144.656)
(95.7625,303.488,-121.096)
(138.763,345.051,-28.8649)
(94.0544,309.601,-122.265)
(124.552,398.912,-141.849)
(-141.831,302.795,-27.7957)
(-197.563,288.871,30.2752)
(-138.018,-304.884,27.1733)
(-224.747,-325.4,-48.0485)
(-134.874,-303.271,30.9528)
(-134.807,-292.113,13.3857)
(-282.813,145.128,124.275)
(-218.307,19.6637,113.393)
(-300.617,109.36,32.1092)
(-312.539,154.253,-3.64872)
(-145.203,293.541,109.64)
(-164.979,323.481,155.004)
(-144.419,297.652,116.49)
(-159.347,277.032,205.337)
(242.991,-213.013,-81.4586)
(262.3,-186.033,-65.5393)
(98.3415,310.091,-46.7902)
(101.197,352.682,-9.49708)
(102.518,309.633,-46.6073)
(106.699,385.242,-19.3185)
(111.81,302.232,-44.5742)
(110.113,213.841,-48.7285)
(-79.5172,-316.105,50.6232)
(-50.6007,-359.429,79.6879)
(243.738,195.104,-60.151)
(298.634,123,14.7566)
(248.777,199.523,-57.0058)
(232.614,199.51,-52.4986)
(127.432,-303.666,-80.432)
(268.332,-244.998,-25.2714)
(-32.0933,323.734,82.1014)
(-63.7404,187.079,182.614)
(-31.5492,-318.762,16.5765)
(-89.0337,-250.346,-36.6369)
(-202.188,257.636,-8.44894)
(-257.813,261.893,43.0672)
(-197.827,265.653,-9.26469)
(-171.41,292.212,-33.3662)
(1.1718,-317.249,13.674)
(68.6059,-318.231,68.1813)
(284.271,-133.196,-80.8214)
(304.498,-85.1365,-123.994)
(294.704,-126.408,-70.7975)
(401.771,-80.464,-131.396)
(-300.401,99.2963,59.2783)
(-358.994,55.4771,148.505)
(-304.66,121.016,59.8145)
(-234.592,114.365,52.5491)
(308.888,51.8229,-60.0209)
(208.838,145.113,31.0759)
(-302.84,-116.121,118.379)
(-305.526,-85.1569,278.924)
(184.973,-275.694,80.9366)
(117.614,-343.133,43.7903)
(-259.683,187.441,-55.5373)
(-160.968,189.989,-147.486)
(-252.626,204.151,-63.5516)
(-332.568,141.433,-163.833)
(-187.491,-274.649,-115.15)
(-211.103,-260.348,-126.247)
(-186.811,-279.646,-116.753)
(-201.414,-320.836,-109.492)
(234.349,212.206,87.448)
(119.544,177.908,90.1854)
(-190.671,255.897,-92.3992)
(-203.3,133.768,-59.8034)
(41.2225,-322.146,121.571)
(87.239,-290.557,191.15)
(116.471,297.095,-115.017)
(71.0398,299.462,-108.478)
(-150.167,275.399,-3.57705)
(-128.733,345.883,-33.672)
(287.713,-140.207,2.1251)
(356.162,-243.563,-25.9996)
(290.347,-138.804,0.220261)
(262.348,-92.4544,-13.4335)
(319.186,80.5471,38.5529)
(302.731,105.252,23.6435)
(302.908,84.2649,104.827)
(362.676,181.993,145.807)
(315.866,85.571,110.862)
(417.489,135.865,100.859)
(-62.2225,-308.379,12.6021)
(-185.685,-345.915,111.775)
(-61.9147,-307.943,12.7333)
(-79.7761,-374.009,77.0391)
(257.421,178.472,-5.65509)
(281.772,204.26,-45.4475)
(263.292,190.565,-7.09752)
(275.187,246.429,-15.5402)
(310.509,-45.7509,-17.5476)
(364.557,-1.57065,-106.957)
(316.397,-51.868,-9.48174)
(374.735,-78.2343,-22.891)
(-315.102,118.008,112.19)
(-335.763,212.046,-0.995637)
(19.9928,-315.234,103.746)
(39.8233,-413.669,188.013)
(18.3936,-316.113,105.833)
(39.0392,-195.658,144.172)
(-209.72,239.864,-78.7076)
(-187.533,235.864,-113.604)
(-179.309,-258.833,59.6693)
(-231.261,-289.515,169.288)
(-180.41,-269.163,61.1125)
(-243.054,-250.8,-9.17652)
(190.484,247.909,-58.3864)
(194.469,372.952,-174.746)
(186.415,259.158,-62.0264)
(225.543,237.944,-140.891)
(187.574,265.798,-59.9285)
(275.205,326.707,-41.0222)
(-240.676,204.926,121.548)
(-284.473,202.782,69.0242)
(239.48,-224.936,-12.7398)
(279.976,-193.368,29.7728)
(-129.132,295.887,15.1673)
(-124.17,287.421,-50.6397)
(-128.944,296.085,15.7343)
(-275.689,252.393,-83.4081)
(-222.016,234.643,-90.4063)
(-192.821,305.983,-4.67041)
(-141.378,-282.688,123.165)
(-152.935,-321.968,117.975)
(-140.895,-283.279,123.817)
(-136.56,-267.185,181.573)
(316.261,13.7359,80.031)
(369.05,-49.8854,-38.2712)
(317.846,8.50307,79.56)
(319.099,-109.378,-32.309)
(-253.531,-183.579,50.7972)
(-230.832,-183.204,-74.0349)
(255.192,-191.154,-77.7521)
(231.275,-203.243,-40.5873)
(-195.024,-258.501,-122.382)
(-207.503,-318.478,-132.024)
(264.494,172.977,81.4856)
(189.243,217.777,46.7221)
(-179.055,-258.386,83.3238)
(-107.088,-219.535,107.64)
(39.4963,313.515,-98.8732)
(-78.6736,234.863,-76.1428)
(42.1043,314.677,17.6475)
(-97.7932,340.992,27.4424)
(327.528,-31.6189,-90.4061)
(254.936,-7.66269,-54.9063)
(324.891,-26.4637,-89.8302)
(290.068,-0.528842,-54.3837)
(86.8467,312.478,-47.7341)
(111.923,314.446,-91.118)
(18.0133,316.07,122.146)
(24.0168,314.662,30.514)
(185.859,-260.205,-103.676)
(285.369,-276.266,-64.7971)
(-276.889,-167.997,124.843)
(-288.743,-159.455,59.0364)
(240.292,200.637,-49.3542)
(194.764,243.298,-80.2227)
(-150.815,-289.755,74.4332)
(-178.947,-333.304,130.354)
(-154.394,-289.967,77.5349)
(-142.306,-372.175,38.6598)
(294.384,132.945,39.9492)
(262.423,107.85,9.40215)
(296.399,134.244,43.1448)
(232.194,102.782,124.95)
(288.021,146.014,74.5598)
(280.875,102.364,70.2628)
(290.032,146.333,77.3602)
(303.988,119.636,118.864)
(53.1364,-309.526,34.2018)
(3.59525,-374.774,-13.826)
(24.1906,-326.136,61.8943)
(-13.3366,-271.77,76.9878)
(259.624,207.909,40.1258)
(247.642,159.852,-85.4109)
(-115.408,-313.902,-56.9309)
(-253.012,-300.079,-83.247)
(301.591,88.4344,-41.7487)
(352.826,31.4152,-118.891)
(-235.062,-207.797,92.0906)
(-133.636,-267.081,112.588)
(90.4309,-300.111,-45.9185)
(183.456,-333.035,-35.7091)
(-274.049,183.077,-3.50572)
(-351.188,222.742,-79.4309)
(-74.9441,-315.413,38.1706)
(-44.3877,-349.032,124.958)
(315.029,98.2693,37.3968)
(411.18,129.965,151.907)
(314.97,98.7478,36.5154)
(243.038,99.2649,5.61819)
(308.237,99.8422,27.586)
(390.112,163.007,72.3995)
(298.39,99.3587,20.9715)
(241.446,119.872,34.0006)
(168.31,276.173,39.6461)
(108.165,390.377,82.1013)
(-16.3886,-317.369,41.5622)
(22.6146,-358.48,32.7572)
(-17.1112,-314.492,46.3306)
(-55.3163,-339.435,-2.0652)
(-272.918,163.504,-118.142)
(-218.99,83.0127,-141.293)
(289.606,-121.698,88.3249)
(362.4,-101.723,79.9436)
(290.485,-119.803,89.9005)
(245.012,-163.377,-35.5811)
0 events have been kept for refreshing and/or reviewing.
  "/vis/reviewKeptEvents" to review them one by one.
  "/vis/enable", then "/vis/viewer/flush" or "/vis/viewer/rebuild" to see them accumulated.
[Core-0] End of macro ./split/.Gate/main130/main1.mac
Graphics systems deleted.
Visualization Manager deleting...
