[G4] 
[G4] **************************************************************
[G4]  Geant4 version Name: geant4-10-07-patch-02    (11-June-2021)
[G4]                        Copyright : Geant4 Collaboration
[G4]                       References : NIM A 506 (2003), 250-303
[G4]                                  : IEEE-TNS 53 (2006), 270-278
[G4]                                  : NIM A 835 (2016), 186-225
[G4]                              WWW : http://geant4.org/
[G4] **************************************************************
[G4] 
[Core-0] Initialization of geometry
[Core-0] Initialization of physics
[Core-0] Initialization of actors
[Core-0] 
[Core-0] *************************************************
[Core-0]  GATE version 9.1 (2021)
[Core-0]  Copyright : OpenGATE Collaboration
[Core-0]  Reference : Phys. Med. Biol. 49 (2004) 4543-4561
[Core-0]  Reference : Phys. Med. Biol. 56 (2011) 881-901
[Core-0]  Reference : Med. Phys. 41(6)    (2014)
[Core-0]  http://www.opengatecollaboration.org        
[Core-0] *************************************************
[Core-0] 
[Core-0] You are using Geant4 version 10.7.2
[Core-0] Starting macro ./split/.Gate/main130/main7.mac
0: RINDEX
1.84e-06   1.00028
4.08e-06   1.00028
9: GROUPVEL
1.84e-06   299.709
4.08e-06   299.709
16: ABSLENGTH
1.84e-06   50000
4.08e-06   50000
 <!> *** WARNING *** <!>  GateMaterialDatabase: Multiple definition of element: Yttrium.
The definition in ClMind_GateMaterials.db was used.


GATE object:        'systems/cylindricalPET'
Components:

GATE object:        'systems/cylindricalPET/base'
Attached to volume: cylindricalPET
Nb of children:       1

	GATE object:        'systems/cylindricalPET/rsector'
	Attached to volume: module
	Nb of children:       1

		GATE object:        'systems/cylindricalPET/module'
		Attached to volume: unit
		Nb of children:       1

			GATE object:        'systems/cylindricalPET/submodule'
			Attached to volume: block
			Nb of children:       1

				GATE object:        'systems/cylindricalPET/crystal'
				Attached to volume: optical
				Nb of children:       4

					GATE object:        'systems/cylindricalPET/layer0'
					Attached to volume: crystal
					Nb of children:       0

					GATE object:        'systems/cylindricalPET/layer1'
					Attached to volume: ---
					Nb of children:       0

					GATE object:        'systems/cylindricalPET/layer2'
					Attached to volume: ---
					Nb of children:       0

					GATE object:        'systems/cylindricalPET/layer3'
					Attached to volume: ---
					Nb of children:       0
geometrical design type: 1
ring diameter: -3.95 mm 
rsector axial pitch: 0 fm 
rsector azimuthal pitch: 12.8571 degree
rsector tangential size: 2.5 cm 
rsector axial size: 25.04 cm 
module axial size: 4.784 cm 
module tangential size: 2.5 cm 
module axial pitch: 0 fm 
module tangential pitch: 0 fm 
submodule axial size: 4.784 cm 
submodule tangential size: 2.5 cm 
submodule axial pitch: 0 fm 
submodule tangential pitch: 0 fm 
crystal radial size: 1.59 cm 
crystal axial size: 1.59 cm 
crystal tangential size: 2.5 cm 
crystal axial pitch: 0 fm 
crystal tangential pitch: 0 fm 
layer0 radial size: 3.95 mm 
in layer0 interaction length: 1.975 mm 
Axial nb of rsectors: 1
Azimuthal nb of rsectors: 28
Axial nb of modules: 1
Tangential nb of modules: 1
Axial nb of submodules: 1
Tangential nb of submodules: 1
Axial nb of crystals: 1
Tangential nb of crystals: 1
Radial nb of layers: 1
[Physic-0] The following Geant4's physic-list is enabled :emstandard_opt3


List of Enabled processes:




List of initialized processes:


[Core-0] Initialization of geometry
[Core-0] Initialization of physics
[Core-0] Initialization of actors
 <!> *** WARNING *** <!>  The 'energytype' option is DEPRECATED, use 'ene/type' instead!
 <!> *** WARNING *** <!>  The 'energytype' option is DEPRECATED, use 'ene/type' instead!
 <!> *** WARNING *** <!>  The 'energytype' option is DEPRECATED, use 'ene/type' instead!
 <!> *** WARNING *** <!>  The 'energytype' option is DEPRECATED, use 'ene/type' instead!
 <!> *** WARNING *** <!>  The 'energytype' option is DEPRECATED, use 'ene/type' instead!
 <!> *** WARNING *** <!>  The 'energytype' option is DEPRECATED, use 'ene/type' instead!
 <!> *** WARNING *** <!>  The 'energytype' option is DEPRECATED, use 'ene/type' instead!
 <!> *** WARNING *** <!>  The 'energytype' option is DEPRECATED, use 'ene/type' instead!
 <!> *** WARNING *** <!>  The 'energytype' option is DEPRECATED, use 'ene/type' instead!
[Acquisition-0]   
[Acquisition-0] ============= Source initialization =============
[Acquisition-0]   
[Acquisition-0] ============= Acquisition starts! =============
[Acquisition-0] Simulation start time = 0 sec
[Acquisition-0] Simulation end time   = 1 sec
[Acquisition-0] Simulation will have  = 1 run(s)
[Acquisition-0] Slice 0 from 0 to 1 s [slice=1 s]

### ===  Deexcitation model UAtomDeexcitation is activated for 25 regions:
          DefaultRegionForTheWorld  1  1  1
          cylindricalPET  1  1  1
          module  1  1  1
          unit  1  1  1
          block  1  1  1
          optical  1  1  1
          crystal  1  1  1
          capillaire1  1  1  1
          capillaire1_water  1  1  1
          capillaire2  1  1  1
          capillaire2_water  1  1  1
          capillaire3  1  1  1
          capillaire3_water  1  1  1
          capillaire4  1  1  1
          capillaire4_water  1  1  1
          capillaire5  1  1  1
          capillaire5_water  1  1  1
          capillaire_m1  1  1  1
          capillaire_m1_water  1  1  1
          capillaire_m2  1  1  1
          capillaire_m2_water  1  1  1
          capillaire_m3  1  1  1
          capillaire_m3_water  1  1  1
          capillaire_m4  1  1  1
          capillaire_m4_water  1  1  1
### ===  Ignore cuts flag:   0

phot:  for gamma applyCuts:1  SubType=12 BuildTable=0
      LambdaPrime table from 200 keV to 100 TeV in 174 bins 
      ===== EM models for the G4Region  DefaultRegionForTheWorld ======
 LivermorePhElectric : Emin=    0 eV  Emax=  100 TeV  SauterGavrila Fluo

compt:  for gamma applyCuts:1  SubType=13 BuildTable=1
      Lambda table from 10 eV  to 1 MeV, 20 bins/decade, spline: 1
      LambdaPrime table from 1 MeV to 100 TeV in 160 bins 
      ===== EM models for the G4Region  DefaultRegionForTheWorld ======
        KleinNishina : Emin=    0 eV  Emax=  100 TeV Fluo

conv:  for gamma applyCuts:1  SubType=14 BuildTable=1
      Lambda table from 1.022 MeV to 100 TeV, 20 bins/decade, spline: 1
      ===== EM models for the G4Region  DefaultRegionForTheWorld ======
     BetheHeitlerLPM : Emin=    0 eV  Emax=  100 TeV  ModifiedTsai

Rayl:  for gamma applyCuts:1  SubType=11 BuildTable=1
      Lambda table from 10 eV  to 100 keV, 20 bins/decade, spline: 0
      LambdaPrime table from 100 keV to 100 TeV in 180 bins 
      ===== EM models for the G4Region  DefaultRegionForTheWorld ======
   LivermoreRayleigh : Emin=    0 eV  Emax=  100 TeV  CullenGenerator

msc:  for e-  SubType= 10
      ===== EM models for the G4Region  DefaultRegionForTheWorld ======
            UrbanMsc : Emin=    0 eV  Emax=  100 TeV Nbins=240 100 eV  - 100 TeV
              StepLim=DistanceToBoundary Rfact=0.04 Gfact=2.5 Sfact=0.6 DispFlag:1 Skin=1 Llimit=1

eIoni:  for e-  SubType=2
      dE/dx and range tables from 10 eV  to 100 TeV in 260 bins
      Lambda tables from threshold to 100 TeV, 20 bins/decade, spline: 1
      StepFunction=(0.2, 0.1 mm), integ: 1, fluct: 1, linLossLim= 0.01
      ===== EM models for the G4Region  DefaultRegionForTheWorld ======
        MollerBhabha : Emin=    0 eV  Emax=  100 TeV  deltaVI

eBrem:  for e-  SubType=3
      dE/dx and range tables from 10 eV  to 100 TeV in 260 bins
      Lambda tables from threshold to 100 TeV, 20 bins/decade, spline: 1
      LPM flag: 1 for E > 1 GeV,  VertexHighEnergyTh(GeV)= 100000
      ===== EM models for the G4Region  DefaultRegionForTheWorld ======
             eBremSB : Emin=    0 eV  Emax=    1 GeV  AngularGen2BS
            eBremLPM : Emin=    1 GeV Emax=  100 TeV  AngularGen2BS

ePairProd:  for e-  SubType=4
      dE/dx and range tables from 10 eV  to 100 TeV in 260 bins
      Lambda tables from threshold to 100 TeV, 20 bins/decade, spline: 1
      Sampling table 25x1001; from 0.1 GeV to 100 TeV 
      ===== EM models for the G4Region  DefaultRegionForTheWorld ======
           ePairProd : Emin=    0 eV  Emax=  100 TeV  ModifiedMephi

msc:  for e+  SubType= 10
      ===== EM models for the G4Region  DefaultRegionForTheWorld ======
            UrbanMsc : Emin=    0 eV  Emax=  100 TeV Nbins=240 100 eV  - 100 TeV
              StepLim=DistanceToBoundary Rfact=0.04 Gfact=2.5 Sfact=0.6 DispFlag:1 Skin=1 Llimit=1

eIoni:  for e+  SubType=2
      dE/dx and range tables from 10 eV  to 100 TeV in 260 bins
      Lambda tables from threshold to 100 TeV, 20 bins/decade, spline: 1
      StepFunction=(0.2, 0.1 mm), integ: 1, fluct: 1, linLossLim= 0.01
      ===== EM models for the G4Region  DefaultRegionForTheWorld ======
        MollerBhabha : Emin=    0 eV  Emax=  100 TeV  deltaVI

eBrem:  for e+  SubType=3
      dE/dx and range tables from 10 eV  to 100 TeV in 260 bins
      Lambda tables from threshold to 100 TeV, 20 bins/decade, spline: 1
      LPM flag: 1 for E > 1 GeV,  VertexHighEnergyTh(GeV)= 100000
      ===== EM models for the G4Region  DefaultRegionForTheWorld ======
             eBremSB : Emin=    0 eV  Emax=    1 GeV  AngularGen2BS
            eBremLPM : Emin=    1 GeV Emax=  100 TeV  AngularGen2BS

ePairProd:  for e+  SubType=4
      dE/dx and range tables from 10 eV  to 100 TeV in 260 bins
      Lambda tables from threshold to 100 TeV, 20 bins/decade, spline: 1
      Sampling table 25x1001; from 0.1 GeV to 100 TeV 
      ===== EM models for the G4Region  DefaultRegionForTheWorld ======
           ePairProd : Emin=    0 eV  Emax=  100 TeV  ModifiedMephi

annihil:  for e+, integral:1  applyCuts:1  SubType=5 BuildTable=0
      ===== EM models for the G4Region  DefaultRegionForTheWorld ======
            eplus2gg : Emin=    0 eV  Emax=  100 TeV

msc:  for proton  SubType= 10
      ===== EM models for the G4Region  DefaultRegionForTheWorld ======
            UrbanMsc : Emin=    0 eV  Emax=  100 TeV Nbins=240 100 eV  - 100 TeV
              StepLim=Minimal Rfact=0.2 Gfact=2.5 Sfact=0.6 DispFlag:1 Skin=1 Llimit=1

hIoni:  for proton  SubType=2
      dE/dx and range tables from 10 eV  to 100 TeV in 260 bins
      Lambda tables from threshold to 100 TeV, 20 bins/decade, spline: 1
      StepFunction=(0.2, 0.05 mm), integ: 1, fluct: 1, linLossLim= 0.01
      ===== EM models for the G4Region  DefaultRegionForTheWorld ======
               Bragg : Emin=    0 eV  Emax=    2 MeV  deltaVI
          BetheBloch : Emin=    2 MeV Emax=  100 TeV  deltaVI

hBrems:  for proton  SubType=3
      dE/dx and range tables from 10 eV  to 100 TeV in 260 bins
      Lambda tables from threshold to 100 TeV, 20 bins/decade, spline: 1
      ===== EM models for the G4Region  DefaultRegionForTheWorld ======
               hBrem : Emin=    0 eV  Emax=  100 TeV  ModifiedMephi
      ===== Limit on energy threshold has been applied 

hPairProd:  for proton  SubType=4
      dE/dx and range tables from 10 eV  to 100 TeV in 260 bins
      Lambda tables from threshold to 100 TeV, 20 bins/decade, spline: 1
      Sampling table 17x1001; from 7.50618 GeV to 100 TeV 
      ===== EM models for the G4Region  DefaultRegionForTheWorld ======
           hPairProd : Emin=    0 eV  Emax=  100 TeV  ModifiedMephi

nuclearStopping:  for proton applyCuts:1  SubType=8 BuildTable=0
      ===== EM models for the G4Region  DefaultRegionForTheWorld ======
   ICRU49NucStopping : Emin=    0 eV  Emax=    1 MeV

msc:  for GenericIon  SubType= 10
      ===== EM models for the G4Region  DefaultRegionForTheWorld ======
            UrbanMsc : Emin=    0 eV  Emax=  100 TeV
              StepLim=Minimal Rfact=0.2 Gfact=2.5 Sfact=0.6 DispFlag:1 Skin=1 Llimit=1

ionIoni:  for GenericIon  SubType=2
      dE/dx and range tables from 10 eV  to 100 TeV in 260 bins
      Lambda tables from threshold to 100 TeV, 20 bins/decade, spline: 1
      StepFunction=(0.1, 0.02 mm), integ: 1, fluct: 1, linLossLim= 0.02
      ===== EM models for the G4Region  DefaultRegionForTheWorld ======
         ParamICRU73 : Emin=    0 eV  Emax=  100 TeV  deltaVI

nuclearStopping:  for GenericIon applyCuts:1  SubType=8 BuildTable=0
      ===== EM models for the G4Region  DefaultRegionForTheWorld ======
   ICRU49NucStopping : Emin=    0 eV  Emax=    1 MeV

msc:  for alpha  SubType= 10
      ===== EM models for the G4Region  DefaultRegionForTheWorld ======
            UrbanMsc : Emin=    0 eV  Emax=  100 TeV Nbins=240 100 eV  - 100 TeV
              StepLim=Minimal Rfact=0.2 Gfact=2.5 Sfact=0.6 DispFlag:1 Skin=1 Llimit=1

ionIoni:  for alpha  SubType=2
      dE/dx and range tables from 10 eV  to 100 TeV in 260 bins
      Lambda tables from threshold to 100 TeV, 20 bins/decade, spline: 1
      StepFunction=(0.1, 0.02 mm), integ: 1, fluct: 1, linLossLim= 0.02
      ===== EM models for the G4Region  DefaultRegionForTheWorld ======
            BraggIon : Emin=    0 eV  Emax=7.9452 MeV  deltaVI
          BetheBloch : Emin=7.9452 MeV Emax=  100 TeV  deltaVI

nuclearStopping:  for alpha applyCuts:1  SubType=8 BuildTable=0
      ===== EM models for the G4Region  DefaultRegionForTheWorld ======
   ICRU49NucStopping : Emin=    0 eV  Emax=    1 MeV

msc:  for anti_proton  SubType= 10
      ===== EM models for the G4Region  DefaultRegionForTheWorld ======
            UrbanMsc : Emin=    0 eV  Emax=  100 TeV Nbins=240 100 eV  - 100 TeV
              StepLim=Minimal Rfact=0.2 Gfact=2.5 Sfact=0.6 DispFlag:1 Skin=1 Llimit=1

hIoni:  for anti_proton  SubType=2
      dE/dx and range tables from 10 eV  to 100 TeV in 260 bins
      Lambda tables from threshold to 100 TeV, 20 bins/decade, spline: 1
      StepFunction=(0.2, 0.05 mm), integ: 1, fluct: 1, linLossLim= 0.01
      ===== EM models for the G4Region  DefaultRegionForTheWorld ======
            ICRU73QO : Emin=    0 eV  Emax=    2 MeV  deltaVI
          BetheBloch : Emin=    2 MeV Emax=  100 TeV  deltaVI

hBrems:  for anti_proton  SubType=3
      dE/dx and range tables from 10 eV  to 100 TeV in 260 bins
      Lambda tables from threshold to 100 TeV, 20 bins/decade, spline: 1
      ===== EM models for the G4Region  DefaultRegionForTheWorld ======
               hBrem : Emin=    0 eV  Emax=  100 TeV  ModifiedMephi
      ===== Limit on energy threshold has been applied 

hPairProd:  for anti_proton  SubType=4
      dE/dx and range tables from 10 eV  to 100 TeV in 260 bins
      Lambda tables from threshold to 100 TeV, 20 bins/decade, spline: 1
      Sampling table 17x1001; from 7.50618 GeV to 100 TeV 
      ===== EM models for the G4Region  DefaultRegionForTheWorld ======
           hPairProd : Emin=    0 eV  Emax=  100 TeV  ModifiedMephi

msc:  for kaon+  SubType= 10
      ===== EM models for the G4Region  DefaultRegionForTheWorld ======
            UrbanMsc : Emin=    0 eV  Emax=  100 TeV Nbins=240 100 eV  - 100 TeV
              StepLim=Minimal Rfact=0.2 Gfact=2.5 Sfact=0.6 DispFlag:1 Skin=1 Llimit=1

hIoni:  for kaon+  SubType=2
      dE/dx and range tables from 10 eV  to 100 TeV in 260 bins
      Lambda tables from threshold to 100 TeV, 20 bins/decade, spline: 1
      StepFunction=(0.2, 0.05 mm), integ: 1, fluct: 1, linLossLim= 0.01
      ===== EM models for the G4Region  DefaultRegionForTheWorld ======
               Bragg : Emin=    0 eV  Emax=1.05231 MeV  deltaVI
          BetheBloch : Emin=1.05231 MeV Emax=  100 TeV  deltaVI

hBrems:  for kaon+  SubType=3
      dE/dx and range tables from 10 eV  to 100 TeV in 260 bins
      Lambda tables from threshold to 100 TeV, 20 bins/decade, spline: 1
      ===== EM models for the G4Region  DefaultRegionForTheWorld ======
               hBrem : Emin=    0 eV  Emax=  100 TeV  ModifiedMephi
      ===== Limit on energy threshold has been applied 

hPairProd:  for kaon+  SubType=4
      dE/dx and range tables from 10 eV  to 100 TeV in 260 bins
      Lambda tables from threshold to 100 TeV, 20 bins/decade, spline: 1
      Sampling table 18x1001; from 3.94942 GeV to 100 TeV 
      ===== EM models for the G4Region  DefaultRegionForTheWorld ======
           hPairProd : Emin=    0 eV  Emax=  100 TeV  ModifiedMephi

msc:  for kaon-  SubType= 10
      ===== EM models for the G4Region  DefaultRegionForTheWorld ======
            UrbanMsc : Emin=    0 eV  Emax=  100 TeV Nbins=240 100 eV  - 100 TeV
              StepLim=Minimal Rfact=0.2 Gfact=2.5 Sfact=0.6 DispFlag:1 Skin=1 Llimit=1

hIoni:  for kaon-  SubType=2
      dE/dx and range tables from 10 eV  to 100 TeV in 260 bins
      Lambda tables from threshold to 100 TeV, 20 bins/decade, spline: 1
      StepFunction=(0.2, 0.05 mm), integ: 1, fluct: 1, linLossLim= 0.01
      ===== EM models for the G4Region  DefaultRegionForTheWorld ======
            ICRU73QO : Emin=    0 eV  Emax=1.05231 MeV  deltaVI
          BetheBloch : Emin=1.05231 MeV Emax=  100 TeV  deltaVI

hBrems:  for kaon-  SubType=3
      dE/dx and range tables from 10 eV  to 100 TeV in 260 bins
      Lambda tables from threshold to 100 TeV, 20 bins/decade, spline: 1
      ===== EM models for the G4Region  DefaultRegionForTheWorld ======
               hBrem : Emin=    0 eV  Emax=  100 TeV  ModifiedMephi
      ===== Limit on energy threshold has been applied 

hPairProd:  for kaon-  SubType=4
      dE/dx and range tables from 10 eV  to 100 TeV in 260 bins
      Lambda tables from threshold to 100 TeV, 20 bins/decade, spline: 1
      Sampling table 18x1001; from 3.94942 GeV to 100 TeV 
      ===== EM models for the G4Region  DefaultRegionForTheWorld ======
           hPairProd : Emin=    0 eV  Emax=  100 TeV  ModifiedMephi

msc:  for mu+  SubType= 10
      ===== EM models for the G4Region  DefaultRegionForTheWorld ======
            UrbanMsc : Emin=    0 eV  Emax=  100 TeV Nbins=240 100 eV  - 100 TeV
              StepLim=Minimal Rfact=0.2 Gfact=2.5 Sfact=0.6 DispFlag:1 Skin=1 Llimit=1

muIoni:  for mu+  SubType=2
      dE/dx and range tables from 10 eV  to 100 TeV in 260 bins
      Lambda tables from threshold to 100 TeV, 20 bins/decade, spline: 1
      StepFunction=(0.2, 0.05 mm), integ: 1, fluct: 1, linLossLim= 0.01
      ===== EM models for the G4Region  DefaultRegionForTheWorld ======
               Bragg : Emin=    0 eV  Emax=  200 keV  deltaVI
          BetheBloch : Emin=  200 keV Emax=    1 GeV  deltaVI
        MuBetheBloch : Emin=    1 GeV Emax=  100 TeV

muBrems:  for mu+  SubType=3
      dE/dx and range tables from 10 eV  to 100 TeV in 260 bins
      Lambda tables from threshold to 100 TeV, 20 bins/decade, spline: 1
      ===== EM models for the G4Region  DefaultRegionForTheWorld ======
              MuBrem : Emin=    0 eV  Emax=  100 TeV  ModifiedMephi
      ===== Limit on energy threshold has been applied 

muPairProd:  for mu+  SubType=4
      dE/dx and range tables from 10 eV  to 100 TeV in 260 bins
      Lambda tables from threshold to 100 TeV, 20 bins/decade, spline: 1
      Sampling table 21x1001; from 1 GeV to 100 TeV 
      ===== EM models for the G4Region  DefaultRegionForTheWorld ======
          muPairProd : Emin=    0 eV  Emax=  100 TeV  ModifiedMephi

msc:  for mu-  SubType= 10
      ===== EM models for the G4Region  DefaultRegionForTheWorld ======
            UrbanMsc : Emin=    0 eV  Emax=  100 TeV Nbins=240 100 eV  - 100 TeV
              StepLim=Minimal Rfact=0.2 Gfact=2.5 Sfact=0.6 DispFlag:1 Skin=1 Llimit=1

muIoni:  for mu-  SubType=2
      dE/dx and range tables from 10 eV  to 100 TeV in 260 bins
      Lambda tables from threshold to 100 TeV, 20 bins/decade, spline: 1
      StepFunction=(0.2, 0.05 mm), integ: 1, fluct: 1, linLossLim= 0.01
      ===== EM models for the G4Region  DefaultRegionForTheWorld ======
            ICRU73QO : Emin=    0 eV  Emax=  200 keV  deltaVI
          BetheBloch : Emin=  200 keV Emax=    1 GeV  deltaVI
        MuBetheBloch : Emin=    1 GeV Emax=  100 TeV

muBrems:  for mu-  SubType=3
      dE/dx and range tables from 10 eV  to 100 TeV in 260 bins
      Lambda tables from threshold to 100 TeV, 20 bins/decade, spline: 1
      ===== EM models for the G4Region  DefaultRegionForTheWorld ======
              MuBrem : Emin=    0 eV  Emax=  100 TeV  ModifiedMephi
      ===== Limit on energy threshold has been applied 

muPairProd:  for mu-  SubType=4
      dE/dx and range tables from 10 eV  to 100 TeV in 260 bins
      Lambda tables from threshold to 100 TeV, 20 bins/decade, spline: 1
      Sampling table 21x1001; from 1 GeV to 100 TeV 
      ===== EM models for the G4Region  DefaultRegionForTheWorld ======
          muPairProd : Emin=    0 eV  Emax=  100 TeV  ModifiedMephi

msc:  for pi+  SubType= 10
      ===== EM models for the G4Region  DefaultRegionForTheWorld ======
            UrbanMsc : Emin=    0 eV  Emax=  100 TeV Nbins=240 100 eV  - 100 TeV
              StepLim=Minimal Rfact=0.2 Gfact=2.5 Sfact=0.6 DispFlag:1 Skin=1 Llimit=1

hIoni:  for pi+  SubType=2
      dE/dx and range tables from 10 eV  to 100 TeV in 260 bins
      Lambda tables from threshold to 100 TeV, 20 bins/decade, spline: 1
      StepFunction=(0.2, 0.05 mm), integ: 1, fluct: 1, linLossLim= 0.01
      ===== EM models for the G4Region  DefaultRegionForTheWorld ======
               Bragg : Emin=    0 eV  Emax=297.505 keV  deltaVI
          BetheBloch : Emin=297.505 keV Emax=  100 TeV  deltaVI

hBrems:  for pi+  SubType=3
      dE/dx and range tables from 10 eV  to 100 TeV in 260 bins
      Lambda tables from threshold to 100 TeV, 20 bins/decade, spline: 1
      ===== EM models for the G4Region  DefaultRegionForTheWorld ======
               hBrem : Emin=    0 eV  Emax=  100 TeV  ModifiedMephi
      ===== Limit on energy threshold has been applied 

hPairProd:  for pi+  SubType=4
      dE/dx and range tables from 10 eV  to 100 TeV in 260 bins
      Lambda tables from threshold to 100 TeV, 20 bins/decade, spline: 1
      Sampling table 20x1001; from 1.11656 GeV to 100 TeV 
      ===== EM models for the G4Region  DefaultRegionForTheWorld ======
           hPairProd : Emin=    0 eV  Emax=  100 TeV  ModifiedMephi

msc:  for pi-  SubType= 10
      ===== EM models for the G4Region  DefaultRegionForTheWorld ======
            UrbanMsc : Emin=    0 eV  Emax=  100 TeV Nbins=240 100 eV  - 100 TeV
              StepLim=Minimal Rfact=0.2 Gfact=2.5 Sfact=0.6 DispFlag:1 Skin=1 Llimit=1

hIoni:  for pi-  SubType=2
      dE/dx and range tables from 10 eV  to 100 TeV in 260 bins
      Lambda tables from threshold to 100 TeV, 20 bins/decade, spline: 1
      StepFunction=(0.2, 0.05 mm), integ: 1, fluct: 1, linLossLim= 0.01
      ===== EM models for the G4Region  DefaultRegionForTheWorld ======
            ICRU73QO : Emin=    0 eV  Emax=297.505 keV  deltaVI
          BetheBloch : Emin=297.505 keV Emax=  100 TeV  deltaVI

hBrems:  for pi-  SubType=3
      dE/dx and range tables from 10 eV  to 100 TeV in 260 bins
      Lambda tables from threshold to 100 TeV, 20 bins/decade, spline: 1
      ===== EM models for the G4Region  DefaultRegionForTheWorld ======
               hBrem : Emin=    0 eV  Emax=  100 TeV  ModifiedMephi
      ===== Limit on energy threshold has been applied 

hPairProd:  for pi-  SubType=4
      dE/dx and range tables from 10 eV  to 100 TeV in 260 bins
      Lambda tables from threshold to 100 TeV, 20 bins/decade, spline: 1
      Sampling table 20x1001; from 1.11656 GeV to 100 TeV 
      ===== EM models for the G4Region  DefaultRegionForTheWorld ======
           hPairProd : Emin=    0 eV  Emax=  100 TeV  ModifiedMephi
G4VisManager: Using G4TrajectoryDrawByCharge as fallback trajectory model.
See commands in /vis/modeling/trajectories/ for other options.

### ===  Deexcitation model UAtomDeexcitation is activated for 25 regions:
          DefaultRegionForTheWorld  1  1  1
          cylindricalPET  1  1  1
          module  1  1  1
          unit  1  1  1
          block  1  1  1
          optical  1  1  1
          crystal  1  1  1
          capillaire1  1  1  1
          capillaire1_water  1  1  1
          capillaire2  1  1  1
          capillaire2_water  1  1  1
          capillaire3  1  1  1
          capillaire3_water  1  1  1
          capillaire4  1  1  1
          capillaire4_water  1  1  1
          capillaire5  1  1  1
          capillaire5_water  1  1  1
          capillaire_m1  1  1  1
          capillaire_m1_water  1  1  1
          capillaire_m2  1  1  1
          capillaire_m2_water  1  1  1
          capillaire_m3  1  1  1
          capillaire_m3_water  1  1  1
          capillaire_m4  1  1  1
          capillaire_m4_water  1  1  1
### ===  Ignore cuts flag:   0
(247.919,194.502,-56.1809)
(297.82,176.694,28.3455)
(-308.956,82.3283,38.7235)
(-165.037,82.3101,103.566)
(256.441,-195.004,-86.9282)
(120.317,-176.732,-104.347)
(262.916,-206.266,-85.842)
(260.864,-229.583,21.2863)
(-292.982,130.939,-7.12554)
(-272.407,85.5704,-30.022)
(257.011,-206.703,12.0757)
(335.851,-146.455,-19.8688)
(326.37,15.5761,-27.2612)
(325.169,8.09055,18.1823)
(334.805,20.0116,-22.4995)
(266.538,51.7529,-100.064)
(336.433,23.4546,-29.3809)
(267.789,-39.8746,-73.9097)
(-315.721,-31.2675,51.6578)
(-408.876,-79.0281,2.93676)
(-314.739,5.27342,61.8715)
(-429.555,8.60875,139.242)
(-316.16,6.14823,64.343)
(-410.274,23.5465,-6.02701)
(315.904,-5.0935,-60.7357)
(253.645,54.8183,-145.128)
(256.465,178.937,-30.5579)
(248.373,174.974,-38.5238)
(-126.565,-289.701,52.0371)
(-88.2446,-267.91,57.1722)
(-319.674,-45.567,49.5255)
(-298.947,-39.3756,8.64313)
(298.356,114.528,-118.624)
(197.73,19.7444,-126.147)
(277.522,-145.604,121.073)
(337.718,-99.1117,94.9894)
(-143.798,-280.006,49.0471)
(-228.472,-307.313,63.5591)
(274.142,191.7,50.8851)
(284.767,119.12,68.1357)
(-191.462,-267.156,-70.1582)
(-235.172,-290.407,-118.342)
(-296.216,109.677,10.6547)
(-238.803,109.751,73.6809)
(-311.868,38.3533,20.2424)
(-340.993,60.7568,-45.8334)
(-316.495,40.9313,16.9327)
(-397.013,18.4613,-39.214)
(318.645,-66.2731,-32.9195)
(391.456,-66.3789,-39.4688)
(319.11,-21.0894,52.5943)
(243.488,49.0246,131.833)
(325.653,-28.3171,56.9751)
(321.948,6.66951,-46.4348)
(-324.953,8.59254,-19.9892)
(-287.637,34.0277,-41.9523)
(-250.701,-201.012,1.69196)
(-287.698,-300.31,24.3302)
(-251.153,-202.286,2.80558)
(-280.767,-189.593,80.6848)
(156.992,279.393,2.15718)
(271.636,336.248,-22.9689)
(95.9926,311.175,26.8132)
(147.584,302.866,-75.5092)
(104.674,318.535,20.929)
(80.523,299.252,54.9895)
(-74.5374,-304.214,-30.0773)
(-98.0922,-386.578,-98.6677)
(-316.597,-78.6257,-8.07481)
(-283.646,-34.262,-0.535246)
(264.839,180.024,16.1038)
(273.468,153.617,-63.2921)
(-103.868,316.288,121.109)
(-20.9402,334.725,92.0284)
(84.1469,305.444,96.0276)
(86.0558,401.253,46.9814)
(-241.434,-207.17,-65.5335)
(-306.243,-13.3613,33.6924)
(277.977,158.564,-14.2259)
(371.42,296.431,-49.4894)
(-240.798,-201.632,21.1602)
(-189.226,-157.022,87.143)
(-265.505,190.461,111.347)
(-173.403,138.454,168.112)
(319.271,20.7361,123.26)
(288.439,67.412,184.787)
(213.274,232.135,-69.987)
(285.485,174.75,-155.665)
(292.106,112.194,-85.8032)
(325.202,129.093,-22.2387)
(292.958,113.141,-88.3997)
(279.479,86.7482,-65.2218)
(296.922,111.112,3.61628)
(274.421,102.898,-0.57774)
(296.252,111.65,4.05526)
(257.218,61.6977,52.2319)
(-272.672,-181.105,-11.089)
(-226.665,-118.031,68.4585)
(-293.137,131.511,-73.6189)
(-202.19,117.748,-55.0036)
(-287.728,130.386,-84.4706)
(-197.532,171.289,-67.8102)
(-89.5487,309.453,34.0592)
(-82.234,340.709,-1.28309)
(-92.4732,311.828,37.3967)
(-51.8836,329.728,11.7245)
(212.688,-243.805,-29.7154)
(171.878,-79.5709,8.43807)
(209.859,-248.741,-21.1237)
(188.413,-169.525,44.5993)
(-215.788,228.702,48.9544)
(-164.578,326.863,29.6366)
(-214.301,229.289,47.8547)
(-238.937,304.543,25.6536)
(-13.4547,331.407,-111.426)
(43.144,332.013,-113.464)
(-124.682,295.8,-72.1398)
(56.1736,323.14,-4.61336)
(274.665,-149.815,36.5304)
(228.96,-106.172,38.8655)
(30.996,-336.774,-74.1537)
(110.655,-348.757,-65.4274)
(163.702,-287.105,122.4)
(109.614,-340.574,43.5079)
(-261.227,175.845,77.7587)
(-345.423,180.784,140.364)
(-265.18,186.845,83.8503)
(-193.134,154.795,48.4576)
(-262.838,189.877,85.7239)
(-209.154,193.136,132.846)
(-56.5548,331.748,51.7328)
(-58.9551,282.791,-54.0983)
(-103.633,-320.721,-50.6083)
(-230.806,-407.976,-114.33)
(278.766,-149.735,-99.023)
(279.223,-153.476,-141.514)
(-313.504,61.5749,42.3339)
(-330.718,200.711,6.79906)
(-319.241,59.402,41.4851)
(-402.566,78.9052,14.9895)
(-317.211,58.5492,42.9037)
(-307.362,46.2534,23.1342)
(-315.12,-2.4308,-73.903)
(-371.724,-46.5664,-127.918)
(-323.836,-31.3286,-77.957)
(-323.743,12.0313,-90.4083)
(318.578,5.02391,119.429)
(291.419,87.4558,122.949)
(11.1245,323.48,13.2941)
(-40.9226,289.828,-9.39029)
(10.5636,323.102,13.841)
(-79.0718,354.836,29.6102)
(-159.289,-280.518,-9.09411)
(-152.015,-310.725,-58.7114)
(-311.533,114.606,29.9383)
(-325.917,105.727,31.7691)
(208.818,-234.045,-57.6983)
(231.991,-230.484,-72.2339)
(-263.608,174.411,22.4028)
(-255.811,25.0443,61.7072)
(301.163,-111.841,-14.7507)
(358.298,-129.458,-7.64325)
(296.165,-110.917,-19.1176)
(318.594,-71.9726,15.669)
(169.066,-277.707,110.465)
(260.576,-273.078,130.714)
(322.191,14.7491,119.039)
(295.705,22.4639,157.442)
(-167.184,276.995,-101.046)
(-121.806,294.107,-159.237)
(-164.154,267.023,-121.472)
(-126.465,202.603,-129.265)
(-278.463,-157.685,-19.2848)
(-163.348,-151.131,-101.104)
(216.304,234.203,29.7728)
(189.23,192.015,-2.22884)
(255.74,-189.454,-122.122)
(203.928,-229.114,-191.888)
(-304.403,79.053,52.9808)
(-311.341,56.1503,199.268)
(-306.706,82.7758,77.4451)
(-342.484,-4.7469,42.0222)
(-307.613,80.2175,73.5746)
(-359.578,109.983,98.2069)
(277.129,-162.297,85.2534)
(317.769,-125.088,49.9425)
(279.173,-155.46,86.8399)
(371.841,-139.309,212.316)
(53.9854,-328.993,-116.241)
(0.751444,-305.849,-69.558)
(4.74347,330.842,-104.865)
(48.3623,344.102,-167.228)
(3.15941,326.541,-109.615)
(-39.7292,338.975,-197.827)
(2.21633,329.821,-107.337)
(54.7006,353.857,-48.4732)
(144.775,-281.528,97.2015)
(202.014,-309.991,22.1091)
(144.746,-282.734,99.0532)
(62.2788,-239.275,191.476)
(-133.006,291.893,98.7277)
(-148.774,223.689,236.817)
(-133.529,291.711,97.8948)
(-149.406,294.891,77.9043)
(-19.9137,-328.278,-110.347)
(78.9112,-345.961,-226.263)
(0.982351,-335.599,-116.277)
(84.0292,-352.526,-143.678)
(243.998,-206.508,-3.78302)
(190.648,-195.784,142.531)
(254.449,-205.002,0.142623)
(319.483,-194.503,-19.1295)
(-156.222,-274.084,-86.9228)
(-211.913,-200.535,-122.266)
(-153.04,-274.182,-88.5589)
(-251.912,-252.802,-52.666)
(8.4542,316.661,100.691)
(-68.7892,317.235,113.799)
(44.5746,326.575,23.6579)
(40.7879,269.007,53.2335)
(-136.548,-299.165,-20.2906)
(-68.6138,-320.085,-31.1002)
(-144.144,-303.063,-19.0572)
(-142.195,-243.324,-2.03337)
(-312.698,-29.6456,119.221)
(-406.686,-20.7771,172.8)
(-315.859,-25.9577,121.769)
(-390.151,-139.707,162.536)
(312.422,56.9109,-93.1718)
(259.427,12.1479,-131.068)
(-315.613,-4.17491,112.052)
(-386.479,-9.41975,165.044)
(232.384,216.736,-36.8585)
(303.462,238.729,-192.989)
(-210.289,249.823,-58.3112)
(-207.29,218.073,-156.486)
(278.839,-142.583,-80.8988)
(370.023,-108.897,44.9582)
(-255.312,190.221,107.757)
(-236.998,58.4216,71.6225)
(-269.345,187.195,106.005)
(-238.453,211.987,125.058)
(-275.929,184.126,101.881)
(-345.09,132.828,83.3338)
(314.023,1.67186,-50.3741)
(222.204,10.6195,-67.7559)
(-238.924,214.028,-57.3518)
(-309.65,253.374,-122.196)
(-238.505,214.934,-58.6854)
(-255.124,164.216,-104.517)
(292.707,-142.452,38.21)
(269.597,-39.2025,-23.4996)
(290.096,-154.899,46.0373)
(288.382,-240.953,140.002)
(-164.089,-273.834,-21.3356)
(-28.4891,-306.721,-57.7131)
(-162.99,-275.409,-20.3102)
(-223.917,-210.479,-99.7917)
(-159.158,-291.16,-15.4852)
(-191.947,-187.394,-69.3727)
(-156.434,-293.809,-14.5643)
(-56.3451,-263.877,-48.4973)
(126.539,296.118,87.5749)
(141.767,278.771,135.301)
(127.139,295.514,88.1248)
(192.744,271.088,14.5548)
(90.6443,-309.14,-91.1178)
(69.6812,-273.535,-110.926)
(83.9683,-310.105,-94.2365)
(49.6279,-265.78,-80.3029)
(292.743,-121.665,-18.0172)
(277.272,-179.206,-35.8623)
(297.214,-132.245,-22.1068)
(172.397,-58.9966,-21.2784)
(-186.495,261.541,35.8499)
(-63.7456,362.289,-14.7566)
(-67.4473,-309.445,-46.5751)
(-33.1975,-360.826,-1.23337)
(-29.5094,334.019,47.6837)
(13.462,396.498,44.941)
(-242.815,202.672,-114.079)
(-338.141,223.878,-162.021)
(312.625,-42.002,-100.349)
(284.48,-34.0648,-98.882)
(-307.022,-101.519,-96.6841)
(-273.118,-159.524,-78.3905)
(-254.525,-182.59,107.414)
(-323.469,-144.112,48.0614)
(161.985,-268.212,64.7029)
(105.5,-312.206,50.1865)
(178.166,-272.915,66.4311)
(134.1,-213.998,24.3755)
(186.029,-272.592,72.9585)
(216.72,-233.484,177.095)
(185.162,-270.79,70.6574)
(262.471,-262.483,-13.1823)
(162.123,268.936,48.6601)
(116.512,269.262,38.1407)
(176.938,270.653,70.8552)
(212.118,307.868,91.0644)
(-264.788,-205.67,-34.134)
(-370.289,-263.432,-42.6936)
(-262.925,-204.607,-34.9003)
(-289.11,-189.617,32.0873)
(313.353,48.1164,12.1681)
(369.908,45.1085,25.899)
(-324.509,-69.4434,-19.8867)
(-306.941,-104.226,-63.4726)
(-156.299,-273.151,87.245)
(-171.207,-296.591,125.333)
(-71.6682,-307.501,-16.3547)
(-20.0644,-333.784,3.97429)
(309.535,68.8364,16.4109)
(283.67,195.014,59.3084)
(313.868,67.1922,14.9513)
(328.532,29.1964,52.8009)
(-284.816,-135.551,-27.5892)
(-306.772,-151.575,-99.9189)
(297.699,-119.458,-16.7888)
(277.809,-49.8415,-21.8175)
(297.355,-121.167,-14.9916)
(328.778,-51.9019,-82.0732)
(-238.385,221.031,30.2482)
(-310.407,214.537,53.3526)
(-79.9001,321.241,-111.207)
(-158.316,242.156,-95.4638)
(126.06,-291.205,-33.357)
(153.833,-308.327,-37.1999)
(131.934,-288.59,-47.8964)
(75.4011,-349.02,-146.875)
(133.204,-287.762,-49.266)
(77.0225,-308.209,-149.736)
(147.493,276.255,48.2988)
(229.805,250.077,-51.4447)
(143.195,291.258,-115.423)
(104.412,323.816,-74.2819)
(143.181,290.285,-114.342)
(160.253,337.365,-175.291)
(-231.994,219.252,118.428)
(-292.162,192.192,104.965)
(-229.04,216.713,120.454)
(-98.516,187.18,17.2139)
(305.577,-93.77,-77.4941)
(343.482,-143.994,-97.3589)
(-305.071,100.622,84.2965)
(-340.965,111.069,101.743)
(-290.441,142.35,29.8709)
(-296.007,5.49888,32.747)
(-295.448,138.123,23.2988)
(-222.487,79.3901,125.613)
(257.173,-201.881,-27.8492)
(263.387,-201.455,-83.171)
(-288.078,-167.096,71.0753)
(-303.677,-293.949,24.7292)
(-241.471,-210.031,-59.7325)
(-294.929,-87.9271,-76.3878)
(19.7555,329.773,90.644)
(88.8838,396.141,21.1888)
(310.452,-103.286,-22.5889)
(400.304,47.0361,2.74514)
(314.761,-98.6479,-26.7689)
(247.843,-176.146,-4.87907)
(-320.009,62.4969,22.5296)
(-417.626,-77.1588,24.1893)
(-6.65147,-324.701,-10.6052)
(14.5353,-382.254,-12.6904)
(-243.697,-202.407,-85.7987)
(-106.319,-194.383,-30.5835)
(186.915,250.689,111.05)
(242.286,222.367,211.31)
(190.573,273.349,113.502)
(119.517,201.259,184.524)
(188.446,276.583,111.918)
(216.219,277.938,47.703)
(301.146,-110.653,-41.5244)
(326.454,-205.471,-38.7201)
(-303.863,80.4496,-99.114)
(-241.532,103.864,-120.857)
(311.125,-77.5285,91.257)
(337.643,-117.726,123.625)
(-99.1833,-298.81,-98.5663)
(-17.38,-415.734,-102.133)
(-98.5953,-299.864,-101.165)
(-31.8976,-254.36,-84.367)
(263.392,-185.406,-103.927)
(219.291,-282.449,-207.032)
(-229.04,-245.117,-88.5621)
(-222.731,-187.794,-160.312)
(250.033,-201.931,48.4908)
(218.42,-193.388,19.0457)
(-242.767,213.659,-55.9072)
(-221.214,155.317,-97.6261)
(-259.741,192.206,17.9516)
(-195.572,274.781,31.5437)
(-151.141,276.047,27.5589)
(-138.856,273.344,-72.5478)
(70.5262,-326.218,-28.917)
(92.1896,-338.419,24.5179)
(307.387,56.5774,63.9641)
(257.235,45.761,-26.9026)
(308.972,53.5005,70.0493)
(382.707,65.1831,140.481)
(-323.85,-23.9137,-29.1772)
(-298.898,-4.28648,39.009)
(-151.359,279.709,-116.273)
(-107.671,242.037,-180.03)
(-150.812,284.255,-113.915)
(-150.434,240.665,-187.4)
(-318.709,-54.0857,-114.857)
(-370.284,-90.2721,-198.088)
(242.997,197.819,102.146)
(360.116,176.997,99.4872)
(268.234,200.457,104.417)
(281.525,151.061,232.531)
(-209.684,-233.118,-7.01797)
(-262.45,-284.419,71.7933)
(-220.617,-254.28,-3.04275)
(-220.638,-271.164,-11.2487)
(143.53,283.35,12.3937)
(12.4571,250.558,-44.0213)
(200.771,-245.292,51.7511)
(449.191,-337.186,133.32)
(-336.235,19.8271,27.1578)
(-298.558,13.4918,-25.3941)
(-257.127,-207.39,-4.45748)
(-156.709,-186.525,118.893)
(199.236,248.425,10.0294)
(245.183,244.962,-11.7532)
(275.973,-186.998,-14.3079)
(306.558,-240.474,3.36179)
(-148.347,291.299,27.8381)
(-146.826,349.477,35.4687)
(311.752,42.1981,61.443)
(280.159,36.8509,60.9192)
(316.548,30.3905,57.5789)
(243.665,-52.3999,58.6789)
(320.453,27.8444,55.2992)
(323.13,38.881,37.8231)
(-327.272,-22.6812,-31.2534)
(-229.577,54.5396,-90.1974)
(217.947,242.407,70.8326)
(260.995,230.657,95.4392)
(39.3485,-313.834,-87.459)
(44.4063,-325.215,-125.504)
(39.7079,-313.948,-89.585)
(48.7276,-305.238,-37.5217)
(137.15,305.295,-78.9145)
(132.215,383.22,-121.756)
(82.0471,-313.818,82.6263)
(63.2484,-280.076,33.6261)
(82.5618,-318.107,82.6838)
(103.838,-365.471,285.023)
(-273.726,157.39,102.854)
(-162.535,149.517,138.98)
(313.569,-7.28054,-53.9937)
(272.935,15.8391,-29.0296)
(316.814,-6.70443,-61.4329)
(396.575,-1.9115,-99.1598)
(-321.028,12.5004,92.2079)
(-367.925,-32.7496,134.296)
(-209.047,-233.286,42.0864)
(-188.411,-237.264,82.0113)
(311.01,-56.3466,103.297)
(368.651,41.7522,61.8234)
(314.209,5.62488,45.3151)
(309.429,32.293,-19.189)
(323.798,-2.26511,47.2422)
(360.751,-28.1092,139.526)
(-318.832,-10.2135,-82.638)
(-214.77,-21.6413,-103.185)
(152.943,-276.35,-13.1405)
(145.457,-325.453,72.9708)
(169.824,-280.613,-17.0979)
(223.424,-276.609,-66.9049)
(255.662,182.767,-36.8299)
(200.585,170.332,-115.062)
(255.448,183.864,-35.0454)
(121.15,210.28,-94.2837)
(-54.9804,-310.076,67.0071)
(-98.2251,-298.973,119.538)
(311.679,60.3101,-56.856)
(408.432,-39.8141,83.1757)
(325.72,61.2481,-61.5409)
(297.293,101.551,-77.9286)
(-113.817,-291.78,28.0222)
(-170.608,-322.974,69.2141)
(-78.1141,313.954,-74.4662)
(21.9053,331.706,-113.241)
(95.591,-305.216,67.8547)
(185.023,-272.786,119.052)
(-307.457,65.8088,84.8564)
(-393.245,54.8797,103.64)
(-327.122,57.7602,86.3918)
(-223.482,5.10588,106.057)
(-177.189,268.684,22.0032)
(-147.432,395.449,46.1831)
(-96.0107,-322.893,-26.9661)
(-51.8948,-284.354,-106.508)
(-191.528,-277.797,83.6377)
(-88.5729,-368.617,73.8189)
(-290.997,-146.992,106)
(-317.443,-52.4071,33.6256)
(233.357,-218.593,-32.1914)
(232.548,-181.099,-50.4677)
(233.675,-223.277,-30.9466)
(109.989,-224.414,-12.5895)
(-63.2626,306.223,48.8242)
(-136.127,269.228,104.341)
(-67.5601,319.562,56.3387)
(-71.9649,281.447,106.099)
(295.541,145.526,3.65413)
(266.975,194.309,6.72241)
(-297.027,-156.22,-0.956534)
(-264.804,-150.057,-15.3309)
(248.131,201.341,110.385)
(288.678,189.093,125.773)
(-253.931,189.754,7.0965)
(-247.264,241.105,-4.69844)
(28.8162,-317.259,-39.4391)
(39.7096,-273.38,47.7795)
(28.2349,-318.917,-36.3359)
(-39.5748,-405.649,27.2374)
(28.5528,-318.567,-36.2418)
(-67.2603,-340.017,-4.13212)
(-256.476,187.689,12.9202)
(-240.593,130.04,-53.6989)
(120.541,-296.548,-18.8531)
(143.064,-243.033,15.7476)
(-130.952,-287.39,-111.585)
(-90.8921,-219.567,-82.1252)
(283.756,152.528,59.7498)
(220.514,90.092,100.416)
(112.763,-295.92,109.171)
(132.393,-196.619,134.304)
(45.4534,311.793,-115.835)
(31.1954,267.988,-154.982)
(289.864,-155.153,-44.4187)
(200.205,-150.629,-30.8393)
(291.404,-158.889,-45.5965)
(209.636,-180.617,32.3867)
(-317.021,2.76145,-63.6877)
(-394.622,3.11275,-257.347)
(-316.492,-1.39712,-58.9654)
(-235.143,-64.4149,-65.8486)
(-140.997,-279.121,116.894)
(-106.073,-148.62,110.493)
(313.28,-88.4221,26.9482)
(249.136,-47.6889,103.585)
(314.861,-88.1939,27.6402)
(323.945,-167.127,-14.0216)
(299.628,-122.781,46.3165)
(464.042,-113.975,3.22819)
(307.911,-122.701,53.6211)
(281.265,-55.0063,132.114)
(-314.949,48.914,-16.4695)
(-267.956,-2.6081,0.442745)
(-283.351,-137.687,56.5292)
(-389.294,-86.4068,-17.2145)
(274.692,192.761,-80.4837)
(284.046,282.172,-62.5379)
(-76.7146,304.136,93.8877)
(-82.1142,416.821,12.9043)
(-80.5308,305.272,92.4341)
(68.7104,272.53,102.095)
(-83.0075,-303.47,-92.7229)
(-72.1512,-326.68,-92.3652)
(91.9357,304.948,-112.57)
(29.3074,318.102,-98.134)
(-73.1972,-308.158,114.468)
(-83.0424,-387.305,86.0897)
(-73.5079,-307.903,114.891)
(-76.5356,-350.443,164.14)
(-75.3053,303.691,49.3537)
(-116.261,236.657,85.7394)
(310.373,-72.325,-23.7385)
(349.447,-84.4982,-2.12543)
(327.607,-65.179,-26.8203)
(320.165,-30.2887,27.2542)
(-301.272,-83.9485,89.75)
(-343.767,-63.2745,181.779)
(-302.527,-93.2002,99.5279)
(-278.178,-88.5985,94.0523)
(-309.307,-86.4048,-103.05)
(-291.212,-85.1154,-108.559)
(-309.244,-85.7052,-105.303)
(-396.666,-194.946,-120.973)
(296.008,-127.08,-86.411)
(253.785,-164.195,-86.8931)
(300.61,-121.482,-99.1238)
(356.843,-171.481,-97.4388)
(300.938,-124.849,-101.579)
(314.331,-118.085,-76.1603)
(317.66,-31.8668,98.3496)
(289.854,-2.8961,176.03)
(99.2259,-298.156,-16.2155)
(52.0637,-155.514,-32.7678)
(96.7139,-303.377,-16.4329)
(206.966,-340.375,-17.6644)
(86.7941,-313.108,-23.7303)
(136.806,-400.262,-22.9764)
(176.992,266.935,12.1174)
(102.591,298.923,4.78909)
(176.873,267.529,12.0831)
(255.747,263.908,-4.5181)
(313.932,-2.1925,-86.5082)
(298.844,-19.8127,-77.2471)
(159.73,-269.316,120.982)
(137.268,-246.633,193.212)
(159.536,-279.187,111.848)
(81.653,-289.302,49.6195)
(64.7532,-310.901,-123.334)
(31.1759,-411.618,-234.939)
(153.18,298.149,122.239)
(186.889,357.625,130.641)
(279.611,-185.477,-51.6606)
(235.179,-261.238,-77.3711)
(148.22,-283.917,11.2913)
(138.918,-377.135,45.9058)
(289.255,133.105,-38.0748)
(346.885,84.6945,-49.0034)
(-307.885,-81.9636,21.779)
(-298.816,14.3293,45.3355)
(-302.777,-84.1153,23.4898)
(-319.11,-130.683,64.983)
(-309.828,-87.879,26.9353)
(-276.729,-132.615,26.5588)
(-310.34,61.4924,-28.209)
(-343.396,-46.6311,52.1328)
(-322.573,82.4801,-7.66398)
(-346.885,43.0489,-52.1408)
(68.7451,305.6,-106.302)
(46.6407,342.571,-85.7266)
(67.4534,304.961,-103.476)
(89.0824,257.118,-120.771)
(-141.28,-283.786,-86.6473)
(-136.818,-289.231,-83.8716)
(-138.621,295.392,89.3674)
(-152.741,232.433,124.756)
(304.689,-95.0016,77.9716)
(303.52,-74.2543,75.3491)
(310.485,-102.891,80.2502)
(340.92,-110.05,-49.2617)
(-312.649,-48.911,21.7964)
(-367.666,31.9251,17.111)
(302.901,98.3521,-48.4998)
(289.61,17.1096,-41.5538)
(119.459,296.9,4.02886)
(66.7268,237.409,-63.144)
(-230.619,-223.476,-0.562537)
(-199.458,-189.144,52.506)
(238.565,-214.118,23.3483)
(200.007,-213.941,-51.5709)
(-322.493,19.356,65.2843)
(-419.88,11.4172,61.4369)
(319.837,-18.3743,-65.2488)
(322.617,-44.8619,-38.1253)
(322.065,-18.0397,-70.2577)
(228.878,-39.2383,-143.124)
(320.253,-26.88,54.7722)
(274.25,-75.3393,-72.6392)
(236.359,-204.717,100.958)
(278.325,-189.666,91.6811)
(248.635,-192.654,96.8238)
(342.109,-131.548,-21.6241)
(313.329,55.4568,116.578)
(331.135,127.453,82.2285)
(40.8931,320.134,51.9396)
(98.0376,368.788,44.3209)
(-251.485,-197.994,-32.1702)
(-245.997,-282.181,-80.9177)
(-250.442,-200.21,-34.0314)
(-182.135,-223.988,-43.1706)
(317.001,-28.0633,-114.726)
(306.26,-128.396,-126.048)
(306.804,-67.8713,7.88651)
(298.868,-106.724,43.8659)
(307.261,-81.2084,-1.2146)
(224.398,-53.4668,-54.6221)
(-319.371,42.2508,-2.90722)
(-358.268,-55.3313,16.8046)
(-319.625,27.8679,39.603)
(-324.19,-10.5135,101.561)
(314.771,-25.2317,-34.8073)
(275.729,-42.3613,3.73413)
(146.499,277.18,112.293)
(185.403,355.811,-0.187885)
(329.527,-18.3014,8.7505)
(376.754,15.6867,4.65874)
(-320.542,28.3844,-14.07)
(-245.762,-22.8773,119.608)
(-330.815,22.8795,-7.49894)
(-294.852,47.2121,-119.348)
(80.4989,307.106,92.3147)
(84.1704,262.953,-54.3409)
(85.2407,310.431,92.1866)
(157.705,331.513,201.522)
(268.105,-197.129,18.382)
(219.386,-276.468,8.89942)
(268.72,-197.992,18.748)
(334.442,-143.907,-77.9154)
(-173.657,265.042,-23.1297)
(-134.486,252.868,-87.0976)
(138.236,-294.009,71.343)
(132.282,-257.091,5.76963)
(-326.557,-47.0549,-64.9637)
(-357.797,-114.129,-73.9836)
(194.943,272.833,53.5525)
(196.842,223.218,36.3802)
(192.946,276.783,52.2491)
(264.817,297.055,-88.9922)
(126.412,292.863,33.1976)
(163.618,371.77,118.773)
(115.248,308.336,27.6821)
(109.549,375.744,-34.2144)
(248.627,-195.015,65.9371)
(186.539,-208.433,77.4967)
(247.646,-199.334,67.1709)
(264.065,-194.526,40.8206)
(-314.689,2.30689,115.975)
(-318.008,31.8669,106.219)
(324.736,-2.02387,-115.043)
(373.707,53.0422,-83.0264)
(112.345,307.256,21.211)
(129.844,343.223,153.674)
(-14.519,-321.617,-23.574)
(14.1056,-364.524,62.9662)
(-299.777,88.1557,-5.07886)
(-375.645,54.3081,-118.071)
(-303.621,85.1239,-6.99904)
(-267.133,66.2502,25.202)
(100.405,305.266,-77.7615)
(126.183,259.345,-79.6874)
(97.6622,307.575,-79.553)
(73.7763,296.018,-52.743)
(-45.7076,-319.181,-52.7572)
(-35.5265,-295.744,-50.5791)
(-29.4408,-324.637,-55.3789)
(-115.647,-314.501,-31.4901)
(-209.018,233.833,41.1794)
(-262.031,138.577,82.5255)
(172.12,262.967,-7.35428)
(170.22,230.81,-15.387)
(-71.7141,-313.399,-52.7938)
(-60.4788,-391.143,-70.2079)
(-65.4897,-317.603,-45.3706)
(4.65853,-336.241,-60.2843)
(-247.779,193.013,109.806)
(-193.772,172.728,64.4106)
(-134.606,293.874,81.6274)
(-89.0622,358.743,39.4178)
(270.598,-192.654,-55.9655)
(309.126,-173.549,-107.754)
(270.488,-195.435,-58.3679)
(293.665,-176.107,-67.0056)
(317.32,-4.34033,106.449)
(276.031,37.6335,72.678)
(-312.186,2.19173,-61.0958)
(-332.301,-33.7927,-88.056)
(-99.0761,300.479,69.343)
(-77.394,352.199,95.4586)
(-325.926,-15.9728,-123.943)
(-329.761,37.0097,-126.983)
(286.68,124.125,-104.089)
(310.449,113.82,-112.549)
(307.91,71.4883,-47.8288)
(383.141,91.0055,-124.672)
(-189.63,-249.45,-115.388)
(-300.419,-157.241,-95.0835)
(-290.041,-144.14,101.679)
(-274.538,-71.9596,71.3117)
(-292.686,-154.607,106.122)
(-423.294,-120.047,140.146)
(-319.695,-27.9684,-67.2259)
(-300.66,73.8891,-72.6271)
(-321.735,-29.2604,-69.0734)
(-364.325,-46.9621,-81.2715)
(-264.603,-189.552,-37.0363)
(-258.476,-245.827,-52.0393)
(310.444,101.346,19.1613)
(326.08,141.354,130.936)
(287.254,-138.049,65.9629)
(356.348,-73.9444,13.0344)
(-205.794,-238.052,99.4366)
(-160.143,-187.974,173.563)
(1.8761,-314.554,-15.5061)
(4.1668,-340.315,-33.3314)
(0.930982,-317.766,-12.3629)
(15.2327,-322.101,-85.9294)
(-153.221,281.614,10.637)
(-88.4326,253.817,125.373)
(-303.036,88.9975,73.8874)
(-307.532,56.8975,18.6165)
(-307.754,92.6342,88.5948)
(-317.71,140.434,65.4809)
(-282.587,-153.798,80.7299)
(-229.049,-136.576,175.411)
(223.35,231.54,-121.893)
(286.122,60.2583,-139.454)
(223.822,237.555,-120.423)
(184.76,152.969,-127.017)
(309.414,-125.634,-17.2694)
(365.707,-227.354,-90.2221)
(-207.817,258.102,31.5461)
(-296.106,280.172,-13.8636)
(-204.08,257.632,42.1112)
(-214.608,234.788,132.013)
(245.163,202.152,-101.543)
(355.473,220.645,-5.28495)
(143.639,287.369,36.2167)
(153.591,175.579,103.056)
(149.993,285.082,27.8602)
(187.75,284.564,39.0681)
(10.6706,-314.903,-40.6458)
(42.3928,-326.552,35.4244)
(116.479,-299.248,47.7037)
(112.043,-218.081,120.298)
(115.729,-298.853,52.8611)
(117.696,-280.033,87.9476)
(-23.7982,331.659,-53.0256)
(-92.846,334.681,-41.9959)
(-26.584,334.093,-52.5321)
(47.4579,428.742,-71.2005)
(282.09,-158.07,-44.36)
(320.816,-158.233,-51.2967)
(287.924,-151.545,-44.3644)
(263.095,-154.526,23.422)
(-311.556,124.21,35.4164)
(-371.992,111.801,-42.0471)
(227.037,242.499,-110.251)
(240.995,243.684,-186.424)
(263.707,171.001,-97.7446)
(298.814,126.584,-76.8262)
(319.97,18.2344,-62.4184)
(339.339,7.3307,-33.9696)
(-312.08,-24.1981,81.6917)
(-400.792,29.3756,77.9011)
(-311.627,-39.5494,87.1574)
(-331.967,-121.779,51.6446)
(-134.445,305.531,-110.627)
(-168.783,356.602,-154.595)
(-135.209,307.33,-109.195)
(-148.015,373.248,-113.51)
(-322.91,-41.4376,67.5638)
(-225.872,-57.4813,83.9124)
(137.506,-286.123,61.1709)
(132.878,-299.402,78.6904)
(111.083,-301.288,112.651)
(81.6362,-262.205,61.4139)
(-315.755,-79.9567,-49.5049)
(-298.654,-92.864,-75.7042)
(-213.941,232.155,93.2576)
(-179.801,195.55,102.692)
(-65.4336,312.365,-79.5343)
(-29.9413,263.692,-68.8842)
(258.911,-180.695,46.507)
(279.876,-244.074,90.3405)
(330.238,-16.9106,-102.78)
(353.569,56.3831,-76.0863)
(331.592,-22.4918,-102.619)
(285.099,-53.9149,-91.8465)
(-123.677,286.513,109.867)
(-119.532,411.532,157.961)
(-103.423,318.426,-36.9694)
(-144.993,387.352,-87.3718)
(-56.0862,-313.297,39.8033)
(-128.085,-327.748,60.9338)
(57.7352,-321.157,59.3042)
(156.758,-369.61,152.985)
(56.9078,-328.037,73.4649)
(104.673,-439.886,-44.3915)
(190.646,-262.416,-98.3792)
(220.683,-311.108,-122.039)
(-286.159,153.4,56.8912)
(-235.776,227.896,18.2714)
(-285.936,152.732,53.2647)
(-349.077,180.105,-45.5751)
(-290.473,-115.475,-84.0036)
(-393.53,-176.422,-110.909)
(-293.118,-118.672,-94.1531)
(-181.511,-106.916,-233.382)
(-293.549,-118.543,-93.3315)
(-358.519,-36.6632,-8.39673)
(-315.46,48.6623,38.4423)
(-381.543,2.75461,-125.335)
(-24.364,-319.939,-63.5448)
(85.9989,-296.173,-63.2887)
(-22.9759,-320.484,-70.457)
(-29.2262,-266.418,-130.261)
(43.8265,312.543,60.0711)
(-51.3212,379.472,100.646)
(146.559,-289.605,-63.1225)
(198.394,-345.587,-92.0543)
(132.664,-297.255,-77.8091)
(139.434,-355.724,-64.9738)
(-55.5897,318.436,70.006)
(0.0465067,292.061,25.8669)
(-54.7123,319.179,68.6524)
(11.0663,378.075,-1.33576)
(-314.282,95.3139,-32.2301)
(-267.64,137.489,-12.3343)
(319.009,-58.0333,19.2083)
(331.365,47.1468,31.1167)
(-237.971,204.307,67.9662)
(-249.049,195.831,70.656)
(14.1529,-324.13,-107.24)
(53.3764,-481.037,-127.868)
(20.1069,-313.125,11.687)
(-15.8953,-401.491,-81.9992)
(21.4716,-312.105,11.1645)
(43.9987,-279.844,84.5769)
(318.726,42.1349,-116.631)
(296.653,55.3371,-199.118)
(322.093,45.1852,-116.784)
(237.627,163.228,-88.7141)
(-292.677,-159.265,122.441)
(-354.128,-145.31,30.5494)
(-294.78,-145.372,-51.6515)
(-252.308,-213.944,8.82217)
(167.045,289.739,95.874)
(223.574,225.379,66.3963)
(-101.321,318.814,60.0977)
(-120.144,358.047,20.106)
(-290.184,-125.693,111.971)
(-291.147,-42.8478,-34.5917)
(-292.462,-128.174,111.906)
(-324.866,-152.903,105.36)
(-291.93,-136.598,100.868)
(-265.224,-156.228,177.963)
(-289.991,-140.126,100.188)
(-202.197,-215.783,-7.13983)
(291.118,-135.761,110.674)
(243.513,-163.959,53.5045)
(-305.373,73.4106,77.4054)
(-332.974,51.2301,61.449)
(-314.168,84.3409,73.9642)
(-464.311,181.47,130.528)
(299.249,-123.787,-125.157)
(368.864,-139.992,-194.954)
(-208.709,-234.757,-114.184)
(-187.724,-297.992,-142.475)
(255.054,186.442,87.9568)
(211.639,211.832,110.679)
(264.988,180.644,95.106)
(190.076,123.321,102.029)
(-241.494,-212.326,88.758)
(-268.207,-175.385,92.6687)
(314.611,-4.78391,121.355)
(350.166,-103.873,177.711)
(317.373,-8.429,118.959)
(292.242,-44.7244,36.134)
(-267.993,178.416,-83.1533)
(-268.051,247.333,-149.8)
(-273.53,166.465,-102.261)
(-262.915,154.228,-100.65)
(-306.996,92.7003,55.9071)
(-170.117,103.979,24.531)
(-307.54,91.3058,61.5297)
(-356.846,209.214,-19.7625)
(-307.571,90.5214,61.7252)
(-242.808,103.172,120.208)
(308.493,-129.418,-78.2602)
(320.26,-202.392,-108.766)
(-155.622,-271.54,-15.3499)
(-144.406,-208.51,-58.073)
(288.26,136.117,10.4863)
(236.251,138.236,10.5311)
(283.812,136.912,2.66165)
(345.386,17.7487,-89.5269)
(325.238,62.0697,31.8745)
(202.032,36.8508,23.6334)
(327.488,61.2291,33.4206)
(348.847,91.9892,65.6487)
(-311.853,-121.229,-60.1022)
(-260.344,-106.115,-49.6945)
(-135.494,-284.207,77.8546)
(-130.281,-369.804,136.644)
(-135.522,-291.217,74.0117)
(-161.201,-280.409,-6.18223)
(157.677,287.818,-78.1058)
(132.592,398.015,6.8372)
(154.315,297.491,-73.7938)
(186.136,317.329,-120.786)
0 events have been kept for refreshing and/or reviewing.
  "/vis/reviewKeptEvents" to review them one by one.
  "/vis/enable", then "/vis/viewer/flush" or "/vis/viewer/rebuild" to see them accumulated.
[Core-0] End of macro ./split/.Gate/main130/main7.mac
Graphics systems deleted.
Visualization Manager deleting...
