[G4] 
[G4] **************************************************************
[G4]  Geant4 version Name: geant4-10-07-patch-02    (11-June-2021)
[G4]                        Copyright : Geant4 Collaboration
[G4]                       References : NIM A 506 (2003), 250-303
[G4]                                  : IEEE-TNS 53 (2006), 270-278
[G4]                                  : NIM A 835 (2016), 186-225
[G4]                              WWW : http://geant4.org/
[G4] **************************************************************
[G4] 
[Core-0] Initialization of geometry
[Core-0] Initialization of physics
[Core-0] Initialization of actors
[Core-0] 
[Core-0] *************************************************
[Core-0]  GATE version 9.1 (2021)
[Core-0]  Copyright : OpenGATE Collaboration
[Core-0]  Reference : Phys. Med. Biol. 49 (2004) 4543-4561
[Core-0]  Reference : Phys. Med. Biol. 56 (2011) 881-901
[Core-0]  Reference : Med. Phys. 41(6)    (2014)
[Core-0]  http://www.opengatecollaboration.org        
[Core-0] *************************************************
[Core-0] 
[Core-0] You are using Geant4 version 10.7.2
[Core-0] Starting macro ./split/.Gate/main130/main10.mac
0: RINDEX
1.84e-06   1.00028
4.08e-06   1.00028
9: GROUPVEL
1.84e-06   299.709
4.08e-06   299.709
16: ABSLENGTH
1.84e-06   50000
4.08e-06   50000
 <!> *** WARNING *** <!>  GateMaterialDatabase: Multiple definition of element: Yttrium.
The definition in ClMind_GateMaterials.db was used.


GATE object:        'systems/cylindricalPET'
Components:

GATE object:        'systems/cylindricalPET/base'
Attached to volume: cylindricalPET
Nb of children:       1

	GATE object:        'systems/cylindricalPET/rsector'
	Attached to volume: module
	Nb of children:       1

		GATE object:        'systems/cylindricalPET/module'
		Attached to volume: unit
		Nb of children:       1

			GATE object:        'systems/cylindricalPET/submodule'
			Attached to volume: block
			Nb of children:       1

				GATE object:        'systems/cylindricalPET/crystal'
				Attached to volume: optical
				Nb of children:       4

					GATE object:        'systems/cylindricalPET/layer0'
					Attached to volume: crystal
					Nb of children:       0

					GATE object:        'systems/cylindricalPET/layer1'
					Attached to volume: ---
					Nb of children:       0

					GATE object:        'systems/cylindricalPET/layer2'
					Attached to volume: ---
					Nb of children:       0

					GATE object:        'systems/cylindricalPET/layer3'
					Attached to volume: ---
					Nb of children:       0
geometrical design type: 1
ring diameter: -3.95 mm 
rsector axial pitch: 0 fm 
rsector azimuthal pitch: 12.8571 degree
rsector tangential size: 2.5 cm 
rsector axial size: 25.04 cm 
module axial size: 4.784 cm 
module tangential size: 2.5 cm 
module axial pitch: 0 fm 
module tangential pitch: 0 fm 
submodule axial size: 4.784 cm 
submodule tangential size: 2.5 cm 
submodule axial pitch: 0 fm 
submodule tangential pitch: 0 fm 
crystal radial size: 1.59 cm 
crystal axial size: 1.59 cm 
crystal tangential size: 2.5 cm 
crystal axial pitch: 0 fm 
crystal tangential pitch: 0 fm 
layer0 radial size: 3.95 mm 
in layer0 interaction length: 1.975 mm 
Axial nb of rsectors: 1
Azimuthal nb of rsectors: 28
Axial nb of modules: 1
Tangential nb of modules: 1
Axial nb of submodules: 1
Tangential nb of submodules: 1
Axial nb of crystals: 1
Tangential nb of crystals: 1
Radial nb of layers: 1
[Physic-0] The following Geant4's physic-list is enabled :emstandard_opt3


List of Enabled processes:




List of initialized processes:


[Core-0] Initialization of geometry
[Core-0] Initialization of physics
[Core-0] Initialization of actors
 <!> *** WARNING *** <!>  The 'energytype' option is DEPRECATED, use 'ene/type' instead!
 <!> *** WARNING *** <!>  The 'energytype' option is DEPRECATED, use 'ene/type' instead!
 <!> *** WARNING *** <!>  The 'energytype' option is DEPRECATED, use 'ene/type' instead!
 <!> *** WARNING *** <!>  The 'energytype' option is DEPRECATED, use 'ene/type' instead!
 <!> *** WARNING *** <!>  The 'energytype' option is DEPRECATED, use 'ene/type' instead!
 <!> *** WARNING *** <!>  The 'energytype' option is DEPRECATED, use 'ene/type' instead!
 <!> *** WARNING *** <!>  The 'energytype' option is DEPRECATED, use 'ene/type' instead!
 <!> *** WARNING *** <!>  The 'energytype' option is DEPRECATED, use 'ene/type' instead!
 <!> *** WARNING *** <!>  The 'energytype' option is DEPRECATED, use 'ene/type' instead!
[Acquisition-0]   
[Acquisition-0] ============= Source initialization =============
[Acquisition-0]   
[Acquisition-0] ============= Acquisition starts! =============
[Acquisition-0] Simulation start time = 0 sec
[Acquisition-0] Simulation end time   = 1 sec
[Acquisition-0] Simulation will have  = 1 run(s)
[Acquisition-0] Slice 0 from 0 to 1 s [slice=1 s]

### ===  Deexcitation model UAtomDeexcitation is activated for 25 regions:
          DefaultRegionForTheWorld  1  1  1
          cylindricalPET  1  1  1
          module  1  1  1
          unit  1  1  1
          block  1  1  1
          optical  1  1  1
          crystal  1  1  1
          capillaire1  1  1  1
          capillaire1_water  1  1  1
          capillaire2  1  1  1
          capillaire2_water  1  1  1
          capillaire3  1  1  1
          capillaire3_water  1  1  1
          capillaire4  1  1  1
          capillaire4_water  1  1  1
          capillaire5  1  1  1
          capillaire5_water  1  1  1
          capillaire_m1  1  1  1
          capillaire_m1_water  1  1  1
          capillaire_m2  1  1  1
          capillaire_m2_water  1  1  1
          capillaire_m3  1  1  1
          capillaire_m3_water  1  1  1
          capillaire_m4  1  1  1
          capillaire_m4_water  1  1  1
### ===  Ignore cuts flag:   0

phot:  for gamma applyCuts:1  SubType=12 BuildTable=0
      LambdaPrime table from 200 keV to 100 TeV in 174 bins 
      ===== EM models for the G4Region  DefaultRegionForTheWorld ======
 LivermorePhElectric : Emin=    0 eV  Emax=  100 TeV  SauterGavrila Fluo

compt:  for gamma applyCuts:1  SubType=13 BuildTable=1
      Lambda table from 10 eV  to 1 MeV, 20 bins/decade, spline: 1
      LambdaPrime table from 1 MeV to 100 TeV in 160 bins 
      ===== EM models for the G4Region  DefaultRegionForTheWorld ======
        KleinNishina : Emin=    0 eV  Emax=  100 TeV Fluo

conv:  for gamma applyCuts:1  SubType=14 BuildTable=1
      Lambda table from 1.022 MeV to 100 TeV, 20 bins/decade, spline: 1
      ===== EM models for the G4Region  DefaultRegionForTheWorld ======
     BetheHeitlerLPM : Emin=    0 eV  Emax=  100 TeV  ModifiedTsai

Rayl:  for gamma applyCuts:1  SubType=11 BuildTable=1
      Lambda table from 10 eV  to 100 keV, 20 bins/decade, spline: 0
      LambdaPrime table from 100 keV to 100 TeV in 180 bins 
      ===== EM models for the G4Region  DefaultRegionForTheWorld ======
   LivermoreRayleigh : Emin=    0 eV  Emax=  100 TeV  CullenGenerator

msc:  for e-  SubType= 10
      ===== EM models for the G4Region  DefaultRegionForTheWorld ======
            UrbanMsc : Emin=    0 eV  Emax=  100 TeV Nbins=240 100 eV  - 100 TeV
              StepLim=DistanceToBoundary Rfact=0.04 Gfact=2.5 Sfact=0.6 DispFlag:1 Skin=1 Llimit=1

eIoni:  for e-  SubType=2
      dE/dx and range tables from 10 eV  to 100 TeV in 260 bins
      Lambda tables from threshold to 100 TeV, 20 bins/decade, spline: 1
      StepFunction=(0.2, 0.1 mm), integ: 1, fluct: 1, linLossLim= 0.01
      ===== EM models for the G4Region  DefaultRegionForTheWorld ======
        MollerBhabha : Emin=    0 eV  Emax=  100 TeV  deltaVI

eBrem:  for e-  SubType=3
      dE/dx and range tables from 10 eV  to 100 TeV in 260 bins
      Lambda tables from threshold to 100 TeV, 20 bins/decade, spline: 1
      LPM flag: 1 for E > 1 GeV,  VertexHighEnergyTh(GeV)= 100000
      ===== EM models for the G4Region  DefaultRegionForTheWorld ======
             eBremSB : Emin=    0 eV  Emax=    1 GeV  AngularGen2BS
            eBremLPM : Emin=    1 GeV Emax=  100 TeV  AngularGen2BS

ePairProd:  for e-  SubType=4
      dE/dx and range tables from 10 eV  to 100 TeV in 260 bins
      Lambda tables from threshold to 100 TeV, 20 bins/decade, spline: 1
      Sampling table 25x1001; from 0.1 GeV to 100 TeV 
      ===== EM models for the G4Region  DefaultRegionForTheWorld ======
           ePairProd : Emin=    0 eV  Emax=  100 TeV  ModifiedMephi

msc:  for e+  SubType= 10
      ===== EM models for the G4Region  DefaultRegionForTheWorld ======
            UrbanMsc : Emin=    0 eV  Emax=  100 TeV Nbins=240 100 eV  - 100 TeV
              StepLim=DistanceToBoundary Rfact=0.04 Gfact=2.5 Sfact=0.6 DispFlag:1 Skin=1 Llimit=1

eIoni:  for e+  SubType=2
      dE/dx and range tables from 10 eV  to 100 TeV in 260 bins
      Lambda tables from threshold to 100 TeV, 20 bins/decade, spline: 1
      StepFunction=(0.2, 0.1 mm), integ: 1, fluct: 1, linLossLim= 0.01
      ===== EM models for the G4Region  DefaultRegionForTheWorld ======
        MollerBhabha : Emin=    0 eV  Emax=  100 TeV  deltaVI

eBrem:  for e+  SubType=3
      dE/dx and range tables from 10 eV  to 100 TeV in 260 bins
      Lambda tables from threshold to 100 TeV, 20 bins/decade, spline: 1
      LPM flag: 1 for E > 1 GeV,  VertexHighEnergyTh(GeV)= 100000
      ===== EM models for the G4Region  DefaultRegionForTheWorld ======
             eBremSB : Emin=    0 eV  Emax=    1 GeV  AngularGen2BS
            eBremLPM : Emin=    1 GeV Emax=  100 TeV  AngularGen2BS

ePairProd:  for e+  SubType=4
      dE/dx and range tables from 10 eV  to 100 TeV in 260 bins
      Lambda tables from threshold to 100 TeV, 20 bins/decade, spline: 1
      Sampling table 25x1001; from 0.1 GeV to 100 TeV 
      ===== EM models for the G4Region  DefaultRegionForTheWorld ======
           ePairProd : Emin=    0 eV  Emax=  100 TeV  ModifiedMephi

annihil:  for e+, integral:1  applyCuts:1  SubType=5 BuildTable=0
      ===== EM models for the G4Region  DefaultRegionForTheWorld ======
            eplus2gg : Emin=    0 eV  Emax=  100 TeV

msc:  for proton  SubType= 10
      ===== EM models for the G4Region  DefaultRegionForTheWorld ======
            UrbanMsc : Emin=    0 eV  Emax=  100 TeV Nbins=240 100 eV  - 100 TeV
              StepLim=Minimal Rfact=0.2 Gfact=2.5 Sfact=0.6 DispFlag:1 Skin=1 Llimit=1

hIoni:  for proton  SubType=2
      dE/dx and range tables from 10 eV  to 100 TeV in 260 bins
      Lambda tables from threshold to 100 TeV, 20 bins/decade, spline: 1
      StepFunction=(0.2, 0.05 mm), integ: 1, fluct: 1, linLossLim= 0.01
      ===== EM models for the G4Region  DefaultRegionForTheWorld ======
               Bragg : Emin=    0 eV  Emax=    2 MeV  deltaVI
          BetheBloch : Emin=    2 MeV Emax=  100 TeV  deltaVI

hBrems:  for proton  SubType=3
      dE/dx and range tables from 10 eV  to 100 TeV in 260 bins
      Lambda tables from threshold to 100 TeV, 20 bins/decade, spline: 1
      ===== EM models for the G4Region  DefaultRegionForTheWorld ======
               hBrem : Emin=    0 eV  Emax=  100 TeV  ModifiedMephi
      ===== Limit on energy threshold has been applied 

hPairProd:  for proton  SubType=4
      dE/dx and range tables from 10 eV  to 100 TeV in 260 bins
      Lambda tables from threshold to 100 TeV, 20 bins/decade, spline: 1
      Sampling table 17x1001; from 7.50618 GeV to 100 TeV 
      ===== EM models for the G4Region  DefaultRegionForTheWorld ======
           hPairProd : Emin=    0 eV  Emax=  100 TeV  ModifiedMephi

nuclearStopping:  for proton applyCuts:1  SubType=8 BuildTable=0
      ===== EM models for the G4Region  DefaultRegionForTheWorld ======
   ICRU49NucStopping : Emin=    0 eV  Emax=    1 MeV

msc:  for GenericIon  SubType= 10
      ===== EM models for the G4Region  DefaultRegionForTheWorld ======
            UrbanMsc : Emin=    0 eV  Emax=  100 TeV
              StepLim=Minimal Rfact=0.2 Gfact=2.5 Sfact=0.6 DispFlag:1 Skin=1 Llimit=1

ionIoni:  for GenericIon  SubType=2
      dE/dx and range tables from 10 eV  to 100 TeV in 260 bins
      Lambda tables from threshold to 100 TeV, 20 bins/decade, spline: 1
      StepFunction=(0.1, 0.02 mm), integ: 1, fluct: 1, linLossLim= 0.02
      ===== EM models for the G4Region  DefaultRegionForTheWorld ======
         ParamICRU73 : Emin=    0 eV  Emax=  100 TeV  deltaVI

nuclearStopping:  for GenericIon applyCuts:1  SubType=8 BuildTable=0
      ===== EM models for the G4Region  DefaultRegionForTheWorld ======
   ICRU49NucStopping : Emin=    0 eV  Emax=    1 MeV

msc:  for alpha  SubType= 10
      ===== EM models for the G4Region  DefaultRegionForTheWorld ======
            UrbanMsc : Emin=    0 eV  Emax=  100 TeV Nbins=240 100 eV  - 100 TeV
              StepLim=Minimal Rfact=0.2 Gfact=2.5 Sfact=0.6 DispFlag:1 Skin=1 Llimit=1

ionIoni:  for alpha  SubType=2
      dE/dx and range tables from 10 eV  to 100 TeV in 260 bins
      Lambda tables from threshold to 100 TeV, 20 bins/decade, spline: 1
      StepFunction=(0.1, 0.02 mm), integ: 1, fluct: 1, linLossLim= 0.02
      ===== EM models for the G4Region  DefaultRegionForTheWorld ======
            BraggIon : Emin=    0 eV  Emax=7.9452 MeV  deltaVI
          BetheBloch : Emin=7.9452 MeV Emax=  100 TeV  deltaVI

nuclearStopping:  for alpha applyCuts:1  SubType=8 BuildTable=0
      ===== EM models for the G4Region  DefaultRegionForTheWorld ======
   ICRU49NucStopping : Emin=    0 eV  Emax=    1 MeV

msc:  for anti_proton  SubType= 10
      ===== EM models for the G4Region  DefaultRegionForTheWorld ======
            UrbanMsc : Emin=    0 eV  Emax=  100 TeV Nbins=240 100 eV  - 100 TeV
              StepLim=Minimal Rfact=0.2 Gfact=2.5 Sfact=0.6 DispFlag:1 Skin=1 Llimit=1

hIoni:  for anti_proton  SubType=2
      dE/dx and range tables from 10 eV  to 100 TeV in 260 bins
      Lambda tables from threshold to 100 TeV, 20 bins/decade, spline: 1
      StepFunction=(0.2, 0.05 mm), integ: 1, fluct: 1, linLossLim= 0.01
      ===== EM models for the G4Region  DefaultRegionForTheWorld ======
            ICRU73QO : Emin=    0 eV  Emax=    2 MeV  deltaVI
          BetheBloch : Emin=    2 MeV Emax=  100 TeV  deltaVI

hBrems:  for anti_proton  SubType=3
      dE/dx and range tables from 10 eV  to 100 TeV in 260 bins
      Lambda tables from threshold to 100 TeV, 20 bins/decade, spline: 1
      ===== EM models for the G4Region  DefaultRegionForTheWorld ======
               hBrem : Emin=    0 eV  Emax=  100 TeV  ModifiedMephi
      ===== Limit on energy threshold has been applied 

hPairProd:  for anti_proton  SubType=4
      dE/dx and range tables from 10 eV  to 100 TeV in 260 bins
      Lambda tables from threshold to 100 TeV, 20 bins/decade, spline: 1
      Sampling table 17x1001; from 7.50618 GeV to 100 TeV 
      ===== EM models for the G4Region  DefaultRegionForTheWorld ======
           hPairProd : Emin=    0 eV  Emax=  100 TeV  ModifiedMephi

msc:  for kaon+  SubType= 10
      ===== EM models for the G4Region  DefaultRegionForTheWorld ======
            UrbanMsc : Emin=    0 eV  Emax=  100 TeV Nbins=240 100 eV  - 100 TeV
              StepLim=Minimal Rfact=0.2 Gfact=2.5 Sfact=0.6 DispFlag:1 Skin=1 Llimit=1

hIoni:  for kaon+  SubType=2
      dE/dx and range tables from 10 eV  to 100 TeV in 260 bins
      Lambda tables from threshold to 100 TeV, 20 bins/decade, spline: 1
      StepFunction=(0.2, 0.05 mm), integ: 1, fluct: 1, linLossLim= 0.01
      ===== EM models for the G4Region  DefaultRegionForTheWorld ======
               Bragg : Emin=    0 eV  Emax=1.05231 MeV  deltaVI
          BetheBloch : Emin=1.05231 MeV Emax=  100 TeV  deltaVI

hBrems:  for kaon+  SubType=3
      dE/dx and range tables from 10 eV  to 100 TeV in 260 bins
      Lambda tables from threshold to 100 TeV, 20 bins/decade, spline: 1
      ===== EM models for the G4Region  DefaultRegionForTheWorld ======
               hBrem : Emin=    0 eV  Emax=  100 TeV  ModifiedMephi
      ===== Limit on energy threshold has been applied 

hPairProd:  for kaon+  SubType=4
      dE/dx and range tables from 10 eV  to 100 TeV in 260 bins
      Lambda tables from threshold to 100 TeV, 20 bins/decade, spline: 1
      Sampling table 18x1001; from 3.94942 GeV to 100 TeV 
      ===== EM models for the G4Region  DefaultRegionForTheWorld ======
           hPairProd : Emin=    0 eV  Emax=  100 TeV  ModifiedMephi

msc:  for kaon-  SubType= 10
      ===== EM models for the G4Region  DefaultRegionForTheWorld ======
            UrbanMsc : Emin=    0 eV  Emax=  100 TeV Nbins=240 100 eV  - 100 TeV
              StepLim=Minimal Rfact=0.2 Gfact=2.5 Sfact=0.6 DispFlag:1 Skin=1 Llimit=1

hIoni:  for kaon-  SubType=2
      dE/dx and range tables from 10 eV  to 100 TeV in 260 bins
      Lambda tables from threshold to 100 TeV, 20 bins/decade, spline: 1
      StepFunction=(0.2, 0.05 mm), integ: 1, fluct: 1, linLossLim= 0.01
      ===== EM models for the G4Region  DefaultRegionForTheWorld ======
            ICRU73QO : Emin=    0 eV  Emax=1.05231 MeV  deltaVI
          BetheBloch : Emin=1.05231 MeV Emax=  100 TeV  deltaVI

hBrems:  for kaon-  SubType=3
      dE/dx and range tables from 10 eV  to 100 TeV in 260 bins
      Lambda tables from threshold to 100 TeV, 20 bins/decade, spline: 1
      ===== EM models for the G4Region  DefaultRegionForTheWorld ======
               hBrem : Emin=    0 eV  Emax=  100 TeV  ModifiedMephi
      ===== Limit on energy threshold has been applied 

hPairProd:  for kaon-  SubType=4
      dE/dx and range tables from 10 eV  to 100 TeV in 260 bins
      Lambda tables from threshold to 100 TeV, 20 bins/decade, spline: 1
      Sampling table 18x1001; from 3.94942 GeV to 100 TeV 
      ===== EM models for the G4Region  DefaultRegionForTheWorld ======
           hPairProd : Emin=    0 eV  Emax=  100 TeV  ModifiedMephi

msc:  for mu+  SubType= 10
      ===== EM models for the G4Region  DefaultRegionForTheWorld ======
            UrbanMsc : Emin=    0 eV  Emax=  100 TeV Nbins=240 100 eV  - 100 TeV
              StepLim=Minimal Rfact=0.2 Gfact=2.5 Sfact=0.6 DispFlag:1 Skin=1 Llimit=1

muIoni:  for mu+  SubType=2
      dE/dx and range tables from 10 eV  to 100 TeV in 260 bins
      Lambda tables from threshold to 100 TeV, 20 bins/decade, spline: 1
      StepFunction=(0.2, 0.05 mm), integ: 1, fluct: 1, linLossLim= 0.01
      ===== EM models for the G4Region  DefaultRegionForTheWorld ======
               Bragg : Emin=    0 eV  Emax=  200 keV  deltaVI
          BetheBloch : Emin=  200 keV Emax=    1 GeV  deltaVI
        MuBetheBloch : Emin=    1 GeV Emax=  100 TeV

muBrems:  for mu+  SubType=3
      dE/dx and range tables from 10 eV  to 100 TeV in 260 bins
      Lambda tables from threshold to 100 TeV, 20 bins/decade, spline: 1
      ===== EM models for the G4Region  DefaultRegionForTheWorld ======
              MuBrem : Emin=    0 eV  Emax=  100 TeV  ModifiedMephi
      ===== Limit on energy threshold has been applied 

muPairProd:  for mu+  SubType=4
      dE/dx and range tables from 10 eV  to 100 TeV in 260 bins
      Lambda tables from threshold to 100 TeV, 20 bins/decade, spline: 1
      Sampling table 21x1001; from 1 GeV to 100 TeV 
      ===== EM models for the G4Region  DefaultRegionForTheWorld ======
          muPairProd : Emin=    0 eV  Emax=  100 TeV  ModifiedMephi

msc:  for mu-  SubType= 10
      ===== EM models for the G4Region  DefaultRegionForTheWorld ======
            UrbanMsc : Emin=    0 eV  Emax=  100 TeV Nbins=240 100 eV  - 100 TeV
              StepLim=Minimal Rfact=0.2 Gfact=2.5 Sfact=0.6 DispFlag:1 Skin=1 Llimit=1

muIoni:  for mu-  SubType=2
      dE/dx and range tables from 10 eV  to 100 TeV in 260 bins
      Lambda tables from threshold to 100 TeV, 20 bins/decade, spline: 1
      StepFunction=(0.2, 0.05 mm), integ: 1, fluct: 1, linLossLim= 0.01
      ===== EM models for the G4Region  DefaultRegionForTheWorld ======
            ICRU73QO : Emin=    0 eV  Emax=  200 keV  deltaVI
          BetheBloch : Emin=  200 keV Emax=    1 GeV  deltaVI
        MuBetheBloch : Emin=    1 GeV Emax=  100 TeV

muBrems:  for mu-  SubType=3
      dE/dx and range tables from 10 eV  to 100 TeV in 260 bins
      Lambda tables from threshold to 100 TeV, 20 bins/decade, spline: 1
      ===== EM models for the G4Region  DefaultRegionForTheWorld ======
              MuBrem : Emin=    0 eV  Emax=  100 TeV  ModifiedMephi
      ===== Limit on energy threshold has been applied 

muPairProd:  for mu-  SubType=4
      dE/dx and range tables from 10 eV  to 100 TeV in 260 bins
      Lambda tables from threshold to 100 TeV, 20 bins/decade, spline: 1
      Sampling table 21x1001; from 1 GeV to 100 TeV 
      ===== EM models for the G4Region  DefaultRegionForTheWorld ======
          muPairProd : Emin=    0 eV  Emax=  100 TeV  ModifiedMephi

msc:  for pi+  SubType= 10
      ===== EM models for the G4Region  DefaultRegionForTheWorld ======
            UrbanMsc : Emin=    0 eV  Emax=  100 TeV Nbins=240 100 eV  - 100 TeV
              StepLim=Minimal Rfact=0.2 Gfact=2.5 Sfact=0.6 DispFlag:1 Skin=1 Llimit=1

hIoni:  for pi+  SubType=2
      dE/dx and range tables from 10 eV  to 100 TeV in 260 bins
      Lambda tables from threshold to 100 TeV, 20 bins/decade, spline: 1
      StepFunction=(0.2, 0.05 mm), integ: 1, fluct: 1, linLossLim= 0.01
      ===== EM models for the G4Region  DefaultRegionForTheWorld ======
               Bragg : Emin=    0 eV  Emax=297.505 keV  deltaVI
          BetheBloch : Emin=297.505 keV Emax=  100 TeV  deltaVI

hBrems:  for pi+  SubType=3
      dE/dx and range tables from 10 eV  to 100 TeV in 260 bins
      Lambda tables from threshold to 100 TeV, 20 bins/decade, spline: 1
      ===== EM models for the G4Region  DefaultRegionForTheWorld ======
               hBrem : Emin=    0 eV  Emax=  100 TeV  ModifiedMephi
      ===== Limit on energy threshold has been applied 

hPairProd:  for pi+  SubType=4
      dE/dx and range tables from 10 eV  to 100 TeV in 260 bins
      Lambda tables from threshold to 100 TeV, 20 bins/decade, spline: 1
      Sampling table 20x1001; from 1.11656 GeV to 100 TeV 
      ===== EM models for the G4Region  DefaultRegionForTheWorld ======
           hPairProd : Emin=    0 eV  Emax=  100 TeV  ModifiedMephi

msc:  for pi-  SubType= 10
      ===== EM models for the G4Region  DefaultRegionForTheWorld ======
            UrbanMsc : Emin=    0 eV  Emax=  100 TeV Nbins=240 100 eV  - 100 TeV
              StepLim=Minimal Rfact=0.2 Gfact=2.5 Sfact=0.6 DispFlag:1 Skin=1 Llimit=1

hIoni:  for pi-  SubType=2
      dE/dx and range tables from 10 eV  to 100 TeV in 260 bins
      Lambda tables from threshold to 100 TeV, 20 bins/decade, spline: 1
      StepFunction=(0.2, 0.05 mm), integ: 1, fluct: 1, linLossLim= 0.01
      ===== EM models for the G4Region  DefaultRegionForTheWorld ======
            ICRU73QO : Emin=    0 eV  Emax=297.505 keV  deltaVI
          BetheBloch : Emin=297.505 keV Emax=  100 TeV  deltaVI

hBrems:  for pi-  SubType=3
      dE/dx and range tables from 10 eV  to 100 TeV in 260 bins
      Lambda tables from threshold to 100 TeV, 20 bins/decade, spline: 1
      ===== EM models for the G4Region  DefaultRegionForTheWorld ======
               hBrem : Emin=    0 eV  Emax=  100 TeV  ModifiedMephi
      ===== Limit on energy threshold has been applied 

hPairProd:  for pi-  SubType=4
      dE/dx and range tables from 10 eV  to 100 TeV in 260 bins
      Lambda tables from threshold to 100 TeV, 20 bins/decade, spline: 1
      Sampling table 20x1001; from 1.11656 GeV to 100 TeV 
      ===== EM models for the G4Region  DefaultRegionForTheWorld ======
           hPairProd : Emin=    0 eV  Emax=  100 TeV  ModifiedMephi
G4VisManager: Using G4TrajectoryDrawByCharge as fallback trajectory model.
See commands in /vis/modeling/trajectories/ for other options.

### ===  Deexcitation model UAtomDeexcitation is activated for 25 regions:
          DefaultRegionForTheWorld  1  1  1
          cylindricalPET  1  1  1
          module  1  1  1
          unit  1  1  1
          block  1  1  1
          optical  1  1  1
          crystal  1  1  1
          capillaire1  1  1  1
          capillaire1_water  1  1  1
          capillaire2  1  1  1
          capillaire2_water  1  1  1
          capillaire3  1  1  1
          capillaire3_water  1  1  1
          capillaire4  1  1  1
          capillaire4_water  1  1  1
          capillaire5  1  1  1
          capillaire5_water  1  1  1
          capillaire_m1  1  1  1
          capillaire_m1_water  1  1  1
          capillaire_m2  1  1  1
          capillaire_m2_water  1  1  1
          capillaire_m3  1  1  1
          capillaire_m3_water  1  1  1
          capillaire_m4  1  1  1
          capillaire_m4_water  1  1  1
### ===  Ignore cuts flag:   0
(311.613,-116.66,108.735)
(345.912,-66.3927,121.296)
(-306.234,82.556,-79.0518)
(-281.022,10.9681,-100.376)
 <!> *** WARNING *** <!>  Event is earlier than earliest event in coincidence presort buffer. Consider using a larger buffer.
(312.039,-90.9265,54.7639)
(368.704,-126.451,75.4363)
(-281.242,-136.571,115.21)
(-177.639,-122.308,224.103)
(228.677,237.257,-74.2718)
(262.571,278.079,-145.332)
(226.63,241.642,-72.3208)
(240.924,149.726,-160.78)
(220.729,242.833,-68.6281)
(247.243,281.418,-15.0371)
(-259.655,-178.383,55.584)
(-127.993,-128.827,105.197)
(256.785,-185.544,-119.172)
(296.178,-179.328,-27.9657)
(260.943,-182.019,105.955)
(311.658,-125.297,150.898)
(260.375,-182.997,103.545)
(154.06,-111.876,153.933)
(286.999,149.231,116.924)
(341.344,182.382,159.659)
(-317.013,-62.4102,-49.5624)
(-293.889,-64.3549,-139.355)
(124.614,-294.026,-23.0639)
(120.658,-364.403,83.1302)
(-153.349,294.827,28.3365)
(-196.63,144.607,-21.2024)
(-126.284,-294.565,-26.7698)
(-44.2215,-208.737,-45.9765)
(315.923,-12.6558,54.2284)
(300.382,-142.057,48.9709)
(315.391,95.4316,109.653)
(429.012,60.5559,161.532)
(317.557,98.2786,110.232)
(277.001,9.88144,53.6354)
(229.595,216.599,-98.3167)
(133.434,120.383,-18.9982)
(229.752,222.94,-104.532)
(295.763,211.191,-60.8105)
(128.76,-293.279,6.86773)
(87.8611,-256.36,138.696)
(131.146,-291.407,15.0203)
(163.381,-207.431,131.982)
(151.359,298.885,-9.86444)
(185.787,290.412,122.059)
(192.775,258.811,124.88)
(163.856,317.293,214.889)
(-46.2257,-324.749,53.1478)
(-76.8696,-399.717,84.7438)
(-325.654,3.65025,-37.7032)
(-355.26,-23.8166,-35.7158)
(328.393,-6.90432,72.753)
(408.175,14.889,-23.8613)
(-232.596,216.026,-72.1525)
(-247.649,258.519,-136.38)
(2.07262,-328.815,113.836)
(93.8786,-306.938,44.943)
(3.17449,-330.45,115.064)
(13.6293,-347.216,112.414)
(118.959,291.098,-46.3559)
(195.127,367.081,1.71736)
(100.757,-317.265,46.4901)
(148.569,-378.101,107.385)
(-242.906,196.317,1.93171)
(-263.767,254.259,16.1651)
(197.93,-251.767,-6.42833)
(210.774,-194.838,-0.123194)
(-211.492,-244.835,79.4766)
(-62.1816,-269.19,177.674)
(296.46,108.772,-36.3069)
(348.136,191.77,-31.3971)
(114.131,299.248,122.461)
(167.26,343.098,228.911)
(112.632,301.483,124.833)
(69.2896,237.706,188.833)
(-286.758,-173.45,-73.0386)
(-358.824,-222.489,-46.8927)
(-271.245,-179.425,-78.005)
(-315.376,-178.802,-94.1555)
(326.486,9.90712,-47.8478)
(455.984,-77.441,24.8753)
(332.842,5.00969,-42.3824)
(325.311,-35.1547,-69.6883)
(332.461,5.02271,-42.8816)
(189.743,54.815,-85.4803)
(-312.025,-10.3948,44.7574)
(-427.304,8.85545,-40.2226)
(-308.173,-66.3566,-117.853)
(-470.671,-140.922,-184.218)
(331.615,28.61,51.0972)
(374.003,54.3405,42.2047)
(331.63,32.081,46.4149)
(191.556,37.2561,58.5317)
(42.2284,-310.183,112.769)
(93.3395,-440.797,105.172)
(-157.387,-280.365,66.3777)
(-177.364,-275.655,123.368)
(189.708,-258.283,51.1963)
(47.3086,-200.925,108.241)
(191.144,-258.767,53.2264)
(220.407,-172.512,78.4708)
(190.18,-258.506,53.7908)
(132.782,-301.558,103.866)
(-302.704,127.607,-22.7818)
(-279.542,57.8938,-103.828)
(114.296,295.2,-112.223)
(158.08,235.858,-159.674)
(111.8,296.686,-107.343)
(108.18,335.974,-15.33)
(317.829,-23.8693,-109.593)
(276.069,47.4238,-110.15)
(26.9635,-336.613,-98.1586)
(-20.4161,-330.086,-185.115)
(30.289,-323.723,-92.7669)
(90.3039,-323.33,-108.02)
(-246.235,213.904,63.9614)
(-305.866,155.185,30.7188)
(-245.946,206.395,65.7823)
(-187.757,139.471,24.853)
(278.264,-154.777,62.7511)
(226.732,-184.745,87.1241)
(279.325,-158.717,61.9116)
(292.316,-133.411,7.97282)
(-297.81,-98.259,-109.648)
(-302.642,-97.3507,-63.1783)
(307.468,73.5812,77.9906)
(396.616,61.047,79.4605)
(-312.586,18.8651,-15.4047)
(-254.576,-51.8035,21.0809)
(-312.658,17.3164,-18.9688)
(-249.375,73.5283,-14.3469)
(309.72,-49.3196,36.1273)
(323.783,-120.167,-50.4351)
(244.34,-207.85,29.1263)
(259.734,-108.98,14.878)
(253.111,-207.857,30.1965)
(291.681,-196.684,-43.5884)
(-279.286,161.941,-21.6572)
(-300.508,170.255,19.0955)
(-277.005,160.325,-20.1175)
(-308.914,176.214,15.776)
(100.518,-306.375,-118.174)
(118.861,-251.306,-234.342)
(-1.64297,312.037,120.155)
(83.5861,398.821,46.2379)
(1.35396,316.007,123.103)
(-79.7915,215.476,108.371)
(-130.937,-293.826,16.5364)
(-156.379,-309.635,-7.65548)
(-129.621,-302.926,12.4816)
(-169.743,-293.589,-44.8811)
(-25.0793,316.838,-18.4144)
(96.5161,173.415,98.2723)
(-233.117,226.968,-80.1863)
(-252.086,104.099,-93.4109)
(-9.13405,-319.176,108.353)
(21.1082,-391.38,147.846)
(-278.028,149.748,-10.6137)
(-252.509,177.626,52.2559)
(-278.866,150.925,-6.85826)
(-297.295,126.956,-70.0625)
(130.917,-292.243,18.9508)
(144.675,-252.641,1.89816)
(303.772,-84.3356,-68.1346)
(391.81,37.7892,-34.1195)
(307.989,-89.7226,-66.8523)
(274.339,-35.9798,-52.1338)
(-323.131,94.9247,79.6719)
(-320.829,71.58,149.319)
(304.733,-86.6972,-29.6039)
(358.906,-77.2514,8.19238)
(-41.6087,-311.719,-10.1261)
(20.0233,-229.632,-22.1178)
(-51.912,-313.308,-11.9398)
(29.1284,-450.558,-27.9442)
(61.0255,308.955,11.7399)
(49.6667,253.538,10.7072)
(55.3401,308.869,16.1816)
(47.8061,321.593,10.204)
(265.017,179.232,115.738)
(242.383,289.658,130.92)
(-19.6298,-326.353,33.2824)
(-56.7819,-308.209,-4.76501)
(-181.609,257.033,-29.8657)
(-143.717,121.019,-83.2652)
(-336.053,-21.4347,-96.6886)
(-292.83,32.7715,-65.6921)
(-333.182,-16.716,-100.88)
(-290.813,104.254,-36.1063)
(232.988,217.475,-65.2876)
(220.298,197.055,-5.6432)
(11.3229,317.923,66.979)
(-10.9391,350.635,136.337)
(17.4352,320.885,69.011)
(-13.9211,275.622,75.9636)
(142.803,-291.885,-63.5422)
(57.9242,-317.081,-41.8856)
(148.898,-294.844,-60.6684)
(149.763,-270.626,-94.2017)
(147.476,-295.589,-64.2548)
(70.4534,-154.245,30.0383)
(297.835,-141.692,-79.6345)
(230.642,-235.652,-115.537)
(295.802,-142.267,-83.9407)
(253.749,-186.13,-101.32)
(-280.322,-140.786,2.58052)
(-220.929,-124.655,14.5418)
(146.982,287.915,-9.00043)
(148.084,292.283,119.955)
(-276.124,162.601,-115.448)
(-278.626,104.875,-75.9999)
(-282.629,160.08,-117.385)
(-273.974,176.311,-42.6764)
(-162.601,273.386,78.0304)
(-201.419,310.569,-12.3574)
(-260.683,-206.959,-102.37)
(-304.609,-106.744,-84.4711)
(201.655,238.893,69.6705)
(240.715,224.571,103.79)
(201.249,239.89,70.4483)
(192.581,209.907,-8.58176)
(193.603,247.128,78.0908)
(179.677,317.631,31.9898)
(191.944,251.936,86.8435)
(255.933,269.128,188.691)
(59.276,-314.278,-93.7813)
(9.24894,-336.776,-66.1183)
(59.753,-315.74,-92.9586)
(91.5289,-382.571,-90.3179)
(-84.8177,306.778,-102.23)
(-77.1313,284.259,-151.903)
(-89.0104,307.083,-98.3924)
(28.4032,321.296,-78.2558)
(-309.216,67.0588,-28.599)
(-263.048,61.5211,-56.4864)
(-317.468,71.8322,-38.1481)
(-197.438,133.056,-99.7239)
(272.568,-176.572,6.46514)
(277.512,-255.521,26.4063)
(271.287,-179.116,1.34529)
(326.436,-223.947,-33.7754)
(-20.3898,-320.606,108.955)
(-135.176,-336.696,117.424)
(-19.0244,-325.961,107.685)
(22.722,-369.294,12.796)
(-136.96,301.491,-104.352)
(18.3984,155.136,-222.752)
(-134.718,300.177,-102.084)
(-237.943,371.596,-54.3509)
(-297.86,110.174,-10.0588)
(-389.555,78.3215,77.7691)
(208.881,246.279,58.0354)
(173.121,221.691,14.99)
(49.8207,-326.032,-73.5174)
(117.313,-372.799,-22.1662)
(48.3723,-331.835,-79.8026)
(78.6309,-339.132,-109.357)
(162.672,-282.739,-99.8203)
(219.452,-269.988,-45.9604)
(158.663,-284.556,-98.5859)
(103.896,-257.276,-85.9737)
(176.609,261.386,82.7881)
(206.574,268.242,244.765)
(-94.1659,-299.423,-96.0414)
(-54.6583,-263.804,-149.004)
(26.2874,311.825,-88.0579)
(-111.032,382.877,-120.385)
(-120.58,-288.722,80.3201)
(-159.563,-422.122,-12.1604)
(-120.955,-293.942,85.986)
(-115.693,-258.792,25.6376)
(299.619,95.8156,-108.454)
(297.858,51.6495,-47.7616)
(300.93,98.3769,-107.619)
(404.212,211.54,-214.781)
(-300.762,-97.9541,-101.662)
(-394.156,-93.1352,-150.45)
(-298.65,-98.7016,-109.646)
(-315.413,-137.501,-132.996)
(171.983,290.903,29.8011)
(158.674,421.677,-15.8347)
(156.862,270.572,-78.2713)
(145.309,259.352,-129.382)
(145.516,279.013,-62.0546)
(123.894,276.792,25.6797)
(174.829,260.389,-102.838)
(148.506,229.045,-127.038)
(257.501,178.155,-36.3322)
(191.171,163.079,84.4158)
(-4.21788,322.91,-61.6126)
(86.1227,343.242,-69.9217)
(237.312,-217.84,37.3597)
(228.333,-182.863,16.0826)
(44.0941,331.589,-12.9409)
(83.5427,326.014,11.4403)
(-23.0223,-315.605,9.94512)
(-52.0218,-428.393,86.2837)
(-307.479,-58.1003,95.0248)
(-312.876,25.6171,134.647)
(-287.541,-159.399,-37.3232)
(-284.137,-151.839,-81.6936)
(-287.46,-159.462,-37.1375)
(-248.456,-108.119,-34.2617)
(178.726,259.126,65.64)
(102.584,289.073,95.1666)
(-265.834,-178.044,-72.266)
(-258.067,-223.294,-17.4386)
(191.55,262.454,108.916)
(249.369,179.968,40.9641)
(188.097,263.613,111.141)
(232.501,315.59,169.891)
(-204.103,263.932,18.5656)
(-193.278,249.373,50.1475)
(73.3398,-325.323,-27.2105)
(118,-242.915,3.833)
(-242.09,-223.508,33.8199)
(-138.455,-291.449,104.882)
(-43.9035,311.799,-94.1151)
(-178.417,240.667,-62.9778)
(-40.221,311.733,-91.8113)
(33.5571,216.958,-32.6269)
(190.83,-278.58,87.012)
(222.686,-350.835,39.6605)
(-300.548,-131.451,71.3005)
(-322.567,-92.173,142.019)
(136.4,-301.295,43.4822)
(103.1,-289.832,142.158)
(-206.022,251.669,-31.906)
(-182.012,285.53,-14.0747)
(-233.947,-221.67,-106.987)
(-166.916,-210.886,-118.218)
(-322.298,65.6607,54.767)
(-400.841,102.999,99.2913)
(142.477,-285.74,-0.31998)
(159.513,-312.864,-82.9456)
(-131.908,305.783,2.24891)
(-145.369,275.36,-34.0683)
(-132.525,307.393,3.864)
(-49.9438,269.705,35.4589)
(-319.521,-24.913,89.5271)
(-375.414,-67.5719,101.302)
(-20.8795,318.618,9.58684)
(34.1086,276.873,-27.7344)
(-27.2123,325.808,6.0049)
(-55.5083,393.053,-58.7196)
(-229.713,-239.213,-10.5342)
(-142.243,-235.462,-12.3121)
(-153.01,276.195,35.4169)
(-134.605,270.258,96.391)
(307.002,95.4196,-106.263)
(222.657,96.037,-118.757)
(312.43,103.589,-111.075)
(314.313,53.7049,-183.846)
(-311.36,-102.31,114.9)
(-251.07,-108.771,172.904)
(-270.744,-158.706,43.4182)
(-431.436,-277.671,12.6533)
(198.782,244.694,-36.4207)
(122.14,236.237,-18.767)
(303.817,121.744,-123.333)
(333.68,42.3389,-127.564)
(305.13,126.658,-120.269)
(315.984,102.649,-172.043)
(-307.565,57.1707,-92.449)
(-342.721,25.7288,-58.4898)
(288.308,163.15,-54.2204)
(312.279,229.939,20.7425)
(-1.81983,311.802,-22.6987)
(-31.9535,286.926,1.35523)
(-189.921,-253.763,9.90518)
(-236.943,-172.06,24.9455)
(118.207,305.001,-11.2536)
(162.302,303.947,2.2624)
(97.5923,320.144,-11.3233)
(86.0396,375.061,-64.6291)
(241.04,209.657,-8.27993)
(303.126,245.289,36.3702)
(-255.829,194.244,94.6278)
(-330.353,201.535,120.244)
(81.4557,-325.418,-83.9581)
(118.966,-382.901,-66.0246)
(130.698,295.401,54.3112)
(60.4881,275.345,118.198)
(-295.598,107.309,-0.711448)
(-300.521,104.413,-14.0524)
(206.989,-236.884,4.22238)
(151.085,-210.471,65.0853)
(245.878,-210.315,101.258)
(193.901,-166.542,198.382)
(294.219,-139.874,111.885)
(286.344,-104.14,136.755)
(-234.697,-215.969,29.0008)
(-192.43,-199.435,65.0975)
(90.7382,-315.919,31.903)
(66.9091,-279.614,29.7019)
(90.0545,-315.447,32.1373)
(61.9085,-353.639,76.1587)
(188.683,249.456,-106.863)
(117.531,144.091,-2.66095)
(183.404,253.381,-110.337)
(282.81,261.04,-72.3658)
(326.375,-16.5128,40.2828)
(302.784,4.97134,74.7841)
(-330.363,42.3564,-94.1264)
(-291.332,16.2744,-144.863)
(266.752,-182.412,-21.0773)
(207.125,-39.7131,-1.85338)
(279.718,-168.131,-35.2742)
(334.831,-163.158,-74.504)
(226.287,232.505,-17.7143)
(267.209,221.436,-7.41906)
(-123.261,288.329,69.775)
(-79.1605,302.281,75.5758)
(274.454,155.805,-79.1044)
(314.122,95.2165,-97.9311)
(-10.7378,-312.005,73.6056)
(-40.0789,-411.604,24.7422)
(164.233,287.917,-64.3233)
(108.171,334.182,-97.1741)
(161.271,288.666,-57.0857)
(138.829,236.096,-212.28)
(298.174,-135.393,80.3002)
(268.002,-72.5897,30.6074)
(296.345,-138.209,78.9321)
(329.449,-82.4578,81.5175)
(244.589,200.179,-37.5502)
(249.967,226.349,66.5342)
(260.554,190.016,-33.4091)
(253.007,148.919,7.44998)
(-311.644,-89.3321,16.4667)
(-394.187,-188.083,-19.1378)
(-318.301,-56.6085,9.09433)
(-310.851,20.4307,45.3945)
(-319.016,-53.7538,1.42794)
(-292.215,-43.4848,29.5025)
(-320.044,7.69918,-44.8704)
(-321.971,-6.20875,-56.9363)
(-334.704,22.7445,-73.5859)
(-251.081,40.931,-30.8752)
(209.266,-233.444,13.4555)
(177.611,-230.258,30.9638)
(-25.4505,317.88,-21.2077)
(-13.4209,337.472,-131.473)
(20.2,-312.659,-36.1494)
(76.7636,-267.937,-40.8839)
(21.5867,-316.328,-40.0996)
(108.049,-280.879,-184.455)
(183.299,254.929,28.1475)
(322.563,262.323,92.1546)
(187.338,269.795,33.3493)
(218.234,184.8,-43.8717)
(314.765,-97.9506,-37.4221)
(341.976,-51.357,-116.137)
(-237.72,211.01,84.0221)
(-228.94,228.971,15.5286)
(-241.508,212.287,73.9886)
(-300.513,235.044,12.3672)
(233.542,-219.161,-78.5327)
(75.1334,-221.807,-71.2854)
(-309.507,-118.125,-17.7945)
(-289.601,-102.736,10.9541)
(213.178,246.022,42.3348)
(125.114,227.177,130.867)
(-286.759,-161.09,-112.232)
(-275.704,-138.724,-124.838)
(78.2847,302.215,33.3295)
(71.6065,348.99,111.752)
(190.405,-248.597,-28.2495)
(83.5701,-287.164,-118.662)
(-12.329,-320.528,19.9388)
(-56.2234,-409.641,10.9886)
(203.062,245.167,-15.8949)
(289.296,223.329,-54.2933)
(144.884,291.415,-64.3304)
(112.628,360.219,-4.235)
(148.322,298.124,-62.8906)
(152.013,322.899,-92.867)
(-215.238,-245.992,52.8536)
(-210.275,-208.82,120.069)
(130.957,-285.889,-125.14)
(84.1644,-308.716,-134.212)
(296.544,-121.54,-39.1114)
(359.801,-101.761,-75.5662)
(-290.65,166.049,59.9324)
(-385.347,113.11,72.194)
(-287.123,-132.543,-37.7952)
(-268.291,-110.181,-38.1027)
(315.772,54.4291,13.8369)
(252.527,70.7839,-57.7521)
(169.317,291.784,-104.678)
(210.643,264.64,-66.3611)
(-74.2672,-304.066,106.32)
(-26.9533,-253.555,133.144)
(-73.4519,-325.382,101.572)
(-80.5456,-332.444,33.8457)
(-300.057,112.68,-93.1996)
(-270.947,21.4671,-54.6998)
(-296.666,111.287,-94.2231)
(-372.835,186.486,-51.1231)
(-133.391,-309.047,-78.9932)
(-128.049,-335.281,-58.418)
(280.057,157.828,40.1223)
(409.763,229.087,37.4369)
(301.825,-79.2304,110.044)
(217.739,-106.803,88.5422)
(306.813,-90.4164,120.194)
(305.038,17.8196,100.089)
(158.279,277.062,39.5377)
(162.388,289.416,19.5945)
(-223.881,-231.481,-31.6812)
(-96.4487,-211.083,53.5066)
(-237.763,-230.297,-36.5558)
(-351.062,-255.441,-127.296)
(-314.865,43.0337,19.8561)
(-339.4,77.2371,-0.451112)
(-241.038,225.508,-91.4555)
(-275.147,251.405,-42.1082)
(-171.324,265.483,114.16)
(-194.926,370.392,28.6191)
(199.014,240.964,-80.816)
(288.031,304.029,-60.0777)
(266.29,-173.494,-52.3153)
(293.264,-264.567,-60.1075)
(-231.93,225.207,64.6869)
(-173.065,312.843,32.3544)
(109.902,295.072,-92.8609)
(93.1455,351.105,-146.905)
(110.722,294.966,-91.8025)
(103.248,202.17,-134.938)
(-298.233,-111.438,113.034)
(-252.275,-168.413,175.061)
(132.412,287.768,47.8339)
(103.443,345.682,33.7475)
(133.993,285.072,49.4541)
(130.095,307.071,56.1708)
(85.0286,-316.614,-54.4139)
(38.8859,-351.968,-14.7455)
(-318.904,76.7035,-90.2721)
(-324.736,70.6748,-175.145)
(298.156,-99.6605,120.171)
(322.866,-123.787,74.44)
(184.985,-271.281,37.1377)
(218.106,-260.282,32.5988)
(215.79,-236.773,22.3096)
(279.525,-187.253,42.9342)
(-299.346,140.024,30.5852)
(-224.023,60.4526,51.7838)
(25.1679,-323.559,-72.2665)
(24.1035,-335.297,-23.2744)
(23.6811,-323.929,-72.5875)
(65.6735,-202.656,6.46719)
(-212.513,245.483,52.3185)
(-407.739,213.861,-28.2367)
(191.382,-250.774,-104.523)
(149.012,-330.56,-84.9706)
(-91.5561,-299.496,61.7856)
(-204.445,-346.579,131.201)
(212.898,230.396,-50.6003)
(165.803,269.414,15.1418)
(259.25,-187.463,51.6038)
(209.35,-175.508,123.961)
(-174.582,265.364,-69.8422)
(-149.375,358.734,-53.1201)
(-174.387,266.356,-68.2459)
(-180.898,241.84,-101.78)
(242.531,-203.073,-100.108)
(185.674,-287.934,-157.555)
(247.947,-203.961,-105.982)
(168.025,-278.206,22.6381)
(-312.422,41.9874,-33.2991)
(-234.444,221.65,36.1326)
(-279.274,-161.243,1.11575)
(-432.652,-242.426,-25.4915)
(303.714,101.378,0.335554)
(295.072,141.299,32.7421)
(316.229,-86.0785,-44.5049)
(466.275,-93.1577,-63.7175)
(-204.678,236.258,-102.627)
(-144.015,252,-124.56)
(-102.559,-311.566,-33.0018)
(-125.304,-323.127,-74.576)
(118.34,299.627,29.3867)
(76.9076,213.24,118.367)
(303.426,120.965,-85.729)
(267.1,179.105,-139.975)
(-233.403,209.899,96.1377)
(-292.421,222.299,58.363)
(-235.155,210.648,100.956)
(-280.191,144.457,155.017)
(-27.7102,313.234,-59.32)
(12.4958,274.509,-77.1812)
(-31.4835,313.876,-59.1282)
(-48.414,344.311,-69.5632)
(-319.989,102.763,78.3401)
(-349.384,106.65,117.986)
(-259.448,182.02,106.38)
(-231.926,182.17,76.8814)
(161.194,275.518,-86.6841)
(260.148,245.92,-116.016)
(-259.636,-206.841,65.6433)
(-237.894,-96.9489,159.742)
(-304.101,136.35,-80.9852)
(-220.959,78.358,-107.827)
(-257.188,-185.004,-58.1404)
(-226.028,-179.345,-104.168)
(-256.897,-185.411,-58.7754)
(-312.813,-219.096,-96.1953)
(59.9252,313.957,99.4774)
(13.2485,390.205,130.262)
(282.027,142.353,-121.542)
(287.869,174.156,-218.552)
(216.401,242.521,-103.425)
(220.068,208.961,-149.686)
(313.471,1.42828,29.9525)
(231.888,-11.0967,39.8933)
(-314.102,-2.34196,-57.2483)
(-287.175,-3.57726,-69.057)
(68.9573,-304.779,-41.3608)
(77.3632,-398.812,-47.987)
(-236.411,216.237,27.3336)
(-274.385,284,-39.9162)
(313.183,-40.0588,-113.915)
(322.238,24.877,-108.207)
(301.57,-95.581,81.2978)
(280.345,-39.2873,20.5646)
(32.0614,320.95,-105.984)
(-24.8482,287.826,-22.1132)
(177.102,-266.333,85.0873)
(222.057,-312.373,101.542)
(324.076,-72.4209,-40.8562)
(196.437,-40.226,-63.9489)
(-285.756,134.299,71.9034)
(-388.294,156.089,72.4379)
(-309.825,120.483,77.6583)
(-367.429,138.56,33.6048)
(-306.708,123.327,72.9241)
(-342.699,56.2004,90.665)
(-193.212,-251.111,-56.1281)
(-119.571,-295.242,-40.9554)
(-112.328,304.527,-33.3541)
(-105.259,331.896,-73.1658)
(14.7134,-315.432,36.7773)
(17.3329,-318.062,26.5578)
(22.5084,-324.376,29.956)
(-32.0707,-258.935,63.8799)
(-254.509,-188.316,-31.4083)
(-340.828,-195.409,-25.857)
(304.519,125.436,19.4431)
(222.729,165.382,-19.0177)
(-77.2203,-309.136,-28.8823)
(-110.978,-326.472,-39.9777)
(311.398,-51.3395,-13.9615)
(330.672,24.9818,-133.845)
(318.411,-57.2693,-45.2135)
(247.375,-39.99,95.8822)
(-104.611,-315.178,48.2981)
(-156.443,-387.316,185.951)
(-55.5172,310.637,-48.3374)
(-181.158,312.631,-39.0833)
(-64.0075,-306.77,-62.9046)
(-123.858,-384.961,-28.581)
(-53.5939,-316.435,-57.9596)
(-66.3493,-237.791,-22.8819)
(152.657,275.35,55.5794)
(226.765,307.719,59.0166)
(275.467,158.679,35.1206)
(224.855,147.471,4.17538)
(303.27,87.0336,-16.9884)
(277.277,133.497,-66.8733)
(-241.154,-202.492,39.0983)
(-267.821,-132.106,0.51501)
(308.489,79.8889,106.55)
(287.17,42.3435,12.6264)
(290.979,-128.973,-98.3812)
(303.545,-80.3032,-110.309)
(290.239,-127.557,-100.779)
(259.66,-133.292,-25.2368)
(-311.58,100.048,41.7677)
(-209.834,98.2239,79.5557)
(-310.187,99.5623,46.1076)
(-373.541,186.596,6.46006)
(277.527,-154.666,-66.8917)
(299.817,-95.2964,-2.72089)
(-224.802,235.546,-55.0703)
(-193.511,261.752,-3.70955)
(281.424,-155.546,34.5987)
(257.448,-278.735,158.965)
(287.44,-157.571,30.7223)
(326.463,-122.847,37.0652)
(295.449,-159.087,17.8208)
(257.677,-293.809,31.7077)
(-233.12,-210.54,-27.4375)
(-322.185,-210.805,-10.4107)
(-233.051,-218.837,-29.8721)
(-311.726,-325.136,-28.9295)
(180.278,263.933,37.7073)
(135.479,391.695,-24.7342)
(182.15,265.819,35.9712)
(123.877,275.835,-18.9669)
(-185.866,-271.367,-53.2057)
(-238.948,-316.903,-66.5722)
(297.626,131.654,28.1368)
(342.828,79.2194,-14.6107)
(308.951,127.59,-86.0498)
(258.504,111.434,-148.692)
(-316.17,-49.5292,32.5082)
(-242.272,-91.6049,69.4294)
(4.47631,313.438,85.6999)
(24.7235,383.356,115.965)
(-241.039,-200.834,20.1183)
(-346.066,-173.069,32.8036)
(23.8768,325.102,-29.8244)
(-52.5471,398.776,-7.48508)
(-272.537,193.734,18.6704)
(-308.058,257.667,93.7017)
(291.197,-115.989,-13.0718)
(243.852,-160.345,75.9945)
(308.621,49.2408,119.681)
(329.145,12.8716,142.027)
(313.975,4.88817,81.4058)
(219.756,113.631,135.403)
(332.576,2.22495,83.7049)
(274.243,-27.0477,97.3047)
(307.881,55.4581,125.032)
(347.393,52.8867,133.467)
(85.5249,-305.283,113.019)
(-0.898629,-308.219,62.6036)
(86.6754,-303.519,115.307)
(130.669,-403.907,19.8407)
(186.651,253.265,-96.7273)
(183.53,160.992,11.6773)
(131.635,-294.766,105.015)
(122.917,-313.595,142.705)
(-116.091,305.918,-111.133)
(10.2789,273.51,-46.9275)
(-114.225,308.079,-109.847)
(-160,303.564,-55.4503)
(248.645,-188.995,-12.305)
(298.546,-143.785,-37.537)
(-38.8349,311.535,16.1524)
(-53.9279,336.384,-52.2655)
(217.946,244.512,54.697)
(110.06,194.785,-30.2506)
(-206.185,-235.606,38.1093)
(-174.689,-144.16,23.0371)
(-206.231,-234.701,36.8208)
(-229.632,-272.212,-32.6565)
(-274.348,157.39,-119.842)
(-260.778,127.832,-44.1935)
(-276.762,168.315,-117.927)
(-296.37,174.574,-113.259)
(63.7845,-316.458,5.25485)
(22.6926,-288.32,-25.4871)
(-256.757,181.64,-5.11623)
(-247.149,36.4295,47.2838)
(255.804,-217.007,3.09239)
(263.745,-199.158,34.0122)
(-242.662,222.049,-0.532571)
(-265.286,311.079,77.5835)
(294.531,110.469,-31.3435)
(251.38,43.6257,-83.3774)
(294.488,109.07,-32.5486)
(309.47,193.246,-59.3226)
(-261.114,-174.887,52.9263)
(-321.834,-221.415,-45.32)
(-265.426,-179.546,94.0171)
(-395.284,-134.413,125.381)
(-30.4567,321.404,-120.744)
(-52.7109,354.957,-110.216)
(292.146,-139.018,-73.4006)
(289.059,-42.1131,-149.942)
(289.74,-140.151,-79.2705)
(397.254,-122.594,18.4454)
(91.6209,319.125,-105.908)
(117.543,269.01,-123.524)
(-100.788,305.238,-38.5572)
(-144.885,274.148,-36.695)
(121.216,-306.768,42.2301)
(170.864,-336.989,4.50058)
(-300.397,86.2311,-31.6978)
(-271.221,106.917,-74.1937)
(-306.998,83.9547,-30.5875)
(-237.758,96.6217,-111.757)
(239.061,-202.169,69.1974)
(170.308,-167.925,81.3354)
(228.21,216.096,39.7509)
(195.918,272.11,-19.5827)
(114.227,-293.058,35.5836)
(84.7742,-292.127,-50.5353)
(113.144,-293.783,35.3795)
(80.8247,-273.23,48.0607)
(11.8065,-313.032,-60.002)
(12.6443,-320.668,-85.9344)
(16.96,-331.952,-48.4062)
(81.7445,-243.168,-25.7328)
(-214.077,-228.779,37.4337)
(-257.646,-295.603,27.9565)
(-25.2738,312.401,70.9852)
(-15.1371,281.178,7.24476)
(-118.841,302.071,-10.5002)
(-45.7142,245.436,7.46266)
(-113.315,301.568,-14.048)
(-150.135,383.424,-2.64721)
(-316.989,25.9268,50.0832)
(-297.95,96.5415,97.4883)
(-92.4244,-301.177,100.434)
(-14.7397,-342.776,63.2944)
(-109.988,-300.789,87.1209)
(-34.3327,-364.012,41.5971)
(175.615,263.548,-89.6307)
(210.737,387.762,-154.976)
(135.913,302.399,54.1152)
(215.092,362.874,-8.86029)
(294.314,-134.34,-42.4009)
(416.279,-263.9,-54.7696)
(299.918,-143.183,-34.0628)
(328.345,-219.684,-31.4097)
(297.694,-144.504,-33.2737)
(335.393,-138.515,-12.6432)
(-213.261,235.977,70.6258)
(-148.849,244.516,27.3265)
(-213.355,234.374,70.7099)
(-253.514,158.736,11.63)
(191.157,-246.397,88.1438)
(240.9,-280.559,137.791)
(74.7296,313.467,-111.067)
(148.953,317.121,-61.4025)
(70.8635,315.167,-109.87)
(110.785,282.795,-198.18)
(-233.04,209.857,-91.7864)
(-220.612,274.594,-5.08792)
(177.814,-260.746,115.912)
(264.364,-284.227,61.7526)
(-269.264,-188.071,-68.7954)
(-209.414,-230.746,-45.0906)
(-272.971,-185.816,-96.0556)
(-297.182,-151.522,-17.7321)
(134.268,289.59,104.4)
(287.814,207.101,174.026)
(319.371,-60.936,114.284)
(362.175,-76.3203,65.3656)
(317.808,15.3742,8.14354)
(324.259,-87.7175,-3.18074)
(318.895,14.6128,7.40798)
(255.324,-20.3494,31.6229)
(-312.768,46.8528,-5.08657)
(-349.849,-8.68213,-56.7598)
(292.634,-116.095,20.6758)
(262.484,-123.019,67.6231)
(-216.497,-236.887,-13.2305)
(-201.789,-226.879,-14.3587)
(-214.447,-234.557,-13.6222)
(-217.792,-207.513,-62.5327)
(316.826,116.787,10.0075)
(372.648,39.2407,110.6)
(221.059,234.793,-29.5676)
(213.98,270.804,-30.3966)
(-224.967,238.432,-79.5041)
(-154.052,294.44,-109.777)
(-226.089,236.862,-81.4712)
(-282.514,266.281,-136.977)
(323.21,66.0334,47.4274)
(346.639,45.5251,120.325)
(-254.609,-199.317,28.1084)
(-187.364,-287.317,55.2888)
(-252.301,-204.716,27.1778)
(-240.541,-190.127,51.2275)
(-250.46,-217.97,-120.221)
(-239.477,-134.812,-121.78)
(262.282,-175.945,91.8842)
(183.063,-252.296,212.196)
(200.242,246.566,-100.47)
(172.127,273.809,-95.811)
(202.955,248.611,-93.4985)
(222.316,143.222,-83.2891)
(-185.489,-254.661,109.87)
(-105.446,-207.993,110.015)
(289.634,-171.674,-86.2578)
(202.196,-173.1,4.21715)
(-243.109,205.425,-38.954)
(-156.915,223.2,-18.9256)
(304.363,-112.935,18.8585)
(274.472,-108.993,-34.4678)
(47.6565,323.135,45.3956)
(10.3921,268.781,54.2877)
(50.2432,328.889,45.544)
(4.50404,442.967,-4.24988)
(-260.105,-208.117,-30.0449)
(-324.968,-190.605,-25.5199)
(302.778,-83.515,111.261)
(305.56,-121.697,184.495)
(281.283,158.215,11.5778)
(225.522,217.494,-54.9164)
(276.89,160.743,10.8864)
(310.179,112.103,33.0439)
(-138.98,293.559,-17.0408)
(-80.8604,233.88,-44.1337)
(-139.537,301.372,-9.3475)
(-137.874,299.547,-18.6977)
(-18.1626,-312.686,16.0987)
(-4.49061,-159.898,-6.55457)
(57.2861,-308.789,-79.1942)
(100.603,-350.341,-40.0684)
(-196.77,262.955,66.4647)
(-168.533,215.139,64.4058)
(-125.976,-287.114,32.2837)
(-92.1388,-332.784,102.539)
(-153.684,274.571,-35.4005)
(-111.549,341.508,8.77889)
(-153.403,286.821,-32.1535)
(-147.081,371.974,-75.6531)
(-159.834,285.368,-31.943)
(-144.231,283.308,-155.331)
(310.429,-88.7105,94.7096)
(373.332,-169.187,134.643)
(-312.825,16.4654,-45.9907)
(-291.272,47.0406,-75.9663)
(322.705,-9.95263,29.4784)
(159.586,14.3734,171.156)
(329.405,0.537978,22.7993)
(347.904,40.0471,37.8128)
(-303.925,-112.862,20.7343)
(-252.766,-144.024,-46.2712)
(292.487,151.101,-31.0285)
(259.311,33.1277,53.3792)
(184.937,-275.217,-26.7238)
(302.016,-173.36,-30.2265)
(325.106,51.709,-123.029)
(383.431,-62.441,-158.071)
(306.481,89.2943,-78.713)
(303.866,79.6045,-23.1785)
(312.318,86.9295,-69.2972)
(321.633,38.1222,10.1176)
(200.846,-239.05,49.2063)
(168.462,-148.198,94.7147)
(-10.1899,318.572,-60.331)
(35.482,331.539,-105.954)
(-13.3126,322.121,-67.5283)
(-49.0783,356.499,-2.07214)
(237.54,219.35,59.4129)
(212.8,168.677,17.0887)
(306.414,-77.483,92.7679)
(349.117,-114.166,137.871)
(-300.21,93.3375,9.57319)
(-231.065,38.4821,13.936)
(255.944,-180.359,-22.7877)
(237.639,-127.456,7.61568)
(316.103,12.4354,-114.253)
(310.083,-80.5767,-15.6152)
(-26.6128,319.332,-43.8391)
(-73.6884,330.692,-92.2553)
(-30.1206,318.754,-43.4662)
(138.189,309.023,-103.602)
(254.704,188.994,-85.1836)
(262.57,86.8599,-196.015)
(257.474,188.609,-84.9988)
(371.778,260.035,-34.6799)
(74.0509,-303.996,-29.6181)
(42.1684,-270.285,-27.7764)
(-264.543,176.987,16.9926)
(-318.327,214.884,99.1393)
(324.117,19.0175,107.498)
(250.329,25.9367,91.9562)
(234.916,-224.94,-13.6454)
(229.905,-277.56,7.18471)
(-119.506,289.836,20.2881)
(-168.737,301.849,107.232)
0 events have been kept for refreshing and/or reviewing.
  "/vis/reviewKeptEvents" to review them one by one.
  "/vis/enable", then "/vis/viewer/flush" or "/vis/viewer/rebuild" to see them accumulated.
[Core-0] End of macro ./split/.Gate/main130/main10.mac
Graphics systems deleted.
Visualization Manager deleting...
