[G4] 
[G4] **************************************************************
[G4]  Geant4 version Name: geant4-10-07-patch-02    (11-June-2021)
[G4]                        Copyright : Geant4 Collaboration
[G4]                       References : NIM A 506 (2003), 250-303
[G4]                                  : IEEE-TNS 53 (2006), 270-278
[G4]                                  : NIM A 835 (2016), 186-225
[G4]                              WWW : http://geant4.org/
[G4] **************************************************************
[G4] 
[Core-0] Initialization of geometry
[Core-0] Initialization of physics
[Core-0] Initialization of actors
[Core-0] 
[Core-0] *************************************************
[Core-0]  GATE version 9.1 (2021)
[Core-0]  Copyright : OpenGATE Collaboration
[Core-0]  Reference : Phys. Med. Biol. 49 (2004) 4543-4561
[Core-0]  Reference : Phys. Med. Biol. 56 (2011) 881-901
[Core-0]  Reference : Med. Phys. 41(6)    (2014)
[Core-0]  http://www.opengatecollaboration.org        
[Core-0] *************************************************
[Core-0] 
[Core-0] You are using Geant4 version 10.7.2
[Core-0] Starting macro ./split/.Gate/main20/main7.mac

GATE object:        'systems/cylindricalPET'
Components:

GATE object:        'systems/cylindricalPET/base'
Attached to volume: cylindricalPET
Nb of children:       1

	GATE object:        'systems/cylindricalPET/rsector'
	Attached to volume: head
	Nb of children:       1

		GATE object:        'systems/cylindricalPET/module'
		Attached to volume: ---
		Nb of children:       1

			GATE object:        'systems/cylindricalPET/submodule'
			Attached to volume: ---
			Nb of children:       1

				GATE object:        'systems/cylindricalPET/crystal'
				Attached to volume: Detector
				Nb of children:       4

					GATE object:        'systems/cylindricalPET/layer0'
					Attached to volume: Coating_Layer
					Nb of children:       0

					GATE object:        'systems/cylindricalPET/layer1'
					Attached to volume: PbWO4_crystal
					Nb of children:       0

					GATE object:        'systems/cylindricalPET/layer2'
					Attached to volume: PhotElec_Layer
					Nb of children:       0

					GATE object:        'systems/cylindricalPET/layer3'
					Attached to volume: ---
					Nb of children:       0
geometrical design type: 1
ring diameter: 59.9999 cm 
rsector axial pitch: 0 fm 
rsector azimuthal pitch: 360 degree
rsector tangential size: 10 cm 
rsector axial size: 10 cm 
module axial size: 10 cm 
module tangential size: 10 cm 
module axial pitch: 0 fm 
module tangential pitch: 0 fm 
submodule axial size: 10 cm 
submodule tangential size: 10 cm 
submodule axial pitch: 0 fm 
submodule tangential pitch: 0 fm 
crystal radial size: 2.2 cm 
crystal axial size: 10 cm 
crystal tangential size: 10 cm 
crystal axial pitch: 0 fm 
crystal tangential pitch: 0 fm 
layer0 radial size: 1 um 
in layer0 interaction length: 500 nm 
layer1 radial size: 2 cm 
in layer1 interaction length: 1 cm 
layer2 radial size: 25 nm 
in layer2 interaction length: 12.5 nm 
Axial nb of rsectors: 1
Azimuthal nb of rsectors: 1
Axial nb of modules: 1
Tangential nb of modules: 1
Axial nb of submodules: 1
Tangential nb of submodules: 1
Axial nb of crystals: 1
Tangential nb of crystals: 1
Radial nb of layers: 3


List of Enabled processes:


   ===  Process: Bremsstrahlung  ===
Particle: e+
    * Model(s):
       - StandardModel
Particle: e-
    * Model(s):
       - StandardModel

   ===  Process: Cerenkov  ===
Particle: e+
Particle: e-
Particle: mu+
Particle: mu-
Particle: tau+
Particle: tau-
Particle: pi+
Particle: pi-
Particle: kaon+
Particle: kaon-
Particle: sigma+
Particle: sigma-
Particle: proton
Particle: anti_proton
Particle: xi-
Particle: anti_xi-
Particle: anti_sigma+
Particle: anti_sigma-
Particle: omega-
Particle: anti_omega-
Particle: deuteron
Particle: triton
Particle: He3
Particle: alpha
Particle: GenericIon

   ===  Process: Compton  ===
Particle: gamma
    * Model(s):
       - StandardModel

   ===  Process: ElectronIonisation  ===
Particle: e+
    * Model(s):
       - StandardModel
Particle: e-
    * Model(s):
       - StandardModel

   ===  Process: OpticalAbsorption  ===
Particle: opticalphoton

   ===  Process: OpticalBoundary  ===
Particle: opticalphoton

   ===  Process: OpticalMie  ===
Particle: opticalphoton

   ===  Process: OpticalRayleigh  ===
Particle: opticalphoton

   ===  Process: OpticalWLS  ===
Particle: opticalphoton

   ===  Process: PhotoElectric  ===
Particle: gamma
    * Model(s):
       - StandardModel

   ===  Process: PositronAnnihilation  ===
Particle: e+

   ===  Process: RayleighScattering  ===
Particle: gamma
    * Model(s):
       - PenelopeModel

   ===  Process: Scintillation  ===
Particle: e+
Particle: e-
Particle: mu+
Particle: mu-
Particle: tau+
Particle: tau-
Particle: pi+
Particle: pi-
Particle: kaon+
Particle: kaon-
Particle: sigma+
Particle: sigma-
Particle: proton
Particle: anti_proton
Particle: xi-
Particle: anti_xi-
Particle: anti_sigma+
Particle: anti_sigma-
Particle: omega-
Particle: anti_omega-
Particle: deuteron
Particle: triton
Particle: He3
Particle: alpha
Particle: GenericIon
Particle: neutron
Particle: gamma

   ===  Process: eMultipleScattering  ===
Particle: e+
    * Model(s):
       - <!> *** Warning *** <!> No model selected!
Particle: e-
    * Model(s):
       - <!> *** Warning *** <!> No model selected!



List of initialized processes:


[Core-0] Initialization of geometry
[Core-0] Initialization of physics
[Physic-0] WARNING: manual physic lists are being deprecated.
Please, use physics list builder mechanism instead. Related documentation can be found at:
http://wiki.opengatecollaboration.org/index.php/Users_Guide:Setting_up_the_physics
[Core-0] Initialization of actors
GateSourceMgr::ListSources: List of the sources in the source manager
Source --------------> flash
  ID                 : 0
  type               : gps
  activity (Bq)      : 50000
  startTime (s)      : 0
  time (s)           : 0
  forcedUnstable     : 0
  forcedHalfLife (s) : -0.693147
  verboseLevel       : 0
  relative to vol    : world
---------------------- 

[Acquisition-0]   
[Acquisition-0] ============= Source initialization =============
[Acquisition-0]   
[Acquisition-0] ============= Acquisition starts! =============
[Acquisition-0] Simulation start time = 0 sec
[Acquisition-0] Simulation end time   = 1 sec
[Acquisition-0] Simulation will have  = 1 run(s)
[Acquisition-0] Slice 0 from 0 to 1 s [slice=1 s]

Compton:  for gamma applyCuts:1  SubType=13 BuildTable=1
      Lambda table from 100 eV  to 1 MeV, 7 bins/decade, spline: 1
      LambdaPrime table from 1 MeV to 100 TeV in 56 bins 
      ===== EM models for the G4Region  DefaultRegionForTheWorld ======
       Klein-Nishina : Emin=    0 eV  Emax=  100 TeV

PhotoElectric:  for gamma applyCuts:1  SubType=12 BuildTable=0
      LambdaPrime table from 200 keV to 100 TeV in 61 bins 
      ===== EM models for the G4Region  DefaultRegionForTheWorld ======
       PhotoElectric : Emin=    0 eV  Emax=  100 TeV  SauterGavrila

RayleighScattering:  for gamma applyCuts:1  SubType=11 BuildTable=1
      Lambda table from 100 eV  to 100 keV, 7 bins/decade, spline: 0
      LambdaPrime table from 100 keV to 100 TeV in 63 bins 
      ===== EM models for the G4Region  DefaultRegionForTheWorld ======
         PenRayleigh : Emin=    0 eV  Emax=  100 GeV

Bremsstrahlung:  for e-  SubType=3
      dE/dx and range tables from 100 eV  to 100 TeV in 84 bins
      Lambda tables from threshold to 100 TeV, 7 bins/decade, spline: 1
      LPM flag: 1 for E > 1 GeV,  VertexHighEnergyTh(GeV)= 100000
      ===== EM models for the G4Region  DefaultRegionForTheWorld ======
             eBremSB : Emin=    0 eV  Emax=    1 GeV  ModifiedTsai
            eBremLPM : Emin=    1 GeV Emax=  100 TeV  ModifiedTsai

ElectronIonisation:  for e-  SubType=2
      dE/dx and range tables from 100 eV  to 100 TeV in 84 bins
      Lambda tables from threshold to 100 TeV, 7 bins/decade, spline: 1
      StepFunction=(0.2, 1 mm), integ: 1, fluct: 1, linLossLim= 0.01
      ===== EM models for the G4Region  DefaultRegionForTheWorld ======
        MollerBhabha : Emin=    0 eV  Emax=  100 TeV

msc:  for e-  SubType= 10
      ===== EM models for the G4Region  DefaultRegionForTheWorld ======
            UrbanMsc : Emin=    0 eV  Emax=  100 TeV Nbins=84 100 eV  - 100 TeV
              StepLim=UseSafety Rfact=0.04 Gfact=2.5 Sfact=0.6 DispFlag:1 Skin=1 Llimit=1

Bremsstrahlung:  for e+  SubType=3
      dE/dx and range tables from 100 eV  to 100 TeV in 84 bins
      Lambda tables from threshold to 100 TeV, 7 bins/decade, spline: 1
      LPM flag: 1 for E > 1 GeV,  VertexHighEnergyTh(GeV)= 100000
      ===== EM models for the G4Region  DefaultRegionForTheWorld ======
             eBremSB : Emin=    0 eV  Emax=    1 GeV  ModifiedTsai
            eBremLPM : Emin=    1 GeV Emax=  100 TeV  ModifiedTsai

ElectronIonisation:  for e+  SubType=2
      dE/dx and range tables from 100 eV  to 100 TeV in 84 bins
      Lambda tables from threshold to 100 TeV, 7 bins/decade, spline: 1
      StepFunction=(0.2, 1 mm), integ: 1, fluct: 1, linLossLim= 0.01
      ===== EM models for the G4Region  DefaultRegionForTheWorld ======
        MollerBhabha : Emin=    0 eV  Emax=  100 TeV

annihil:  for e+, integral:1  applyCuts:1  SubType=5 BuildTable=0
      ===== EM models for the G4Region  DefaultRegionForTheWorld ======
            eplus2gg : Emin=    0 eV  Emax=  100 TeV

msc:  for e+  SubType= 10
      ===== EM models for the G4Region  DefaultRegionForTheWorld ======
            UrbanMsc : Emin=    0 eV  Emax=  100 TeV Nbins=84 100 eV  - 100 TeV
              StepLim=UseSafety Rfact=0.04 Gfact=2.5 Sfact=0.6 DispFlag:1 Skin=1 Llimit=1
G4VisManager: Using G4TrajectoryDrawByCharge as fallback trajectory model.
See commands in /vis/modeling/trajectories/ for other options.
0 events have been kept for refreshing and/or reviewing.
  "/vis/reviewKeptEvents" to review them one by one.
  "/vis/enable", then "/vis/viewer/flush" or "/vis/viewer/rebuild" to see them accumulated.
[Core-0] End of macro ./split/.Gate/main20/main7.mac
Graphics systems deleted.
Visualization Manager deleting...
