[G4] 
[G4] **************************************************************
[G4]  Geant4 version Name: geant4-10-07-patch-02    (11-June-2021)
[G4]                        Copyright : Geant4 Collaboration
[G4]                       References : NIM A 506 (2003), 250-303
[G4]                                  : IEEE-TNS 53 (2006), 270-278
[G4]                                  : NIM A 835 (2016), 186-225
[G4]                              WWW : http://geant4.org/
[G4] **************************************************************
[G4] 
[Core-0] Initialization of geometry
[Core-0] Initialization of physics
[Core-0] Initialization of actors
[Core-0] 
[Core-0] *************************************************
[Core-0]  GATE version 9.1 (2021)
[Core-0]  Copyright : OpenGATE Collaboration
[Core-0]  Reference : Phys. Med. Biol. 49 (2004) 4543-4561
[Core-0]  Reference : Phys. Med. Biol. 56 (2011) 881-901
[Core-0]  Reference : Med. Phys. 41(6)    (2014)
[Core-0]  http://www.opengatecollaboration.org        
[Core-0] *************************************************
[Core-0] 
[Core-0] You are using Geant4 version 10.7.2
[Core-0] Starting macro ./split/.Gate/main122/main1.mac
0: RINDEX
1.84e-06   1.00028
4.08e-06   1.00028
9: GROUPVEL
1.84e-06   299.709
4.08e-06   299.709
16: ABSLENGTH
1.84e-06   50000
4.08e-06   50000
 <!> *** WARNING *** <!>  GateMaterialDatabase: Multiple definition of element: Yttrium.
The definition in ClMind_GateMaterials.db was used.


GATE object:        'systems/cylindricalPET'
Components:

GATE object:        'systems/cylindricalPET/base'
Attached to volume: cylindricalPET
Nb of children:       1

	GATE object:        'systems/cylindricalPET/rsector'
	Attached to volume: module
	Nb of children:       1

		GATE object:        'systems/cylindricalPET/module'
		Attached to volume: unit
		Nb of children:       1

			GATE object:        'systems/cylindricalPET/submodule'
			Attached to volume: block
			Nb of children:       1

				GATE object:        'systems/cylindricalPET/crystal'
				Attached to volume: optical
				Nb of children:       4

					GATE object:        'systems/cylindricalPET/layer0'
					Attached to volume: crystal
					Nb of children:       0

					GATE object:        'systems/cylindricalPET/layer1'
					Attached to volume: ---
					Nb of children:       0

					GATE object:        'systems/cylindricalPET/layer2'
					Attached to volume: ---
					Nb of children:       0

					GATE object:        'systems/cylindricalPET/layer3'
					Attached to volume: ---
					Nb of children:       0
geometrical design type: 1
ring diameter: -3.95 mm 
rsector axial pitch: 0 fm 
rsector azimuthal pitch: 12.8571 degree
rsector tangential size: 2.5 cm 
rsector axial size: 25.04 cm 
module axial size: 4.784 cm 
module tangential size: 2.5 cm 
module axial pitch: 0 fm 
module tangential pitch: 0 fm 
submodule axial size: 4.784 cm 
submodule tangential size: 2.5 cm 
submodule axial pitch: 0 fm 
submodule tangential pitch: 0 fm 
crystal radial size: 1.59 cm 
crystal axial size: 1.59 cm 
crystal tangential size: 2.5 cm 
crystal axial pitch: 0 fm 
crystal tangential pitch: 0 fm 
layer0 radial size: 3.95 mm 
in layer0 interaction length: 1.975 mm 
Axial nb of rsectors: 1
Azimuthal nb of rsectors: 28
Axial nb of modules: 1
Tangential nb of modules: 1
Axial nb of submodules: 1
Tangential nb of submodules: 1
Axial nb of crystals: 1
Tangential nb of crystals: 1
Radial nb of layers: 1
[Physic-0] The following Geant4's physic-list is enabled :emstandard_opt3


List of Enabled processes:




List of initialized processes:


[Core-0] Initialization of geometry
[Core-0] Initialization of physics
[Core-0] Initialization of actors
 <!> *** WARNING *** <!>  The 'energytype' option is DEPRECATED, use 'ene/type' instead!
 <!> *** WARNING *** <!>  The 'energytype' option is DEPRECATED, use 'ene/type' instead!
 <!> *** WARNING *** <!>  The 'energytype' option is DEPRECATED, use 'ene/type' instead!
 <!> *** WARNING *** <!>  The 'energytype' option is DEPRECATED, use 'ene/type' instead!
 <!> *** WARNING *** <!>  The 'energytype' option is DEPRECATED, use 'ene/type' instead!
 <!> *** WARNING *** <!>  The 'energytype' option is DEPRECATED, use 'ene/type' instead!
 <!> *** WARNING *** <!>  The 'energytype' option is DEPRECATED, use 'ene/type' instead!
 <!> *** WARNING *** <!>  The 'energytype' option is DEPRECATED, use 'ene/type' instead!
 <!> *** WARNING *** <!>  The 'energytype' option is DEPRECATED, use 'ene/type' instead!
[Acquisition-0]   
[Acquisition-0] ============= Source initialization =============
[Acquisition-0]   
[Acquisition-0] ============= Acquisition starts! =============
[Acquisition-0] Simulation start time = 0 sec
[Acquisition-0] Simulation end time   = 1 sec
[Acquisition-0] Simulation will have  = 1 run(s)
[Acquisition-0] Slice 0 from 0 to 1 s [slice=1 s]

### ===  Deexcitation model UAtomDeexcitation is activated for 25 regions:
          DefaultRegionForTheWorld  1  1  1
          cylindricalPET  1  1  1
          module  1  1  1
          unit  1  1  1
          block  1  1  1
          optical  1  1  1
          crystal  1  1  1
          capillaire1  1  1  1
          capillaire1_water  1  1  1
          capillaire2  1  1  1
          capillaire2_water  1  1  1
          capillaire3  1  1  1
          capillaire3_water  1  1  1
          capillaire4  1  1  1
          capillaire4_water  1  1  1
          capillaire5  1  1  1
          capillaire5_water  1  1  1
          capillaire_m1  1  1  1
          capillaire_m1_water  1  1  1
          capillaire_m2  1  1  1
          capillaire_m2_water  1  1  1
          capillaire_m3  1  1  1
          capillaire_m3_water  1  1  1
          capillaire_m4  1  1  1
          capillaire_m4_water  1  1  1
### ===  Ignore cuts flag:   0

phot:  for gamma applyCuts:1  SubType=12 BuildTable=0
      LambdaPrime table from 200 keV to 100 TeV in 174 bins 
      ===== EM models for the G4Region  DefaultRegionForTheWorld ======
 LivermorePhElectric : Emin=    0 eV  Emax=  100 TeV  SauterGavrila Fluo

compt:  for gamma applyCuts:1  SubType=13 BuildTable=1
      Lambda table from 10 eV  to 1 MeV, 20 bins/decade, spline: 1
      LambdaPrime table from 1 MeV to 100 TeV in 160 bins 
      ===== EM models for the G4Region  DefaultRegionForTheWorld ======
        KleinNishina : Emin=    0 eV  Emax=  100 TeV Fluo

conv:  for gamma applyCuts:1  SubType=14 BuildTable=1
      Lambda table from 1.022 MeV to 100 TeV, 20 bins/decade, spline: 1
      ===== EM models for the G4Region  DefaultRegionForTheWorld ======
     BetheHeitlerLPM : Emin=    0 eV  Emax=  100 TeV  ModifiedTsai

Rayl:  for gamma applyCuts:1  SubType=11 BuildTable=1
      Lambda table from 10 eV  to 100 keV, 20 bins/decade, spline: 0
      LambdaPrime table from 100 keV to 100 TeV in 180 bins 
      ===== EM models for the G4Region  DefaultRegionForTheWorld ======
   LivermoreRayleigh : Emin=    0 eV  Emax=  100 TeV  CullenGenerator

msc:  for e-  SubType= 10
      ===== EM models for the G4Region  DefaultRegionForTheWorld ======
            UrbanMsc : Emin=    0 eV  Emax=  100 TeV Nbins=240 100 eV  - 100 TeV
              StepLim=DistanceToBoundary Rfact=0.04 Gfact=2.5 Sfact=0.6 DispFlag:1 Skin=1 Llimit=1

eIoni:  for e-  SubType=2
      dE/dx and range tables from 10 eV  to 100 TeV in 260 bins
      Lambda tables from threshold to 100 TeV, 20 bins/decade, spline: 1
      StepFunction=(0.2, 0.1 mm), integ: 1, fluct: 1, linLossLim= 0.01
      ===== EM models for the G4Region  DefaultRegionForTheWorld ======
        MollerBhabha : Emin=    0 eV  Emax=  100 TeV  deltaVI

eBrem:  for e-  SubType=3
      dE/dx and range tables from 10 eV  to 100 TeV in 260 bins
      Lambda tables from threshold to 100 TeV, 20 bins/decade, spline: 1
      LPM flag: 1 for E > 1 GeV,  VertexHighEnergyTh(GeV)= 100000
      ===== EM models for the G4Region  DefaultRegionForTheWorld ======
             eBremSB : Emin=    0 eV  Emax=    1 GeV  AngularGen2BS
            eBremLPM : Emin=    1 GeV Emax=  100 TeV  AngularGen2BS

ePairProd:  for e-  SubType=4
      dE/dx and range tables from 10 eV  to 100 TeV in 260 bins
      Lambda tables from threshold to 100 TeV, 20 bins/decade, spline: 1
      Sampling table 25x1001; from 0.1 GeV to 100 TeV 
      ===== EM models for the G4Region  DefaultRegionForTheWorld ======
           ePairProd : Emin=    0 eV  Emax=  100 TeV  ModifiedMephi

msc:  for e+  SubType= 10
      ===== EM models for the G4Region  DefaultRegionForTheWorld ======
            UrbanMsc : Emin=    0 eV  Emax=  100 TeV Nbins=240 100 eV  - 100 TeV
              StepLim=DistanceToBoundary Rfact=0.04 Gfact=2.5 Sfact=0.6 DispFlag:1 Skin=1 Llimit=1

eIoni:  for e+  SubType=2
      dE/dx and range tables from 10 eV  to 100 TeV in 260 bins
      Lambda tables from threshold to 100 TeV, 20 bins/decade, spline: 1
      StepFunction=(0.2, 0.1 mm), integ: 1, fluct: 1, linLossLim= 0.01
      ===== EM models for the G4Region  DefaultRegionForTheWorld ======
        MollerBhabha : Emin=    0 eV  Emax=  100 TeV  deltaVI

eBrem:  for e+  SubType=3
      dE/dx and range tables from 10 eV  to 100 TeV in 260 bins
      Lambda tables from threshold to 100 TeV, 20 bins/decade, spline: 1
      LPM flag: 1 for E > 1 GeV,  VertexHighEnergyTh(GeV)= 100000
      ===== EM models for the G4Region  DefaultRegionForTheWorld ======
             eBremSB : Emin=    0 eV  Emax=    1 GeV  AngularGen2BS
            eBremLPM : Emin=    1 GeV Emax=  100 TeV  AngularGen2BS

ePairProd:  for e+  SubType=4
      dE/dx and range tables from 10 eV  to 100 TeV in 260 bins
      Lambda tables from threshold to 100 TeV, 20 bins/decade, spline: 1
      Sampling table 25x1001; from 0.1 GeV to 100 TeV 
      ===== EM models for the G4Region  DefaultRegionForTheWorld ======
           ePairProd : Emin=    0 eV  Emax=  100 TeV  ModifiedMephi

annihil:  for e+, integral:1  applyCuts:1  SubType=5 BuildTable=0
      ===== EM models for the G4Region  DefaultRegionForTheWorld ======
            eplus2gg : Emin=    0 eV  Emax=  100 TeV

msc:  for proton  SubType= 10
      ===== EM models for the G4Region  DefaultRegionForTheWorld ======
            UrbanMsc : Emin=    0 eV  Emax=  100 TeV Nbins=240 100 eV  - 100 TeV
              StepLim=Minimal Rfact=0.2 Gfact=2.5 Sfact=0.6 DispFlag:1 Skin=1 Llimit=1

hIoni:  for proton  SubType=2
      dE/dx and range tables from 10 eV  to 100 TeV in 260 bins
      Lambda tables from threshold to 100 TeV, 20 bins/decade, spline: 1
      StepFunction=(0.2, 0.05 mm), integ: 1, fluct: 1, linLossLim= 0.01
      ===== EM models for the G4Region  DefaultRegionForTheWorld ======
               Bragg : Emin=    0 eV  Emax=    2 MeV  deltaVI
          BetheBloch : Emin=    2 MeV Emax=  100 TeV  deltaVI

hBrems:  for proton  SubType=3
      dE/dx and range tables from 10 eV  to 100 TeV in 260 bins
      Lambda tables from threshold to 100 TeV, 20 bins/decade, spline: 1
      ===== EM models for the G4Region  DefaultRegionForTheWorld ======
               hBrem : Emin=    0 eV  Emax=  100 TeV  ModifiedMephi
      ===== Limit on energy threshold has been applied 

hPairProd:  for proton  SubType=4
      dE/dx and range tables from 10 eV  to 100 TeV in 260 bins
      Lambda tables from threshold to 100 TeV, 20 bins/decade, spline: 1
      Sampling table 17x1001; from 7.50618 GeV to 100 TeV 
      ===== EM models for the G4Region  DefaultRegionForTheWorld ======
           hPairProd : Emin=    0 eV  Emax=  100 TeV  ModifiedMephi

nuclearStopping:  for proton applyCuts:1  SubType=8 BuildTable=0
      ===== EM models for the G4Region  DefaultRegionForTheWorld ======
   ICRU49NucStopping : Emin=    0 eV  Emax=    1 MeV

msc:  for GenericIon  SubType= 10
      ===== EM models for the G4Region  DefaultRegionForTheWorld ======
            UrbanMsc : Emin=    0 eV  Emax=  100 TeV
              StepLim=Minimal Rfact=0.2 Gfact=2.5 Sfact=0.6 DispFlag:1 Skin=1 Llimit=1

ionIoni:  for GenericIon  SubType=2
      dE/dx and range tables from 10 eV  to 100 TeV in 260 bins
      Lambda tables from threshold to 100 TeV, 20 bins/decade, spline: 1
      StepFunction=(0.1, 0.02 mm), integ: 1, fluct: 1, linLossLim= 0.02
      ===== EM models for the G4Region  DefaultRegionForTheWorld ======
         ParamICRU73 : Emin=    0 eV  Emax=  100 TeV  deltaVI

nuclearStopping:  for GenericIon applyCuts:1  SubType=8 BuildTable=0
      ===== EM models for the G4Region  DefaultRegionForTheWorld ======
   ICRU49NucStopping : Emin=    0 eV  Emax=    1 MeV

msc:  for alpha  SubType= 10
      ===== EM models for the G4Region  DefaultRegionForTheWorld ======
            UrbanMsc : Emin=    0 eV  Emax=  100 TeV Nbins=240 100 eV  - 100 TeV
              StepLim=Minimal Rfact=0.2 Gfact=2.5 Sfact=0.6 DispFlag:1 Skin=1 Llimit=1

ionIoni:  for alpha  SubType=2
      dE/dx and range tables from 10 eV  to 100 TeV in 260 bins
      Lambda tables from threshold to 100 TeV, 20 bins/decade, spline: 1
      StepFunction=(0.1, 0.02 mm), integ: 1, fluct: 1, linLossLim= 0.02
      ===== EM models for the G4Region  DefaultRegionForTheWorld ======
            BraggIon : Emin=    0 eV  Emax=7.9452 MeV  deltaVI
          BetheBloch : Emin=7.9452 MeV Emax=  100 TeV  deltaVI

nuclearStopping:  for alpha applyCuts:1  SubType=8 BuildTable=0
      ===== EM models for the G4Region  DefaultRegionForTheWorld ======
   ICRU49NucStopping : Emin=    0 eV  Emax=    1 MeV

msc:  for anti_proton  SubType= 10
      ===== EM models for the G4Region  DefaultRegionForTheWorld ======
            UrbanMsc : Emin=    0 eV  Emax=  100 TeV Nbins=240 100 eV  - 100 TeV
              StepLim=Minimal Rfact=0.2 Gfact=2.5 Sfact=0.6 DispFlag:1 Skin=1 Llimit=1

hIoni:  for anti_proton  SubType=2
      dE/dx and range tables from 10 eV  to 100 TeV in 260 bins
      Lambda tables from threshold to 100 TeV, 20 bins/decade, spline: 1
      StepFunction=(0.2, 0.05 mm), integ: 1, fluct: 1, linLossLim= 0.01
      ===== EM models for the G4Region  DefaultRegionForTheWorld ======
            ICRU73QO : Emin=    0 eV  Emax=    2 MeV  deltaVI
          BetheBloch : Emin=    2 MeV Emax=  100 TeV  deltaVI

hBrems:  for anti_proton  SubType=3
      dE/dx and range tables from 10 eV  to 100 TeV in 260 bins
      Lambda tables from threshold to 100 TeV, 20 bins/decade, spline: 1
      ===== EM models for the G4Region  DefaultRegionForTheWorld ======
               hBrem : Emin=    0 eV  Emax=  100 TeV  ModifiedMephi
      ===== Limit on energy threshold has been applied 

hPairProd:  for anti_proton  SubType=4
      dE/dx and range tables from 10 eV  to 100 TeV in 260 bins
      Lambda tables from threshold to 100 TeV, 20 bins/decade, spline: 1
      Sampling table 17x1001; from 7.50618 GeV to 100 TeV 
      ===== EM models for the G4Region  DefaultRegionForTheWorld ======
           hPairProd : Emin=    0 eV  Emax=  100 TeV  ModifiedMephi

msc:  for kaon+  SubType= 10
      ===== EM models for the G4Region  DefaultRegionForTheWorld ======
            UrbanMsc : Emin=    0 eV  Emax=  100 TeV Nbins=240 100 eV  - 100 TeV
              StepLim=Minimal Rfact=0.2 Gfact=2.5 Sfact=0.6 DispFlag:1 Skin=1 Llimit=1

hIoni:  for kaon+  SubType=2
      dE/dx and range tables from 10 eV  to 100 TeV in 260 bins
      Lambda tables from threshold to 100 TeV, 20 bins/decade, spline: 1
      StepFunction=(0.2, 0.05 mm), integ: 1, fluct: 1, linLossLim= 0.01
      ===== EM models for the G4Region  DefaultRegionForTheWorld ======
               Bragg : Emin=    0 eV  Emax=1.05231 MeV  deltaVI
          BetheBloch : Emin=1.05231 MeV Emax=  100 TeV  deltaVI

hBrems:  for kaon+  SubType=3
      dE/dx and range tables from 10 eV  to 100 TeV in 260 bins
      Lambda tables from threshold to 100 TeV, 20 bins/decade, spline: 1
      ===== EM models for the G4Region  DefaultRegionForTheWorld ======
               hBrem : Emin=    0 eV  Emax=  100 TeV  ModifiedMephi
      ===== Limit on energy threshold has been applied 

hPairProd:  for kaon+  SubType=4
      dE/dx and range tables from 10 eV  to 100 TeV in 260 bins
      Lambda tables from threshold to 100 TeV, 20 bins/decade, spline: 1
      Sampling table 18x1001; from 3.94942 GeV to 100 TeV 
      ===== EM models for the G4Region  DefaultRegionForTheWorld ======
           hPairProd : Emin=    0 eV  Emax=  100 TeV  ModifiedMephi

msc:  for kaon-  SubType= 10
      ===== EM models for the G4Region  DefaultRegionForTheWorld ======
            UrbanMsc : Emin=    0 eV  Emax=  100 TeV Nbins=240 100 eV  - 100 TeV
              StepLim=Minimal Rfact=0.2 Gfact=2.5 Sfact=0.6 DispFlag:1 Skin=1 Llimit=1

hIoni:  for kaon-  SubType=2
      dE/dx and range tables from 10 eV  to 100 TeV in 260 bins
      Lambda tables from threshold to 100 TeV, 20 bins/decade, spline: 1
      StepFunction=(0.2, 0.05 mm), integ: 1, fluct: 1, linLossLim= 0.01
      ===== EM models for the G4Region  DefaultRegionForTheWorld ======
            ICRU73QO : Emin=    0 eV  Emax=1.05231 MeV  deltaVI
          BetheBloch : Emin=1.05231 MeV Emax=  100 TeV  deltaVI

hBrems:  for kaon-  SubType=3
      dE/dx and range tables from 10 eV  to 100 TeV in 260 bins
      Lambda tables from threshold to 100 TeV, 20 bins/decade, spline: 1
      ===== EM models for the G4Region  DefaultRegionForTheWorld ======
               hBrem : Emin=    0 eV  Emax=  100 TeV  ModifiedMephi
      ===== Limit on energy threshold has been applied 

hPairProd:  for kaon-  SubType=4
      dE/dx and range tables from 10 eV  to 100 TeV in 260 bins
      Lambda tables from threshold to 100 TeV, 20 bins/decade, spline: 1
      Sampling table 18x1001; from 3.94942 GeV to 100 TeV 
      ===== EM models for the G4Region  DefaultRegionForTheWorld ======
           hPairProd : Emin=    0 eV  Emax=  100 TeV  ModifiedMephi

msc:  for mu+  SubType= 10
      ===== EM models for the G4Region  DefaultRegionForTheWorld ======
            UrbanMsc : Emin=    0 eV  Emax=  100 TeV Nbins=240 100 eV  - 100 TeV
              StepLim=Minimal Rfact=0.2 Gfact=2.5 Sfact=0.6 DispFlag:1 Skin=1 Llimit=1

muIoni:  for mu+  SubType=2
      dE/dx and range tables from 10 eV  to 100 TeV in 260 bins
      Lambda tables from threshold to 100 TeV, 20 bins/decade, spline: 1
      StepFunction=(0.2, 0.05 mm), integ: 1, fluct: 1, linLossLim= 0.01
      ===== EM models for the G4Region  DefaultRegionForTheWorld ======
               Bragg : Emin=    0 eV  Emax=  200 keV  deltaVI
          BetheBloch : Emin=  200 keV Emax=    1 GeV  deltaVI
        MuBetheBloch : Emin=    1 GeV Emax=  100 TeV

muBrems:  for mu+  SubType=3
      dE/dx and range tables from 10 eV  to 100 TeV in 260 bins
      Lambda tables from threshold to 100 TeV, 20 bins/decade, spline: 1
      ===== EM models for the G4Region  DefaultRegionForTheWorld ======
              MuBrem : Emin=    0 eV  Emax=  100 TeV  ModifiedMephi
      ===== Limit on energy threshold has been applied 

muPairProd:  for mu+  SubType=4
      dE/dx and range tables from 10 eV  to 100 TeV in 260 bins
      Lambda tables from threshold to 100 TeV, 20 bins/decade, spline: 1
      Sampling table 21x1001; from 1 GeV to 100 TeV 
      ===== EM models for the G4Region  DefaultRegionForTheWorld ======
          muPairProd : Emin=    0 eV  Emax=  100 TeV  ModifiedMephi

msc:  for mu-  SubType= 10
      ===== EM models for the G4Region  DefaultRegionForTheWorld ======
            UrbanMsc : Emin=    0 eV  Emax=  100 TeV Nbins=240 100 eV  - 100 TeV
              StepLim=Minimal Rfact=0.2 Gfact=2.5 Sfact=0.6 DispFlag:1 Skin=1 Llimit=1

muIoni:  for mu-  SubType=2
      dE/dx and range tables from 10 eV  to 100 TeV in 260 bins
      Lambda tables from threshold to 100 TeV, 20 bins/decade, spline: 1
      StepFunction=(0.2, 0.05 mm), integ: 1, fluct: 1, linLossLim= 0.01
      ===== EM models for the G4Region  DefaultRegionForTheWorld ======
            ICRU73QO : Emin=    0 eV  Emax=  200 keV  deltaVI
          BetheBloch : Emin=  200 keV Emax=    1 GeV  deltaVI
        MuBetheBloch : Emin=    1 GeV Emax=  100 TeV

muBrems:  for mu-  SubType=3
      dE/dx and range tables from 10 eV  to 100 TeV in 260 bins
      Lambda tables from threshold to 100 TeV, 20 bins/decade, spline: 1
      ===== EM models for the G4Region  DefaultRegionForTheWorld ======
              MuBrem : Emin=    0 eV  Emax=  100 TeV  ModifiedMephi
      ===== Limit on energy threshold has been applied 

muPairProd:  for mu-  SubType=4
      dE/dx and range tables from 10 eV  to 100 TeV in 260 bins
      Lambda tables from threshold to 100 TeV, 20 bins/decade, spline: 1
      Sampling table 21x1001; from 1 GeV to 100 TeV 
      ===== EM models for the G4Region  DefaultRegionForTheWorld ======
          muPairProd : Emin=    0 eV  Emax=  100 TeV  ModifiedMephi

msc:  for pi+  SubType= 10
      ===== EM models for the G4Region  DefaultRegionForTheWorld ======
            UrbanMsc : Emin=    0 eV  Emax=  100 TeV Nbins=240 100 eV  - 100 TeV
              StepLim=Minimal Rfact=0.2 Gfact=2.5 Sfact=0.6 DispFlag:1 Skin=1 Llimit=1

hIoni:  for pi+  SubType=2
      dE/dx and range tables from 10 eV  to 100 TeV in 260 bins
      Lambda tables from threshold to 100 TeV, 20 bins/decade, spline: 1
      StepFunction=(0.2, 0.05 mm), integ: 1, fluct: 1, linLossLim= 0.01
      ===== EM models for the G4Region  DefaultRegionForTheWorld ======
               Bragg : Emin=    0 eV  Emax=297.505 keV  deltaVI
          BetheBloch : Emin=297.505 keV Emax=  100 TeV  deltaVI

hBrems:  for pi+  SubType=3
      dE/dx and range tables from 10 eV  to 100 TeV in 260 bins
      Lambda tables from threshold to 100 TeV, 20 bins/decade, spline: 1
      ===== EM models for the G4Region  DefaultRegionForTheWorld ======
               hBrem : Emin=    0 eV  Emax=  100 TeV  ModifiedMephi
      ===== Limit on energy threshold has been applied 

hPairProd:  for pi+  SubType=4
      dE/dx and range tables from 10 eV  to 100 TeV in 260 bins
      Lambda tables from threshold to 100 TeV, 20 bins/decade, spline: 1
      Sampling table 20x1001; from 1.11656 GeV to 100 TeV 
      ===== EM models for the G4Region  DefaultRegionForTheWorld ======
           hPairProd : Emin=    0 eV  Emax=  100 TeV  ModifiedMephi

msc:  for pi-  SubType= 10
      ===== EM models for the G4Region  DefaultRegionForTheWorld ======
            UrbanMsc : Emin=    0 eV  Emax=  100 TeV Nbins=240 100 eV  - 100 TeV
              StepLim=Minimal Rfact=0.2 Gfact=2.5 Sfact=0.6 DispFlag:1 Skin=1 Llimit=1

hIoni:  for pi-  SubType=2
      dE/dx and range tables from 10 eV  to 100 TeV in 260 bins
      Lambda tables from threshold to 100 TeV, 20 bins/decade, spline: 1
      StepFunction=(0.2, 0.05 mm), integ: 1, fluct: 1, linLossLim= 0.01
      ===== EM models for the G4Region  DefaultRegionForTheWorld ======
            ICRU73QO : Emin=    0 eV  Emax=297.505 keV  deltaVI
          BetheBloch : Emin=297.505 keV Emax=  100 TeV  deltaVI

hBrems:  for pi-  SubType=3
      dE/dx and range tables from 10 eV  to 100 TeV in 260 bins
      Lambda tables from threshold to 100 TeV, 20 bins/decade, spline: 1
      ===== EM models for the G4Region  DefaultRegionForTheWorld ======
               hBrem : Emin=    0 eV  Emax=  100 TeV  ModifiedMephi
      ===== Limit on energy threshold has been applied 

hPairProd:  for pi-  SubType=4
      dE/dx and range tables from 10 eV  to 100 TeV in 260 bins
      Lambda tables from threshold to 100 TeV, 20 bins/decade, spline: 1
      Sampling table 20x1001; from 1.11656 GeV to 100 TeV 
      ===== EM models for the G4Region  DefaultRegionForTheWorld ======
           hPairProd : Emin=    0 eV  Emax=  100 TeV  ModifiedMephi
G4VisManager: Using G4TrajectoryDrawByCharge as fallback trajectory model.
See commands in /vis/modeling/trajectories/ for other options.

### ===  Deexcitation model UAtomDeexcitation is activated for 25 regions:
          DefaultRegionForTheWorld  1  1  1
          cylindricalPET  1  1  1
          module  1  1  1
          unit  1  1  1
          block  1  1  1
          optical  1  1  1
          crystal  1  1  1
          capillaire1  1  1  1
          capillaire1_water  1  1  1
          capillaire2  1  1  1
          capillaire2_water  1  1  1
          capillaire3  1  1  1
          capillaire3_water  1  1  1
          capillaire4  1  1  1
          capillaire4_water  1  1  1
          capillaire5  1  1  1
          capillaire5_water  1  1  1
          capillaire_m1  1  1  1
          capillaire_m1_water  1  1  1
          capillaire_m2  1  1  1
          capillaire_m2_water  1  1  1
          capillaire_m3  1  1  1
          capillaire_m3_water  1  1  1
          capillaire_m4  1  1  1
          capillaire_m4_water  1  1  1
### ===  Ignore cuts flag:   0
(156.355,-271.652,-97.8304)
(157.393,-307.705,-30.8138)
(160.949,-275.803,-89.9751)
(81.9389,-155.191,-6.75053)
(161.363,-276.407,-87.2271)
(89.3217,-257.788,-177.07)
(-220.526,224.968,81.4753)
(-206.095,270.484,145.451)
(-239.367,230.928,84.5407)
(-210.744,144.633,91.028)
 <!> *** WARNING *** <!>  Event is earlier than earliest event in coincidence presort buffer. Consider using a larger buffer.
(-179.588,260.195,-120.328)
(-221.137,277.894,-48.7563)
(-176.676,258.99,-119.095)
(-154.799,276.64,-138.683)
(287.415,-159.25,73.7555)
(211.168,-125.731,111.357)
(251.607,204.391,-50.2642)
(305.682,201.475,19.7683)
(-301.579,84.3746,86.6181)
(-200.074,97.0041,70.6418)
(89.2153,-305.593,-106.898)
(-32.2262,-221.851,-80.2366)
(97.2914,-305.707,-107.751)
(137.487,-338.615,-121.846)
(129.322,290.703,100.564)
(-7.44328,447.053,27.1141)
(132.94,290.128,102.076)
(102.774,226.516,-39.8172)
(-317.142,-28.5582,11.9444)
(-230.202,-23.4936,-72.6277)
(-317.118,-27.891,12.1231)
(-307.032,-83.3104,-97.5571)
(305.616,72.122,-22.917)
(391.431,41.7815,-60.512)
(-32.2041,-334.596,106.192)
(-104.112,-379.615,108.944)
(299.13,-136.067,59.376)
(239.45,-128.999,6.38716)
(277.545,148.62,-50.3973)
(278.707,44.4089,-44.1143)
(-328.012,-65.954,22.0182)
(-290.315,-115.401,-70.4477)
(-311.826,30.5508,29.4314)
(-262.834,25.2329,19.3186)
(-176.852,257.78,-57.3764)
(-79.9138,215.72,-71.7157)
(301.083,116.724,-68.3919)
(256.556,-52.306,-111.896)
(303.224,120.198,-82.955)
(335.482,42.1419,-44.9427)
(-314.121,-87.7301,53.8794)
(-298.815,-121.806,102.187)
(-307.05,-57.8567,53.9846)
(-251.524,-39.7126,129.895)
(307.129,121.829,-112.461)
(272.857,129.549,-203.879)
(-177.929,-270.143,77.396)
(-176.491,-331.864,164.919)
(-318.947,20.548,-87.7522)
(-280.499,90.4634,7.29602)
(332.624,-51.3167,-3.2496)
(335.089,-25.6134,84.721)
(130.035,-295.213,26.9303)
(82.5278,-152.754,72.2347)
(128.598,-303.044,22.799)
(151.872,-286.814,58.315)
(-198.177,242.703,-23.6886)
(-208.434,206.306,-8.66795)
(-217.759,243.974,-31.015)
(-265.132,248.369,-24.7532)
(-216.262,248.591,-30.3715)
(-193.177,212.708,-37.0898)
(-41.9148,322.438,-8.43499)
(-70.2837,404.366,-55.106)
(306.467,70.8598,12.4188)
(245.9,75.8299,-30.4673)
(-220.187,-230.276,34.0799)
(-171.921,-238.667,93.5804)
(41.7194,317.44,-47.0046)
(3.48176,356.045,15.4884)
(212.711,250.42,-27.7757)
(219.572,279.282,-18.9095)
(-27.6387,-319.864,-83.5627)
(-71.6794,-297.888,-102.801)
(-176.907,263.43,70.5918)
(-211.79,465.348,126.748)
(323.868,-53.8459,-77.9205)
(278.25,-38.3356,-9.8436)
(320.342,-52.0836,-74.3183)
(203.012,-31.3663,-88.1124)
(47.5068,321.136,-30.7664)
(81.5742,426.997,-62.1208)
(127.813,-292.089,109.798)
(147.562,-297.144,52.3952)
(237.89,-208.981,-21.6742)
(208.187,-210.385,27.0399)
(235.376,-211.172,-20.9071)
(201.007,-174.576,-18.9871)
(-161.486,288.57,-105.047)
(-232.163,304.973,-91.8096)
(-166.544,290.1,-102.519)
(-156.545,198.043,-34.4368)
(-167.073,286.238,-101.989)
(-126.44,287.89,-169.19)
(254.269,-202.284,-23.0909)
(321.369,-195.845,-20.8163)
(-325.136,-70.0534,-69.2751)
(-311.107,-39.9258,41.6742)
(-326.295,51.4744,16.0563)
(-426.841,24.3226,120.305)
(327.886,-48.1453,-20.176)
(280.422,-59.0461,102.628)
(61.2731,-317.343,93.0642)
(50.4218,-209.33,214.837)
(281.65,134.071,99.9873)
(228.578,114.9,126.315)
(-316.58,-71.0251,-55.2578)
(-339.238,-104.043,-151.75)
(304.437,79.6471,-85.662)
(295.952,57.513,-85.5382)
(-60.3433,-311.751,100.756)
(57.702,-381.791,79.5905)
(-286.249,-131.547,72.944)
(-242.589,-137.629,50.6159)
(-322.936,71.5195,105.031)
(-334.43,109.402,121.722)
(-298.656,133.843,-104.855)
(-160.467,105.043,-104.824)
(309.417,-51.3821,40.712)
(306.973,-20.6915,8.72496)
(-186.147,258.047,-99.8102)
(-157.544,298.021,-33.6095)
(-184.97,274.649,-96.3355)
(-209.736,336.367,-161.994)
(311,-81.745,-29.8423)
(274.962,-131.576,-145.093)
(317.951,-90.5096,-20.544)
(343.338,-101.338,-21.5664)
(-261.832,192.848,73.9649)
(-388.952,184.579,85.3098)
(-182.127,255.615,-28.2124)
(-100.943,247.484,23.1997)
(296.287,-124.338,14.8115)
(269.476,-169.339,-15.9818)
(-199.995,261.155,-49.317)
(-231.555,181.646,-46.2307)
(-199.558,255.966,-53.1439)
(-250.271,172.54,26.8989)
(127.504,-308.849,56.6184)
(192.737,-341.9,35.9709)
(-242.265,197.638,-81.3765)
(-305.944,220.42,-81.0577)
(-311.291,60.0171,66.402)
(-270.407,119.277,151.262)
(-312.989,64.3645,78.2131)
(-209.949,-2.09894,151.963)
(333.477,-25.2803,-31.377)
(411.945,-105.093,-73.7846)
(312.245,14.8689,-117.165)
(317.205,-52.4046,-141.403)
(209.754,248.039,-109.04)
(248.956,272.28,-164.262)
(325.917,15.2411,110.896)
(363.183,54.2805,240.957)
(320.694,-59.587,-98.4684)
(376.222,-73.8472,-125.741)
(130.552,287.706,60.794)
(212.17,309.143,194.195)
(-268.586,-189.319,-41.4491)
(-291.135,-174.869,-80.7662)
(-268.638,-189.939,-44.1619)
(-153.122,-242.929,15.4587)
(328.419,-56.7366,-10.0979)
(323.759,-123.845,-57.1828)
(-300.665,86.9701,17.5173)
(-301.963,-9.05728,-51.2579)
(-310.636,79.3585,35.0514)
(-228.567,114.265,-11.8059)
(324.81,-11.0301,92.289)
(272,-125.625,-1.56834)
(332.177,-5.61105,89.9227)
(328.733,-54.9493,48.4951)
(328.755,-3.6885,99.547)
(343.636,-49.8893,137.595)
(-172.308,-264.01,-85.7389)
(-185.51,-286.726,-31.9598)
(-316.701,-57.2636,-121.43)
(-268.802,-131.146,-346.384)
(307.468,-82.3135,-81.2679)
(324.809,-139.511,-98.0342)
(-283.766,168.96,-32.8732)
(-404.752,114.476,-51.726)
(293.82,-123.693,27.0724)
(307.086,-138.532,51.5419)
(292.011,-129.687,-104.052)
(325.758,-111.519,-31.9953)
(290.311,-131.601,-103.768)
(269.691,-237.825,-136.653)
(-304.435,-77.8203,-40.4885)
(-269.666,-73.5958,-11.0276)
(285.144,127.453,60.9977)
(201.657,30.95,-11.0869)
(-259.628,175.427,68.5159)
(-210.366,268.796,97.8017)
(70.3992,-310.469,-116.396)
(96.8412,-354.136,-79.9037)
(70.1243,-305.712,-112.386)
(121.907,-333.677,-94.647)
(-332.812,-52.7652,112.467)
(-302.638,-113.61,203.911)
(-306.29,-82.9354,-84.9373)
(-326.832,-100.291,-52.6982)
(-45.9061,317.52,-64.8211)
(-53.3411,336.05,-140.858)
(252.957,-193.462,40.247)
(273.772,-137.398,39.9607)
(286.075,-136.069,56.8159)
(326.906,-106.704,110.253)
(-237.501,211.332,-89.2674)
(-310.654,106.068,-77.7343)
(-239.142,206.004,-93.0805)
(-225.455,208.043,-163.947)
(-201.355,-238.237,-34.2782)
(-271.091,-233.906,2.88458)
(25.3386,311.975,-78.8009)
(100.077,428.879,-193.779)
(46.6258,312.148,-111.283)
(114.077,195.473,-177.752)
(190.291,-257.273,124.752)
(133.851,-252.84,133.251)
(-126.597,-286.392,78.5793)
(-110.218,-336.142,33.6874)
(-27.9482,320.054,-88.5683)
(-81.5447,284.852,-137.997)
(68.7199,310.271,-107.59)
(103.679,469.353,-32.0351)
(68.2923,312.401,-102.998)
(68.554,279.171,-151.722)
(-156.545,-277.406,93.6737)
(-128.359,-256.509,137.163)
(-300.617,140.898,40.8238)
(-283.346,142.354,121.384)
(61.1067,-311.154,39.1011)
(0.738713,-307.293,45.9762)
(154.026,285.092,-39.5403)
(166.475,203.998,31.0362)
(260.086,-176.367,43.215)
(244.383,-177.659,107.325)
(-179.787,255.869,28.7555)
(-74.1449,281.515,1.50764)
(-293.927,112.689,-30.7366)
(-207.46,2.14308,-32.5302)
(193.674,-244.852,58.8794)
(237.042,-232.866,-7.94392)
(199.466,-246.748,48.293)
(200.658,-271.804,41.3416)
(-176.415,-259.052,59.1537)
(-143.048,-341.198,103.994)
(-293.614,125.497,42.5585)
(-211.845,74.9984,-31.8042)
(-291.97,125.736,43.0258)
(-421.152,180.969,93.1505)
(176.352,-259.662,-83.7902)
(143.301,-165.067,-13.3886)
(185.556,-258.191,-70.239)
(165.677,-206.817,-160.625)
(-153.688,-282.547,-32.066)
(-132.668,-293.479,-54.3227)
(-154.053,-294.235,-32.2156)
(-151.165,-227.84,33.2202)
(224.723,242.466,30.454)
(230.782,234.505,-74.9411)
(-321.631,42.9097,-96.2893)
(-282.556,-48.5899,9.89854)
(-325.596,45.9393,-93.9373)
(-332.153,80.692,-85.7645)
(124.549,-286.973,-29.7561)
(174.204,-251.536,-27.6068)
(136.814,-297.578,-28.0752)
(165.808,-223.674,-66.944)
(144.633,-303.499,-34.2283)
(145.598,-229.369,-7.79601)
(-180.282,267.063,-21.6168)
(-207.659,293.05,3.12746)
(-152.632,284.108,90.3754)
(-167.027,222.845,120.728)
(-152.532,284.718,96.0282)
(-78.6697,268.379,67.8465)
(67.3084,-316.579,-100.198)
(102.177,-377.533,-22.0504)
(-263.845,-172.587,74.1796)
(-315.845,-58.7791,88.7316)
(-291.481,-170.302,91.7434)
(-228.67,-240.222,88.2847)
(-302.756,99.4989,-44.5863)
(-230.283,143.406,-120.538)
(-279.451,141.899,-92.262)
(-229.837,155.054,-108.075)
(132.56,-301.4,16.697)
(65.8022,-353.455,46.0662)
(331.487,-58.8631,120.136)
(350.666,-103.946,147.709)
(87.6686,-306.183,-28.1782)
(89.3096,-246.654,9.46344)
(-55.7621,313.223,-122.281)
(-3.55457,463.134,-139.972)
(-63.0784,-316.869,-35.283)
(-107.311,-234.539,-130.999)
(-66.0171,-318.892,-32.6861)
(-153.768,-352.646,-101.272)
(257.711,184.039,21.2284)
(248.85,244.391,-33.1005)
(262.481,196.615,27.7719)
(282.216,168.806,83.289)
(-66.1426,315.107,67.516)
(25.6732,286.901,166.031)
(-93.4577,-300.053,-61.3249)
(-104.139,-264.031,-168.647)
(212.019,254.191,39.9906)
(286.466,277.724,94.5464)
(215.718,257.868,51.426)
(262.804,224.925,143.424)
(-297.613,-110.075,9.50055)
(-363.235,-63.8368,5.45038)
(316.93,55.8784,-2.89355)
(266.429,126.328,32.9557)
(326.41,13.4821,-104.863)
(354.277,30.6391,-103.494)
(-117.678,292.66,100.973)
(-199.789,362.654,175.53)
(257.47,207.105,112.543)
(306.637,273.298,152.031)
(294.556,-145.285,5.25811)
(152.428,-152.582,127.712)
(-240.65,216.595,-7.63951)
(-285.047,203.965,-13.3935)
(78.6109,-319.065,32.5668)
(22.7679,-350.495,35.2552)
(139.26,294.715,-31.5614)
(192.897,323.644,-42.9288)
(148.095,293.519,-27.3079)
(129.602,252.46,22.7707)
(156.199,292.454,-22.62)
(138.325,315.612,0.700435)
(-13.4804,312.72,83.773)
(21.5776,351.67,108.165)
(-228.901,-217.782,-61.3281)
(-220.105,-195.127,15.248)
(213.059,233.531,106.05)
(237.152,102.153,48.2124)
(-210.308,-251.188,-115.238)
(-205.952,-288.837,-16.9697)
(-212.674,-251.149,-114.769)
(-209.858,-290.441,-169.631)
(-211.702,232.703,-118.484)
(-230.136,224.038,-79.7006)
(-225.652,241.319,-62.8691)
(-293.344,234.782,-49.4899)
(278.506,-141.057,-120.993)
(275.315,-228.805,-145.458)
(-319.903,-7.04614,66.8272)
(-192.785,17.012,18.3272)
(-321.687,-1.15928,60.153)
(-299.49,-10.3521,206.136)
(227.647,233.75,66.7936)
(230.622,208.445,41.2748)
(282.829,-146.181,95.486)
(368.06,-62.2927,109.028)
(49.3939,318.482,-96.6709)
(21.2213,218.026,-158.122)
(164.107,-276.201,85.2692)
(192.594,-291.107,167.923)
(-314.283,-6.20224,-80.5937)
(-347.041,86.1112,-151.735)
(319.843,11.3895,112.564)
(356.395,-24.8312,78.2323)
(0.927351,-326.617,-17.2914)
(-31.7988,-295.86,-13.0666)
(-1.23384,-324.539,-15.707)
(-7.19859,-246.845,55.5038)
(316.417,18.7934,-120.492)
(395.372,63.1661,-185.927)
(-315.53,50.1257,111.834)
(-438.596,161.787,60.3478)
(-300.942,-123.852,-77.8482)
(-305.848,-171.15,-17.326)
(-25.8863,-317.09,-114.068)
(41.4901,-264.354,-99.4495)
(-29.712,-321.947,-113.632)
(-7.06291,-342.935,-127.593)
(-304.165,77.8967,-49.4077)
(-263.667,170.741,-60.0547)
(-317.521,89.9002,-66.3619)
(-330.787,160.24,66.3486)
(-21.6998,-314.567,46.6635)
(-79.489,-403.747,30.2535)
(-21.5382,-314.643,49.3329)
(26.6622,-309.428,66.9361)
(121.494,313.471,-50.5482)
(173.253,278.037,-61.6895)
(-47.737,323.588,-63.1463)
(-66.6075,352.79,-32.1149)
(-49.2117,323.033,-63.7057)
(-12.7383,402.089,-83.2519)
(-52.2826,-310.055,60.8004)
(7.07437,-381.355,94.5878)
(254.996,192.462,42.8758)
(314.883,145.697,-31.1365)
(256.572,190.732,37.6608)
(308.786,138.98,84.1282)
(-47.2671,-313.202,-67.3607)
(14.3362,-219.436,-6.72763)
(-46.4126,-314.811,-65.9895)
(-110.066,-252.795,-55.6471)
(235.26,-219.183,-114.415)
(247.577,-248.76,-132.665)
(120.267,-300.151,119.452)
(101.165,-381.708,111.024)
(-181.999,278.339,-57.3674)
(-123.695,337.303,-123.348)
(102.537,-320.921,61.4926)
(92.0707,-207.382,11.8629)
(101.18,-322.069,60.3048)
(71.5725,-285.929,124.032)
(11.2701,334.628,-111.919)
(-74.7173,421.783,59.8969)
(7.42327,335.372,-106.176)
(-16.9752,404.705,-100.831)
(-156.523,-281.509,95.0185)
(-219.108,-190.765,-2.63634)
(-315.074,23.5493,107.427)
(-124.353,43.5558,193.735)
(-324.163,24.5619,114.679)
(-209.178,7.58916,121.916)
(-332.914,23.8354,123.707)
(-272.786,63.804,-31.6881)
(-331.683,26.2809,122.917)
(-348.761,-124.633,147.033)
(-311.919,26.865,69.1718)
(-223.738,-65.4851,47.8981)
(-328.956,15.9006,77.4827)
(-216.617,53.6131,22.6258)
(-237.466,-209.474,81.8719)
(-335.512,-107.137,166.401)
(309.068,94.5916,-38.5527)
(308.763,150.023,-12.1628)
(-314.8,58.6818,57.0331)
(-474.15,104.147,41.3556)
(293.494,-115.338,-118.006)
(222.912,-63.082,-129.554)
(278.633,-144.989,97.3666)
(274.394,-166.81,111.508)
(281.548,-140.558,96.4954)
(214.078,-162.006,48.7715)
(286.631,165.682,-82.2443)
(243.291,155.037,-115.83)
(257.327,206.626,78.7856)
(163.843,182.054,159.541)
(257.384,211.46,78.6212)
(299.446,253.392,86.183)
(252.891,218.551,73.6736)
(282.217,205.9,-24.9527)
(-153.355,-272.289,-103.089)
(-162.45,-338.35,-72.1995)
(274.991,-189.212,30.6374)
(141.525,-179.974,42.5463)
(-82.5083,318.335,-55.2541)
(-209.431,224.239,-75.741)
(284.478,-135.606,-30.4634)
(203.142,-160.392,-50.0406)
(-158.628,277.917,57.0232)
(-178.428,280.912,91.8004)
(278.924,145.659,55.5038)
(268.034,114.709,66.2415)
(293.963,151.738,60.9501)
(241.286,203.31,35.4798)
(-216.143,-256.462,-114.785)
(-192.598,-282.224,-182.855)
(-316.048,102.513,31.6575)
(-375.096,0.556697,-70.348)
(-227.436,233.723,-66.1957)
(-299.755,193.655,-107.195)
(162.892,-281.318,77.444)
(127.986,-285.68,151.324)
(246.489,195.104,10.8611)
(216.052,205.311,92.2212)
(-238.885,-205.36,-11.1339)
(-205.533,-162.293,56.1135)
(-238.885,-205.868,-6.5434)
(-178.858,-128.097,12.6806)
(114.389,-296.465,-27.0204)
(183.917,-243.036,-92.8077)
(-284.838,-136.728,-125.028)
(-336.73,-108.926,-124.956)
(-135.229,-302.796,88.8041)
(-109.659,-415.405,131.001)
(297.981,96.3273,0.761543)
(292.117,93.6426,49.4624)
(-327.298,-76.3033,-1.59896)
(-336.018,-139.103,9.54945)
(308.786,68.607,60.0612)
(251.528,23.0701,-35.296)
(-287.487,-136.709,-118.743)
(-295.32,-144.36,-52.9555)
(144.696,290.011,60.463)
(251.464,251.669,92.8587)
(72.8911,-314.358,-62.5351)
(146.051,-236.716,-62.4109)
(316.989,-13.1846,102.98)
(286.717,-2.77227,148.066)
(250.85,190.894,-105.192)
(282.171,207.238,-177.123)
(148.273,-279.2,108.421)
(179.059,-267.248,55.9872)
(129.876,291.323,-113.601)
(122.947,296.404,-120.838)
(-311.024,46.2465,-68.2025)
(-234.567,-38.1421,-106.761)
(-220.718,-226.013,-57.6317)
(-219.066,-238.819,-62.9938)
(237.992,223.197,60.5521)
(266.965,235.742,33.0566)
(15.4999,329.9,-96.09)
(31.6101,419.807,-69.3946)
(-201.237,-238.948,68.3845)
(-201.883,-170.321,37.4067)
(-200.941,-240.918,68.5969)
(-257.838,-160.451,160.567)
(-268.022,-162.971,-18.552)
(-262.719,-86.4078,-88.1356)
(223.837,-248.606,15.2361)
(303.973,-265.896,-22.8128)
(223.881,-251.677,10.3492)
(237.018,-322.553,23.6181)
(-206.239,251.268,-15.7255)
(-94.7373,344.127,-59.7517)
(312.138,43.1288,-113.526)
(296.938,-0.882422,-148.116)
(321.38,47.0579,-123.672)
(325.173,145.391,4.47187)
(-307.074,96.0602,-118.065)
(-211.523,109.295,-207.306)
(49.8203,325.949,-113.78)
(130.679,303.789,-135.497)
(43.555,323.692,-111.511)
(7.3126,305.251,-161.334)
(50.224,-317.064,113.064)
(-80.4188,-330.304,148.963)
(301.57,-101.336,-0.839225)
(315.449,-36.8201,-37.0839)
(302.901,-96.3273,3.11264)
(327.733,-69.5687,-43.8437)
(-308.56,88.5685,-21.8828)
(-248.182,163.825,20.5011)
(-317.035,-27.0843,51.995)
(-223.007,-88.2922,5.23413)
(-328.263,-16.835,35.2049)
(-410.438,126.506,28.1588)
(-202.576,-249.425,51.1739)
(-131.287,-242.755,29.5789)
(-197.913,-251.369,51.1218)
(-67.1315,-212.241,-29.7293)
(258.647,205.727,-43.1973)
(289.273,214.733,-23.11)
(203.947,-237.093,-104.053)
(224.734,-386.413,-100.051)
(312.446,29.5858,54.9258)
(299.097,16.2876,107.682)
(4.15857,325.619,36.1829)
(4.24517,262.616,1.34624)
(12.0658,333.545,29.6933)
(34.0645,261.017,-20.8706)
(-102.689,-317.788,-38.4716)
(-187.216,-239.513,-79.127)
(-100.722,-317.456,-37.9029)
(-35.692,-301.203,11.9757)
(311.459,-96.5811,0.78381)
(309.725,-78.0105,25.1815)
(-323.017,-5.84644,107.711)
(-174.386,50.1226,63.4471)
(-300.826,128.298,-19.87)
(-177.047,105.948,-11.1765)
(-301.269,126.767,-20.1057)
(-318.105,260.075,-21.0244)
(309.452,-77.5153,14.1427)
(349.369,-41.2801,-23.8548)
(311.829,-72.5273,9.76512)
(256.894,-31.911,-13.6612)
(318.664,13.7923,-73.4009)
(318.161,105.003,-79.3339)
(-335.944,-9.20966,47.5948)
(-389.91,64.9298,9.72837)
(-321.029,4.34121,-61.6426)
(-286.745,-17.2694,-109.31)
(-322.852,1.20293,-64.4096)
(-365.713,-72.7492,-117.331)
(320.412,-9.48799,123.937)
(430.091,-15.798,117.622)
(-22.4781,326.474,-38.9359)
(36.6866,358.148,-52.3294)
(-26.7494,323.158,-58.0784)
(-54.8552,246.616,-69.5542)
(-27.9804,323.734,-59.0259)
(-27.7887,393.317,-89.7)
(210.739,-250.85,28.5066)
(82.5833,-323.983,-9.47025)
(-318.993,-57.3843,71.8684)
(-363.998,-53.8776,163.118)
(-326.059,-44.6099,78.7669)
(-280.508,-10.2541,103.159)
(325.018,22.922,-27.1991)
(381.522,123.072,-50.6805)
(320.158,17.7792,-23.8631)
(159.578,80.952,-175.874)
(-124.027,308.021,111.833)
(-173.291,267.482,147.229)
(319.316,-99.8294,-58.049)
(343.165,-76.3547,10.9821)
(321.792,-100.072,-59.5824)
(200.4,-76.178,5.09137)
(-312.533,58.3031,36.3425)
(-276.597,-32.4279,91.785)
(-312.01,59.374,35.2278)
(-161.66,38.0599,70.6683)
(-234.66,-219.156,64.2742)
(-231.678,-174.462,155.945)
(-236.432,-213.867,64.6881)
(-307.734,-174.767,50.5799)
(15.4197,312.488,109.806)
(-11.5068,337.91,169.74)
(41.4337,320.247,123.149)
(15.8852,375.638,123.333)
(280.106,139.269,122.676)
(285.04,99.1109,194.779)
(315.833,-0.44832,10.4525)
(332.194,23.3924,-41.1244)
(322.592,2.44816,11.1396)
(299.384,93.3505,50.8594)
(329.388,4.14931,15.4599)
(361.654,72.0099,38.308)
(-128.949,288.876,29.5719)
(16.3555,318.685,45.1783)
(-164.828,-281.644,-41.2382)
(-198.667,-236.284,-17.4803)
(-163.343,-289.912,-46.8706)
(-154.311,-380.386,-55.5952)
(45.8824,317.098,-12.8202)
(-1.45234,354.1,34.7642)
(26.1983,330.414,-17.8422)
(55.3634,382.225,-50.0008)
(-183.8,-260.17,8.63614)
(-241.866,-299.746,20.5376)
(-186.151,-258.715,8.51787)
(-221.68,-323.01,-80.6017)
(75.8867,310.449,100.612)
(135.42,309.671,122.904)
(86.6396,309.143,-71.6858)
(34.573,231.661,-132.213)
(90.3979,309.648,-69.3627)
(102.309,399.62,-62.083)
(92.6866,313.65,-64.7351)
(142.468,435.734,-52.6072)
(-66.1178,-306.716,71.2732)
(-89.2553,-256.837,61.0704)
(-78.7581,-306.539,78.0761)
(-143.833,-312.922,40.2968)
(-63.8331,-309.732,106.068)
(-40.5917,-233.97,214.537)
(158.752,296.073,-100.503)
(52.8946,342.812,-7.37495)
(258.88,210.48,125.195)
(268.682,224.259,161.564)
(308.11,69.3878,-40.6181)
(219.718,-20.9011,26.3654)
(-286.671,-139.5,82.1998)
(-350.374,-188.423,55.2423)
(-286.404,128.755,-109.082)
(-391.81,64.1143,-135.493)
(298.894,-126.199,108.566)
(277.323,-140.609,86.8589)
(299.349,-131.861,109.562)
(252.077,-106.802,177.415)
(298.995,-131.864,109.071)
(344.004,-173.769,188.366)
(-196.143,252.507,32.4204)
(-210.565,363.735,-18.3432)
(2.10507,-325.819,-44.9694)
(48.5764,-413.315,-195.505)
(-52.7271,-325.414,13.0567)
(-63.4237,-358.524,-5.05821)
(-159.037,276.249,-9.40024)
(-187.188,431.509,6.26261)
(-136.88,298.644,-16.3053)
(-188.352,351.871,112.589)
(-332.495,-11.9376,45.8114)
(-232.169,-17.7285,169.47)
(-70.3793,311.591,81.966)
(-42.1813,403.306,96.1558)
(-145.753,-288.102,-74.4819)
(-136.291,-282.089,-5.33903)
(313.338,53.2855,17.6853)
(364.882,2.02664,5.3762)
(319.166,49.9686,21.2626)
(350.532,-70.5575,8.25859)
(295.784,-118.209,19.6141)
(287.627,-36.8726,42.7658)
(302.436,-125.321,14.6185)
(387.705,-120.807,15.4255)
(-305.18,70.3267,-13.439)
(-272.096,119.869,89.7619)
(-303.874,70.8125,-13.2616)
(-293.008,41.8435,-74.7802)
(-60.9151,308.57,109.626)
(-47.6803,256.572,148.059)
(-112.295,-294.29,106.508)
(-42.6955,-280.735,52.7095)
(-121.625,-295.044,103.921)
(-106.808,-381.696,187.399)
(211.342,-242.454,-59.5556)
(207.285,-373.149,-81.6704)
(-264.952,199.045,49.4324)
(-337.435,196.829,60.6169)
(-266.386,194.489,49.6138)
(-165.661,234.706,42.8619)
(213.382,244.471,-110.88)
(114.022,336.721,-143.403)
(-152.499,-293.581,9.23324)
(-7.38781,-306.193,37.0115)
(-156.78,-297.495,13.4104)
(-226.219,-395.151,37.5613)
(-208.674,239.06,13.6619)
(-180.083,137.973,27.7261)
(69.0505,307.566,-65.0825)
(55.0318,336.883,14.6886)
(-155.993,-273.231,54.2251)
(-139.225,-239.523,-33.3655)
(-158.346,-272.654,48.7406)
(-135.837,-294.203,132.872)
(197.413,-258.308,-65.5463)
(112.758,-216.298,-158.563)
(-243.508,202.202,52.5901)
(-162.254,232.491,10.5719)
(294.866,107.006,72.0373)
(332.041,-8.01938,37.0602)
(316.001,-63.2862,-116.267)
(201.911,15.4123,-99.0668)
(314.642,-65.1564,-117.126)
(293.072,-61.3737,-117.416)
(242.397,210.671,-91.4671)
(193.611,226.475,-112.468)
(314.997,9.55423,-9.1724)
(307.873,-48.9321,41.9344)
(322.734,15.9199,-8.21723)
(436.73,5.78421,159.273)
(-312.755,-26.0159,18.4126)
(-305.387,-81.5839,112.589)
(-312.315,-26.6637,19.2534)
(-384.914,41.8841,-75.1248)
(300.669,99.2599,57.5938)
(248.457,141.635,7.06879)
(305.619,98.087,59.9348)
(268.294,-70.8892,-26.611)
(305.228,99.3462,59.5947)
(369.014,92.613,13.2194)
(237.595,-225.56,21.381)
(156.434,-285.64,4.77291)
(240.509,-222.726,22.9009)
(184.851,-249.402,63.1152)
(228.396,243.544,28.5886)
(68.7311,170.076,183.861)
(63.9275,310.67,72.8836)
(128.053,330.186,115.577)
(63.2264,317.747,72.7144)
(67.8424,346.833,124.362)
(152.251,-280.672,-63.5344)
(242.472,-234.963,-168.369)
(-283.197,139.066,-4.38818)
(-204.601,152.693,68.1106)
(254.627,-182.876,2.01135)
(274.188,-186.189,-34.4592)
(257.972,-185.714,4.5906)
(227.986,-160.174,-77.6978)
(10.1431,-311.977,-32.9085)
(83.2996,-295.353,-23.0953)
(7.94608,-312.045,-40.5258)
(-13.1216,-256.569,-50.9597)
(-285.986,127.799,114.524)
(-337.677,121.983,44.9568)
(-296.322,-118.718,-14.8488)
(-238.755,-154.788,-19.0193)
(310.01,89.3361,13.264)
(347.062,87.012,96.6836)
(309.563,89.4884,13.8974)
(256.055,78.6849,53.9615)
(-258.573,-201.625,-18.1005)
(-261.076,-173.897,-92.2159)
(318.125,8.53762,-9.54893)
(317.192,-32.5207,10.3047)
(323.964,-3.08999,-15.9276)
(385.409,78.6408,-47.5719)
(-322.069,-4.04893,4.77358)
(-311.001,-38.7491,8.01508)
(319.845,30.7285,107.39)
(445.918,-25.9614,58.0474)
(328.107,21.7065,118.036)
(346.709,19.8642,66.2479)
(134.413,285.036,114.536)
(312.182,364.401,171.061)
(-192.876,263.098,-35.092)
(-125.944,197.239,-208.575)
(60.8838,-330.925,46.1381)
(38.7303,-287.053,-20.969)
(179.508,261.309,72.2376)
(198.019,192.244,199.418)
(-239.487,-214.443,-58.0873)
(-271.761,-223.569,-121.662)
(126.331,-285.494,-36.254)
(177.312,-267.336,3.12029)
(277.504,-149.418,-65.9486)
(246.037,-125.411,-31.7404)
(316.071,-18.8863,19.4712)
(240.724,52.1956,14.8247)
(214.058,-232.707,67.8612)
(261.548,-255.551,40.9448)
(216.57,-232.014,64.5331)
(295.422,-139.591,24.2507)
(-256.969,182.244,-52.1873)
(-322.219,132.486,29.6187)
(-260.885,193.901,-57.6637)
(-207.452,189.849,14.5224)
(-259.677,195.185,-59.243)
(-254.085,238.944,-111.414)
(-232.802,-213.69,-86.9535)
(-179.248,-188.201,7.81844)
(-278.057,162.115,107.049)
(-229.236,134.834,190.482)
(137.233,293.591,8.53059)
(283.581,235.053,-37.2762)
(138.401,292.277,13.4346)
(157.583,259.936,-56.2077)
(-304.928,124.661,2.53681)
(-282.276,46.9115,-38.6766)
(206.338,-262.099,-3.85878)
(257.833,-253.898,-26.8304)
(-191.649,254.029,108.622)
(-147.345,153.988,100.343)
(174.082,267.057,100.745)
(217.8,275.995,69.7593)
(281.78,155.128,8.36989)
(405.226,108.965,6.94813)
(280.991,156.508,1.15866)
(289.63,125.298,-38.7723)
(-219.709,-229.717,-13.8274)
(-244.715,-121.662,83.1632)
(326.254,-52.6564,41.8816)
(290.251,147.383,1.85762)
(-311.66,54.1516,-45.3557)
(-297.917,81.5395,34.6989)
(-307.176,58.6222,-43.7451)
(-300.631,107.395,-80.909)
(-252.179,-192.131,-96.9302)
(-336.405,-163.035,-50.3806)
(-326.594,-6.17756,-27.2375)
(-376.002,9.20135,-44.554)
(-335.352,4.23719,-34.8265)
(-363.216,-28.8867,-137.885)
(318.902,10.5894,41.8606)
(364.195,-30.4002,92.8066)
(310.935,46.847,4.18907)
(197.735,7.02993,18.3327)
(320.983,64.4699,6.33592)
(306.44,28.5208,-60.3418)
(-301.114,-95.9607,-4.7073)
(-234.266,-65.1271,-42.7749)
(-153.867,-277.131,-105.033)
(-31.2216,-255.904,-93.1236)
(-320.545,-14.7482,-89.9977)
(-303.446,-91.387,-96.7426)
(330.466,6.50377,35.1698)
(300.022,71.7194,63.7756)
(-225.542,-236.773,-73.5165)
(-340.46,-129.895,-136.411)
(43.3428,314.228,100.302)
(17.7983,261.455,76.3899)
(30.7022,311.85,109.436)
(-50.7217,257.168,180.193)
(200.235,240.442,95.6207)
(256.673,111.441,17.8252)
(206.358,244.481,99.5988)
(226.152,250.321,26.957)
(-26.0098,-316.343,71.8423)
(26.4098,-283.843,126.793)
(-18.8164,-327.767,69.2326)
(-15.7137,-302.909,52.9739)
(210.186,236.287,122.848)
(256.453,233.11,121.388)
(64.5808,307.283,-64.0131)
(67.5229,247.378,-9.18141)
(94.6646,-302.455,64.1112)
(13.6007,-344.718,107.993)
(-230.041,239.806,106.927)
(-157.181,166.328,76.7106)
(-210.286,233.362,107.844)
(-221.908,230.137,66.2005)
(-209.979,244.959,103.778)
(-299.602,259.488,50.671)
(309.324,-59.8445,13.0859)
(375.313,-14.3384,-4.38209)
(309.615,-58.8064,14.2355)
(370.821,-4.65222,62.8899)
(-316.575,29.2656,-4.93949)
(-320.619,-126.19,-48.9581)
(-169.817,284.444,73.3371)
(-154.212,267.94,-52.4998)
(-171.113,290.622,81.8225)
(-125.093,282.132,175.321)
(138.395,284.146,-30.3032)
(261.315,272.172,49.0313)
(-267.84,-181.321,22.4013)
(-267.696,-159.045,36.5084)
(-264.615,-184.834,27.7998)
(-339.664,-238.766,-9.69332)
(-261.299,-178.556,23.7852)
(-207.953,-233.513,102.082)
(-198.825,-246.726,-95.5747)
(-102.484,-252.136,-39.0721)
(-202.864,-242.284,-96.1022)
(-136.193,-256.229,-87.0603)
(-329.047,-17.5465,-55.4569)
(-440.175,60.7604,-13.941)
(162.34,268.84,53.1471)
(86.8712,334.373,81.3967)
(-17.7967,-319.878,-60.5492)
(94.2227,-337.705,-74.6847)
(-284.904,158.624,44.3225)
(-281.103,81.6093,127.216)
(-286.366,160.824,44.2316)
(-273.667,136.102,52.9902)
(303.479,77.3497,-82.5487)
(320.163,127.165,-166.8)
(308.019,71.8274,-88.0258)
(302.983,136.684,-50.0506)
(315.121,-3.94752,-104.501)
(341.731,33.903,-125.723)
(314.699,-3.32891,-102.436)
(387.416,45.5749,-114.056)
(196.784,244.361,50.8453)
(149.307,198.96,66.6414)
(194.696,246.134,41.4826)
(279.944,300.967,98.6233)
(95.6251,312.496,-102.953)
(134.678,285.819,20.0807)
(92.0732,320.015,-100.643)
(79.5558,378.139,-70.3177)
(63.1437,-321.085,104.351)
(137.551,-364.911,78.7872)
(318.668,103.141,-3.03221)
(363.17,68.5325,-53.6612)
(-230.747,-215.583,7.31631)
(-249.375,-200.622,-54.6807)
(-210.574,236.093,104.829)
(-149.433,199.791,178.076)
(-205.545,237.402,116.234)
(-165.805,248.092,114.31)
(125.672,287.144,32.879)
(57.8478,283.389,144.083)
(129.479,295.454,39.3087)
(32.3976,364.056,-16.5847)
(124.747,305.353,39.8589)
(109.026,363.586,49.5885)
(-235.9,-217.147,-27.2867)
(-329.155,-161.15,-50.1565)
(-125.545,300.597,-66.3436)
(-86.3499,275.205,-78.2515)
(193.852,-247.89,51.2899)
(156.741,-218.627,74.0781)
(278.246,141.384,-38.9199)
(164.092,103.039,-7.77557)
(-179.808,265.569,121.449)
(-158.779,328.571,177.629)
(249.909,209.802,85.9116)
(158.539,224.021,-5.13198)
(72.8861,-308.131,68.397)
(83.5298,-292.706,67.3926)
(-186.867,-265.976,57.2255)
(-163.879,-232.454,71.9763)
(-186.183,-265.437,59.7513)
(-186.753,-349.355,139.922)
(-214.727,-240.494,93.4542)
(-202.114,-200.825,61.1245)
(284.678,129.578,-49.0962)
(267.483,133.295,-8.17401)
(289.256,133.842,-57.2236)
(246.993,53.4743,-77.6144)
(-202.18,241.867,-28.0876)
(-68.1822,194.831,29.2216)
(-150.093,290.412,-41.7862)
(-76.9533,177.521,-133.926)
(281.106,169.537,105.667)
(279.36,310.333,192.682)
(-238.234,-212.845,-111.928)
(-309.224,-222.26,-80.243)
(-238.096,-217.63,-117.266)
(-351.171,-92.286,-107.599)
(15.9261,321.022,-35.063)
(93.8196,209.774,-50.0171)
0 events have been kept for refreshing and/or reviewing.
  "/vis/reviewKeptEvents" to review them one by one.
  "/vis/enable", then "/vis/viewer/flush" or "/vis/viewer/rebuild" to see them accumulated.
[Core-0] End of macro ./split/.Gate/main122/main1.mac
Graphics systems deleted.
Visualization Manager deleting...
