[G4] 
[G4] **************************************************************
[G4]  Geant4 version Name: geant4-10-07-patch-02    (11-June-2021)
[G4]                        Copyright : Geant4 Collaboration
[G4]                       References : NIM A 506 (2003), 250-303
[G4]                                  : IEEE-TNS 53 (2006), 270-278
[G4]                                  : NIM A 835 (2016), 186-225
[G4]                              WWW : http://geant4.org/
[G4] **************************************************************
[G4] 
[Core-0] Initialization of geometry
[Core-0] Initialization of physics
[Core-0] Initialization of actors
[Core-0] 
[Core-0] *************************************************
[Core-0]  GATE version 9.1 (2021)
[Core-0]  Copyright : OpenGATE Collaboration
[Core-0]  Reference : Phys. Med. Biol. 49 (2004) 4543-4561
[Core-0]  Reference : Phys. Med. Biol. 56 (2011) 881-901
[Core-0]  Reference : Med. Phys. 41(6)    (2014)
[Core-0]  http://www.opengatecollaboration.org        
[Core-0] *************************************************
[Core-0] 
[Core-0] You are using Geant4 version 10.7.2
[Core-0] Starting macro ./split/.Gate/main122/main8.mac
0: RINDEX
1.84e-06   1.00028
4.08e-06   1.00028
9: GROUPVEL
1.84e-06   299.709
4.08e-06   299.709
16: ABSLENGTH
1.84e-06   50000
4.08e-06   50000
 <!> *** WARNING *** <!>  GateMaterialDatabase: Multiple definition of element: Yttrium.
The definition in ClMind_GateMaterials.db was used.


GATE object:        'systems/cylindricalPET'
Components:

GATE object:        'systems/cylindricalPET/base'
Attached to volume: cylindricalPET
Nb of children:       1

	GATE object:        'systems/cylindricalPET/rsector'
	Attached to volume: module
	Nb of children:       1

		GATE object:        'systems/cylindricalPET/module'
		Attached to volume: unit
		Nb of children:       1

			GATE object:        'systems/cylindricalPET/submodule'
			Attached to volume: block
			Nb of children:       1

				GATE object:        'systems/cylindricalPET/crystal'
				Attached to volume: optical
				Nb of children:       4

					GATE object:        'systems/cylindricalPET/layer0'
					Attached to volume: crystal
					Nb of children:       0

					GATE object:        'systems/cylindricalPET/layer1'
					Attached to volume: ---
					Nb of children:       0

					GATE object:        'systems/cylindricalPET/layer2'
					Attached to volume: ---
					Nb of children:       0

					GATE object:        'systems/cylindricalPET/layer3'
					Attached to volume: ---
					Nb of children:       0
geometrical design type: 1
ring diameter: -3.95 mm 
rsector axial pitch: 0 fm 
rsector azimuthal pitch: 12.8571 degree
rsector tangential size: 2.5 cm 
rsector axial size: 25.04 cm 
module axial size: 4.784 cm 
module tangential size: 2.5 cm 
module axial pitch: 0 fm 
module tangential pitch: 0 fm 
submodule axial size: 4.784 cm 
submodule tangential size: 2.5 cm 
submodule axial pitch: 0 fm 
submodule tangential pitch: 0 fm 
crystal radial size: 1.59 cm 
crystal axial size: 1.59 cm 
crystal tangential size: 2.5 cm 
crystal axial pitch: 0 fm 
crystal tangential pitch: 0 fm 
layer0 radial size: 3.95 mm 
in layer0 interaction length: 1.975 mm 
Axial nb of rsectors: 1
Azimuthal nb of rsectors: 28
Axial nb of modules: 1
Tangential nb of modules: 1
Axial nb of submodules: 1
Tangential nb of submodules: 1
Axial nb of crystals: 1
Tangential nb of crystals: 1
Radial nb of layers: 1
[Physic-0] The following Geant4's physic-list is enabled :emstandard_opt3


List of Enabled processes:




List of initialized processes:


[Core-0] Initialization of geometry
[Core-0] Initialization of physics
[Core-0] Initialization of actors
 <!> *** WARNING *** <!>  The 'energytype' option is DEPRECATED, use 'ene/type' instead!
 <!> *** WARNING *** <!>  The 'energytype' option is DEPRECATED, use 'ene/type' instead!
 <!> *** WARNING *** <!>  The 'energytype' option is DEPRECATED, use 'ene/type' instead!
 <!> *** WARNING *** <!>  The 'energytype' option is DEPRECATED, use 'ene/type' instead!
 <!> *** WARNING *** <!>  The 'energytype' option is DEPRECATED, use 'ene/type' instead!
 <!> *** WARNING *** <!>  The 'energytype' option is DEPRECATED, use 'ene/type' instead!
 <!> *** WARNING *** <!>  The 'energytype' option is DEPRECATED, use 'ene/type' instead!
 <!> *** WARNING *** <!>  The 'energytype' option is DEPRECATED, use 'ene/type' instead!
 <!> *** WARNING *** <!>  The 'energytype' option is DEPRECATED, use 'ene/type' instead!
[Acquisition-0]   
[Acquisition-0] ============= Source initialization =============
[Acquisition-0]   
[Acquisition-0] ============= Acquisition starts! =============
[Acquisition-0] Simulation start time = 0 sec
[Acquisition-0] Simulation end time   = 1 sec
[Acquisition-0] Simulation will have  = 1 run(s)
[Acquisition-0] Slice 0 from 0 to 1 s [slice=1 s]

### ===  Deexcitation model UAtomDeexcitation is activated for 25 regions:
          DefaultRegionForTheWorld  1  1  1
          cylindricalPET  1  1  1
          module  1  1  1
          unit  1  1  1
          block  1  1  1
          optical  1  1  1
          crystal  1  1  1
          capillaire1  1  1  1
          capillaire1_water  1  1  1
          capillaire2  1  1  1
          capillaire2_water  1  1  1
          capillaire3  1  1  1
          capillaire3_water  1  1  1
          capillaire4  1  1  1
          capillaire4_water  1  1  1
          capillaire5  1  1  1
          capillaire5_water  1  1  1
          capillaire_m1  1  1  1
          capillaire_m1_water  1  1  1
          capillaire_m2  1  1  1
          capillaire_m2_water  1  1  1
          capillaire_m3  1  1  1
          capillaire_m3_water  1  1  1
          capillaire_m4  1  1  1
          capillaire_m4_water  1  1  1
### ===  Ignore cuts flag:   0

phot:  for gamma applyCuts:1  SubType=12 BuildTable=0
      LambdaPrime table from 200 keV to 100 TeV in 174 bins 
      ===== EM models for the G4Region  DefaultRegionForTheWorld ======
 LivermorePhElectric : Emin=    0 eV  Emax=  100 TeV  SauterGavrila Fluo

compt:  for gamma applyCuts:1  SubType=13 BuildTable=1
      Lambda table from 10 eV  to 1 MeV, 20 bins/decade, spline: 1
      LambdaPrime table from 1 MeV to 100 TeV in 160 bins 
      ===== EM models for the G4Region  DefaultRegionForTheWorld ======
        KleinNishina : Emin=    0 eV  Emax=  100 TeV Fluo

conv:  for gamma applyCuts:1  SubType=14 BuildTable=1
      Lambda table from 1.022 MeV to 100 TeV, 20 bins/decade, spline: 1
      ===== EM models for the G4Region  DefaultRegionForTheWorld ======
     BetheHeitlerLPM : Emin=    0 eV  Emax=  100 TeV  ModifiedTsai

Rayl:  for gamma applyCuts:1  SubType=11 BuildTable=1
      Lambda table from 10 eV  to 100 keV, 20 bins/decade, spline: 0
      LambdaPrime table from 100 keV to 100 TeV in 180 bins 
      ===== EM models for the G4Region  DefaultRegionForTheWorld ======
   LivermoreRayleigh : Emin=    0 eV  Emax=  100 TeV  CullenGenerator

msc:  for e-  SubType= 10
      ===== EM models for the G4Region  DefaultRegionForTheWorld ======
            UrbanMsc : Emin=    0 eV  Emax=  100 TeV Nbins=240 100 eV  - 100 TeV
              StepLim=DistanceToBoundary Rfact=0.04 Gfact=2.5 Sfact=0.6 DispFlag:1 Skin=1 Llimit=1

eIoni:  for e-  SubType=2
      dE/dx and range tables from 10 eV  to 100 TeV in 260 bins
      Lambda tables from threshold to 100 TeV, 20 bins/decade, spline: 1
      StepFunction=(0.2, 0.1 mm), integ: 1, fluct: 1, linLossLim= 0.01
      ===== EM models for the G4Region  DefaultRegionForTheWorld ======
        MollerBhabha : Emin=    0 eV  Emax=  100 TeV  deltaVI

eBrem:  for e-  SubType=3
      dE/dx and range tables from 10 eV  to 100 TeV in 260 bins
      Lambda tables from threshold to 100 TeV, 20 bins/decade, spline: 1
      LPM flag: 1 for E > 1 GeV,  VertexHighEnergyTh(GeV)= 100000
      ===== EM models for the G4Region  DefaultRegionForTheWorld ======
             eBremSB : Emin=    0 eV  Emax=    1 GeV  AngularGen2BS
            eBremLPM : Emin=    1 GeV Emax=  100 TeV  AngularGen2BS

ePairProd:  for e-  SubType=4
      dE/dx and range tables from 10 eV  to 100 TeV in 260 bins
      Lambda tables from threshold to 100 TeV, 20 bins/decade, spline: 1
      Sampling table 25x1001; from 0.1 GeV to 100 TeV 
      ===== EM models for the G4Region  DefaultRegionForTheWorld ======
           ePairProd : Emin=    0 eV  Emax=  100 TeV  ModifiedMephi

msc:  for e+  SubType= 10
      ===== EM models for the G4Region  DefaultRegionForTheWorld ======
            UrbanMsc : Emin=    0 eV  Emax=  100 TeV Nbins=240 100 eV  - 100 TeV
              StepLim=DistanceToBoundary Rfact=0.04 Gfact=2.5 Sfact=0.6 DispFlag:1 Skin=1 Llimit=1

eIoni:  for e+  SubType=2
      dE/dx and range tables from 10 eV  to 100 TeV in 260 bins
      Lambda tables from threshold to 100 TeV, 20 bins/decade, spline: 1
      StepFunction=(0.2, 0.1 mm), integ: 1, fluct: 1, linLossLim= 0.01
      ===== EM models for the G4Region  DefaultRegionForTheWorld ======
        MollerBhabha : Emin=    0 eV  Emax=  100 TeV  deltaVI

eBrem:  for e+  SubType=3
      dE/dx and range tables from 10 eV  to 100 TeV in 260 bins
      Lambda tables from threshold to 100 TeV, 20 bins/decade, spline: 1
      LPM flag: 1 for E > 1 GeV,  VertexHighEnergyTh(GeV)= 100000
      ===== EM models for the G4Region  DefaultRegionForTheWorld ======
             eBremSB : Emin=    0 eV  Emax=    1 GeV  AngularGen2BS
            eBremLPM : Emin=    1 GeV Emax=  100 TeV  AngularGen2BS

ePairProd:  for e+  SubType=4
      dE/dx and range tables from 10 eV  to 100 TeV in 260 bins
      Lambda tables from threshold to 100 TeV, 20 bins/decade, spline: 1
      Sampling table 25x1001; from 0.1 GeV to 100 TeV 
      ===== EM models for the G4Region  DefaultRegionForTheWorld ======
           ePairProd : Emin=    0 eV  Emax=  100 TeV  ModifiedMephi

annihil:  for e+, integral:1  applyCuts:1  SubType=5 BuildTable=0
      ===== EM models for the G4Region  DefaultRegionForTheWorld ======
            eplus2gg : Emin=    0 eV  Emax=  100 TeV

msc:  for proton  SubType= 10
      ===== EM models for the G4Region  DefaultRegionForTheWorld ======
            UrbanMsc : Emin=    0 eV  Emax=  100 TeV Nbins=240 100 eV  - 100 TeV
              StepLim=Minimal Rfact=0.2 Gfact=2.5 Sfact=0.6 DispFlag:1 Skin=1 Llimit=1

hIoni:  for proton  SubType=2
      dE/dx and range tables from 10 eV  to 100 TeV in 260 bins
      Lambda tables from threshold to 100 TeV, 20 bins/decade, spline: 1
      StepFunction=(0.2, 0.05 mm), integ: 1, fluct: 1, linLossLim= 0.01
      ===== EM models for the G4Region  DefaultRegionForTheWorld ======
               Bragg : Emin=    0 eV  Emax=    2 MeV  deltaVI
          BetheBloch : Emin=    2 MeV Emax=  100 TeV  deltaVI

hBrems:  for proton  SubType=3
      dE/dx and range tables from 10 eV  to 100 TeV in 260 bins
      Lambda tables from threshold to 100 TeV, 20 bins/decade, spline: 1
      ===== EM models for the G4Region  DefaultRegionForTheWorld ======
               hBrem : Emin=    0 eV  Emax=  100 TeV  ModifiedMephi
      ===== Limit on energy threshold has been applied 

hPairProd:  for proton  SubType=4
      dE/dx and range tables from 10 eV  to 100 TeV in 260 bins
      Lambda tables from threshold to 100 TeV, 20 bins/decade, spline: 1
      Sampling table 17x1001; from 7.50618 GeV to 100 TeV 
      ===== EM models for the G4Region  DefaultRegionForTheWorld ======
           hPairProd : Emin=    0 eV  Emax=  100 TeV  ModifiedMephi

nuclearStopping:  for proton applyCuts:1  SubType=8 BuildTable=0
      ===== EM models for the G4Region  DefaultRegionForTheWorld ======
   ICRU49NucStopping : Emin=    0 eV  Emax=    1 MeV

msc:  for GenericIon  SubType= 10
      ===== EM models for the G4Region  DefaultRegionForTheWorld ======
            UrbanMsc : Emin=    0 eV  Emax=  100 TeV
              StepLim=Minimal Rfact=0.2 Gfact=2.5 Sfact=0.6 DispFlag:1 Skin=1 Llimit=1

ionIoni:  for GenericIon  SubType=2
      dE/dx and range tables from 10 eV  to 100 TeV in 260 bins
      Lambda tables from threshold to 100 TeV, 20 bins/decade, spline: 1
      StepFunction=(0.1, 0.02 mm), integ: 1, fluct: 1, linLossLim= 0.02
      ===== EM models for the G4Region  DefaultRegionForTheWorld ======
         ParamICRU73 : Emin=    0 eV  Emax=  100 TeV  deltaVI

nuclearStopping:  for GenericIon applyCuts:1  SubType=8 BuildTable=0
      ===== EM models for the G4Region  DefaultRegionForTheWorld ======
   ICRU49NucStopping : Emin=    0 eV  Emax=    1 MeV

msc:  for alpha  SubType= 10
      ===== EM models for the G4Region  DefaultRegionForTheWorld ======
            UrbanMsc : Emin=    0 eV  Emax=  100 TeV Nbins=240 100 eV  - 100 TeV
              StepLim=Minimal Rfact=0.2 Gfact=2.5 Sfact=0.6 DispFlag:1 Skin=1 Llimit=1

ionIoni:  for alpha  SubType=2
      dE/dx and range tables from 10 eV  to 100 TeV in 260 bins
      Lambda tables from threshold to 100 TeV, 20 bins/decade, spline: 1
      StepFunction=(0.1, 0.02 mm), integ: 1, fluct: 1, linLossLim= 0.02
      ===== EM models for the G4Region  DefaultRegionForTheWorld ======
            BraggIon : Emin=    0 eV  Emax=7.9452 MeV  deltaVI
          BetheBloch : Emin=7.9452 MeV Emax=  100 TeV  deltaVI

nuclearStopping:  for alpha applyCuts:1  SubType=8 BuildTable=0
      ===== EM models for the G4Region  DefaultRegionForTheWorld ======
   ICRU49NucStopping : Emin=    0 eV  Emax=    1 MeV

msc:  for anti_proton  SubType= 10
      ===== EM models for the G4Region  DefaultRegionForTheWorld ======
            UrbanMsc : Emin=    0 eV  Emax=  100 TeV Nbins=240 100 eV  - 100 TeV
              StepLim=Minimal Rfact=0.2 Gfact=2.5 Sfact=0.6 DispFlag:1 Skin=1 Llimit=1

hIoni:  for anti_proton  SubType=2
      dE/dx and range tables from 10 eV  to 100 TeV in 260 bins
      Lambda tables from threshold to 100 TeV, 20 bins/decade, spline: 1
      StepFunction=(0.2, 0.05 mm), integ: 1, fluct: 1, linLossLim= 0.01
      ===== EM models for the G4Region  DefaultRegionForTheWorld ======
            ICRU73QO : Emin=    0 eV  Emax=    2 MeV  deltaVI
          BetheBloch : Emin=    2 MeV Emax=  100 TeV  deltaVI

hBrems:  for anti_proton  SubType=3
      dE/dx and range tables from 10 eV  to 100 TeV in 260 bins
      Lambda tables from threshold to 100 TeV, 20 bins/decade, spline: 1
      ===== EM models for the G4Region  DefaultRegionForTheWorld ======
               hBrem : Emin=    0 eV  Emax=  100 TeV  ModifiedMephi
      ===== Limit on energy threshold has been applied 

hPairProd:  for anti_proton  SubType=4
      dE/dx and range tables from 10 eV  to 100 TeV in 260 bins
      Lambda tables from threshold to 100 TeV, 20 bins/decade, spline: 1
      Sampling table 17x1001; from 7.50618 GeV to 100 TeV 
      ===== EM models for the G4Region  DefaultRegionForTheWorld ======
           hPairProd : Emin=    0 eV  Emax=  100 TeV  ModifiedMephi

msc:  for kaon+  SubType= 10
      ===== EM models for the G4Region  DefaultRegionForTheWorld ======
            UrbanMsc : Emin=    0 eV  Emax=  100 TeV Nbins=240 100 eV  - 100 TeV
              StepLim=Minimal Rfact=0.2 Gfact=2.5 Sfact=0.6 DispFlag:1 Skin=1 Llimit=1

hIoni:  for kaon+  SubType=2
      dE/dx and range tables from 10 eV  to 100 TeV in 260 bins
      Lambda tables from threshold to 100 TeV, 20 bins/decade, spline: 1
      StepFunction=(0.2, 0.05 mm), integ: 1, fluct: 1, linLossLim= 0.01
      ===== EM models for the G4Region  DefaultRegionForTheWorld ======
               Bragg : Emin=    0 eV  Emax=1.05231 MeV  deltaVI
          BetheBloch : Emin=1.05231 MeV Emax=  100 TeV  deltaVI

hBrems:  for kaon+  SubType=3
      dE/dx and range tables from 10 eV  to 100 TeV in 260 bins
      Lambda tables from threshold to 100 TeV, 20 bins/decade, spline: 1
      ===== EM models for the G4Region  DefaultRegionForTheWorld ======
               hBrem : Emin=    0 eV  Emax=  100 TeV  ModifiedMephi
      ===== Limit on energy threshold has been applied 

hPairProd:  for kaon+  SubType=4
      dE/dx and range tables from 10 eV  to 100 TeV in 260 bins
      Lambda tables from threshold to 100 TeV, 20 bins/decade, spline: 1
      Sampling table 18x1001; from 3.94942 GeV to 100 TeV 
      ===== EM models for the G4Region  DefaultRegionForTheWorld ======
           hPairProd : Emin=    0 eV  Emax=  100 TeV  ModifiedMephi

msc:  for kaon-  SubType= 10
      ===== EM models for the G4Region  DefaultRegionForTheWorld ======
            UrbanMsc : Emin=    0 eV  Emax=  100 TeV Nbins=240 100 eV  - 100 TeV
              StepLim=Minimal Rfact=0.2 Gfact=2.5 Sfact=0.6 DispFlag:1 Skin=1 Llimit=1

hIoni:  for kaon-  SubType=2
      dE/dx and range tables from 10 eV  to 100 TeV in 260 bins
      Lambda tables from threshold to 100 TeV, 20 bins/decade, spline: 1
      StepFunction=(0.2, 0.05 mm), integ: 1, fluct: 1, linLossLim= 0.01
      ===== EM models for the G4Region  DefaultRegionForTheWorld ======
            ICRU73QO : Emin=    0 eV  Emax=1.05231 MeV  deltaVI
          BetheBloch : Emin=1.05231 MeV Emax=  100 TeV  deltaVI

hBrems:  for kaon-  SubType=3
      dE/dx and range tables from 10 eV  to 100 TeV in 260 bins
      Lambda tables from threshold to 100 TeV, 20 bins/decade, spline: 1
      ===== EM models for the G4Region  DefaultRegionForTheWorld ======
               hBrem : Emin=    0 eV  Emax=  100 TeV  ModifiedMephi
      ===== Limit on energy threshold has been applied 

hPairProd:  for kaon-  SubType=4
      dE/dx and range tables from 10 eV  to 100 TeV in 260 bins
      Lambda tables from threshold to 100 TeV, 20 bins/decade, spline: 1
      Sampling table 18x1001; from 3.94942 GeV to 100 TeV 
      ===== EM models for the G4Region  DefaultRegionForTheWorld ======
           hPairProd : Emin=    0 eV  Emax=  100 TeV  ModifiedMephi

msc:  for mu+  SubType= 10
      ===== EM models for the G4Region  DefaultRegionForTheWorld ======
            UrbanMsc : Emin=    0 eV  Emax=  100 TeV Nbins=240 100 eV  - 100 TeV
              StepLim=Minimal Rfact=0.2 Gfact=2.5 Sfact=0.6 DispFlag:1 Skin=1 Llimit=1

muIoni:  for mu+  SubType=2
      dE/dx and range tables from 10 eV  to 100 TeV in 260 bins
      Lambda tables from threshold to 100 TeV, 20 bins/decade, spline: 1
      StepFunction=(0.2, 0.05 mm), integ: 1, fluct: 1, linLossLim= 0.01
      ===== EM models for the G4Region  DefaultRegionForTheWorld ======
               Bragg : Emin=    0 eV  Emax=  200 keV  deltaVI
          BetheBloch : Emin=  200 keV Emax=    1 GeV  deltaVI
        MuBetheBloch : Emin=    1 GeV Emax=  100 TeV

muBrems:  for mu+  SubType=3
      dE/dx and range tables from 10 eV  to 100 TeV in 260 bins
      Lambda tables from threshold to 100 TeV, 20 bins/decade, spline: 1
      ===== EM models for the G4Region  DefaultRegionForTheWorld ======
              MuBrem : Emin=    0 eV  Emax=  100 TeV  ModifiedMephi
      ===== Limit on energy threshold has been applied 

muPairProd:  for mu+  SubType=4
      dE/dx and range tables from 10 eV  to 100 TeV in 260 bins
      Lambda tables from threshold to 100 TeV, 20 bins/decade, spline: 1
      Sampling table 21x1001; from 1 GeV to 100 TeV 
      ===== EM models for the G4Region  DefaultRegionForTheWorld ======
          muPairProd : Emin=    0 eV  Emax=  100 TeV  ModifiedMephi

msc:  for mu-  SubType= 10
      ===== EM models for the G4Region  DefaultRegionForTheWorld ======
            UrbanMsc : Emin=    0 eV  Emax=  100 TeV Nbins=240 100 eV  - 100 TeV
              StepLim=Minimal Rfact=0.2 Gfact=2.5 Sfact=0.6 DispFlag:1 Skin=1 Llimit=1

muIoni:  for mu-  SubType=2
      dE/dx and range tables from 10 eV  to 100 TeV in 260 bins
      Lambda tables from threshold to 100 TeV, 20 bins/decade, spline: 1
      StepFunction=(0.2, 0.05 mm), integ: 1, fluct: 1, linLossLim= 0.01
      ===== EM models for the G4Region  DefaultRegionForTheWorld ======
            ICRU73QO : Emin=    0 eV  Emax=  200 keV  deltaVI
          BetheBloch : Emin=  200 keV Emax=    1 GeV  deltaVI
        MuBetheBloch : Emin=    1 GeV Emax=  100 TeV

muBrems:  for mu-  SubType=3
      dE/dx and range tables from 10 eV  to 100 TeV in 260 bins
      Lambda tables from threshold to 100 TeV, 20 bins/decade, spline: 1
      ===== EM models for the G4Region  DefaultRegionForTheWorld ======
              MuBrem : Emin=    0 eV  Emax=  100 TeV  ModifiedMephi
      ===== Limit on energy threshold has been applied 

muPairProd:  for mu-  SubType=4
      dE/dx and range tables from 10 eV  to 100 TeV in 260 bins
      Lambda tables from threshold to 100 TeV, 20 bins/decade, spline: 1
      Sampling table 21x1001; from 1 GeV to 100 TeV 
      ===== EM models for the G4Region  DefaultRegionForTheWorld ======
          muPairProd : Emin=    0 eV  Emax=  100 TeV  ModifiedMephi

msc:  for pi+  SubType= 10
      ===== EM models for the G4Region  DefaultRegionForTheWorld ======
            UrbanMsc : Emin=    0 eV  Emax=  100 TeV Nbins=240 100 eV  - 100 TeV
              StepLim=Minimal Rfact=0.2 Gfact=2.5 Sfact=0.6 DispFlag:1 Skin=1 Llimit=1

hIoni:  for pi+  SubType=2
      dE/dx and range tables from 10 eV  to 100 TeV in 260 bins
      Lambda tables from threshold to 100 TeV, 20 bins/decade, spline: 1
      StepFunction=(0.2, 0.05 mm), integ: 1, fluct: 1, linLossLim= 0.01
      ===== EM models for the G4Region  DefaultRegionForTheWorld ======
               Bragg : Emin=    0 eV  Emax=297.505 keV  deltaVI
          BetheBloch : Emin=297.505 keV Emax=  100 TeV  deltaVI

hBrems:  for pi+  SubType=3
      dE/dx and range tables from 10 eV  to 100 TeV in 260 bins
      Lambda tables from threshold to 100 TeV, 20 bins/decade, spline: 1
      ===== EM models for the G4Region  DefaultRegionForTheWorld ======
               hBrem : Emin=    0 eV  Emax=  100 TeV  ModifiedMephi
      ===== Limit on energy threshold has been applied 

hPairProd:  for pi+  SubType=4
      dE/dx and range tables from 10 eV  to 100 TeV in 260 bins
      Lambda tables from threshold to 100 TeV, 20 bins/decade, spline: 1
      Sampling table 20x1001; from 1.11656 GeV to 100 TeV 
      ===== EM models for the G4Region  DefaultRegionForTheWorld ======
           hPairProd : Emin=    0 eV  Emax=  100 TeV  ModifiedMephi

msc:  for pi-  SubType= 10
      ===== EM models for the G4Region  DefaultRegionForTheWorld ======
            UrbanMsc : Emin=    0 eV  Emax=  100 TeV Nbins=240 100 eV  - 100 TeV
              StepLim=Minimal Rfact=0.2 Gfact=2.5 Sfact=0.6 DispFlag:1 Skin=1 Llimit=1

hIoni:  for pi-  SubType=2
      dE/dx and range tables from 10 eV  to 100 TeV in 260 bins
      Lambda tables from threshold to 100 TeV, 20 bins/decade, spline: 1
      StepFunction=(0.2, 0.05 mm), integ: 1, fluct: 1, linLossLim= 0.01
      ===== EM models for the G4Region  DefaultRegionForTheWorld ======
            ICRU73QO : Emin=    0 eV  Emax=297.505 keV  deltaVI
          BetheBloch : Emin=297.505 keV Emax=  100 TeV  deltaVI

hBrems:  for pi-  SubType=3
      dE/dx and range tables from 10 eV  to 100 TeV in 260 bins
      Lambda tables from threshold to 100 TeV, 20 bins/decade, spline: 1
      ===== EM models for the G4Region  DefaultRegionForTheWorld ======
               hBrem : Emin=    0 eV  Emax=  100 TeV  ModifiedMephi
      ===== Limit on energy threshold has been applied 

hPairProd:  for pi-  SubType=4
      dE/dx and range tables from 10 eV  to 100 TeV in 260 bins
      Lambda tables from threshold to 100 TeV, 20 bins/decade, spline: 1
      Sampling table 20x1001; from 1.11656 GeV to 100 TeV 
      ===== EM models for the G4Region  DefaultRegionForTheWorld ======
           hPairProd : Emin=    0 eV  Emax=  100 TeV  ModifiedMephi
G4VisManager: Using G4TrajectoryDrawByCharge as fallback trajectory model.
See commands in /vis/modeling/trajectories/ for other options.

### ===  Deexcitation model UAtomDeexcitation is activated for 25 regions:
          DefaultRegionForTheWorld  1  1  1
          cylindricalPET  1  1  1
          module  1  1  1
          unit  1  1  1
          block  1  1  1
          optical  1  1  1
          crystal  1  1  1
          capillaire1  1  1  1
          capillaire1_water  1  1  1
          capillaire2  1  1  1
          capillaire2_water  1  1  1
          capillaire3  1  1  1
          capillaire3_water  1  1  1
          capillaire4  1  1  1
          capillaire4_water  1  1  1
          capillaire5  1  1  1
          capillaire5_water  1  1  1
          capillaire_m1  1  1  1
          capillaire_m1_water  1  1  1
          capillaire_m2  1  1  1
          capillaire_m2_water  1  1  1
          capillaire_m3  1  1  1
          capillaire_m3_water  1  1  1
          capillaire_m4  1  1  1
          capillaire_m4_water  1  1  1
### ===  Ignore cuts flag:   0
(232.688,219.146,-39.2588)
(265.646,272.523,42.0892)
(-61.9105,-306.063,54.2265)
(-46.2611,-397.854,146.153)
(10.2645,-319.662,42.3246)
(95.057,-295.762,31.6835)
(-313.461,56.329,51.9127)
(-246.514,7.43052,106.061)
(-316.559,58.5484,54.7686)
(-306.681,124.234,76.2668)
(-103.186,309.575,104.326)
(-102.049,202.536,-14.8149)
(-91.8202,310.347,99.0584)
(24.681,319.657,63.5811)
(255.27,207.816,114.201)
(229.92,336.097,103.768)
(246.499,213.62,106.211)
(208.474,179.086,29.4562)
(82.8434,319.372,39.3506)
(55.9004,376.218,100.005)
(-84.8478,-304.887,10.3547)
(-51.2789,-253.183,-107.332)
(-109.908,294.59,48.0726)
(-71.7947,307.134,65.7982)
(-109.92,296.793,45.8695)
(-108.276,314.431,-8.27949)
(13.6109,-314.224,-55.692)
(45.9568,-309.297,-131.533)
(317.163,-2.33293,-7.70164)
(241.739,47.3311,-45.8844)
(322.294,2.50274,-6.66154)
(214.675,-32.2485,-74.4462)
(325.68,-3.05017,-11.7732)
(178.556,127.248,44.8272)
(327.931,-8.7989,-11.114)
(288.902,-38.447,41.1401)
(-320.657,4.26488,13.8396)
(-355.557,30.9942,92.2107)
(-318.292,3.16339,13.7871)
(-279.771,24.3098,0.0586978)
(-316.775,-6.04246,-85.4174)
(-284.287,22.1484,-55.8532)
(306.928,-73.1795,21.981)
(268.901,-100.079,34.696)
(-314.383,44.3198,-12.0505)
(-346.292,70.3335,-88.935)
(-308.089,-66.6188,-56.3629)
(-256.338,-36.9531,-98.0374)
(313.891,-5.80779,-64.7033)
(378.001,-74.3179,-103.192)
(-309.861,-67.1534,-83.7082)
(-360.949,-3.30005,-104.354)
(-314.664,-62.8264,-86.1959)
(-346.359,-76.9123,-149.486)
(-11.4198,318.378,-49.7842)
(21.3136,363.905,43.1202)
(-87.9264,-306.498,49.3287)
(-32.5734,-284.483,-20.749)
(-45.9098,332.766,28.4703)
(-30.4591,440.007,110.499)
(310.048,-116.941,27.0836)
(335.353,-157.965,33.9433)
(-241.438,204.852,-50.0207)
(-237.756,290.13,-79.6761)
(139.93,288.147,-86.0239)
(275.448,256.881,-55.4582)
(133.223,288.831,-92.8359)
(214.604,149.198,-70.5296)
(-39.8036,-311.661,82.4002)
(-6.65165,-334.242,114.735)
(-126.578,-289.14,109.147)
(-194.219,-345.686,87.8976)
(-126.084,-292.385,110.915)
(-206.113,-254.432,-14.8878)
(-126.922,-294.343,108.305)
(-75.2934,-330.496,125.31)
(-153.11,275.405,-108.436)
(-147.955,273.043,-144.739)
(-28.642,-313.956,-31.2213)
(2.53929,-240.372,26.6833)
(-26.5321,-312.624,-31.4693)
(-29.8988,-221.296,-57.6287)
(-162.927,-272.916,52.5419)
(-113.044,-244.649,78.2783)
(-129.337,297.8,-51.9076)
(-139.325,288.351,-55.255)
(-193.472,-246.172,48.9211)
(-193.864,-233.015,88.7194)
(211.966,245.238,-51.5995)
(294.243,178.962,1.45009)
(-41.5653,326.531,-28.0213)
(-85.4566,405.443,2.42911)
(-326.973,57.5103,78.8303)
(-382.761,122.681,63.2889)
(-110.237,297.331,40.7333)
(-65.0149,348.433,81.5783)
(126.816,-291.281,-41.7727)
(98.2738,-158.911,-3.61651)
(127.747,-289.39,-42.0427)
(84.1318,-299.398,-75.8252)
(-7.00877,-318.15,-4.86209)
(152.181,-348.898,61.0582)
(288.579,-135.197,-106.62)
(221.172,-186.027,-84.8304)
(-318.45,-51.0078,-93.0932)
(-359.39,126.918,-170.58)
(-195.469,255.801,-95.7585)
(-206.725,273.876,-197.029)
(151.369,278.501,-106.544)
(121.129,358.026,-97.363)
(-220.754,-236.499,88.9264)
(-162.767,-191.792,28.8559)
(-222.062,-237.068,85.4205)
(-209.23,-193.554,-7.67059)
(-219.987,-236.85,78.701)
(-216.721,-244.766,41.0244)
(289.009,-118.686,118.597)
(259.11,-21.4952,128.386)
(-306.002,72.3552,-69.8638)
(-157.335,-44.8446,-141.517)
(-309.555,79.4272,-67.564)
(-396.261,155.646,-178.766)
(-190.168,252.595,77.7591)
(-96.574,285.244,132.063)
(-61.8396,-330.999,59.3904)
(-138.383,-497.411,172.403)
(260.347,196.405,-34.1903)
(225.184,129.882,25.7237)
(-260.967,-206.707,102.46)
(-203.225,-103.369,71.6977)
(-291.63,117.13,107.673)
(-281.038,40.3646,82.78)
(-294.222,117.456,110.683)
(-434.532,46.8653,149.194)
(-286.516,-143.223,58.4871)
(-257.782,-204.373,-14.7319)
(-298.151,-144.504,65.0978)
(-387.822,-95.6043,5.89487)
(-29.6669,335.378,-13.1792)
(-19.6592,323.255,71.2757)
(119.643,-290.067,13.7282)
(85.359,-257.161,-0.656207)
(300.524,-87.5918,54.8532)
(351.988,-35.2361,36.887)
(98.4984,-301.632,13.8179)
(154.423,-268.106,48.1694)
(-287.57,146.488,-92.5225)
(-261.862,168.288,-35.234)
(-295.859,148.349,-99.2554)
(-312.359,223.301,-71.354)
(191.984,261.694,-10.5426)
(192.421,263.573,-1.34273)
(79.4051,-306.374,13.015)
(45.5731,-345.724,-93.1982)
(76.224,-316.145,13.0965)
(167.204,-334.854,-70.1583)
(73.8785,-327.989,8.98098)
(93.1309,-436.005,66.1741)
(86.785,-313.596,-88.8958)
(48.5764,-315.198,13.0915)
(186.408,272.149,79.9051)
(287.74,289.753,-1.10629)
(-172.534,-263.36,-21.5924)
(-172.181,-345.662,-10.718)
(-290.086,117.085,-70.7294)
(-364.484,57.3044,-156.1)
(-291.621,120.342,-69.3611)
(-240.636,182.889,-221.184)
(-87.5584,-307.316,-88.3854)
(12.8849,-356.846,-56.9684)
(241.581,201.912,57.5384)
(219.382,255.631,37.9049)
(234.645,222.126,-17.4525)
(139.594,299.89,-30.4429)
(-305.708,-99.0937,8.37147)
(-320.256,-153.902,32.1328)
(-314.177,-26.2339,-39.7476)
(-355.25,48.7831,-122.659)
(320.582,17.2825,21.6338)
(273.366,-29.7651,-4.4157)
(326.963,15.7951,23.8374)
(221.398,73.4318,2.50161)
(323.907,24.0736,29.776)
(352.929,70.4071,74.1751)
(322.502,25.7955,29.089)
(329.568,15.3522,136.147)
(-155.905,-280.662,-11.5219)
(-122.532,-291.741,-107.97)
(-61.2385,317.142,23.4224)
(-148.236,323.707,-8.36259)
(195.457,-258.391,-19.7944)
(152.82,-169.089,90.6823)
(290.157,-152.231,-13.1879)
(357.525,-208.252,-28.009)
(292.593,-154.991,-8.5156)
(281.786,-110.718,-9.99179)
(-75.7814,317.901,-58.8286)
(-12.4407,324.699,-42.2838)
(149.258,281.189,-116.189)
(209.177,213.936,-172.054)
(-288.253,-145.498,59.4026)
(-254.916,-112.434,17.2751)
(-285.233,-139.415,53.5186)
(-273.304,-167.658,39.3123)
(-298.108,113.496,-55.6183)
(-290.567,100.632,-14.6965)
(-284.868,135.955,89.1748)
(-311.868,59.7766,94.8755)
(-284.626,139.913,90.0174)
(-355.577,126.869,150.876)
(112.381,291.995,50.2578)
(12.1303,284.697,-26.0164)
(121.412,302.318,46.6052)
(138.205,287.147,120.295)
(-325.343,5.03062,-61.0884)
(-215.398,-19.4646,27.137)
(-323.476,3.1024,-59.2284)
(-347.432,-9.49479,-44.7579)
(312.94,13.3423,-4.95888)
(392.513,113.528,-91.9054)
(315.601,17.3543,-8.37609)
(352.971,26.0921,27.8642)
(-319.517,-14.4997,6.859)
(-272.763,-78.2073,-128.271)
(-321.093,-14.0576,10.3074)
(-345.31,-56.8891,-6.61942)
(-323.902,-5.25639,27.8225)
(-283.298,118.941,27.2887)
(-329.008,52.4293,-105.692)
(-351.305,37.4516,-191.911)
(-262.174,-178.121,20.5986)
(-283.489,-171.292,21.2397)
(-265.068,-174.823,20.1329)
(-197.592,-185.756,24.7543)
(314.679,-0.570911,111.793)
(344.533,-40.3036,160.635)
(321.393,-8.53667,107.845)
(362.273,-18.8283,111.255)
(-312.871,6.36188,-15.0384)
(-298.76,-48.9557,56.3994)
(314.088,-12.3878,31.3665)
(364.22,-22.4827,100.825)
(316.646,10.1707,83.5738)
(249.332,-4.12759,19.4415)
(313.606,7.48806,82.0687)
(230.065,54.3375,45.479)
(-259.988,197.323,124.085)
(-262.688,302.262,131.678)
(-60.9048,-308.163,62.9808)
(-17.2524,-308.728,139.654)
(-51.8344,-327.03,69.4915)
(24.1042,-300.958,101.371)
(-310.269,-93.9358,59.7317)
(-285.973,-143.929,90.0402)
(130.746,-292.45,69.1192)
(191.998,-318.094,77.382)
(130.414,-300.957,64.0733)
(213.2,-286.123,-5.40449)
(88.9866,309.304,-70.3976)
(71.5146,303.779,-50.452)
(96.3173,313.719,-67.3805)
(143.528,272.407,-31.7576)
(227.457,240.655,23.773)
(337.321,262.79,-15.7901)
(-277.153,-154.374,-16.2824)
(-272.03,-126.76,15.7404)
(-283.36,-151.55,-23.3479)
(-232.29,-105.327,118.062)
(-285.754,-149.292,-26.9913)
(-318.16,-260.926,-26.6309)
(326.479,27.6226,-36.4752)
(364.766,4.56862,-67.1302)
(-317.882,-44.2697,56.1115)
(-256.479,-0.93108,-66.2175)
(303.148,-129.429,-122.609)
(387.271,-75.8653,-127.235)
(-299.985,-110.051,-105.503)
(-264.94,-119.84,-119.299)
(309.741,-44.3319,-13.7076)
(408.406,-10.2701,4.65514)
(-309.737,118.292,34.7327)
(-397.869,126.043,83.4204)
(-321.538,100.645,32.3208)
(-334.062,158.113,69.3755)
(-319.938,99.8934,31.6364)
(-247.125,28.8517,64.2631)
(135.342,288.148,-78.1448)
(142.524,318.538,-54.1905)
(133.65,292.035,-79.0629)
(-36.7505,237.326,-100.812)
(-325.328,25.0122,-42.1738)
(-296.111,9.76409,-85.7891)
(-331.337,23.8321,-40.8216)
(-281.706,101.322,-42.4063)
(-122.837,-313.549,96.3458)
(-61.2805,-307.737,134.672)
(285.124,167.385,5.3751)
(378.951,99.2248,8.26459)
(238.147,207.946,43.4444)
(334.345,218.411,25.3847)
(247.034,-193.773,114.353)
(232.267,-170.891,-63.536)
(255.753,206.075,-78.4286)
(308.686,265.771,-11.1648)
(-43.6703,-327.096,119.482)
(84.9839,-316.108,13.9701)
(-50.1293,-330.082,118.996)
(-71.0471,-314.326,-4.49049)
(-170.604,-282.359,68.1052)
(-64.3514,-262.284,14.1066)
(283.802,169.623,-49.4826)
(307.925,219.229,-107.68)
(-212.911,-246.901,67.1763)
(-361.454,-329.998,70.009)
(-311.045,-92.5315,-55.5506)
(-299.731,-31.483,-89.8733)
(-304.117,-95.4483,-60.4555)
(-286.802,-110.618,-33.519)
(268.649,173.939,102.117)
(244.073,51.893,109.577)
(310.078,55.7259,-105.248)
(272.776,150.106,-41.0951)
(313.662,56.1593,-21.4059)
(417.35,157.932,4.34648)
(181.773,263,-43.2424)
(159.536,329.686,-96.8767)
(-41.0824,-322.81,52.2328)
(-11.4399,-237.025,-6.59067)
(-227.461,220.98,98.5959)
(-229.488,255.663,99.1929)
(249.273,-211.396,-45.9984)
(258.974,-254.514,-112.36)
(-234.192,215.304,45.5757)
(-157.703,174.97,21.021)
(-246.136,224.192,50.3805)
(-271.004,165.058,95.4324)
(-243.208,225.513,50.1444)
(-191.719,168.95,74.6314)
(-284.793,141.987,106.95)
(-268.193,74.2603,56.5811)
(-285.609,143.873,109.742)
(-417.644,147.237,128.813)
(-290.82,150.227,115.508)
(-304.707,131.482,146.519)
(-236.841,227.362,124.061)
(-284.606,98.6544,206.145)
(130.946,-301.267,-26.8937)
(147.589,-240.599,7.42544)
(139.233,-298.652,-32.1838)
(284.334,-264.569,-81.0572)
(-315.143,80.1838,34.9481)
(-321.463,194.896,98.0411)
(-152.014,273.934,10.7004)
(-146.118,357.662,155.507)
(-267.057,-195.252,-73.0622)
(-331.158,-152.284,32.736)
(320.16,18.6091,-96.5655)
(309.066,-5.04572,-181.216)
(326.389,20.3991,-88.75)
(161.229,82.2539,-106.099)
(326.404,21.3205,-87.8772)
(372.153,92.9384,-194.056)
(194.009,246.546,39.4754)
(237.297,306.136,-58.6175)
(194.742,250.296,42.7848)
(124.254,257.264,-4.09019)
(192.181,253.085,43.5711)
(192.688,312.98,-15.2688)
(313.157,57.5903,-60.9849)
(308.157,58.8066,-212.081)
(313.626,40.6877,-67.4672)
(300.783,92.4291,-53.9343)
(-307.323,-60.3509,67.6028)
(-431.63,-22.0956,130.093)
(-312.32,40.1328,69.2889)
(-318.099,51.6977,150.253)
(-314.948,15.7208,81.9823)
(-331.057,-54.3416,38.9317)
(-291.958,120.048,91.033)
(-166.649,234.09,45.9618)
(-311.113,-91.0327,-102.119)
(-330.491,-65.1375,-16.609)
(-293.331,-133.554,58.0613)
(-272.129,-141.854,54.7028)
(328.635,-71.5624,-98.0675)
(340.825,-64.3032,-174.551)
(-163.468,279.043,-20.6128)
(-165.725,280.619,55.3065)
(-162.886,276.915,-18.5064)
(-227.54,247.397,41.6915)
(-261.544,181.303,-59.4889)
(-221.188,233.531,45.6145)
(71.1272,-313.406,100.183)
(45.8189,-363.461,83.6849)
(75.7096,-320.575,102.716)
(61.589,-318.355,65.6967)
(-272.081,-157.259,-28.4698)
(-260.644,-27.4292,-34.7698)
(-280.679,-153.73,-30.1572)
(-447.368,-137.241,164.725)
(163.098,269.451,-39.5896)
(189.326,290.297,-22.6711)
(187.645,260.964,-60.12)
(231.538,348.29,40.0572)
(187.015,263.115,-62.173)
(46.5712,226.494,-39.999)
(309.419,-50.852,-85.5579)
(316.502,-73.9754,14.7809)
(112.527,-298.894,9.19805)
(102.79,-254.751,-31.1371)
(164.78,270.449,-10.9164)
(279.781,299.185,-29.3279)
(289.379,-123.252,63.7312)
(114.212,-29.4023,-29.2403)
(290.388,-120.735,65.3338)
(270.992,-114.634,84.6835)
(-310.796,62.0124,-33.389)
(-275.293,25.6729,-28.8245)
(-308.056,63.0863,-29.6798)
(-286.838,115.355,-99.3756)
(287.448,134.11,22.9772)
(367.056,285.122,-12.537)
(127.682,286.057,12.2742)
(222.601,388.862,4.44548)
(125.724,304.342,4.49288)
(165.962,225.322,40.2323)
(126.047,312.921,6.92467)
(82.6874,349.73,36.3426)
(-281.189,-150.668,-6.29177)
(-285.024,-199.575,31.3902)
(-147.027,301.454,17.9036)
(-95.2752,375.796,-28.9593)
(153.258,-274.98,-17.1563)
(59.9102,-240.855,-9.88636)
(-286.391,-163.659,9.36284)
(-369.383,-181.474,-11.6696)
(296.108,119.145,-8.38703)
(356.794,224.196,1.84828)
(315.49,13.8926,-120.464)
(292.854,57.826,-88.434)
(334.817,17.2346,-120.976)
(230.472,-27.6616,-75.4984)
(335.897,19.5071,-117.231)
(368.4,-35.5021,-95.2149)
(283.231,130.617,11.3407)
(268.979,122.852,-72.9011)
(1.52779,-319.521,-35.6306)
(-89.9944,-288.826,-85.5574)
(-2.92594,-327.918,-31.1722)
(-1.27717,-293.478,-59.2995)
(15.2599,312.887,33.0274)
(-10.0607,284.659,53.7622)
(14.6407,312.443,31.1173)
(-184.867,370.01,102.953)
(92.6106,-303.033,-56.4859)
(78.5238,-297.805,-40.7497)
(-260.923,189.468,71.2329)
(-273.375,94.7021,-37.9742)
(109.13,-300.73,109.409)
(99.1878,-355.748,139.635)
(102.191,-302.971,104.289)
(149.638,-360.452,35.9322)
(312.207,69.7852,44.2296)
(308.12,-26.6281,39.2465)
(180.981,258.508,65.0095)
(199.111,287.584,18.2697)
(92.473,-304.352,-78.0328)
(116.027,-260.838,-128.578)
(89.2528,-306.542,-78.2205)
(149.948,-279.661,-107.671)
(194.586,-245.792,54.6713)
(300.605,-268.626,26.1752)
(192.384,-253.037,60.582)
(207.609,-252.912,58.9925)
(-31.4333,-320.702,60.9534)
(-54.2989,-311.928,91.6986)
(-219.819,234.897,-45.0985)
(-308.762,224.245,-57.235)
(-123.298,-290.318,108.016)
(-151.839,-270.283,47.6933)
(295.626,114.341,1.77158)
(305.06,163.694,46.1261)
(299.703,114.888,-3.10984)
(298.982,127.78,12.4191)
(272.734,-159.484,95.4706)
(306.986,-232.973,242.071)
(-92.2458,-301.983,22.1746)
(-114.731,-273.542,14.741)
(318.446,45.0858,93.1777)
(249.761,16.0182,274.186)
(236.094,205.313,73.9209)
(219.862,331.297,76.6385)
(-100.893,-307.286,30.5069)
(-172.113,-327.722,93.676)
(-97.4085,-304.406,32.6901)
(2.2293,-362.669,73.7135)
(-179.949,-262.657,-30.793)
(-179.707,-268.012,-36.5619)
(-204.166,-267.46,-41.3329)
(-228.208,-335.398,-11.1747)
(197.205,259.237,30.1194)
(196.357,340.998,-18.2447)
(326.15,-74.7156,-77.9526)
(352.226,-27.6498,3.77871)
(326.997,-65.3194,-85.2379)
(396.427,-108.912,-38.3901)
(281.799,138.351,118.397)
(293.881,78.7186,120.548)
(-333.385,10.1945,79.0998)
(-304.921,39.6122,1.75434)
(298.304,-97.9738,98.7204)
(257.569,-68.9129,76.9657)
(313.397,-96.6934,101.21)
(373.767,-27.6808,156.618)
(315.66,-99.783,107.514)
(364.504,-181.173,38.2373)
(-286.738,128.621,-41.327)
(-325.346,149.34,23.9814)
(256.226,-208.398,62.6023)
(351.022,-253.803,32.3783)
(21.5179,322.031,34.4834)
(184.29,373.211,-17.6353)
(304.428,-118.506,-20.1725)
(271.982,-109.878,-14.3899)
(291.526,149.843,-66.7195)
(341.04,116.064,-80.8603)
(-193.523,-248.982,110.992)
(-206.294,-297.967,104.837)
(-196.347,-252.206,117.335)
(-300.589,-272.258,121.064)
(-131.077,283.508,18.6718)
(-95.0106,274.464,28.1806)
(-125.514,291.998,32.0792)
(-88.8354,296.334,-47.5114)
(-127.346,291.048,32.3913)
(-167.391,323.751,73.1206)
(149.676,-281.138,-17.8117)
(104.461,-327.118,-71.9261)
(334.473,-0.267748,37.2284)
(358.125,-33.2713,33.5045)
(-198.885,-257.078,-57.4895)
(-190.453,-299.018,-29.6895)
(-66.2806,319.953,71.4748)
(9.54384,383.573,18.5904)
(280.136,148.652,102.757)
(122.904,309.296,2.30458)
(309.706,102.829,113.729)
(370.016,40.6619,204.132)
(122.397,-289.915,12.6449)
(145.568,-394.689,66.8324)
(117.814,-290.902,16.2717)
(88.3588,-329.906,30.675)
(117.272,-291.402,15.2393)
(138.413,-388.743,-32.5817)
(118.368,-291.567,10.818)
(160.441,-256.344,96.1568)
(-306.514,64.0096,-100.493)
(-431.477,54.526,-117.991)
(-113.435,295.57,-111.181)
(-174.994,299.867,-91.5661)
(-311.907,-6.18061,87.7943)
(-267.921,32.6593,73.0314)
(324.744,3.31397,-54.1974)
(305.015,70.9074,57.3738)
(324.18,5.06993,-55.2337)
(404.159,11.207,-74.7183)
(-285.483,-133.166,117.055)
(-247.711,-122.269,-3.11919)
(306.888,66.9516,-60.1542)
(283.093,-7.26719,-68.7489)
(308.412,62.3409,-61.3976)
(327.463,46.5173,-58.9355)
(-151.311,286.239,-78.4209)
(-80.3986,350.313,-64.5713)
(244.343,-204.73,54.2203)
(194.274,-129.258,117.705)
(-312.678,19.4871,3.25741)
(-384.6,-25.4386,-7.96155)
(-277.745,-155.439,94.3739)
(-252.407,-183.767,113.151)
(-322.113,-78.7317,-5.68116)
(-327.004,-52.2072,102.887)
(297.471,123.504,7.32623)
(232.709,193.459,-35.3338)
(297.182,125.947,9.11982)
(275.719,202.253,-46.1586)
(-130.933,-302.787,-26.8352)
(-217.099,-312.995,6.59411)
(132.295,297.126,-77.4157)
(102.23,310.308,-75.1697)
(-313.095,115.511,-72.6364)
(-408.098,184.46,24.7077)
(267.853,173.321,-92.9766)
(308.303,103.499,-158.541)
(270.737,183.683,-90.2898)
(314.125,157.59,-101.355)
(272.175,186.999,-84.6376)
(314.914,158.304,-156.236)
(293.782,-109.423,109.786)
(354.835,-147.005,123.79)
(-309.749,-123.274,109.913)
(-351.008,-141.284,128.979)
(-310.483,-118.397,106.512)
(-376.6,-39.9213,26.6099)
(313.26,59.6852,-52.0559)
(339.482,-58.7847,-41.8654)
(-51.4403,-308.215,17.9874)
(-90.2074,-279.339,-8.32024)
(-46.7304,-309.166,19.4593)
(23.7653,-365.137,55.2753)
(86.6714,301.522,97.8979)
(84.2248,352.041,31.5415)
(186.203,-258.323,-86.6248)
(215.918,-305.024,-38.5545)
(324.64,-12.6781,99.5669)
(404.399,-89.8254,-12.6942)
(-312.029,8.78669,-71.7908)
(-347.126,38.7578,-132.362)
(285.485,-147.181,54.5872)
(309.372,-115.107,61.6538)
(-325.401,79.9956,-27.3026)
(-244.764,-1.89147,-140.053)
(-282.116,135.112,88.9196)
(-275.949,141.55,148.275)
(-294.371,161.322,80.1812)
(-353.367,96.1294,166.449)
(63.8486,312.879,-47.6239)
(89.922,467.383,-131.138)
(63.992,317.383,-47.6511)
(101.549,315.529,97.8074)
(-153.723,-284.933,40.6115)
(-85.8477,-350.021,-22.0052)
(-86.6255,311.615,-65.8923)
(-189.823,299.92,-53.586)
(238.797,-203.442,41.2887)
(212.132,-181.524,83.3286)
(230.514,213.35,116.543)
(210.834,197.881,141.006)
(233.409,210.695,116.741)
(256.524,193.101,90.3011)
(-313.94,-80.4697,-3.49267)
(-245.256,-98.6957,-137.189)
(-313.46,-79.5563,-3.71204)
(-279.533,-60.7228,25.694)
(310.852,75.1019,2.5268)
(290.73,70.8564,-8.9044)
(312.053,76.8997,5.41267)
(328.939,18.2891,6.88985)
(-312.655,-88.4734,-45.9872)
(-413.466,13.2743,38.0215)
(-324.118,-89.3503,-41.7439)
(-267.596,-17.8015,10.3598)
(284.881,138.688,74.3244)
(383.05,194.683,134.1)
(-117.351,297.11,96.3292)
(-135.841,349.17,152.313)
(-162.371,-284.136,-94.8235)
(-159.59,-308.033,39.1179)
(238.513,215.121,13.6955)
(208.843,254.167,-40.1712)
(240.188,216.052,12.7803)
(197.291,229.966,-21.0848)
(-299.365,-117.014,-7.92308)
(-259.829,-52.9549,114.333)
(-252.21,-198.377,-108.975)
(-286.918,-262.991,-175.202)
(299.592,131.29,72.5192)
(204.143,199.602,26.487)
(293.47,138.571,92.2976)
(356.108,121.317,12.4057)
(315.802,43.4358,-42.2476)
(344.95,89.0459,40.1067)
(-311.044,-88.4762,89.4646)
(-201.505,-91.8213,134.454)
(318.266,-79.494,-44.1676)
(375.542,23.4498,-104.698)
(318.595,-81.9251,-44.8758)
(303.598,-100.166,5.7394)
(320.053,15.0209,-117.199)
(272.285,-6.55499,-194.886)
(316.907,16.463,-114.99)
(297.602,-29.1383,-88.5949)
(112.54,-293.176,-7.1186)
(161.036,-283.165,76.8053)
(112.66,-298.21,-13.0498)
(89.4561,-240.277,-13.0078)
(-298.798,-149.58,117.54)
(-373.593,-126.91,67.4358)
(310.075,-84.9694,118.928)
(301.378,-68.1907,179.263)
(310.407,-92.9878,122.794)
(195.458,-31.2421,-31.0512)
(-325.864,43.2219,-62.837)
(-381,49.2463,-41.8265)
(-288.915,-133.786,-124.596)
(-364.114,-229.199,-169.279)
(-236.955,-228.853,-71.981)
(-197.621,-238.855,-131.273)
(293.433,117.66,-109.168)
(249.778,108.19,-83.8056)
(179.609,263.252,26.7563)
(249.274,292.369,-75.8188)
(183.254,273.543,22.5656)
(199.271,318.752,27.2986)
(-319.371,-55.7385,15.7809)
(-298.889,-111.071,-33.6844)
(-129.454,-304.331,-89.2798)
(-132.254,-369.94,-206.697)
(195.985,247.885,74.2924)
(241.794,272.636,28.3876)
(-305.562,-97.7482,-66.7366)
(-273.965,-113.677,-56.6913)
(-306.707,-101.828,-64.9056)
(-207.26,-114.998,-110.597)
(68.2688,310.123,-122.86)
(233.213,306.692,-87.1892)
(50.5373,-309.191,8.79635)
(138.06,-311.648,36.1052)
(46.2316,-310.379,2.15783)
(126.956,-453.448,-26.5104)
(-32.0674,315.761,-9.88796)
(1.45537,207.377,5.59929)
(-52.7033,311.305,-9.56732)
(-160.574,410.077,-39.9627)
(-208.96,248.912,119.152)
(-151.687,202.051,-30.7265)
(82.1027,-310.739,-66.6698)
(61.2694,-307.84,-182.089)
(81.9574,-309.692,-62.8969)
(114.725,-335.507,-58.6448)
(257.869,179.404,65.3051)
(306.098,187.847,67.117)
(259.003,196.708,67.3014)
(252.463,181.643,17.4045)
(258.819,196.769,58.9432)
(200.146,164.522,132.147)
(266.549,-173.877,-48.749)
(279.021,-202.187,-173.744)
(292.395,-121.765,107.081)
(327.91,-233.478,78.7573)
(304.289,-126.563,110.735)
(337.715,-105.324,156.956)
(307.457,-133.114,109.016)
(259.326,-88.4446,164.315)
(68.5469,-304.229,100.553)
(129.271,-298.883,92.2335)
(66.0702,-310.998,98.7446)
(121.146,-261.883,76.8571)
(-203.029,252.624,-80.4145)
(-98.4079,184.163,-20.6842)
(63.4595,318.324,8.6057)
(82.1532,419.417,16.1976)
(223.734,-231.736,-48.4125)
(226.059,-196.402,12.417)
(-25.6203,-327.114,44.706)
(-31.964,-269.907,171.965)
(-298.746,-114.626,-100.732)
(-277.058,-17.5267,-63.1213)
(-312.152,-115.955,-94.2355)
(-291.508,-213.557,-45.9357)
(-312.492,-117.396,-89.7263)
(-355.146,-107.377,-119.642)
(330.259,16.9639,116.255)
(410.662,-36.6074,128.883)
(333.312,15.7722,119.615)
(302.901,44.6635,9.55137)
(334.782,9.9106,121.645)
(344.555,-71.4132,138.961)
(-184.643,-260.59,33.2781)
(-116.006,-215.602,-14.5861)
(-88.3,306.825,-36.4741)
(48.7748,309.305,-4.917)
(203.912,260.276,-38.1418)
(128.506,240.081,-50.5467)
(-296.767,-119.43,17.901)
(-355.74,-67.6,-5.9573)
(-298.873,-123.583,17.3299)
(-295.367,-141.822,46.3299)
(-276.453,154.707,-34.4518)
(-342.703,118.855,60.6285)
(-290.993,154.601,-31.6899)
(-243.234,143.569,81.0755)
(250.15,217.337,-22.9826)
(313.709,206.686,-17.0807)
(-90.8849,-307.057,34.3636)
(-30.4851,-316.421,136.527)
(-93.5332,-310.585,37.3099)
(-123.103,-345.121,120.469)
(-295.737,-115.081,110.728)
(-294.874,-216.465,-14.7917)
(-320.552,-103.005,111.55)
(-243.056,-167.215,104.155)
(-4.29184,317.792,109.569)
(-33.6659,381.235,102.69)
(-2.72811,327.066,111.546)
(61.7752,382.738,73.703)
(-1.83554,333.074,124.096)
(-22.2169,271.964,212.124)
(-95.4136,-308.445,-110.502)
(-133.242,-189.799,-69.0479)
(-219.875,-226.468,93.2139)
(-290.199,-189.9,138.153)
(-180.389,-260.946,51.8804)
(-177.564,-163.869,84.9295)
(-188.044,-264.366,47.4667)
(-250.685,-341.071,-114.317)
(192.82,250.225,-53.8965)
(163.697,292.061,-35.427)
(232.552,212.226,77.5327)
(226.291,231.55,-12.4749)
(-333.629,-51.7845,94.67)
(-334.996,-74.0497,119.615)
(312.09,59.8612,-93.3648)
(342.188,104.29,-44.264)
(324.239,68.4019,-90.6093)
(377.019,65.9878,-219.363)
(300.742,129.403,-40.8975)
(334.45,50.3049,-136.376)
(-317.828,-30.9975,12.6773)
(-349.732,-9.97118,0.436383)
(-330.457,-27.2576,22.9251)
(-420.284,157.733,61.5254)
(-327.252,-20.2541,20.3172)
(-309.506,-106.455,11.9632)
(-215.6,-236.869,41.8671)
(-268.717,-228.912,108.225)
(-238.794,204.605,-4.28357)
(-255.345,277.945,-50.9063)
(-232.248,244.271,68.893)
(-279.324,241.976,37.6996)
(-232.524,244.769,73.798)
(-182.299,245.957,39.3042)
(-199.698,-258.705,11.6155)
(-264.03,-141.087,-126.238)
(-200.372,-266.75,3.70464)
(-148.736,-294.966,-148.371)
(-104.437,318.206,-103.218)
(-58.5388,303.098,-37.3215)
(177.553,-261.934,85.0722)
(286.052,-210.348,93.9372)
(-261.55,-200.245,47.0026)
(-225.524,-104.087,109.62)
(165.155,272.254,-68.0621)
(151.853,249.516,-119.049)
(171.459,285.997,-72.4596)
(169.289,236.062,-99.8142)
(-272.498,163.827,-63.5466)
(-204.265,198.007,-88.8465)
(137.524,290.036,95.6584)
(245.39,339.934,66.6441)
(-44.5721,-314.425,-102.947)
(-55.8559,-323.521,-42.2805)
(273.676,-186.513,-16.7757)
(286.841,-189.336,-9.20486)
(273.702,-189.556,-14.4891)
(324.913,-144.601,79.4085)
(129.198,-290.09,95.2752)
(113.691,-311.85,36.4592)
(273.377,-180.295,104.545)
(288.649,-225.992,196.868)
(273.071,-183.616,104.623)
(359.909,-174.19,-48.9483)
(-235.268,-223.985,-121.041)
(-229.467,-130.971,-127.042)
(305.634,99.7285,51.5722)
(435.514,139.018,33.1015)
(-321.917,62.2953,-122.236)
(-293.768,58.682,-94.935)
(-274.759,-180.758,90.8216)
(-208.304,-178.732,42.1634)
(-279.028,-161.308,95.3303)
(-322.651,-227.209,84.3212)
(270.34,165.657,-86.8192)
(221.737,241.462,-136.312)
(271.037,165.875,-88.0454)
(207.046,116.186,-259.395)
(0.541845,329.831,35.2437)
(44.6641,392.327,20.7964)
(19.0262,-318.184,-36.7804)
(70.7666,-345.346,-90.2131)
(19.1401,-318.073,-39.5489)
(147.588,-291.177,-53.5211)
(-67.0078,-307.097,-122.186)
(-7.7654,-364.205,-130.583)
(89.7116,305.796,122.744)
(-5.90083,346.354,76.2965)
(92.7122,304.216,123.01)
(29.5418,337.149,1.54383)
(-317.801,-13.5914,-28.1126)
(-251.558,7.73105,-59.2626)
(-317.655,-17.76,-21.5646)
(-322.452,2.39078,-73.8923)
(294.38,113.887,17.7801)
(264.14,9.19116,26.342)
(-227.491,221.844,-23.6428)
(-119.824,187.261,14.5092)
(-231.256,219.607,-22.7737)
(-200.509,194.796,28.3609)
(-231.253,220.116,-26.812)
(-287.133,174.235,32.058)
(-235.832,218.529,-23.7224)
(-132.97,206.887,-68.3608)
(56.8969,-319.788,101.353)
(-49.119,-314.553,178.763)
(157.052,283.586,-91.4716)
(76.7068,370.269,-98.4562)
(161.386,287.311,-92.9388)
(227.997,245.604,-57.6287)
(136.717,-293.137,-103.07)
(167.846,-311.305,-176.386)
(146.414,-297.893,-110.117)
(126.163,-268.189,-51.1653)
(143.863,283.456,102.916)
(138.977,267.904,168.224)
(-295.443,-112.077,107.241)
(-260.504,-84.2306,182.993)
(-302.583,-117.59,119.276)
(-349.862,-128.759,-17.4043)
(-316.09,54.8013,93.8117)
(-307.93,9.55271,104.73)
(291.026,-143.045,80.2715)
(266.917,-239.273,8.36905)
(111.808,297.272,-111.597)
(71.79,428.269,-69.285)
(118.441,299.178,-108.324)
(88.5353,339.422,-88.0792)
(-18.483,-330.147,123.338)
(27.4702,-275.02,155.869)
(41.2333,311.376,-39.7732)
(40.2388,223.422,-1.60073)
(213.206,-230.051,27.3675)
(211.791,-158.679,54.7275)
(233.542,-227.187,38.1252)
(208.475,-362.63,-18.703)
(-271.569,-185.984,77.9579)
(-328.454,-225.859,72.8312)
(-206.685,239.663,22.9871)
(-196.056,245.43,-11.8254)
(-278.445,-147.907,-113.442)
(-387.125,-116.625,-35.384)
(277.907,142.92,93.2212)
(295.764,133.225,6.45809)
(-254.349,-194.697,-108.373)
(-297.402,-92.4291,-18.938)
(255.519,180.715,99.9567)
(267.679,198.278,43.5419)
(257.212,186.403,100.892)
(168.043,321.444,86.168)
(263.616,192.608,106.943)
(107.824,256.874,96.8247)
(-58.0819,-317.436,98.3284)
(-65.5308,-330.943,86.9178)
(-57.8435,-320.652,105.675)
(-87.442,-247.225,62.5276)
(9.60174,316.782,88.7637)
(-82.8232,360.146,39.6446)
(5.84677,319.517,87.7732)
(22.796,450.692,43.4343)
(-321.314,57.4233,-60.4332)
(-428.63,87.3042,-90.5472)
(313.243,-26.7778,29.4483)
(245.882,-67.0963,-32.9148)
(-249.136,226.936,104.319)
(-215.238,235.611,-63.6602)
(-245.672,230.39,100.253)
(-130.811,296.945,25.6336)
(-285.208,-143.473,-96.8119)
(-217.145,-122.484,-42.242)
(254.845,185.064,122.974)
(122.51,223.058,58.2392)
(111.25,-294.131,63.8602)
(157.979,-184.883,86.7549)
(111.659,-293.634,64.6545)
(89.5365,-331.897,-65.903)
(166.624,278.435,-66.4126)
(50.7107,260.051,23.7917)
(190.153,249.03,-52.7234)
(124.479,255.954,-96.5297)
(235.831,213.524,95.7614)
(214.692,172.746,133.379)
(234.058,216.927,107.127)
(197.692,50.5939,137.463)
(65.7037,-315.372,18.4091)
(7.22428,-280.948,10.1414)
(208.461,245.266,70.4793)
(127.386,117.965,111.693)
(210.454,251.708,71.1068)
(173.929,183.622,175.273)
(208.899,241.4,-113.028)
(212.858,300.328,-96.1683)
(-312.928,-2.80225,-9.00701)
(-361.469,-86.7578,-123.481)
(300.635,115.267,-66.8106)
(232.962,199.415,-92.972)
(311.602,76.5967,84.564)
(196.247,155.314,-26.7882)
(-300.884,-136.902,-11.8266)
(-324.776,-141.783,-56.2973)
(-300.498,-136.527,-13.9952)
(-291.125,-54.3515,-52.88)
(171.878,265.038,21.9297)
(178.236,287.714,66.9443)
(-116.612,293.741,-73.9548)
(-190.707,269.339,-76.84)
(-104.65,317.019,-73.5942)
(-202.169,294.32,-207.613)
(310.142,61.8998,36.6129)
(346.583,46.2397,14.0768)
(247.647,-200.19,41.4168)
(253.226,-153.335,133.058)
(248.479,-202.494,46.0653)
(162.215,-141.422,41.4693)
(251.394,-203.398,48.4238)
(311.181,-107.572,87.4761)
(-31.2481,318.59,-67.7504)
(-87.1511,253.452,-185.246)
(-320.92,-45.8009,-61.7767)
(-236.482,-67.4244,-163.868)
(122.277,289.052,-59.8375)
(151.029,323.609,-65.5835)
(-141.597,-302.424,-4.25097)
(-113.95,-393.793,-10.147)
(-149.574,300.444,-121.212)
(-175.205,322.797,-27.2977)
(-149.453,301.211,-121.369)
(-189.236,233.36,-133.307)
(-69.6905,-306.747,123.488)
(19.3278,-328.544,148.171)
(-290.395,161.992,3.67913)
(-281.794,204.024,24.5633)
(328.627,-70.8589,-2.50883)
(386.729,-54.3189,-92.3516)
(-99.2901,-303.108,-106.201)
(-102.262,-294.868,-51.1503)
(225.455,242.919,85.2009)
(151.783,198.678,81.6033)
(-92.7048,309.025,-19.7487)
(-186.962,370.971,-23.7687)
(-125.214,-293.872,21.0245)
(-82.947,-219.614,16.5719)
(-119.262,-297.572,16.4996)
(-114.613,-325.081,48.9355)
(156.02,-283.5,-42.1858)
(109.52,-162.79,0.454203)
(158.988,-287.661,-46.3683)
(154.398,-282.511,3.6502)
(-65.3974,309.183,48.5354)
(-91.6984,393.077,72.8935)
(-64.8448,314.617,47.57)
(17.8166,309.062,-27.154)
(247.805,192.948,-118.261)
(244.672,177.513,-287.977)
(-290.2,-124.083,72.2906)
(-267.517,-159.651,83.7262)
(-223.728,248.556,-20.7602)
(-246.384,204.674,41.6752)
(-223.48,246.239,-19.3234)
(-254.224,288.894,6.94431)
(312.262,60.962,-120.32)
(399.216,81.0875,-246.188)
(-325.787,-46.2114,88.8968)
(-279.603,-84.7056,161.714)
(150.757,276.382,-51.9537)
(111.365,198.747,-65.3811)
(-135.207,-286.67,53.0757)
(-86.6395,-437.09,112.602)
(-134.132,-285.996,55.1907)
(-248.851,-243.31,-50.7665)
(308.876,-83.6811,-83.7197)
(211.672,-117.072,-103.407)
(306.996,-80.9234,-82.6461)
(265.488,-133.788,-52.2435)
(164.19,267.38,27.9527)
(256.981,389.293,67.0501)
(119.463,-289.787,41.3806)
(90.6112,-313.133,56.7498)
(-25.0249,-331.386,-37.5436)
(-65.0839,-327.291,-56.2633)
(-24.7444,-331.571,-37.093)
(-37.4705,-265.707,-17.574)
(254.441,189.688,19.1935)
(230.984,226.517,-25.113)
(-120.745,-302.417,-29.1659)
(-274.17,-288.082,-56.2391)
(-128.029,-307.53,-33.1638)
(-108.521,-311.199,-124.18)
(94.0683,-312.412,-79.5116)
(112.931,-313.028,-36.8855)
(306.638,-124.693,-32.1912)
(263.975,3.36062,-60.0537)
(-197.884,252.297,66.1961)
(-250.2,172.486,-45.7267)
(-19.7829,-322.881,85.2323)
(50.4752,-300.564,47.5173)
(-320.961,-59.9101,-41.6663)
(-316.024,38.1091,-51.4139)
(282.814,140.535,92.7057)
(243.465,189.952,163.48)
(286.077,144.604,90.4287)
(300.045,116.138,89.4327)
(-275.112,-159.349,-65.4988)
(-277.945,-65.8277,-181.919)
(309.642,65.1248,27.2108)
(244.094,117.896,-112.985)
(-328.775,66.9792,-94.4907)
(-229.446,35.4618,-147.278)
(-328.124,65.7421,-94.7562)
(-352.399,-52.2824,-36.1745)
(313.367,-31.0519,46.1752)
(190.123,-92.2269,40.8676)
(278.721,-150.187,-38.1383)
(222.825,-111.34,-125.5)
(-258.018,201.142,52.9657)
(-170.727,247.766,8.10384)
(305.143,86.9825,-111.404)
(219.181,94.6078,-88.1267)
(313.213,77.4712,-116.994)
(369.269,104.899,-96.4845)
(-182.61,271.124,-13.3651)
(-228.353,347.367,-104.31)
(275.646,-153.967,9.73365)
(283.887,-27.2922,86.7364)
(280.131,-163.081,2.18973)
(221.514,-101.189,40.9282)
0 events have been kept for refreshing and/or reviewing.
  "/vis/reviewKeptEvents" to review them one by one.
  "/vis/enable", then "/vis/viewer/flush" or "/vis/viewer/rebuild" to see them accumulated.
[Core-0] End of macro ./split/.Gate/main122/main8.mac
Graphics systems deleted.
Visualization Manager deleting...
