[G4] 
[G4] **************************************************************
[G4]  Geant4 version Name: geant4-10-07-patch-02    (11-June-2021)
[G4]                        Copyright : Geant4 Collaboration
[G4]                       References : NIM A 506 (2003), 250-303
[G4]                                  : IEEE-TNS 53 (2006), 270-278
[G4]                                  : NIM A 835 (2016), 186-225
[G4]                              WWW : http://geant4.org/
[G4] **************************************************************
[G4] 
[Core-0] Initialization of geometry
[Core-0] Initialization of physics
[Core-0] Initialization of actors
[Core-0] 
[Core-0] *************************************************
[Core-0]  GATE version 9.1 (2021)
[Core-0]  Copyright : OpenGATE Collaboration
[Core-0]  Reference : Phys. Med. Biol. 49 (2004) 4543-4561
[Core-0]  Reference : Phys. Med. Biol. 56 (2011) 881-901
[Core-0]  Reference : Med. Phys. 41(6)    (2014)
[Core-0]  http://www.opengatecollaboration.org        
[Core-0] *************************************************
[Core-0] 
[Core-0] You are using Geant4 version 10.7.2
[Core-0] Starting macro ./split/.Gate/main126/main8.mac
0: RINDEX
1.84e-06   1.00028
4.08e-06   1.00028
9: GROUPVEL
1.84e-06   299.709
4.08e-06   299.709
16: ABSLENGTH
1.84e-06   50000
4.08e-06   50000
 <!> *** WARNING *** <!>  GateMaterialDatabase: Multiple definition of element: Yttrium.
The definition in ClMind_GateMaterials.db was used.


GATE object:        'systems/cylindricalPET'
Components:

GATE object:        'systems/cylindricalPET/base'
Attached to volume: cylindricalPET
Nb of children:       1

	GATE object:        'systems/cylindricalPET/rsector'
	Attached to volume: module
	Nb of children:       1

		GATE object:        'systems/cylindricalPET/module'
		Attached to volume: unit
		Nb of children:       1

			GATE object:        'systems/cylindricalPET/submodule'
			Attached to volume: block
			Nb of children:       1

				GATE object:        'systems/cylindricalPET/crystal'
				Attached to volume: optical
				Nb of children:       4

					GATE object:        'systems/cylindricalPET/layer0'
					Attached to volume: crystal
					Nb of children:       0

					GATE object:        'systems/cylindricalPET/layer1'
					Attached to volume: ---
					Nb of children:       0

					GATE object:        'systems/cylindricalPET/layer2'
					Attached to volume: ---
					Nb of children:       0

					GATE object:        'systems/cylindricalPET/layer3'
					Attached to volume: ---
					Nb of children:       0
geometrical design type: 1
ring diameter: -3.95 mm 
rsector axial pitch: 0 fm 
rsector azimuthal pitch: 12.8571 degree
rsector tangential size: 2.5 cm 
rsector axial size: 25.04 cm 
module axial size: 4.784 cm 
module tangential size: 2.5 cm 
module axial pitch: 0 fm 
module tangential pitch: 0 fm 
submodule axial size: 4.784 cm 
submodule tangential size: 2.5 cm 
submodule axial pitch: 0 fm 
submodule tangential pitch: 0 fm 
crystal radial size: 1.59 cm 
crystal axial size: 1.59 cm 
crystal tangential size: 2.5 cm 
crystal axial pitch: 0 fm 
crystal tangential pitch: 0 fm 
layer0 radial size: 3.95 mm 
in layer0 interaction length: 1.975 mm 
Axial nb of rsectors: 1
Azimuthal nb of rsectors: 28
Axial nb of modules: 1
Tangential nb of modules: 1
Axial nb of submodules: 1
Tangential nb of submodules: 1
Axial nb of crystals: 1
Tangential nb of crystals: 1
Radial nb of layers: 1
[Physic-0] The following Geant4's physic-list is enabled :emstandard_opt3


List of Enabled processes:




List of initialized processes:


[Core-0] Initialization of geometry
[Core-0] Initialization of physics
[Core-0] Initialization of actors
 <!> *** WARNING *** <!>  The 'energytype' option is DEPRECATED, use 'ene/type' instead!
 <!> *** WARNING *** <!>  The 'energytype' option is DEPRECATED, use 'ene/type' instead!
 <!> *** WARNING *** <!>  The 'energytype' option is DEPRECATED, use 'ene/type' instead!
 <!> *** WARNING *** <!>  The 'energytype' option is DEPRECATED, use 'ene/type' instead!
 <!> *** WARNING *** <!>  The 'energytype' option is DEPRECATED, use 'ene/type' instead!
 <!> *** WARNING *** <!>  The 'energytype' option is DEPRECATED, use 'ene/type' instead!
 <!> *** WARNING *** <!>  The 'energytype' option is DEPRECATED, use 'ene/type' instead!
 <!> *** WARNING *** <!>  The 'energytype' option is DEPRECATED, use 'ene/type' instead!
 <!> *** WARNING *** <!>  The 'energytype' option is DEPRECATED, use 'ene/type' instead!
[Acquisition-0]   
[Acquisition-0] ============= Source initialization =============
[Acquisition-0]   
[Acquisition-0] ============= Acquisition starts! =============
[Acquisition-0] Simulation start time = 0 sec
[Acquisition-0] Simulation end time   = 1 sec
[Acquisition-0] Simulation will have  = 1 run(s)
[Acquisition-0] Slice 0 from 0 to 1 s [slice=1 s]

### ===  Deexcitation model UAtomDeexcitation is activated for 25 regions:
          DefaultRegionForTheWorld  1  1  1
          cylindricalPET  1  1  1
          module  1  1  1
          unit  1  1  1
          block  1  1  1
          optical  1  1  1
          crystal  1  1  1
          capillaire1  1  1  1
          capillaire1_water  1  1  1
          capillaire2  1  1  1
          capillaire2_water  1  1  1
          capillaire3  1  1  1
          capillaire3_water  1  1  1
          capillaire4  1  1  1
          capillaire4_water  1  1  1
          capillaire5  1  1  1
          capillaire5_water  1  1  1
          capillaire_m1  1  1  1
          capillaire_m1_water  1  1  1
          capillaire_m2  1  1  1
          capillaire_m2_water  1  1  1
          capillaire_m3  1  1  1
          capillaire_m3_water  1  1  1
          capillaire_m4  1  1  1
          capillaire_m4_water  1  1  1
### ===  Ignore cuts flag:   0

phot:  for gamma applyCuts:1  SubType=12 BuildTable=0
      LambdaPrime table from 200 keV to 100 TeV in 174 bins 
      ===== EM models for the G4Region  DefaultRegionForTheWorld ======
 LivermorePhElectric : Emin=    0 eV  Emax=  100 TeV  SauterGavrila Fluo

compt:  for gamma applyCuts:1  SubType=13 BuildTable=1
      Lambda table from 10 eV  to 1 MeV, 20 bins/decade, spline: 1
      LambdaPrime table from 1 MeV to 100 TeV in 160 bins 
      ===== EM models for the G4Region  DefaultRegionForTheWorld ======
        KleinNishina : Emin=    0 eV  Emax=  100 TeV Fluo

conv:  for gamma applyCuts:1  SubType=14 BuildTable=1
      Lambda table from 1.022 MeV to 100 TeV, 20 bins/decade, spline: 1
      ===== EM models for the G4Region  DefaultRegionForTheWorld ======
     BetheHeitlerLPM : Emin=    0 eV  Emax=  100 TeV  ModifiedTsai

Rayl:  for gamma applyCuts:1  SubType=11 BuildTable=1
      Lambda table from 10 eV  to 100 keV, 20 bins/decade, spline: 0
      LambdaPrime table from 100 keV to 100 TeV in 180 bins 
      ===== EM models for the G4Region  DefaultRegionForTheWorld ======
   LivermoreRayleigh : Emin=    0 eV  Emax=  100 TeV  CullenGenerator

msc:  for e-  SubType= 10
      ===== EM models for the G4Region  DefaultRegionForTheWorld ======
            UrbanMsc : Emin=    0 eV  Emax=  100 TeV Nbins=240 100 eV  - 100 TeV
              StepLim=DistanceToBoundary Rfact=0.04 Gfact=2.5 Sfact=0.6 DispFlag:1 Skin=1 Llimit=1

eIoni:  for e-  SubType=2
      dE/dx and range tables from 10 eV  to 100 TeV in 260 bins
      Lambda tables from threshold to 100 TeV, 20 bins/decade, spline: 1
      StepFunction=(0.2, 0.1 mm), integ: 1, fluct: 1, linLossLim= 0.01
      ===== EM models for the G4Region  DefaultRegionForTheWorld ======
        MollerBhabha : Emin=    0 eV  Emax=  100 TeV  deltaVI

eBrem:  for e-  SubType=3
      dE/dx and range tables from 10 eV  to 100 TeV in 260 bins
      Lambda tables from threshold to 100 TeV, 20 bins/decade, spline: 1
      LPM flag: 1 for E > 1 GeV,  VertexHighEnergyTh(GeV)= 100000
      ===== EM models for the G4Region  DefaultRegionForTheWorld ======
             eBremSB : Emin=    0 eV  Emax=    1 GeV  AngularGen2BS
            eBremLPM : Emin=    1 GeV Emax=  100 TeV  AngularGen2BS

ePairProd:  for e-  SubType=4
      dE/dx and range tables from 10 eV  to 100 TeV in 260 bins
      Lambda tables from threshold to 100 TeV, 20 bins/decade, spline: 1
      Sampling table 25x1001; from 0.1 GeV to 100 TeV 
      ===== EM models for the G4Region  DefaultRegionForTheWorld ======
           ePairProd : Emin=    0 eV  Emax=  100 TeV  ModifiedMephi

msc:  for e+  SubType= 10
      ===== EM models for the G4Region  DefaultRegionForTheWorld ======
            UrbanMsc : Emin=    0 eV  Emax=  100 TeV Nbins=240 100 eV  - 100 TeV
              StepLim=DistanceToBoundary Rfact=0.04 Gfact=2.5 Sfact=0.6 DispFlag:1 Skin=1 Llimit=1

eIoni:  for e+  SubType=2
      dE/dx and range tables from 10 eV  to 100 TeV in 260 bins
      Lambda tables from threshold to 100 TeV, 20 bins/decade, spline: 1
      StepFunction=(0.2, 0.1 mm), integ: 1, fluct: 1, linLossLim= 0.01
      ===== EM models for the G4Region  DefaultRegionForTheWorld ======
        MollerBhabha : Emin=    0 eV  Emax=  100 TeV  deltaVI

eBrem:  for e+  SubType=3
      dE/dx and range tables from 10 eV  to 100 TeV in 260 bins
      Lambda tables from threshold to 100 TeV, 20 bins/decade, spline: 1
      LPM flag: 1 for E > 1 GeV,  VertexHighEnergyTh(GeV)= 100000
      ===== EM models for the G4Region  DefaultRegionForTheWorld ======
             eBremSB : Emin=    0 eV  Emax=    1 GeV  AngularGen2BS
            eBremLPM : Emin=    1 GeV Emax=  100 TeV  AngularGen2BS

ePairProd:  for e+  SubType=4
      dE/dx and range tables from 10 eV  to 100 TeV in 260 bins
      Lambda tables from threshold to 100 TeV, 20 bins/decade, spline: 1
      Sampling table 25x1001; from 0.1 GeV to 100 TeV 
      ===== EM models for the G4Region  DefaultRegionForTheWorld ======
           ePairProd : Emin=    0 eV  Emax=  100 TeV  ModifiedMephi

annihil:  for e+, integral:1  applyCuts:1  SubType=5 BuildTable=0
      ===== EM models for the G4Region  DefaultRegionForTheWorld ======
            eplus2gg : Emin=    0 eV  Emax=  100 TeV

msc:  for proton  SubType= 10
      ===== EM models for the G4Region  DefaultRegionForTheWorld ======
            UrbanMsc : Emin=    0 eV  Emax=  100 TeV Nbins=240 100 eV  - 100 TeV
              StepLim=Minimal Rfact=0.2 Gfact=2.5 Sfact=0.6 DispFlag:1 Skin=1 Llimit=1

hIoni:  for proton  SubType=2
      dE/dx and range tables from 10 eV  to 100 TeV in 260 bins
      Lambda tables from threshold to 100 TeV, 20 bins/decade, spline: 1
      StepFunction=(0.2, 0.05 mm), integ: 1, fluct: 1, linLossLim= 0.01
      ===== EM models for the G4Region  DefaultRegionForTheWorld ======
               Bragg : Emin=    0 eV  Emax=    2 MeV  deltaVI
          BetheBloch : Emin=    2 MeV Emax=  100 TeV  deltaVI

hBrems:  for proton  SubType=3
      dE/dx and range tables from 10 eV  to 100 TeV in 260 bins
      Lambda tables from threshold to 100 TeV, 20 bins/decade, spline: 1
      ===== EM models for the G4Region  DefaultRegionForTheWorld ======
               hBrem : Emin=    0 eV  Emax=  100 TeV  ModifiedMephi
      ===== Limit on energy threshold has been applied 

hPairProd:  for proton  SubType=4
      dE/dx and range tables from 10 eV  to 100 TeV in 260 bins
      Lambda tables from threshold to 100 TeV, 20 bins/decade, spline: 1
      Sampling table 17x1001; from 7.50618 GeV to 100 TeV 
      ===== EM models for the G4Region  DefaultRegionForTheWorld ======
           hPairProd : Emin=    0 eV  Emax=  100 TeV  ModifiedMephi

nuclearStopping:  for proton applyCuts:1  SubType=8 BuildTable=0
      ===== EM models for the G4Region  DefaultRegionForTheWorld ======
   ICRU49NucStopping : Emin=    0 eV  Emax=    1 MeV

msc:  for GenericIon  SubType= 10
      ===== EM models for the G4Region  DefaultRegionForTheWorld ======
            UrbanMsc : Emin=    0 eV  Emax=  100 TeV
              StepLim=Minimal Rfact=0.2 Gfact=2.5 Sfact=0.6 DispFlag:1 Skin=1 Llimit=1

ionIoni:  for GenericIon  SubType=2
      dE/dx and range tables from 10 eV  to 100 TeV in 260 bins
      Lambda tables from threshold to 100 TeV, 20 bins/decade, spline: 1
      StepFunction=(0.1, 0.02 mm), integ: 1, fluct: 1, linLossLim= 0.02
      ===== EM models for the G4Region  DefaultRegionForTheWorld ======
         ParamICRU73 : Emin=    0 eV  Emax=  100 TeV  deltaVI

nuclearStopping:  for GenericIon applyCuts:1  SubType=8 BuildTable=0
      ===== EM models for the G4Region  DefaultRegionForTheWorld ======
   ICRU49NucStopping : Emin=    0 eV  Emax=    1 MeV

msc:  for alpha  SubType= 10
      ===== EM models for the G4Region  DefaultRegionForTheWorld ======
            UrbanMsc : Emin=    0 eV  Emax=  100 TeV Nbins=240 100 eV  - 100 TeV
              StepLim=Minimal Rfact=0.2 Gfact=2.5 Sfact=0.6 DispFlag:1 Skin=1 Llimit=1

ionIoni:  for alpha  SubType=2
      dE/dx and range tables from 10 eV  to 100 TeV in 260 bins
      Lambda tables from threshold to 100 TeV, 20 bins/decade, spline: 1
      StepFunction=(0.1, 0.02 mm), integ: 1, fluct: 1, linLossLim= 0.02
      ===== EM models for the G4Region  DefaultRegionForTheWorld ======
            BraggIon : Emin=    0 eV  Emax=7.9452 MeV  deltaVI
          BetheBloch : Emin=7.9452 MeV Emax=  100 TeV  deltaVI

nuclearStopping:  for alpha applyCuts:1  SubType=8 BuildTable=0
      ===== EM models for the G4Region  DefaultRegionForTheWorld ======
   ICRU49NucStopping : Emin=    0 eV  Emax=    1 MeV

msc:  for anti_proton  SubType= 10
      ===== EM models for the G4Region  DefaultRegionForTheWorld ======
            UrbanMsc : Emin=    0 eV  Emax=  100 TeV Nbins=240 100 eV  - 100 TeV
              StepLim=Minimal Rfact=0.2 Gfact=2.5 Sfact=0.6 DispFlag:1 Skin=1 Llimit=1

hIoni:  for anti_proton  SubType=2
      dE/dx and range tables from 10 eV  to 100 TeV in 260 bins
      Lambda tables from threshold to 100 TeV, 20 bins/decade, spline: 1
      StepFunction=(0.2, 0.05 mm), integ: 1, fluct: 1, linLossLim= 0.01
      ===== EM models for the G4Region  DefaultRegionForTheWorld ======
            ICRU73QO : Emin=    0 eV  Emax=    2 MeV  deltaVI
          BetheBloch : Emin=    2 MeV Emax=  100 TeV  deltaVI

hBrems:  for anti_proton  SubType=3
      dE/dx and range tables from 10 eV  to 100 TeV in 260 bins
      Lambda tables from threshold to 100 TeV, 20 bins/decade, spline: 1
      ===== EM models for the G4Region  DefaultRegionForTheWorld ======
               hBrem : Emin=    0 eV  Emax=  100 TeV  ModifiedMephi
      ===== Limit on energy threshold has been applied 

hPairProd:  for anti_proton  SubType=4
      dE/dx and range tables from 10 eV  to 100 TeV in 260 bins
      Lambda tables from threshold to 100 TeV, 20 bins/decade, spline: 1
      Sampling table 17x1001; from 7.50618 GeV to 100 TeV 
      ===== EM models for the G4Region  DefaultRegionForTheWorld ======
           hPairProd : Emin=    0 eV  Emax=  100 TeV  ModifiedMephi

msc:  for kaon+  SubType= 10
      ===== EM models for the G4Region  DefaultRegionForTheWorld ======
            UrbanMsc : Emin=    0 eV  Emax=  100 TeV Nbins=240 100 eV  - 100 TeV
              StepLim=Minimal Rfact=0.2 Gfact=2.5 Sfact=0.6 DispFlag:1 Skin=1 Llimit=1

hIoni:  for kaon+  SubType=2
      dE/dx and range tables from 10 eV  to 100 TeV in 260 bins
      Lambda tables from threshold to 100 TeV, 20 bins/decade, spline: 1
      StepFunction=(0.2, 0.05 mm), integ: 1, fluct: 1, linLossLim= 0.01
      ===== EM models for the G4Region  DefaultRegionForTheWorld ======
               Bragg : Emin=    0 eV  Emax=1.05231 MeV  deltaVI
          BetheBloch : Emin=1.05231 MeV Emax=  100 TeV  deltaVI

hBrems:  for kaon+  SubType=3
      dE/dx and range tables from 10 eV  to 100 TeV in 260 bins
      Lambda tables from threshold to 100 TeV, 20 bins/decade, spline: 1
      ===== EM models for the G4Region  DefaultRegionForTheWorld ======
               hBrem : Emin=    0 eV  Emax=  100 TeV  ModifiedMephi
      ===== Limit on energy threshold has been applied 

hPairProd:  for kaon+  SubType=4
      dE/dx and range tables from 10 eV  to 100 TeV in 260 bins
      Lambda tables from threshold to 100 TeV, 20 bins/decade, spline: 1
      Sampling table 18x1001; from 3.94942 GeV to 100 TeV 
      ===== EM models for the G4Region  DefaultRegionForTheWorld ======
           hPairProd : Emin=    0 eV  Emax=  100 TeV  ModifiedMephi

msc:  for kaon-  SubType= 10
      ===== EM models for the G4Region  DefaultRegionForTheWorld ======
            UrbanMsc : Emin=    0 eV  Emax=  100 TeV Nbins=240 100 eV  - 100 TeV
              StepLim=Minimal Rfact=0.2 Gfact=2.5 Sfact=0.6 DispFlag:1 Skin=1 Llimit=1

hIoni:  for kaon-  SubType=2
      dE/dx and range tables from 10 eV  to 100 TeV in 260 bins
      Lambda tables from threshold to 100 TeV, 20 bins/decade, spline: 1
      StepFunction=(0.2, 0.05 mm), integ: 1, fluct: 1, linLossLim= 0.01
      ===== EM models for the G4Region  DefaultRegionForTheWorld ======
            ICRU73QO : Emin=    0 eV  Emax=1.05231 MeV  deltaVI
          BetheBloch : Emin=1.05231 MeV Emax=  100 TeV  deltaVI

hBrems:  for kaon-  SubType=3
      dE/dx and range tables from 10 eV  to 100 TeV in 260 bins
      Lambda tables from threshold to 100 TeV, 20 bins/decade, spline: 1
      ===== EM models for the G4Region  DefaultRegionForTheWorld ======
               hBrem : Emin=    0 eV  Emax=  100 TeV  ModifiedMephi
      ===== Limit on energy threshold has been applied 

hPairProd:  for kaon-  SubType=4
      dE/dx and range tables from 10 eV  to 100 TeV in 260 bins
      Lambda tables from threshold to 100 TeV, 20 bins/decade, spline: 1
      Sampling table 18x1001; from 3.94942 GeV to 100 TeV 
      ===== EM models for the G4Region  DefaultRegionForTheWorld ======
           hPairProd : Emin=    0 eV  Emax=  100 TeV  ModifiedMephi

msc:  for mu+  SubType= 10
      ===== EM models for the G4Region  DefaultRegionForTheWorld ======
            UrbanMsc : Emin=    0 eV  Emax=  100 TeV Nbins=240 100 eV  - 100 TeV
              StepLim=Minimal Rfact=0.2 Gfact=2.5 Sfact=0.6 DispFlag:1 Skin=1 Llimit=1

muIoni:  for mu+  SubType=2
      dE/dx and range tables from 10 eV  to 100 TeV in 260 bins
      Lambda tables from threshold to 100 TeV, 20 bins/decade, spline: 1
      StepFunction=(0.2, 0.05 mm), integ: 1, fluct: 1, linLossLim= 0.01
      ===== EM models for the G4Region  DefaultRegionForTheWorld ======
               Bragg : Emin=    0 eV  Emax=  200 keV  deltaVI
          BetheBloch : Emin=  200 keV Emax=    1 GeV  deltaVI
        MuBetheBloch : Emin=    1 GeV Emax=  100 TeV

muBrems:  for mu+  SubType=3
      dE/dx and range tables from 10 eV  to 100 TeV in 260 bins
      Lambda tables from threshold to 100 TeV, 20 bins/decade, spline: 1
      ===== EM models for the G4Region  DefaultRegionForTheWorld ======
              MuBrem : Emin=    0 eV  Emax=  100 TeV  ModifiedMephi
      ===== Limit on energy threshold has been applied 

muPairProd:  for mu+  SubType=4
      dE/dx and range tables from 10 eV  to 100 TeV in 260 bins
      Lambda tables from threshold to 100 TeV, 20 bins/decade, spline: 1
      Sampling table 21x1001; from 1 GeV to 100 TeV 
      ===== EM models for the G4Region  DefaultRegionForTheWorld ======
          muPairProd : Emin=    0 eV  Emax=  100 TeV  ModifiedMephi

msc:  for mu-  SubType= 10
      ===== EM models for the G4Region  DefaultRegionForTheWorld ======
            UrbanMsc : Emin=    0 eV  Emax=  100 TeV Nbins=240 100 eV  - 100 TeV
              StepLim=Minimal Rfact=0.2 Gfact=2.5 Sfact=0.6 DispFlag:1 Skin=1 Llimit=1

muIoni:  for mu-  SubType=2
      dE/dx and range tables from 10 eV  to 100 TeV in 260 bins
      Lambda tables from threshold to 100 TeV, 20 bins/decade, spline: 1
      StepFunction=(0.2, 0.05 mm), integ: 1, fluct: 1, linLossLim= 0.01
      ===== EM models for the G4Region  DefaultRegionForTheWorld ======
            ICRU73QO : Emin=    0 eV  Emax=  200 keV  deltaVI
          BetheBloch : Emin=  200 keV Emax=    1 GeV  deltaVI
        MuBetheBloch : Emin=    1 GeV Emax=  100 TeV

muBrems:  for mu-  SubType=3
      dE/dx and range tables from 10 eV  to 100 TeV in 260 bins
      Lambda tables from threshold to 100 TeV, 20 bins/decade, spline: 1
      ===== EM models for the G4Region  DefaultRegionForTheWorld ======
              MuBrem : Emin=    0 eV  Emax=  100 TeV  ModifiedMephi
      ===== Limit on energy threshold has been applied 

muPairProd:  for mu-  SubType=4
      dE/dx and range tables from 10 eV  to 100 TeV in 260 bins
      Lambda tables from threshold to 100 TeV, 20 bins/decade, spline: 1
      Sampling table 21x1001; from 1 GeV to 100 TeV 
      ===== EM models for the G4Region  DefaultRegionForTheWorld ======
          muPairProd : Emin=    0 eV  Emax=  100 TeV  ModifiedMephi

msc:  for pi+  SubType= 10
      ===== EM models for the G4Region  DefaultRegionForTheWorld ======
            UrbanMsc : Emin=    0 eV  Emax=  100 TeV Nbins=240 100 eV  - 100 TeV
              StepLim=Minimal Rfact=0.2 Gfact=2.5 Sfact=0.6 DispFlag:1 Skin=1 Llimit=1

hIoni:  for pi+  SubType=2
      dE/dx and range tables from 10 eV  to 100 TeV in 260 bins
      Lambda tables from threshold to 100 TeV, 20 bins/decade, spline: 1
      StepFunction=(0.2, 0.05 mm), integ: 1, fluct: 1, linLossLim= 0.01
      ===== EM models for the G4Region  DefaultRegionForTheWorld ======
               Bragg : Emin=    0 eV  Emax=297.505 keV  deltaVI
          BetheBloch : Emin=297.505 keV Emax=  100 TeV  deltaVI

hBrems:  for pi+  SubType=3
      dE/dx and range tables from 10 eV  to 100 TeV in 260 bins
      Lambda tables from threshold to 100 TeV, 20 bins/decade, spline: 1
      ===== EM models for the G4Region  DefaultRegionForTheWorld ======
               hBrem : Emin=    0 eV  Emax=  100 TeV  ModifiedMephi
      ===== Limit on energy threshold has been applied 

hPairProd:  for pi+  SubType=4
      dE/dx and range tables from 10 eV  to 100 TeV in 260 bins
      Lambda tables from threshold to 100 TeV, 20 bins/decade, spline: 1
      Sampling table 20x1001; from 1.11656 GeV to 100 TeV 
      ===== EM models for the G4Region  DefaultRegionForTheWorld ======
           hPairProd : Emin=    0 eV  Emax=  100 TeV  ModifiedMephi

msc:  for pi-  SubType= 10
      ===== EM models for the G4Region  DefaultRegionForTheWorld ======
            UrbanMsc : Emin=    0 eV  Emax=  100 TeV Nbins=240 100 eV  - 100 TeV
              StepLim=Minimal Rfact=0.2 Gfact=2.5 Sfact=0.6 DispFlag:1 Skin=1 Llimit=1

hIoni:  for pi-  SubType=2
      dE/dx and range tables from 10 eV  to 100 TeV in 260 bins
      Lambda tables from threshold to 100 TeV, 20 bins/decade, spline: 1
      StepFunction=(0.2, 0.05 mm), integ: 1, fluct: 1, linLossLim= 0.01
      ===== EM models for the G4Region  DefaultRegionForTheWorld ======
            ICRU73QO : Emin=    0 eV  Emax=297.505 keV  deltaVI
          BetheBloch : Emin=297.505 keV Emax=  100 TeV  deltaVI

hBrems:  for pi-  SubType=3
      dE/dx and range tables from 10 eV  to 100 TeV in 260 bins
      Lambda tables from threshold to 100 TeV, 20 bins/decade, spline: 1
      ===== EM models for the G4Region  DefaultRegionForTheWorld ======
               hBrem : Emin=    0 eV  Emax=  100 TeV  ModifiedMephi
      ===== Limit on energy threshold has been applied 

hPairProd:  for pi-  SubType=4
      dE/dx and range tables from 10 eV  to 100 TeV in 260 bins
      Lambda tables from threshold to 100 TeV, 20 bins/decade, spline: 1
      Sampling table 20x1001; from 1.11656 GeV to 100 TeV 
      ===== EM models for the G4Region  DefaultRegionForTheWorld ======
           hPairProd : Emin=    0 eV  Emax=  100 TeV  ModifiedMephi
G4VisManager: Using G4TrajectoryDrawByCharge as fallback trajectory model.
See commands in /vis/modeling/trajectories/ for other options.

### ===  Deexcitation model UAtomDeexcitation is activated for 25 regions:
          DefaultRegionForTheWorld  1  1  1
          cylindricalPET  1  1  1
          module  1  1  1
          unit  1  1  1
          block  1  1  1
          optical  1  1  1
          crystal  1  1  1
          capillaire1  1  1  1
          capillaire1_water  1  1  1
          capillaire2  1  1  1
          capillaire2_water  1  1  1
          capillaire3  1  1  1
          capillaire3_water  1  1  1
          capillaire4  1  1  1
          capillaire4_water  1  1  1
          capillaire5  1  1  1
          capillaire5_water  1  1  1
          capillaire_m1  1  1  1
          capillaire_m1_water  1  1  1
          capillaire_m2  1  1  1
          capillaire_m2_water  1  1  1
          capillaire_m3  1  1  1
          capillaire_m3_water  1  1  1
          capillaire_m4  1  1  1
          capillaire_m4_water  1  1  1
### ===  Ignore cuts flag:   0
(-188.393,251.787,16.8336)
(-148.382,214.894,61.0898)
(215.677,243.571,-32.6548)
(220.263,190.133,-147.057)
(214.289,243.562,-30.794)
(287.078,253.679,-55.114)
(40.9548,-321.949,41.3205)
(42.8566,-303.887,45.7806)
(46.4498,-322.393,41.6074)
(124.179,-353.846,1.6516)
(46.4238,-327.237,51.7829)
(112.12,-281.422,-37.1106)
(303.339,-72.6536,-91.686)
(236.237,-90.1969,-98.0016)
(-286.352,139.093,84.2446)
(-379.039,112.231,118.432)
(252.837,210.039,-123.021)
(275.214,221.035,-87.1297)
(-188.937,249.074,-122.879)
(-2.82482,266.588,-87.8982)
(-193.628,249.107,-125.125)
(-264.822,247.734,-179.321)
(276.621,-181.959,92.481)
(268.501,-337.154,65.9946)
(-295.348,133.533,87.3299)
(-331.332,44.4921,-3.23469)
(-296.121,134.212,88.5916)
(-323.33,152.774,-3.34903)
(-296.254,133.631,88.1103)
(-236.648,128.599,161.256)
(205.36,263.859,46.7729)
(240.242,186.462,110.863)
(199.901,262.831,45.7928)
(153.26,177.433,-25.3818)
(-270.517,-175.779,-28.1475)
(-323.861,-214.163,-62.7617)
(-286.994,-171.703,-41.9843)
(-312.348,-271.756,67.0009)
(-233.897,216.287,58.3003)
(-157.521,254.106,-15.1072)
(120.594,-296.699,87.0037)
(102.623,-434.384,40.488)
(119.459,-296.728,85.8043)
(184.92,-198.197,73.1103)
(309.893,-63.8528,72.4872)
(273.027,-92.2306,77.4372)
(308.68,-62.4928,68.3905)
(329.524,18.2933,139.178)
(-127.21,305.086,5.55542)
(-118.444,278.189,-33.5919)
(44.099,311.407,-31.464)
(25.9379,386.309,-7.66418)
(-104.408,313.373,-100.224)
(-54.7622,289.294,-62.19)
(-115.975,-301.09,94.4595)
(-171.778,-275.944,120.484)
(28.8411,316.024,-42.4416)
(-45.474,284.076,-69.0601)
(-9.70981,-332.841,41.4533)
(-77.1768,-302.564,47.2277)
(-16.7939,-330.516,38.0602)
(-104.322,-411.705,-38.3704)
(-19.5857,-330.32,36.1403)
(53.3688,-330.169,108.572)
(-14.8542,-326.892,97.8463)
(59.5463,-293.17,85.441)
(-281.999,-142.269,79.9958)
(-322.761,-100.394,7.26438)
(309.022,-87.8018,-21.6367)
(343.329,-85.5955,15.3237)
(288.483,-129.745,-4.33685)
(335.685,-115.065,-54.0758)
(297.332,-130.147,-1.34808)
(347.926,-190.585,18.8922)
(-212.631,234.65,3.17127)
(-158.482,122.975,2.92242)
(318.195,-3.39383,114.039)
(305.646,53.4476,93.4424)
(-311.809,4.49835,-119.331)
(-376.464,-19.9478,-131.68)
(247.422,215.508,-105.47)
(183.527,134.884,3.16922)
(251.723,214.771,-100.487)
(287.823,285.488,-101.238)
(265.833,174.549,-100.228)
(233.308,171.34,9.03703)
(14.6954,319.592,113.863)
(-16.0473,368.34,44.192)
(5.90106,-321.361,-113.151)
(29.8172,-322.531,-111.69)
(-309.554,98.2669,-123.309)
(-335.434,12.3536,-195.569)
(-311.229,-60.7323,57.581)
(-353.216,6.70964,128.251)
(-315.33,-56.7437,67.3518)
(-357.213,-39.799,116)
(299.664,100.007,-94.2813)
(418.04,131.138,-102.996)
(11.622,312.279,-46.6907)
(103.648,366.42,-29.6346)
(14.7585,315.649,-44.1466)
(-91.1337,347.899,69.7738)
(89.7451,-321.104,44.883)
(121.557,-324.746,-31.9823)
(90.7347,-321.558,44.6941)
(194.985,-324.265,96.2154)
(-306.968,92.4932,1.33959)
(-280.612,116.831,-71.7679)
(-284.99,-157.297,56.4663)
(-383.991,-69.242,22.0051)
(-284.728,-155.965,62.4302)
(-434.596,-140.926,69.2723)
(281.376,147.065,-53.2666)
(267.463,197.395,-8.83116)
(-138.184,-304.861,-12.3413)
(-71.2342,-254.356,59.2938)
(-138.025,-305.409,-13.0351)
(-144.2,-253.558,-62.0979)
(-185.831,-251.117,116.451)
(-70.3832,-281.094,217.136)
(-28.309,-312.002,78.2212)
(-67.762,-303.665,60.6113)
(192.232,271.508,-19.9783)
(272.67,150.064,-20.8758)
(322.005,83.9516,41.4153)
(336.202,80.6558,-1.33894)
(322.812,82.3459,42.7321)
(268.585,105.622,-16.4421)
(75.3526,-311.252,86.4623)
(136.034,-309.835,103.178)
(290.533,123.095,118.232)
(200.066,71.1604,157.465)
(291.722,121.189,119.975)
(329.295,180.906,157.899)
(-306.724,-60.0945,-54.8805)
(-229.146,-91.4477,-114.714)
(-144.96,289.882,8.89361)
(-187.738,289.111,-0.636242)
(-71.5336,-309.103,-12.2685)
(-73.0028,-280.883,34.573)
(102.555,-318.156,26.9548)
(128.794,-305.026,34.2022)
(91.2606,-320.955,28.8267)
(222.876,-297.506,97.0606)
(158.875,270.751,-51.1071)
(174.482,191.914,-98.8484)
(51.9452,-321.476,61.8334)
(62.0092,-264.022,70.0329)
(52.7916,-321.596,62.9756)
(41.0042,-321.58,122.728)
(-275.164,179.489,28.2047)
(-281.574,151.07,30.7462)
(307.802,-91.8793,-12.9793)
(296.004,-77.6698,-18.4387)
(313.253,-95.8885,-13.7475)
(245.532,-66.7979,-25.4266)
(140.801,283.921,-93.9375)
(148.683,360.164,-28.5554)
(137.357,284.86,-92.9081)
(150.305,255.792,-123.739)
(76.0825,-314.17,102.053)
(60.0501,-395.007,94.8862)
(239.844,-222.868,-57.6868)
(235.338,-318.207,-30.0774)
(-278.666,-142.888,49.992)
(-335.612,-61.5217,54.9419)
(236.312,226.266,-78.4334)
(257.887,175.137,-15.587)
(55.0092,-312.849,70.0742)
(-73.2531,-322.078,33.5206)
(-323.361,-54.5241,32.7356)
(-296.368,-26.0406,59.5946)
(311.959,19.8223,-11.5464)
(311.709,94.1541,-58.1366)
(324.103,44.9046,-22.6055)
(313.811,54.1147,4.40842)
(154.276,281.076,-23.7072)
(52.234,253.739,-9.3101)
(156.001,282.578,-18.5177)
(182.776,252.786,70.2303)
(-143.919,-299.46,29.0161)
(-200.323,-233.823,-41.7004)
(-251.981,-216.597,-33.3124)
(-236.326,-117.125,-50.9968)
(291.853,112.649,-8.08074)
(316.127,118.769,58.1956)
(295.055,111.995,-14.0919)
(197.973,67.7263,-91.6211)
(320.432,88.1437,-91.2075)
(358.783,58.9088,-70.727)
(-281.437,137.88,4.0014)
(-194.199,98.2009,7.5811)
(-12.6603,316.574,122.139)
(-24.5733,257.118,55.2777)
(56.3593,321.761,63.5044)
(74.6975,270.105,-12.4414)
(64.6881,327.968,66.8305)
(-8.51874,356.44,-1.70585)
(64.1908,326.421,73.1816)
(-10.7866,324.865,83.2328)
(61.7897,327.167,73.6324)
(76.1119,360.11,131.509)
(65.4979,328.202,77.3965)
(75.6115,325.858,38.11)
(-270.337,-160.822,-68.7801)
(-307.022,-118.171,20.3102)
(-89.6175,310.197,-20.0342)
(-39.8239,212.585,-11.3278)
(-88.2919,319.34,-20.5739)
(-98.6536,251.674,-21.7134)
(-320.635,-10.9662,121.01)
(-379.332,-33.1905,179.831)
(312.588,42.137,-36.7107)
(311.195,102.875,36.7642)
(312.784,45.7787,-36.6021)
(406.763,28.4919,-80.2892)
(-296.83,-149.765,49.1128)
(-264.109,-90.1962,129.467)
(-298.966,-151.044,45.1644)
(-257.258,-180.378,191.6)
(300.904,141.743,-49.0524)
(318.181,149.687,-40.6219)
(280.055,158.708,16.9128)
(254.132,226.807,39.7986)
(281.168,157.823,18.4358)
(379.914,159.756,41.2854)
(-221.246,-237.788,-26.7272)
(-238.5,-159.27,-48.5559)
(-225.819,-239.084,-20.9983)
(-321.958,-154.402,-51.1288)
(-80.2184,-324.639,-4.42028)
(-206.863,-316.498,59.5169)
(254.749,186.543,-90.8345)
(202.807,250.424,69.8806)
(264.41,185.703,-92.9902)
(335.593,130.09,-89.7519)
(60.6438,-312.416,3.01551)
(-13.5669,-276.834,-70.6879)
(-72.3939,305.17,70.5357)
(-74.6152,351.436,94.5818)
(-313.145,40.9318,-109.909)
(-317.864,50.1239,-154.484)
(-226.233,-217.814,68.2413)
(-332.091,-154.106,80.7957)
(-297.4,141.169,36.3444)
(-176.36,211.37,7.04199)
(237.979,-206.843,-51.1752)
(108.687,-201.954,-54.0406)
(74.7486,314.574,68.6298)
(58.8039,370.922,135.699)
(85.7742,-317.368,-70.8488)
(92.0033,-276.663,-138.351)
(265.282,-175.358,-106.41)
(310.217,-257.743,-41.9387)
(271.004,158.753,73.0756)
(254.992,180.197,41.7475)
(-204.764,-236.83,-106.351)
(-216.02,-247.871,-80.5389)
(-204.39,-245.652,-94.8437)
(-176.202,-291.934,-25.5746)
(58.1814,-312.02,63.5671)
(21.1057,-409.754,-20.1141)
(55.4381,-326.917,32.2601)
(110.087,-373.036,-37.501)
(217.217,239.864,-59.1774)
(256.901,316.498,-93.7361)
(218.01,240.497,-60.5652)
(234.474,263.039,-63.2356)
(286.308,134.294,116.861)
(307.236,84.4463,143.355)
(289.331,128.912,122.347)
(364.347,172.47,95.6933)
(-186.671,261.825,-9.18577)
(-292.96,225.01,-7.12638)
(245.932,-200.353,-105.514)
(289.421,-203.471,28.105)
(251.414,-201.309,-109.46)
(318.361,-287.126,-24.5127)
(253.63,-201.281,-111.35)
(203.038,-232.373,-79.9427)
(261.874,-200.241,-115.605)
(223.162,-84.627,-123.691)
(-309.272,59.7698,122.77)
(-350.654,4.20616,202.705)
(-322.193,59.6574,118.661)
(-372.844,68.4333,127.711)
(-320.865,61.5762,117.575)
(-491.147,142.287,138.398)
(-289.808,116.857,114.391)
(-331.993,212.193,121.575)
(190.023,254.955,-70.1773)
(159.221,202.087,1.10079)
(-53.5252,-309.995,88.1126)
(-21.2428,-353.133,19.7725)
(-302.242,-77.1234,48.3207)
(-237.829,-122.707,27.722)
(295.365,130.581,-77.6636)
(314.471,201.716,-37.9186)
(-312.786,74.1644,-41.4731)
(-284.633,51.9775,-91.9367)
(270.627,-177.016,95.3754)
(273.879,-233.137,19.3751)
(51.4047,312.28,68.773)
(60.1743,331.981,72.8695)
(275.782,151.049,104.675)
(312.197,166.75,104.806)
(312.962,-23.5634,29.1485)
(377.484,51.1988,1.77497)
(-306.977,-74.3793,-82.1319)
(-366.153,-50.8554,-102.734)
(-88.0741,-307.17,-88.3167)
(-105.792,-387.475,-133.664)
(-90.769,-312.347,-86.7914)
(-52.8223,-281.868,-135.205)
(-71.6292,309.496,87.9648)
(-57.9077,261.809,74.2765)
(-69.3656,307.402,94.7937)
(-55.6197,317.197,100.466)
(243.843,-195.834,-51.5834)
(182.002,-215.628,-93.31)
(170.742,281.001,65.3338)
(149.748,353.53,66.7726)
(-21.8787,-312.33,-67.6351)
(93.5974,-337.467,-10.0352)
(102.282,-310.519,67.1963)
(96.1663,-457.921,62.0211)
(87.2473,-305.998,59.2893)
(162.796,-261.432,-52.9387)
(-84.6471,-308.856,-112.67)
(-104.316,-351.334,-149.966)
(-82.9381,-312.143,-112.186)
(-45.3623,-296.485,-68.4783)
(146.367,289.157,68.4926)
(18.1721,274.029,-123.746)
(146.89,293.516,73.1004)
(40.6753,258.616,-4.44547)
(306.644,-79.5668,-71.9013)
(214.254,-104.591,-75.9662)
(-313.898,101.58,-97.1889)
(-347.6,136.841,-135.84)
(210.215,-231.418,-73.1762)
(248.058,-304.52,23.8281)
(-272.713,154.061,50.4144)
(-309.508,115.114,38.1581)
(311.898,86.262,14.6219)
(257.485,59.8489,56.8045)
(313.836,90.2062,35.2068)
(377.067,11.7713,71.919)
(-292.98,-112.673,-20.0698)
(-239.946,-72.8085,-60.35)
(-257.793,189.875,-6.9531)
(-232.494,182.383,-38.1878)
(230.275,214.341,-57.6918)
(192.086,181.113,12.8689)
(72.7686,-303.212,29.6254)
(170.838,-224.362,22.7775)
(-133.151,-282.039,105.632)
(-126.964,-273.759,59.1741)
(150.791,-292.868,91.2984)
(119.323,-245.757,135.067)
(167.691,-288.769,102.077)
(180.783,-335.068,91.7772)
(-129.818,290.386,-84.6061)
(-215.883,366.736,-231.333)
(212.297,235.195,-81.798)
(195.174,230.615,-71.8841)
(303.71,91.3924,-80.5872)
(270.339,98.3334,-87.8178)
(303.08,89.8822,-81.8725)
(339.358,154.561,-153.828)
(-138.271,284.252,0.753885)
(-134.849,255.317,-66.3339)
(-141.806,-280.492,0.478409)
(-134.076,-352.816,20.4817)
(-157.966,-280.392,123.468)
(-98.4961,-252.7,114.986)
(295.982,146.497,-62.069)
(287.125,106.504,33.3828)
(-175.602,264.708,4.05229)
(-116.931,228.825,18.6483)
(-26.8282,-335.079,-5.1024)
(-51.9558,-288.085,-38.0674)
(-205.584,-256.364,-109.349)
(-207.004,-200.02,-65.6144)
(-5.90155,329.011,14.7653)
(53.5662,298.7,71.0945)
(-2.13838,330.626,16.801)
(-140.176,474.544,-19.8155)
(179.943,-264.236,-119.902)
(298.094,-309.392,-232.831)
(185.442,-263.376,-117.92)
(224.612,-201.895,-135.652)
(124.003,291.422,-84.0586)
(146.609,314.835,-82.6326)
(132.309,300.708,-82.9186)
(101.734,297.434,-60.2657)
(136.418,302.177,-77.9884)
(147.853,349.467,-205.159)
(-325.468,57.8333,-90.7665)
(-296.283,-39.8453,-139.568)
(-255.596,-180.123,80.6991)
(-318.826,-167.197,62.3557)
(-280.523,166.704,44.2251)
(-346.289,145.023,61.2795)
(-276.682,180.237,31.5781)
(-238.247,258.509,-30.5461)
(288.874,-162.698,-45.4275)
(327.813,-136.452,-37.2667)
(6.93432,-315.864,-81.3326)
(-6.67341,-361.036,-141.24)
(-160.44,295.038,78.5329)
(-100.289,322.513,-3.79928)
(-245.369,-203.738,-123.392)
(-233.563,-219.156,-110.857)
(200.829,-247.674,-20.4564)
(217.802,-165.435,-80.855)
(205.966,-250.139,-21.3056)
(220.302,-269.814,-34.5371)
(-327.068,51.8661,-85.9882)
(-440.622,42.3059,-87.9434)
(116.853,-299.425,100.006)
(31.4004,-299.675,4.39522)
(-22.7739,327.071,-110.972)
(-8.46576,307.429,-73.3178)
(-290.122,-116.934,65.7941)
(-304.27,-140.64,-35.8982)
(-318.732,25.3617,-44.2421)
(-393.972,52.255,-139.796)
(-59.619,-309.581,-120.898)
(-57.22,-218.644,-202.029)
(312.407,-25.8061,-49.8381)
(336.602,-16.5926,-78.7959)
(317.745,-23.1723,-54.7823)
(316.997,19.7473,-124.466)
(250.169,-202.535,44.1627)
(229.225,-293.832,134.456)
(-322.539,96.4843,-36.4493)
(-279.127,164.922,-140.38)
(286.115,-144.861,49.8959)
(262.383,-130.693,94.6424)
(-283.759,129.897,20.2719)
(-241.757,157.077,-42.2547)
(250.129,-212.125,-36.3411)
(173.346,-293.74,-46.4172)
(249.151,-215.906,-29.744)
(263.258,-259.969,-72.4461)
(-121.92,287.711,-118.494)
(-52.3491,382.382,-47.3763)
(324.373,-17.013,87.9085)
(288.268,-9.86089,164.532)
(-286.539,-150.261,-116.898)
(-254.395,-126.999,-161.502)
(61.718,313.688,45.023)
(-3.33644,237.704,72.8658)
(64.7011,312.98,43.7227)
(150.31,310.324,130.917)
(-130.286,-306.402,-72.521)
(-152.125,-232.895,53.761)
(-165.104,-276.668,-51.0764)
(-223.277,-303.752,-39.9288)
(295.491,140.815,28.4225)
(259.822,154.105,67.2781)
(15.7612,-317.287,-93.6379)
(-9.73944,-299.582,-141.484)
(3.13452,-329.729,-97.9384)
(-6.75079,-254.005,-220.162)
(83.3639,306.394,92.8748)
(145.531,218.353,210.17)
(86.8231,319.465,105.299)
(101.033,465.079,206.916)
(-38.443,-313.048,-37.1663)
(-82.0554,-389.198,-143.579)
(75.3111,-308.982,32.0417)
(120.911,-318.485,59.2845)
(72.0133,-316.466,37.737)
(175.009,-517.254,5.63446)
(72.6259,-316.158,39.659)
(70.4338,-291.344,65.185)
(243.648,234.234,123.853)
(132.846,221.605,89.5955)
(-298.82,-95.9717,-51.8347)
(-329.73,-53.6557,-79.4782)
(-293.512,126.162,81.8213)
(-243.352,193.774,44.0903)
(-297.387,124.592,82.72)
(-419.165,141.647,58.5852)
(307.968,-62.9124,-40.8209)
(316.008,-89.3018,42.5203)
(312.618,-68.6417,-34.7447)
(336.002,-23.5618,-157.887)
(-156.651,298.291,-34.3769)
(-177.951,357.453,-27.3653)
(-155.588,294.631,-31.7061)
(-119.743,271.577,-95.1402)
(-288.615,129.827,31.443)
(-336.094,80.8444,69.0065)
(-288.264,133.323,33.3626)
(-282.634,141.778,-58.5851)
(-286.692,134.714,37.5605)
(-281.175,89.3733,23.9691)
(236.22,227.144,-26.8249)
(366.638,241.764,-64.2329)
(-1.36193,-333.761,35.7158)
(22.926,-229.674,46.6137)
(-282.557,131.894,68.1619)
(-219.934,218.32,78.0152)
(-22.8231,328.917,70.4602)
(-61.3386,290.037,76.3475)
(117.6,-307.856,-68.4115)
(101.649,-189.046,-103.815)
(203.682,-247.418,-42.1454)
(210.438,-287.884,28.3432)
(-280.837,143.33,-107.7)
(-244.468,159.197,-216.754)
(314.769,-74.8674,55.3587)
(288.36,-27.1033,153.183)
(-292.067,-143.324,-63.6789)
(-348.601,-160.542,-24.3199)
(-300.921,-135.86,57.0397)
(-345.641,-178.437,64.2352)
(213.139,230.514,-94.2861)
(192.472,328.526,-114.856)
(218.192,231.726,-98.9756)
(250.815,179.784,4.56565)
(215.06,233.867,-105.502)
(319.976,324.559,-109.585)
(313.838,30.3874,94.8434)
(391.043,-32.2111,109.812)
(-258.827,190.687,104.147)
(-325.956,245.918,166.592)
(-258.048,190.904,104.077)
(-197.968,241.652,77.4328)
(203.622,243.932,-110.058)
(309.723,272.289,-115.882)
(319.724,-43.0554,-30.2027)
(256.31,82.081,-72.0557)
(-321.757,45.8768,31.2315)
(-239.795,-32.0006,7.97772)
(-254.753,-184.278,-41.8237)
(-285.55,-208.939,3.98249)
(302.99,76.2218,18.9324)
(158.433,75.5173,-10.7275)
(-281.939,-136.071,54.109)
(-175.382,-271.519,-50.4633)
(-283.69,-139.22,49.9542)
(-257.018,-86.0756,17.8599)
(265.76,-198.605,-12.0846)
(253.399,-144.938,-55.3331)
(109.891,293.155,-21.0894)
(296.066,271.107,6.33804)
(-192.915,-261.996,17.0273)
(-208.909,-404.942,50.6971)
(-189.072,-266.671,17.1906)
(-278.798,-300.704,-64.3608)
(-187.144,-266.233,21.0154)
(-211.057,-295.494,-57.6828)
(-154.64,-276.684,-110.713)
(-203.411,-370.852,-133.097)
(-162.555,-277.223,-110.722)
(-247.848,-343.198,-273.537)
(-49.9153,313.067,10.0536)
(-22.6493,328.355,61.176)
(-48.5963,313.429,13.3684)
(-47.3433,326.736,20.0406)
(-209.263,-242.947,-10.2353)
(-173.293,-261.607,33.4156)
(260.735,-176.404,47.6966)
(232.085,-200.366,49.7777)
(261.016,-176.794,48.5441)
(380.057,-89.3875,-41.7028)
(-305.569,73.6435,-18.9718)
(-422.7,-40.091,-45.6214)
(45.5507,-310.369,113.437)
(11.3194,-409.671,65.0515)
(215.535,247.948,-93.0732)
(291.24,289.557,-143.152)
(214.933,246.837,-94.3623)
(228.542,283.427,-97.1252)
(4.59421,315.84,109.181)
(-28.2658,268.055,184.537)
(2.19062,327.977,121.705)
(56.4333,227.976,194.299)
(-197.65,-242.014,-86.9457)
(-213.162,-181.69,-64.6075)
(-168.571,281.17,40.3771)
(-64.9025,244.584,39.9768)
(-157.802,286.751,46.6824)
(-216.138,279.141,-13.5929)
(-155.67,286.442,42.8534)
(-192.862,235.878,134.201)
(-152.437,289.281,45.765)
(-155.127,367.042,22.6768)
(-316.499,-0.622258,-13.659)
(-292.544,69.1897,72.3402)
(-322.028,1.70817,-12.6404)
(-327.604,-18.7039,-9.6026)
(-322.146,1.41634,-13.3885)
(-259.082,-70.2812,1.46826)
(332.392,2.44497,9.0137)
(342.269,29.8678,-51.3424)
(309.753,-49.3379,-78.9654)
(475.433,-139.022,-92.3957)
(310.005,-51.5709,-81.8659)
(350.834,-64.4829,-114.441)
(-307.167,67.1723,110.854)
(-309.808,89.6923,198.086)
(-308.627,61.4492,112.833)
(-399.015,81.306,115.492)
(231.433,244.017,-45.64)
(255.558,274.052,59.9856)
(22.5612,-313.78,60.155)
(106.425,-286.405,-16.7861)
(324.978,-52.4075,-108.301)
(349.191,-46.2808,-134.082)
(323.254,-54.692,-103.649)
(347.621,-55.644,-157.12)
(-182.808,-270.937,-46.885)
(-109.367,-218.773,-39.1431)
(194.267,258.058,44.3993)
(180.906,254.903,43.656)
(-14.5029,-316.46,-63.5736)
(-110.319,-400.317,-38.2991)
(113.031,307.055,60.0434)
(155.46,352.12,70.8486)
(242.416,-221.74,-38.5052)
(227.442,-188.048,-81.2281)
(249.286,-227.047,-32.9887)
(369.138,-323.338,-61.3608)
(-299.995,120.427,19.6636)
(-214.136,106.574,48.5116)
(-295.104,126.344,19.4224)
(-275.827,85.9502,44.4474)
(101.229,-312.668,-18.1424)
(126.433,-294.523,-19.0889)
(178.568,271.156,16.2482)
(235.299,304.15,-19.0171)
(187.056,279.547,15.9188)
(186.823,257.033,38.7507)
(-302.674,-90.9322,-95.1538)
(-268.638,-80.6444,-86.4173)
(-316.712,-46.0283,-107.342)
(-335.853,-220.705,-9.0743)
(133.935,-286.317,21.3079)
(115.266,-324.145,124)
(137.642,-305.888,32.956)
(127.706,-398.646,46.5123)
(-240.025,213.058,-18.4322)
(-326.099,173.728,-43.8417)
(-292.233,114.347,28.0597)
(-329.572,90.8664,31.4008)
(-292.099,113.459,27.8402)
(-278.072,177.838,76.9318)
(200.287,-255.75,-67.061)
(196.809,-266.538,-36.762)
(204.611,-257.649,-63.597)
(259.455,-296.36,-52.8549)
(-211.082,232.674,45.6401)
(-205.931,204.788,26.8905)
(295.506,-107.965,40.7916)
(332.552,-84.9538,43.7772)
(-246.238,204.345,-78.5048)
(-188.947,127.489,-33.4338)
(-84.4435,-321.361,-53.4799)
(-97.9133,-250.941,-2.00479)
(-90.2818,-323.964,-58.8229)
(-102.83,-291.801,33.6424)
(101.427,311.968,49.285)
(64.0637,326.206,84.3471)
(117.304,313.922,55.562)
(107.416,301.762,86.9267)
(251.668,-194.098,21.5974)
(258.747,-171.33,40.2803)
(258.41,-196.296,31.9764)
(183.245,-251.702,0.773547)
(259.022,-196.254,32.6302)
(319.437,-294.446,54.745)
(262.096,-193.954,35.2099)
(188.125,-193.747,-18.1858)
(-218.374,-240.455,2.41552)
(-194.908,-273.673,69.9833)
(290.677,167.132,17.1282)
(274.838,56.6083,57.2012)
(291.789,166.729,16.3525)
(345.212,146.709,63.9403)
(-134.172,-305.608,-27.4386)
(-67.2936,-231.45,20.8118)
(-277.619,164.498,-125.05)
(-264.202,74.9093,-64.6808)
(301.843,-126.66,98.1647)
(301.38,-252.149,96.9142)
(297.281,-126.308,100.717)
(297.655,-245.64,188.735)
(190.34,-266.401,-66.7779)
(177.135,-275.659,-36.8919)
(156.842,271.585,43.0078)
(133.121,250.183,98.5184)
(-15.1357,-334.137,-53.7649)
(33.3285,-325.097,-38.3897)
(-27.6562,315.779,0.670163)
(50.6666,276.216,105.451)
(-71.6938,-307.975,1.05509)
(-127.298,-261.424,54.311)
(-72.5387,305.192,124.273)
(62.0769,317.855,189.779)
(-70.606,312.946,124.784)
(-70.9646,270.684,139.985)
(275.531,-193.957,-81.7076)
(426.486,-174.769,-76.43)
(-252.278,-215.466,119.949)
(-251.706,-266.804,119.656)
(137.613,286.914,30.3039)
(203.745,269.571,20.19)
(-119.486,-290.75,-31.3976)
(-89.8155,-343.492,9.0343)
(139.497,287.699,94.2378)
(191.711,291.589,60.7465)
(135.439,288.995,95.8195)
(165.399,364.744,82.1476)
(-292.163,-156.889,-53.2465)
(-348.842,-177.435,-36.8407)
(-293.712,-159.976,-53.4785)
(-321.902,-211.778,-46.5143)
(-291.503,-161.629,-52.5403)
(-365.622,-158.34,-59.9936)
(-132.287,-291.478,-113.68)
(-165.144,-301.577,-2.16308)
(-131.023,-292.882,-114.079)
(-163.28,-347.212,-155.226)
(-128.87,-298.111,-114.826)
(-116.317,-240.456,-197.706)
(-124.683,-312.668,-114.518)
(-162.367,-269.029,-67.8873)
(-124.716,-312.721,-114.623)
(-162.817,-427.877,6.41941)
(127.291,292.844,-66.6894)
(213.767,272.651,-90.7972)
(132.145,290.02,-64.5541)
(154.597,290.817,-59.7264)
(-230.046,-212.221,46.1955)
(-115.487,-219.091,87.9401)
(43.6613,-325.092,-5.22249)
(61.544,-345.141,44.2429)
(55.6864,310.489,3.47352)
(9.87319,327.834,-14.6069)
(314.853,57.7127,93.0239)
(411.589,40.1266,99.1998)
(88.1971,-320.965,46.6226)
(86.4578,-287.626,11.301)
(314.919,11.5475,47.3795)
(330.249,99.2325,13.6374)
(-83.0528,319.565,-116.548)
(-134.638,264.32,-139.252)
(261.604,-174.457,66.3991)
(273.431,-255.51,-26.5691)
(263.616,-172.862,62.3357)
(311.17,-209.865,73.5027)
(247.592,-198.417,45.9728)
(244.383,-186.864,11.2706)
(312.785,43.4113,-12.8251)
(406.614,7.48382,-146.784)
(-287.024,-126.682,-15.533)
(-281.423,-106.862,-24.91)
(-286.194,-129.171,-13.5554)
(-224.834,-196.77,-90.5015)
(-312.672,-22.9059,-8.8715)
(-367.937,-12.1837,-97.0611)
(-319.939,-14.7022,-20.1097)
(-358.263,-113.692,-58.8316)
(329.451,16.7254,9.42807)
(289.74,-24.6314,-45.099)
(328.613,15.4891,9.90551)
(299.824,133.969,-35.7621)
(-242.75,-221.524,114.505)
(-229.78,-250.283,198.475)
(-244.089,-224.919,115.779)
(-167.457,-190.901,68.9342)
(-227.449,233.677,62.2559)
(-180.67,171.694,157.097)
(-58.0183,-322.569,107.466)
(-16.4775,-228.482,134.117)
(-58.6413,-328.137,116.346)
(-46.1059,-348.944,108.375)
(112.773,-303.945,27.4811)
(81.4637,-431.926,97.0518)
(-18.1205,333.897,-26.8254)
(-44.3663,253.59,31.569)
(146.824,-278.971,-68.3647)
(49.8331,-323.535,-222.577)
(117.495,-303.968,27.9581)
(132.459,-163.514,67.236)
(315.494,-20.7027,37.1239)
(352.952,92.6497,-97.0268)
(320.538,-28.8536,54.4083)
(362.893,57.1878,31.6973)
(-319.489,29.4037,-47.9086)
(-315.3,22.2514,-14.3419)
(224.542,-247.084,-28.1929)
(293.988,-265.596,-91.6739)
(313.935,-24.0773,39.1294)
(283.57,-34.0509,37.2526)
(312.519,-18.3401,43.5746)
(334.724,-27.5434,6.04378)
(-325.431,65.0214,-103.303)
(-329.021,1.53808,-106.446)
(-324.078,66.3539,-102.91)
(-285.109,132.553,-130.685)
(307.794,58.1763,19.5444)
(257.473,-61.0161,-24.606)
(308.41,52.4801,11.7114)
(313.929,175.244,77.4185)
(-299.363,-121.478,-45.8515)
(-356.652,-115.248,33.5204)
(-299.732,-122.4,-45.716)
(-231.704,-130.704,-32.6382)
(331.88,-21.2926,81.6615)
(458.489,-32.07,90.2175)
(-233.044,-215.614,-111.988)
(-307.918,-167.031,-89.6034)
(135.466,305.999,-69.4739)
(103.257,307.068,-109.674)
(-279.43,-154.11,33.7362)
(-276.562,-260.211,67.6717)
(-98.2931,301.047,-14.3452)
(-43.8385,354.129,-11.007)
(-98.6775,300.378,-12.6491)
(-110.115,375.245,53.5862)
(-60.7605,-310.158,18.4838)
(-206.904,-247.09,-2.96255)
(316.732,30.5688,-55.2766)
(323.447,16.5448,-59.5204)
(-324.889,-15.4219,23.6834)
(-242.609,-4.84548,-62.1825)
(-64.5354,308.56,90.5199)
(10.7757,389.6,80.5495)
(-95.5647,-308.821,-92.243)
(-138.761,-261.833,-44.5113)
(-94.9384,-310.06,-92.8224)
(-73.0468,-331.201,-73.6962)
(159.669,-277.972,-38.7479)
(174.082,-254.072,-20.6262)
(156.836,-280.333,-44.8933)
(155.626,-158.2,-95.7683)
(-140.055,279.924,41.5904)
(-225.564,387.998,-15.2825)
(318.823,-78.8282,-74.3263)
(278.518,-63.7306,-83.2051)
(-205.494,-241.168,-113.776)
(-228.336,-334.582,-19.7249)
(-315.132,-52.4415,-43.6385)
(-259.61,-52.1887,100.049)
(309.045,89.3235,78.3473)
(295.094,222.577,46.8576)
(-320.026,-41.3683,40.4984)
(-326.419,-52.1443,5.84984)
(-100.206,-297.617,-97.7543)
(-15.6098,-417.344,-35.5364)
(-59.5988,308.92,101.486)
(-137.855,290.974,95.4048)
(-56.912,316.786,101.033)
(-85.4875,282.427,94.01)
(-51.4643,315.144,97.11)
(16.4117,308.62,60.2619)
(-49.5814,312.845,95.6857)
(-85.8443,345.906,70.6846)
(-290.609,-139.09,81.7816)
(-296.331,-106.652,91.497)
(318.762,72.2636,-41.8523)
(260.632,-31.3338,-11.1401)
(251.825,203.403,-124.075)
(247.025,211.096,-15.8689)
(-174.023,-260.632,54.5294)
(-99.8045,-188.327,95.6692)
(321.921,-11.7655,-43.028)
(466.016,-16.437,-67.0544)
(-328.143,23.3,91.9029)
(-374.938,-63.2403,124.172)
(245.257,-208.18,-100.075)
(283.424,-274.31,33.6606)
(247.682,-210.192,-98.5706)
(194.276,-285.075,-197.648)
(247.909,-204.221,-98.0424)
(324.815,-216.362,-163.849)
(-291.818,124.969,99.4901)
(-397.75,63.7344,-2.17444)
(-291.748,123.808,98.5329)
(-331.224,84.512,42.9666)
(-293.263,117.789,-108.004)
(-202.777,90.6016,-119.571)
(-301.685,133.319,-97.7699)
(-286.096,218.799,-81.5385)
(311.919,-90.2516,80.5951)
(309.767,-102.87,13.2091)
(-8.27674,-312.361,-118.509)
(-89.3652,-303.257,-146.251)
(-21.4793,-329.328,-115.536)
(-37.9127,-212.637,-106.961)
(160.837,287.52,106.128)
(121.522,394.633,114.134)
(161.039,287.514,106.088)
(166.201,315.82,4.30654)
(-328.661,50.5232,23.6512)
(-326.26,87.9958,-15.4422)
(-333.293,51.6205,35.3497)
(-338.033,65.8058,-65.1192)
(21.0653,314.723,-98.6627)
(2.41306,365.537,-46.0014)
(20.3831,322.304,-82.1072)
(74.831,365.484,-155.632)
(-168.976,-278.117,88.5842)
(-232.569,-320.409,51.8717)
(-313.073,-68.5687,65.2896)
(-283.416,6.06827,152.556)
(314.495,63.7256,-64.7772)
(338.335,103.641,-76.1796)
(-307.046,63.9479,61.5061)
(-216.969,34.8145,-8.52745)
(-306.764,63.6513,73.7822)
(-267.865,152.264,51.1252)
(321.586,-48.1869,-47.6815)
(227.411,-129.971,-184.471)
(12.1228,332.985,18.0602)
(-31.217,355.635,-20.1488)
(7.82551,-315.317,-18.2426)
(67.8776,-344.492,13.7167)
(-306.48,96.1105,-97.3903)
(-322.88,77.5921,-77.1727)
(-302.252,99.5317,-97.4387)
(-377.477,153.455,-99.7334)
(302.884,117.652,63.3028)
(408.958,166.985,23.4635)
(-218.552,-236.4,42.1272)
(-331.253,-173.828,79.1593)
(-221.018,-245.816,50.1788)
(-104.632,-342.534,89.1026)
(148.161,277.246,-52.0546)
(197.972,334.438,-45.713)
(154.983,281.146,-52.2269)
(265.875,230.633,-116.374)
(153.095,287.739,-56.2348)
(156.344,321.186,-64.0877)
(251.624,-188.38,111.526)
(257.514,-156.696,92.484)
(-300.33,125.287,23.7755)
(-299.494,166.988,14.4856)
(275.832,-164.451,-34.2051)
(271.696,-183.619,5.18998)
(310.235,-120.37,-77.7924)
(379.135,-108.289,-104.899)
(206.847,-241.205,-27.7569)
(281.175,-265.137,-81.1651)
(223.099,-246.197,-17.036)
(282.78,-357.402,-41.847)
(-288.104,135.799,13.1757)
(-216.426,122.345,87.9674)
(-293.135,139.059,14.2141)
(-312.799,112.48,-60.4843)
(-292.258,148.424,8.3359)
(-262.295,174.262,-48.3534)
(-25.1395,-321.463,-113.497)
(64.4083,-358.408,-245.647)
(-30.0186,-318.554,-108.4)
(-71.4276,-275.197,-104.062)
(210.097,238.542,81.8216)
(131.79,228.522,115.812)
(-299.641,-91.0138,-81.3166)
(-323.834,-145.99,-73.4015)
(327.625,-26.2732,-69.0209)
(239.268,-49.5931,-138.415)
(330.606,-29.1314,-80.2736)
(364.234,-23.7435,82.6231)
(-316.892,26.87,69.2882)
(-233.587,-25.9346,59.6096)
(-316.694,26.7748,68.7276)
(-317.811,102.713,79.5657)
(50.6965,315.294,-64.1046)
(56.5518,314.607,-80.6582)
(51.5481,313.196,-66.3356)
(89.5533,247.111,-74.974)
(-31.0986,-319.712,67.7784)
(-55.5923,-379.468,154.505)
(114.873,-304.074,33.5211)
(125.669,-305.991,-44.0874)
(121.324,-306.274,29.5332)
(109.726,-328.048,79.6516)
(6.07194,332.587,78.2792)
(-96.9715,279.755,66.6383)
(205.512,255.932,20.9539)
(206.646,308.767,-37.5144)
(-14.0343,-332.24,-27.5758)
(-61.2001,-274.091,-1.53178)
(314.087,-44.8528,-54.7179)
(320.284,24.2655,-140.917)
(277.674,167.413,-31.1834)
(282.969,196.857,42.0497)
(-195.507,-249.185,111.417)
(-330.29,-263.5,215.659)
(-307.998,91.8982,89.9121)
(-325.612,41.6466,107.943)
(-195.114,255.751,-118.22)
(-244.817,279.961,-161.948)
(-199.713,255.851,-113.336)
(-199.02,174.929,-190.712)
(-201.16,251.298,-105.74)
(-197.602,257.133,-168.527)
(242.858,-200.887,95.4921)
(250.556,-235.937,132.334)
(243.954,-204.375,99.0938)
(201.34,-229.882,101.195)
(160.238,286.334,56.4744)
(144.787,244.907,56.0976)
(160.44,285.947,56.9525)
(167.746,201.316,43.0425)
(-321.577,-6.5867,-53.1341)
(-313.149,-5.64608,-115.281)
(-322.313,-8.57259,-54.5631)
(-377.996,-44.572,-154.213)
(-319.945,-14.0525,-62.0353)
(-376.631,73.6609,-75.5367)
(199.288,264.267,92.5441)
(241.918,268.106,90.6488)
(-240.696,-200.901,-66.7233)
(-291.327,-183.718,-181.611)
(-91.1973,300.515,-73.7195)
(-139.119,230.747,-27.1367)
(-148.797,-281.362,-120.033)
(-192.665,-232.22,-121.521)
(-301.686,-87.5411,7.01538)
(-297.373,-199.417,-67.9295)
(283.437,143.136,-6.40026)
(217.7,224.43,-47.6769)
(283.464,145.3,-0.0235553)
(259.746,71.7328,11.3222)
(301.064,-100.415,45.4675)
(302.122,-109.876,17.4473)
(-314.922,50.6025,-20.9258)
(-251.782,73.753,-55.5091)
(-311.962,50.8525,-19.6974)
(-206.68,-13.6808,-0.344102)
(-138.933,304.978,88.6409)
(-55.5052,242.303,-2.33657)
(-140.296,302.914,84.7202)
(-117.582,177.484,66.6911)
(276.48,-149.758,-45.1206)
(292.193,-118.827,2.63555)
(113.012,-291.753,98.1695)
(175.413,-291.327,139.588)
(-278.1,158.82,-55.4622)
(-292.266,159.176,-59.8868)
(186.557,276.897,102.37)
(199.937,306.273,27.6752)
(21.063,-319.269,-116.498)
(-15.9051,-466.129,-130.511)
(-207.772,-239.077,-120.231)
(-167.275,-249.433,-51.1703)
(218.298,230.251,116.129)
(254.132,164.124,148.189)
(-213.485,-231.341,-115.311)
(-250.568,-214.847,-63.6347)
(227.675,-219.704,-27.1151)
(255.47,-229.501,-121.832)
(11.6588,322.499,40.6846)
(-23.707,306.759,-53.2348)
(-231.847,-220.577,48.3194)
(-168.917,-303.005,66.4818)
(-230.24,-220.586,47.5455)
(-233.266,-275.288,45.6105)
(127.026,299.56,-65.2719)
(24.984,261.696,60.3271)
(227.489,-217.533,-52.4738)
(183.398,-282.025,-30.4077)
(227.47,-220.558,-56.8072)
(260.673,-163.167,-10.9162)
(307.533,133.805,-113.113)
(391.795,136.293,-128.519)
(308.211,131.889,-107.545)
(329.768,238.691,-26.5044)
0 events have been kept for refreshing and/or reviewing.
  "/vis/reviewKeptEvents" to review them one by one.
  "/vis/enable", then "/vis/viewer/flush" or "/vis/viewer/rebuild" to see them accumulated.
[Core-0] End of macro ./split/.Gate/main126/main8.mac
Graphics systems deleted.
Visualization Manager deleting...
