[G4] 
[G4] **************************************************************
[G4]  Geant4 version Name: geant4-10-07-patch-02    (11-June-2021)
[G4]                        Copyright : Geant4 Collaboration
[G4]                       References : NIM A 506 (2003), 250-303
[G4]                                  : IEEE-TNS 53 (2006), 270-278
[G4]                                  : NIM A 835 (2016), 186-225
[G4]                              WWW : http://geant4.org/
[G4] **************************************************************
[G4] 
[Core-0] Initialization of geometry
[Core-0] Initialization of physics
[Core-0] Initialization of actors
[Core-0] 
[Core-0] *************************************************
[Core-0]  GATE version 9.1 (2021)
[Core-0]  Copyright : OpenGATE Collaboration
[Core-0]  Reference : Phys. Med. Biol. 49 (2004) 4543-4561
[Core-0]  Reference : Phys. Med. Biol. 56 (2011) 881-901
[Core-0]  Reference : Med. Phys. 41(6)    (2014)
[Core-0]  http://www.opengatecollaboration.org        
[Core-0] *************************************************
[Core-0] 
[Core-0] You are using Geant4 version 10.7.2
[Core-0] Starting macro ./split/.Gate/main126/main9.mac
0: RINDEX
1.84e-06   1.00028
4.08e-06   1.00028
9: GROUPVEL
1.84e-06   299.709
4.08e-06   299.709
16: ABSLENGTH
1.84e-06   50000
4.08e-06   50000
 <!> *** WARNING *** <!>  GateMaterialDatabase: Multiple definition of element: Yttrium.
The definition in ClMind_GateMaterials.db was used.


GATE object:        'systems/cylindricalPET'
Components:

GATE object:        'systems/cylindricalPET/base'
Attached to volume: cylindricalPET
Nb of children:       1

	GATE object:        'systems/cylindricalPET/rsector'
	Attached to volume: module
	Nb of children:       1

		GATE object:        'systems/cylindricalPET/module'
		Attached to volume: unit
		Nb of children:       1

			GATE object:        'systems/cylindricalPET/submodule'
			Attached to volume: block
			Nb of children:       1

				GATE object:        'systems/cylindricalPET/crystal'
				Attached to volume: optical
				Nb of children:       4

					GATE object:        'systems/cylindricalPET/layer0'
					Attached to volume: crystal
					Nb of children:       0

					GATE object:        'systems/cylindricalPET/layer1'
					Attached to volume: ---
					Nb of children:       0

					GATE object:        'systems/cylindricalPET/layer2'
					Attached to volume: ---
					Nb of children:       0

					GATE object:        'systems/cylindricalPET/layer3'
					Attached to volume: ---
					Nb of children:       0
geometrical design type: 1
ring diameter: -3.95 mm 
rsector axial pitch: 0 fm 
rsector azimuthal pitch: 12.8571 degree
rsector tangential size: 2.5 cm 
rsector axial size: 25.04 cm 
module axial size: 4.784 cm 
module tangential size: 2.5 cm 
module axial pitch: 0 fm 
module tangential pitch: 0 fm 
submodule axial size: 4.784 cm 
submodule tangential size: 2.5 cm 
submodule axial pitch: 0 fm 
submodule tangential pitch: 0 fm 
crystal radial size: 1.59 cm 
crystal axial size: 1.59 cm 
crystal tangential size: 2.5 cm 
crystal axial pitch: 0 fm 
crystal tangential pitch: 0 fm 
layer0 radial size: 3.95 mm 
in layer0 interaction length: 1.975 mm 
Axial nb of rsectors: 1
Azimuthal nb of rsectors: 28
Axial nb of modules: 1
Tangential nb of modules: 1
Axial nb of submodules: 1
Tangential nb of submodules: 1
Axial nb of crystals: 1
Tangential nb of crystals: 1
Radial nb of layers: 1
[Physic-0] The following Geant4's physic-list is enabled :emstandard_opt3


List of Enabled processes:




List of initialized processes:


[Core-0] Initialization of geometry
[Core-0] Initialization of physics
[Core-0] Initialization of actors
 <!> *** WARNING *** <!>  The 'energytype' option is DEPRECATED, use 'ene/type' instead!
 <!> *** WARNING *** <!>  The 'energytype' option is DEPRECATED, use 'ene/type' instead!
 <!> *** WARNING *** <!>  The 'energytype' option is DEPRECATED, use 'ene/type' instead!
 <!> *** WARNING *** <!>  The 'energytype' option is DEPRECATED, use 'ene/type' instead!
 <!> *** WARNING *** <!>  The 'energytype' option is DEPRECATED, use 'ene/type' instead!
 <!> *** WARNING *** <!>  The 'energytype' option is DEPRECATED, use 'ene/type' instead!
 <!> *** WARNING *** <!>  The 'energytype' option is DEPRECATED, use 'ene/type' instead!
 <!> *** WARNING *** <!>  The 'energytype' option is DEPRECATED, use 'ene/type' instead!
 <!> *** WARNING *** <!>  The 'energytype' option is DEPRECATED, use 'ene/type' instead!
[Acquisition-0]   
[Acquisition-0] ============= Source initialization =============
[Acquisition-0]   
[Acquisition-0] ============= Acquisition starts! =============
[Acquisition-0] Simulation start time = 0 sec
[Acquisition-0] Simulation end time   = 1 sec
[Acquisition-0] Simulation will have  = 1 run(s)
[Acquisition-0] Slice 0 from 0 to 1 s [slice=1 s]

### ===  Deexcitation model UAtomDeexcitation is activated for 25 regions:
          DefaultRegionForTheWorld  1  1  1
          cylindricalPET  1  1  1
          module  1  1  1
          unit  1  1  1
          block  1  1  1
          optical  1  1  1
          crystal  1  1  1
          capillaire1  1  1  1
          capillaire1_water  1  1  1
          capillaire2  1  1  1
          capillaire2_water  1  1  1
          capillaire3  1  1  1
          capillaire3_water  1  1  1
          capillaire4  1  1  1
          capillaire4_water  1  1  1
          capillaire5  1  1  1
          capillaire5_water  1  1  1
          capillaire_m1  1  1  1
          capillaire_m1_water  1  1  1
          capillaire_m2  1  1  1
          capillaire_m2_water  1  1  1
          capillaire_m3  1  1  1
          capillaire_m3_water  1  1  1
          capillaire_m4  1  1  1
          capillaire_m4_water  1  1  1
### ===  Ignore cuts flag:   0

phot:  for gamma applyCuts:1  SubType=12 BuildTable=0
      LambdaPrime table from 200 keV to 100 TeV in 174 bins 
      ===== EM models for the G4Region  DefaultRegionForTheWorld ======
 LivermorePhElectric : Emin=    0 eV  Emax=  100 TeV  SauterGavrila Fluo

compt:  for gamma applyCuts:1  SubType=13 BuildTable=1
      Lambda table from 10 eV  to 1 MeV, 20 bins/decade, spline: 1
      LambdaPrime table from 1 MeV to 100 TeV in 160 bins 
      ===== EM models for the G4Region  DefaultRegionForTheWorld ======
        KleinNishina : Emin=    0 eV  Emax=  100 TeV Fluo

conv:  for gamma applyCuts:1  SubType=14 BuildTable=1
      Lambda table from 1.022 MeV to 100 TeV, 20 bins/decade, spline: 1
      ===== EM models for the G4Region  DefaultRegionForTheWorld ======
     BetheHeitlerLPM : Emin=    0 eV  Emax=  100 TeV  ModifiedTsai

Rayl:  for gamma applyCuts:1  SubType=11 BuildTable=1
      Lambda table from 10 eV  to 100 keV, 20 bins/decade, spline: 0
      LambdaPrime table from 100 keV to 100 TeV in 180 bins 
      ===== EM models for the G4Region  DefaultRegionForTheWorld ======
   LivermoreRayleigh : Emin=    0 eV  Emax=  100 TeV  CullenGenerator

msc:  for e-  SubType= 10
      ===== EM models for the G4Region  DefaultRegionForTheWorld ======
            UrbanMsc : Emin=    0 eV  Emax=  100 TeV Nbins=240 100 eV  - 100 TeV
              StepLim=DistanceToBoundary Rfact=0.04 Gfact=2.5 Sfact=0.6 DispFlag:1 Skin=1 Llimit=1

eIoni:  for e-  SubType=2
      dE/dx and range tables from 10 eV  to 100 TeV in 260 bins
      Lambda tables from threshold to 100 TeV, 20 bins/decade, spline: 1
      StepFunction=(0.2, 0.1 mm), integ: 1, fluct: 1, linLossLim= 0.01
      ===== EM models for the G4Region  DefaultRegionForTheWorld ======
        MollerBhabha : Emin=    0 eV  Emax=  100 TeV  deltaVI

eBrem:  for e-  SubType=3
      dE/dx and range tables from 10 eV  to 100 TeV in 260 bins
      Lambda tables from threshold to 100 TeV, 20 bins/decade, spline: 1
      LPM flag: 1 for E > 1 GeV,  VertexHighEnergyTh(GeV)= 100000
      ===== EM models for the G4Region  DefaultRegionForTheWorld ======
             eBremSB : Emin=    0 eV  Emax=    1 GeV  AngularGen2BS
            eBremLPM : Emin=    1 GeV Emax=  100 TeV  AngularGen2BS

ePairProd:  for e-  SubType=4
      dE/dx and range tables from 10 eV  to 100 TeV in 260 bins
      Lambda tables from threshold to 100 TeV, 20 bins/decade, spline: 1
      Sampling table 25x1001; from 0.1 GeV to 100 TeV 
      ===== EM models for the G4Region  DefaultRegionForTheWorld ======
           ePairProd : Emin=    0 eV  Emax=  100 TeV  ModifiedMephi

msc:  for e+  SubType= 10
      ===== EM models for the G4Region  DefaultRegionForTheWorld ======
            UrbanMsc : Emin=    0 eV  Emax=  100 TeV Nbins=240 100 eV  - 100 TeV
              StepLim=DistanceToBoundary Rfact=0.04 Gfact=2.5 Sfact=0.6 DispFlag:1 Skin=1 Llimit=1

eIoni:  for e+  SubType=2
      dE/dx and range tables from 10 eV  to 100 TeV in 260 bins
      Lambda tables from threshold to 100 TeV, 20 bins/decade, spline: 1
      StepFunction=(0.2, 0.1 mm), integ: 1, fluct: 1, linLossLim= 0.01
      ===== EM models for the G4Region  DefaultRegionForTheWorld ======
        MollerBhabha : Emin=    0 eV  Emax=  100 TeV  deltaVI

eBrem:  for e+  SubType=3
      dE/dx and range tables from 10 eV  to 100 TeV in 260 bins
      Lambda tables from threshold to 100 TeV, 20 bins/decade, spline: 1
      LPM flag: 1 for E > 1 GeV,  VertexHighEnergyTh(GeV)= 100000
      ===== EM models for the G4Region  DefaultRegionForTheWorld ======
             eBremSB : Emin=    0 eV  Emax=    1 GeV  AngularGen2BS
            eBremLPM : Emin=    1 GeV Emax=  100 TeV  AngularGen2BS

ePairProd:  for e+  SubType=4
      dE/dx and range tables from 10 eV  to 100 TeV in 260 bins
      Lambda tables from threshold to 100 TeV, 20 bins/decade, spline: 1
      Sampling table 25x1001; from 0.1 GeV to 100 TeV 
      ===== EM models for the G4Region  DefaultRegionForTheWorld ======
           ePairProd : Emin=    0 eV  Emax=  100 TeV  ModifiedMephi

annihil:  for e+, integral:1  applyCuts:1  SubType=5 BuildTable=0
      ===== EM models for the G4Region  DefaultRegionForTheWorld ======
            eplus2gg : Emin=    0 eV  Emax=  100 TeV

msc:  for proton  SubType= 10
      ===== EM models for the G4Region  DefaultRegionForTheWorld ======
            UrbanMsc : Emin=    0 eV  Emax=  100 TeV Nbins=240 100 eV  - 100 TeV
              StepLim=Minimal Rfact=0.2 Gfact=2.5 Sfact=0.6 DispFlag:1 Skin=1 Llimit=1

hIoni:  for proton  SubType=2
      dE/dx and range tables from 10 eV  to 100 TeV in 260 bins
      Lambda tables from threshold to 100 TeV, 20 bins/decade, spline: 1
      StepFunction=(0.2, 0.05 mm), integ: 1, fluct: 1, linLossLim= 0.01
      ===== EM models for the G4Region  DefaultRegionForTheWorld ======
               Bragg : Emin=    0 eV  Emax=    2 MeV  deltaVI
          BetheBloch : Emin=    2 MeV Emax=  100 TeV  deltaVI

hBrems:  for proton  SubType=3
      dE/dx and range tables from 10 eV  to 100 TeV in 260 bins
      Lambda tables from threshold to 100 TeV, 20 bins/decade, spline: 1
      ===== EM models for the G4Region  DefaultRegionForTheWorld ======
               hBrem : Emin=    0 eV  Emax=  100 TeV  ModifiedMephi
      ===== Limit on energy threshold has been applied 

hPairProd:  for proton  SubType=4
      dE/dx and range tables from 10 eV  to 100 TeV in 260 bins
      Lambda tables from threshold to 100 TeV, 20 bins/decade, spline: 1
      Sampling table 17x1001; from 7.50618 GeV to 100 TeV 
      ===== EM models for the G4Region  DefaultRegionForTheWorld ======
           hPairProd : Emin=    0 eV  Emax=  100 TeV  ModifiedMephi

nuclearStopping:  for proton applyCuts:1  SubType=8 BuildTable=0
      ===== EM models for the G4Region  DefaultRegionForTheWorld ======
   ICRU49NucStopping : Emin=    0 eV  Emax=    1 MeV

msc:  for GenericIon  SubType= 10
      ===== EM models for the G4Region  DefaultRegionForTheWorld ======
            UrbanMsc : Emin=    0 eV  Emax=  100 TeV
              StepLim=Minimal Rfact=0.2 Gfact=2.5 Sfact=0.6 DispFlag:1 Skin=1 Llimit=1

ionIoni:  for GenericIon  SubType=2
      dE/dx and range tables from 10 eV  to 100 TeV in 260 bins
      Lambda tables from threshold to 100 TeV, 20 bins/decade, spline: 1
      StepFunction=(0.1, 0.02 mm), integ: 1, fluct: 1, linLossLim= 0.02
      ===== EM models for the G4Region  DefaultRegionForTheWorld ======
         ParamICRU73 : Emin=    0 eV  Emax=  100 TeV  deltaVI

nuclearStopping:  for GenericIon applyCuts:1  SubType=8 BuildTable=0
      ===== EM models for the G4Region  DefaultRegionForTheWorld ======
   ICRU49NucStopping : Emin=    0 eV  Emax=    1 MeV

msc:  for alpha  SubType= 10
      ===== EM models for the G4Region  DefaultRegionForTheWorld ======
            UrbanMsc : Emin=    0 eV  Emax=  100 TeV Nbins=240 100 eV  - 100 TeV
              StepLim=Minimal Rfact=0.2 Gfact=2.5 Sfact=0.6 DispFlag:1 Skin=1 Llimit=1

ionIoni:  for alpha  SubType=2
      dE/dx and range tables from 10 eV  to 100 TeV in 260 bins
      Lambda tables from threshold to 100 TeV, 20 bins/decade, spline: 1
      StepFunction=(0.1, 0.02 mm), integ: 1, fluct: 1, linLossLim= 0.02
      ===== EM models for the G4Region  DefaultRegionForTheWorld ======
            BraggIon : Emin=    0 eV  Emax=7.9452 MeV  deltaVI
          BetheBloch : Emin=7.9452 MeV Emax=  100 TeV  deltaVI

nuclearStopping:  for alpha applyCuts:1  SubType=8 BuildTable=0
      ===== EM models for the G4Region  DefaultRegionForTheWorld ======
   ICRU49NucStopping : Emin=    0 eV  Emax=    1 MeV

msc:  for anti_proton  SubType= 10
      ===== EM models for the G4Region  DefaultRegionForTheWorld ======
            UrbanMsc : Emin=    0 eV  Emax=  100 TeV Nbins=240 100 eV  - 100 TeV
              StepLim=Minimal Rfact=0.2 Gfact=2.5 Sfact=0.6 DispFlag:1 Skin=1 Llimit=1

hIoni:  for anti_proton  SubType=2
      dE/dx and range tables from 10 eV  to 100 TeV in 260 bins
      Lambda tables from threshold to 100 TeV, 20 bins/decade, spline: 1
      StepFunction=(0.2, 0.05 mm), integ: 1, fluct: 1, linLossLim= 0.01
      ===== EM models for the G4Region  DefaultRegionForTheWorld ======
            ICRU73QO : Emin=    0 eV  Emax=    2 MeV  deltaVI
          BetheBloch : Emin=    2 MeV Emax=  100 TeV  deltaVI

hBrems:  for anti_proton  SubType=3
      dE/dx and range tables from 10 eV  to 100 TeV in 260 bins
      Lambda tables from threshold to 100 TeV, 20 bins/decade, spline: 1
      ===== EM models for the G4Region  DefaultRegionForTheWorld ======
               hBrem : Emin=    0 eV  Emax=  100 TeV  ModifiedMephi
      ===== Limit on energy threshold has been applied 

hPairProd:  for anti_proton  SubType=4
      dE/dx and range tables from 10 eV  to 100 TeV in 260 bins
      Lambda tables from threshold to 100 TeV, 20 bins/decade, spline: 1
      Sampling table 17x1001; from 7.50618 GeV to 100 TeV 
      ===== EM models for the G4Region  DefaultRegionForTheWorld ======
           hPairProd : Emin=    0 eV  Emax=  100 TeV  ModifiedMephi

msc:  for kaon+  SubType= 10
      ===== EM models for the G4Region  DefaultRegionForTheWorld ======
            UrbanMsc : Emin=    0 eV  Emax=  100 TeV Nbins=240 100 eV  - 100 TeV
              StepLim=Minimal Rfact=0.2 Gfact=2.5 Sfact=0.6 DispFlag:1 Skin=1 Llimit=1

hIoni:  for kaon+  SubType=2
      dE/dx and range tables from 10 eV  to 100 TeV in 260 bins
      Lambda tables from threshold to 100 TeV, 20 bins/decade, spline: 1
      StepFunction=(0.2, 0.05 mm), integ: 1, fluct: 1, linLossLim= 0.01
      ===== EM models for the G4Region  DefaultRegionForTheWorld ======
               Bragg : Emin=    0 eV  Emax=1.05231 MeV  deltaVI
          BetheBloch : Emin=1.05231 MeV Emax=  100 TeV  deltaVI

hBrems:  for kaon+  SubType=3
      dE/dx and range tables from 10 eV  to 100 TeV in 260 bins
      Lambda tables from threshold to 100 TeV, 20 bins/decade, spline: 1
      ===== EM models for the G4Region  DefaultRegionForTheWorld ======
               hBrem : Emin=    0 eV  Emax=  100 TeV  ModifiedMephi
      ===== Limit on energy threshold has been applied 

hPairProd:  for kaon+  SubType=4
      dE/dx and range tables from 10 eV  to 100 TeV in 260 bins
      Lambda tables from threshold to 100 TeV, 20 bins/decade, spline: 1
      Sampling table 18x1001; from 3.94942 GeV to 100 TeV 
      ===== EM models for the G4Region  DefaultRegionForTheWorld ======
           hPairProd : Emin=    0 eV  Emax=  100 TeV  ModifiedMephi

msc:  for kaon-  SubType= 10
      ===== EM models for the G4Region  DefaultRegionForTheWorld ======
            UrbanMsc : Emin=    0 eV  Emax=  100 TeV Nbins=240 100 eV  - 100 TeV
              StepLim=Minimal Rfact=0.2 Gfact=2.5 Sfact=0.6 DispFlag:1 Skin=1 Llimit=1

hIoni:  for kaon-  SubType=2
      dE/dx and range tables from 10 eV  to 100 TeV in 260 bins
      Lambda tables from threshold to 100 TeV, 20 bins/decade, spline: 1
      StepFunction=(0.2, 0.05 mm), integ: 1, fluct: 1, linLossLim= 0.01
      ===== EM models for the G4Region  DefaultRegionForTheWorld ======
            ICRU73QO : Emin=    0 eV  Emax=1.05231 MeV  deltaVI
          BetheBloch : Emin=1.05231 MeV Emax=  100 TeV  deltaVI

hBrems:  for kaon-  SubType=3
      dE/dx and range tables from 10 eV  to 100 TeV in 260 bins
      Lambda tables from threshold to 100 TeV, 20 bins/decade, spline: 1
      ===== EM models for the G4Region  DefaultRegionForTheWorld ======
               hBrem : Emin=    0 eV  Emax=  100 TeV  ModifiedMephi
      ===== Limit on energy threshold has been applied 

hPairProd:  for kaon-  SubType=4
      dE/dx and range tables from 10 eV  to 100 TeV in 260 bins
      Lambda tables from threshold to 100 TeV, 20 bins/decade, spline: 1
      Sampling table 18x1001; from 3.94942 GeV to 100 TeV 
      ===== EM models for the G4Region  DefaultRegionForTheWorld ======
           hPairProd : Emin=    0 eV  Emax=  100 TeV  ModifiedMephi

msc:  for mu+  SubType= 10
      ===== EM models for the G4Region  DefaultRegionForTheWorld ======
            UrbanMsc : Emin=    0 eV  Emax=  100 TeV Nbins=240 100 eV  - 100 TeV
              StepLim=Minimal Rfact=0.2 Gfact=2.5 Sfact=0.6 DispFlag:1 Skin=1 Llimit=1

muIoni:  for mu+  SubType=2
      dE/dx and range tables from 10 eV  to 100 TeV in 260 bins
      Lambda tables from threshold to 100 TeV, 20 bins/decade, spline: 1
      StepFunction=(0.2, 0.05 mm), integ: 1, fluct: 1, linLossLim= 0.01
      ===== EM models for the G4Region  DefaultRegionForTheWorld ======
               Bragg : Emin=    0 eV  Emax=  200 keV  deltaVI
          BetheBloch : Emin=  200 keV Emax=    1 GeV  deltaVI
        MuBetheBloch : Emin=    1 GeV Emax=  100 TeV

muBrems:  for mu+  SubType=3
      dE/dx and range tables from 10 eV  to 100 TeV in 260 bins
      Lambda tables from threshold to 100 TeV, 20 bins/decade, spline: 1
      ===== EM models for the G4Region  DefaultRegionForTheWorld ======
              MuBrem : Emin=    0 eV  Emax=  100 TeV  ModifiedMephi
      ===== Limit on energy threshold has been applied 

muPairProd:  for mu+  SubType=4
      dE/dx and range tables from 10 eV  to 100 TeV in 260 bins
      Lambda tables from threshold to 100 TeV, 20 bins/decade, spline: 1
      Sampling table 21x1001; from 1 GeV to 100 TeV 
      ===== EM models for the G4Region  DefaultRegionForTheWorld ======
          muPairProd : Emin=    0 eV  Emax=  100 TeV  ModifiedMephi

msc:  for mu-  SubType= 10
      ===== EM models for the G4Region  DefaultRegionForTheWorld ======
            UrbanMsc : Emin=    0 eV  Emax=  100 TeV Nbins=240 100 eV  - 100 TeV
              StepLim=Minimal Rfact=0.2 Gfact=2.5 Sfact=0.6 DispFlag:1 Skin=1 Llimit=1

muIoni:  for mu-  SubType=2
      dE/dx and range tables from 10 eV  to 100 TeV in 260 bins
      Lambda tables from threshold to 100 TeV, 20 bins/decade, spline: 1
      StepFunction=(0.2, 0.05 mm), integ: 1, fluct: 1, linLossLim= 0.01
      ===== EM models for the G4Region  DefaultRegionForTheWorld ======
            ICRU73QO : Emin=    0 eV  Emax=  200 keV  deltaVI
          BetheBloch : Emin=  200 keV Emax=    1 GeV  deltaVI
        MuBetheBloch : Emin=    1 GeV Emax=  100 TeV

muBrems:  for mu-  SubType=3
      dE/dx and range tables from 10 eV  to 100 TeV in 260 bins
      Lambda tables from threshold to 100 TeV, 20 bins/decade, spline: 1
      ===== EM models for the G4Region  DefaultRegionForTheWorld ======
              MuBrem : Emin=    0 eV  Emax=  100 TeV  ModifiedMephi
      ===== Limit on energy threshold has been applied 

muPairProd:  for mu-  SubType=4
      dE/dx and range tables from 10 eV  to 100 TeV in 260 bins
      Lambda tables from threshold to 100 TeV, 20 bins/decade, spline: 1
      Sampling table 21x1001; from 1 GeV to 100 TeV 
      ===== EM models for the G4Region  DefaultRegionForTheWorld ======
          muPairProd : Emin=    0 eV  Emax=  100 TeV  ModifiedMephi

msc:  for pi+  SubType= 10
      ===== EM models for the G4Region  DefaultRegionForTheWorld ======
            UrbanMsc : Emin=    0 eV  Emax=  100 TeV Nbins=240 100 eV  - 100 TeV
              StepLim=Minimal Rfact=0.2 Gfact=2.5 Sfact=0.6 DispFlag:1 Skin=1 Llimit=1

hIoni:  for pi+  SubType=2
      dE/dx and range tables from 10 eV  to 100 TeV in 260 bins
      Lambda tables from threshold to 100 TeV, 20 bins/decade, spline: 1
      StepFunction=(0.2, 0.05 mm), integ: 1, fluct: 1, linLossLim= 0.01
      ===== EM models for the G4Region  DefaultRegionForTheWorld ======
               Bragg : Emin=    0 eV  Emax=297.505 keV  deltaVI
          BetheBloch : Emin=297.505 keV Emax=  100 TeV  deltaVI

hBrems:  for pi+  SubType=3
      dE/dx and range tables from 10 eV  to 100 TeV in 260 bins
      Lambda tables from threshold to 100 TeV, 20 bins/decade, spline: 1
      ===== EM models for the G4Region  DefaultRegionForTheWorld ======
               hBrem : Emin=    0 eV  Emax=  100 TeV  ModifiedMephi
      ===== Limit on energy threshold has been applied 

hPairProd:  for pi+  SubType=4
      dE/dx and range tables from 10 eV  to 100 TeV in 260 bins
      Lambda tables from threshold to 100 TeV, 20 bins/decade, spline: 1
      Sampling table 20x1001; from 1.11656 GeV to 100 TeV 
      ===== EM models for the G4Region  DefaultRegionForTheWorld ======
           hPairProd : Emin=    0 eV  Emax=  100 TeV  ModifiedMephi

msc:  for pi-  SubType= 10
      ===== EM models for the G4Region  DefaultRegionForTheWorld ======
            UrbanMsc : Emin=    0 eV  Emax=  100 TeV Nbins=240 100 eV  - 100 TeV
              StepLim=Minimal Rfact=0.2 Gfact=2.5 Sfact=0.6 DispFlag:1 Skin=1 Llimit=1

hIoni:  for pi-  SubType=2
      dE/dx and range tables from 10 eV  to 100 TeV in 260 bins
      Lambda tables from threshold to 100 TeV, 20 bins/decade, spline: 1
      StepFunction=(0.2, 0.05 mm), integ: 1, fluct: 1, linLossLim= 0.01
      ===== EM models for the G4Region  DefaultRegionForTheWorld ======
            ICRU73QO : Emin=    0 eV  Emax=297.505 keV  deltaVI
          BetheBloch : Emin=297.505 keV Emax=  100 TeV  deltaVI

hBrems:  for pi-  SubType=3
      dE/dx and range tables from 10 eV  to 100 TeV in 260 bins
      Lambda tables from threshold to 100 TeV, 20 bins/decade, spline: 1
      ===== EM models for the G4Region  DefaultRegionForTheWorld ======
               hBrem : Emin=    0 eV  Emax=  100 TeV  ModifiedMephi
      ===== Limit on energy threshold has been applied 

hPairProd:  for pi-  SubType=4
      dE/dx and range tables from 10 eV  to 100 TeV in 260 bins
      Lambda tables from threshold to 100 TeV, 20 bins/decade, spline: 1
      Sampling table 20x1001; from 1.11656 GeV to 100 TeV 
      ===== EM models for the G4Region  DefaultRegionForTheWorld ======
           hPairProd : Emin=    0 eV  Emax=  100 TeV  ModifiedMephi
G4VisManager: Using G4TrajectoryDrawByCharge as fallback trajectory model.
See commands in /vis/modeling/trajectories/ for other options.

### ===  Deexcitation model UAtomDeexcitation is activated for 25 regions:
          DefaultRegionForTheWorld  1  1  1
          cylindricalPET  1  1  1
          module  1  1  1
          unit  1  1  1
          block  1  1  1
          optical  1  1  1
          crystal  1  1  1
          capillaire1  1  1  1
          capillaire1_water  1  1  1
          capillaire2  1  1  1
          capillaire2_water  1  1  1
          capillaire3  1  1  1
          capillaire3_water  1  1  1
          capillaire4  1  1  1
          capillaire4_water  1  1  1
          capillaire5  1  1  1
          capillaire5_water  1  1  1
          capillaire_m1  1  1  1
          capillaire_m1_water  1  1  1
          capillaire_m2  1  1  1
          capillaire_m2_water  1  1  1
          capillaire_m3  1  1  1
          capillaire_m3_water  1  1  1
          capillaire_m4  1  1  1
          capillaire_m4_water  1  1  1
### ===  Ignore cuts flag:   0
(278.999,150.537,-117.002)
(292.253,116.291,91.9213)
(-162.017,287.573,54.1182)
(-199.965,292.773,-26.833)
(-162.436,279.959,55.0218)
(-235.296,286.964,212.143)
(-53.2244,-311.074,-59.4712)
(-84.1696,-305.38,-89.516)
(-272.906,157.295,-15.7332)
(-235.7,161.375,1.4813)
(-272.517,164.11,-15.3031)
(-288.26,158.309,-1.72763)
(86.6254,313.053,-115.638)
(60.9825,378.537,-140.334)
(184.35,-261.903,97.7172)
(165.463,-275.706,156.143)
(181.548,-272.573,99.6882)
(239.138,-263.224,70.3901)
(180.953,-270.128,98.089)
(234.092,-232.357,52.8924)
(251.749,188.466,-98.1956)
(281.056,310.067,-76.5967)
(-251.434,-203.674,109.01)
(-149.28,-196.394,16.8925)
(-254.784,-201.031,97.2795)
(-166.66,-224.764,68.2589)
(42.6385,-331.497,44.7826)
(64.989,-296.475,44.7412)
(-250.111,200.462,-29.7889)
(-285.917,246.846,-49.4206)
(-251.161,199.933,-30.9522)
(-173.32,165.852,-70.1318)
(-309.065,-70.8688,105.467)
(-200.563,-171.327,79.9887)
(303.666,136.093,-13.0025)
(220.369,216.055,-8.18285)
(-47.0974,326.456,-79.059)
(-121.65,317.38,-62.9847)
(-187.062,262.859,100.332)
(-144.652,191.582,139.99)
(-208.209,245.255,113.149)
(-162.309,271.094,212.89)
(239.409,-209.648,-77.6648)
(280.093,-202.013,-49.1723)
(236.138,-209.737,-79.3711)
(355.804,-99.6739,-26.9516)
(87.0385,302.206,-107.713)
(-9.42588,252.927,-96.7461)
(80.7562,306.084,-114.526)
(-7.53667,296.137,-197.014)
(72.4171,-319.054,115.613)
(160.05,-335.398,215.662)
(-320.484,92.7816,-101.37)
(-333.763,49.2192,-98.0586)
(311.54,-84.284,88.6994)
(313.427,-119.244,76.6937)
(-262.221,178.81,-13.3509)
(-363.308,120.371,24.3084)
(-262.521,178.115,-13.2946)
(-185.482,144.878,53.6974)
(183.706,-257.962,21.3028)
(95.9082,-273.809,40.5246)
(182.927,-256.266,18.5147)
(218.096,-405.807,-44.5028)
(124.033,-287.205,-73.9895)
(50.1872,-318.816,-37.5986)
(305.174,-85.7224,94.7888)
(301.479,-76.2317,73.9092)
(307.609,-94.9881,87.4639)
(275.645,-166.7,108.712)
(-299.576,-145.428,67.352)
(-243.513,-184.143,73.3663)
(205.873,243.48,-117.147)
(138.706,79.796,-7.09365)
(207.547,247.775,-119.491)
(199.936,288.021,-78.3269)
(-23.1863,-315.604,60.395)
(39.9404,-316.333,-31.9584)
(255.19,190.648,-117.432)
(286.726,206.941,-191.545)
(254.956,195.365,-124.851)
(277.198,130.239,-162.85)
(321.414,47.5674,0.627075)
(286.454,-12.1286,-24.1999)
(-316.783,-77.5927,2.22576)
(-344.602,19.7313,-52.2207)
(-126.144,-294.447,20.333)
(-232.192,-269.341,-122.006)
(139.385,280.663,-15.4889)
(68.0532,201.72,7.94489)
(-317.395,-11.5649,-78.9186)
(-269.901,-102.262,-22.3369)
(263.449,170.97,107.222)
(325.567,98.5714,87.6267)
(202.178,-244.765,73.7948)
(85.7131,-194.138,62.3623)
(-79.0409,319.298,-99.629)
(-145.298,291.19,-55.1264)
(-31.7042,317.275,81.6027)
(23.2619,315.977,42.3885)
(-20.6956,326.308,77.5623)
(-67.0951,299.637,94.4196)
(-219.464,-231.776,-60.4327)
(-305.777,-152.029,-77.4308)
(281.452,-150.949,-112.633)
(191.222,-227.149,-97.519)
(284.247,-149.585,-118.78)
(176.271,-125.458,-119.312)
(-305.769,115.728,82.2854)
(-401.357,115.156,110.07)
(-305.986,116.622,81.7463)
(-340.295,87.8317,124.487)
(63.4937,309.578,114.441)
(39.1275,381.923,157.36)
(96.4038,-304.691,-115.294)
(81.3308,-321.923,-48.8029)
(314.733,-14.3974,37.0738)
(322.288,-30.4592,-46.989)
(287.457,131.835,-50.463)
(379.264,86.4882,-85.1416)
(309.244,-72.0714,-88.8679)
(247.935,-43.9291,-160.78)
(307.277,-71.9036,-87.6717)
(307.138,-106.435,-103.379)
(-234.068,221.558,-110.125)
(-283.903,325.313,-38.5872)
(-267.961,201.405,-45.1021)
(-192.612,206.269,-99.3324)
(306.281,-133.187,-48.9433)
(167.446,-136.299,109.874)
(304.822,82.742,124.063)
(321.266,112.908,183.996)
(58.8759,319.54,70.9364)
(43.9253,345.614,155.031)
(244.285,-206.76,-53.5693)
(58.8652,-140.546,-16.7973)
(138.83,-279.937,-20.3894)
(90.8059,-273.357,47.4435)
(-86.0845,322.662,72.7532)
(-77.9541,242.822,17.4547)
(99.2129,-298.1,-65.3026)
(110.636,-422.143,-28.6003)
(297.098,-110.221,-55.6155)
(289.911,-154.961,-47.8287)
(295.924,-115.317,-51.3035)
(341.134,-133.924,12.7157)
(-275.941,145.908,73.7324)
(-219.65,173.997,86.5694)
(-294.115,137.273,77.8635)
(-291.784,104.017,127.978)
(-228.644,217.672,-97.3815)
(-192.653,209.304,-107.237)
(-222.694,231.221,-100.812)
(-268.394,199.62,-35.7288)
(-222.33,229.173,-97.6513)
(-251.541,255.688,2.85497)
(321.998,-5.84882,-87.0317)
(304.503,52.6621,-75.9169)
(-264.903,178.816,81.5527)
(-325.182,175.339,47.5371)
(-266.928,182.911,78.465)
(-311.188,172.069,111.477)
(23.3367,315.061,0.330801)
(86.3287,358.263,92.2529)
(-162.61,-273.962,-113.941)
(-160.588,-240.187,-43.8611)
(-160.333,-274.03,-118.754)
(-136.108,-287.577,-236.164)
(-176.559,-262.673,-3.20364)
(-178.487,-335.245,-38.1331)
(-176.877,-262.968,0.178883)
(-276.454,-250.461,76.4237)
(-315.265,30.3325,58.6723)
(-255.89,-92.6267,-11.9911)
(-314.412,30.6034,58.09)
(-243.897,60.4487,134.185)
(315.31,-2.91362,-8.91433)
(390.64,-13.4202,-17.914)
(-317.337,5.74762,23.5697)
(-368.92,17.3086,7.71212)
(-318.55,3.49018,22.0269)
(-251.692,-53.5603,-26.0338)
(-282.494,168.836,118.135)
(-295.461,195.96,146.611)
(317.74,-93.5662,-91.5009)
(407.46,-60.6697,-199.363)
(240.86,-206.937,87.9644)
(206.097,-244.651,59.7867)
(241.727,-208.656,89.996)
(310.168,-184.829,-2.31648)
(-141.634,285.365,-122.03)
(-86.3046,255.988,-122.461)
(-143.028,285.546,-119.485)
(-232.497,392.567,-93.136)
(233.448,225.369,-111.139)
(253,285.107,-98.9734)
(223.476,-231.535,-41.0695)
(248.148,-227.529,-92.244)
(237.982,-231.011,-41.4389)
(194.82,-272.041,-89.5239)
(243.107,-226.253,-43.0631)
(248.08,-200.524,-23.148)
(-51.319,327.569,56.8438)
(-51.7135,294.184,74.342)
(-327.999,28.8375,11.3557)
(-379.174,43.4774,-72.4265)
(313.889,-55.5789,-19.5874)
(244.451,-90.4884,-4.22258)
(319.498,-59.6547,-41.8614)
(377.576,-33.1752,-31.2422)
(-256.527,-209.602,-33.4825)
(-203.017,-254.84,-1.16649)
(287.481,161.76,28.9131)
(210.059,156.75,40.6514)
(53.9783,311.501,-41.7254)
(18.4217,222.86,14.959)
(161.146,-283.488,40.5716)
(148.473,-277.952,144.259)
(163.928,-283.678,40.6817)
(166.718,-321.211,14.4798)
(165.888,-282.837,44.7981)
(153.272,-230.666,15.061)
(-209.683,-233.341,6.27072)
(-199.028,-274.826,1.96715)
(-207.841,-235.261,-5.30766)
(-230.652,-217.838,-88.7299)
(185.793,-268.176,-4.78396)
(229.161,-251.757,-59.2497)
(-188.181,-265.568,-121.142)
(-164.067,-288.702,-176.342)
(260.803,178.564,81.79)
(230.33,160.902,197.742)
(112.228,302.608,-29.6434)
(122.174,397.62,29.9187)
(-315.968,-31.1616,4.48767)
(-413.584,-41.9604,-23.5264)
(-324.011,-50.3806,-0.0547812)
(-308.052,-11.1598,6.63626)
(317.556,52.6819,-10.3805)
(146.677,127.458,3.35819)
(325.933,13.4133,29.1828)
(327.747,53.1403,95.8768)
(-154.457,-285.185,-17.9394)
(-173.726,-374.044,-42.2441)
(-156.84,-296.031,-32.5566)
(-198.189,-254.805,15.0314)
(-156.128,-297.36,-33.687)
(-5.51606,-328.138,-78.6293)
(-284.695,145.561,30.257)
(-241.035,62.6236,66.9139)
(258.57,-189.078,-39.7251)
(232.9,-182.054,-95.5743)
(-243.775,-195.507,18.9241)
(-131.503,-101.013,29.4561)
(-243.043,-196.142,17.8634)
(-242.809,-285.159,19.1674)
(-308.57,-66.5514,-77.9994)
(-330.58,-153.518,-81.1843)
(-317.354,-66.4906,-80.9123)
(-316.332,-88.9455,-16.0082)
(214.401,229.342,101.89)
(157.181,264.637,-56.9253)
(220.682,232.837,104.683)
(272.994,267.41,69.7615)
(277.04,149.491,-27.1392)
(244.343,234.587,-17.1231)
(-249.61,-197.503,39.4475)
(-211.571,-236.396,152.997)
(-194.312,251.656,112.876)
(-46.7202,313.793,116.323)
(206.268,-240.787,-108.724)
(324.236,-312.434,-147.433)
(-184.67,-282.065,-16.174)
(-189.692,-359.575,172.056)
(-97.0208,-297.676,58.2158)
(-73.626,-326.862,60.026)
(319.148,-7.23276,28.6417)
(380.387,108.001,44.1784)
(316.918,-5.0027,32.8783)
(309.239,174.797,73.8018)
(-319.196,11.3102,-49.4854)
(-378.978,33.8837,20.3374)
(-222.118,238.871,119.029)
(-167.297,194.135,245.84)
(279.442,-157.222,-78.1872)
(321.834,-114.984,-155.381)
(-316.322,-55.3708,-122.256)
(-236.471,-23.776,-21.8908)
(307.958,82.3556,18.8315)
(256.656,155.988,-28.6325)
(307.25,87.8746,19.6892)
(316.212,143.348,-8.88738)
(-327.243,-52.4953,-12.4701)
(-366.2,-65.9485,26.1088)
(-288.289,122.862,-56.3993)
(-297.486,0.759072,-32.1999)
(220.71,-227.073,98.0079)
(157.212,-315.146,259.83)
(314.524,-20.6021,-99.563)
(395.341,-42.1933,-124.544)
(144.163,282.084,119.815)
(231.809,275.212,192.079)
(-313.122,7.58885,96.4132)
(-368.892,45.9875,146.821)
(-206.082,-249.73,-91.6413)
(-229.727,-255.563,-94.7545)
(-208.095,-255.745,-87.7694)
(-249.897,-359.562,-156.467)
(220.084,242.774,89.4136)
(226.743,189.599,37.0822)
(246.888,-191.013,22.6309)
(335.307,-186.927,27.4638)
(-296.927,158.675,-20.3826)
(-338.152,119.161,-80.9012)
(114.045,292.394,70.2628)
(127.193,276.142,13.4103)
(128.896,288.882,73.1658)
(219.784,179.11,82.7272)
(-306.747,-79.6988,-96.4059)
(-380.669,-107.591,-264.178)
(-310.586,-89.9645,-99.6579)
(-276.474,5.38968,-97.3115)
(-310.323,-94.1927,-98.7467)
(-395.267,-156.236,-124.778)
(-204.615,243.82,95.3618)
(-173.091,166.153,166.258)
(-287.476,-123.229,-84.1351)
(-172.698,-147.246,-81.8407)
(-103.011,-310.212,-106.293)
(-119.127,-364.458,-124.921)
(181.677,-255.839,120.577)
(118.961,-273.783,63.3232)
(196.727,248.334,-23.7073)
(141.415,266.835,-119.769)
(-185.369,-259.116,20.3014)
(-96.1601,-222.935,107.969)
(-187.195,-259.241,22.9393)
(-164.247,-288.525,84.1145)
(266.438,-197.069,-26.899)
(304.763,-268.652,27.0832)
(-58.5367,308.24,49.258)
(-39.8833,293.535,30.3631)
(-325.685,-45.3519,-19.0273)
(-307.038,-45.4933,7.02032)
(254.479,-216.428,103.671)
(193.618,-183.719,152.679)
(-293.956,109.363,-51.6079)
(-307.508,135.871,9.26187)
(-282.816,148.427,124.352)
(-338.174,255.836,164.192)
(-323.518,65.3696,-124.546)
(-306.786,83.8139,-24.7624)
(-322.871,65.7384,-124.809)
(-264.969,55.2332,-147.874)
(21.3845,327.213,51.8473)
(46.1416,472.099,79.2317)
(132.366,-296.707,-45.8855)
(130.647,-265.892,-20.0529)
(128.859,-297.985,-47.4102)
(148.532,-229.149,-152.164)
(113.874,-299.588,47.7657)
(114.897,-114.674,-12.6905)
(-188.703,251.579,-37.3943)
(-193.563,201.549,-21.3298)
(-190.193,266.372,-43.0769)
(-125.292,210.564,-134.155)
(-192.047,267.216,-41.5474)
(-81.7097,238.584,-52.9932)
(-195.577,269.029,-39.3061)
(-235.366,290.358,-92.6007)
(70.9121,-322.94,31.2266)
(82.8222,-313.535,34.6245)
(89.0888,311.858,-33.8834)
(107.324,329.425,-104.752)
(-58.8544,-313.26,-99.2971)
(-79.5079,-300.837,18.8132)
(195.733,261.261,86.1096)
(83.9161,199.196,4.70567)
(-186.974,-256.247,-57.2909)
(-132.71,-299.123,-44.591)
(52.4173,314.52,72.3904)
(18.199,336.622,85.6227)
(257.608,-177.918,-40.3695)
(245.359,-114.31,-20.3135)
(-127.47,288.88,64.4163)
(-246.948,271.558,203.81)
(-137.805,298.206,64.6809)
(-136.432,227.399,6.19738)
(-314.782,101.373,-90.4546)
(-317.054,-35.9402,26.6116)
(154.696,277.283,8.6099)
(221.137,310.757,93.0168)
(156.894,282.724,4.32887)
(129.352,266.686,10.1602)
(157.817,284.743,1.04308)
(89.0335,168.414,50.7802)
(-221.253,-232.979,-5.76294)
(-242.327,-201.883,-106.282)
(301.802,84.4818,-48.9018)
(307.941,72.0941,-34.7743)
(322.431,65.0545,68.8442)
(267.395,147.522,7.93508)
(196.55,-250.629,73.8942)
(202.36,-247.435,62.409)
(-124.178,296.189,-92.0413)
(-161.719,384.108,-104.567)
(-124.634,292.478,-88.9781)
(-140.945,279.102,-119.391)
(310.656,57.8225,28.1652)
(308.066,46.5783,60.3711)
(-320.393,-28.7104,-15.3968)
(-348.488,-1.9469,-37.0136)
(-326.318,-45.9752,-21.4253)
(-360.041,-12.73,-114.436)
(-285.909,-135.992,36.1746)
(-328.703,-226.504,62.401)
(-289.664,152.505,-107.217)
(-312.894,92.1898,-103.503)
(-288.989,155.7,-107.416)
(-260.356,116.973,-93.8005)
(-331.767,18.4049,-7.72627)
(-372.558,-118.574,52.6562)
(-336.622,22.398,-9.71093)
(-300.73,56.8304,-81.2345)
(315.787,-28.4901,5.87074)
(337.725,31.5789,25.5754)
(323.246,-48.4274,19.9337)
(436.837,15.4232,-16.168)
(329.164,-0.833383,-35.6821)
(300.46,91.0129,-45.8334)
(-327.212,1.23127,46.4135)
(-319.214,0.0373829,-11.8874)
(-205.527,237.066,82.2176)
(-205.224,263.733,140.653)
(-53.2509,-308.139,-104.921)
(-206.36,-283.745,-121.611)
(278.701,-152.4,39.6627)
(176.436,-150.984,123.219)
(291.748,-158.3,43.9339)
(351.735,-119.01,-2.30815)
(293.72,-157.072,40.4835)
(252.835,-183.544,24.2094)
(-191.856,-270.239,-54.0167)
(-297.971,-207.896,-175.104)
(48.5141,311,58.1214)
(39.0153,353.288,108.84)
(56.362,316.195,58.1379)
(-4.04372,215.066,87.4186)
(55.6987,317.678,58.7938)
(69.4858,269.419,158.027)
(56.1693,316.633,58.8503)
(-7.13468,324.12,91.0382)
(-318.734,-12.4108,-21.8613)
(-283.108,-28.9331,-19.1951)
(-318.748,-11.8996,-21.6666)
(-305.07,-34.1263,-86.7716)
(319.502,16.5981,30.3117)
(378.052,118.8,82.7716)
(26.3172,-321.41,54.6617)
(32.4489,-414.752,107.25)
(-242.251,198.755,-33.3519)
(-234.935,75.9001,-58.2772)
(-283.074,133.618,120.773)
(-236.552,147.747,69.6652)
(-295.295,134.277,117.74)
(-323.974,110.352,84.0546)
(317.114,-56.652,-49.7743)
(334.206,-44.8759,-83.8005)
(318.673,-63.1138,-46.0503)
(365.752,40.23,-69.3822)
(-89.9758,-311.754,-65.5676)
(-55.2859,-284.215,89.0701)
(-127.844,286.377,63.0643)
(-110.515,390.856,125.691)
(5.64255,-311.933,-39.3746)
(-41.3241,-316.667,-7.29252)
(-201.806,-238.786,44.202)
(-295.739,-167.812,101.199)
(-200.925,-239.343,43.4018)
(-212.939,-251.935,46.3931)
(78.1301,310.439,-53.9586)
(89.7216,277.366,-7.80492)
(64.8567,315.593,-52.3949)
(-24.7509,275.224,-97.5777)
(307.892,-61.8286,19.4791)
(297.694,-53.6282,76.0637)
(207.88,-251.15,-78.2918)
(245.081,-279.831,-96.9473)
(-49.316,-323.842,-72.8)
(-129.491,-385.022,-90.8588)
(-50.6124,309.567,71.1737)
(-92.091,265.022,13.7582)
(-22.1277,315.199,-2.76061)
(17.6328,287.482,-53.6016)
(-29.4663,312.491,0.974744)
(-46.1558,316.427,-50.5224)
(250.77,-202.128,6.23159)
(259.215,-285.441,-80.9929)
(305.871,-63.6325,86.2672)
(322.523,-48.4085,79.0801)
(41.9663,312.983,-58.9645)
(144.52,335.081,-19.587)
(51.2995,327.699,-49.5458)
(108.222,357.219,-66.3504)
(195.309,263.892,-93.7763)
(181.437,268.627,-81.6677)
(194.977,264.203,-94.0174)
(215.538,316.784,-170.231)
(-237.599,-202.985,71.5887)
(-173.625,-122.291,180.213)
(-234.923,-209.796,67.8275)
(-213.814,-87.3308,52.7444)
(-65.9602,-308.933,51.8395)
(-70.0443,-276.591,-0.455851)
(-63.7777,-310.649,54.5239)
(-77.4248,-373.777,138.692)
(-62.2685,-310.115,55.5489)
(-114.933,-267.054,-12.3678)
(-93.722,301.931,-52.7644)
(-126.444,404.822,147.684)
(-44.2893,311.151,-66.9457)
(-18.5571,287.729,-83.2911)
(-40.194,311.338,-65.6685)
(17.5935,401.561,-62.6511)
(317.159,-10.0123,-69.6918)
(327.667,31.1329,-73.2517)
(-316.198,7.41892,48.9761)
(-336.786,71.2678,33.9887)
(240.346,214.634,-8.78854)
(212.693,309.757,-6.47628)
(-307.816,-121.76,3.92498)
(-298.186,-187.654,104.966)
(-112.689,-296.581,-39.0333)
(-116.549,-264.113,-49.1594)
(-102.393,-308.208,-44.7262)
(-249.803,-230.891,96.9349)
(-48.9213,-314.049,8.75304)
(-29.3082,-253.457,-111.387)
(193.628,-258.911,65.9411)
(207.225,-356.416,19.9208)
(-291.008,152.978,-44.2968)
(-343.326,322.34,27.5516)
(-318.982,99.8522,-61.17)
(-333.593,46.4168,-61.0572)
(309.217,-46.5171,29.7703)
(411.769,-71.954,33.4791)
(298.699,112.537,-78.234)
(235.872,81.3074,-29.226)
(253.809,-212.388,-124.18)
(437.63,-195.319,-164.703)
(258.078,-181.099,12.2152)
(299.335,-150.926,47.7339)
(252.257,186.003,-32.2948)
(237.93,216.641,-40.3619)
(-307.583,-137.081,117.405)
(-382.044,-62.7977,120.793)
(-330.482,21.0202,83.3848)
(-309.884,-79.6647,114.587)
(-335.617,30.9126,80.9675)
(-297.844,-84.9556,160.523)
(216.487,-228.49,-41.0647)
(171.231,-148.263,12.4488)
(218.056,-241.265,-38.8745)
(271.534,-373.404,-26.0476)
(-155.115,281.877,54.045)
(-164.255,217.377,113.256)
(206.636,-244.246,-101.266)
(252.28,-312.431,-142.216)
(204.47,-246.304,-100.831)
(285.97,-366.852,-39.4367)
(-274.324,165.406,70.9204)
(-339.864,146.54,42.0867)
(-303.506,-118.971,115.96)
(-307.935,-112.762,194.039)
(172.05,-263.843,13.7411)
(97.9033,-260.255,37.4401)
(200.858,-263.76,105.757)
(125.41,-231.729,58.0142)
(-60.658,307.48,-118.908)
(-224.018,368.584,-67.764)
(-57.0649,320.063,-1.58079)
(-54.0331,330.743,72.8855)
(-43.028,-319.25,3.88515)
(-59.9616,-295.528,-37.5824)
(-198.219,-267.7,-20.5574)
(-120.745,-328.808,-15.0934)
(307.727,-57.7418,-78.6497)
(265.989,-127.198,-123.248)
(307.703,-58.1735,-78.5416)
(292.512,-66.6592,-21.1327)
(320.204,17.3758,-51.1924)
(403.775,59.2169,-150.012)
(321.916,12.5126,-52.2227)
(328.671,-8.35826,-100.708)
(-305.714,68.9502,44.3379)
(-251.584,180.325,-49.0543)
(-309.948,64.418,44.4885)
(-328.921,91.8513,37.6748)
(329.722,-44.5794,-26.967)
(328.071,15.0164,74.047)
(-309.884,55.7195,-92.2572)
(-436.512,14.5845,-225.201)
(-249.842,189.211,73.8404)
(-264.372,229.173,113.13)
(-334.062,-28.4326,-12.7289)
(-357.234,-25.2545,6.0331)
(69.8758,-326.491,22.6581)
(91.4848,-301.966,-74.6218)
(324.183,22.1374,-31.0873)
(458.342,-72.3914,-22.1918)
(218.605,-231.795,-6.99455)
(375.134,-250.854,61.3118)
(-280.546,155.796,0.364195)
(-299,136.973,39.2065)
(312.466,11.7583,65.2069)
(441.968,24.3464,84.5029)
(5.72522,311.985,-37.83)
(-33.4226,348.18,-98.0486)
(-277.385,-163.189,115.462)
(-349.215,-191.163,88.6128)
(-138.924,-289.91,120.255)
(-58.7394,-412.036,147.744)
(-140.933,-290.131,119.981)
(-30.6109,-366.42,61.7753)
(126.585,-295.783,-108.717)
(116.547,-300.765,-122.952)
(22.9382,-324.505,-113.405)
(-21.3871,-252.198,-131.272)
(-170.901,282.154,96.1018)
(-266.279,211.121,112.108)
(199.208,243.341,33.8724)
(264.121,310.357,10.5783)
(200.217,242.679,38.931)
(190.33,286.861,94.5502)
(-78.05,-321.565,-44.7673)
(-56.3482,-325.654,-41.3603)
(-302.192,-78.1924,22.4164)
(-278.565,-208.108,-12.6296)
(-225.554,-218.835,66.6432)
(-156.458,-261.568,71.1643)
(-234.553,-219.083,58.8565)
(-320.382,-304.921,73.9879)
(291.957,118.455,-37.1819)
(230.975,192.325,59.4686)
(295.52,120.301,-38.8101)
(239.761,162.342,-59.1685)
(307.797,116.407,-46.9039)
(359.829,63.7495,-137.521)
(321.314,97.6846,-56.2248)
(236.781,155.462,-28.9811)
(-320.608,54.6488,43.3527)
(-305.972,85.771,-106.068)
(-325.875,54.604,37.6446)
(-285.11,27.2852,54.4978)
(311.618,-73.3071,-56.0997)
(273.89,-84.0428,-121.625)
(310.187,-67.497,-56.6937)
(107.882,-70.4744,-48.2303)
(-229.085,219.586,-107.86)
(-248.143,264.987,-94.174)
(-20.9038,-331.214,-78.9984)
(-98.509,-268.825,-128.829)
(165.173,278.113,66.3844)
(200.985,263.318,134.747)
(174.259,268.234,64.6399)
(219.669,311.803,42.8333)
(322.648,-89.8147,-2.00901)
(268.163,-44.1628,28.4909)
(-306.128,65.8986,-119.765)
(-307.236,62.9983,-38.767)
(-22.6841,-322.579,-73.7669)
(-0.836467,-289.063,5.56534)
(-29.7422,-334.938,-79.2481)
(7.47624,-324.896,-78.609)
(246.288,210.386,51.1491)
(233.069,193.178,198.635)
(-247.885,217.286,21.5469)
(-217.36,202.413,104.52)
(-4.92011,-311.805,27.0033)
(39.9697,-294.415,56.4734)
(-3.62473,-314.061,28.4011)
(68.1179,-320.805,131.229)
(-320.156,-67.4533,96.2158)
(-247.308,-87.9937,134.576)
(-62.8242,-327.926,27.6052)
(14.7218,-411.67,24.3504)
(151.973,296.056,-27.2769)
(151.395,318.691,-19.5348)
(183.506,-258.048,67.7282)
(198.582,-291.17,76.043)
(119.813,-314.138,-105.482)
(162.093,-316.541,-161.991)
(120.113,-313.96,-103.003)
(55.247,-289.304,-147.04)
(-309.203,55.2654,-108.369)
(-265.202,52.0988,-139.434)
(-269.183,179.958,29.0499)
(-279.647,145.961,8.11196)
(-212.833,233.048,-39.7327)
(-219.095,216.489,158.14)
(-231.324,240.91,57.7402)
(-191.769,275.1,71.4637)
(-13.4672,-334.799,-77.4039)
(-34.5803,-353.895,-182.099)
(246.004,215.736,-78.4229)
(241.109,210.609,-127.667)
(248.629,210.546,-74.0427)
(194.694,240.402,-29.5169)
(-290.839,-140.383,48.2792)
(-348.899,-184.12,81.8297)
(245.112,208.111,46.751)
(244.365,210.694,99.725)
(250.623,193.422,95.2927)
(234.891,143.689,38.5876)
(252.802,197.6,95.9802)
(300.172,162.201,61.5093)
(294.994,-116.513,87.2044)
(266.801,-123.181,154.645)
(324.466,26.3057,104.907)
(357.557,36.0555,123.878)
(-315.475,-12.4382,-50.9376)
(-338.522,-30.0597,-99.7363)
(283.079,151.151,18.1309)
(305.368,156.943,16.7246)
(-298.164,-96.6089,103.717)
(-310.033,-174.543,211.364)
(244.046,220.243,-108.198)
(135.31,183.629,-250.694)
(251.558,223.17,-110.334)
(152.241,176.264,-89.4776)
(-313.678,-97.9629,46.0718)
(-171.528,-135.592,-12.8545)
(-216.373,229.036,66.6099)
(-362.687,276.756,13.8725)
(286.613,-123.599,-33.5663)
(220.902,-200.714,44.8202)
(-98.7051,-301.694,44.1077)
(-130.617,-271.091,39.6409)
(179.253,256.822,-30.4194)
(317.956,247.779,17.1286)
(194.556,-246.494,59.8789)
(269.51,-202.475,143.259)
(122.502,-290.636,-16.8963)
(138.318,-348.301,-64.4513)
(122.737,-291.577,-12.0834)
(151.409,-229.904,100.933)
(32.1034,325.239,17.6422)
(-113.049,389.574,-45.0896)
(189.263,264.707,110.528)
(182.164,289.542,59.7248)
(-309.508,113.525,6.12774)
(-315.964,155.758,11.4549)
(-78.7441,-313.046,47.1039)
(-258.516,-247.854,120.733)
(161.882,273.654,-38.4667)
(74.5482,265.478,15.8139)
(160.627,275.166,-36.2682)
(133.072,277.411,-114.117)
(-276.466,145.422,-115.012)
(-273.035,126.447,-91.6089)
(315.708,12.0183,-92.1444)
(333.364,29.7056,14.8718)
(288.976,-129.919,46.9545)
(280.565,-192.043,-51.3113)
(-283.342,137.181,-46.171)
(-224.558,33.8117,19.8089)
(-286.674,132.754,-16.1379)
(-229.278,124.831,43.5724)
(-215.456,-233.543,-51.4156)
(-174.898,-347.492,41.3751)
(256.369,180.941,43.0181)
(202.771,290.977,123.714)
(-282.506,143.871,-10.3807)
(-347.537,205.375,-26.9661)
(140.681,288.357,-61.4635)
(221.017,281.359,-54.9115)
(-128.46,-305.89,67.784)
(-108.396,-174.761,69.286)
(96.3607,-303.899,-78.0954)
(169.124,-303.979,-74.4268)
(94.2528,-317.52,-73.0389)
(209.562,-333.863,-66.9287)
(-249.872,206.272,53.4188)
(-263.627,205.644,80.0833)
(110.604,300.694,18.8541)
(26.6696,279.723,84.5899)
(-275.274,-161.624,-10.9873)
(-318.7,-116.246,-90.9866)
(-201.111,241.933,-56.086)
(-264.898,270.242,-10.262)
(-209.093,244.004,-62.3786)
(-145.285,305.521,-60.9991)
(250.704,-193.647,44.6663)
(210.574,-245.409,58.9833)
(250.995,-194.994,44.5644)
(369.787,-236.057,-16.7026)
(245.694,-206.844,45.7369)
(193.459,-262.936,190.604)
(191.337,-256.286,43.7706)
(128.06,-263.725,7.69292)
(197.823,-260.392,46.4482)
(231.162,-321.243,146.036)
(205.221,-259.928,49.6237)
(187.71,-238.352,60.8633)
(77.2466,313.434,-49.9622)
(52.0023,323.262,90.5548)
(-152.101,280.199,-124.595)
(-143.632,355.821,-158.48)
(286.988,-140.957,60.889)
(296.579,-76.1822,21.4257)
(146.595,-289.696,-98.5497)
(178.309,-180.205,-167.608)
(308.807,-70.217,-73.4872)
(340.312,-73.3664,-61.8579)
(312.468,-67.9618,-82.6225)
(346.66,-56.1922,-65.403)
(312.543,-69.1703,-86.5344)
(264.838,-101.301,11.7323)
(242.157,203.134,-87.301)
(253.681,64.412,24.4115)
(-195.643,-261.771,111.042)
(-173.832,-280.005,67.7825)
(283.483,-139.498,70.8174)
(329.676,-178.874,42.1596)
(295.297,-143.55,65.0984)
(395.626,-81.9436,-6.95795)
(299.143,-135.99,64.0008)
(343.785,-224.144,175.34)
(-320.501,10.7474,-116.873)
(-312.694,151.763,-130.063)
(-55.1634,320.683,11.9011)
(-85.3175,387.612,60.4134)
(-52.4218,323.262,13.1631)
(1.23421,323.519,71.3742)
(-46.1775,328.56,18.6228)
(-135.272,324.953,-66.3939)
(-45.5421,328.981,18.375)
(14.6264,330.092,-74.1264)
(275.701,147.189,-124.328)
(352.37,245.122,-119.045)
(-312.793,4.73346,-58.1683)
(-243.75,-59.7267,-36.1744)
(247.269,227.716,-61.7584)
(168.081,291.536,-19.0474)
(-133.245,-291.774,77.9451)
(-157.155,-351.377,182.534)
(-242.806,215.073,17.0863)
(-221.123,293.77,-42.0952)
(262.322,181.603,-60.2252)
(295.49,148.392,44.7029)
(264.343,185.26,-59.2551)
(204.181,306.158,-118.489)
(-309.922,126.649,-117.292)
(-356.358,203.675,-40.2762)
(-314.942,-13.6289,-80.485)
(-315.632,-101.68,15.5047)
(-316.78,-16.4024,-80.9818)
(-224.758,31.7658,-137.382)
(-138.663,289.465,-61.5312)
(-13.9444,169.565,-5.40873)
(-146.347,292.433,-61.1258)
(-68.0083,272.893,-127.793)
(295.397,-132.398,35.8152)
(287.447,-145.485,109.493)
(-272.822,187.804,80.4862)
(-198.508,217.36,51.7461)
(315.102,-62.4003,-96.0871)
(314.444,68.0128,-13.6177)
(0.973034,-330.653,16.3092)
(16.2159,-396.559,-19.0477)
(149.816,274.228,-17.6117)
(210.46,238.698,-47.9034)
(263.177,-172.883,62.964)
(144.987,-177.933,77.6985)
(-306.432,71.464,-27.2572)
(-292.582,122.738,-68.2803)
(110.198,-301.045,10.8466)
(20.8303,-174.011,37.1054)
(109.161,294.378,-9.70182)
(52.9057,213.404,-24.6744)
(-166.602,274.254,-120.688)
(-173.653,167.261,-41.0333)
(-323.573,53.6079,118.956)
(-273.633,62.744,179.157)
(-327.122,57.5992,119.982)
(-410.764,141.53,-23.0742)
(-188.065,262.752,46.0313)
(-248.963,300.424,151.608)
(-274.87,-187.071,-104.617)
(-241.859,-179.437,-88.9084)
(-275.833,-189.926,-107.398)
(-196.273,-140.261,-74.7785)
(-182.536,-253.433,-91.0001)
(-175.019,-170.355,-80.7608)
(290.351,118.032,41.2063)
(339.836,82.2169,52.7349)
(133.121,282.137,-1.14159)
(117.766,385.38,97.0167)
(-319.731,41.7355,37.5051)
(-302.701,-31.0828,45.1942)
(224.745,-250.482,92.0673)
(300.073,-269.598,-51.4871)
(308.038,94.3328,67.2085)
(271.651,92.2032,87.2133)
(318.079,95.1093,71.2068)
(279.285,-75.0544,54.506)
(-313.954,11.4021,-103.187)
(-311.749,28.5685,-16.8015)
(322.354,-6.94188,65.8619)
(315.837,-5.22976,25.9886)
(325.478,-2.96785,63.1276)
(229.465,5.51807,138.893)
(-306.959,117.662,-4.39442)
(-322.073,156.979,34.4238)
(311.959,-87.0987,5.444)
(260.66,-182.296,-112.617)
(-309.3,46.7206,-31.2174)
(-242.751,-43.5766,27.8742)
(312.809,-65.3782,43.6143)
(375.646,-100.446,-25.3487)
(316.156,-62.2702,42.475)
(318.453,-3.821,118.92)
(-294.373,-115.622,-13.5459)
(-352.297,-59.4695,-42.5847)
(256.335,180.731,20.5007)
(246.781,118.161,44.8873)
(-150.776,-274.832,-16.2464)
(-222.033,-281.657,52.0533)
(-61.7493,319.591,22.3301)
(-76.4952,366.458,48.9386)
(-43.225,327.298,21.5162)
(-15.1735,320.6,166.576)
(-4.53048,314.444,118.695)
(-143.541,310.325,176.308)
(-3.89756,312.862,119.189)
(-9.18455,206.63,101.107)
(205.595,-261.453,-93.9061)
(169.537,-285.247,-103.657)
(-4.84338,316.968,85.8679)
(69.5101,339.03,128.057)
(-146.52,-282.561,-79.1704)
(-255.675,-342.1,-234.062)
(-304.978,-67.0297,-84.4285)
(-298.315,-116.638,-121.136)
(-222.087,-226.77,-30.3262)
(-160.049,-231.493,-80.4222)
(-224.712,-241.675,-50.5978)
(-265.755,-187.865,-90.7909)
(-332.487,27.7149,-108.119)
(-289.597,9.05813,-78.5016)
(63.429,317.22,94.2225)
(21.1051,360.623,123.72)
(-43.2524,-313.541,-97.3747)
(-36.7733,-258.147,-87.5758)
(-40.7402,-319.501,-86.5555)
(-30.9322,-234.793,-121.477)
(263.742,-192.27,27.8729)
(208.412,-232.691,57.99)
(-208.076,232.935,-33.1274)
(-170.389,197.762,-55.9974)
(315.047,-94.0241,-65.4761)
(314.129,-31.9513,-52.6129)
(316.621,-92.8328,-67.2317)
(371.73,-95.1716,-14.7612)
(-323.082,70.2356,48.7908)
(-496.615,-29.6366,116.166)
(316.292,23.7873,-49.4473)
(380.164,46.5274,-63.1613)
(-270.09,-159.757,-65.0143)
(-416.066,-101.3,-112.077)
(-127.588,-295.604,102.549)
(-14.6174,-157.01,101.905)
(67.5598,329.507,116.887)
(-10.7692,232.187,36.713)
(-153.356,-290.854,-104.939)
(-139.728,-265.728,-64.5785)
(132.402,-287.333,-54.9815)
(213.657,-224.658,-41.9751)
(-206.341,247.971,49.6403)
(-178.291,250.371,43.8928)
(-204.279,250.064,49.4227)
(-243.845,248.087,-36.1111)
(-310.435,-46.8191,1.53518)
(-310.717,25.9587,-25.4408)
(298.662,93.7557,-2.80195)
(260.744,94.6383,15.2228)
(-307.382,-87.1799,-89.8777)
(-268.998,-25.5139,-160.749)
(-301.839,96.8264,7.37278)
(-354.728,136.111,33.2415)
(293.298,-131.472,-14.2902)
(329.249,-192.911,5.56203)
(-146.836,287.46,118.1)
(-140.582,345.874,93.4751)
(-145.963,288.062,120.51)
(-140.292,211.147,34.1614)
(-310.237,51.0852,-110.44)
(-249.944,133.788,-187.354)
(140.43,-282.472,83.2589)
(68.9723,-314.338,100.031)
(140.348,-286.477,74.297)
(80.2947,-181.364,136.544)
(149.045,-301.965,78.67)
(136.864,-324.438,56.9657)
(-242.98,209.634,-63.017)
(-293.355,260.467,-3.97909)
(156.729,282.393,-98.84)
(166.757,344.149,-141.36)
(154.039,285.338,-93.8019)
(82.2105,359.61,-145.377)
(-141.882,-293.536,100.401)
(-187.67,-242.091,59.5775)
(307.227,-122.053,16.7579)
(341.342,-156.285,38.2131)
(-213.648,259.298,-40.0273)
(-204.526,294.682,-24.7791)
(329.325,-5.61602,-80.2861)
(217.066,-94.2132,-17.9035)
(70.3427,315.241,95.4018)
(0.870469,355.93,48.9432)
(73.8745,317.79,92.8233)
(-3.90992,329.318,-11.5813)
(81.0526,326.197,91.9055)
(142.716,328.862,81.5598)
(-156.558,-278.127,-86.9547)
(-173.19,-262.522,-45.9487)
(-158.034,-278.243,-88.8651)
(-197.781,-268.885,-46.8881)
(-292.231,-117.187,45.8502)
(-177.536,-158.186,63.3086)
(-297.13,-114.516,50.6005)
(-308.27,-162.122,-65.6796)
(-297.076,-126.699,59.925)
(-444.366,-76.2574,-3.67924)
(229.954,217.134,-86.8325)
(280.52,245.88,-69.4951)
(142.571,-277.681,51.2512)
(130.055,-251.125,26.9358)
(-296.538,153.326,-27.2126)
(-328.699,176.953,52.0717)
(-178.44,259.137,-51.2448)
(-167.517,242.545,-76.549)
(16.3868,-319.559,100.525)
(17.8635,-315.749,237.471)
(21.174,-321.614,100.349)
(182.485,-210.12,196.012)
(-284.518,-144.139,59.6463)
(-206.327,-245.103,83.7743)
(256.857,188.859,-81.3454)
(274.21,337.118,-73.4324)
(297.121,122.482,72.335)
(350.881,58.5606,29.8642)
(-291.979,-128.674,-72.786)
(-331.093,-144.863,-34.1649)
(293.109,-113.94,-70.7436)
(305.579,-101.191,-83.0247)
(-286.593,158.016,100.51)
(-275.666,207.41,153.475)
(-97.0838,306.3,-34.2882)
(-172.476,207.099,7.51735)
(116.691,-305.818,36.2915)
(109.03,-295.186,42.4178)
(-318.553,80.8403,-19.6738)
(-304.046,145.707,-44.4883)
(287.948,-153.173,36.655)
(206.781,-131.481,79.6538)
(288.915,-156.331,38.7765)
(390.172,-221.172,-32.715)
(149.62,285.65,-13.7563)
(110.347,293.135,-6.80726)
(-57.8509,-308.635,16.1496)
(-3.01446,-326.45,72.2784)
(-26.7141,324.603,-1.17875)
(80.4649,431.869,67.4984)
(-222.887,-238.237,-2.44037)
(-222.548,-288.401,4.48627)
(-221.419,-238.221,3.83906)
(-191.415,-265.572,-38.5132)
(311.187,64.9067,-36.2131)
(198.403,120.185,-28.4247)
(316.441,75.7383,-34.8067)
(429.694,116.319,-164.585)
(-305.283,-88.1163,52.5649)
(-284.933,-44.1507,46.1437)
(-304.347,-86.7286,47.6137)
(-296.774,-86.8769,10.0771)
(-313.606,-50.1571,87.0531)
(-316.668,-27.133,139.439)
(-314.872,-63.9051,-56.1921)
(-268.981,-88.1274,-12.6209)
(-318.406,-62.8109,-56.2341)
(-405.604,-73.3998,5.62904)
(-213.371,-232.789,-112.573)
(-190.48,-161.757,-107.038)
(-285.148,-129.587,50.0298)
(-260.17,-91.6945,31.9814)
(-287.881,-128.09,52.1528)
(-250.491,-85.2663,88.8184)
(162.401,269.273,-106.244)
(55.6124,190.02,-166.565)
(197.796,-246.802,-0.919206)
(82.5548,-245.011,-102.582)
(-5.06512,322.382,6.7334)
(5.80687,268.209,-30.1064)
(-8.8253,330.864,6.1893)
(-116.705,469.653,-69.9374)
(229.755,-238.772,-115.611)
(199.501,-199.146,-103.808)
(-220.892,250.651,120.737)
(-193.226,239.131,188.048)
(312.844,3.28712,72.4241)
(320.732,-122.749,84.5638)
(315.61,27.0748,-114.779)
(313.029,-52.111,-70.0861)
(311.822,-24.4646,12.9335)
(388.581,60.6182,25.5146)
(16.0265,-321.411,15.8216)
(-49.5616,-226.708,54.2841)
(4.38017,326.978,-14.5131)
(18.74,319.481,10.2717)
(234.039,-212.598,-44.3685)
(288.43,-186.538,-100.921)
(-3.21902,324.953,70.426)
(9.62662,336.688,114.204)
(-7.98078,324.566,79.654)
(-40.2419,310.191,58.3096)
0 events have been kept for refreshing and/or reviewing.
  "/vis/reviewKeptEvents" to review them one by one.
  "/vis/enable", then "/vis/viewer/flush" or "/vis/viewer/rebuild" to see them accumulated.
[Core-0] End of macro ./split/.Gate/main126/main9.mac
Graphics systems deleted.
Visualization Manager deleting...
