[G4] 
[G4] **************************************************************
[G4]  Geant4 version Name: geant4-10-07-patch-02    (11-June-2021)
[G4]                        Copyright : Geant4 Collaboration
[G4]                       References : NIM A 506 (2003), 250-303
[G4]                                  : IEEE-TNS 53 (2006), 270-278
[G4]                                  : NIM A 835 (2016), 186-225
[G4]                              WWW : http://geant4.org/
[G4] **************************************************************
[G4] 
[Core-0] Initialization of geometry
[Core-0] Initialization of physics
[Core-0] Initialization of actors
[Core-0] 
[Core-0] *************************************************
[Core-0]  GATE version 9.1 (2021)
[Core-0]  Copyright : OpenGATE Collaboration
[Core-0]  Reference : Phys. Med. Biol. 49 (2004) 4543-4561
[Core-0]  Reference : Phys. Med. Biol. 56 (2011) 881-901
[Core-0]  Reference : Med. Phys. 41(6)    (2014)
[Core-0]  http://www.opengatecollaboration.org        
[Core-0] *************************************************
[Core-0] 
[Core-0] You are using Geant4 version 10.7.2
[Core-0] Starting macro ./split/.Gate/main126/main5.mac
0: RINDEX
1.84e-06   1.00028
4.08e-06   1.00028
9: GROUPVEL
1.84e-06   299.709
4.08e-06   299.709
16: ABSLENGTH
1.84e-06   50000
4.08e-06   50000
 <!> *** WARNING *** <!>  GateMaterialDatabase: Multiple definition of element: Yttrium.
The definition in ClMind_GateMaterials.db was used.


GATE object:        'systems/cylindricalPET'
Components:

GATE object:        'systems/cylindricalPET/base'
Attached to volume: cylindricalPET
Nb of children:       1

	GATE object:        'systems/cylindricalPET/rsector'
	Attached to volume: module
	Nb of children:       1

		GATE object:        'systems/cylindricalPET/module'
		Attached to volume: unit
		Nb of children:       1

			GATE object:        'systems/cylindricalPET/submodule'
			Attached to volume: block
			Nb of children:       1

				GATE object:        'systems/cylindricalPET/crystal'
				Attached to volume: optical
				Nb of children:       4

					GATE object:        'systems/cylindricalPET/layer0'
					Attached to volume: crystal
					Nb of children:       0

					GATE object:        'systems/cylindricalPET/layer1'
					Attached to volume: ---
					Nb of children:       0

					GATE object:        'systems/cylindricalPET/layer2'
					Attached to volume: ---
					Nb of children:       0

					GATE object:        'systems/cylindricalPET/layer3'
					Attached to volume: ---
					Nb of children:       0
geometrical design type: 1
ring diameter: -3.95 mm 
rsector axial pitch: 0 fm 
rsector azimuthal pitch: 12.8571 degree
rsector tangential size: 2.5 cm 
rsector axial size: 25.04 cm 
module axial size: 4.784 cm 
module tangential size: 2.5 cm 
module axial pitch: 0 fm 
module tangential pitch: 0 fm 
submodule axial size: 4.784 cm 
submodule tangential size: 2.5 cm 
submodule axial pitch: 0 fm 
submodule tangential pitch: 0 fm 
crystal radial size: 1.59 cm 
crystal axial size: 1.59 cm 
crystal tangential size: 2.5 cm 
crystal axial pitch: 0 fm 
crystal tangential pitch: 0 fm 
layer0 radial size: 3.95 mm 
in layer0 interaction length: 1.975 mm 
Axial nb of rsectors: 1
Azimuthal nb of rsectors: 28
Axial nb of modules: 1
Tangential nb of modules: 1
Axial nb of submodules: 1
Tangential nb of submodules: 1
Axial nb of crystals: 1
Tangential nb of crystals: 1
Radial nb of layers: 1
[Physic-0] The following Geant4's physic-list is enabled :emstandard_opt3


List of Enabled processes:




List of initialized processes:


[Core-0] Initialization of geometry
[Core-0] Initialization of physics
[Core-0] Initialization of actors
 <!> *** WARNING *** <!>  The 'energytype' option is DEPRECATED, use 'ene/type' instead!
 <!> *** WARNING *** <!>  The 'energytype' option is DEPRECATED, use 'ene/type' instead!
 <!> *** WARNING *** <!>  The 'energytype' option is DEPRECATED, use 'ene/type' instead!
 <!> *** WARNING *** <!>  The 'energytype' option is DEPRECATED, use 'ene/type' instead!
 <!> *** WARNING *** <!>  The 'energytype' option is DEPRECATED, use 'ene/type' instead!
 <!> *** WARNING *** <!>  The 'energytype' option is DEPRECATED, use 'ene/type' instead!
 <!> *** WARNING *** <!>  The 'energytype' option is DEPRECATED, use 'ene/type' instead!
 <!> *** WARNING *** <!>  The 'energytype' option is DEPRECATED, use 'ene/type' instead!
 <!> *** WARNING *** <!>  The 'energytype' option is DEPRECATED, use 'ene/type' instead!
[Acquisition-0]   
[Acquisition-0] ============= Source initialization =============
[Acquisition-0]   
[Acquisition-0] ============= Acquisition starts! =============
[Acquisition-0] Simulation start time = 0 sec
[Acquisition-0] Simulation end time   = 1 sec
[Acquisition-0] Simulation will have  = 1 run(s)
[Acquisition-0] Slice 0 from 0 to 1 s [slice=1 s]

### ===  Deexcitation model UAtomDeexcitation is activated for 25 regions:
          DefaultRegionForTheWorld  1  1  1
          cylindricalPET  1  1  1
          module  1  1  1
          unit  1  1  1
          block  1  1  1
          optical  1  1  1
          crystal  1  1  1
          capillaire1  1  1  1
          capillaire1_water  1  1  1
          capillaire2  1  1  1
          capillaire2_water  1  1  1
          capillaire3  1  1  1
          capillaire3_water  1  1  1
          capillaire4  1  1  1
          capillaire4_water  1  1  1
          capillaire5  1  1  1
          capillaire5_water  1  1  1
          capillaire_m1  1  1  1
          capillaire_m1_water  1  1  1
          capillaire_m2  1  1  1
          capillaire_m2_water  1  1  1
          capillaire_m3  1  1  1
          capillaire_m3_water  1  1  1
          capillaire_m4  1  1  1
          capillaire_m4_water  1  1  1
### ===  Ignore cuts flag:   0

phot:  for gamma applyCuts:1  SubType=12 BuildTable=0
      LambdaPrime table from 200 keV to 100 TeV in 174 bins 
      ===== EM models for the G4Region  DefaultRegionForTheWorld ======
 LivermorePhElectric : Emin=    0 eV  Emax=  100 TeV  SauterGavrila Fluo

compt:  for gamma applyCuts:1  SubType=13 BuildTable=1
      Lambda table from 10 eV  to 1 MeV, 20 bins/decade, spline: 1
      LambdaPrime table from 1 MeV to 100 TeV in 160 bins 
      ===== EM models for the G4Region  DefaultRegionForTheWorld ======
        KleinNishina : Emin=    0 eV  Emax=  100 TeV Fluo

conv:  for gamma applyCuts:1  SubType=14 BuildTable=1
      Lambda table from 1.022 MeV to 100 TeV, 20 bins/decade, spline: 1
      ===== EM models for the G4Region  DefaultRegionForTheWorld ======
     BetheHeitlerLPM : Emin=    0 eV  Emax=  100 TeV  ModifiedTsai

Rayl:  for gamma applyCuts:1  SubType=11 BuildTable=1
      Lambda table from 10 eV  to 100 keV, 20 bins/decade, spline: 0
      LambdaPrime table from 100 keV to 100 TeV in 180 bins 
      ===== EM models for the G4Region  DefaultRegionForTheWorld ======
   LivermoreRayleigh : Emin=    0 eV  Emax=  100 TeV  CullenGenerator

msc:  for e-  SubType= 10
      ===== EM models for the G4Region  DefaultRegionForTheWorld ======
            UrbanMsc : Emin=    0 eV  Emax=  100 TeV Nbins=240 100 eV  - 100 TeV
              StepLim=DistanceToBoundary Rfact=0.04 Gfact=2.5 Sfact=0.6 DispFlag:1 Skin=1 Llimit=1

eIoni:  for e-  SubType=2
      dE/dx and range tables from 10 eV  to 100 TeV in 260 bins
      Lambda tables from threshold to 100 TeV, 20 bins/decade, spline: 1
      StepFunction=(0.2, 0.1 mm), integ: 1, fluct: 1, linLossLim= 0.01
      ===== EM models for the G4Region  DefaultRegionForTheWorld ======
        MollerBhabha : Emin=    0 eV  Emax=  100 TeV  deltaVI

eBrem:  for e-  SubType=3
      dE/dx and range tables from 10 eV  to 100 TeV in 260 bins
      Lambda tables from threshold to 100 TeV, 20 bins/decade, spline: 1
      LPM flag: 1 for E > 1 GeV,  VertexHighEnergyTh(GeV)= 100000
      ===== EM models for the G4Region  DefaultRegionForTheWorld ======
             eBremSB : Emin=    0 eV  Emax=    1 GeV  AngularGen2BS
            eBremLPM : Emin=    1 GeV Emax=  100 TeV  AngularGen2BS

ePairProd:  for e-  SubType=4
      dE/dx and range tables from 10 eV  to 100 TeV in 260 bins
      Lambda tables from threshold to 100 TeV, 20 bins/decade, spline: 1
      Sampling table 25x1001; from 0.1 GeV to 100 TeV 
      ===== EM models for the G4Region  DefaultRegionForTheWorld ======
           ePairProd : Emin=    0 eV  Emax=  100 TeV  ModifiedMephi

msc:  for e+  SubType= 10
      ===== EM models for the G4Region  DefaultRegionForTheWorld ======
            UrbanMsc : Emin=    0 eV  Emax=  100 TeV Nbins=240 100 eV  - 100 TeV
              StepLim=DistanceToBoundary Rfact=0.04 Gfact=2.5 Sfact=0.6 DispFlag:1 Skin=1 Llimit=1

eIoni:  for e+  SubType=2
      dE/dx and range tables from 10 eV  to 100 TeV in 260 bins
      Lambda tables from threshold to 100 TeV, 20 bins/decade, spline: 1
      StepFunction=(0.2, 0.1 mm), integ: 1, fluct: 1, linLossLim= 0.01
      ===== EM models for the G4Region  DefaultRegionForTheWorld ======
        MollerBhabha : Emin=    0 eV  Emax=  100 TeV  deltaVI

eBrem:  for e+  SubType=3
      dE/dx and range tables from 10 eV  to 100 TeV in 260 bins
      Lambda tables from threshold to 100 TeV, 20 bins/decade, spline: 1
      LPM flag: 1 for E > 1 GeV,  VertexHighEnergyTh(GeV)= 100000
      ===== EM models for the G4Region  DefaultRegionForTheWorld ======
             eBremSB : Emin=    0 eV  Emax=    1 GeV  AngularGen2BS
            eBremLPM : Emin=    1 GeV Emax=  100 TeV  AngularGen2BS

ePairProd:  for e+  SubType=4
      dE/dx and range tables from 10 eV  to 100 TeV in 260 bins
      Lambda tables from threshold to 100 TeV, 20 bins/decade, spline: 1
      Sampling table 25x1001; from 0.1 GeV to 100 TeV 
      ===== EM models for the G4Region  DefaultRegionForTheWorld ======
           ePairProd : Emin=    0 eV  Emax=  100 TeV  ModifiedMephi

annihil:  for e+, integral:1  applyCuts:1  SubType=5 BuildTable=0
      ===== EM models for the G4Region  DefaultRegionForTheWorld ======
            eplus2gg : Emin=    0 eV  Emax=  100 TeV

msc:  for proton  SubType= 10
      ===== EM models for the G4Region  DefaultRegionForTheWorld ======
            UrbanMsc : Emin=    0 eV  Emax=  100 TeV Nbins=240 100 eV  - 100 TeV
              StepLim=Minimal Rfact=0.2 Gfact=2.5 Sfact=0.6 DispFlag:1 Skin=1 Llimit=1

hIoni:  for proton  SubType=2
      dE/dx and range tables from 10 eV  to 100 TeV in 260 bins
      Lambda tables from threshold to 100 TeV, 20 bins/decade, spline: 1
      StepFunction=(0.2, 0.05 mm), integ: 1, fluct: 1, linLossLim= 0.01
      ===== EM models for the G4Region  DefaultRegionForTheWorld ======
               Bragg : Emin=    0 eV  Emax=    2 MeV  deltaVI
          BetheBloch : Emin=    2 MeV Emax=  100 TeV  deltaVI

hBrems:  for proton  SubType=3
      dE/dx and range tables from 10 eV  to 100 TeV in 260 bins
      Lambda tables from threshold to 100 TeV, 20 bins/decade, spline: 1
      ===== EM models for the G4Region  DefaultRegionForTheWorld ======
               hBrem : Emin=    0 eV  Emax=  100 TeV  ModifiedMephi
      ===== Limit on energy threshold has been applied 

hPairProd:  for proton  SubType=4
      dE/dx and range tables from 10 eV  to 100 TeV in 260 bins
      Lambda tables from threshold to 100 TeV, 20 bins/decade, spline: 1
      Sampling table 17x1001; from 7.50618 GeV to 100 TeV 
      ===== EM models for the G4Region  DefaultRegionForTheWorld ======
           hPairProd : Emin=    0 eV  Emax=  100 TeV  ModifiedMephi

nuclearStopping:  for proton applyCuts:1  SubType=8 BuildTable=0
      ===== EM models for the G4Region  DefaultRegionForTheWorld ======
   ICRU49NucStopping : Emin=    0 eV  Emax=    1 MeV

msc:  for GenericIon  SubType= 10
      ===== EM models for the G4Region  DefaultRegionForTheWorld ======
            UrbanMsc : Emin=    0 eV  Emax=  100 TeV
              StepLim=Minimal Rfact=0.2 Gfact=2.5 Sfact=0.6 DispFlag:1 Skin=1 Llimit=1

ionIoni:  for GenericIon  SubType=2
      dE/dx and range tables from 10 eV  to 100 TeV in 260 bins
      Lambda tables from threshold to 100 TeV, 20 bins/decade, spline: 1
      StepFunction=(0.1, 0.02 mm), integ: 1, fluct: 1, linLossLim= 0.02
      ===== EM models for the G4Region  DefaultRegionForTheWorld ======
         ParamICRU73 : Emin=    0 eV  Emax=  100 TeV  deltaVI

nuclearStopping:  for GenericIon applyCuts:1  SubType=8 BuildTable=0
      ===== EM models for the G4Region  DefaultRegionForTheWorld ======
   ICRU49NucStopping : Emin=    0 eV  Emax=    1 MeV

msc:  for alpha  SubType= 10
      ===== EM models for the G4Region  DefaultRegionForTheWorld ======
            UrbanMsc : Emin=    0 eV  Emax=  100 TeV Nbins=240 100 eV  - 100 TeV
              StepLim=Minimal Rfact=0.2 Gfact=2.5 Sfact=0.6 DispFlag:1 Skin=1 Llimit=1

ionIoni:  for alpha  SubType=2
      dE/dx and range tables from 10 eV  to 100 TeV in 260 bins
      Lambda tables from threshold to 100 TeV, 20 bins/decade, spline: 1
      StepFunction=(0.1, 0.02 mm), integ: 1, fluct: 1, linLossLim= 0.02
      ===== EM models for the G4Region  DefaultRegionForTheWorld ======
            BraggIon : Emin=    0 eV  Emax=7.9452 MeV  deltaVI
          BetheBloch : Emin=7.9452 MeV Emax=  100 TeV  deltaVI

nuclearStopping:  for alpha applyCuts:1  SubType=8 BuildTable=0
      ===== EM models for the G4Region  DefaultRegionForTheWorld ======
   ICRU49NucStopping : Emin=    0 eV  Emax=    1 MeV

msc:  for anti_proton  SubType= 10
      ===== EM models for the G4Region  DefaultRegionForTheWorld ======
            UrbanMsc : Emin=    0 eV  Emax=  100 TeV Nbins=240 100 eV  - 100 TeV
              StepLim=Minimal Rfact=0.2 Gfact=2.5 Sfact=0.6 DispFlag:1 Skin=1 Llimit=1

hIoni:  for anti_proton  SubType=2
      dE/dx and range tables from 10 eV  to 100 TeV in 260 bins
      Lambda tables from threshold to 100 TeV, 20 bins/decade, spline: 1
      StepFunction=(0.2, 0.05 mm), integ: 1, fluct: 1, linLossLim= 0.01
      ===== EM models for the G4Region  DefaultRegionForTheWorld ======
            ICRU73QO : Emin=    0 eV  Emax=    2 MeV  deltaVI
          BetheBloch : Emin=    2 MeV Emax=  100 TeV  deltaVI

hBrems:  for anti_proton  SubType=3
      dE/dx and range tables from 10 eV  to 100 TeV in 260 bins
      Lambda tables from threshold to 100 TeV, 20 bins/decade, spline: 1
      ===== EM models for the G4Region  DefaultRegionForTheWorld ======
               hBrem : Emin=    0 eV  Emax=  100 TeV  ModifiedMephi
      ===== Limit on energy threshold has been applied 

hPairProd:  for anti_proton  SubType=4
      dE/dx and range tables from 10 eV  to 100 TeV in 260 bins
      Lambda tables from threshold to 100 TeV, 20 bins/decade, spline: 1
      Sampling table 17x1001; from 7.50618 GeV to 100 TeV 
      ===== EM models for the G4Region  DefaultRegionForTheWorld ======
           hPairProd : Emin=    0 eV  Emax=  100 TeV  ModifiedMephi

msc:  for kaon+  SubType= 10
      ===== EM models for the G4Region  DefaultRegionForTheWorld ======
            UrbanMsc : Emin=    0 eV  Emax=  100 TeV Nbins=240 100 eV  - 100 TeV
              StepLim=Minimal Rfact=0.2 Gfact=2.5 Sfact=0.6 DispFlag:1 Skin=1 Llimit=1

hIoni:  for kaon+  SubType=2
      dE/dx and range tables from 10 eV  to 100 TeV in 260 bins
      Lambda tables from threshold to 100 TeV, 20 bins/decade, spline: 1
      StepFunction=(0.2, 0.05 mm), integ: 1, fluct: 1, linLossLim= 0.01
      ===== EM models for the G4Region  DefaultRegionForTheWorld ======
               Bragg : Emin=    0 eV  Emax=1.05231 MeV  deltaVI
          BetheBloch : Emin=1.05231 MeV Emax=  100 TeV  deltaVI

hBrems:  for kaon+  SubType=3
      dE/dx and range tables from 10 eV  to 100 TeV in 260 bins
      Lambda tables from threshold to 100 TeV, 20 bins/decade, spline: 1
      ===== EM models for the G4Region  DefaultRegionForTheWorld ======
               hBrem : Emin=    0 eV  Emax=  100 TeV  ModifiedMephi
      ===== Limit on energy threshold has been applied 

hPairProd:  for kaon+  SubType=4
      dE/dx and range tables from 10 eV  to 100 TeV in 260 bins
      Lambda tables from threshold to 100 TeV, 20 bins/decade, spline: 1
      Sampling table 18x1001; from 3.94942 GeV to 100 TeV 
      ===== EM models for the G4Region  DefaultRegionForTheWorld ======
           hPairProd : Emin=    0 eV  Emax=  100 TeV  ModifiedMephi

msc:  for kaon-  SubType= 10
      ===== EM models for the G4Region  DefaultRegionForTheWorld ======
            UrbanMsc : Emin=    0 eV  Emax=  100 TeV Nbins=240 100 eV  - 100 TeV
              StepLim=Minimal Rfact=0.2 Gfact=2.5 Sfact=0.6 DispFlag:1 Skin=1 Llimit=1

hIoni:  for kaon-  SubType=2
      dE/dx and range tables from 10 eV  to 100 TeV in 260 bins
      Lambda tables from threshold to 100 TeV, 20 bins/decade, spline: 1
      StepFunction=(0.2, 0.05 mm), integ: 1, fluct: 1, linLossLim= 0.01
      ===== EM models for the G4Region  DefaultRegionForTheWorld ======
            ICRU73QO : Emin=    0 eV  Emax=1.05231 MeV  deltaVI
          BetheBloch : Emin=1.05231 MeV Emax=  100 TeV  deltaVI

hBrems:  for kaon-  SubType=3
      dE/dx and range tables from 10 eV  to 100 TeV in 260 bins
      Lambda tables from threshold to 100 TeV, 20 bins/decade, spline: 1
      ===== EM models for the G4Region  DefaultRegionForTheWorld ======
               hBrem : Emin=    0 eV  Emax=  100 TeV  ModifiedMephi
      ===== Limit on energy threshold has been applied 

hPairProd:  for kaon-  SubType=4
      dE/dx and range tables from 10 eV  to 100 TeV in 260 bins
      Lambda tables from threshold to 100 TeV, 20 bins/decade, spline: 1
      Sampling table 18x1001; from 3.94942 GeV to 100 TeV 
      ===== EM models for the G4Region  DefaultRegionForTheWorld ======
           hPairProd : Emin=    0 eV  Emax=  100 TeV  ModifiedMephi

msc:  for mu+  SubType= 10
      ===== EM models for the G4Region  DefaultRegionForTheWorld ======
            UrbanMsc : Emin=    0 eV  Emax=  100 TeV Nbins=240 100 eV  - 100 TeV
              StepLim=Minimal Rfact=0.2 Gfact=2.5 Sfact=0.6 DispFlag:1 Skin=1 Llimit=1

muIoni:  for mu+  SubType=2
      dE/dx and range tables from 10 eV  to 100 TeV in 260 bins
      Lambda tables from threshold to 100 TeV, 20 bins/decade, spline: 1
      StepFunction=(0.2, 0.05 mm), integ: 1, fluct: 1, linLossLim= 0.01
      ===== EM models for the G4Region  DefaultRegionForTheWorld ======
               Bragg : Emin=    0 eV  Emax=  200 keV  deltaVI
          BetheBloch : Emin=  200 keV Emax=    1 GeV  deltaVI
        MuBetheBloch : Emin=    1 GeV Emax=  100 TeV

muBrems:  for mu+  SubType=3
      dE/dx and range tables from 10 eV  to 100 TeV in 260 bins
      Lambda tables from threshold to 100 TeV, 20 bins/decade, spline: 1
      ===== EM models for the G4Region  DefaultRegionForTheWorld ======
              MuBrem : Emin=    0 eV  Emax=  100 TeV  ModifiedMephi
      ===== Limit on energy threshold has been applied 

muPairProd:  for mu+  SubType=4
      dE/dx and range tables from 10 eV  to 100 TeV in 260 bins
      Lambda tables from threshold to 100 TeV, 20 bins/decade, spline: 1
      Sampling table 21x1001; from 1 GeV to 100 TeV 
      ===== EM models for the G4Region  DefaultRegionForTheWorld ======
          muPairProd : Emin=    0 eV  Emax=  100 TeV  ModifiedMephi

msc:  for mu-  SubType= 10
      ===== EM models for the G4Region  DefaultRegionForTheWorld ======
            UrbanMsc : Emin=    0 eV  Emax=  100 TeV Nbins=240 100 eV  - 100 TeV
              StepLim=Minimal Rfact=0.2 Gfact=2.5 Sfact=0.6 DispFlag:1 Skin=1 Llimit=1

muIoni:  for mu-  SubType=2
      dE/dx and range tables from 10 eV  to 100 TeV in 260 bins
      Lambda tables from threshold to 100 TeV, 20 bins/decade, spline: 1
      StepFunction=(0.2, 0.05 mm), integ: 1, fluct: 1, linLossLim= 0.01
      ===== EM models for the G4Region  DefaultRegionForTheWorld ======
            ICRU73QO : Emin=    0 eV  Emax=  200 keV  deltaVI
          BetheBloch : Emin=  200 keV Emax=    1 GeV  deltaVI
        MuBetheBloch : Emin=    1 GeV Emax=  100 TeV

muBrems:  for mu-  SubType=3
      dE/dx and range tables from 10 eV  to 100 TeV in 260 bins
      Lambda tables from threshold to 100 TeV, 20 bins/decade, spline: 1
      ===== EM models for the G4Region  DefaultRegionForTheWorld ======
              MuBrem : Emin=    0 eV  Emax=  100 TeV  ModifiedMephi
      ===== Limit on energy threshold has been applied 

muPairProd:  for mu-  SubType=4
      dE/dx and range tables from 10 eV  to 100 TeV in 260 bins
      Lambda tables from threshold to 100 TeV, 20 bins/decade, spline: 1
      Sampling table 21x1001; from 1 GeV to 100 TeV 
      ===== EM models for the G4Region  DefaultRegionForTheWorld ======
          muPairProd : Emin=    0 eV  Emax=  100 TeV  ModifiedMephi

msc:  for pi+  SubType= 10
      ===== EM models for the G4Region  DefaultRegionForTheWorld ======
            UrbanMsc : Emin=    0 eV  Emax=  100 TeV Nbins=240 100 eV  - 100 TeV
              StepLim=Minimal Rfact=0.2 Gfact=2.5 Sfact=0.6 DispFlag:1 Skin=1 Llimit=1

hIoni:  for pi+  SubType=2
      dE/dx and range tables from 10 eV  to 100 TeV in 260 bins
      Lambda tables from threshold to 100 TeV, 20 bins/decade, spline: 1
      StepFunction=(0.2, 0.05 mm), integ: 1, fluct: 1, linLossLim= 0.01
      ===== EM models for the G4Region  DefaultRegionForTheWorld ======
               Bragg : Emin=    0 eV  Emax=297.505 keV  deltaVI
          BetheBloch : Emin=297.505 keV Emax=  100 TeV  deltaVI

hBrems:  for pi+  SubType=3
      dE/dx and range tables from 10 eV  to 100 TeV in 260 bins
      Lambda tables from threshold to 100 TeV, 20 bins/decade, spline: 1
      ===== EM models for the G4Region  DefaultRegionForTheWorld ======
               hBrem : Emin=    0 eV  Emax=  100 TeV  ModifiedMephi
      ===== Limit on energy threshold has been applied 

hPairProd:  for pi+  SubType=4
      dE/dx and range tables from 10 eV  to 100 TeV in 260 bins
      Lambda tables from threshold to 100 TeV, 20 bins/decade, spline: 1
      Sampling table 20x1001; from 1.11656 GeV to 100 TeV 
      ===== EM models for the G4Region  DefaultRegionForTheWorld ======
           hPairProd : Emin=    0 eV  Emax=  100 TeV  ModifiedMephi

msc:  for pi-  SubType= 10
      ===== EM models for the G4Region  DefaultRegionForTheWorld ======
            UrbanMsc : Emin=    0 eV  Emax=  100 TeV Nbins=240 100 eV  - 100 TeV
              StepLim=Minimal Rfact=0.2 Gfact=2.5 Sfact=0.6 DispFlag:1 Skin=1 Llimit=1

hIoni:  for pi-  SubType=2
      dE/dx and range tables from 10 eV  to 100 TeV in 260 bins
      Lambda tables from threshold to 100 TeV, 20 bins/decade, spline: 1
      StepFunction=(0.2, 0.05 mm), integ: 1, fluct: 1, linLossLim= 0.01
      ===== EM models for the G4Region  DefaultRegionForTheWorld ======
            ICRU73QO : Emin=    0 eV  Emax=297.505 keV  deltaVI
          BetheBloch : Emin=297.505 keV Emax=  100 TeV  deltaVI

hBrems:  for pi-  SubType=3
      dE/dx and range tables from 10 eV  to 100 TeV in 260 bins
      Lambda tables from threshold to 100 TeV, 20 bins/decade, spline: 1
      ===== EM models for the G4Region  DefaultRegionForTheWorld ======
               hBrem : Emin=    0 eV  Emax=  100 TeV  ModifiedMephi
      ===== Limit on energy threshold has been applied 

hPairProd:  for pi-  SubType=4
      dE/dx and range tables from 10 eV  to 100 TeV in 260 bins
      Lambda tables from threshold to 100 TeV, 20 bins/decade, spline: 1
      Sampling table 20x1001; from 1.11656 GeV to 100 TeV 
      ===== EM models for the G4Region  DefaultRegionForTheWorld ======
           hPairProd : Emin=    0 eV  Emax=  100 TeV  ModifiedMephi
G4VisManager: Using G4TrajectoryDrawByCharge as fallback trajectory model.
See commands in /vis/modeling/trajectories/ for other options.

### ===  Deexcitation model UAtomDeexcitation is activated for 25 regions:
          DefaultRegionForTheWorld  1  1  1
          cylindricalPET  1  1  1
          module  1  1  1
          unit  1  1  1
          block  1  1  1
          optical  1  1  1
          crystal  1  1  1
          capillaire1  1  1  1
          capillaire1_water  1  1  1
          capillaire2  1  1  1
          capillaire2_water  1  1  1
          capillaire3  1  1  1
          capillaire3_water  1  1  1
          capillaire4  1  1  1
          capillaire4_water  1  1  1
          capillaire5  1  1  1
          capillaire5_water  1  1  1
          capillaire_m1  1  1  1
          capillaire_m1_water  1  1  1
          capillaire_m2  1  1  1
          capillaire_m2_water  1  1  1
          capillaire_m3  1  1  1
          capillaire_m3_water  1  1  1
          capillaire_m4  1  1  1
          capillaire_m4_water  1  1  1
### ===  Ignore cuts flag:   0
(-23.915,-323.978,-3.03978)
(128.385,-397.892,11.2903)
(-180.715,269.708,2.94528)
(-47.4599,169.664,-62.2797)
 <!> *** WARNING *** <!>  Event is earlier than earliest event in coincidence presort buffer. Consider using a larger buffer.
(-322.214,-46.1153,62.7056)
(-310.216,-129.476,120.247)
(320.766,18.3046,-22.8485)
(354.782,40.3937,-9.84614)
(319.399,18.8105,-13.1185)
(332.243,1.92766,-61)
(-194.21,-249.293,-60.2897)
(-170.818,-234.975,-58.911)
(-190.861,-267.738,-62.8936)
(-205.053,-257.256,-15.5926)
(-191.539,-267.84,-58.4642)
(-155.497,-201.346,-23.27)
(-264.229,-177.522,119.871)
(-253.962,-177.244,122.646)
(-314.345,14.615,35.5092)
(-286.959,-22.2408,-17.9551)
(299.226,134.637,-39.0295)
(321.676,240.77,-33.7652)
(164.257,-284.054,-78.0073)
(125.776,-305.471,-70.7565)
(47.7389,327.27,86.2874)
(-44.4145,377.117,105.12)
(-15.1185,-318.497,-20.1515)
(-120.33,-339.885,19.6376)
(-84.3041,314.406,23.8148)
(-122.825,242.945,44.2891)
(-83.6826,313.646,23.0591)
(-104.155,325.564,97.8153)
(-84.4936,317.455,16.119)
(-146.396,253.782,55.0617)
(-81.0205,324.456,7.47451)
(-73.515,366.64,-4.58687)
(-81.3306,323.164,10.9782)
(-167.443,302.349,68.8983)
(206.681,-244.861,-13.4524)
(250.248,-167.596,-86.0007)
(206.123,-247.214,-14.8972)
(135.768,-364.408,11.0924)
(197.648,-264.927,-3.85882)
(250.956,-242.55,38.0819)
(-82.7037,-301.23,-42.3519)
(-31.2123,-240.665,7.56631)
(243.735,208.949,26.7627)
(239.214,216.521,-37.562)
(247.612,214.141,22.8871)
(191.195,178.731,39.4002)
(279.223,-162.95,-89.994)
(215.542,-112.683,-90.1281)
(-251.122,213.068,116.399)
(-325.419,113.832,90.0011)
(-257.548,212.911,117.746)
(-282.358,247.521,176.637)
(291.042,155.373,95.26)
(278.066,114.244,81.5253)
(295.892,153.626,101.179)
(285.647,242.332,94.1125)
(297.593,153.219,104.62)
(339.577,111.464,108.275)
(324.514,-11.8842,-46.8335)
(309.287,16.8316,-83.5848)
(325.003,-17.1101,-44.0656)
(302.549,31.094,-102.728)
(-318.381,24.2037,91.0839)
(-540.745,-29.4433,86.9366)
(-319.608,25.1008,91.1454)
(-301.054,51.036,125.116)
(7.69481,320.119,42.2349)
(72.6575,242.434,37.0305)
(97.8777,-307.066,71.6909)
(46.0231,-349.855,39.3134)
(95.4377,-309.017,72.0571)
(127.803,-342.721,12.0366)
(-298.468,-94.7518,27.5819)
(-341.182,48.3385,24.4406)
(298.423,132.298,-40.1282)
(357.601,123.722,16.5094)
(298.318,136.655,-41.5472)
(221.43,120.525,17.9786)
(187.276,-256.856,19.1494)
(106.953,-281.746,-40.4593)
(-304.049,-71.2472,-13.1682)
(-230.961,-142.063,-83.1169)
(-307.196,-73.368,-20.8537)
(-306.768,-92.8465,141.843)
(314.28,53.6584,12.6678)
(337.052,90.4022,58.5624)
(329.206,61.6389,29.2465)
(326.087,9.05441,-81.0328)
(258.401,176.195,62.1235)
(259.069,161.716,-19.1372)
(-267.444,180.737,43.9091)
(-253.531,160.645,19.6171)
(184.362,255.911,89.9395)
(211.571,221.632,-4.69699)
(-238.18,-206.46,-70.9487)
(-216.177,-180.659,-62.5343)
(220.72,227.19,-120.217)
(205.012,235.074,-168.305)
(-310.055,-73.6593,64.2383)
(-426.633,-165.232,149.544)
(314.813,44.2324,-36.3338)
(307.774,131.899,-50.3998)
(-256.623,194.803,3.70204)
(-231.256,158.641,70.3738)
(-257.107,195.569,1.43458)
(-198.52,240.069,-80.7825)
(-74.249,305.233,58.3742)
(-111.707,314.017,148.654)
(-143.153,-290.491,-54.5198)
(-223.49,-226.932,-34.5592)
(-248.399,-198.729,-92.984)
(-257.279,-227.69,-94.4945)
(-244.256,-203.728,-97.3961)
(-122.109,-238.349,-124.629)
(312.522,13.2851,-101.302)
(294.289,66.0516,-130.564)
(-141.262,-279.061,26.7607)
(-80.3429,-236.176,1.02616)
(-282.112,-153.516,-34.9098)
(-287.423,-158.238,-76.1387)
(-287.611,-143.349,-29.4674)
(-275.214,-164.586,-68.3365)
(308.661,61.1329,12.4227)
(209.593,40.8427,-49.8374)
(276.034,-179.06,-117.838)
(296.317,-146.383,-157.198)
(156.356,-276.396,-12.5464)
(102.53,-314.002,-9.46689)
(-309.687,-121.849,59.4164)
(-295.131,-99.1311,89.6054)
(-308.756,-122.531,59.6941)
(-238.784,-87.9542,8.82492)
(28.6252,-312.342,3.77948)
(83.219,-340,24.5729)
(-122.543,289.974,-1.77883)
(-156.975,231.696,1.59734)
(-125.145,292.03,-3.46058)
(-224.881,333.868,10.0416)
(-314.427,39.5797,114.72)
(-232.649,52.2396,123.722)
(275.535,164.408,36.5218)
(229.444,202.166,-42.4833)
(316.266,-46.4459,-82.8815)
(216.916,41.482,-42.0802)
(322.899,-46.2624,-88.379)
(357.236,-137.623,-22.8646)
(-201.758,267.721,39.249)
(-312.438,236.119,-61.4351)
(-201.157,265.168,35.3741)
(-125.504,171.382,-20.8612)
(286.273,-151.464,-18.7485)
(281.278,-174.024,44.6368)
(-145.871,287.992,-78.1991)
(-229.458,302.536,-120.959)
(164.068,-279.185,81.7587)
(253.404,-229.95,55.0541)
(162.962,-276.591,95.6065)
(147.215,-236.923,82.8265)
(21.8351,-333.124,36.8116)
(101.129,-342.23,-13.503)
(22.2938,-332.887,37.5263)
(-106.485,-364.597,-40.7917)
(-307.647,60.6087,-34.5055)
(-300.653,-2.65775,-79.9894)
(315.936,-29.8613,17.4688)
(335.14,21.1116,-47.2384)
(327.411,-24.0028,20.093)
(389.837,-86.3397,53.1323)
(328.394,-18.672,21.6413)
(364.492,0.831803,87.2963)
(150.132,-280.721,-74.2957)
(203.835,-305.945,-58.5748)
(-2.36505,330.352,84.3531)
(29.7557,292.295,43.3975)
(224.705,-232.273,-100.256)
(236.858,-232.603,-89.4249)
(225.855,-234.633,-95.2041)
(264.336,-230.769,-43.338)
(-209.987,240.176,101.382)
(-193.207,355.169,154.387)
(-315.374,-58.394,99.5468)
(-322.818,-65.5325,48.4003)
(-273.965,-152.746,101.977)
(-328.626,-236.284,152.991)
(-301.61,123.31,108.79)
(-279.333,72.7135,105.047)
(-300.1,122.897,109.884)
(-278.793,113.073,152.062)
(303.994,97.5214,98.1028)
(298.965,31.4777,158.297)
(303.424,98.5625,97.2866)
(300.891,200.999,158.21)
(-16.9851,317.761,-79.2222)
(41.5124,368.43,-73.1777)
(7.19379,333.327,-64.2307)
(40.7867,377.183,-47.4719)
(-136.703,-288.208,70.3625)
(-165.672,-228.003,26.0085)
(-304.984,70.6801,39.2433)
(-359.628,38.8352,-60.6549)
(296.339,-118.18,-61.7231)
(355.071,-118.334,-56.1265)
(294.25,130.828,-11.4554)
(256.604,-23.386,-56.4353)
(13.7213,333.839,-96.4446)
(-23.8363,367.521,13.0879)
(192.161,264.807,101.118)
(231.242,390.33,179.009)
(-56.4138,-324.194,-119.622)
(-31.7645,-371.192,-123.286)
(-314.678,-81.1859,-49.8148)
(-369.616,-76.6527,-8.09156)
(290.619,127.757,78.1649)
(292.265,-20.3174,75.4059)
(176.141,-262.906,-38.1273)
(142.176,-212.464,1.0992)
(-273.332,-165.225,42.7554)
(-278.155,-158.567,18.7949)
(164.188,278.446,-67.1086)
(301.035,256.491,28.2239)
(-232.708,-224.412,-102.819)
(-307.509,-276.147,-58.5532)
(-308.768,59.5046,112.408)
(-208.321,18.0444,113.904)
(127.142,-285.019,67.0136)
(132.345,-250.721,132.645)
(131.644,-283.426,68.833)
(89.9032,-260.732,-5.8404)
(52.5572,-310.294,-57.7729)
(4.68935,-371.498,-148.409)
(-191.835,261.465,48.4996)
(-146.291,271.523,70.661)
(-202.479,256.569,56.3348)
(-127.636,298.799,102.863)
(59.772,-324.345,23.4836)
(165.58,-261.91,-9.45602)
(-213.334,235.631,-125.09)
(-194.49,172.139,-119.34)
(-317.841,48.7199,112.269)
(-300.319,34.5538,94.979)
(312.134,-13.9817,-51.7724)
(276.512,-50.5153,-80.5065)
(-318.393,58.317,-36.7285)
(-320.476,-36.6521,9.12004)
(-327.663,59.5544,-38.8905)
(-329.456,57.0142,16.6285)
(155.161,292.385,-33.5398)
(281.752,248.261,53.2922)
(152.54,289.27,-29.4244)
(206.747,319.353,39.154)
(-264.935,-170.59,22.0191)
(-176.647,-91.016,11.8584)
(323.721,17.5847,-89.37)
(325.8,-49.6546,-105.46)
(-64.5431,-318.128,117.964)
(-172.266,-270.41,157.624)
(229.193,218.038,-80.4287)
(214.561,195.945,-13.598)
(226.071,217.084,-72.5315)
(145.271,113.702,-172.889)
(-120.255,294.632,-14.3864)
(-64.3447,365.098,-26.6438)
(89.1234,-302.01,-62.6794)
(0.628789,-352.66,-112.815)
(-286.712,-155.474,118.997)
(-297.486,-240.605,51.3062)
(-296.715,-153.706,113.98)
(-287.327,-126.942,111.441)
(312.386,-6.76266,-81.1792)
(392.352,-75.1801,-105.613)
(315.419,-6.2244,-84.4322)
(294.607,-58.2407,-48.2651)
(314.196,-10.4267,-85.9203)
(389.108,-90.8249,-136.076)
(-263.717,-175.626,59.0004)
(-213.839,-141.697,87.1814)
(74.7448,305.613,-104.536)
(7.2145,379.894,-103.807)
(72.3363,309.354,-99.7148)
(9.65203,351.929,-72.2942)
(-52.9239,-317.588,-47.9342)
(-35.5904,-257.796,-102.635)
(-53.0445,-317.258,-48.0379)
(-56.8626,-239.892,-73.6657)
(-152.223,-283.036,-107.056)
(-104.558,-204.403,-62.4367)
(-147.369,-285.726,-108.217)
(-120.681,-294.122,-105.666)
(-145.343,-288.639,-112.306)
(-37.2246,-304.281,-158.951)
(165.38,270.223,103.922)
(161.142,316.681,59.6182)
(165.302,270.228,103.95)
(151.485,206.973,72.2961)
(103.993,320.579,-22.0491)
(108.025,371.089,51.2736)
(53.1322,-320.495,65.4971)
(-60.38,-285.853,72.335)
(55.76,-327.051,60.3937)
(67.2477,-360.39,115.418)
(47.8706,310.87,-109.371)
(7.32993,357.978,-179.546)
(204.624,266.264,55.7253)
(255.018,195.674,-19.3407)
(65.2647,-308.246,-63.0025)
(54.451,-149.073,-98.0016)
(296.338,-110.23,-42.8782)
(370.4,-141.279,-60.3591)
(299.319,-108.491,-34.4407)
(322.883,-96.9196,-91.3431)
(-276.046,146.212,56.7911)
(-314.985,100.998,121.301)
(229.644,243.949,-119.206)
(221.787,221.217,-8.68775)
(115.622,296.875,-92.5382)
(77.0304,230.414,39.0231)
(117.366,295.557,-92.8079)
(175.536,321.316,-130.336)
(117.626,294.222,-94.4729)
(67.4601,226.911,-206.575)
(-258.818,-193.204,61.3693)
(-129.4,-197.15,95.7339)
(-258.545,-196.783,66.4482)
(-200.251,-121.862,87.2263)
(311.982,-27.6094,89.7561)
(343.146,51.0372,55.1496)
(-154.99,298.847,113.054)
(-198.675,378.284,158.644)
(221.366,-249.295,-92.018)
(295.519,-369.121,-91.9142)
(145.088,-280.724,-91.7291)
(113.467,-233.713,-86.1839)
(71.3037,310.083,103.61)
(15.035,241.963,67.4316)
(69.5407,305.995,105.541)
(-71.6171,265.719,12.7354)
(118.972,-288.79,33.9547)
(46.3544,-328.001,39.1251)
(80.9942,315.716,36.0027)
(113.311,318.942,9.91189)
(82.7027,313.601,38.286)
(71.2462,314.249,71.4278)
(-303.796,-81.9423,121.788)
(-349.657,-202.274,44.608)
(-307.55,-80.3536,123.437)
(-318.93,27.0481,180.244)
(302.686,-77.4411,-12.2769)
(353.24,-130.262,43.6438)
(302.71,-77.2324,-12.1337)
(359.074,-27.7755,-11.437)
(-280.291,-155.621,52.8225)
(-238.81,-168.85,-10.1607)
(-280.453,-156.84,54.5354)
(-234.898,-158.362,31.6589)
(174.456,261.453,-91.4434)
(237.97,401.402,-104.096)
(193.986,271.143,-90.1269)
(140.333,180.345,-189.617)
(-290.047,-122.083,121.601)
(-335.499,-43.4462,272.855)
(283.915,139.298,49.8626)
(186.687,152.258,-30.4509)
(-279.057,-146.731,-52.1855)
(-349.231,-221.224,-73.5755)
(23.6135,313.209,-85.5133)
(3.81932,231.498,-27.1087)
(-316.404,-116.786,-78.0378)
(-260.11,-121.835,-53.9381)
(87.7472,309.895,22.5623)
(72.6275,278.508,6.36052)
(318.131,-30.3046,98.2884)
(275.112,-52.7572,153.842)
(-275.984,-160.594,114.992)
(-356.701,-135.74,113.046)
(-282.005,155.946,-15.851)
(-281.27,119.707,-98.707)
(-289.718,149.854,-8.76704)
(-188.551,113.915,62.5374)
(217.424,-229.558,27.3536)
(216.029,-331.145,-67.2929)
(159.622,-273.086,-38.9997)
(180.912,-327.531,-24.5843)
(313.67,41.0996,-47.5801)
(269.473,-14.3759,-42.1767)
(-326.478,-59.3048,69.6456)
(-244.271,-47.6135,6.54103)
(0.507658,-315.951,-36.3522)
(-9.95734,-352.89,-37.1505)
(0.721549,-313.012,-40.4928)
(79.7048,-325.88,48.3514)
(-196.445,248.548,27.716)
(-235.937,220.496,24.0474)
(-209.958,-232.462,120.979)
(-145.372,-263.988,223.723)
(-221.316,248.902,-42.4804)
(-161.565,282.245,-62.1823)
(292.261,-137.801,22.9361)
(184.152,-239.617,54.4061)
(-292.149,-146.897,28.9745)
(-252.651,-164.354,-13.8058)
(194.393,244.353,-46.3091)
(261.865,309.952,12.414)
(105.057,321.167,100.658)
(185.894,246.4,112.841)
(114.21,-297.944,-91.2566)
(80.4248,-351.332,-77.7955)
(309.316,-51.7519,-51.3876)
(318.552,-87.6801,-57.1178)
(114.524,-297.005,-48.772)
(115.818,-194.091,-26.3873)
(-94.7941,298.566,50.4878)
(-76.245,328.066,22.1416)
(-300.903,118.289,-23.7881)
(-288.556,114.005,-81.2036)
(-304.013,114.741,-23.0243)
(-183.746,48.276,25.4742)
(280.316,-156.199,30.762)
(275.204,-94.6622,49.7659)
(119.727,293.678,2.96692)
(221.847,256.743,54.0031)
(159.287,-274.164,0.687448)
(126.374,-234.22,10.5248)
(183.521,-277.05,-9.08937)
(182.997,-193.144,29.6903)
(256.03,191.927,50.3566)
(350.922,210.568,28.0574)
(297.226,-134.581,54.8875)
(236.191,-110.062,-93.883)
(293.659,112.553,-51.9676)
(166.214,201.755,-135.982)
(-277.097,-143.451,49.882)
(-216.368,-190.859,78.6986)
(184.989,253.381,-85.6399)
(263.244,310.724,-38.2644)
(-16.7498,-318.893,83.4214)
(-42.3791,-319.628,56.2068)
(142.548,-287.851,50.7884)
(32.6708,-314.42,115.839)
(314.01,40.5623,-6.45712)
(361.512,92.3402,-18.6087)
(324.152,16.5724,6.71436)
(215.383,12.977,-96.4139)
(-328.081,-57.8842,13.3379)
(-251.734,-7.26789,91.6142)
(313.388,-27.8459,6.44673)
(276.492,-37.4703,51.3375)
(299.827,90.0066,27.8244)
(383.677,46.631,-39.4988)
(-306.63,-66.6147,-21.137)
(-272.377,-50.9154,-39.5241)
(-323.604,-54.6824,-15.7324)
(-360.957,-70.713,-0.504193)
(-255.294,-196.27,40.5161)
(-234.112,-223.302,59.6693)
(-311.281,82.3982,93.3849)
(-350.387,16.9175,-30.3998)
(-309.999,81.7093,93.2499)
(-377.319,153.549,45.8625)
(312.564,-49.0102,-52.757)
(320.417,-6.40946,-63.3926)
(312.552,-20.9728,-12.4208)
(229.954,44.3296,143.38)
(-89.8417,-308.394,-110.226)
(-117.622,-344.61,-92.3597)
(-80.5067,-323.993,-113.727)
(-85.6631,-304.263,-165.134)
(-313.025,-50.2531,-46.4966)
(-330.184,12.0285,-81.9355)
(-318.411,63.9691,33.3914)
(-310.456,143.515,99.7104)
(280.392,-149.028,-86.4299)
(273.437,-146.824,-86.4994)
(284.907,-151.797,-91.1869)
(334.337,-184.983,-97.567)
(286.087,-155.979,-101.844)
(216.293,-171.438,-184.13)
(-145.828,-281.934,-34.9887)
(-184.9,-346.493,-82.5051)
(-133.376,305.924,38.162)
(-94.9804,340.913,-33.9446)
(-136.975,304.598,42.5108)
(-88.1161,198.664,-43.833)
(-160.701,-282.383,12.7845)
(-51.4834,-333.099,-38.3234)
(-159.795,-284.138,13.4192)
(-168.587,-250.357,61.5986)
(9.71227,315.394,-16.401)
(36.6273,314.586,-43.1671)
(7.3571,316.961,-16.1015)
(-67.7882,286.233,12.1263)
(235.821,213.018,-117.674)
(167.046,156.253,-101.909)
(244.798,227.157,-117.645)
(232.673,202.639,-111.907)
(-320.9,-102.319,53.9828)
(-321.673,-55.6622,18.6778)
(117.652,-292.13,-112.13)
(114.374,-248.882,-182.154)
(241.91,211.638,119.533)
(224.857,283.938,109.694)
(286.497,-150.157,-111.327)
(196.822,-144.647,-70.8117)
(287.178,-157.709,-107.52)
(280.257,-146.923,-195.619)
(-130.552,299.717,120.953)
(-139.879,249.968,205.746)
(201.213,-250.825,-102.459)
(210.915,-223.748,-165.742)
(23.4959,315.586,38.108)
(44.0903,404.162,0.345905)
(76.0324,-304.451,-36.4132)
(162.337,-406.093,-108.622)
(83.5057,-320.976,-28.3383)
(48.4734,-318.088,-26.2037)
(-55.5883,308.772,-35.9315)
(-5.1886,247.282,15.3228)
(301.26,96.291,44.0675)
(350.148,149.924,38.1874)
(-63.3623,317.253,-100.749)
(-206.728,267.833,-132.017)
(-200.729,-243.413,12.8494)
(-117.613,-272.144,77.5325)
(-226.331,242.055,-17.2296)
(-91.3452,224.492,-101.506)
(-226.989,234.606,-67.5731)
(-161.892,161.883,-81.3858)
(277.301,-150.776,45.8018)
(177.65,-154.324,38.7744)
(-154.321,295.999,-34.4996)
(-238.774,247.346,-88.3367)
(322.673,-7.07393,10.52)
(183.844,68.5666,65.1552)
(319.793,-2.49269,7.59234)
(215.103,30.123,52.5817)
(-312.862,3.23346,-2.07159)
(-359.757,-3.49106,37.7484)
(-315.061,4.03516,-2.69678)
(-316.015,-22.7061,116.209)
(-315.909,4.71735,-1.62465)
(-412.541,1.01192,3.50158)
(300.973,-120.804,31.0464)
(247.909,-105.636,23.9069)
(-245.052,227.104,-58.7155)
(-281.632,245.12,-137.559)
(-273.743,157.373,39.0781)
(-247.519,180.173,57.6238)
(314.436,-104.331,-27.2758)
(369.249,-109.658,-15.7619)
(-318.37,-28.3903,114.136)
(-259.431,9.48092,181.496)
(26.6956,315.788,-89.461)
(37.1997,334.749,-54.9313)
(223.87,-236.61,65.1785)
(308.879,-265.234,-10.6441)
(-276.011,-163.953,90.7968)
(-161.583,-189.337,121.471)
(-274.559,-154.456,121.128)
(-381.625,-171.841,146.224)
(249.981,-202.005,-77.5803)
(264.749,-224.875,116.034)
(-156.655,280.481,110.959)
(-154.082,287.745,174.541)
(242.499,196.025,-108.687)
(192.718,229.492,-268.152)
(67.3735,329.053,78.1797)
(132.398,268.517,121.216)
(118.259,309.475,-68.5388)
(190.703,358.404,-47.0979)
(117.504,309.721,-68.8725)
(49.7122,336.093,-110.948)
(-97.1678,-308.882,66.6248)
(-43.9111,-268.551,97.4299)
(-253.086,-183.352,-44.4963)
(-293.55,-242.805,-0.120038)
(317.81,104.783,26.7584)
(357.665,270.547,35.2972)
(-160.87,271.101,-82.2319)
(-146.898,312.039,-88.8399)
(285.365,-130.686,41.8291)
(266.443,-98.3528,-101.158)
(-193.653,266.091,-27.6511)
(-182.706,261.681,-78.3376)
(-9.47547,-323.828,32.175)
(-69.1748,-235.491,-69.3254)
(19.8513,316.125,70.2486)
(88.4658,402.288,163.167)
(79.8958,-301.711,-67.4142)
(70.0957,-214.228,-74.7758)
(73.2711,-305.363,-68.0375)
(-13.4488,-235.014,-76.5988)
(-301.501,-90.1646,-30.7953)
(-277.76,-101.29,19.0764)
(236.497,210.044,67.4131)
(245.248,221.535,59.836)
(252.532,207.04,71.1694)
(304.228,217.463,84.2506)
(-313.025,44.9438,2.9971)
(-259.238,171.218,57.566)
(310.565,-92.9766,-9.24678)
(231.632,-44.4676,101.172)
(316.362,-92.9232,-4.3797)
(330.454,-23.103,47.3855)
(314.137,-89.3015,1.87883)
(467.325,-157.966,-6.10444)
(313.856,-44.0939,-95.3306)
(272.339,25.9511,-118.386)
(320.767,-52.7228,-94.861)
(334.957,-73.0426,-31.3216)
(-314.587,26.2102,57.1801)
(-449.799,10.8486,-12.4354)
(-317.652,29.5447,56.1701)
(-256.522,28.3069,57.5915)
(-288.774,-120.385,-109.984)
(-277.319,-224.477,-166.324)
(272.036,-161.618,-3.69561)
(204.417,-153.99,-66.8459)
(314.98,95.0167,-124.047)
(367.861,141.429,-151.091)
(218.706,239.357,79.4751)
(264.509,375.148,100.056)
(-147.065,-279.159,-94.9457)
(-75.6401,-249.359,-181.912)
(-252.964,-204.713,90.2481)
(-179.679,-179.454,17.4283)
(-252.947,-204.344,96.3389)
(-266.936,-246.668,82.6575)
(-256.45,-209.068,103.663)
(-320.471,-212.259,101.389)
(-207.328,251.987,34.5435)
(-74.3066,289.412,135.017)
(83.5605,-321.848,-38.3044)
(44.74,-327.904,32.9194)
(81.1784,-320.222,-43.114)
(97.2026,-202.353,-20.8033)
(-296.115,-137.991,4.23791)
(-391.749,-80.5332,-60.2911)
(-318.719,29.8691,-109.377)
(-249.746,-54.1706,-88.6596)
(263.567,206.035,7.90572)
(310.61,336.662,-64.9543)
(-214.409,-255.758,-10.7522)
(-189.585,-252.999,-39.0683)
(255.759,-180.05,118.387)
(184.05,-256.786,246.717)
(199.682,-261.653,17.7126)
(194.102,-221.385,-5.80144)
(202.668,-268.815,22.8314)
(200.241,-278.715,32.9354)
(-185.566,272.231,-15.2964)
(-131.884,288.869,3.7692)
(-186.489,270.24,-14.0188)
(-213.891,352.985,-110.185)
(210.103,-232.204,-14.92)
(220.258,-272.708,-42.1502)
(221.409,-240.779,-11.8088)
(233.56,-272.465,-87.7186)
(-217.378,235.772,6.0031)
(-253.059,217.31,14.4639)
(89.4165,304.658,87.2487)
(103.819,394.746,108.03)
(299.451,-98.7178,53.475)
(230.498,-144.701,39.4328)
(-316.013,-44.8195,-107.266)
(-287.618,-5.77821,-25.6274)
(-318.341,-49.2891,-105.863)
(-367.959,-58.4926,-171.781)
(173.518,262.282,97.7389)
(100.93,265.371,-43.9705)
(89.4532,310.866,85.1135)
(119.531,321.839,119.032)
(327.62,6.48836,-71.2888)
(312.244,-14.3933,-108.415)
(306.553,88.8459,62.8035)
(312.536,50.2524,-10.6989)
(149.058,-279.993,106.045)
(127.973,-384.785,74.2774)
(-140.498,288.805,108.656)
(-71.0106,238.169,105.479)
(-149.167,281.661,118.608)
(-125.297,213.007,246.824)
(269.383,-183.826,-71.9167)
(261.84,-154.186,-172.379)
(269.645,-183.726,-70.9644)
(355.947,-189.134,-7.98058)
(-213.047,-229.522,-65.6605)
(-243.993,-146.761,-2.5426)
(126.683,299.447,-89.433)
(225.249,247.824,-106.944)
(93.518,-307.647,90.8265)
(85.0638,-313.609,83.121)
(287.077,167.355,97.8446)
(261.591,49.8463,121.947)
(-244.761,-207.921,-121.42)
(-292.436,-97.1184,-111.159)
(-309.87,-90.1624,-58.3681)
(-245.375,-160.885,-111.835)
(212.542,-230.86,-19.298)
(275.601,-286.151,-34.1756)
(212.811,-231.868,-18.4683)
(175.78,-241.906,110.95)
(-208.495,249.478,19.6145)
(-177.441,160.055,-24.3969)
(-208.618,245.366,21.346)
(-152.288,277.208,17.3024)
(287.538,128.489,-61.5604)
(403.729,63.2757,-138.838)
(-107.388,-295.252,17.9904)
(-108.241,-405.793,58.2714)
(-105.59,-319.337,12.1587)
(-255.356,-298.901,-20.6676)
(-312.402,16.6046,-81.0923)
(-277.599,21.6218,-130.056)
(-319.833,6.98827,-80.0619)
(-358.042,-64.2297,-60.6912)
(320.942,-23.4843,118.166)
(469.889,-61.3683,134.634)
(29.4754,328.97,-65.2613)
(11.6852,390.204,-69.8668)
(311.837,16.5764,11.815)
(318.844,11.9303,51.0469)
(-6.74655,317.445,-59.0989)
(-19.846,204.645,-81.5013)
(318.356,10.4335,13.2597)
(285.397,-12.0254,-143.756)
(321.166,7.73987,10.9851)
(285.358,42.3217,67.6596)
(259.066,-189.006,-80.5499)
(349.907,-225.139,-156.77)
(269.781,-186.488,-70.1395)
(309.036,-209.317,-66.7172)
(-250.505,197.838,84.4642)
(-109.447,208.254,37.0483)
(-263.769,197.507,85.4311)
(-314.262,304.128,13.7231)
(-263.845,192.167,99.7407)
(-295.91,180.279,126.03)
(-325.182,-58.9038,61.5695)
(-238.1,61.8993,16.2317)
(-325.715,-64.5432,66.27)
(-381.357,-106.279,86.1221)
(-314.026,-47.6784,-65.2265)
(-277.276,-150.125,15.7157)
(212.893,230.102,-97.5276)
(173.368,188.949,-100.811)
(-255.234,188.756,47.4493)
(-143.026,166.576,14.7217)
(-256.13,187.871,47.2361)
(-223.995,132.51,-73.6709)
(298.903,124.844,-78.4559)
(359.683,223.079,-101.83)
(-303.858,-125.95,-91.8177)
(-255.468,-74.2597,-88.5998)
(294.707,114.114,85.6137)
(289.682,141.913,72.447)
(-322.703,71.477,13.8918)
(-334.638,88.4329,-3.63776)
(148.555,291.062,-81.1072)
(206.508,293.11,-88.5301)
(288.525,172.435,117.828)
(263.829,203.588,125.91)
(-298.49,-127.637,-86.4824)
(-351.46,-179.919,-58.7911)
(308.432,-85.3838,-17.1235)
(292.785,44.8394,-2.83951)
(-315.311,120.83,20.1836)
(-336.862,112.893,-45.8261)
(-54.2059,325.925,-10.3331)
(-115.406,408.635,14.0724)
(-24.049,326.247,-97.0465)
(-26.7771,273.06,-111.703)
(-75.1228,-316.105,95.944)
(-176.103,-356.119,90.704)
(-66.9418,-325.995,100.664)
(-6.47032,-271.549,131.344)
(-65.3006,314.999,-41.5052)
(-75.5894,288.615,-17.8823)
(231.627,-218.231,30.7558)
(208.362,-221.807,88.4192)
(-305.83,89.0006,-91.3748)
(-368.252,79.4593,-131.052)
(9.12322,-323.866,-1.63235)
(23.9267,-422.344,-21.6519)
(-277.479,168.339,-72.8293)
(-298.982,173.771,-59.6858)
(187.599,-253.21,-59.7554)
(202.04,-225.007,-146.748)
(-235.998,208.723,-119.028)
(-154.97,155.01,-135.064)
(301.27,-89.4315,48.7203)
(339.633,-41.2509,23.9697)
(303.866,-78.217,-30.3509)
(185.14,-52.4315,-41.6213)
(-251.837,187.434,69.6457)
(-245.141,144.412,2.00216)
(-52.7944,310.25,94.3318)
(-172.886,363.44,-33.9561)
(-55.2035,309.969,95.0318)
(-59.297,331.093,113.645)
(-47.0075,-321.629,-95.594)
(-29.8447,-313.97,-72.2762)
(-49.9098,-323.857,-98.0996)
(-61.3369,-388.279,-83.2585)
(-91.6068,304.353,39.7165)
(-77.6351,229.586,144.799)
(-90.953,312.534,40.7737)
(-125.468,304.031,3.20082)
(-89.0503,321.473,47.9601)
(-107.602,421.253,4.34466)
(-325.415,1.16773,112.225)
(-302.832,48.0503,23.1328)
(151.424,273.639,47.7766)
(185.809,271.454,34.9281)
(-248.726,-199.508,-35.2188)
(-211.417,-180.571,-89.3619)
(-238.663,210.329,-21.0127)
(-304.219,166.875,31.5306)
(301.199,-90.1952,9.5029)
(346.549,-132.279,-85.2423)
(-199.771,241.222,14.8822)
(-238.929,227.204,-4.27654)
(128.784,-288.112,-17.0272)
(140.975,-357.509,-26.4778)
(-286.053,-150.944,33.2723)
(-358.529,-71.6359,62.0461)
(-285.727,-151.333,34.6443)
(-277.925,-142.406,-43.1264)
(186.244,253.034,-54.2243)
(165.359,190.043,-130.322)
(275.375,148.369,-79.2117)
(240.398,114.897,-113.536)
(-219.476,-227.776,121.395)
(-210.085,-267.006,141.504)
(210.552,236.17,72.9102)
(267.862,259.203,-4.81126)
(216.579,231.434,67.7716)
(279.811,238.339,40.7192)
(47.71,-309.309,-90.8736)
(75.3521,-276.933,25.4915)
(300.046,87.7702,78.0207)
(273.092,76.2118,36.3927)
(-314.151,-98.1578,-89.0992)
(-353.313,-38.0633,-146.624)
(-314.656,-102.2,-93.5388)
(-331.185,-81.8821,-85.0496)
(-308.281,-90.3787,86.2691)
(-253.218,-69.0848,119.907)
(312.248,66.2516,-63.4936)
(383.976,152.411,-157.434)
(-263.109,-197.185,-93.521)
(-227.401,-221.176,-185.439)
(-258.931,-203.43,-96.9875)
(-226.19,-167.302,-129.079)
(-108.16,298.095,87.5052)
(-37.7482,390.68,80.0693)
(11.5892,-312.071,-93.097)
(-63.3529,-422.609,-65.37)
(15.6574,-312.221,-84.0129)
(22.028,-375.29,-29.8124)
(285.463,-138.221,-42.982)
(321.019,-142.311,-61.3097)
(289.465,-137.928,-42.7829)
(391.981,-92.2017,-12.9966)
(308.495,-133.026,-37.7898)
(309.323,-208.726,76.5138)
(305.964,-136.497,-38.3495)
(240.394,-51.0082,-88.9878)
(-205.531,248.096,71.1418)
(-223.863,284.671,89.6384)
(-154.624,-285.63,111.146)
(-125.15,-303.268,199.85)
(-152.864,-287.414,115.439)
(-95.7766,-249.882,89.5913)
(-149.874,-290.853,115.708)
(-112.511,-260.596,158.042)
(308.575,61.7152,34.2006)
(378.203,86.0494,144.094)
(-311.898,-124.372,-65.64)
(-373.253,-185.184,-65.1216)
(279.173,154.733,83.6255)
(291.055,224.111,-7.77631)
(279.152,166.702,80.5694)
(325.586,-2.49483,113.23)
(164.877,269.884,-60.2186)
(175.742,363.022,-65.9371)
(-80.0883,-303.798,70.5992)
(11.5641,-289.989,37.6012)
(-336.308,-24.0401,-80.2383)
(-432.101,2.31671,-55.1289)
(-325.982,-44.0426,-93.5077)
(-319.722,-60.7009,-124.993)
(-322.399,76.3312,80.4181)
(-322.343,139.259,-6.48064)
(303.539,-98.935,-105.527)
(269.583,-56.3803,-150.927)
(-214.189,-243.633,123.198)
(-242.101,-195.356,74.1885)
(116.431,304.038,-56.8289)
(107.21,398.093,-146.275)
(115.825,303.781,-60.4559)
(38.4455,312.087,-145.505)
(-256.243,-193.462,33.5864)
(-252.381,-174.772,79.362)
(-257.057,-198.049,34.685)
(-226.33,-98.6352,75.9117)
(-260.98,-192.005,31.613)
(-232.768,-180.672,-19.2004)
(321.149,-88.923,36.0123)
(275.861,-164.095,114.899)
(-264.543,198.464,-84.8157)
(-173.1,200.861,-180.641)
(-263.903,200.565,-86.3987)
(-293.623,132.697,-132.115)
(-253.146,210.957,63.3851)
(-367.846,62.0216,109.283)
(286.058,-130.387,-38.9904)
(303.935,-183.898,5.57844)
(60.9966,319.979,67.4684)
(-55.5088,325.402,32.5338)
(58.0352,328.824,66.3646)
(149.529,421.714,-21.1898)
(-153.521,-296.141,-63.2895)
(-173.686,-378.209,-88.7711)
(-161.477,-291.309,-64.5109)
(-223.886,-239.271,-13.6443)
(313.936,97.4712,61.9439)
(293.19,93.6666,-27.5952)
(320.188,80.3017,67.4538)
(282.203,120.31,58.6305)
(312.688,75.1315,63.3917)
(323.229,-31.1283,67.1489)
(-307.428,-68.9798,-46.972)
(-329.065,-169.048,-117.978)
(58.9888,-323.846,26.7979)
(130.397,-371.712,25.0093)
(50.8739,-329.312,46.8058)
(82.5859,-384.147,22.2753)
(-156.022,-276.154,-30.9732)
(-53.6748,-248.047,-114.204)
(-158.707,-275.882,-34.0367)
(-161.093,-306.787,-77.414)
(301.517,116.327,78.6069)
(430.239,122.65,101.961)
(-262.755,-179.492,-122.183)
(-228.501,-188.097,-53.4878)
(-261.111,-184.422,-124.293)
(-297.768,-97.5511,-129.094)
(-300.214,96.3879,7.58244)
(-295.198,48.3568,-1.14302)
(-306.433,101.713,0.918925)
(-286.018,94.1891,-27.0395)
(-296.459,107.895,4.58261)
(-333.077,241.353,-14.4534)
(252.513,-185.433,-13.6677)
(283.36,-67.5635,-61.6717)
(-233.547,-217.883,-51.6276)
(-203.911,-279.536,-103.054)
(-316.687,100.796,27.5289)
(-311.657,75.7268,-75.8687)
(-312.34,94.3313,27.8466)
(-405.866,154.761,-3.97533)
(-233.511,221.188,-85.0149)
(-288.124,267.471,-16.2623)
(62.4125,-308.667,115.031)
(90.7479,-334.303,113.696)
(-248.883,222.831,-66.4204)
(-190.38,303.579,-135.293)
(-123.604,-290.846,65.1626)
(-46.2643,-312.874,65.3031)
(139.194,285.142,-59.8861)
(108.645,328.538,-68.5023)
(-302.202,-91.6641,104.083)
(-306.166,-189.22,38.8732)
(227.9,-239.162,-20.9608)
(308.317,-245.511,-17.3308)
(229.513,-245.616,-20.33)
(257.222,-333.867,5.02575)
(228.45,-242.423,-27.0663)
(288.517,-192.685,-106.267)
(320.855,-21.229,-28.2227)
(376.176,1.33191,-187.255)
(332.997,-23.9558,-45.8714)
(345.202,-36.2392,-8.16591)
(-322.83,42.9911,60.2917)
(-256.937,103.777,15.1339)
(-66.3246,-304.908,93.7663)
(20.34,-402.88,83.8809)
(202.949,256.685,-79.5822)
(166.678,200.633,-30.4017)
(71.5783,-309.033,22.409)
(155.136,-349.264,106.745)
(27.1199,330.215,-22.7903)
(44.5842,358.843,-33.8227)
(-323.715,4.59189,-124.958)
(-362.658,-85.0788,-82.2806)
(262.772,179.553,17.4605)
(242.248,215.945,-29.4739)
(259.368,189.019,21.1176)
(195.835,198.896,-15.6159)
(-289.453,-131.971,-55.0081)
(-320.318,-183.969,15.607)
(302.847,128.858,49.6977)
(273.772,209.235,-22.4187)
(-308.929,90.8282,104.162)
(-257.978,191.017,229.698)
(-317.927,83.8098,101.72)
(-373.458,118.329,17.8674)
(313.02,-86.4582,-100.397)
(320.411,-92.5844,-84.2413)
(-1.89045,336.524,45.2066)
(-34.4356,336.127,67.353)
(-193.665,-256.995,-13.0771)
(-139.843,-244.606,-42.9322)
(-194.719,-253.812,-12.7899)
(-200.238,-167.828,-24.4341)
(-311.576,49.8159,-3.49391)
(-294.587,25.9625,-66.0094)
(317.134,-48.1713,2.05932)
(330.152,-47.0626,-37.1154)
(323.562,-48.4574,-1.32766)
(287.952,-103.953,109.236)
(81.5858,303.754,30.9327)
(125.527,264.648,-46.1283)
(191.828,-269.051,-26.8009)
(244.97,-372.479,90.7597)
(189.916,-269.86,-23.5851)
(209.44,-271.89,-64.6957)
(-237.484,-204.102,-69.3498)
(-243.491,-20.6716,-70.3202)
(-244.469,-220.17,-35.4319)
(-232.606,-266.144,3.12125)
(178.235,258.395,42.9519)
(212.634,186.445,-32.0267)
(249.844,191.055,110.972)
(187.017,192.697,180.899)
(320.389,26.7331,4.46959)
(269.479,-49.4117,66.6605)
(-320.366,-45.3549,-9.22246)
(-394.038,71.5517,-2.35952)
(-119.414,292.485,13.5252)
(-148.818,247.569,-56.5506)
(137.452,-288.429,-10.487)
(64.9639,-216.266,-6.72108)
(-66.1472,310.54,-52.8434)
(-132.78,390.078,10.633)
(201.58,-257.751,41.1905)
(279.134,-163.681,148.316)
(210.722,-252.622,44.2489)
(223.887,-238.463,-32.3097)
(238.829,209.357,-5.06235)
(279.638,143.364,-58.5664)
(-286.256,-135.283,6.03817)
(-252.196,-264.712,42.6942)
(93.0617,320.842,-63.3099)
(15.784,286.12,-50.3891)
(125.609,-294.625,60.6231)
(253.299,-246.535,133.654)
(223.448,228.484,10.3161)
(293.778,188.16,-11.729)
(222.23,238.942,-0.746467)
(114.373,345.408,20.8795)
(-279.185,-151.266,-6.42824)
(-309.494,-109.738,32.6887)
(270.621,177.864,30.6026)
(204.804,133.651,1.70674)
(271.98,182.545,34.5754)
(293.475,180.959,73.1721)
(-155.456,-293.331,-57.9926)
(-126.673,-266.123,-49.355)
(-153.612,-293.552,-57.8799)
(-82.2338,-309.768,-92.271)
(115.8,-291.245,39.2864)
(104.018,-191.953,80.0533)
(-21.4622,315.767,-45.9096)
(-41.1139,271.78,-120.038)
(-22.6072,320.985,-51.0508)
(21.8842,220.082,5.23258)
(5.29107,-321.207,26.907)
(-28.1633,-336.212,-12.6529)
(192.943,250.48,-17.6762)
(305.343,242.006,-86.3528)
(-300.833,-110.977,23.329)
(-411.56,-163.211,39.9791)
(247.427,209.389,-47.7162)
(256.843,153.009,-6.37736)
(-290.735,-134.86,-41.2386)
(-312.586,-128.877,-67.7765)
0 events have been kept for refreshing and/or reviewing.
  "/vis/reviewKeptEvents" to review them one by one.
  "/vis/enable", then "/vis/viewer/flush" or "/vis/viewer/rebuild" to see them accumulated.
[Core-0] End of macro ./split/.Gate/main126/main5.mac
Graphics systems deleted.
Visualization Manager deleting...
