[G4] 
[G4] **************************************************************
[G4]  Geant4 version Name: geant4-10-07-patch-02    (11-June-2021)
[G4]                        Copyright : Geant4 Collaboration
[G4]                       References : NIM A 506 (2003), 250-303
[G4]                                  : IEEE-TNS 53 (2006), 270-278
[G4]                                  : NIM A 835 (2016), 186-225
[G4]                              WWW : http://geant4.org/
[G4] **************************************************************
[G4] 
[Core-0] Initialization of geometry
[Core-0] Initialization of physics
[Core-0] Initialization of actors
[Core-0] 
[Core-0] *************************************************
[Core-0]  GATE version 9.1 (2021)
[Core-0]  Copyright : OpenGATE Collaboration
[Core-0]  Reference : Phys. Med. Biol. 49 (2004) 4543-4561
[Core-0]  Reference : Phys. Med. Biol. 56 (2011) 881-901
[Core-0]  Reference : Med. Phys. 41(6)    (2014)
[Core-0]  http://www.opengatecollaboration.org        
[Core-0] *************************************************
[Core-0] 
[Core-0] You are using Geant4 version 10.7.2
[Core-0] Starting macro ./split/.Gate/main126/main6.mac
0: RINDEX
1.84e-06   1.00028
4.08e-06   1.00028
9: GROUPVEL
1.84e-06   299.709
4.08e-06   299.709
16: ABSLENGTH
1.84e-06   50000
4.08e-06   50000
 <!> *** WARNING *** <!>  GateMaterialDatabase: Multiple definition of element: Yttrium.
The definition in ClMind_GateMaterials.db was used.


GATE object:        'systems/cylindricalPET'
Components:

GATE object:        'systems/cylindricalPET/base'
Attached to volume: cylindricalPET
Nb of children:       1

	GATE object:        'systems/cylindricalPET/rsector'
	Attached to volume: module
	Nb of children:       1

		GATE object:        'systems/cylindricalPET/module'
		Attached to volume: unit
		Nb of children:       1

			GATE object:        'systems/cylindricalPET/submodule'
			Attached to volume: block
			Nb of children:       1

				GATE object:        'systems/cylindricalPET/crystal'
				Attached to volume: optical
				Nb of children:       4

					GATE object:        'systems/cylindricalPET/layer0'
					Attached to volume: crystal
					Nb of children:       0

					GATE object:        'systems/cylindricalPET/layer1'
					Attached to volume: ---
					Nb of children:       0

					GATE object:        'systems/cylindricalPET/layer2'
					Attached to volume: ---
					Nb of children:       0

					GATE object:        'systems/cylindricalPET/layer3'
					Attached to volume: ---
					Nb of children:       0
geometrical design type: 1
ring diameter: -3.95 mm 
rsector axial pitch: 0 fm 
rsector azimuthal pitch: 12.8571 degree
rsector tangential size: 2.5 cm 
rsector axial size: 25.04 cm 
module axial size: 4.784 cm 
module tangential size: 2.5 cm 
module axial pitch: 0 fm 
module tangential pitch: 0 fm 
submodule axial size: 4.784 cm 
submodule tangential size: 2.5 cm 
submodule axial pitch: 0 fm 
submodule tangential pitch: 0 fm 
crystal radial size: 1.59 cm 
crystal axial size: 1.59 cm 
crystal tangential size: 2.5 cm 
crystal axial pitch: 0 fm 
crystal tangential pitch: 0 fm 
layer0 radial size: 3.95 mm 
in layer0 interaction length: 1.975 mm 
Axial nb of rsectors: 1
Azimuthal nb of rsectors: 28
Axial nb of modules: 1
Tangential nb of modules: 1
Axial nb of submodules: 1
Tangential nb of submodules: 1
Axial nb of crystals: 1
Tangential nb of crystals: 1
Radial nb of layers: 1
[Physic-0] The following Geant4's physic-list is enabled :emstandard_opt3


List of Enabled processes:




List of initialized processes:


[Core-0] Initialization of geometry
[Core-0] Initialization of physics
[Core-0] Initialization of actors
 <!> *** WARNING *** <!>  The 'energytype' option is DEPRECATED, use 'ene/type' instead!
 <!> *** WARNING *** <!>  The 'energytype' option is DEPRECATED, use 'ene/type' instead!
 <!> *** WARNING *** <!>  The 'energytype' option is DEPRECATED, use 'ene/type' instead!
 <!> *** WARNING *** <!>  The 'energytype' option is DEPRECATED, use 'ene/type' instead!
 <!> *** WARNING *** <!>  The 'energytype' option is DEPRECATED, use 'ene/type' instead!
 <!> *** WARNING *** <!>  The 'energytype' option is DEPRECATED, use 'ene/type' instead!
 <!> *** WARNING *** <!>  The 'energytype' option is DEPRECATED, use 'ene/type' instead!
 <!> *** WARNING *** <!>  The 'energytype' option is DEPRECATED, use 'ene/type' instead!
 <!> *** WARNING *** <!>  The 'energytype' option is DEPRECATED, use 'ene/type' instead!
[Acquisition-0]   
[Acquisition-0] ============= Source initialization =============
[Acquisition-0]   
[Acquisition-0] ============= Acquisition starts! =============
[Acquisition-0] Simulation start time = 0 sec
[Acquisition-0] Simulation end time   = 1 sec
[Acquisition-0] Simulation will have  = 1 run(s)
[Acquisition-0] Slice 0 from 0 to 1 s [slice=1 s]

### ===  Deexcitation model UAtomDeexcitation is activated for 25 regions:
          DefaultRegionForTheWorld  1  1  1
          cylindricalPET  1  1  1
          module  1  1  1
          unit  1  1  1
          block  1  1  1
          optical  1  1  1
          crystal  1  1  1
          capillaire1  1  1  1
          capillaire1_water  1  1  1
          capillaire2  1  1  1
          capillaire2_water  1  1  1
          capillaire3  1  1  1
          capillaire3_water  1  1  1
          capillaire4  1  1  1
          capillaire4_water  1  1  1
          capillaire5  1  1  1
          capillaire5_water  1  1  1
          capillaire_m1  1  1  1
          capillaire_m1_water  1  1  1
          capillaire_m2  1  1  1
          capillaire_m2_water  1  1  1
          capillaire_m3  1  1  1
          capillaire_m3_water  1  1  1
          capillaire_m4  1  1  1
          capillaire_m4_water  1  1  1
### ===  Ignore cuts flag:   0

phot:  for gamma applyCuts:1  SubType=12 BuildTable=0
      LambdaPrime table from 200 keV to 100 TeV in 174 bins 
      ===== EM models for the G4Region  DefaultRegionForTheWorld ======
 LivermorePhElectric : Emin=    0 eV  Emax=  100 TeV  SauterGavrila Fluo

compt:  for gamma applyCuts:1  SubType=13 BuildTable=1
      Lambda table from 10 eV  to 1 MeV, 20 bins/decade, spline: 1
      LambdaPrime table from 1 MeV to 100 TeV in 160 bins 
      ===== EM models for the G4Region  DefaultRegionForTheWorld ======
        KleinNishina : Emin=    0 eV  Emax=  100 TeV Fluo

conv:  for gamma applyCuts:1  SubType=14 BuildTable=1
      Lambda table from 1.022 MeV to 100 TeV, 20 bins/decade, spline: 1
      ===== EM models for the G4Region  DefaultRegionForTheWorld ======
     BetheHeitlerLPM : Emin=    0 eV  Emax=  100 TeV  ModifiedTsai

Rayl:  for gamma applyCuts:1  SubType=11 BuildTable=1
      Lambda table from 10 eV  to 100 keV, 20 bins/decade, spline: 0
      LambdaPrime table from 100 keV to 100 TeV in 180 bins 
      ===== EM models for the G4Region  DefaultRegionForTheWorld ======
   LivermoreRayleigh : Emin=    0 eV  Emax=  100 TeV  CullenGenerator

msc:  for e-  SubType= 10
      ===== EM models for the G4Region  DefaultRegionForTheWorld ======
            UrbanMsc : Emin=    0 eV  Emax=  100 TeV Nbins=240 100 eV  - 100 TeV
              StepLim=DistanceToBoundary Rfact=0.04 Gfact=2.5 Sfact=0.6 DispFlag:1 Skin=1 Llimit=1

eIoni:  for e-  SubType=2
      dE/dx and range tables from 10 eV  to 100 TeV in 260 bins
      Lambda tables from threshold to 100 TeV, 20 bins/decade, spline: 1
      StepFunction=(0.2, 0.1 mm), integ: 1, fluct: 1, linLossLim= 0.01
      ===== EM models for the G4Region  DefaultRegionForTheWorld ======
        MollerBhabha : Emin=    0 eV  Emax=  100 TeV  deltaVI

eBrem:  for e-  SubType=3
      dE/dx and range tables from 10 eV  to 100 TeV in 260 bins
      Lambda tables from threshold to 100 TeV, 20 bins/decade, spline: 1
      LPM flag: 1 for E > 1 GeV,  VertexHighEnergyTh(GeV)= 100000
      ===== EM models for the G4Region  DefaultRegionForTheWorld ======
             eBremSB : Emin=    0 eV  Emax=    1 GeV  AngularGen2BS
            eBremLPM : Emin=    1 GeV Emax=  100 TeV  AngularGen2BS

ePairProd:  for e-  SubType=4
      dE/dx and range tables from 10 eV  to 100 TeV in 260 bins
      Lambda tables from threshold to 100 TeV, 20 bins/decade, spline: 1
      Sampling table 25x1001; from 0.1 GeV to 100 TeV 
      ===== EM models for the G4Region  DefaultRegionForTheWorld ======
           ePairProd : Emin=    0 eV  Emax=  100 TeV  ModifiedMephi

msc:  for e+  SubType= 10
      ===== EM models for the G4Region  DefaultRegionForTheWorld ======
            UrbanMsc : Emin=    0 eV  Emax=  100 TeV Nbins=240 100 eV  - 100 TeV
              StepLim=DistanceToBoundary Rfact=0.04 Gfact=2.5 Sfact=0.6 DispFlag:1 Skin=1 Llimit=1

eIoni:  for e+  SubType=2
      dE/dx and range tables from 10 eV  to 100 TeV in 260 bins
      Lambda tables from threshold to 100 TeV, 20 bins/decade, spline: 1
      StepFunction=(0.2, 0.1 mm), integ: 1, fluct: 1, linLossLim= 0.01
      ===== EM models for the G4Region  DefaultRegionForTheWorld ======
        MollerBhabha : Emin=    0 eV  Emax=  100 TeV  deltaVI

eBrem:  for e+  SubType=3
      dE/dx and range tables from 10 eV  to 100 TeV in 260 bins
      Lambda tables from threshold to 100 TeV, 20 bins/decade, spline: 1
      LPM flag: 1 for E > 1 GeV,  VertexHighEnergyTh(GeV)= 100000
      ===== EM models for the G4Region  DefaultRegionForTheWorld ======
             eBremSB : Emin=    0 eV  Emax=    1 GeV  AngularGen2BS
            eBremLPM : Emin=    1 GeV Emax=  100 TeV  AngularGen2BS

ePairProd:  for e+  SubType=4
      dE/dx and range tables from 10 eV  to 100 TeV in 260 bins
      Lambda tables from threshold to 100 TeV, 20 bins/decade, spline: 1
      Sampling table 25x1001; from 0.1 GeV to 100 TeV 
      ===== EM models for the G4Region  DefaultRegionForTheWorld ======
           ePairProd : Emin=    0 eV  Emax=  100 TeV  ModifiedMephi

annihil:  for e+, integral:1  applyCuts:1  SubType=5 BuildTable=0
      ===== EM models for the G4Region  DefaultRegionForTheWorld ======
            eplus2gg : Emin=    0 eV  Emax=  100 TeV

msc:  for proton  SubType= 10
      ===== EM models for the G4Region  DefaultRegionForTheWorld ======
            UrbanMsc : Emin=    0 eV  Emax=  100 TeV Nbins=240 100 eV  - 100 TeV
              StepLim=Minimal Rfact=0.2 Gfact=2.5 Sfact=0.6 DispFlag:1 Skin=1 Llimit=1

hIoni:  for proton  SubType=2
      dE/dx and range tables from 10 eV  to 100 TeV in 260 bins
      Lambda tables from threshold to 100 TeV, 20 bins/decade, spline: 1
      StepFunction=(0.2, 0.05 mm), integ: 1, fluct: 1, linLossLim= 0.01
      ===== EM models for the G4Region  DefaultRegionForTheWorld ======
               Bragg : Emin=    0 eV  Emax=    2 MeV  deltaVI
          BetheBloch : Emin=    2 MeV Emax=  100 TeV  deltaVI

hBrems:  for proton  SubType=3
      dE/dx and range tables from 10 eV  to 100 TeV in 260 bins
      Lambda tables from threshold to 100 TeV, 20 bins/decade, spline: 1
      ===== EM models for the G4Region  DefaultRegionForTheWorld ======
               hBrem : Emin=    0 eV  Emax=  100 TeV  ModifiedMephi
      ===== Limit on energy threshold has been applied 

hPairProd:  for proton  SubType=4
      dE/dx and range tables from 10 eV  to 100 TeV in 260 bins
      Lambda tables from threshold to 100 TeV, 20 bins/decade, spline: 1
      Sampling table 17x1001; from 7.50618 GeV to 100 TeV 
      ===== EM models for the G4Region  DefaultRegionForTheWorld ======
           hPairProd : Emin=    0 eV  Emax=  100 TeV  ModifiedMephi

nuclearStopping:  for proton applyCuts:1  SubType=8 BuildTable=0
      ===== EM models for the G4Region  DefaultRegionForTheWorld ======
   ICRU49NucStopping : Emin=    0 eV  Emax=    1 MeV

msc:  for GenericIon  SubType= 10
      ===== EM models for the G4Region  DefaultRegionForTheWorld ======
            UrbanMsc : Emin=    0 eV  Emax=  100 TeV
              StepLim=Minimal Rfact=0.2 Gfact=2.5 Sfact=0.6 DispFlag:1 Skin=1 Llimit=1

ionIoni:  for GenericIon  SubType=2
      dE/dx and range tables from 10 eV  to 100 TeV in 260 bins
      Lambda tables from threshold to 100 TeV, 20 bins/decade, spline: 1
      StepFunction=(0.1, 0.02 mm), integ: 1, fluct: 1, linLossLim= 0.02
      ===== EM models for the G4Region  DefaultRegionForTheWorld ======
         ParamICRU73 : Emin=    0 eV  Emax=  100 TeV  deltaVI

nuclearStopping:  for GenericIon applyCuts:1  SubType=8 BuildTable=0
      ===== EM models for the G4Region  DefaultRegionForTheWorld ======
   ICRU49NucStopping : Emin=    0 eV  Emax=    1 MeV

msc:  for alpha  SubType= 10
      ===== EM models for the G4Region  DefaultRegionForTheWorld ======
            UrbanMsc : Emin=    0 eV  Emax=  100 TeV Nbins=240 100 eV  - 100 TeV
              StepLim=Minimal Rfact=0.2 Gfact=2.5 Sfact=0.6 DispFlag:1 Skin=1 Llimit=1

ionIoni:  for alpha  SubType=2
      dE/dx and range tables from 10 eV  to 100 TeV in 260 bins
      Lambda tables from threshold to 100 TeV, 20 bins/decade, spline: 1
      StepFunction=(0.1, 0.02 mm), integ: 1, fluct: 1, linLossLim= 0.02
      ===== EM models for the G4Region  DefaultRegionForTheWorld ======
            BraggIon : Emin=    0 eV  Emax=7.9452 MeV  deltaVI
          BetheBloch : Emin=7.9452 MeV Emax=  100 TeV  deltaVI

nuclearStopping:  for alpha applyCuts:1  SubType=8 BuildTable=0
      ===== EM models for the G4Region  DefaultRegionForTheWorld ======
   ICRU49NucStopping : Emin=    0 eV  Emax=    1 MeV

msc:  for anti_proton  SubType= 10
      ===== EM models for the G4Region  DefaultRegionForTheWorld ======
            UrbanMsc : Emin=    0 eV  Emax=  100 TeV Nbins=240 100 eV  - 100 TeV
              StepLim=Minimal Rfact=0.2 Gfact=2.5 Sfact=0.6 DispFlag:1 Skin=1 Llimit=1

hIoni:  for anti_proton  SubType=2
      dE/dx and range tables from 10 eV  to 100 TeV in 260 bins
      Lambda tables from threshold to 100 TeV, 20 bins/decade, spline: 1
      StepFunction=(0.2, 0.05 mm), integ: 1, fluct: 1, linLossLim= 0.01
      ===== EM models for the G4Region  DefaultRegionForTheWorld ======
            ICRU73QO : Emin=    0 eV  Emax=    2 MeV  deltaVI
          BetheBloch : Emin=    2 MeV Emax=  100 TeV  deltaVI

hBrems:  for anti_proton  SubType=3
      dE/dx and range tables from 10 eV  to 100 TeV in 260 bins
      Lambda tables from threshold to 100 TeV, 20 bins/decade, spline: 1
      ===== EM models for the G4Region  DefaultRegionForTheWorld ======
               hBrem : Emin=    0 eV  Emax=  100 TeV  ModifiedMephi
      ===== Limit on energy threshold has been applied 

hPairProd:  for anti_proton  SubType=4
      dE/dx and range tables from 10 eV  to 100 TeV in 260 bins
      Lambda tables from threshold to 100 TeV, 20 bins/decade, spline: 1
      Sampling table 17x1001; from 7.50618 GeV to 100 TeV 
      ===== EM models for the G4Region  DefaultRegionForTheWorld ======
           hPairProd : Emin=    0 eV  Emax=  100 TeV  ModifiedMephi

msc:  for kaon+  SubType= 10
      ===== EM models for the G4Region  DefaultRegionForTheWorld ======
            UrbanMsc : Emin=    0 eV  Emax=  100 TeV Nbins=240 100 eV  - 100 TeV
              StepLim=Minimal Rfact=0.2 Gfact=2.5 Sfact=0.6 DispFlag:1 Skin=1 Llimit=1

hIoni:  for kaon+  SubType=2
      dE/dx and range tables from 10 eV  to 100 TeV in 260 bins
      Lambda tables from threshold to 100 TeV, 20 bins/decade, spline: 1
      StepFunction=(0.2, 0.05 mm), integ: 1, fluct: 1, linLossLim= 0.01
      ===== EM models for the G4Region  DefaultRegionForTheWorld ======
               Bragg : Emin=    0 eV  Emax=1.05231 MeV  deltaVI
          BetheBloch : Emin=1.05231 MeV Emax=  100 TeV  deltaVI

hBrems:  for kaon+  SubType=3
      dE/dx and range tables from 10 eV  to 100 TeV in 260 bins
      Lambda tables from threshold to 100 TeV, 20 bins/decade, spline: 1
      ===== EM models for the G4Region  DefaultRegionForTheWorld ======
               hBrem : Emin=    0 eV  Emax=  100 TeV  ModifiedMephi
      ===== Limit on energy threshold has been applied 

hPairProd:  for kaon+  SubType=4
      dE/dx and range tables from 10 eV  to 100 TeV in 260 bins
      Lambda tables from threshold to 100 TeV, 20 bins/decade, spline: 1
      Sampling table 18x1001; from 3.94942 GeV to 100 TeV 
      ===== EM models for the G4Region  DefaultRegionForTheWorld ======
           hPairProd : Emin=    0 eV  Emax=  100 TeV  ModifiedMephi

msc:  for kaon-  SubType= 10
      ===== EM models for the G4Region  DefaultRegionForTheWorld ======
            UrbanMsc : Emin=    0 eV  Emax=  100 TeV Nbins=240 100 eV  - 100 TeV
              StepLim=Minimal Rfact=0.2 Gfact=2.5 Sfact=0.6 DispFlag:1 Skin=1 Llimit=1

hIoni:  for kaon-  SubType=2
      dE/dx and range tables from 10 eV  to 100 TeV in 260 bins
      Lambda tables from threshold to 100 TeV, 20 bins/decade, spline: 1
      StepFunction=(0.2, 0.05 mm), integ: 1, fluct: 1, linLossLim= 0.01
      ===== EM models for the G4Region  DefaultRegionForTheWorld ======
            ICRU73QO : Emin=    0 eV  Emax=1.05231 MeV  deltaVI
          BetheBloch : Emin=1.05231 MeV Emax=  100 TeV  deltaVI

hBrems:  for kaon-  SubType=3
      dE/dx and range tables from 10 eV  to 100 TeV in 260 bins
      Lambda tables from threshold to 100 TeV, 20 bins/decade, spline: 1
      ===== EM models for the G4Region  DefaultRegionForTheWorld ======
               hBrem : Emin=    0 eV  Emax=  100 TeV  ModifiedMephi
      ===== Limit on energy threshold has been applied 

hPairProd:  for kaon-  SubType=4
      dE/dx and range tables from 10 eV  to 100 TeV in 260 bins
      Lambda tables from threshold to 100 TeV, 20 bins/decade, spline: 1
      Sampling table 18x1001; from 3.94942 GeV to 100 TeV 
      ===== EM models for the G4Region  DefaultRegionForTheWorld ======
           hPairProd : Emin=    0 eV  Emax=  100 TeV  ModifiedMephi

msc:  for mu+  SubType= 10
      ===== EM models for the G4Region  DefaultRegionForTheWorld ======
            UrbanMsc : Emin=    0 eV  Emax=  100 TeV Nbins=240 100 eV  - 100 TeV
              StepLim=Minimal Rfact=0.2 Gfact=2.5 Sfact=0.6 DispFlag:1 Skin=1 Llimit=1

muIoni:  for mu+  SubType=2
      dE/dx and range tables from 10 eV  to 100 TeV in 260 bins
      Lambda tables from threshold to 100 TeV, 20 bins/decade, spline: 1
      StepFunction=(0.2, 0.05 mm), integ: 1, fluct: 1, linLossLim= 0.01
      ===== EM models for the G4Region  DefaultRegionForTheWorld ======
               Bragg : Emin=    0 eV  Emax=  200 keV  deltaVI
          BetheBloch : Emin=  200 keV Emax=    1 GeV  deltaVI
        MuBetheBloch : Emin=    1 GeV Emax=  100 TeV

muBrems:  for mu+  SubType=3
      dE/dx and range tables from 10 eV  to 100 TeV in 260 bins
      Lambda tables from threshold to 100 TeV, 20 bins/decade, spline: 1
      ===== EM models for the G4Region  DefaultRegionForTheWorld ======
              MuBrem : Emin=    0 eV  Emax=  100 TeV  ModifiedMephi
      ===== Limit on energy threshold has been applied 

muPairProd:  for mu+  SubType=4
      dE/dx and range tables from 10 eV  to 100 TeV in 260 bins
      Lambda tables from threshold to 100 TeV, 20 bins/decade, spline: 1
      Sampling table 21x1001; from 1 GeV to 100 TeV 
      ===== EM models for the G4Region  DefaultRegionForTheWorld ======
          muPairProd : Emin=    0 eV  Emax=  100 TeV  ModifiedMephi

msc:  for mu-  SubType= 10
      ===== EM models for the G4Region  DefaultRegionForTheWorld ======
            UrbanMsc : Emin=    0 eV  Emax=  100 TeV Nbins=240 100 eV  - 100 TeV
              StepLim=Minimal Rfact=0.2 Gfact=2.5 Sfact=0.6 DispFlag:1 Skin=1 Llimit=1

muIoni:  for mu-  SubType=2
      dE/dx and range tables from 10 eV  to 100 TeV in 260 bins
      Lambda tables from threshold to 100 TeV, 20 bins/decade, spline: 1
      StepFunction=(0.2, 0.05 mm), integ: 1, fluct: 1, linLossLim= 0.01
      ===== EM models for the G4Region  DefaultRegionForTheWorld ======
            ICRU73QO : Emin=    0 eV  Emax=  200 keV  deltaVI
          BetheBloch : Emin=  200 keV Emax=    1 GeV  deltaVI
        MuBetheBloch : Emin=    1 GeV Emax=  100 TeV

muBrems:  for mu-  SubType=3
      dE/dx and range tables from 10 eV  to 100 TeV in 260 bins
      Lambda tables from threshold to 100 TeV, 20 bins/decade, spline: 1
      ===== EM models for the G4Region  DefaultRegionForTheWorld ======
              MuBrem : Emin=    0 eV  Emax=  100 TeV  ModifiedMephi
      ===== Limit on energy threshold has been applied 

muPairProd:  for mu-  SubType=4
      dE/dx and range tables from 10 eV  to 100 TeV in 260 bins
      Lambda tables from threshold to 100 TeV, 20 bins/decade, spline: 1
      Sampling table 21x1001; from 1 GeV to 100 TeV 
      ===== EM models for the G4Region  DefaultRegionForTheWorld ======
          muPairProd : Emin=    0 eV  Emax=  100 TeV  ModifiedMephi

msc:  for pi+  SubType= 10
      ===== EM models for the G4Region  DefaultRegionForTheWorld ======
            UrbanMsc : Emin=    0 eV  Emax=  100 TeV Nbins=240 100 eV  - 100 TeV
              StepLim=Minimal Rfact=0.2 Gfact=2.5 Sfact=0.6 DispFlag:1 Skin=1 Llimit=1

hIoni:  for pi+  SubType=2
      dE/dx and range tables from 10 eV  to 100 TeV in 260 bins
      Lambda tables from threshold to 100 TeV, 20 bins/decade, spline: 1
      StepFunction=(0.2, 0.05 mm), integ: 1, fluct: 1, linLossLim= 0.01
      ===== EM models for the G4Region  DefaultRegionForTheWorld ======
               Bragg : Emin=    0 eV  Emax=297.505 keV  deltaVI
          BetheBloch : Emin=297.505 keV Emax=  100 TeV  deltaVI

hBrems:  for pi+  SubType=3
      dE/dx and range tables from 10 eV  to 100 TeV in 260 bins
      Lambda tables from threshold to 100 TeV, 20 bins/decade, spline: 1
      ===== EM models for the G4Region  DefaultRegionForTheWorld ======
               hBrem : Emin=    0 eV  Emax=  100 TeV  ModifiedMephi
      ===== Limit on energy threshold has been applied 

hPairProd:  for pi+  SubType=4
      dE/dx and range tables from 10 eV  to 100 TeV in 260 bins
      Lambda tables from threshold to 100 TeV, 20 bins/decade, spline: 1
      Sampling table 20x1001; from 1.11656 GeV to 100 TeV 
      ===== EM models for the G4Region  DefaultRegionForTheWorld ======
           hPairProd : Emin=    0 eV  Emax=  100 TeV  ModifiedMephi

msc:  for pi-  SubType= 10
      ===== EM models for the G4Region  DefaultRegionForTheWorld ======
            UrbanMsc : Emin=    0 eV  Emax=  100 TeV Nbins=240 100 eV  - 100 TeV
              StepLim=Minimal Rfact=0.2 Gfact=2.5 Sfact=0.6 DispFlag:1 Skin=1 Llimit=1

hIoni:  for pi-  SubType=2
      dE/dx and range tables from 10 eV  to 100 TeV in 260 bins
      Lambda tables from threshold to 100 TeV, 20 bins/decade, spline: 1
      StepFunction=(0.2, 0.05 mm), integ: 1, fluct: 1, linLossLim= 0.01
      ===== EM models for the G4Region  DefaultRegionForTheWorld ======
            ICRU73QO : Emin=    0 eV  Emax=297.505 keV  deltaVI
          BetheBloch : Emin=297.505 keV Emax=  100 TeV  deltaVI

hBrems:  for pi-  SubType=3
      dE/dx and range tables from 10 eV  to 100 TeV in 260 bins
      Lambda tables from threshold to 100 TeV, 20 bins/decade, spline: 1
      ===== EM models for the G4Region  DefaultRegionForTheWorld ======
               hBrem : Emin=    0 eV  Emax=  100 TeV  ModifiedMephi
      ===== Limit on energy threshold has been applied 

hPairProd:  for pi-  SubType=4
      dE/dx and range tables from 10 eV  to 100 TeV in 260 bins
      Lambda tables from threshold to 100 TeV, 20 bins/decade, spline: 1
      Sampling table 20x1001; from 1.11656 GeV to 100 TeV 
      ===== EM models for the G4Region  DefaultRegionForTheWorld ======
           hPairProd : Emin=    0 eV  Emax=  100 TeV  ModifiedMephi
G4VisManager: Using G4TrajectoryDrawByCharge as fallback trajectory model.
See commands in /vis/modeling/trajectories/ for other options.

### ===  Deexcitation model UAtomDeexcitation is activated for 25 regions:
          DefaultRegionForTheWorld  1  1  1
          cylindricalPET  1  1  1
          module  1  1  1
          unit  1  1  1
          block  1  1  1
          optical  1  1  1
          crystal  1  1  1
          capillaire1  1  1  1
          capillaire1_water  1  1  1
          capillaire2  1  1  1
          capillaire2_water  1  1  1
          capillaire3  1  1  1
          capillaire3_water  1  1  1
          capillaire4  1  1  1
          capillaire4_water  1  1  1
          capillaire5  1  1  1
          capillaire5_water  1  1  1
          capillaire_m1  1  1  1
          capillaire_m1_water  1  1  1
          capillaire_m2  1  1  1
          capillaire_m2_water  1  1  1
          capillaire_m3  1  1  1
          capillaire_m3_water  1  1  1
          capillaire_m4  1  1  1
          capillaire_m4_water  1  1  1
### ===  Ignore cuts flag:   0
(-301.443,-94.7977,-17.4707)
(-257.546,-36.6274,-31.3111)
(-302.341,-92.8324,-16.4833)
(-332.961,-66.4374,-60.5785)
(321.548,61.3964,12.8221)
(426.097,94.5896,-61.9274)
(324.88,53.9878,13.0135)
(358.455,46.7753,22.151)
 <!> *** WARNING *** <!>  Event is earlier than earliest event in coincidence presort buffer. Consider using a larger buffer.
(-321.778,-11.0371,61.6709)
(-384.966,-136.01,37.1708)
(-310.163,66.3881,-39.6183)
(-400.7,4.14071,-39.9053)
(-273.092,156.091,-107.337)
(-235.848,95.009,-148.788)
(-244.886,-204.995,78.5551)
(-222.385,-218.02,66.6917)
(-241.731,-205.484,79.5695)
(-222.426,-254.005,100.788)
(91.3046,307.843,-117.818)
(128.841,413.321,-98.7687)
(91.7005,315.036,-121.489)
(110.989,307.691,-209.716)
(323.079,62.1469,83.7781)
(333.993,121.828,102.004)
(321.609,60.0604,82.7562)
(429.341,0.6665,118.46)
(321.736,59.8525,82.2364)
(297.397,94.6492,12.498)
(-326.874,24.4105,12.1953)
(-392.459,39.5156,-44.8595)
(321.871,-41.4904,62.1828)
(185.927,-2.61085,-12.0112)
(-294.229,-121.781,95.104)
(-280.617,-76.0375,41.5631)
(-293.11,-113.528,105.298)
(-314.868,-199.451,107.187)
(-221.775,227.641,-14.3285)
(-260.436,273.068,-5.68548)
(-18.8249,-335.589,18.7688)
(53.4287,-356.795,33.0987)
(-63.7113,322.771,60.2015)
(-85.6673,327.598,74.4676)
(-59.1564,321.081,58.7484)
(-106.456,392.837,24.6219)
(-213.643,-235.277,-73.1684)
(-240.884,-147.732,-60.4352)
(278.892,-187.349,-19.0481)
(302.074,-163.962,-30.7429)
(-142.716,278.738,28.6193)
(-267.037,260.504,46.6486)
(289.461,-117.935,-49.4877)
(273.527,-114.996,50.2292)
(-311.041,73.8249,28.0578)
(-213.805,4.65675,-40.3036)
(-139.181,281.816,119.472)
(-165.065,325.345,198.819)
(114.188,-305.57,-39.9617)
(174.594,-291.946,58.5906)
(45.1337,316.347,38.397)
(114.238,272.963,183.182)
(-47.7306,327.319,-27.8789)
(-107.476,413.711,-57.3989)
(-163.232,-274.411,18.9097)
(-206.015,-288.18,4.31789)
(-197.478,250.388,-92.3502)
(-52.6643,263.635,-62.4897)
(-199.255,245.557,-87.1621)
(-163.858,226.308,-112.792)
(302.696,-120.045,8.54621)
(406.732,-178.476,1.03518)
(303.602,-120.566,3.80557)
(343.841,-138.425,9.60022)
(-301.24,85.1783,-3.79802)
(-323.239,77.5028,81.5894)
(-229.848,-223.287,79.3787)
(-153.307,-199.97,-32.5886)
(243.25,200.162,-92.5189)
(280.686,238.335,-126.684)
(-282.282,133.231,-28.6078)
(-340.898,123.452,-91.097)
(-293.635,132.443,-22.3666)
(-317.849,121.085,-112.861)
(244.73,-212.581,47.2293)
(145.703,-232.441,-32.6659)
(123.516,-310.358,-99.5792)
(212.347,-361.557,-178.462)
(-25.3014,318.301,102.309)
(-89.8841,265.389,152.08)
(-23.0327,323.239,104.635)
(-51.9881,351.089,194.356)
(-19.6358,326.051,104.019)
(-58.0485,289.234,17.0179)
(296.902,-112.125,-104.173)
(298.693,-179.774,-151.251)
(296.053,-110.715,-101.668)
(299.247,-170.623,-9.13556)
(-247.185,-193.568,-50.8432)
(-195.321,-196.86,-82.2349)
(-255.645,-198.153,-54.8579)
(-184.464,-144.337,-93.4801)
(279.44,150.632,38.6933)
(295.382,192.148,45.0208)
(-271.956,156.531,-92.8133)
(-288.889,85.9358,-157.026)
(236.189,-216.125,-30.2783)
(258.209,-202.511,-79.051)
(-129.802,289.517,36.9869)
(-161.304,362.148,113.365)
(-144.547,302.822,35.8688)
(-75.3601,289.075,33.0909)
(313.306,-42.5953,-107.98)
(360.075,-88.85,-52.0726)
(-328.046,27.0334,70.838)
(-371.98,5.97756,136.011)
(308.15,61.4737,-39.7959)
(250.387,42.6202,-87.5509)
(-297.511,-126.527,82.2287)
(-314.019,-85.8899,169.226)
(241.859,-197.12,-78.6534)
(89.1531,-317.903,-82.9918)
(-250.435,221.316,87.2621)
(-295.974,268.045,192.322)
(-250.939,220.313,87.4481)
(-358.003,292.687,126.402)
(282.594,-140.552,-30.8562)
(258.413,-55.2522,-47.4805)
(290.762,-142.568,-32.1731)
(162.905,-137.915,-21.2284)
(-147.077,283.994,64.3347)
(-129.423,247.942,92.8963)
(-147.23,288.322,64.0496)
(-214.06,225.361,144.068)
(263.183,-184.382,21.0784)
(257.357,-223.282,0.472525)
(246.346,-208.667,60.2722)
(205.463,-208.823,83.9666)
(312.293,63.492,-33.2095)
(351.16,5.47024,-10.5349)
(-304.622,-84.9475,44.8863)
(-151.178,-36.7941,49.6211)
(-323.427,-85.6692,29.828)
(-294.925,-36.463,-11.0936)
(-314.862,46.4899,-90.7728)
(-373.724,-48.9389,-76.5434)
(-241.835,207.349,124.385)
(-174.6,272.406,85.0174)
(249.979,-196.85,-118.062)
(294.871,-292.862,-122.148)
(261.556,-194.038,-119.279)
(286.282,-114.053,-152.298)
(265.702,-193.449,-120.738)
(190.608,-179.907,-40.3066)
(275.596,-190.315,-119.299)
(285.537,-232.13,-106.997)
(315.335,40.1494,-64.6376)
(356.99,20.1133,-168.625)
(315.535,39.4366,-63.6179)
(319.527,5.07167,-143.537)
(-250.558,-198.036,-114.109)
(-324.492,-248.86,-56.7308)
(319.517,-31.7445,73.2233)
(270.905,-111.173,80.2424)
(316.833,-40.3883,84.7839)
(428.189,4.28593,-49.4221)
(-233.574,-210.367,71.3398)
(-160.638,-164.118,81.5904)
(-231.012,-217.3,80.27)
(-194.301,-166.647,129.142)
(-233.273,-215.372,85.4043)
(-231.155,-121.278,75.0661)
(256.417,215.663,-66.3114)
(287.213,241.82,-94.6832)
(-313.244,78.0052,78.2307)
(-236.057,67.9219,45.2614)
(-131.03,-288.696,21.0976)
(-191.651,-272.915,-12.3639)
(-20.1171,333.457,-27.1577)
(-115.511,290.937,-2.13413)
(-21.189,330.162,-26.7892)
(-3.50707,341.521,-33.5297)
(-13.826,-315.765,-92.7054)
(11.8596,-245.425,-109.897)
(-13.8488,-314.128,-93.3323)
(33.7409,-230.89,-35.1115)
(19.4112,314.302,97.4926)
(12.3459,366.656,127.075)
(134.113,-282.157,-86.1859)
(162.413,-273.448,-121.707)
(317.474,-61.3832,15.2674)
(419.955,-41.0793,18.9971)
(322.256,-64.2854,12.7965)
(418.824,-67.6484,118.076)
(327.592,-68.8366,16.2137)
(343.573,-91.7053,-21.6617)
(-204.546,245.422,-105.559)
(-206.565,274.499,-75.791)
(-206.597,247.183,-101.087)
(-171.145,318.937,-117.559)
(38.8863,-314.491,-20.5063)
(19.629,-315.225,-12.9283)
(-264.913,173.155,113.964)
(-196.547,235.909,143.093)
(-314.128,115.781,-89.4487)
(-301.614,170.936,-102.759)
(-319.363,102.129,-73.8172)
(-438.405,128.38,69.0721)
(-154.118,-289.194,26.9838)
(-149.104,-251.486,70.944)
(-157.974,-289.9,30.3435)
(-239.908,-261.905,11.2031)
(-283.539,135.804,-120.589)
(-316.434,270.984,-52.4941)
(-287.297,137.279,-119.056)
(-363.221,108.817,-17.9185)
(277.19,153.638,43.6278)
(212.053,123.23,78.2768)
(275.855,156.61,45.2443)
(351.804,155.291,63.0706)
(-222.722,-235.484,-73.2306)
(-107.391,-261.089,-23.3852)
(-27.6923,320.444,0.510709)
(102.277,302.457,85.2754)
(-30.9953,329.108,7.1775)
(-114.823,266.155,-17.3063)
(215.488,-245.25,-1.74591)
(205.631,-219.399,85.6778)
(-312.66,52.3557,-4.98851)
(-350.957,9.67644,13.6304)
(336.058,-27.6666,0.371288)
(434.895,-23.4842,7.00856)
(-174.617,-263.462,5.31926)
(-206.705,-261.721,-25.2487)
(-173.795,-266.808,9.71617)
(-256.009,-327.165,56.4513)
(-97.3325,319.773,-8.63243)
(-18.1764,401.183,-115.372)
(-210.857,-237.254,28.276)
(-207.969,-273.651,-16.2568)
(221.423,227.311,-28.517)
(196.964,339.953,-94.2502)
(315.542,12.331,64.7759)
(309.119,88.508,24.5945)
(-312.795,98.5272,83.2255)
(-226.058,26.4332,210.204)
(131.436,306.437,-69.9046)
(130.071,359.592,10.5788)
(147.316,-275.745,62.2156)
(118.808,-297.069,156.264)
(130.862,-287.343,79.9748)
(176.522,-336.085,140.759)
(180.926,-255.516,17.2661)
(317.056,-358.922,87.6967)
(-156.54,-271.699,-22.8677)
(-135.765,-267.701,-114.742)
(168.121,-279.395,-90.8135)
(156.432,-347.656,-178.43)
(162.643,-277.043,-92.585)
(143.249,-337.447,-183.868)
(-19.7267,314.774,105.535)
(-11.3946,288.441,107.557)
(-17.7825,318.427,103.046)
(48.644,332.263,133.329)
(127.783,-303.743,-17.8827)
(118.637,-304.117,-24.0401)
(-30.4754,313.833,15.9109)
(-20.9381,323.016,29.4788)
(288.276,-146.399,98.5538)
(345.499,-125.553,65.6027)
(294.176,-148.911,103.432)
(307.419,-162.129,115.777)
(299.577,-154.148,115.412)
(364.069,-106.257,159.287)
(-269.94,-175.106,115.77)
(-297.575,-176.196,147.13)
(311.576,55.7361,54.2968)
(277.657,-10.5066,77.2051)
(-325.153,-42.4596,-39.4432)
(-380.608,-150.336,-34.5289)
(-43.7768,-309.859,-109.726)
(-14.1557,-290.782,-80.2244)
(181.843,254.795,90.593)
(257.16,230.14,20.0152)
(219.041,-242.527,71.2803)
(227.249,-301.137,-19.4767)
(223.395,-243.969,70.8947)
(202.179,-244.748,213.953)
(226.771,-244.726,71.446)
(291.549,-194.093,42.1816)
(-271.898,155.861,-47.6499)
(-291.96,109.703,-101.173)
(-175.528,-258.983,115.899)
(-222.46,-196.852,-19.2981)
(321.282,30.6914,-27.4929)
(358.857,15.7748,-93.9475)
(-306.677,-87.1517,-19.2024)
(-267.949,54.4363,-175.741)
(-306.492,-85.4579,-16.6852)
(-319.927,-54.8745,-24.3636)
(221.075,237.533,-117.071)
(262.426,235.867,-94.7347)
(-202.755,-239.892,115.267)
(-228.305,-179.053,106.04)
(66.884,310.934,105.383)
(112.103,266.262,185.941)
(-49.7685,-328.941,-107.207)
(-11.2079,-352.048,-67.4233)
(-48.413,-330.878,-102.928)
(-138.014,-395.772,-181.522)
(-214.995,229.312,-121.346)
(-124.607,297.887,-46.8597)
(274.129,-193.636,106.119)
(265.877,-154.46,68.1172)
(153.857,-287.801,-72.4719)
(117.647,-334.793,-34.7446)
(149.108,-289.209,-66.4975)
(108.612,-252.769,-20.8609)
(125.129,300.469,78.3606)
(284.266,330.844,-38.4701)
(241.445,207.209,123.589)
(230.404,172.897,57.6129)
(93.6202,-304.07,61.5104)
(-1.19801,-372.418,32.2843)
(-280.428,183.877,-37.8349)
(-366.551,131.83,-146.131)
(82.2739,302.779,-112.887)
(152.154,355.964,-138.246)
(80.8965,307.271,-118.715)
(16.7542,355.782,-193.919)
(84.4575,307.37,-119.975)
(89.6801,373.676,-199.926)
(-141.887,285.582,45.4611)
(-71.7592,253.444,4.91893)
(190.633,-247.029,44.4868)
(244.338,-286.547,31.0465)
(54.5228,327.3,23.3528)
(30.0172,251.986,17.9088)
(155.828,-271.236,-18.9808)
(48.2213,-252.784,-46.7572)
(148.972,-283.881,-15.6516)
(111.901,-251.47,-66.3516)
(-55.8369,332.236,-109.936)
(-42.1585,305.67,-36.6797)
(230.095,-240.538,78.9005)
(237.259,-245.624,22.9015)
(226.742,-247.56,82.7772)
(316.828,-262.02,94.7967)
(138.23,-279.988,-80.9568)
(141.362,-215.71,-140.463)
(-128.259,301.383,91.7842)
(-24.8211,384.603,109.016)
(-143.543,-278.607,66.3715)
(-199.045,-352.553,110.698)
(287.474,-125.866,-98.6545)
(271.97,-68.4931,-123.713)
(88.4051,309.638,4.61861)
(166.925,279.599,63.0324)
(-71.7173,-323.729,-7.7564)
(-96.7652,-363.688,16.4382)
(-71.5369,-324.039,-9.39459)
(-75.299,-330.531,-16.3176)
(-312.22,51.995,69.2574)
(-331.793,72.0735,10.0994)
(-319.638,48.4334,68.468)
(-398.606,51.5433,36.655)
(-320.872,47.7322,67.3168)
(-267.546,30.9507,87.708)
(-301.28,143.575,40.8208)
(-210.188,115.275,69.1942)
(314.642,-72.176,-23.9189)
(324.746,-149.627,19.2556)
(-130.29,300.272,70.6688)
(-175.766,214.748,12.0835)
(63.5463,-306.249,-42.5239)
(34.9015,-332.783,-19.031)
(85.2152,-321.215,104.594)
(120.705,-354.955,214.285)
(86.8845,-323.505,106.24)
(27.5564,-275.629,181.171)
(-179.106,264.074,-112.174)
(-282.345,290.963,-75.556)
(256.784,-179.366,-92.542)
(361.867,-307.132,-104.676)
(266.667,-176.13,-101.391)
(131.934,-159.661,-117.705)
(-282.894,135.848,69.5289)
(-325.585,107.192,38.7062)
(-283.997,134.275,68.776)
(-231.739,209.744,95.9641)
(-316.08,5.11094,-26.8243)
(-299.302,10.3867,-28.213)
(-325.057,3.80948,-22.8368)
(-261.487,16.3294,-78.13)
(-326.359,6.95997,-20.5834)
(-324.983,-86.7244,-65.2288)
(314.024,-13.8432,63.234)
(310.52,-37.5229,88.9304)
(317.05,-15.0824,64.2021)
(283.197,-23.1453,78.477)
(-54.7052,310.786,-84.3515)
(-64.5505,281.395,-49.151)
(259.133,-189.759,50.6933)
(321.078,-167.517,66.6661)
(-319.731,-77.5105,-3.655)
(-348.306,-36.5711,-2.98577)
(294.635,148.071,1.78353)
(263.611,87.0976,-29.7269)
(-175.175,263.55,-35.4312)
(-244.925,268.848,-147.523)
(-179.657,261.018,-15.1244)
(-213.525,165.842,-98.2901)
(-29.9341,-327.886,45.0922)
(37.3103,-382.721,-3.47216)
(-27.7369,-331.745,52.5508)
(-45.9139,-401.902,85.1146)
(-297.15,109.298,37.8046)
(-386.379,131.605,82.556)
(-301.656,109.981,42.7226)
(-337.872,-51.0919,81.9633)
(-315.922,77.4207,-69.6137)
(-336.388,41.9163,-70.2828)
(-315.562,74.0156,-85.1312)
(-322.858,19.6085,-18.4353)
(323.773,8.55042,47.3407)
(337.701,-3.8319,-58.7911)
(63.3029,321.424,-27.6806)
(15.6197,309.541,-49.5376)
(199.482,-251.371,22.5265)
(164.365,-310.233,131.912)
(202.196,-252.985,28.77)
(286.908,-298.595,23.5005)
(-283.139,-141.719,81.271)
(-271.457,-188.697,179.766)
(-198.21,-244.5,-27.57)
(-182.454,-288.532,-50.1118)
(-18.6336,-335.875,79.8903)
(-31.7544,-314.86,82.7435)
(-212.238,-231.931,-116.912)
(-167.939,-218.429,-139.149)
(-211.646,-234.256,-115.606)
(-95.5611,-184.528,-140.233)
(88.7772,-301.324,62.5995)
(71.5728,-342.451,112.18)
(-255.789,187.135,-32.9445)
(-293.597,265.894,-44.5928)
(51.3767,-308.838,51.4393)
(61.1103,-447.408,28.575)
(54.2588,-315.822,55.6097)
(-16.082,-346.791,46.6503)
(-297.429,108.903,-60.359)
(-317.329,136.897,-135.795)
(264.522,-172.44,92.5974)
(171.7,-100.297,25.9054)
(249.49,212.319,124.724)
(209.549,216.401,151.308)
(268.025,-198.45,63.8907)
(225.145,-264.073,141.771)
(269.861,-200.034,64.8902)
(189.098,-315.12,91.9583)
(-316.541,100.499,-35.8524)
(-179.478,61.5502,12.6427)
(-315.936,101.571,-35.1584)
(-226.905,110.698,-47.3011)
(288.125,-128.451,41.354)
(332.327,-199.65,35.2633)
(298.837,-115.171,53.4378)
(292.501,-164.833,55.4911)
(297.874,-113.961,61.6595)
(310.018,-110.585,7.38278)
(2.30579,325.505,-102.997)
(-0.683139,342.694,-247.411)
(19.8621,336.348,-112.986)
(-48.2658,388.605,-251.032)
(42.9806,-310.126,42.7887)
(-5.35978,-275.753,20.5839)
(22.2187,-312.186,65.228)
(-3.79274,-318.244,164.958)
(-139.955,297.915,-41.6881)
(-93.2623,258.952,-75.3615)
(-137.111,300.125,-38.7808)
(-78.0689,291.268,-13.407)
(-196.132,-246.601,66.2586)
(-198.066,-232.604,10.6032)
(244.46,195.275,-50.2761)
(207.797,253.049,-70.2933)
(242.15,210.756,-79.9861)
(184.056,231.495,-77.6774)
(-237.465,203.375,-7.16105)
(-337.83,225.562,19.1542)
(271.031,-157.803,6.13958)
(223.467,-123.269,-87.8557)
(-185.906,272.405,-64.1345)
(-138.259,276.668,-141.783)
(293.675,-115.195,39.573)
(252.616,-47.7811,-59.5129)
(291.299,-115.824,43.2082)
(364.902,-125.33,66.107)
(-293.414,123.861,-39.3464)
(-311.801,160.475,29.9655)
(-308.124,123.143,-45.1516)
(-468.079,66.9231,-55.6545)
(319.798,3.98077,38.1432)
(351.97,140.978,65.8812)
(317.196,6.48119,40.6457)
(245.374,40.0343,16.696)
(-7.69643,318.056,80.196)
(19.0105,277.109,75.1648)
(-3.84816,319.277,78.1895)
(-44.6256,187.337,119.592)
(201.771,-247.934,-62.3146)
(318.725,-153.473,-86.9392)
(-316.671,-10.3763,29.2464)
(-409.802,125.794,-13.768)
(332.727,18.5933,-51.512)
(316.567,-13.3713,-23.4877)
(-209.972,233.319,72.1064)
(-222.183,235.293,119.32)
(-195,-244.022,5.98222)
(-228.632,-254.359,-21.3903)
(144.385,-282.945,-86.7966)
(123.002,-287.466,22.0696)
(-149.691,281.799,90.4254)
(-264.044,134.277,11.9103)
(-150.826,281.44,87.586)
(-65.3845,332.447,142.358)
(-254.439,192.346,36.7108)
(-284.426,173.582,44.0113)
(249.647,-202.213,9.76811)
(282.179,-169.418,7.87833)
(256.198,-203.881,8.7339)
(269.79,-151.75,32.3808)
(-315.17,-13.4772,54.6163)
(-307.134,-14.2285,68.5762)
(-323.399,-12.8702,69.8331)
(-270.076,-40.0796,41.5453)
(-319.369,-17.7551,78.2955)
(-389.905,-63.2183,145.571)
(-111.335,295.858,109.409)
(-63.8167,367.458,43.794)
(186.446,-250.816,-92.2688)
(166.071,-250.813,-155.612)
(284.87,-139.55,-122.611)
(271.858,-102.369,-226.367)
(28.6315,-332.766,-84.2559)
(98.3819,-324.599,-182.327)
(-8.43491,321.408,82.703)
(55.2384,272.804,9.63903)
(-8.58709,322.063,82.0646)
(-84.0625,363.623,50.5012)
(-289.795,-166.582,-89.2292)
(-280.773,-169.27,-105.694)
(-294.567,-130.387,52.6338)
(-325.066,-103.021,90.0501)
(54.9958,315.875,45.526)
(-42.962,343.642,-58.7357)
(56.0061,316.922,46.8577)
(41.3274,247.376,138.862)
(48.4024,325.085,57.672)
(42.0712,307.005,74.445)
(-310.962,-63.7734,-70.5345)
(-429.468,-59.4122,-104.372)
(287.652,144.272,-78.7816)
(322.214,118.617,-50.7418)
(290.133,154.477,-71.969)
(337.24,270.174,-66.8288)
(-230.271,238.756,5.57292)
(-204.98,245.648,-32.0149)
(-83.3175,317.768,8.73186)
(-35.6254,356.53,50.6491)
(-183.143,-280.15,51.2768)
(-107.498,-313.437,147.458)
(-218.262,-232.056,-41.4703)
(-112.187,-201.565,-155.53)
(-234.078,-212.833,-38.1723)
(-287.384,-246.695,21.6341)
(-236.135,-213.061,-40.3311)
(-390.995,-206.998,-45.8069)
(299.67,90.7863,17.7458)
(358.127,80.6473,-39.8085)
(322.644,94.343,17.6532)
(306.32,98.0622,-43.621)
(336.395,-16.4023,-105.42)
(315.002,-61.5534,-141.952)
(224.011,237.704,-79.5326)
(212.347,224.634,-112.841)
(310.436,-75.6716,110.677)
(259.791,-139.289,49.2932)
(306.457,-102.712,-44.7671)
(247.259,36.0423,-2.45864)
(-280.963,163.033,72.9488)
(-287.227,82.2422,132.848)
(-97.1693,306.107,-12.607)
(-97.5256,318.441,-74.3602)
(114.379,-297.486,9.10869)
(198.933,-257.168,22.7578)
(-96.8755,-310.758,-0.401994)
(-80.8461,-416.563,-11.8055)
(-92.8188,-312.207,-1.24763)
(-128.192,-300.055,-95.5899)
(-1.64297,317.202,-3.3502)
(66.9585,234.059,112.143)
(-304.086,135.114,-89.8265)
(-290.921,5.45811,-102.89)
(95.4772,-300.2,-12.1271)
(73.8151,-367.739,-10.3712)
(98.3848,-300.837,-12.8976)
(32.6037,-309.632,76.3981)
(291.176,-127.725,-66.0498)
(314.058,-141.683,-106.194)
(264.293,-169.833,-93.8081)
(256.672,-180.613,5.92748)
(272.952,-165.318,-100.954)
(325.678,-137.495,-115.21)
(226.279,-234.047,-66.9395)
(298.992,-335.598,-26.2944)
(231.583,-219.734,-60.9912)
(182.872,-313.221,-48.3517)
(-141.43,-287.022,92.2239)
(-157.993,-220.145,85.9616)
(266.192,177.825,-54.2698)
(124.496,277.736,-95.0897)
(263.791,183.828,-54.1942)
(257.668,161.862,-125.941)
(267.748,186.125,-48.4847)
(253.376,219.812,-50.4228)
(310.092,49.0696,7.86649)
(337.491,116.249,-16.5652)
(317.222,51.8678,10.7763)
(387.139,-85.1875,-21.6462)
(159.47,-272.266,-38.3119)
(216.65,-299.113,-101.004)
(-253.013,221.367,122.215)
(-251.377,168.413,95.7393)
(77.4793,-304.2,-27.5457)
(46.7782,-349.808,-63.612)
(82.6502,313.197,30.9799)
(5.64148,360.564,-36.8057)
(-180.935,274.62,-3.60177)
(-238.416,355.982,14.4783)
(-116.95,-314.279,-89.9195)
(-3.14812,-271.807,-109.426)
(-242.18,212.648,-96.7189)
(-315.38,109.886,-118.168)
(195.352,-257.586,-50.2393)
(168.863,-283.037,33.9316)
(192.751,-271.322,-47.9668)
(279.623,-237.604,-63.3987)
(192.765,-276.683,-46.7681)
(220.692,-250.622,-39.2072)
(-61.078,313.937,62.1886)
(-102.525,415.39,105.367)
(-62.0431,319.385,67.9039)
(-101.793,464.797,131.998)
(-59.3205,318.164,70.5296)
(-23.2502,344.114,70.9157)
(329.093,23.9668,-18.4923)
(318.406,-11.7607,-8.69693)
(328.949,24.221,-20.5581)
(409.177,74.8408,-33.6128)
(-277.648,156.916,-92.6017)
(-284.66,183.177,-76.1703)
(309.036,-134.195,-120.319)
(378.424,-181.05,29.1138)
(-311.679,61.8036,42.0119)
(-359.556,45.9671,132.812)
(316.842,-24.3592,-13.9261)
(249.183,-33.5227,-2.90884)
(-140.953,281.427,-91.5584)
(-87.0346,265.621,-13.0766)
(-12.9533,-312.436,99.6102)
(19.7824,-255.581,96.365)
(-23.9341,-313.629,86.7744)
(2.21032,-256.398,35.6403)
(-66.7156,323.344,-77.7407)
(-93.3151,294.336,-60.165)
(84.0255,-307.69,72.2689)
(20.5825,-336.29,89.8996)
(89.805,-307.428,72.6491)
(51.4729,-283.597,122.609)
(81.8698,-321.284,74.1211)
(0.000372049,-389.648,55.4269)
(79.4997,-322.023,73.8719)
(-6.40507,-314.344,127.805)
(17.2856,333.054,-78.7675)
(-114.679,370.19,-101.776)
(-276.125,-147.785,-73.8509)
(-256.949,-198.434,-130.928)
(-289.059,-159.227,-64.4621)
(-306.259,-98.3393,27.1179)
(-236.653,-227.519,50.132)
(-94.7507,-125.26,77.0811)
(-256.602,183.613,27.7919)
(-291.992,149.419,34.9286)
(314.784,-98.2058,-10.6798)
(360.534,-147.268,20.1958)
(318.241,-94.2484,-9.00565)
(296.118,-113.801,23.4227)
(-309.404,45.7481,87.5249)
(-293.768,-26.2628,103.8)
(-312.081,45.109,89.0325)
(-263.613,93.6679,147.556)
(-321.249,51.7443,88.7271)
(-269.229,105.104,120.982)
(-327.651,55.3984,99.911)
(-248.283,115.903,139.923)
(318.307,93.9365,64.9267)
(364.339,87.1031,-42.3702)
(134.716,285.01,-69.3926)
(184.935,230.407,-105.902)
(124.96,294.56,-80.8403)
(162.936,158.782,-72.0876)
(-22.062,313.022,37.498)
(-62.3673,356.561,133.517)
(44.6028,-310.125,65.2746)
(21.7787,-279.894,41.7758)
(45.0578,-312.758,70.4332)
(40.5635,-362.303,63.3089)
(317.188,-30.2102,-89.6097)
(224.461,-104.558,-23.4248)
(315.661,-30.3631,17.1623)
(424.82,-31.4714,2.34814)
(-307.299,77.7751,-48.0515)
(-350.283,217.393,-56.7502)
(-306.138,74.6641,-45.7546)
(-304.511,33.1723,-115.156)
(-305.489,73.1482,-44.8335)
(-307.098,102.034,-36.0494)
(-123.712,-290.685,-121.206)
(-57.3039,-263.767,-90.2682)
(277.398,162.131,121.594)
(416.812,149.736,146.119)
(267.489,175.808,124.087)
(228.772,275.689,91.1556)
(264.283,185.062,122.271)
(327.518,139.421,188.891)
(251.119,191.328,123.098)
(233.521,79.5611,102.892)
(306.873,56.8783,107.415)
(289.271,125.367,-0.926344)
(313.917,64.6768,98.9185)
(210.684,91.3038,123.278)
(-315.497,-62.4222,-114.731)
(-335.875,50.7257,-217.876)
(-315.523,-62.3241,-113.216)
(-233.249,-85.8589,-188.128)
(54.5293,319.518,-77.6712)
(55.897,295.375,-140.088)
(38.9856,-315.701,-61.659)
(95.7579,-321.531,26.7139)
(72.2715,308.931,60.2775)
(84.5281,347.27,22.2475)
(71.5388,307.84,58.2809)
(48.8218,380.716,129.567)
(229.267,-239.109,-107.836)
(234.498,-257.266,-114.739)
(231.906,-239.915,-102.573)
(180.549,-337.96,-152.977)
(314.766,7.69172,71.858)
(185.023,-29.274,131.054)
(47.4681,321.707,114.368)
(155.223,351.615,60.1019)
(49.0069,326.089,117.238)
(111.577,407.6,71.5621)
(-310.81,-70.3641,71.1948)
(-292.042,-15.3476,-14.4801)
(-310.372,-66.0617,73.1901)
(-310.792,-207.265,60.1496)
(311.169,-50.412,51.0756)
(292.117,-18.7734,-76.9125)
(-317.244,25.1776,-26.7343)
(-235.636,-26.6872,-28.3912)
(-325.476,20.2979,-31.2416)
(-298.225,7.67496,48.8006)
(176.051,-265.291,112.667)
(114.808,-305.052,205.232)
(173.465,-267.859,116)
(128.741,-276.389,53.0656)
(-162.385,275.047,-118.201)
(-172.101,201.889,60.6363)
(165.339,-292.762,-20.0971)
(107.039,-333.151,-93.4252)
(-222.655,234.315,17.7885)
(-128.052,117.845,-16.4611)
(-223.649,238.974,13.1703)
(-203.086,91.2829,-91.5856)
(-222.462,241.73,15.5038)
(-123.858,300.063,53.2666)
(192.39,-251.436,-35.1146)
(148.928,-218.756,-69.4065)
(-177.574,257.978,33.0786)
(-253.526,173.902,52.4624)
(299.282,99.0638,102.672)
(243.883,24.6168,130.727)
(151.897,288.596,-100.318)
(182.003,338.439,-77.6792)
(-317.079,18.8377,124.185)
(-360.41,69.6417,157.894)
(118.605,-292.163,115.797)
(53.7899,-345.953,118.865)
(-306.06,92.5681,14.4177)
(-402.939,122.265,-5.78691)
(-303.397,91.9386,11.262)
(-323.827,59.8672,33.0007)
(297.931,-124.989,-19.513)
(223.405,-76.632,28.1293)
(302.124,-143.648,-22.9122)
(289.659,-124.111,-50.5152)
(-277.943,151.264,-108.876)
(-354.983,262.466,-109.704)
(-280.374,153.294,-107.161)
(-260.463,172.239,-68.3886)
(-304.423,-67.5505,-65.4453)
(-337.476,-113.762,-142.167)
(294.649,-111.318,-86.1537)
(352.711,-172.05,-38.1958)
(-317.162,17.9268,-115.537)
(-200.362,87.9985,-71.2221)
(324.471,-13.6453,73.8064)
(350.604,-69.3473,134.236)
(-330.834,12.4233,-82.1998)
(-387.38,38.9182,-16.3279)
(-331.078,10.6848,-81.3162)
(-309.419,124.657,-173.074)
(-250.045,187.825,65.8614)
(-208.863,116.743,117.57)
(114.8,-301.646,-103.501)
(46.9876,-351.37,-29.3157)
(118.005,-299.761,-107.355)
(191.566,-294.428,-143.003)
(-122.235,-290.489,-56.3057)
(-148.568,-322.266,-73.5992)
(196.282,247.256,44.9702)
(221.173,245.39,164.604)
(-24.6877,315.4,-70.3564)
(-67.9302,324.26,-117.04)
(-24.752,320.706,-86.4172)
(76.9975,233.849,-124.996)
(-22.8072,328.049,-89.513)
(-26.9724,381.165,11.8717)
(-222.59,-227.817,48.0989)
(-123.434,-285.703,43.3735)
(-235.912,-223.371,35.6915)
(-229.046,-224.71,67.8322)
(202.206,258.433,-85.2712)
(198.455,219.852,40.4641)
(-251.367,-206.167,64.8515)
(-332.353,-290.86,137.251)
(-251.852,-206.484,63.5501)
(-358.335,-231.292,86.1174)
(267.763,192.482,63.1526)
(360.47,119.402,53.0821)
(272.184,198.581,62.8725)
(323.454,141.176,108.009)
(-298.331,-95.2012,-32.4585)
(-343.815,-93.2945,-36.2029)
(309.375,-48.4035,-100.15)
(414.538,-70.5841,-23.4387)
(-316.44,-31.7516,-38.183)
(-308.848,-57.309,-100.485)
(-325.792,-31.1438,-36.0979)
(-386.053,-14.1657,-57.9431)
(-330.062,-24.7399,-40.677)
(-307.491,11.0037,13.2241)
(-331.571,-25.7222,-45.3279)
(-368.268,-42.1534,-217.927)
(309.738,52.6223,63.3981)
(379.925,57.6926,41.4924)
(280.297,-138.459,122.406)
(374.3,-90.9163,189.717)
(-13.0392,-319.987,74.2209)
(34.8657,-362.39,-35.4003)
(158.84,272.663,-60.5175)
(165.183,218.229,52.329)
(-191.445,-272.862,-56.6613)
(-300.842,-219.982,-122.666)
(-79.0517,321.015,65.0906)
(-59.3103,229.606,157.608)
(-69.0669,324.334,67.7459)
(-9.35213,256.72,61.8496)
(225.769,233.589,118.977)
(246.379,234.666,130.729)
(285.194,141.663,-8.06153)
(384.472,32.4697,-23.6223)
(-212.765,233.497,20.9627)
(-96.9008,247.851,119.495)
(-238.632,-201.169,-61.5618)
(-145.319,-210.106,-93.7288)
(293.762,135.421,37.0653)
(198.646,70.5791,-51.8465)
(-233.422,215.157,15.8869)
(-341.344,114.636,44.2244)
(180.429,-269.578,-22.7446)
(164.905,-243.293,-123.249)
(-171.944,266.692,5.5283)
(-126.315,347.837,-18.6035)
(187.264,-259.221,-9.01926)
(64.2092,-350.59,39.365)
(-136.726,-289.678,34.5036)
(-76.2727,-387.505,81.0298)
(204.493,240.229,-26.803)
(53.3386,191.149,26.1447)
(204.686,246.491,-19.022)
(216.389,286.812,50.6596)
(101.802,321.762,-43.9257)
(91.57,342.1,-32.6723)
(-322.426,0.756641,11.6558)
(-431.241,-88.1378,19.7261)
(-336.059,-2.24199,6.52869)
(-357.493,-149.948,35.8868)
(304.196,-80.9811,-83.3302)
(321.106,-118.894,-82.9707)
(302.233,-83.3238,-82.1748)
(309.174,-82.0477,-77.9882)
(178.662,-259.259,-10.0226)
(79.8477,-378.878,-33.2292)
(-192.592,254.02,-109.187)
(-174.266,292.65,4.86525)
(-189.593,255.948,-111.529)
(-325.378,317.543,-28.7228)
(-188.574,260.667,-112.849)
(-167.995,276.506,-42.1178)
(313.179,-80.8475,80.0216)
(323.256,-69.288,61.904)
(98.5136,-301.106,-121.135)
(150.161,-365.191,-48.1527)
(295.419,138.417,-29.3252)
(286.299,92.2114,-15.2085)
(-232.031,-217.196,-108.732)
(-289.17,-217.387,-69.0324)
(-143.387,-287.162,55.4214)
(-99.552,-172.964,-2.05253)
(-144.768,-285.421,52.531)
(-125.275,-355.134,39.5693)
(52.9273,316.576,-61.2414)
(100.789,367.759,-146.958)
(-216.687,-234.443,-0.344854)
(-148.088,-182.056,-59.452)
(-218.485,-233.146,-1.54203)
(-281.343,-289.418,-30.0281)
(-307.374,-55.5178,-102.376)
(-320.648,-119.869,-98.5409)
(-312.991,-28.6332,-121.606)
(-281.643,-5.49668,-106.095)
(-97.5865,-300.658,46.208)
(-53.0861,-248.827,-51.8308)
(-98.2572,-299.127,45.7091)
(-118.292,-299.403,58.8173)
(1.31282,322.972,-53.1725)
(-37.2619,391.63,-183.267)
(-192.389,273.734,-63.3957)
(-221.173,332.329,-65.4411)
(278.402,-152.354,35.1412)
(318.879,-127.159,31.0376)
(278.283,-151.78,35.0588)
(267.509,-122.925,89.561)
(87.5533,301.508,-93.1373)
(97.0211,378.392,-67.5601)
(-249.392,-212.174,66.4419)
(-253.743,-166.644,78.3128)
(-250.336,-215.496,69.7236)
(-166.782,-207.139,43.8708)
(-153.748,277.431,9.78804)
(-38.669,220.823,-42.3493)
(-321.536,47.1969,49.0762)
(-367.435,42.2452,73.4176)
(304.55,-91.2873,-100.776)
(255.114,-15.3829,-54.9899)
(13.8398,320.497,84.4664)
(-64.8903,336.354,154.464)
(13.0206,320.684,81.1441)
(36.6201,345.52,29.1417)
(-208.764,-251.293,-60.6005)
(-212.341,-280.165,-75.2934)
(-296.612,113.47,-57.0252)
(-300.375,56.3218,-25.6145)
(-299.437,111.85,-60.7177)
(-349.292,79.5476,-152.863)
(-226.928,235.703,96.4668)
(-237.789,201.185,157.516)
(-241.697,232.426,105.766)
(-248.124,404.785,117.043)
(-241.709,231.42,103.833)
(-150.94,306.119,174.922)
(216.053,-255.067,30.445)
(386.811,-365.122,-4.93822)
(-292.353,135.66,106.825)
(-323.035,92.7688,212.48)
(-115.377,302.48,-34.862)
(-139.547,376.015,113.174)
(-113.273,300.808,-34.436)
(-115.388,179.509,-47.696)
(-104.139,-316.799,33.8939)
(-253.319,-310.489,-59.5241)
(-88.2884,300.597,23.4856)
(-89.0517,339.301,-103.206)
(-269.973,-198.267,-7.28878)
(-216.784,-145.468,-13.3088)
(-267.409,-201.954,-8.3592)
(-281.63,-127.342,20.1529)
(126.347,293.489,8.69291)
(94.7732,267.564,34.5491)
(123.096,293.82,8.9667)
(82.1779,323.753,92.9385)
(-289.057,122.432,100.022)
(-259.918,48.3485,132.009)
(-291.59,119.75,102.079)
(-164.76,95.6103,133.629)
(-302.24,-101.231,91.5347)
(-402.839,-99.3822,173.98)
(249.854,-210.773,97.3943)
(328.707,-174.48,217.855)
(242.972,209.834,45.1299)
(267.569,103.531,-9.315)
(-247.493,210.207,-65.3902)
(-211.881,234.509,13.2917)
(-250.284,206.856,-61.9987)
(-110.897,117.747,-98.9602)
(-250.253,204.084,-65.0604)
(-307.891,223.929,-39.5628)
(158.004,-297.723,94.3266)
(172.709,-288.131,159.177)
(-175.341,259.399,91.2155)
(-227.365,338.477,152.71)
(-29.7383,-318.575,-109.008)
(-82.883,-295.17,-188.503)
0 events have been kept for refreshing and/or reviewing.
  "/vis/reviewKeptEvents" to review them one by one.
  "/vis/enable", then "/vis/viewer/flush" or "/vis/viewer/rebuild" to see them accumulated.
[Core-0] End of macro ./split/.Gate/main126/main6.mac
Graphics systems deleted.
Visualization Manager deleting...
