[G4] 
[G4] **************************************************************
[G4]  Geant4 version Name: geant4-10-07-patch-02    (11-June-2021)
[G4]                        Copyright : Geant4 Collaboration
[G4]                       References : NIM A 506 (2003), 250-303
[G4]                                  : IEEE-TNS 53 (2006), 270-278
[G4]                                  : NIM A 835 (2016), 186-225
[G4]                              WWW : http://geant4.org/
[G4] **************************************************************
[G4] 
[Core-0] Initialization of geometry
[Core-0] Initialization of physics
[Core-0] Initialization of actors
[Core-0] 
[Core-0] *************************************************
[Core-0]  GATE version 9.1 (2021)
[Core-0]  Copyright : OpenGATE Collaboration
[Core-0]  Reference : Phys. Med. Biol. 49 (2004) 4543-4561
[Core-0]  Reference : Phys. Med. Biol. 56 (2011) 881-901
[Core-0]  Reference : Med. Phys. 41(6)    (2014)
[Core-0]  http://www.opengatecollaboration.org        
[Core-0] *************************************************
[Core-0] 
[Core-0] You are using Geant4 version 10.7.2
[Core-0] Starting macro ./split/.Gate/main126/main15.mac
0: RINDEX
1.84e-06   1.00028
4.08e-06   1.00028
9: GROUPVEL
1.84e-06   299.709
4.08e-06   299.709
16: ABSLENGTH
1.84e-06   50000
4.08e-06   50000
 <!> *** WARNING *** <!>  GateMaterialDatabase: Multiple definition of element: Yttrium.
The definition in ClMind_GateMaterials.db was used.


GATE object:        'systems/cylindricalPET'
Components:

GATE object:        'systems/cylindricalPET/base'
Attached to volume: cylindricalPET
Nb of children:       1

	GATE object:        'systems/cylindricalPET/rsector'
	Attached to volume: module
	Nb of children:       1

		GATE object:        'systems/cylindricalPET/module'
		Attached to volume: unit
		Nb of children:       1

			GATE object:        'systems/cylindricalPET/submodule'
			Attached to volume: block
			Nb of children:       1

				GATE object:        'systems/cylindricalPET/crystal'
				Attached to volume: optical
				Nb of children:       4

					GATE object:        'systems/cylindricalPET/layer0'
					Attached to volume: crystal
					Nb of children:       0

					GATE object:        'systems/cylindricalPET/layer1'
					Attached to volume: ---
					Nb of children:       0

					GATE object:        'systems/cylindricalPET/layer2'
					Attached to volume: ---
					Nb of children:       0

					GATE object:        'systems/cylindricalPET/layer3'
					Attached to volume: ---
					Nb of children:       0
geometrical design type: 1
ring diameter: -3.95 mm 
rsector axial pitch: 0 fm 
rsector azimuthal pitch: 12.8571 degree
rsector tangential size: 2.5 cm 
rsector axial size: 25.04 cm 
module axial size: 4.784 cm 
module tangential size: 2.5 cm 
module axial pitch: 0 fm 
module tangential pitch: 0 fm 
submodule axial size: 4.784 cm 
submodule tangential size: 2.5 cm 
submodule axial pitch: 0 fm 
submodule tangential pitch: 0 fm 
crystal radial size: 1.59 cm 
crystal axial size: 1.59 cm 
crystal tangential size: 2.5 cm 
crystal axial pitch: 0 fm 
crystal tangential pitch: 0 fm 
layer0 radial size: 3.95 mm 
in layer0 interaction length: 1.975 mm 
Axial nb of rsectors: 1
Azimuthal nb of rsectors: 28
Axial nb of modules: 1
Tangential nb of modules: 1
Axial nb of submodules: 1
Tangential nb of submodules: 1
Axial nb of crystals: 1
Tangential nb of crystals: 1
Radial nb of layers: 1
[Physic-0] The following Geant4's physic-list is enabled :emstandard_opt3


List of Enabled processes:




List of initialized processes:


[Core-0] Initialization of geometry
[Core-0] Initialization of physics
[Core-0] Initialization of actors
 <!> *** WARNING *** <!>  The 'energytype' option is DEPRECATED, use 'ene/type' instead!
 <!> *** WARNING *** <!>  The 'energytype' option is DEPRECATED, use 'ene/type' instead!
 <!> *** WARNING *** <!>  The 'energytype' option is DEPRECATED, use 'ene/type' instead!
 <!> *** WARNING *** <!>  The 'energytype' option is DEPRECATED, use 'ene/type' instead!
 <!> *** WARNING *** <!>  The 'energytype' option is DEPRECATED, use 'ene/type' instead!
 <!> *** WARNING *** <!>  The 'energytype' option is DEPRECATED, use 'ene/type' instead!
 <!> *** WARNING *** <!>  The 'energytype' option is DEPRECATED, use 'ene/type' instead!
 <!> *** WARNING *** <!>  The 'energytype' option is DEPRECATED, use 'ene/type' instead!
 <!> *** WARNING *** <!>  The 'energytype' option is DEPRECATED, use 'ene/type' instead!
[Acquisition-0]   
[Acquisition-0] ============= Source initialization =============
[Acquisition-0]   
[Acquisition-0] ============= Acquisition starts! =============
[Acquisition-0] Simulation start time = 0 sec
[Acquisition-0] Simulation end time   = 1 sec
[Acquisition-0] Simulation will have  = 1 run(s)
[Acquisition-0] Slice 0 from 0 to 1 s [slice=1 s]

### ===  Deexcitation model UAtomDeexcitation is activated for 25 regions:
          DefaultRegionForTheWorld  1  1  1
          cylindricalPET  1  1  1
          module  1  1  1
          unit  1  1  1
          block  1  1  1
          optical  1  1  1
          crystal  1  1  1
          capillaire1  1  1  1
          capillaire1_water  1  1  1
          capillaire2  1  1  1
          capillaire2_water  1  1  1
          capillaire3  1  1  1
          capillaire3_water  1  1  1
          capillaire4  1  1  1
          capillaire4_water  1  1  1
          capillaire5  1  1  1
          capillaire5_water  1  1  1
          capillaire_m1  1  1  1
          capillaire_m1_water  1  1  1
          capillaire_m2  1  1  1
          capillaire_m2_water  1  1  1
          capillaire_m3  1  1  1
          capillaire_m3_water  1  1  1
          capillaire_m4  1  1  1
          capillaire_m4_water  1  1  1
### ===  Ignore cuts flag:   0

phot:  for gamma applyCuts:1  SubType=12 BuildTable=0
      LambdaPrime table from 200 keV to 100 TeV in 174 bins 
      ===== EM models for the G4Region  DefaultRegionForTheWorld ======
 LivermorePhElectric : Emin=    0 eV  Emax=  100 TeV  SauterGavrila Fluo

compt:  for gamma applyCuts:1  SubType=13 BuildTable=1
      Lambda table from 10 eV  to 1 MeV, 20 bins/decade, spline: 1
      LambdaPrime table from 1 MeV to 100 TeV in 160 bins 
      ===== EM models for the G4Region  DefaultRegionForTheWorld ======
        KleinNishina : Emin=    0 eV  Emax=  100 TeV Fluo

conv:  for gamma applyCuts:1  SubType=14 BuildTable=1
      Lambda table from 1.022 MeV to 100 TeV, 20 bins/decade, spline: 1
      ===== EM models for the G4Region  DefaultRegionForTheWorld ======
     BetheHeitlerLPM : Emin=    0 eV  Emax=  100 TeV  ModifiedTsai

Rayl:  for gamma applyCuts:1  SubType=11 BuildTable=1
      Lambda table from 10 eV  to 100 keV, 20 bins/decade, spline: 0
      LambdaPrime table from 100 keV to 100 TeV in 180 bins 
      ===== EM models for the G4Region  DefaultRegionForTheWorld ======
   LivermoreRayleigh : Emin=    0 eV  Emax=  100 TeV  CullenGenerator

msc:  for e-  SubType= 10
      ===== EM models for the G4Region  DefaultRegionForTheWorld ======
            UrbanMsc : Emin=    0 eV  Emax=  100 TeV Nbins=240 100 eV  - 100 TeV
              StepLim=DistanceToBoundary Rfact=0.04 Gfact=2.5 Sfact=0.6 DispFlag:1 Skin=1 Llimit=1

eIoni:  for e-  SubType=2
      dE/dx and range tables from 10 eV  to 100 TeV in 260 bins
      Lambda tables from threshold to 100 TeV, 20 bins/decade, spline: 1
      StepFunction=(0.2, 0.1 mm), integ: 1, fluct: 1, linLossLim= 0.01
      ===== EM models for the G4Region  DefaultRegionForTheWorld ======
        MollerBhabha : Emin=    0 eV  Emax=  100 TeV  deltaVI

eBrem:  for e-  SubType=3
      dE/dx and range tables from 10 eV  to 100 TeV in 260 bins
      Lambda tables from threshold to 100 TeV, 20 bins/decade, spline: 1
      LPM flag: 1 for E > 1 GeV,  VertexHighEnergyTh(GeV)= 100000
      ===== EM models for the G4Region  DefaultRegionForTheWorld ======
             eBremSB : Emin=    0 eV  Emax=    1 GeV  AngularGen2BS
            eBremLPM : Emin=    1 GeV Emax=  100 TeV  AngularGen2BS

ePairProd:  for e-  SubType=4
      dE/dx and range tables from 10 eV  to 100 TeV in 260 bins
      Lambda tables from threshold to 100 TeV, 20 bins/decade, spline: 1
      Sampling table 25x1001; from 0.1 GeV to 100 TeV 
      ===== EM models for the G4Region  DefaultRegionForTheWorld ======
           ePairProd : Emin=    0 eV  Emax=  100 TeV  ModifiedMephi

msc:  for e+  SubType= 10
      ===== EM models for the G4Region  DefaultRegionForTheWorld ======
            UrbanMsc : Emin=    0 eV  Emax=  100 TeV Nbins=240 100 eV  - 100 TeV
              StepLim=DistanceToBoundary Rfact=0.04 Gfact=2.5 Sfact=0.6 DispFlag:1 Skin=1 Llimit=1

eIoni:  for e+  SubType=2
      dE/dx and range tables from 10 eV  to 100 TeV in 260 bins
      Lambda tables from threshold to 100 TeV, 20 bins/decade, spline: 1
      StepFunction=(0.2, 0.1 mm), integ: 1, fluct: 1, linLossLim= 0.01
      ===== EM models for the G4Region  DefaultRegionForTheWorld ======
        MollerBhabha : Emin=    0 eV  Emax=  100 TeV  deltaVI

eBrem:  for e+  SubType=3
      dE/dx and range tables from 10 eV  to 100 TeV in 260 bins
      Lambda tables from threshold to 100 TeV, 20 bins/decade, spline: 1
      LPM flag: 1 for E > 1 GeV,  VertexHighEnergyTh(GeV)= 100000
      ===== EM models for the G4Region  DefaultRegionForTheWorld ======
             eBremSB : Emin=    0 eV  Emax=    1 GeV  AngularGen2BS
            eBremLPM : Emin=    1 GeV Emax=  100 TeV  AngularGen2BS

ePairProd:  for e+  SubType=4
      dE/dx and range tables from 10 eV  to 100 TeV in 260 bins
      Lambda tables from threshold to 100 TeV, 20 bins/decade, spline: 1
      Sampling table 25x1001; from 0.1 GeV to 100 TeV 
      ===== EM models for the G4Region  DefaultRegionForTheWorld ======
           ePairProd : Emin=    0 eV  Emax=  100 TeV  ModifiedMephi

annihil:  for e+, integral:1  applyCuts:1  SubType=5 BuildTable=0
      ===== EM models for the G4Region  DefaultRegionForTheWorld ======
            eplus2gg : Emin=    0 eV  Emax=  100 TeV

msc:  for proton  SubType= 10
      ===== EM models for the G4Region  DefaultRegionForTheWorld ======
            UrbanMsc : Emin=    0 eV  Emax=  100 TeV Nbins=240 100 eV  - 100 TeV
              StepLim=Minimal Rfact=0.2 Gfact=2.5 Sfact=0.6 DispFlag:1 Skin=1 Llimit=1

hIoni:  for proton  SubType=2
      dE/dx and range tables from 10 eV  to 100 TeV in 260 bins
      Lambda tables from threshold to 100 TeV, 20 bins/decade, spline: 1
      StepFunction=(0.2, 0.05 mm), integ: 1, fluct: 1, linLossLim= 0.01
      ===== EM models for the G4Region  DefaultRegionForTheWorld ======
               Bragg : Emin=    0 eV  Emax=    2 MeV  deltaVI
          BetheBloch : Emin=    2 MeV Emax=  100 TeV  deltaVI

hBrems:  for proton  SubType=3
      dE/dx and range tables from 10 eV  to 100 TeV in 260 bins
      Lambda tables from threshold to 100 TeV, 20 bins/decade, spline: 1
      ===== EM models for the G4Region  DefaultRegionForTheWorld ======
               hBrem : Emin=    0 eV  Emax=  100 TeV  ModifiedMephi
      ===== Limit on energy threshold has been applied 

hPairProd:  for proton  SubType=4
      dE/dx and range tables from 10 eV  to 100 TeV in 260 bins
      Lambda tables from threshold to 100 TeV, 20 bins/decade, spline: 1
      Sampling table 17x1001; from 7.50618 GeV to 100 TeV 
      ===== EM models for the G4Region  DefaultRegionForTheWorld ======
           hPairProd : Emin=    0 eV  Emax=  100 TeV  ModifiedMephi

nuclearStopping:  for proton applyCuts:1  SubType=8 BuildTable=0
      ===== EM models for the G4Region  DefaultRegionForTheWorld ======
   ICRU49NucStopping : Emin=    0 eV  Emax=    1 MeV

msc:  for GenericIon  SubType= 10
      ===== EM models for the G4Region  DefaultRegionForTheWorld ======
            UrbanMsc : Emin=    0 eV  Emax=  100 TeV
              StepLim=Minimal Rfact=0.2 Gfact=2.5 Sfact=0.6 DispFlag:1 Skin=1 Llimit=1

ionIoni:  for GenericIon  SubType=2
      dE/dx and range tables from 10 eV  to 100 TeV in 260 bins
      Lambda tables from threshold to 100 TeV, 20 bins/decade, spline: 1
      StepFunction=(0.1, 0.02 mm), integ: 1, fluct: 1, linLossLim= 0.02
      ===== EM models for the G4Region  DefaultRegionForTheWorld ======
         ParamICRU73 : Emin=    0 eV  Emax=  100 TeV  deltaVI

nuclearStopping:  for GenericIon applyCuts:1  SubType=8 BuildTable=0
      ===== EM models for the G4Region  DefaultRegionForTheWorld ======
   ICRU49NucStopping : Emin=    0 eV  Emax=    1 MeV

msc:  for alpha  SubType= 10
      ===== EM models for the G4Region  DefaultRegionForTheWorld ======
            UrbanMsc : Emin=    0 eV  Emax=  100 TeV Nbins=240 100 eV  - 100 TeV
              StepLim=Minimal Rfact=0.2 Gfact=2.5 Sfact=0.6 DispFlag:1 Skin=1 Llimit=1

ionIoni:  for alpha  SubType=2
      dE/dx and range tables from 10 eV  to 100 TeV in 260 bins
      Lambda tables from threshold to 100 TeV, 20 bins/decade, spline: 1
      StepFunction=(0.1, 0.02 mm), integ: 1, fluct: 1, linLossLim= 0.02
      ===== EM models for the G4Region  DefaultRegionForTheWorld ======
            BraggIon : Emin=    0 eV  Emax=7.9452 MeV  deltaVI
          BetheBloch : Emin=7.9452 MeV Emax=  100 TeV  deltaVI

nuclearStopping:  for alpha applyCuts:1  SubType=8 BuildTable=0
      ===== EM models for the G4Region  DefaultRegionForTheWorld ======
   ICRU49NucStopping : Emin=    0 eV  Emax=    1 MeV

msc:  for anti_proton  SubType= 10
      ===== EM models for the G4Region  DefaultRegionForTheWorld ======
            UrbanMsc : Emin=    0 eV  Emax=  100 TeV Nbins=240 100 eV  - 100 TeV
              StepLim=Minimal Rfact=0.2 Gfact=2.5 Sfact=0.6 DispFlag:1 Skin=1 Llimit=1

hIoni:  for anti_proton  SubType=2
      dE/dx and range tables from 10 eV  to 100 TeV in 260 bins
      Lambda tables from threshold to 100 TeV, 20 bins/decade, spline: 1
      StepFunction=(0.2, 0.05 mm), integ: 1, fluct: 1, linLossLim= 0.01
      ===== EM models for the G4Region  DefaultRegionForTheWorld ======
            ICRU73QO : Emin=    0 eV  Emax=    2 MeV  deltaVI
          BetheBloch : Emin=    2 MeV Emax=  100 TeV  deltaVI

hBrems:  for anti_proton  SubType=3
      dE/dx and range tables from 10 eV  to 100 TeV in 260 bins
      Lambda tables from threshold to 100 TeV, 20 bins/decade, spline: 1
      ===== EM models for the G4Region  DefaultRegionForTheWorld ======
               hBrem : Emin=    0 eV  Emax=  100 TeV  ModifiedMephi
      ===== Limit on energy threshold has been applied 

hPairProd:  for anti_proton  SubType=4
      dE/dx and range tables from 10 eV  to 100 TeV in 260 bins
      Lambda tables from threshold to 100 TeV, 20 bins/decade, spline: 1
      Sampling table 17x1001; from 7.50618 GeV to 100 TeV 
      ===== EM models for the G4Region  DefaultRegionForTheWorld ======
           hPairProd : Emin=    0 eV  Emax=  100 TeV  ModifiedMephi

msc:  for kaon+  SubType= 10
      ===== EM models for the G4Region  DefaultRegionForTheWorld ======
            UrbanMsc : Emin=    0 eV  Emax=  100 TeV Nbins=240 100 eV  - 100 TeV
              StepLim=Minimal Rfact=0.2 Gfact=2.5 Sfact=0.6 DispFlag:1 Skin=1 Llimit=1

hIoni:  for kaon+  SubType=2
      dE/dx and range tables from 10 eV  to 100 TeV in 260 bins
      Lambda tables from threshold to 100 TeV, 20 bins/decade, spline: 1
      StepFunction=(0.2, 0.05 mm), integ: 1, fluct: 1, linLossLim= 0.01
      ===== EM models for the G4Region  DefaultRegionForTheWorld ======
               Bragg : Emin=    0 eV  Emax=1.05231 MeV  deltaVI
          BetheBloch : Emin=1.05231 MeV Emax=  100 TeV  deltaVI

hBrems:  for kaon+  SubType=3
      dE/dx and range tables from 10 eV  to 100 TeV in 260 bins
      Lambda tables from threshold to 100 TeV, 20 bins/decade, spline: 1
      ===== EM models for the G4Region  DefaultRegionForTheWorld ======
               hBrem : Emin=    0 eV  Emax=  100 TeV  ModifiedMephi
      ===== Limit on energy threshold has been applied 

hPairProd:  for kaon+  SubType=4
      dE/dx and range tables from 10 eV  to 100 TeV in 260 bins
      Lambda tables from threshold to 100 TeV, 20 bins/decade, spline: 1
      Sampling table 18x1001; from 3.94942 GeV to 100 TeV 
      ===== EM models for the G4Region  DefaultRegionForTheWorld ======
           hPairProd : Emin=    0 eV  Emax=  100 TeV  ModifiedMephi

msc:  for kaon-  SubType= 10
      ===== EM models for the G4Region  DefaultRegionForTheWorld ======
            UrbanMsc : Emin=    0 eV  Emax=  100 TeV Nbins=240 100 eV  - 100 TeV
              StepLim=Minimal Rfact=0.2 Gfact=2.5 Sfact=0.6 DispFlag:1 Skin=1 Llimit=1

hIoni:  for kaon-  SubType=2
      dE/dx and range tables from 10 eV  to 100 TeV in 260 bins
      Lambda tables from threshold to 100 TeV, 20 bins/decade, spline: 1
      StepFunction=(0.2, 0.05 mm), integ: 1, fluct: 1, linLossLim= 0.01
      ===== EM models for the G4Region  DefaultRegionForTheWorld ======
            ICRU73QO : Emin=    0 eV  Emax=1.05231 MeV  deltaVI
          BetheBloch : Emin=1.05231 MeV Emax=  100 TeV  deltaVI

hBrems:  for kaon-  SubType=3
      dE/dx and range tables from 10 eV  to 100 TeV in 260 bins
      Lambda tables from threshold to 100 TeV, 20 bins/decade, spline: 1
      ===== EM models for the G4Region  DefaultRegionForTheWorld ======
               hBrem : Emin=    0 eV  Emax=  100 TeV  ModifiedMephi
      ===== Limit on energy threshold has been applied 

hPairProd:  for kaon-  SubType=4
      dE/dx and range tables from 10 eV  to 100 TeV in 260 bins
      Lambda tables from threshold to 100 TeV, 20 bins/decade, spline: 1
      Sampling table 18x1001; from 3.94942 GeV to 100 TeV 
      ===== EM models for the G4Region  DefaultRegionForTheWorld ======
           hPairProd : Emin=    0 eV  Emax=  100 TeV  ModifiedMephi

msc:  for mu+  SubType= 10
      ===== EM models for the G4Region  DefaultRegionForTheWorld ======
            UrbanMsc : Emin=    0 eV  Emax=  100 TeV Nbins=240 100 eV  - 100 TeV
              StepLim=Minimal Rfact=0.2 Gfact=2.5 Sfact=0.6 DispFlag:1 Skin=1 Llimit=1

muIoni:  for mu+  SubType=2
      dE/dx and range tables from 10 eV  to 100 TeV in 260 bins
      Lambda tables from threshold to 100 TeV, 20 bins/decade, spline: 1
      StepFunction=(0.2, 0.05 mm), integ: 1, fluct: 1, linLossLim= 0.01
      ===== EM models for the G4Region  DefaultRegionForTheWorld ======
               Bragg : Emin=    0 eV  Emax=  200 keV  deltaVI
          BetheBloch : Emin=  200 keV Emax=    1 GeV  deltaVI
        MuBetheBloch : Emin=    1 GeV Emax=  100 TeV

muBrems:  for mu+  SubType=3
      dE/dx and range tables from 10 eV  to 100 TeV in 260 bins
      Lambda tables from threshold to 100 TeV, 20 bins/decade, spline: 1
      ===== EM models for the G4Region  DefaultRegionForTheWorld ======
              MuBrem : Emin=    0 eV  Emax=  100 TeV  ModifiedMephi
      ===== Limit on energy threshold has been applied 

muPairProd:  for mu+  SubType=4
      dE/dx and range tables from 10 eV  to 100 TeV in 260 bins
      Lambda tables from threshold to 100 TeV, 20 bins/decade, spline: 1
      Sampling table 21x1001; from 1 GeV to 100 TeV 
      ===== EM models for the G4Region  DefaultRegionForTheWorld ======
          muPairProd : Emin=    0 eV  Emax=  100 TeV  ModifiedMephi

msc:  for mu-  SubType= 10
      ===== EM models for the G4Region  DefaultRegionForTheWorld ======
            UrbanMsc : Emin=    0 eV  Emax=  100 TeV Nbins=240 100 eV  - 100 TeV
              StepLim=Minimal Rfact=0.2 Gfact=2.5 Sfact=0.6 DispFlag:1 Skin=1 Llimit=1

muIoni:  for mu-  SubType=2
      dE/dx and range tables from 10 eV  to 100 TeV in 260 bins
      Lambda tables from threshold to 100 TeV, 20 bins/decade, spline: 1
      StepFunction=(0.2, 0.05 mm), integ: 1, fluct: 1, linLossLim= 0.01
      ===== EM models for the G4Region  DefaultRegionForTheWorld ======
            ICRU73QO : Emin=    0 eV  Emax=  200 keV  deltaVI
          BetheBloch : Emin=  200 keV Emax=    1 GeV  deltaVI
        MuBetheBloch : Emin=    1 GeV Emax=  100 TeV

muBrems:  for mu-  SubType=3
      dE/dx and range tables from 10 eV  to 100 TeV in 260 bins
      Lambda tables from threshold to 100 TeV, 20 bins/decade, spline: 1
      ===== EM models for the G4Region  DefaultRegionForTheWorld ======
              MuBrem : Emin=    0 eV  Emax=  100 TeV  ModifiedMephi
      ===== Limit on energy threshold has been applied 

muPairProd:  for mu-  SubType=4
      dE/dx and range tables from 10 eV  to 100 TeV in 260 bins
      Lambda tables from threshold to 100 TeV, 20 bins/decade, spline: 1
      Sampling table 21x1001; from 1 GeV to 100 TeV 
      ===== EM models for the G4Region  DefaultRegionForTheWorld ======
          muPairProd : Emin=    0 eV  Emax=  100 TeV  ModifiedMephi

msc:  for pi+  SubType= 10
      ===== EM models for the G4Region  DefaultRegionForTheWorld ======
            UrbanMsc : Emin=    0 eV  Emax=  100 TeV Nbins=240 100 eV  - 100 TeV
              StepLim=Minimal Rfact=0.2 Gfact=2.5 Sfact=0.6 DispFlag:1 Skin=1 Llimit=1

hIoni:  for pi+  SubType=2
      dE/dx and range tables from 10 eV  to 100 TeV in 260 bins
      Lambda tables from threshold to 100 TeV, 20 bins/decade, spline: 1
      StepFunction=(0.2, 0.05 mm), integ: 1, fluct: 1, linLossLim= 0.01
      ===== EM models for the G4Region  DefaultRegionForTheWorld ======
               Bragg : Emin=    0 eV  Emax=297.505 keV  deltaVI
          BetheBloch : Emin=297.505 keV Emax=  100 TeV  deltaVI

hBrems:  for pi+  SubType=3
      dE/dx and range tables from 10 eV  to 100 TeV in 260 bins
      Lambda tables from threshold to 100 TeV, 20 bins/decade, spline: 1
      ===== EM models for the G4Region  DefaultRegionForTheWorld ======
               hBrem : Emin=    0 eV  Emax=  100 TeV  ModifiedMephi
      ===== Limit on energy threshold has been applied 

hPairProd:  for pi+  SubType=4
      dE/dx and range tables from 10 eV  to 100 TeV in 260 bins
      Lambda tables from threshold to 100 TeV, 20 bins/decade, spline: 1
      Sampling table 20x1001; from 1.11656 GeV to 100 TeV 
      ===== EM models for the G4Region  DefaultRegionForTheWorld ======
           hPairProd : Emin=    0 eV  Emax=  100 TeV  ModifiedMephi

msc:  for pi-  SubType= 10
      ===== EM models for the G4Region  DefaultRegionForTheWorld ======
            UrbanMsc : Emin=    0 eV  Emax=  100 TeV Nbins=240 100 eV  - 100 TeV
              StepLim=Minimal Rfact=0.2 Gfact=2.5 Sfact=0.6 DispFlag:1 Skin=1 Llimit=1

hIoni:  for pi-  SubType=2
      dE/dx and range tables from 10 eV  to 100 TeV in 260 bins
      Lambda tables from threshold to 100 TeV, 20 bins/decade, spline: 1
      StepFunction=(0.2, 0.05 mm), integ: 1, fluct: 1, linLossLim= 0.01
      ===== EM models for the G4Region  DefaultRegionForTheWorld ======
            ICRU73QO : Emin=    0 eV  Emax=297.505 keV  deltaVI
          BetheBloch : Emin=297.505 keV Emax=  100 TeV  deltaVI

hBrems:  for pi-  SubType=3
      dE/dx and range tables from 10 eV  to 100 TeV in 260 bins
      Lambda tables from threshold to 100 TeV, 20 bins/decade, spline: 1
      ===== EM models for the G4Region  DefaultRegionForTheWorld ======
               hBrem : Emin=    0 eV  Emax=  100 TeV  ModifiedMephi
      ===== Limit on energy threshold has been applied 

hPairProd:  for pi-  SubType=4
      dE/dx and range tables from 10 eV  to 100 TeV in 260 bins
      Lambda tables from threshold to 100 TeV, 20 bins/decade, spline: 1
      Sampling table 20x1001; from 1.11656 GeV to 100 TeV 
      ===== EM models for the G4Region  DefaultRegionForTheWorld ======
           hPairProd : Emin=    0 eV  Emax=  100 TeV  ModifiedMephi
G4VisManager: Using G4TrajectoryDrawByCharge as fallback trajectory model.
See commands in /vis/modeling/trajectories/ for other options.

### ===  Deexcitation model UAtomDeexcitation is activated for 25 regions:
          DefaultRegionForTheWorld  1  1  1
          cylindricalPET  1  1  1
          module  1  1  1
          unit  1  1  1
          block  1  1  1
          optical  1  1  1
          crystal  1  1  1
          capillaire1  1  1  1
          capillaire1_water  1  1  1
          capillaire2  1  1  1
          capillaire2_water  1  1  1
          capillaire3  1  1  1
          capillaire3_water  1  1  1
          capillaire4  1  1  1
          capillaire4_water  1  1  1
          capillaire5  1  1  1
          capillaire5_water  1  1  1
          capillaire_m1  1  1  1
          capillaire_m1_water  1  1  1
          capillaire_m2  1  1  1
          capillaire_m2_water  1  1  1
          capillaire_m3  1  1  1
          capillaire_m3_water  1  1  1
          capillaire_m4  1  1  1
          capillaire_m4_water  1  1  1
### ===  Ignore cuts flag:   0
(109.424,-293.377,-29.8048)
(170.331,-254.205,-43.9553)
(96.7351,-304.108,9.51944)
(103.864,-322.381,16.1084)
(94.8542,-308.926,10.1122)
(254.446,-426.618,-11.3689)
(95.0757,-312.291,6.74389)
(18.8009,-315.369,110.449)
(269.473,177.991,-52.9089)
(284.263,266.35,-107.994)
(-217.483,-235.867,122.65)
(-218.658,-260.263,204.214)
(249.078,-201.669,28.0381)
(173.702,-386.167,-48.2668)
(-238.228,210.17,-29.3805)
(-303.765,137.856,-1.89081)
(234.965,-210.125,-47.1406)
(326.167,-241.573,-27.0604)
(-1.62301,315.382,66.2006)
(9.87158,344.209,57.9681)
(239.708,-222.594,-10.2166)
(284.625,-239.642,-32.8545)
(77.6211,314.892,20.2391)
(123.747,447.142,29.6286)
(-204.625,-249.412,-16.9007)
(-183.294,-320.721,-21.5499)
(-278.18,143.148,94.1101)
(-185.918,248.118,97.8859)
(-158.701,-277.363,65.2852)
(-132.277,-172.091,67.4243)
(114.581,302.213,123.693)
(137.121,226.352,149.182)
(-163.663,-271.941,-87.1824)
(-230.962,-219.309,-158.039)
(249.084,188.643,57.5689)
(404.561,182.162,55.2201)
(235.468,225.943,3.97177)
(165.81,182.2,32.477)
(168.82,-287.188,-85.5375)
(271.443,-256.184,-113.735)
(322.331,45.4688,-74.2955)
(292.944,31.7619,46.0391)
(-181.614,-279.139,-6.70157)
(-202.913,-245.455,-13.0224)
(289.591,129.6,1.23779)
(330.884,97.1525,20.6743)
(-170.782,-263.592,-98.9041)
(-164.196,-120.73,-0.987459)
(70.0172,-321.506,-106.228)
(72.2449,-387.821,-156.591)
(-266.743,194.375,65.3547)
(-140.469,330.422,80.1091)
(-54.8597,310.616,3.15801)
(15.6975,435.95,198.153)
(193.706,-260.978,-1.72526)
(147.129,-161.389,47.8131)
(192.831,-248.739,105.607)
(188.661,-160.663,55.1715)
(196.195,-247.274,109.488)
(184.936,-143.353,23.2527)
(15.2053,-312.398,111.253)
(-84.6882,-304.724,119.058)
(228.928,221.433,-82.0687)
(139.689,199.363,-125.432)
(215.877,238.596,-121.912)
(176.454,247.448,-112.468)
(193.614,-262.064,5.61409)
(84.1486,-298.324,21.014)
(-187.295,281.318,-4.80727)
(-134.656,214.636,-95.8713)
(-82.6217,301.767,-121.994)
(-58.2523,362.215,-57.0514)
(273.135,-180.172,73.7269)
(277.847,-98.5245,97.2549)
(322.569,-48.9115,-110.09)
(351.293,-31.0884,-67.9839)
(326.518,-55.3619,-111.135)
(322.038,-30.6601,-157.948)
(-318.124,-6.64304,16.9313)
(-338.391,20.8569,-6.89923)
(319.33,11.7767,-29.8341)
(396.294,67.6175,8.40689)
(319.788,13.6358,-31.0717)
(229.154,83.8925,29.6345)
(321.616,8.83116,-33.0733)
(414.562,5.76713,3.99697)
(-91.9446,-308.267,-115.974)
(-13.4235,-322.084,-186.788)
(-316.252,77.636,96.2747)
(-223.835,-9.06126,-25.2817)
(315.799,17.9832,-85.4803)
(326.013,39.2807,-96.8021)
(330.113,21.5872,-104.758)
(390.499,132.336,-52.777)
(273.943,-185.648,-79.8091)
(235.999,-174.54,34.0345)
(-200.306,239.169,-20.1809)
(-281.233,176.435,-53.4554)
(-247.933,196.431,-29.2583)
(-267.022,172.416,57.038)
(-253.863,199.105,-33.0685)
(-205.318,219.396,-51.6365)
(-255.792,195.635,-31.6126)
(-176.82,255.809,-0.323064)
(71.7851,316.601,-30.5827)
(-13.815,380.049,-23.3173)
(82.3508,315.557,-36.537)
(16.3568,90.6037,-0.723329)
(-50.858,-311.915,26.9018)
(-132.561,-297.46,33.4669)
(-51.0083,-318.539,30.0006)
(-81.6276,-262.292,127.334)
(-271.81,-161.159,-122.539)
(-355.143,-231.856,-90.0039)
(-186.612,-252.266,100.608)
(-103.093,-320.771,109.033)
(-189.979,-249.18,91.9698)
(-150.034,-250.826,152.472)
(248.486,-200.539,111.119)
(296.004,-231.615,162.911)
(252.707,-197.037,113.115)
(292.55,-211.37,-7.96532)
(-315.274,46.8162,-108.206)
(-311.619,53.7362,-91.0244)
(-227.127,-245.662,-49.3772)
(-160.791,-278.006,-45.2002)
(100.396,303.146,56.3537)
(78.3217,349.672,-5.67192)
(119.224,293.885,56.9417)
(70.2236,224.563,29.7625)
(-265.084,-172.738,-97.5636)
(-286.083,-71.3309,-48.1285)
(181.702,254.373,-85.6792)
(178.093,302.734,22.8737)
(44.394,311.12,113.423)
(92.9614,292.873,135.652)
(55.0998,327.046,122.394)
(74.2886,384.894,107.054)
(53.3884,330.059,122.939)
(45.0283,473.433,23.7578)
(-26.3713,-331.73,-122.176)
(-2.96327,-320.01,-72.3123)
(-152.898,-282.019,-62.832)
(-142.362,-311.597,-137.614)
(-125.779,311.195,72.8221)
(-29.4516,225,18.054)
(-127.656,308.76,72.1328)
(-167.857,325.95,-1.98193)
(29.8991,-317.918,-38.2694)
(7.03842,-340.938,-49.6232)
(29.6111,-317.652,-36.6844)
(-70.7799,-228.669,-135.781)
(175.944,260.741,31.3123)
(144.271,346.444,55.5208)
(182.745,260.244,20.7679)
(69.9025,203.624,98.4294)
(-252.882,212.747,20.7569)
(-241.444,301.827,-65.6383)
(292.469,-135.569,-13.4168)
(236.729,-125.709,-37.0331)
(-297.778,150.503,-107.487)
(-218.661,148.142,-168.565)
(284.71,131.865,111.969)
(374.452,81.831,218.922)
(282.621,133.93,107.486)
(313.428,176.294,179.502)
(316.221,-80.1865,63.3224)
(338.465,-51.9931,145.183)
(317.973,-81.7069,64.5718)
(376.883,-100.927,97.5649)
(-313.41,46.8515,-34.2035)
(-236.307,154.462,-143.45)
(327.408,29.4474,-102.496)
(289.321,20.1939,9.70424)
(325.319,26.3185,-103.675)
(307.939,26.6401,-88.4517)
(242.727,-199.911,-68.3796)
(171.877,-191.761,35.1129)
(243.562,-197.896,-68.6083)
(275.365,-156.333,-131.844)
(242.092,-197.694,-69.4376)
(139.232,-324.565,-62.0756)
(-193.058,252.254,83.2624)
(-163.311,264.657,40.6695)
(293.84,-146.178,-80.5026)
(265.931,-86.2204,-113.559)
(-204.407,235.801,-81.3086)
(-201.251,227.269,-128.166)
(-314.34,-30.356,-48.7192)
(-355.013,57.9902,26.6906)
(292.672,127.94,-112.463)
(302.041,127.482,-117.653)
(-315.559,68.3131,-32.8717)
(-201.621,0.0355273,-12.8076)
(325.217,-88.5517,-22.4771)
(283.023,-129.381,-46.6186)
(-277.811,157.293,38.9125)
(-366.877,96.8841,19.7445)
(294.226,114.483,88.2995)
(382.651,43.7039,210.189)
(293.896,114.729,88.2997)
(344.747,176.425,85.1768)
(295.153,120.738,-104.38)
(361.127,-89.0881,-159.879)
(312.079,-40.8284,60.7073)
(293.33,-79.7499,102.077)
(-315.323,85.9072,-124.053)
(-245.304,5.44448,-81.0558)
(-315.484,84.3659,-124.882)
(-284.583,106.573,-287.423)
(-310.543,-42.9409,105.891)
(-251.108,-99.5385,227.011)
(-334.836,-32.1846,105.125)
(-236.734,5.76085,100.97)
(39.8337,-316.983,-61.1943)
(8.31392,-408.45,-101.078)
(46.7222,-322.503,-58.5587)
(20.2261,-279.955,-78.4263)
(-217.134,226.67,45.7878)
(-221.463,107.633,-58.5242)
(-303.279,89.9774,71.6986)
(-252.073,172.814,149.629)
(-303.879,100.919,66.068)
(-341.948,172.979,120.757)
(-306.406,111.926,64.3316)
(-232.358,102.883,82.4626)
(283.436,-146.274,-115.087)
(280.021,-108.744,-166.376)
(283.196,-162.558,-115.851)
(308.151,-108.299,-146.876)
(280.199,-167.111,-118.716)
(238.085,-126.899,-92.2136)
(312.192,44.0083,23.8263)
(336.574,-35.9471,93.5187)
(-303.667,-72.5571,-41.8365)
(-353.618,-37.4881,17.0752)
(-296.536,136.445,118.06)
(-223.123,35.5931,156.119)
(-295.166,138.656,121.826)
(-418.165,168.158,171.557)
(190.07,259.304,14.0908)
(238.57,237.979,46.7056)
(-262.435,-174.629,-10.7863)
(-365.061,-163.32,-0.997195)
(-297.82,-113.466,4.09567)
(-248.809,-71.4498,-43.9736)
(208.379,250.038,-5.00657)
(166.26,208.858,-91.3124)
(-186.816,-271.458,116.898)
(-224.94,-307.887,86.8959)
(-286.552,143.579,-88.464)
(-339.072,140.33,-260.01)
(-296.241,112.723,15.2786)
(-288.867,39.1455,-23.0423)
(-301.307,120.34,11.0346)
(-210.718,178.254,26.8764)
(-56.6616,316.089,-55.5571)
(-32.223,278.27,-104.895)
(-54.0648,311.616,-59.1998)
(-31.9457,279.355,-121.445)
(255.133,-185.497,29.6371)
(251.686,-237.252,76.2053)
(247.841,-203.191,22.1899)
(185.34,-223.87,111.631)
(263.04,-201.681,83.5418)
(170.26,-163.035,-47.9775)
(-331.763,-53.2695,-16.3939)
(-184.988,-14.2407,-8.22092)
(100.174,299.888,34.7839)
(52.4846,274.608,-59.6417)
(98.0594,303.635,31.8743)
(94.1169,339.895,-44.7858)
(-81.4863,-303.084,-34.9281)
(-59.3555,-373.52,0.827965)
(242.204,-230.029,67.9118)
(300.738,-234.994,103.988)
(-326.496,15.7933,-118.406)
(-287.176,-36.5442,-43.8423)
(-329.638,16.6415,-121.984)
(-251.764,42.7669,-162.009)
(310.317,-55.1373,-38.2544)
(179.519,-45.8059,-39.6319)
(-283.439,-139.857,57.2883)
(-119.386,-149.009,69.9164)
(315.981,-40.6256,-19.0423)
(372.889,-83.9828,-62.8442)
(316.803,-40.8915,-14.1305)
(309.287,5.25041,-190.16)
(-322.407,69.1376,32.8404)
(-307.586,15.7387,46.892)
(-8.78343,313.845,-105.654)
(31.7641,370.007,-66.6721)
(-13.7983,315.821,-104.508)
(-16.3984,380.912,-146.421)
(-21.8494,312.603,-105.688)
(-35.8869,344.998,-218.83)
(313.095,3.65447,-0.24518)
(442.752,-17.0171,72.5923)
(26.2704,323.053,-14.3287)
(103.668,264.203,23.3314)
(-28.8435,-322.484,55.6048)
(-129.212,-300.428,39.4509)
(-27.4302,-323.581,57.3179)
(97.1138,-228.761,-9.49233)
(-23.6488,-327.652,61.2643)
(17.0057,-358.773,60.0055)
(214.135,243.296,-43.6494)
(237.317,268.057,-8.27224)
(315.815,69.3952,108.478)
(392.957,-29.6735,29.938)
(310.56,64.3411,103.483)
(332.399,-18.4027,208.21)
(57.8523,312.237,-99.1974)
(-88.9376,285.392,-164.917)
(331.061,-2.76203,11.5665)
(370.871,-18.3196,-39.4968)
(212.011,242.464,62.1687)
(239.073,290.879,91.1203)
(-291.825,-169.418,91.2316)
(-355.955,-121.491,94.5956)
(298.229,95.9044,-108.066)
(288.791,-5.35809,-128.85)
(307.437,91.3279,-120.483)
(232.836,65.8219,-111.022)
(43.7898,-311.373,53.92)
(41.038,-290.302,27.4982)
(57.4327,313.635,-55.1284)
(-22.5285,330.137,-62.7919)
(56.4208,313.84,-51.7211)
(41.3817,371.523,-69.997)
(-101.706,305.028,-43.5174)
(-113.041,296.017,-48.0834)
(-102.034,304.97,-42.137)
(-20.9277,347.782,-62.8816)
(-115.762,312.591,-44.5402)
(-123.588,248.883,-119.987)
(-201.19,-262.867,-83.9602)
(-206.605,-354.144,-15.4753)
(278.582,141.652,46.224)
(130.793,144.828,-50.5401)
(-223.434,-249.216,60.3589)
(-267.22,-342.915,106.957)
(-127.017,-285.604,-37.5849)
(-63.011,-203.449,-3.48621)
(-57.4672,-306.954,93.603)
(-30.3336,-460.368,92.2036)
(-56.4449,-313.973,101.227)
(5.76525,-433.259,58.2026)
(-54.9102,-315.676,104.583)
(-183.69,-336.405,11.1762)
(-102.363,304.399,-94.7428)
(-55.9992,305.429,-62.8114)
(317.969,-84.3706,-78.0396)
(193.533,-101.21,-87.6283)
(311.814,-26.6889,62.4477)
(274.315,-126.285,159.042)
(317.177,-24.1166,78.2248)
(265.287,-41.1978,124.128)
(-295.297,117.307,-38.154)
(-292.134,91.6105,-115.492)
(237.327,-219.227,69.5146)
(160.813,-201.469,104.719)
(-234.885,-210.245,4.35741)
(-281.955,-269.472,51.3989)
(72.0835,304.837,-6.86748)
(145.269,257.401,-10.3167)
(118.425,289.201,-118.656)
(-69.6817,399.414,-125.477)
(-194.897,-247.768,103.788)
(-199.935,-278.904,110.636)
(168.996,-285.539,-53.9204)
(130.687,-397.141,-19.3107)
(-228.151,215.578,19.4307)
(-300.455,197.673,47.2528)
(-196.782,248.562,10.4185)
(-189.099,187.337,-63.7824)
(-66.3132,-325.922,44.7089)
(-44.3744,-312.678,53.4339)
(191.806,248.327,-30.9284)
(201.51,342.32,-83.2326)
(192.751,259.079,-23.0442)
(174.406,355.829,20.695)
(195.14,265.442,-18.8912)
(138.859,177.673,79.3433)
(184.507,263.543,-15.1926)
(185.829,237.923,-24.6055)
(-294.362,-107.668,-2.26641)
(-263.661,-19.8005,73.9316)
(-314.662,1.67068,78.0401)
(-420.136,13.718,29.9741)
(286.239,147.36,-0.68898)
(370.415,158.738,32.2257)
(291.477,146.32,4.78904)
(294.997,41.1117,17.361)
(-239.866,227.273,-107.914)
(-241.949,224.902,-134.998)
(311.137,49.8519,-33.8865)
(298.606,-8.07234,7.98597)
(309.038,49.8992,-35.8352)
(316.535,63.7619,-35.3969)
(135.765,298.103,32.8709)
(225.852,216.085,8.04463)
(-115.035,-295.721,-36.2633)
(-65.6495,-301.131,-134.299)
(-297.968,147.41,98.4537)
(-243.089,189.292,52.0165)
(318.272,-59.8855,-41.3935)
(359.457,-5.14485,-50.2772)
(328.421,-62.4889,-30.5912)
(432.558,-74.5806,-90.242)
(311.718,-43.5352,28.0636)
(331.918,29.0844,-64.3165)
(-305.926,72.8234,-47.499)
(-303.734,194.906,21.5051)
(-314.113,65.56,-45.9043)
(-335.877,79.1803,-16.5791)
(-316.395,65.4834,-48.9228)
(-303.629,32.1096,-32.0212)
(314.825,23.6415,49.2047)
(198.579,55.1463,66.3215)
(314.963,19.8123,47.0522)
(319.341,51.2445,89.8762)
(92.6019,324.112,-114.045)
(79.1508,294.907,-147.907)
(202.908,-242.571,-9.52373)
(103.521,-171.794,9.13557)
(-262.296,205.032,9.62915)
(-225.16,208.369,110.057)
(-260.218,210.692,6.75343)
(-247.178,107.662,-28.7722)
(-207.84,-248.248,114.441)
(-181.657,-370.017,55.7482)
(-210.194,-248.066,108.932)
(-224.966,-323.299,96.9392)
(-317.405,25.4802,-110.596)
(-339.346,7.77476,-85.8754)
(315.494,-12.7977,52.9345)
(354.532,15.3152,78.7636)
(315.023,-15.3727,54.9997)
(356.093,-28.3462,97.2428)
(315.584,-17.3272,56.0757)
(242.25,-135.844,-29.379)
(-256.948,-208.188,-23.3682)
(-175.24,-120.181,43.7222)
(154.671,275.617,27.1935)
(208.059,182.43,122.165)
(-332.961,-2.07033,-72.2106)
(-290.355,-6.3953,-6.00834)
(-333.538,1.69357,-64.2954)
(-371.206,83.5625,-109.111)
(328.334,3.65121,111.717)
(339.943,39.4803,223.63)
(241.958,-225.186,114.004)
(233.346,-202.665,94.8657)
(245.876,-208.773,124.894)
(231.247,-244.349,109.824)
(-13.6197,311.916,-35.8449)
(-66.3118,316.415,-74.9271)
(299.711,92.2197,61.0345)
(365.714,35.8598,227.917)
(-170.897,-263.972,-14.7524)
(-169.698,-209.345,-27.3791)
(-22.9051,-314.077,-22.8319)
(-36.2371,-305.749,-16.3397)
(-17.9798,-322.503,-21.3388)
(-41.542,-285.215,0.209918)
(42.8955,314.19,19.3312)
(9.09959,291.627,5.36782)
(288.138,120.958,72.5995)
(352.856,47.5773,-13.7779)
(292.477,112.398,72.7545)
(260.887,170.024,107.271)
(202.463,241.146,96.187)
(99.5737,234.99,73.9272)
(200.303,254.119,94.7819)
(169.834,238.767,119.712)
(314.717,12.5722,0.920398)
(336.017,-1.87246,-63.431)
(-261.226,-178.437,-3.03991)
(-242.077,-204.978,-80.7122)
(-261.821,-185.328,-4.77514)
(-312.724,-311.146,-48.1806)
(-297.546,-99.1423,-110.678)
(-220.059,-157.377,-125.098)
(311.029,38.8562,45.3345)
(336.141,175.225,-1.24561)
(309.929,129.204,1.27437)
(299.799,109.231,17.3685)
(-197.346,-257.009,-4.66471)
(-191.154,-216.368,52.4785)
(-195.481,-261.526,3.11394)
(-95.3256,-261.794,-111.012)
(-45.639,-309.406,-30.7285)
(48.6883,-220.666,15.8064)
(261.088,-199.175,1.71798)
(287.276,-90.0977,59.0399)
(-243.241,200.731,-3.1717)
(-315.394,247.693,1.57915)
(-84.1998,303.35,-1.43334)
(-21.6238,386.659,-99.1344)
(217.108,-253.802,1.75861)
(349.603,-294.987,81.9526)
(211.66,-261.263,8.84009)
(213.335,-180.541,-26.145)
(-71.3721,-315.888,-16.294)
(-4.79703,-282.698,96.2707)
(267.634,191.575,8.41585)
(295.982,259.543,40.6971)
(269.706,200.561,18.0477)
(239.061,168.914,39.697)
(311.526,60.814,-114.736)
(332.058,10.1171,-59.8774)
(315.671,58.865,-116.216)
(288.066,67.186,-199.749)
(-306.339,-63.7594,116.607)
(-359.235,-153.979,118.237)
(238.61,-229.301,94.6696)
(286.076,-102.667,69.6585)
(223.522,-231.234,84.6127)
(170.095,-162.388,3.06805)
(-271.085,176.559,-71.6202)
(-160.741,246.765,-115.951)
(-308.584,82.5746,89.6044)
(-337.733,87.4466,159.627)
(320.735,-50.3127,-53.4789)
(416.128,-47.5183,-106.661)
(319.416,-49.2435,-53.271)
(379.957,-45.9541,-24.8481)
(265.389,-176.338,98.4425)
(229.416,-159.83,128.35)
(266.72,-184.168,103.183)
(395.124,-222.929,114.195)
(-306.536,128.078,112.453)
(-307.368,196.515,144.745)
(-83.1644,304.557,-50.9583)
(-33.3812,390.742,23.7485)
(180.414,-263.236,116.701)
(189.605,-245.687,229.113)
(178.864,-270.903,116.654)
(172.499,-350.208,106.056)
(-288.987,122.09,-52.6774)
(-297.653,92.7398,-50.7451)
(302.282,82.4394,-86.5049)
(210.138,75.5027,-103.159)
(306.039,88.5408,-88.8531)
(385.397,5.98985,-4.38606)
(306.98,87.4025,-87.78)
(216.75,144.05,-68.8405)
(-322.178,63.6253,-46.3671)
(-241.641,84.772,-74.226)
(-330.22,59.4262,-50.2146)
(-413.631,8.31225,2.69091)
(-136.12,280.951,-30.4007)
(-166.817,202.024,-97.7894)
(262.374,-173.23,22.4939)
(197.53,-274.993,43.7044)
(-287.816,-127.079,-56.7756)
(-154.163,-84.066,-164.059)
(-286.961,-129.106,-60.9645)
(-167.801,-148.886,-169.915)
(326.196,69.2475,27.8486)
(310.774,189.687,-30.1587)
(-184.135,-266.713,-116.568)
(-158.317,-205.547,-122.635)
(-311.358,-64.0162,35.0546)
(-421.216,-37.8275,-74.9585)
(272.886,155.004,-85.3412)
(293.757,75.9897,-87.8289)
(-308.794,-52.5794,-108.136)
(-338.799,-29.1216,-123.997)
(-149.686,275.663,31.9576)
(-199.15,352.72,-10.6271)
(-158.488,285.896,38.5662)
(-134.065,409.119,3.23725)
(251.799,-206.191,-23.3605)
(256.104,-242.656,67.597)
(259.613,-212.099,-21.9667)
(265.632,-177.144,6.26584)
(255.536,-180.521,-34.8302)
(246.466,-210.03,-132.939)
(257.629,-179.043,-33.0536)
(257.837,-152.522,-50.9132)
(-214.677,232.023,43.2583)
(-141.876,101.286,23.2302)
(-221.786,230.381,44.0019)
(-216.152,263.786,45.7042)
(-292.304,-132.284,-83.3169)
(-222.079,-96.0343,-85.5622)
(-291.988,-136.7,-81.8934)
(-256.683,-91.6679,-170.947)
(324.543,87.7282,52.7346)
(348.22,132.115,73.123)
(-26.9316,314.222,-72.0986)
(-116.121,398.803,-170.061)
(233.163,219.745,94.4647)
(203.506,177.38,229.777)
(241.506,219.96,99.4406)
(270.592,280.974,223.542)
(192.839,272.861,77.5265)
(191.51,248.884,103.503)
(77.1636,-326.083,-94.1457)
(168.109,-340.799,17.0628)
(272.2,-162.771,113.238)
(283.911,-177.449,138.206)
(-300.391,101.293,-71.5104)
(-225.427,-29.6724,31.2896)
(313.491,88.6998,23.1013)
(283.883,89.1675,-46.5984)
(321.058,88.1401,16.6933)
(363.338,54.6472,3.46572)
(-275.125,-167.649,-49.2723)
(-320.324,-264.987,-109.25)
(213.992,251.074,36.4585)
(211.497,248.13,1.26625)
(312.222,-119.806,-114.889)
(262.557,-65.671,-94.5767)
(309.828,-119.652,-114.47)
(273.399,-107.574,-112.101)
(239.243,219.833,-104.245)
(219.556,356.909,-211.46)
(-315.757,3.51414,3.78559)
(-237.558,-38.4223,-20.4185)
(-317.371,4.25277,3.70164)
(-321.825,18.2853,98.8302)
(-257.327,-182.546,29.0224)
(-401.226,-170.499,-80.2545)
(212.252,230.441,-38.1887)
(256.21,248.722,-5.82865)
(-130.384,-288.16,-90.9445)
(-187,-267.075,-69.8211)
(145.306,278.515,69.8215)
(148,282.497,28.8977)
(207.298,252.321,42.271)
(260.194,327.359,73.5194)
(208.04,253.437,43.9181)
(204.924,241.907,78.3856)
(-11.0088,-314.957,-52.4542)
(22.8152,-223.967,-60.7752)
(-9.34806,-316.491,-58.0928)
(-21.9815,-387.86,-81.8737)
(242.804,225.028,11.7571)
(307.152,235.122,-20.862)
(244.151,232.133,12.1424)
(235.087,178.327,-23.3343)
(-299.462,-98.6962,80.6156)
(-393.084,-81.9631,30.8827)
(-306.664,-96.2886,79.9731)
(-353.266,-104.131,56.3171)
(-291.357,-119.141,-103.577)
(-285.28,-201.496,-143.023)
(-292.792,-124.208,-99.0372)
(-250.125,-178.734,-136.739)
(-303.821,-72.1185,-114.506)
(-406.003,-106.082,-126.953)
(-315.928,14.9528,-64.1746)
(-314.47,11.2108,-17.3572)
(144.308,284.172,10.0081)
(176.327,196.011,-111.076)
(-53.4417,-311.341,-14.0904)
(-36.8199,-316.742,-55.239)
(-88.8841,305.046,-106.23)
(-40.3161,296.168,-95.4661)
(-88.4674,305.973,-110.75)
(-165.876,291.249,-66.3907)
(275.338,-178.471,63.7179)
(235.978,-164.754,49.5732)
(293.044,-160.622,72.4504)
(357.253,-118.214,38.3337)
(-13.459,-321.416,52.6429)
(46.7488,-311.469,66.7144)
(-12.0038,-322.948,53.4855)
(103.005,-285.964,92.6958)
(-171.49,-286.495,-62.3397)
(-288.396,-362.13,-100.737)
(-104.223,321.546,72.0821)
(-91.4779,267.329,25.9456)
(207.392,-237.034,118.857)
(234.061,-195.238,157.871)
(-74.2962,316.142,-11.6855)
(-67.6655,359.313,0.493014)
(-25.085,-318.969,9.83169)
(84.9682,-343.949,-13.6228)
(326.977,28.4759,-87.8623)
(332.389,6.38839,1.71097)
(326.679,28.1575,-88.4301)
(291.762,46.313,-91.7084)
(54.7022,317.313,64.0064)
(49.6486,381.874,-5.06383)
(-199.371,246.599,-51.1247)
(-367.358,186.249,-80.7024)
(295.203,-147.489,27.4436)
(317.2,-94.788,182.969)
(295.041,-145.428,23.7709)
(354.518,-45.0198,72.0149)
(211.303,251.082,-15.6425)
(271.655,229.09,135.134)
(210.762,251.53,-15.5072)
(184.303,261.101,27.3727)
(-81.2237,-308.968,15.4069)
(-99.0683,-300.115,39.9565)
(-86.8625,-311.299,16.8503)
(-96.1316,-345.87,-26.5602)
(-88.4588,-312.377,17.5522)
(-89.1949,-289.148,-15.8111)
(-309.621,62.9913,-112.356)
(-357.489,27.7383,-23.1093)
(-72.6664,-304.253,122.407)
(11.7902,-243.649,71.1386)
(-65.1959,-307.525,-63.1353)
(-45.4104,-241.771,-97.2876)
(-244.81,212.337,94.766)
(-294.247,254.563,69.6589)
(293.883,-109.925,-50.5667)
(182.267,-144.44,-36.1705)
(-297.201,136.195,88.5899)
(-354.38,169.451,48.7787)
(-296.927,136.308,85.624)
(-188.498,152.246,180.941)
(268.968,161.943,-40.3274)
(297.903,113.464,44.0728)
(-154.29,272.04,32.404)
(-195.194,138.047,-76.3591)
(-167.006,278.388,35.2701)
(-84.4992,226.359,57.105)
(304.266,-136.841,-79.5235)
(329.398,-201.134,-16.4392)
(-250.873,201.141,114.498)
(-279.632,175.048,85.4417)
(-252.346,199.979,119.231)
(-273.061,253.044,58.3892)
(-252.048,201.541,118.493)
(-309.558,226.774,30.4667)
(-77.4036,303.854,-60.9464)
(-163.583,252.262,-58.0025)
(179.905,-276.251,-112.786)
(126.74,-324.236,-109.472)
(180.377,-256.968,-16.591)
(110.961,-281.029,20.8155)
(-202.33,-239.553,50.4756)
(-178.615,-161.332,-18.8816)
(-58.842,311.187,-70.6935)
(-26.1096,283.76,-52.7795)
(315.625,28.8068,16.775)
(223.768,87.5789,43.5076)
(-310.375,-60.6869,-34.705)
(-336.72,-13.5425,-56.1868)
(-243.406,203.567,-42.3781)
(-324.939,259.414,24.3415)
(-243.399,203.172,-42.7201)
(-255.266,130.354,-104.008)
(266.568,-204.897,46.4882)
(228.17,-186.207,-84.8043)
(196.972,-255.93,-119.919)
(284.8,-270.864,-127.874)
(197.717,-253.96,-116.736)
(295.123,-294.15,-75.899)
(-136.395,300.862,78.209)
(-79.6334,227.617,125.206)
(146.569,-280.903,-33.5627)
(201.973,-302.284,-33.6843)
(148.37,-280.547,-15.1509)
(139.667,-254.849,-161.565)
(150.585,-278.263,-9.31871)
(67.0734,-314.518,-38.9856)
(-194.098,266.119,-21.6581)
(-176.195,294.982,39.8681)
(210.78,-240.771,39.99)
(113.712,-177.961,-6.84958)
(214.099,-236.099,38.2233)
(212.254,-260.42,57.0424)
(215.11,-236.07,37.5208)
(296.853,-347.391,-20.8198)
(201.791,252.403,71.0379)
(257.107,265.263,89.0279)
(203.022,257.466,72.5975)
(264.885,208.146,-2.56863)
(200.883,269.938,72.0507)
(239.815,244.676,-4.30992)
(-297.635,-116.073,-32.6363)
(-344.754,-67.8165,-78.5549)
(278.996,-146.154,81.4548)
(288.043,-117.785,155.697)
(191.689,-250.709,33.4728)
(241.967,-202.701,-78.9572)
(188.811,-256.467,43.9313)
(73.8285,-66.7803,137.665)
(75.8289,307.29,-41.6905)
(146.161,317.938,-110.128)
(-311.289,61.984,48.9962)
(-338.246,28.4192,47.3259)
(-323.809,69.6531,56.41)
(-298.819,134.596,30.5089)
(-324.195,67.307,60.7802)
(-336.72,-86.4283,61.2061)
(305.471,-87.2011,80.0065)
(232.098,-99.9909,221.871)
(-307.556,92.6767,-86.3966)
(-295.999,85.8375,-81.7866)
(-321.816,92.0258,-92.9684)
(-316.774,100.961,-17.9505)
(314.484,31.0479,-49.1104)
(281.934,28.2072,-1.65078)
(260.169,-185.665,-117.869)
(127.628,-224.736,-44.327)
(-191.175,-247.139,-117.981)
(-229.78,-386.313,22.2375)
(-306.644,-59.0367,-62.9987)
(-363.21,-23.3051,-120.389)
(-281.94,145.59,3.62499)
(-246.33,177.561,79.5214)
(-285.774,161.339,-6.03201)
(-337.26,234.058,-25.2706)
(135.192,-282.837,-1.3757)
(55.2985,-328.637,60.6869)
(165.349,274.543,-28.9974)
(8.0333,371.175,39.8291)
(111.485,-302.766,35.4823)
(188.516,-257.46,23.1126)
(-304.543,76.8121,34.3268)
(-297.141,93.5093,186.801)
(154.754,273.359,33.6225)
(89.2877,341.897,71.4816)
(277.343,-152.423,72.0153)
(331.152,-169.037,96.7011)
(-315.659,-71.7105,42.8191)
(-367.394,-73.4856,24.8246)
(304.288,96.0792,-58.7577)
(254.366,213.581,-72.0754)
(81.8549,304.185,72.341)
(40.5679,261.308,29.1482)
(80.8572,304.632,71.3151)
(47.0478,360.937,131.893)
(206.606,241.65,-104.452)
(333.772,296.61,-119.711)
(-199.101,257.317,-38.7706)
(-65.7883,359.116,-57.7465)
(63.1366,-308.069,48.7061)
(57.677,-460.009,6.81687)
(-54.6243,-307.683,119.28)
(-99.5093,-422.238,157.044)
(195.963,265.54,-103.044)
(216.449,219.327,-73.1257)
(244.572,199.513,2.58534)
(276.55,139.28,-15.5925)
(244.941,199.812,3.30283)
(258.632,157.464,50.6362)
(245.283,201.611,4.22816)
(241.494,173.058,-79.4287)
(311.883,-39.4807,77.9999)
(346.472,83.4102,68.2655)
(272.261,-164.566,-110.306)
(350.158,-144.252,52.8205)
(267.12,-173.534,-107.174)
(321.916,-275.19,-46.932)
(-30.161,326.929,-36.4175)
(-36.8144,278.9,-64.508)
(-173.899,-265.421,30.427)
(-176.963,-355.162,166.78)
(-68.1213,-321.058,-23.9165)
(3.24944,-394.784,90.8761)
(234.409,224.267,17.7629)
(122.11,224.38,-52.7716)
(238.247,225.89,32.6228)
(167.26,297.23,61.4668)
(-302.929,90.505,-4.06843)
(-321.713,100.485,-82.6888)
(-288.696,-133.542,-28.1062)
(-154.492,-164.24,-40.0885)
(-289.3,-134.726,-20.8267)
(-338.075,-185.893,15.8982)
(303.236,-80.8433,21.7753)
(363.595,-145.715,-61.3022)
(313.083,-77.4897,13.979)
(237.407,-122.98,20.154)
(-319.594,61.2213,-14.6102)
(-250.304,30.6153,29.373)
(54.1479,-315.058,7.00497)
(78.8463,-320.295,17.4557)
(124.346,-290.27,-48.3377)
(100.641,-310.791,1.68195)
(123.193,-290.313,-46.117)
(139.052,-366.963,51.2325)
(-277.101,-164.304,-82.4291)
(-267.265,-181.025,-69.3266)
(-274.683,-164.5,-86.4793)
(-193.931,-156.088,-89.4521)
(217.272,249.661,121.985)
(283.143,298.797,138.998)
(220.303,251.225,118.364)
(225.754,317.672,88.1306)
(222.983,250.748,120.359)
(133.244,287.341,115.177)
(-264.742,201.971,-40.1337)
(-281.429,221.59,10.2004)
(-159.802,269.117,63.202)
(-179.139,313.626,-3.65211)
(-54.1967,331.937,12.4702)
(-91.9468,294.114,43.648)
(144.02,-301.55,-14.767)
(209.036,-137.647,36.2037)
(148.104,-302.184,-8.38901)
(166.595,-337.231,98.2013)
(218.358,-242.024,35.136)
(91.1612,-274.559,125.005)
(-31.5069,320.302,-44.6675)
(-23.5856,305.091,-183.932)
(-50.378,329.081,-45.5048)
(-37.0094,325.109,-89.0931)
(-62.5527,327.841,-46.413)
(-60.7533,308.137,-126.636)
(-318.839,30.7581,84.3898)
(-339.482,57.3579,33.7754)
(310.892,-41.4652,-114.687)
(318.205,-5.02584,-103.863)
(-292.853,156.663,-102.131)
(-294.425,116.706,-167.31)
(-67.5387,-312.098,20.3253)
(19.2806,-440.21,-31.4318)
(-148.125,277.264,-17.8667)
(-132.573,233.879,-3.40619)
(-318.857,40.3384,-77.3977)
(-328.282,-31.2939,-85.0293)
(-336.242,31.8463,-64.9844)
(-350.494,2.9982,-181.287)
(73.4438,303.132,65.7505)
(69.3339,210.771,-13.6197)
(197.163,241.707,19.2283)
(235.56,268.101,51.0676)
(202.312,243.089,17.2939)
(217.7,311.66,-62.0928)
(-207.681,-252.859,-56.5254)
(-253.675,-290.459,-106.947)
(-213.916,-259.301,-52.5848)
(-207.874,-303.544,-28.5729)
(-313.313,-12.0341,-6.91559)
(-304.604,-8.74416,-7.69078)
(-330.158,-14.6939,-12.9741)
(-336.568,-30.6557,-22.9291)
(-329.948,-24.1908,-8.71034)
(-236.216,0.741999,-106.78)
(313.867,25.0034,19.3721)
(300.482,90.3079,-87.4727)
(322.716,41.4318,19.4627)
(313.055,50.3888,-17.8445)
(319.873,-27.1664,58.9208)
(327.391,-65.8757,-18.2272)
(-217.386,228.678,81.0362)
(-178.455,198.007,137.066)
(-130.023,-283.854,22.7349)
(-134.707,-290.582,-26.9949)
(247.917,-199.357,-113.331)
(170.785,-177.137,-159.4)
(324.883,18.4834,55.5335)
(364.413,15.176,92.2036)
(-321.214,-25.8572,-77.39)
(-326.256,-4.37152,-127.269)
(305.736,-132.892,15.1588)
(303.515,-209.092,3.7575)
(-294.709,120.301,-106.264)
(-371.658,214.673,-23.5799)
(-297.044,117.182,-108.069)
(-285.197,119.769,-133.612)
(310.85,-47.7636,39.9401)
(310.737,84.9826,11.8259)
(311.865,-51.9334,42.9066)
(337.638,10.7082,-19.7499)
(298.577,-96.5912,-88.585)
(410.885,-26.6131,-96.9201)
(281.095,136.422,82.4916)
(264.262,160.759,45.0504)
(-286.737,-147.7,-90.9298)
(-318.673,-176.208,-13.7308)
(-288.538,-147.108,-92.5895)
(-254.713,-205.585,-99.1226)
(318.471,50.1287,-56.7776)
(276.034,-14.477,36.4519)
(-306.421,-67.9741,72.1462)
(-305.961,51.2577,-86.4209)
(-311.066,-71.4386,74.4935)
(-341.983,47.313,51.4369)
(-310.134,-67.3281,78.1524)
(-301.851,-140.632,137.309)
(246.603,214.559,73.7488)
(293.179,232.208,62.0756)
(251.654,203.355,82.1657)
(323.689,251.179,96.061)
(-183.753,-253.894,-83.8159)
(-141.658,-297.76,-79.634)
(-188.194,-248.729,-72.3851)
(-273.074,-351.457,-129.696)
(-298.572,-132.452,-5.30566)
(-282.673,-146.493,-68.6549)
(-304.991,-129.61,-3.14881)
(-246.646,-145.506,68.6057)
(-306.129,-130.925,-0.547052)
(-308.175,-168.146,93.3846)
(-320.382,103.279,-95.8151)
(-298.227,208.556,-28.3157)
(-198.23,-242.895,35.1792)
(-153.786,-242.241,15.6721)
(-201.217,-241.999,33.1462)
(-204.027,-282.215,87.464)
(8.69499,327.916,-48.6784)
(-20.3275,288.074,52.3647)
(180.82,260.897,92.7508)
(252.295,264.843,58.6895)
(91.3836,-306.993,-107.919)
(86.8011,-178.516,-123.354)
(291.995,-122.383,69.4613)
(309.341,-120.299,29.1331)
(302.852,-129.497,73.4272)
(414.785,-89.5556,20.8198)
(-310.19,93.4725,-55.1041)
(-275.522,21.0995,-126.153)
(314.14,-11.239,80.5258)
(244.267,-50.2588,89.5303)
(333.889,-26.8188,70.8419)
(152.878,-48.9296,102.077)
(-174.674,260.453,-73.1958)
(-186.103,204.614,-22.2309)
(-183.135,272.87,-104.553)
(-191.349,200.975,-140.127)
(-98.4293,-312.897,92.6602)
(-101,-307.427,46.182)
(263.309,188.381,109.847)
(267.048,162.824,188.263)
(265.904,195.605,113.372)
(298.419,125.932,168.416)
(-295.915,109.736,107.524)
(-210.875,158.755,41.5338)
(319.903,-85.1113,-81.3752)
(239.134,-64.3298,-43.3731)
(-302.033,-99.526,-74.1924)
(-286.612,88.1599,-186.578)
(-306.004,95.1496,111.843)
(-193.116,102.087,48.9082)
(-307.364,92.7769,112.43)
(-334.434,197.189,177.026)
(313.153,-90.7219,-67.6655)
(250.169,-127.025,-101.043)
(-324.55,45.5208,37.1389)
(-355.271,11.9699,47.8586)
(-325.791,50.2857,33.9731)
(-270.117,46.6422,124.097)
(-319.925,51.2108,31.463)
(-280.408,32.2623,-0.792339)
(-312.042,13.7145,-36.9475)
(-471.252,6.29806,-86.0969)
(-317.058,18.1455,-38.8061)
(-280.307,32.4494,-45.2089)
(314.961,-29.3002,80.808)
(356.698,-0.53623,102.346)
(-262.814,-172.131,-105.055)
(-304.331,-186.138,-135.01)
(325.496,3.01888,54.2075)
(259.663,-51.3181,138.518)
(307.94,99.7248,101.925)
(290.071,-15.2745,140.356)
(236.57,-213.124,-30.742)
(265.186,-149.779,22.2142)
(-210.245,234.588,-53.6634)
(-174.14,251.674,-75.6202)
(-2.61864,313.696,23.3969)
(-80.3518,281.881,-68.6474)
(200.899,247.117,15.0375)
(242.939,161.487,178.539)
(205.09,247.786,16.8181)
(194.84,184.444,-48.5756)
(-128.161,-291.468,-19.4833)
(-207.042,-329.459,-47.4672)
(-145.628,-287.887,-16.8342)
(-92.3562,-359.623,-19.8253)
(285.627,-146.487,-23.5663)
(283.598,-223.283,-10.6682)
(283.073,-158.702,-27.5281)
(298.54,-85.4828,-103.509)
(279.393,-164.175,-35.9356)
(212.842,-218.631,-121.697)
(-146.401,286.947,42.1216)
(-209.459,284.996,47.3684)
(-146.514,288.863,46.0793)
(-111.705,283.538,45.3346)
(309.182,-52.9018,-115.492)
(327.841,-36.3465,-30.792)
(-243.311,207.331,36.2811)
(-153.083,163.075,127.806)
(-245.092,205.437,35.2652)
(-221.645,183.115,119.901)
(153.969,-285.468,-17.0727)
(68.776,-279.37,25.2483)
(-240.877,-201.271,0.313363)
(-173.141,-157.127,151.031)
(276.455,157.667,3.10413)
(219.908,199.016,-0.605094)
(325.391,-53.679,-103.237)
(186.942,-73.0545,-46.1899)
(-314.454,10.5926,-87.5247)
(-280.011,99.0924,-137.108)
(-313.947,12.1349,-86.7998)
(-457.001,54.9074,-5.42728)
(324.726,-4.45915,36.7291)
(410.587,51.707,51.843)
(76.5039,-310.433,79.6615)
(135.327,-289.474,113.576)
(101.814,-314.558,98.4771)
(103.015,-428.858,122.911)
(94.9774,-315.634,97.699)
(154.401,-378.26,137.552)
(-175.606,260.709,-83.9865)
(-130.01,224.664,-118.501)
(184.41,268.831,-51.4922)
(142.839,311.436,-157.707)
(226.894,-236.177,16.714)
(218.607,-155.236,-123.363)
(-116.871,315.125,-21.6407)
(-84.4988,279.971,-59.9013)
(322.361,-9.43734,-18.015)
(388.265,26.2237,-53.7448)
(-316.14,10.0566,20.58)
(-218.465,96.073,-6.88965)
0 events have been kept for refreshing and/or reviewing.
  "/vis/reviewKeptEvents" to review them one by one.
  "/vis/enable", then "/vis/viewer/flush" or "/vis/viewer/rebuild" to see them accumulated.
[Core-0] End of macro ./split/.Gate/main126/main15.mac
Graphics systems deleted.
Visualization Manager deleting...
