
 *** Break *** segmentation violation



===========================================================
There was a crash.
This is the entire stack trace of all threads:
===========================================================
#0  0x0000154991971c3a in __GI___wait4 (pid=137990, stat_loc=stat_loc
entry=0x7fff47fa0fa8, options=options
entry=0, usage=usage
entry=0x0) at ../sysdeps/unix/sysv/linux/wait4.c:27
#1  0x0000154991971bfb in __GI___waitpid (pid=<optimized out>, stat_loc=stat_loc
entry=0x7fff47fa0fa8, options=options
entry=0) at waitpid.c:38
#2  0x00001549918e0f67 in do_system (line=<optimized out>) at ../sysdeps/posix/system.c:172
#3  0x0000154993afdbfe in TUnixSystem::StackTrace() () from /volatile3/root/root_v6.24.00.Linux-ubuntu20-x86_64-gcc9.3/root/lib/libCore.so.6.24
#4  0x0000154993afaa85 in TUnixSystem::DispatchSignals(ESignals) () from /volatile3/root/root_v6.24.00.Linux-ubuntu20-x86_64-gcc9.3/root/lib/libCore.so.6.24
#5  <signal handler called>
#6  __vfprintf_internal (s=0x0, format=0x55842bf6a3e6 "%d\n", ap=ap
entry=0x7fff47fa4830, mode_flags=2) at vfprintf-internal.c:1328
#7  0x00001549919bd123 in ___fprintf_chk (fp=<optimized out>, flag=<optimized out>, format=<optimized out>) at fprintf_chk.c:33
#8  0x000055842bbf6bc9 in GateRootCoincBuffer::Fill(GateCoincidenceDigi*) ()
#9  0x000055842bae7268 in GateToRoot::CoincidenceOutputChannel::RecordDigitizer() ()
#10 0x000055842bade016 in GateToRoot::RecordDigitizer(G4Event const*) ()
#11 0x000055842bae653e in GateToRoot::RecordEndOfEvent(G4Event const*) ()
#12 0x000055842b9f017d in GateOutputMgr::RecordEndOfEvent(G4Event const*) ()
#13 0x000055842b832b3f in GateEventAction::EndOfEventAction(G4Event const*) ()
#14 0x00001549961a1f23 in G4EventManager::DoProcessing(G4Event*) () from /volatile3/geant4.10.07.p02-install/lib/libG4event.so
#15 0x00001549962400f7 in G4RunManager::DoEventLoop(int, char const*, int) () from /volatile3/geant4.10.07.p02-install/lib/libG4run.so
#16 0x000015499623dd22 in G4RunManager::BeamOn(int, char const*, int) () from /volatile3/geant4.10.07.p02-install/lib/libG4run.so
#17 0x000055842bb7a35c in GateApplicationMgr::StartDAQCluster(CLHEP::Hep3Vector) ()
#18 0x000055842bb7df1e in GateApplicationMgrMessenger::SetNewValue(G4UIcommand*, G4String) ()
#19 0x0000154993e5c35f in G4UIcommand::DoIt(G4String) () from /volatile3/geant4.10.07.p02-install/lib/libG4intercoms.so
#20 0x0000154993e4f70b in G4UIcmdWith3VectorAndUnit::DoIt(G4String) () from /volatile3/geant4.10.07.p02-install/lib/libG4intercoms.so
#21 0x0000154993e79c9a in G4UImanager::ApplyCommand(char const*) () from /volatile3/geant4.10.07.p02-install/lib/libG4intercoms.so
#22 0x0000154993e4a251 in G4UIbatch::ExecCommand(G4String const&) () from /volatile3/geant4.10.07.p02-install/lib/libG4intercoms.so
#23 0x0000154993e4c206 in G4UIbatch::SessionStart() () from /volatile3/geant4.10.07.p02-install/lib/libG4intercoms.so
#24 0x0000154993e7b400 in G4UImanager::ExecuteMacroFile(char const*) () from /volatile3/geant4.10.07.p02-install/lib/libG4intercoms.so
#25 0x0000154993e67d6d in G4UIcontrolMessenger::SetNewValue(G4UIcommand*, G4String) () from /volatile3/geant4.10.07.p02-install/lib/libG4intercoms.so
#26 0x0000154993e5c35f in G4UIcommand::DoIt(G4String) () from /volatile3/geant4.10.07.p02-install/lib/libG4intercoms.so
#27 0x0000154993e79c9a in G4UImanager::ApplyCommand(char const*) () from /volatile3/geant4.10.07.p02-install/lib/libG4intercoms.so
#28 0x000055842b7d44c0 in main ()
===========================================================


The lines below might hint at the cause of the crash.
You may get help by asking at the ROOT forum https://root.cern.ch/forum
Only if you are really convinced it is a bug in ROOT then please submit a
report at https://root.cern.ch/bugs Please post the ENTIRE stack trace
from above as an attachment in addition to anything else
that might help us fixing this issue.
===========================================================
#6  __vfprintf_internal (s=0x0, format=0x55842bf6a3e6 "%dn", ap=ap
entry=0x7fff47fa4830, mode_flags=2) at vfprintf-internal.c:1328
#7  0x00001549919bd123 in ___fprintf_chk (fp=<optimized out>, flag=<optimized out>, format=<optimized out>) at fprintf_chk.c:33
#8  0x000055842bbf6bc9 in GateRootCoincBuffer::Fill(GateCoincidenceDigi*) ()
#9  0x000055842bae7268 in GateToRoot::CoincidenceOutputChannel::RecordDigitizer() ()
#10 0x000055842bade016 in GateToRoot::RecordDigitizer(G4Event const*) ()
#11 0x000055842bae653e in GateToRoot::RecordEndOfEvent(G4Event const*) ()
#12 0x000055842b9f017d in GateOutputMgr::RecordEndOfEvent(G4Event const*) ()
#13 0x000055842b832b3f in GateEventAction::EndOfEventAction(G4Event const*) ()
#14 0x00001549961a1f23 in G4EventManager::DoProcessing(G4Event*) () from /volatile3/geant4.10.07.p02-install/lib/libG4event.so
#15 0x00001549962400f7 in G4RunManager::DoEventLoop(int, char const*, int) () from /volatile3/geant4.10.07.p02-install/lib/libG4run.so
#16 0x000015499623dd22 in G4RunManager::BeamOn(int, char const*, int) () from /volatile3/geant4.10.07.p02-install/lib/libG4run.so
#17 0x000055842bb7a35c in GateApplicationMgr::StartDAQCluster(CLHEP::Hep3Vector) ()
#18 0x000055842bb7df1e in GateApplicationMgrMessenger::SetNewValue(G4UIcommand*, G4String) ()
#19 0x0000154993e5c35f in G4UIcommand::DoIt(G4String) () from /volatile3/geant4.10.07.p02-install/lib/libG4intercoms.so
#20 0x0000154993e4f70b in G4UIcmdWith3VectorAndUnit::DoIt(G4String) () from /volatile3/geant4.10.07.p02-install/lib/libG4intercoms.so
#21 0x0000154993e79c9a in G4UImanager::ApplyCommand(char const*) () from /volatile3/geant4.10.07.p02-install/lib/libG4intercoms.so
#22 0x0000154993e4a251 in G4UIbatch::ExecCommand(G4String const&) () from /volatile3/geant4.10.07.p02-install/lib/libG4intercoms.so
#23 0x0000154993e4c206 in G4UIbatch::SessionStart() () from /volatile3/geant4.10.07.p02-install/lib/libG4intercoms.so
#24 0x0000154993e7b400 in G4UImanager::ExecuteMacroFile(char const*) () from /volatile3/geant4.10.07.p02-install/lib/libG4intercoms.so
#25 0x0000154993e67d6d in G4UIcontrolMessenger::SetNewValue(G4UIcommand*, G4String) () from /volatile3/geant4.10.07.p02-install/lib/libG4intercoms.so
#26 0x0000154993e5c35f in G4UIcommand::DoIt(G4String) () from /volatile3/geant4.10.07.p02-install/lib/libG4intercoms.so
#27 0x0000154993e79c9a in G4UImanager::ApplyCommand(char const*) () from /volatile3/geant4.10.07.p02-install/lib/libG4intercoms.so
#28 0x000055842b7d44c0 in main ()
===========================================================


