000 (098.006.000) 09/20 16:45:04 Job submitted from host: <127.0.0.1:9618?addrs=127.0.0.1-9618+[--1]-9618&noUDP&sock=1750_eed3_4>
...
001 (098.006.000) 09/20 16:45:24 Job executing on host: <127.0.0.1:9618?addrs=127.0.0.1-9618+[--1]-9618&noUDP&sock=1750_eed3_3>
...
006 (098.006.000) 09/20 16:45:30 Image size of job updated: 345160
	0  -  MemoryUsage of job (MB)
	0  -  ResidentSetSize of job (KB)
...
007 (098.006.000) 09/20 16:45:30 Shadow exception!
	UserLog Unable to log ULOG_JOB_TERMINATED event
	0  -  Run Bytes Sent By Job
	0  -  Run Bytes Received By Job
...
005 (098.006.000) 09/20 16:45:30 Job terminated.
	(1) Normal termination (return value 139)
		Usr 0 00:00:03, Sys 0 00:00:00  -  Run Remote Usage
		Usr 0 00:00:00, Sys 0 00:00:00  -  Run Local Usage
		Usr 0 00:00:03, Sys 0 00:00:00  -  Total Remote Usage
		Usr 0 00:00:00, Sys 0 00:00:00  -  Total Local Usage
	0  -  Run Bytes Sent By Job
	0  -  Run Bytes Received By Job
	0  -  Total Bytes Sent By Job
	0  -  Total Bytes Received By Job
...
