
 *** Break *** segmentation violation



===========================================================
There was a crash.
This is the entire stack trace of all threads:
===========================================================
#0  0x000014e34b980c3a in __GI___wait4 (pid=138224, stat_loc=stat_loc
entry=0x7ffd2ddbf7e8, options=options
entry=0, usage=usage
entry=0x0) at ../sysdeps/unix/sysv/linux/wait4.c:27
#1  0x000014e34b980bfb in __GI___waitpid (pid=<optimized out>, stat_loc=stat_loc
entry=0x7ffd2ddbf7e8, options=options
entry=0) at waitpid.c:38
#2  0x000014e34b8eff67 in do_system (line=<optimized out>) at ../sysdeps/posix/system.c:172
#3  0x000014e34db0cbfe in TUnixSystem::StackTrace() () from /volatile3/root/root_v6.24.00.Linux-ubuntu20-x86_64-gcc9.3/root/lib/libCore.so.6.24
#4  0x000014e34db09a85 in TUnixSystem::DispatchSignals(ESignals) () from /volatile3/root/root_v6.24.00.Linux-ubuntu20-x86_64-gcc9.3/root/lib/libCore.so.6.24
#5  <signal handler called>
#6  __vfprintf_internal (s=0x0, format=0x5567f99423e6 "%d\n", ap=ap
entry=0x7ffd2ddc3050, mode_flags=2) at vfprintf-internal.c:1328
#7  0x000014e34b9cc123 in ___fprintf_chk (fp=<optimized out>, flag=<optimized out>, format=<optimized out>) at fprintf_chk.c:33
#8  0x00005567f95cebc9 in GateRootCoincBuffer::Fill(GateCoincidenceDigi*) ()
#9  0x00005567f94bf268 in GateToRoot::CoincidenceOutputChannel::RecordDigitizer() ()
#10 0x00005567f94b6016 in GateToRoot::RecordDigitizer(G4Event const*) ()
#11 0x00005567f94be53e in GateToRoot::RecordEndOfEvent(G4Event const*) ()
#12 0x00005567f93c817d in GateOutputMgr::RecordEndOfEvent(G4Event const*) ()
#13 0x00005567f920ab3f in GateEventAction::EndOfEventAction(G4Event const*) ()
#14 0x000014e3501b0f23 in G4EventManager::DoProcessing(G4Event*) () from /volatile3/geant4.10.07.p02-install/lib/libG4event.so
#15 0x000014e35024f0f7 in G4RunManager::DoEventLoop(int, char const*, int) () from /volatile3/geant4.10.07.p02-install/lib/libG4run.so
#16 0x000014e35024cd22 in G4RunManager::BeamOn(int, char const*, int) () from /volatile3/geant4.10.07.p02-install/lib/libG4run.so
#17 0x00005567f955235c in GateApplicationMgr::StartDAQCluster(CLHEP::Hep3Vector) ()
#18 0x00005567f9555f1e in GateApplicationMgrMessenger::SetNewValue(G4UIcommand*, G4String) ()
#19 0x000014e34de6b35f in G4UIcommand::DoIt(G4String) () from /volatile3/geant4.10.07.p02-install/lib/libG4intercoms.so
#20 0x000014e34de5e70b in G4UIcmdWith3VectorAndUnit::DoIt(G4String) () from /volatile3/geant4.10.07.p02-install/lib/libG4intercoms.so
#21 0x000014e34de88c9a in G4UImanager::ApplyCommand(char const*) () from /volatile3/geant4.10.07.p02-install/lib/libG4intercoms.so
#22 0x000014e34de59251 in G4UIbatch::ExecCommand(G4String const&) () from /volatile3/geant4.10.07.p02-install/lib/libG4intercoms.so
#23 0x000014e34de5b206 in G4UIbatch::SessionStart() () from /volatile3/geant4.10.07.p02-install/lib/libG4intercoms.so
#24 0x000014e34de8a400 in G4UImanager::ExecuteMacroFile(char const*) () from /volatile3/geant4.10.07.p02-install/lib/libG4intercoms.so
#25 0x000014e34de76d6d in G4UIcontrolMessenger::SetNewValue(G4UIcommand*, G4String) () from /volatile3/geant4.10.07.p02-install/lib/libG4intercoms.so
#26 0x000014e34de6b35f in G4UIcommand::DoIt(G4String) () from /volatile3/geant4.10.07.p02-install/lib/libG4intercoms.so
#27 0x000014e34de88c9a in G4UImanager::ApplyCommand(char const*) () from /volatile3/geant4.10.07.p02-install/lib/libG4intercoms.so
#28 0x00005567f91ac4c0 in main ()
===========================================================


The lines below might hint at the cause of the crash.
You may get help by asking at the ROOT forum https://root.cern.ch/forum
Only if you are really convinced it is a bug in ROOT then please submit a
report at https://root.cern.ch/bugs Please post the ENTIRE stack trace
from above as an attachment in addition to anything else
that might help us fixing this issue.
===========================================================
#6  __vfprintf_internal (s=0x0, format=0x5567f99423e6 "%dn", ap=ap
entry=0x7ffd2ddc3050, mode_flags=2) at vfprintf-internal.c:1328
#7  0x000014e34b9cc123 in ___fprintf_chk (fp=<optimized out>, flag=<optimized out>, format=<optimized out>) at fprintf_chk.c:33
#8  0x00005567f95cebc9 in GateRootCoincBuffer::Fill(GateCoincidenceDigi*) ()
#9  0x00005567f94bf268 in GateToRoot::CoincidenceOutputChannel::RecordDigitizer() ()
#10 0x00005567f94b6016 in GateToRoot::RecordDigitizer(G4Event const*) ()
#11 0x00005567f94be53e in GateToRoot::RecordEndOfEvent(G4Event const*) ()
#12 0x00005567f93c817d in GateOutputMgr::RecordEndOfEvent(G4Event const*) ()
#13 0x00005567f920ab3f in GateEventAction::EndOfEventAction(G4Event const*) ()
#14 0x000014e3501b0f23 in G4EventManager::DoProcessing(G4Event*) () from /volatile3/geant4.10.07.p02-install/lib/libG4event.so
#15 0x000014e35024f0f7 in G4RunManager::DoEventLoop(int, char const*, int) () from /volatile3/geant4.10.07.p02-install/lib/libG4run.so
#16 0x000014e35024cd22 in G4RunManager::BeamOn(int, char const*, int) () from /volatile3/geant4.10.07.p02-install/lib/libG4run.so
#17 0x00005567f955235c in GateApplicationMgr::StartDAQCluster(CLHEP::Hep3Vector) ()
#18 0x00005567f9555f1e in GateApplicationMgrMessenger::SetNewValue(G4UIcommand*, G4String) ()
#19 0x000014e34de6b35f in G4UIcommand::DoIt(G4String) () from /volatile3/geant4.10.07.p02-install/lib/libG4intercoms.so
#20 0x000014e34de5e70b in G4UIcmdWith3VectorAndUnit::DoIt(G4String) () from /volatile3/geant4.10.07.p02-install/lib/libG4intercoms.so
#21 0x000014e34de88c9a in G4UImanager::ApplyCommand(char const*) () from /volatile3/geant4.10.07.p02-install/lib/libG4intercoms.so
#22 0x000014e34de59251 in G4UIbatch::ExecCommand(G4String const&) () from /volatile3/geant4.10.07.p02-install/lib/libG4intercoms.so
#23 0x000014e34de5b206 in G4UIbatch::SessionStart() () from /volatile3/geant4.10.07.p02-install/lib/libG4intercoms.so
#24 0x000014e34de8a400 in G4UImanager::ExecuteMacroFile(char const*) () from /volatile3/geant4.10.07.p02-install/lib/libG4intercoms.so
#25 0x000014e34de76d6d in G4UIcontrolMessenger::SetNewValue(G4UIcommand*, G4String) () from /volatile3/geant4.10.07.p02-install/lib/libG4intercoms.so
#26 0x000014e34de6b35f in G4UIcommand::DoIt(G4String) () from /volatile3/geant4.10.07.p02-install/lib/libG4intercoms.so
#27 0x000014e34de88c9a in G4UImanager::ApplyCommand(char const*) () from /volatile3/geant4.10.07.p02-install/lib/libG4intercoms.so
#28 0x00005567f91ac4c0 in main ()
===========================================================


