
 *** Break *** segmentation violation



===========================================================
There was a crash.
This is the entire stack trace of all threads:
===========================================================
#0  0x000014f4f2866c3a in __GI___wait4 (pid=138022, stat_loc=stat_loc
entry=0x7ffd3adb9228, options=options
entry=0, usage=usage
entry=0x0) at ../sysdeps/unix/sysv/linux/wait4.c:27
#1  0x000014f4f2866bfb in __GI___waitpid (pid=<optimized out>, stat_loc=stat_loc
entry=0x7ffd3adb9228, options=options
entry=0) at waitpid.c:38
#2  0x000014f4f27d5f67 in do_system (line=<optimized out>) at ../sysdeps/posix/system.c:172
#3  0x000014f4f49f2bfe in TUnixSystem::StackTrace() () from /volatile3/root/root_v6.24.00.Linux-ubuntu20-x86_64-gcc9.3/root/lib/libCore.so.6.24
#4  0x000014f4f49efa85 in TUnixSystem::DispatchSignals(ESignals) () from /volatile3/root/root_v6.24.00.Linux-ubuntu20-x86_64-gcc9.3/root/lib/libCore.so.6.24
#5  <signal handler called>
#6  __vfprintf_internal (s=0x0, format=0x56443ad003e6 "%d\n", ap=ap
entry=0x7ffd3adbcaa0, mode_flags=2) at vfprintf-internal.c:1328
#7  0x000014f4f28b2123 in ___fprintf_chk (fp=<optimized out>, flag=<optimized out>, format=<optimized out>) at fprintf_chk.c:33
#8  0x000056443a98cbc9 in GateRootCoincBuffer::Fill(GateCoincidenceDigi*) ()
#9  0x000056443a87d268 in GateToRoot::CoincidenceOutputChannel::RecordDigitizer() ()
#10 0x000056443a874016 in GateToRoot::RecordDigitizer(G4Event const*) ()
#11 0x000056443a87c53e in GateToRoot::RecordEndOfEvent(G4Event const*) ()
#12 0x000056443a78617d in GateOutputMgr::RecordEndOfEvent(G4Event const*) ()
#13 0x000056443a5c8b3f in GateEventAction::EndOfEventAction(G4Event const*) ()
#14 0x000014f4f7096f23 in G4EventManager::DoProcessing(G4Event*) () from /volatile3/geant4.10.07.p02-install/lib/libG4event.so
#15 0x000014f4f71350f7 in G4RunManager::DoEventLoop(int, char const*, int) () from /volatile3/geant4.10.07.p02-install/lib/libG4run.so
#16 0x000014f4f7132d22 in G4RunManager::BeamOn(int, char const*, int) () from /volatile3/geant4.10.07.p02-install/lib/libG4run.so
#17 0x000056443a91035c in GateApplicationMgr::StartDAQCluster(CLHEP::Hep3Vector) ()
#18 0x000056443a913f1e in GateApplicationMgrMessenger::SetNewValue(G4UIcommand*, G4String) ()
#19 0x000014f4f4d5135f in G4UIcommand::DoIt(G4String) () from /volatile3/geant4.10.07.p02-install/lib/libG4intercoms.so
#20 0x000014f4f4d4470b in G4UIcmdWith3VectorAndUnit::DoIt(G4String) () from /volatile3/geant4.10.07.p02-install/lib/libG4intercoms.so
#21 0x000014f4f4d6ec9a in G4UImanager::ApplyCommand(char const*) () from /volatile3/geant4.10.07.p02-install/lib/libG4intercoms.so
#22 0x000014f4f4d3f251 in G4UIbatch::ExecCommand(G4String const&) () from /volatile3/geant4.10.07.p02-install/lib/libG4intercoms.so
#23 0x000014f4f4d41206 in G4UIbatch::SessionStart() () from /volatile3/geant4.10.07.p02-install/lib/libG4intercoms.so
#24 0x000014f4f4d70400 in G4UImanager::ExecuteMacroFile(char const*) () from /volatile3/geant4.10.07.p02-install/lib/libG4intercoms.so
#25 0x000014f4f4d5cd6d in G4UIcontrolMessenger::SetNewValue(G4UIcommand*, G4String) () from /volatile3/geant4.10.07.p02-install/lib/libG4intercoms.so
#26 0x000014f4f4d5135f in G4UIcommand::DoIt(G4String) () from /volatile3/geant4.10.07.p02-install/lib/libG4intercoms.so
#27 0x000014f4f4d6ec9a in G4UImanager::ApplyCommand(char const*) () from /volatile3/geant4.10.07.p02-install/lib/libG4intercoms.so
#28 0x000056443a56a4c0 in main ()
===========================================================


The lines below might hint at the cause of the crash.
You may get help by asking at the ROOT forum https://root.cern.ch/forum
Only if you are really convinced it is a bug in ROOT then please submit a
report at https://root.cern.ch/bugs Please post the ENTIRE stack trace
from above as an attachment in addition to anything else
that might help us fixing this issue.
===========================================================
#6  __vfprintf_internal (s=0x0, format=0x56443ad003e6 "%dn", ap=ap
entry=0x7ffd3adbcaa0, mode_flags=2) at vfprintf-internal.c:1328
#7  0x000014f4f28b2123 in ___fprintf_chk (fp=<optimized out>, flag=<optimized out>, format=<optimized out>) at fprintf_chk.c:33
#8  0x000056443a98cbc9 in GateRootCoincBuffer::Fill(GateCoincidenceDigi*) ()
#9  0x000056443a87d268 in GateToRoot::CoincidenceOutputChannel::RecordDigitizer() ()
#10 0x000056443a874016 in GateToRoot::RecordDigitizer(G4Event const*) ()
#11 0x000056443a87c53e in GateToRoot::RecordEndOfEvent(G4Event const*) ()
#12 0x000056443a78617d in GateOutputMgr::RecordEndOfEvent(G4Event const*) ()
#13 0x000056443a5c8b3f in GateEventAction::EndOfEventAction(G4Event const*) ()
#14 0x000014f4f7096f23 in G4EventManager::DoProcessing(G4Event*) () from /volatile3/geant4.10.07.p02-install/lib/libG4event.so
#15 0x000014f4f71350f7 in G4RunManager::DoEventLoop(int, char const*, int) () from /volatile3/geant4.10.07.p02-install/lib/libG4run.so
#16 0x000014f4f7132d22 in G4RunManager::BeamOn(int, char const*, int) () from /volatile3/geant4.10.07.p02-install/lib/libG4run.so
#17 0x000056443a91035c in GateApplicationMgr::StartDAQCluster(CLHEP::Hep3Vector) ()
#18 0x000056443a913f1e in GateApplicationMgrMessenger::SetNewValue(G4UIcommand*, G4String) ()
#19 0x000014f4f4d5135f in G4UIcommand::DoIt(G4String) () from /volatile3/geant4.10.07.p02-install/lib/libG4intercoms.so
#20 0x000014f4f4d4470b in G4UIcmdWith3VectorAndUnit::DoIt(G4String) () from /volatile3/geant4.10.07.p02-install/lib/libG4intercoms.so
#21 0x000014f4f4d6ec9a in G4UImanager::ApplyCommand(char const*) () from /volatile3/geant4.10.07.p02-install/lib/libG4intercoms.so
#22 0x000014f4f4d3f251 in G4UIbatch::ExecCommand(G4String const&) () from /volatile3/geant4.10.07.p02-install/lib/libG4intercoms.so
#23 0x000014f4f4d41206 in G4UIbatch::SessionStart() () from /volatile3/geant4.10.07.p02-install/lib/libG4intercoms.so
#24 0x000014f4f4d70400 in G4UImanager::ExecuteMacroFile(char const*) () from /volatile3/geant4.10.07.p02-install/lib/libG4intercoms.so
#25 0x000014f4f4d5cd6d in G4UIcontrolMessenger::SetNewValue(G4UIcommand*, G4String) () from /volatile3/geant4.10.07.p02-install/lib/libG4intercoms.so
#26 0x000014f4f4d5135f in G4UIcommand::DoIt(G4String) () from /volatile3/geant4.10.07.p02-install/lib/libG4intercoms.so
#27 0x000014f4f4d6ec9a in G4UImanager::ApplyCommand(char const*) () from /volatile3/geant4.10.07.p02-install/lib/libG4intercoms.so
#28 0x000056443a56a4c0 in main ()
===========================================================


