[G4] 
[G4] **************************************************************
[G4]  Geant4 version Name: geant4-10-07-patch-02    (11-June-2021)
[G4]                        Copyright : Geant4 Collaboration
[G4]                       References : NIM A 506 (2003), 250-303
[G4]                                  : IEEE-TNS 53 (2006), 270-278
[G4]                                  : NIM A 835 (2016), 186-225
[G4]                              WWW : http://geant4.org/
[G4] **************************************************************
[G4] 
[Core-0] Initialization of geometry
[Core-0] Initialization of physics
[Core-0] Initialization of actors
[Core-0] 
[Core-0] *************************************************
[Core-0]  GATE version 9.1 (2021)
[Core-0]  Copyright : OpenGATE Collaboration
[Core-0]  Reference : Phys. Med. Biol. 49 (2004) 4543-4561
[Core-0]  Reference : Phys. Med. Biol. 56 (2011) 881-901
[Core-0]  Reference : Med. Phys. 41(6)    (2014)
[Core-0]  http://www.opengatecollaboration.org        
[Core-0] *************************************************
[Core-0] 
[Core-0] You are using Geant4 version 10.7.2
[Core-0] Starting macro ./split/.Gate/main131/main14.mac
0: RINDEX
1.84e-06   1.00028
4.08e-06   1.00028
9: GROUPVEL
1.84e-06   299.709
4.08e-06   299.709
16: ABSLENGTH
1.84e-06   50000
4.08e-06   50000
 <!> *** WARNING *** <!>  GateMaterialDatabase: Multiple definition of element: Yttrium.
The definition in ClMind_GateMaterials.db was used.


GATE object:        'systems/cylindricalPET'
Components:

GATE object:        'systems/cylindricalPET/base'
Attached to volume: cylindricalPET
Nb of children:       1

	GATE object:        'systems/cylindricalPET/rsector'
	Attached to volume: module
	Nb of children:       1

		GATE object:        'systems/cylindricalPET/module'
		Attached to volume: unit
		Nb of children:       1

			GATE object:        'systems/cylindricalPET/submodule'
			Attached to volume: block
			Nb of children:       1

				GATE object:        'systems/cylindricalPET/crystal'
				Attached to volume: optical
				Nb of children:       4

					GATE object:        'systems/cylindricalPET/layer0'
					Attached to volume: crystal
					Nb of children:       0

					GATE object:        'systems/cylindricalPET/layer1'
					Attached to volume: ---
					Nb of children:       0

					GATE object:        'systems/cylindricalPET/layer2'
					Attached to volume: ---
					Nb of children:       0

					GATE object:        'systems/cylindricalPET/layer3'
					Attached to volume: ---
					Nb of children:       0
geometrical design type: 1
ring diameter: -3.95 mm 
rsector axial pitch: 0 fm 
rsector azimuthal pitch: 12.8571 degree
rsector tangential size: 2.5 cm 
rsector axial size: 25.04 cm 
module axial size: 4.784 cm 
module tangential size: 2.5 cm 
module axial pitch: 0 fm 
module tangential pitch: 0 fm 
submodule axial size: 4.784 cm 
submodule tangential size: 2.5 cm 
submodule axial pitch: 0 fm 
submodule tangential pitch: 0 fm 
crystal radial size: 1.59 cm 
crystal axial size: 1.59 cm 
crystal tangential size: 2.5 cm 
crystal axial pitch: 0 fm 
crystal tangential pitch: 0 fm 
layer0 radial size: 3.95 mm 
in layer0 interaction length: 1.975 mm 
Axial nb of rsectors: 1
Azimuthal nb of rsectors: 28
Axial nb of modules: 1
Tangential nb of modules: 1
Axial nb of submodules: 1
Tangential nb of submodules: 1
Axial nb of crystals: 1
Tangential nb of crystals: 1
Radial nb of layers: 1
[Physic-0] The following Geant4's physic-list is enabled :emstandard_opt3


List of Enabled processes:




List of initialized processes:


[Core-0] Initialization of geometry
[Core-0] Initialization of physics
[Core-0] Initialization of actors
 <!> *** WARNING *** <!>  The 'energytype' option is DEPRECATED, use 'ene/type' instead!
 <!> *** WARNING *** <!>  The 'energytype' option is DEPRECATED, use 'ene/type' instead!
 <!> *** WARNING *** <!>  The 'energytype' option is DEPRECATED, use 'ene/type' instead!
 <!> *** WARNING *** <!>  The 'energytype' option is DEPRECATED, use 'ene/type' instead!
 <!> *** WARNING *** <!>  The 'energytype' option is DEPRECATED, use 'ene/type' instead!
 <!> *** WARNING *** <!>  The 'energytype' option is DEPRECATED, use 'ene/type' instead!
 <!> *** WARNING *** <!>  The 'energytype' option is DEPRECATED, use 'ene/type' instead!
 <!> *** WARNING *** <!>  The 'energytype' option is DEPRECATED, use 'ene/type' instead!
 <!> *** WARNING *** <!>  The 'energytype' option is DEPRECATED, use 'ene/type' instead!
[Acquisition-0]   
[Acquisition-0] ============= Source initialization =============
[Acquisition-0]   
[Acquisition-0] ============= Acquisition starts! =============
[Acquisition-0] Simulation start time = 0 sec
[Acquisition-0] Simulation end time   = 1 sec
[Acquisition-0] Simulation will have  = 1 run(s)
[Acquisition-0] Slice 0 from 0 to 1 s [slice=1 s]

### ===  Deexcitation model UAtomDeexcitation is activated for 25 regions:
          DefaultRegionForTheWorld  1  1  1
          cylindricalPET  1  1  1
          module  1  1  1
          unit  1  1  1
          block  1  1  1
          optical  1  1  1
          crystal  1  1  1
          capillaire1  1  1  1
          capillaire1_water  1  1  1
          capillaire2  1  1  1
          capillaire2_water  1  1  1
          capillaire3  1  1  1
          capillaire3_water  1  1  1
          capillaire4  1  1  1
          capillaire4_water  1  1  1
          capillaire5  1  1  1
          capillaire5_water  1  1  1
          capillaire_m1  1  1  1
          capillaire_m1_water  1  1  1
          capillaire_m2  1  1  1
          capillaire_m2_water  1  1  1
          capillaire_m3  1  1  1
          capillaire_m3_water  1  1  1
          capillaire_m4  1  1  1
          capillaire_m4_water  1  1  1
### ===  Ignore cuts flag:   0

phot:  for gamma applyCuts:1  SubType=12 BuildTable=0
      LambdaPrime table from 200 keV to 100 TeV in 174 bins 
      ===== EM models for the G4Region  DefaultRegionForTheWorld ======
 LivermorePhElectric : Emin=    0 eV  Emax=  100 TeV  SauterGavrila Fluo

compt:  for gamma applyCuts:1  SubType=13 BuildTable=1
      Lambda table from 10 eV  to 1 MeV, 20 bins/decade, spline: 1
      LambdaPrime table from 1 MeV to 100 TeV in 160 bins 
      ===== EM models for the G4Region  DefaultRegionForTheWorld ======
        KleinNishina : Emin=    0 eV  Emax=  100 TeV Fluo

conv:  for gamma applyCuts:1  SubType=14 BuildTable=1
      Lambda table from 1.022 MeV to 100 TeV, 20 bins/decade, spline: 1
      ===== EM models for the G4Region  DefaultRegionForTheWorld ======
     BetheHeitlerLPM : Emin=    0 eV  Emax=  100 TeV  ModifiedTsai

Rayl:  for gamma applyCuts:1  SubType=11 BuildTable=1
      Lambda table from 10 eV  to 100 keV, 20 bins/decade, spline: 0
      LambdaPrime table from 100 keV to 100 TeV in 180 bins 
      ===== EM models for the G4Region  DefaultRegionForTheWorld ======
   LivermoreRayleigh : Emin=    0 eV  Emax=  100 TeV  CullenGenerator

msc:  for e-  SubType= 10
      ===== EM models for the G4Region  DefaultRegionForTheWorld ======
            UrbanMsc : Emin=    0 eV  Emax=  100 TeV Nbins=240 100 eV  - 100 TeV
              StepLim=DistanceToBoundary Rfact=0.04 Gfact=2.5 Sfact=0.6 DispFlag:1 Skin=1 Llimit=1

eIoni:  for e-  SubType=2
      dE/dx and range tables from 10 eV  to 100 TeV in 260 bins
      Lambda tables from threshold to 100 TeV, 20 bins/decade, spline: 1
      StepFunction=(0.2, 0.1 mm), integ: 1, fluct: 1, linLossLim= 0.01
      ===== EM models for the G4Region  DefaultRegionForTheWorld ======
        MollerBhabha : Emin=    0 eV  Emax=  100 TeV  deltaVI

eBrem:  for e-  SubType=3
      dE/dx and range tables from 10 eV  to 100 TeV in 260 bins
      Lambda tables from threshold to 100 TeV, 20 bins/decade, spline: 1
      LPM flag: 1 for E > 1 GeV,  VertexHighEnergyTh(GeV)= 100000
      ===== EM models for the G4Region  DefaultRegionForTheWorld ======
             eBremSB : Emin=    0 eV  Emax=    1 GeV  AngularGen2BS
            eBremLPM : Emin=    1 GeV Emax=  100 TeV  AngularGen2BS

ePairProd:  for e-  SubType=4
      dE/dx and range tables from 10 eV  to 100 TeV in 260 bins
      Lambda tables from threshold to 100 TeV, 20 bins/decade, spline: 1
      Sampling table 25x1001; from 0.1 GeV to 100 TeV 
      ===== EM models for the G4Region  DefaultRegionForTheWorld ======
           ePairProd : Emin=    0 eV  Emax=  100 TeV  ModifiedMephi

msc:  for e+  SubType= 10
      ===== EM models for the G4Region  DefaultRegionForTheWorld ======
            UrbanMsc : Emin=    0 eV  Emax=  100 TeV Nbins=240 100 eV  - 100 TeV
              StepLim=DistanceToBoundary Rfact=0.04 Gfact=2.5 Sfact=0.6 DispFlag:1 Skin=1 Llimit=1

eIoni:  for e+  SubType=2
      dE/dx and range tables from 10 eV  to 100 TeV in 260 bins
      Lambda tables from threshold to 100 TeV, 20 bins/decade, spline: 1
      StepFunction=(0.2, 0.1 mm), integ: 1, fluct: 1, linLossLim= 0.01
      ===== EM models for the G4Region  DefaultRegionForTheWorld ======
        MollerBhabha : Emin=    0 eV  Emax=  100 TeV  deltaVI

eBrem:  for e+  SubType=3
      dE/dx and range tables from 10 eV  to 100 TeV in 260 bins
      Lambda tables from threshold to 100 TeV, 20 bins/decade, spline: 1
      LPM flag: 1 for E > 1 GeV,  VertexHighEnergyTh(GeV)= 100000
      ===== EM models for the G4Region  DefaultRegionForTheWorld ======
             eBremSB : Emin=    0 eV  Emax=    1 GeV  AngularGen2BS
            eBremLPM : Emin=    1 GeV Emax=  100 TeV  AngularGen2BS

ePairProd:  for e+  SubType=4
      dE/dx and range tables from 10 eV  to 100 TeV in 260 bins
      Lambda tables from threshold to 100 TeV, 20 bins/decade, spline: 1
      Sampling table 25x1001; from 0.1 GeV to 100 TeV 
      ===== EM models for the G4Region  DefaultRegionForTheWorld ======
           ePairProd : Emin=    0 eV  Emax=  100 TeV  ModifiedMephi

annihil:  for e+, integral:1  applyCuts:1  SubType=5 BuildTable=0
      ===== EM models for the G4Region  DefaultRegionForTheWorld ======
            eplus2gg : Emin=    0 eV  Emax=  100 TeV

msc:  for proton  SubType= 10
      ===== EM models for the G4Region  DefaultRegionForTheWorld ======
            UrbanMsc : Emin=    0 eV  Emax=  100 TeV Nbins=240 100 eV  - 100 TeV
              StepLim=Minimal Rfact=0.2 Gfact=2.5 Sfact=0.6 DispFlag:1 Skin=1 Llimit=1

hIoni:  for proton  SubType=2
      dE/dx and range tables from 10 eV  to 100 TeV in 260 bins
      Lambda tables from threshold to 100 TeV, 20 bins/decade, spline: 1
      StepFunction=(0.2, 0.05 mm), integ: 1, fluct: 1, linLossLim= 0.01
      ===== EM models for the G4Region  DefaultRegionForTheWorld ======
               Bragg : Emin=    0 eV  Emax=    2 MeV  deltaVI
          BetheBloch : Emin=    2 MeV Emax=  100 TeV  deltaVI

hBrems:  for proton  SubType=3
      dE/dx and range tables from 10 eV  to 100 TeV in 260 bins
      Lambda tables from threshold to 100 TeV, 20 bins/decade, spline: 1
      ===== EM models for the G4Region  DefaultRegionForTheWorld ======
               hBrem : Emin=    0 eV  Emax=  100 TeV  ModifiedMephi
      ===== Limit on energy threshold has been applied 

hPairProd:  for proton  SubType=4
      dE/dx and range tables from 10 eV  to 100 TeV in 260 bins
      Lambda tables from threshold to 100 TeV, 20 bins/decade, spline: 1
      Sampling table 17x1001; from 7.50618 GeV to 100 TeV 
      ===== EM models for the G4Region  DefaultRegionForTheWorld ======
           hPairProd : Emin=    0 eV  Emax=  100 TeV  ModifiedMephi

nuclearStopping:  for proton applyCuts:1  SubType=8 BuildTable=0
      ===== EM models for the G4Region  DefaultRegionForTheWorld ======
   ICRU49NucStopping : Emin=    0 eV  Emax=    1 MeV

msc:  for GenericIon  SubType= 10
      ===== EM models for the G4Region  DefaultRegionForTheWorld ======
            UrbanMsc : Emin=    0 eV  Emax=  100 TeV
              StepLim=Minimal Rfact=0.2 Gfact=2.5 Sfact=0.6 DispFlag:1 Skin=1 Llimit=1

ionIoni:  for GenericIon  SubType=2
      dE/dx and range tables from 10 eV  to 100 TeV in 260 bins
      Lambda tables from threshold to 100 TeV, 20 bins/decade, spline: 1
      StepFunction=(0.1, 0.02 mm), integ: 1, fluct: 1, linLossLim= 0.02
      ===== EM models for the G4Region  DefaultRegionForTheWorld ======
         ParamICRU73 : Emin=    0 eV  Emax=  100 TeV  deltaVI

nuclearStopping:  for GenericIon applyCuts:1  SubType=8 BuildTable=0
      ===== EM models for the G4Region  DefaultRegionForTheWorld ======
   ICRU49NucStopping : Emin=    0 eV  Emax=    1 MeV

msc:  for alpha  SubType= 10
      ===== EM models for the G4Region  DefaultRegionForTheWorld ======
            UrbanMsc : Emin=    0 eV  Emax=  100 TeV Nbins=240 100 eV  - 100 TeV
              StepLim=Minimal Rfact=0.2 Gfact=2.5 Sfact=0.6 DispFlag:1 Skin=1 Llimit=1

ionIoni:  for alpha  SubType=2
      dE/dx and range tables from 10 eV  to 100 TeV in 260 bins
      Lambda tables from threshold to 100 TeV, 20 bins/decade, spline: 1
      StepFunction=(0.1, 0.02 mm), integ: 1, fluct: 1, linLossLim= 0.02
      ===== EM models for the G4Region  DefaultRegionForTheWorld ======
            BraggIon : Emin=    0 eV  Emax=7.9452 MeV  deltaVI
          BetheBloch : Emin=7.9452 MeV Emax=  100 TeV  deltaVI

nuclearStopping:  for alpha applyCuts:1  SubType=8 BuildTable=0
      ===== EM models for the G4Region  DefaultRegionForTheWorld ======
   ICRU49NucStopping : Emin=    0 eV  Emax=    1 MeV

msc:  for anti_proton  SubType= 10
      ===== EM models for the G4Region  DefaultRegionForTheWorld ======
            UrbanMsc : Emin=    0 eV  Emax=  100 TeV Nbins=240 100 eV  - 100 TeV
              StepLim=Minimal Rfact=0.2 Gfact=2.5 Sfact=0.6 DispFlag:1 Skin=1 Llimit=1

hIoni:  for anti_proton  SubType=2
      dE/dx and range tables from 10 eV  to 100 TeV in 260 bins
      Lambda tables from threshold to 100 TeV, 20 bins/decade, spline: 1
      StepFunction=(0.2, 0.05 mm), integ: 1, fluct: 1, linLossLim= 0.01
      ===== EM models for the G4Region  DefaultRegionForTheWorld ======
            ICRU73QO : Emin=    0 eV  Emax=    2 MeV  deltaVI
          BetheBloch : Emin=    2 MeV Emax=  100 TeV  deltaVI

hBrems:  for anti_proton  SubType=3
      dE/dx and range tables from 10 eV  to 100 TeV in 260 bins
      Lambda tables from threshold to 100 TeV, 20 bins/decade, spline: 1
      ===== EM models for the G4Region  DefaultRegionForTheWorld ======
               hBrem : Emin=    0 eV  Emax=  100 TeV  ModifiedMephi
      ===== Limit on energy threshold has been applied 

hPairProd:  for anti_proton  SubType=4
      dE/dx and range tables from 10 eV  to 100 TeV in 260 bins
      Lambda tables from threshold to 100 TeV, 20 bins/decade, spline: 1
      Sampling table 17x1001; from 7.50618 GeV to 100 TeV 
      ===== EM models for the G4Region  DefaultRegionForTheWorld ======
           hPairProd : Emin=    0 eV  Emax=  100 TeV  ModifiedMephi

msc:  for kaon+  SubType= 10
      ===== EM models for the G4Region  DefaultRegionForTheWorld ======
            UrbanMsc : Emin=    0 eV  Emax=  100 TeV Nbins=240 100 eV  - 100 TeV
              StepLim=Minimal Rfact=0.2 Gfact=2.5 Sfact=0.6 DispFlag:1 Skin=1 Llimit=1

hIoni:  for kaon+  SubType=2
      dE/dx and range tables from 10 eV  to 100 TeV in 260 bins
      Lambda tables from threshold to 100 TeV, 20 bins/decade, spline: 1
      StepFunction=(0.2, 0.05 mm), integ: 1, fluct: 1, linLossLim= 0.01
      ===== EM models for the G4Region  DefaultRegionForTheWorld ======
               Bragg : Emin=    0 eV  Emax=1.05231 MeV  deltaVI
          BetheBloch : Emin=1.05231 MeV Emax=  100 TeV  deltaVI

hBrems:  for kaon+  SubType=3
      dE/dx and range tables from 10 eV  to 100 TeV in 260 bins
      Lambda tables from threshold to 100 TeV, 20 bins/decade, spline: 1
      ===== EM models for the G4Region  DefaultRegionForTheWorld ======
               hBrem : Emin=    0 eV  Emax=  100 TeV  ModifiedMephi
      ===== Limit on energy threshold has been applied 

hPairProd:  for kaon+  SubType=4
      dE/dx and range tables from 10 eV  to 100 TeV in 260 bins
      Lambda tables from threshold to 100 TeV, 20 bins/decade, spline: 1
      Sampling table 18x1001; from 3.94942 GeV to 100 TeV 
      ===== EM models for the G4Region  DefaultRegionForTheWorld ======
           hPairProd : Emin=    0 eV  Emax=  100 TeV  ModifiedMephi

msc:  for kaon-  SubType= 10
      ===== EM models for the G4Region  DefaultRegionForTheWorld ======
            UrbanMsc : Emin=    0 eV  Emax=  100 TeV Nbins=240 100 eV  - 100 TeV
              StepLim=Minimal Rfact=0.2 Gfact=2.5 Sfact=0.6 DispFlag:1 Skin=1 Llimit=1

hIoni:  for kaon-  SubType=2
      dE/dx and range tables from 10 eV  to 100 TeV in 260 bins
      Lambda tables from threshold to 100 TeV, 20 bins/decade, spline: 1
      StepFunction=(0.2, 0.05 mm), integ: 1, fluct: 1, linLossLim= 0.01
      ===== EM models for the G4Region  DefaultRegionForTheWorld ======
            ICRU73QO : Emin=    0 eV  Emax=1.05231 MeV  deltaVI
          BetheBloch : Emin=1.05231 MeV Emax=  100 TeV  deltaVI

hBrems:  for kaon-  SubType=3
      dE/dx and range tables from 10 eV  to 100 TeV in 260 bins
      Lambda tables from threshold to 100 TeV, 20 bins/decade, spline: 1
      ===== EM models for the G4Region  DefaultRegionForTheWorld ======
               hBrem : Emin=    0 eV  Emax=  100 TeV  ModifiedMephi
      ===== Limit on energy threshold has been applied 

hPairProd:  for kaon-  SubType=4
      dE/dx and range tables from 10 eV  to 100 TeV in 260 bins
      Lambda tables from threshold to 100 TeV, 20 bins/decade, spline: 1
      Sampling table 18x1001; from 3.94942 GeV to 100 TeV 
      ===== EM models for the G4Region  DefaultRegionForTheWorld ======
           hPairProd : Emin=    0 eV  Emax=  100 TeV  ModifiedMephi

msc:  for mu+  SubType= 10
      ===== EM models for the G4Region  DefaultRegionForTheWorld ======
            UrbanMsc : Emin=    0 eV  Emax=  100 TeV Nbins=240 100 eV  - 100 TeV
              StepLim=Minimal Rfact=0.2 Gfact=2.5 Sfact=0.6 DispFlag:1 Skin=1 Llimit=1

muIoni:  for mu+  SubType=2
      dE/dx and range tables from 10 eV  to 100 TeV in 260 bins
      Lambda tables from threshold to 100 TeV, 20 bins/decade, spline: 1
      StepFunction=(0.2, 0.05 mm), integ: 1, fluct: 1, linLossLim= 0.01
      ===== EM models for the G4Region  DefaultRegionForTheWorld ======
               Bragg : Emin=    0 eV  Emax=  200 keV  deltaVI
          BetheBloch : Emin=  200 keV Emax=    1 GeV  deltaVI
        MuBetheBloch : Emin=    1 GeV Emax=  100 TeV

muBrems:  for mu+  SubType=3
      dE/dx and range tables from 10 eV  to 100 TeV in 260 bins
      Lambda tables from threshold to 100 TeV, 20 bins/decade, spline: 1
      ===== EM models for the G4Region  DefaultRegionForTheWorld ======
              MuBrem : Emin=    0 eV  Emax=  100 TeV  ModifiedMephi
      ===== Limit on energy threshold has been applied 

muPairProd:  for mu+  SubType=4
      dE/dx and range tables from 10 eV  to 100 TeV in 260 bins
      Lambda tables from threshold to 100 TeV, 20 bins/decade, spline: 1
      Sampling table 21x1001; from 1 GeV to 100 TeV 
      ===== EM models for the G4Region  DefaultRegionForTheWorld ======
          muPairProd : Emin=    0 eV  Emax=  100 TeV  ModifiedMephi

msc:  for mu-  SubType= 10
      ===== EM models for the G4Region  DefaultRegionForTheWorld ======
            UrbanMsc : Emin=    0 eV  Emax=  100 TeV Nbins=240 100 eV  - 100 TeV
              StepLim=Minimal Rfact=0.2 Gfact=2.5 Sfact=0.6 DispFlag:1 Skin=1 Llimit=1

muIoni:  for mu-  SubType=2
      dE/dx and range tables from 10 eV  to 100 TeV in 260 bins
      Lambda tables from threshold to 100 TeV, 20 bins/decade, spline: 1
      StepFunction=(0.2, 0.05 mm), integ: 1, fluct: 1, linLossLim= 0.01
      ===== EM models for the G4Region  DefaultRegionForTheWorld ======
            ICRU73QO : Emin=    0 eV  Emax=  200 keV  deltaVI
          BetheBloch : Emin=  200 keV Emax=    1 GeV  deltaVI
        MuBetheBloch : Emin=    1 GeV Emax=  100 TeV

muBrems:  for mu-  SubType=3
      dE/dx and range tables from 10 eV  to 100 TeV in 260 bins
      Lambda tables from threshold to 100 TeV, 20 bins/decade, spline: 1
      ===== EM models for the G4Region  DefaultRegionForTheWorld ======
              MuBrem : Emin=    0 eV  Emax=  100 TeV  ModifiedMephi
      ===== Limit on energy threshold has been applied 

muPairProd:  for mu-  SubType=4
      dE/dx and range tables from 10 eV  to 100 TeV in 260 bins
      Lambda tables from threshold to 100 TeV, 20 bins/decade, spline: 1
      Sampling table 21x1001; from 1 GeV to 100 TeV 
      ===== EM models for the G4Region  DefaultRegionForTheWorld ======
          muPairProd : Emin=    0 eV  Emax=  100 TeV  ModifiedMephi

msc:  for pi+  SubType= 10
      ===== EM models for the G4Region  DefaultRegionForTheWorld ======
            UrbanMsc : Emin=    0 eV  Emax=  100 TeV Nbins=240 100 eV  - 100 TeV
              StepLim=Minimal Rfact=0.2 Gfact=2.5 Sfact=0.6 DispFlag:1 Skin=1 Llimit=1

hIoni:  for pi+  SubType=2
      dE/dx and range tables from 10 eV  to 100 TeV in 260 bins
      Lambda tables from threshold to 100 TeV, 20 bins/decade, spline: 1
      StepFunction=(0.2, 0.05 mm), integ: 1, fluct: 1, linLossLim= 0.01
      ===== EM models for the G4Region  DefaultRegionForTheWorld ======
               Bragg : Emin=    0 eV  Emax=297.505 keV  deltaVI
          BetheBloch : Emin=297.505 keV Emax=  100 TeV  deltaVI

hBrems:  for pi+  SubType=3
      dE/dx and range tables from 10 eV  to 100 TeV in 260 bins
      Lambda tables from threshold to 100 TeV, 20 bins/decade, spline: 1
      ===== EM models for the G4Region  DefaultRegionForTheWorld ======
               hBrem : Emin=    0 eV  Emax=  100 TeV  ModifiedMephi
      ===== Limit on energy threshold has been applied 

hPairProd:  for pi+  SubType=4
      dE/dx and range tables from 10 eV  to 100 TeV in 260 bins
      Lambda tables from threshold to 100 TeV, 20 bins/decade, spline: 1
      Sampling table 20x1001; from 1.11656 GeV to 100 TeV 
      ===== EM models for the G4Region  DefaultRegionForTheWorld ======
           hPairProd : Emin=    0 eV  Emax=  100 TeV  ModifiedMephi

msc:  for pi-  SubType= 10
      ===== EM models for the G4Region  DefaultRegionForTheWorld ======
            UrbanMsc : Emin=    0 eV  Emax=  100 TeV Nbins=240 100 eV  - 100 TeV
              StepLim=Minimal Rfact=0.2 Gfact=2.5 Sfact=0.6 DispFlag:1 Skin=1 Llimit=1

hIoni:  for pi-  SubType=2
      dE/dx and range tables from 10 eV  to 100 TeV in 260 bins
      Lambda tables from threshold to 100 TeV, 20 bins/decade, spline: 1
      StepFunction=(0.2, 0.05 mm), integ: 1, fluct: 1, linLossLim= 0.01
      ===== EM models for the G4Region  DefaultRegionForTheWorld ======
            ICRU73QO : Emin=    0 eV  Emax=297.505 keV  deltaVI
          BetheBloch : Emin=297.505 keV Emax=  100 TeV  deltaVI

hBrems:  for pi-  SubType=3
      dE/dx and range tables from 10 eV  to 100 TeV in 260 bins
      Lambda tables from threshold to 100 TeV, 20 bins/decade, spline: 1
      ===== EM models for the G4Region  DefaultRegionForTheWorld ======
               hBrem : Emin=    0 eV  Emax=  100 TeV  ModifiedMephi
      ===== Limit on energy threshold has been applied 

hPairProd:  for pi-  SubType=4
      dE/dx and range tables from 10 eV  to 100 TeV in 260 bins
      Lambda tables from threshold to 100 TeV, 20 bins/decade, spline: 1
      Sampling table 20x1001; from 1.11656 GeV to 100 TeV 
      ===== EM models for the G4Region  DefaultRegionForTheWorld ======
           hPairProd : Emin=    0 eV  Emax=  100 TeV  ModifiedMephi
G4VisManager: Using G4TrajectoryDrawByCharge as fallback trajectory model.
See commands in /vis/modeling/trajectories/ for other options.

### ===  Deexcitation model UAtomDeexcitation is activated for 25 regions:
          DefaultRegionForTheWorld  1  1  1
          cylindricalPET  1  1  1
          module  1  1  1
          unit  1  1  1
          block  1  1  1
          optical  1  1  1
          crystal  1  1  1
          capillaire1  1  1  1
          capillaire1_water  1  1  1
          capillaire2  1  1  1
          capillaire2_water  1  1  1
          capillaire3  1  1  1
          capillaire3_water  1  1  1
          capillaire4  1  1  1
          capillaire4_water  1  1  1
          capillaire5  1  1  1
          capillaire5_water  1  1  1
          capillaire_m1  1  1  1
          capillaire_m1_water  1  1  1
          capillaire_m2  1  1  1
          capillaire_m2_water  1  1  1
          capillaire_m3  1  1  1
          capillaire_m3_water  1  1  1
          capillaire_m4  1  1  1
          capillaire_m4_water  1  1  1
### ===  Ignore cuts flag:   0
(-291.375,144.276,-21.4679)
(-350.057,111.385,70.0831)
(-295.872,146.686,-17.5912)
(-282.504,171.528,-61.8133)
(-298.029,148.452,-15.573)
(-246.878,162.885,68.2746)
(-125.008,-291.858,21.2186)
(-112.503,-294.905,86.4881)
(142.019,285.851,-23.8396)
(213.229,329.724,-41.3428)
(-246.86,211.436,113.815)
(-257.651,181.401,161.415)
(-279.721,-151.763,60.027)
(-359.204,-117.773,110.787)
(-282.016,-154.074,59.9734)
(-347.924,-134.356,16.3217)
(-284.777,-155.296,64.2931)
(-197.22,-187.974,-28.6776)
(314.875,79.0584,-33.8036)
(239.687,76.9192,-55.7164)
(9.79132,-315.095,15.0217)
(-32.2685,-379.048,-101.345)
(10.8751,319.394,-13.5829)
(-41.2622,296.957,-41.7058)
(-321.541,23.7396,49.4721)
(-328.071,166.006,-16.3945)
(-327.874,25.92,43.6597)
(-380.619,48.6718,28.9011)
(-94.7427,-300.468,36.7985)
(-37.163,-304.875,183.976)
(-95.6752,-301.386,26.9966)
(-82.4137,-333.36,141.949)
(-261.584,192.847,100.556)
(-217.467,339.009,93.432)
(-260.064,192.357,103.275)
(-216.644,166.497,24.9994)
(-272.27,184.53,21.4157)
(-331.154,138.187,76.8911)
(-277.264,189.166,27.5766)
(-303.834,216.938,126.322)
(83.0646,-312.603,-37.2932)
(11.0196,-240.014,-65.2432)
(-249.812,-188.345,115.544)
(-264.751,-222.716,135.788)
(-307.067,90.3859,-57.7188)
(-350.68,34.9625,-93.5232)
(-309.746,92.2484,-60.102)
(-251.28,106.915,-84.6354)
(218.106,-236.493,-1.23923)
(237.533,-173.71,-142.988)
(220.236,-236.833,-0.0171973)
(180.279,-139.637,124.154)
(-236.946,204.843,113.319)
(-219.393,230.067,223.16)
(-238.991,203.993,112.388)
(-233.181,138.796,74.6092)
(303.331,117.125,-83.8708)
(409.472,130.472,-157.486)
(302.022,115.027,-82.0809)
(317.271,143.543,-24.0564)
(-319.333,-89.6751,67.1284)
(-315.486,-9.20976,75.2136)
(294.128,-117.554,45.9025)
(412.834,-54.9098,113.553)
(299.196,-113.416,48.8986)
(211.368,-167.328,156.562)
(-273.197,156.407,-63.0554)
(-310.617,106.084,-66.8141)
(-318.834,5.10511,109.055)
(-349.931,-139.426,96.0795)
(267.685,-177.058,120.698)
(242.815,-179.866,72.3801)
(267.336,-178.405,122.088)
(308.255,-211.699,154.716)
(-307.17,-69.5314,85.5862)
(-323.705,-172.134,148.764)
(302.115,95.0577,-114.044)
(376.374,111.819,-11.0147)
(121.232,292.436,-23.2319)
(215.35,262.507,84.5561)
(315.532,39.3161,67.7485)
(271.507,-19.9254,-58.0112)
(317.381,47.0355,69.0994)
(320.099,144.654,136.062)
(-313.191,-18.8182,-32.8002)
(-265.862,-100.876,-17.9162)
(-316.157,-20.4109,-38.4922)
(-380.834,-76.2455,-32.7719)
(108.598,-295.362,-61.1586)
(147.208,-336.001,-106.05)
(-298.21,-98.7311,87.7084)
(-318.355,-151.968,147.594)
(307.012,73.0343,-66.0898)
(353.651,131.957,-39.9563)
(315.929,80.1304,-84.7878)
(292.092,85.7499,-198.759)
(164.285,269.726,54.4297)
(164.048,245.272,-1.12422)
(-19.7612,-320.655,-61.6155)
(95.2328,-244.646,-77.9606)
(220.078,228.167,-106.115)
(184.59,180.3,-97.11)
(164.449,268.658,95.301)
(165.722,242.166,92.4485)
(167.063,272.739,89.4447)
(158.417,328.992,41.7171)
(-82.114,-309.772,-105.618)
(-166.321,-376.858,-136.692)
(-86.1105,-309.204,-109.308)
(-183.895,-298.455,-82.6151)
(-87.5256,-309.566,-105.823)
(-111.209,-260.546,32.161)
(-86.9382,-309.097,-106.219)
(-55.9085,-214.097,-115.685)
(291.083,122.48,62.5308)
(340.761,130.246,29.3348)
(296.734,120.402,59.9815)
(156.069,159.869,119.309)
(299.964,116.914,57.6949)
(272.73,120.623,34.7151)
(311.866,26.0927,59.2945)
(349.908,122.632,187.153)
(332.648,44.8921,79.413)
(329.353,141.524,80.0247)
(146.965,-287.66,56.5722)
(49.3409,-228.753,132.669)
(145.459,-296.301,53.1554)
(86.314,-280.101,44.3455)
(-130.839,295.507,-60.5392)
(15.4365,400.822,-27.1739)
(-111.735,-305.17,118.304)
(-101.536,-337.364,76.622)
(-228.731,213.275,92.5463)
(-264.638,323.584,82.1971)
(-240.218,221.644,95.6802)
(-111.443,135.41,82.7637)
(300.349,-120.284,-50.0825)
(423.312,-228.026,10.2606)
(303.375,-134.155,-49.117)
(274.286,-169.978,-259.912)
(306.412,62.4475,70.1623)
(244.441,86.0093,85.2143)
(308.035,63.6577,67.8062)
(302.956,6.38577,62.5506)
(-181.237,254.993,60.1987)
(-229.557,308.5,20.0801)
(50.1679,-326.492,-78.109)
(58.385,-285.583,-114.142)
(108.117,296.463,107.107)
(153.101,283.531,116.737)
(-12.1652,-316.075,-111.768)
(36.3658,-246.296,-118.75)
(-18.7814,-336.179,-109.654)
(-31.8403,-333.648,-39.9746)
(-180.24,-255.608,50.6159)
(-197.288,-245.872,-34.3861)
(158.867,273.25,6.25154)
(137.433,261.326,74.4674)
(159.183,280.937,15.2209)
(183.252,241.813,86.4297)
(-304.072,-72.9219,-108.253)
(-257.963,-55.6368,-199.758)
(317.566,29.609,43.4987)
(323.37,22.1432,38.0728)
(283.913,134.192,-40.6871)
(327.629,47.1989,-119.629)
(281.634,133.935,-43.1771)
(267.223,123.374,-12.1258)
(-320.56,-88.4501,29.033)
(-369.302,-120.095,12.6568)
(191.011,-266.613,-73.8613)
(153.744,-203.373,-88.3686)
(-239.917,209.513,56.3446)
(-209.579,149.669,28.4425)
(-306.266,-68.7237,-87.8681)
(-303.172,-77.6977,-69.0739)
(-318.038,-78.9762,-100.101)
(-361.993,-91.8574,-126.694)
(-1.75534,-313.782,10.5243)
(-24.1363,-316.294,97.011)
(-233.125,213.322,-3.87344)
(-201.438,264.562,-10.524)
(-236.328,212.849,-1.39131)
(-197.744,170.771,-134.035)
(304.535,124.813,104.195)
(275.37,180.64,172.726)
(142.866,-279.964,51.243)
(152.029,-262.274,-39.5536)
(141.733,-279.37,54.3529)
(124.713,-192.843,59.185)
(71.8415,316.805,-58.5178)
(95.1064,403.851,-81.603)
(72.9729,317.211,-59.8915)
(88.4407,326.477,15.5845)
(61.039,-306.964,-88.4546)
(76.1466,-315.287,-81.8886)
(100.081,-299.04,-120.818)
(44.2857,-329.889,-100.563)
(97.0227,-301.168,-120.193)
(69.5231,-301.479,-154.103)
(-252.89,202.831,82.1053)
(-242.436,185.102,42.9438)
(-251.711,200.979,83.6187)
(-204.431,123.09,70.7133)
(264.477,182.743,-22.5845)
(365.003,261.677,-71.1658)
(-295.69,-142.593,19.6337)
(-134.164,-192.396,35.4087)
(312.105,61.1665,-42.0773)
(311.733,110.939,-104.691)
(-313.681,-2.13265,66.5355)
(-281.281,134.019,70.021)
(-332.995,9.20694,77.6449)
(-193.773,38.7141,-3.97945)
(157.828,283.996,-92.4334)
(148.18,231.582,-44.8039)
(153.862,291.227,-90.2999)
(270.115,261.941,-19.6532)
(-142.176,-292.829,98.2882)
(-190.615,-365.561,101.901)
(56.8279,-318.055,101.965)
(-12.8937,-320.675,154.421)
(-284.139,153.854,-119.402)
(-210.819,140.999,-94.72)
(-305.825,79.3205,-23.8957)
(-283.133,171.402,68.0245)
(-288.003,-125.7,-105.601)
(-268.136,-58.8543,-202.03)
(-306.204,-123.877,-108.966)
(-375.826,-193.902,-81.4091)
(-247.045,-213.523,99.9155)
(-274.88,-188.754,-13.8502)
(-258.391,-207.689,98.8575)
(-142.539,-253.219,83.4227)
(-258.86,-207.316,97.5157)
(-227.725,-188.897,101.045)
(-259.702,-206.271,97.2301)
(-198.912,-161.01,50.172)
(292.86,-127.646,-2.60221)
(328.508,-154.474,5.27615)
(295.415,-128.123,-5.53024)
(211.925,-186.107,-112.723)
(-308.128,62.7009,2.85329)
(-323.014,25.531,93.5833)
(-194.467,-251.818,95.0669)
(-275.756,-247.582,4.64969)
(-204.024,-253.151,103.419)
(-165.114,-226.261,120.889)
(-203.765,-255.876,105.273)
(-166.589,-213.932,137.182)
(290.292,-160.196,44.9307)
(259.183,-111.596,-31.5343)
(-128.959,286.186,-83.8021)
(-304.99,282.989,-35.4474)
(-127.251,290.519,-90.5015)
(-183.315,364.958,-7.32322)
(7.57376,331.353,59.4185)
(-44.3684,282.27,158.364)
(9.58132,332.19,62.5968)
(-25.9233,378.324,65.7724)
(-100.902,-297.546,-53.8486)
(-79.6844,-287.616,16.3129)
(277.07,-149.084,63.8508)
(244.57,-66.9085,110.07)
(-251.125,198.073,-89.1705)
(-256.244,205.129,-95.9117)
(-257.476,200.763,-85.5871)
(-218.277,231.064,-250.555)
(-256.529,197.393,-89.0968)
(-167.568,234.081,-148.426)
(117.379,-311.509,10.1358)
(141.833,-389.641,1.39102)
(39.2506,311.667,-96.0309)
(88.5214,316.283,-121.428)
(-131.182,-283.498,90.3128)
(-75.6646,-321.513,166.031)
(-273.483,160.555,79.8078)
(-243.774,209.965,-19.7821)
(-5.32429,-316.589,-29.3996)
(8.91369,-351,31.6096)
(114.811,294.816,-65.1628)
(87.3583,395.09,23.5815)
(114.216,292.319,-63.9622)
(122.481,259.083,65.2336)
(-300.78,-98.9948,-5.82541)
(-240.655,-21.658,-5.32557)
(275.532,159.434,8.64592)
(334.737,114.576,126.309)
(275.004,160.287,7.85601)
(392.385,93.1203,55.2829)
(-297.935,143.206,-99.1853)
(-238.078,89.8871,-178.124)
(184.025,-277.671,23.6975)
(299.718,-109.222,3.17027)
(316.016,46.6372,-123.461)
(229.519,32.4372,-61.676)
(317.768,49.2435,-123.264)
(254.39,-37.5439,-204.35)
(317.434,58.1115,-118.041)
(254.172,35.3089,-199.328)
(138.254,-280.896,-27.5811)
(151.602,-196.361,14.8554)
(135.141,-288.915,-21.1569)
(53.293,-233.597,-19.4626)
(-192.829,271.125,-9.83783)
(-210.021,353.086,-43.384)
(-205.477,-237.005,70.3602)
(-157.651,-221.372,83.0326)
(-206.79,-256.124,77.4055)
(-267.824,-132.044,-24.0566)
(311.925,72.6887,-38.8322)
(310.24,24.8603,-26.3594)
(-308.884,-99.6044,52.7848)
(-389.005,-138.167,-23.498)
(-314.11,-103.039,53.9506)
(-426.206,-177.286,-21.1891)
(-127.105,290.374,-5.33763)
(-82.8309,332.518,-82.8111)
(290.189,-117.276,39.9207)
(385.735,-149.242,30.2649)
(287.281,-123.813,38.3667)
(281.821,-129.933,99.9696)
(-56.5166,309.472,-85.7925)
(-76.1254,244.162,-74.4616)
(-57.0578,329.051,-83.158)
(-50.4871,395.9,-50.911)
(-43.3545,-317.415,88.5756)
(-82.6271,-296.13,29.2131)
(271.137,164.262,20.908)
(220.62,49.9772,60.3113)
(-241.721,203.808,103.272)
(-262.187,256.276,91.6183)
(-192.877,-248.535,98.0527)
(-247.4,-265.775,108.666)
(-194.092,-249.196,94.6935)
(-110.657,-228.844,72.2306)
(-111.146,-300.417,-105.66)
(-45.3102,-309.893,-176.227)
(-166.804,278.07,98.1164)
(-213.762,259.004,100.283)
(39.3987,-314.44,-114.3)
(12.6361,-236.434,-39.2435)
(61.292,314.962,109.596)
(41.6057,309.449,184.178)
(-316.46,-94.0812,97.9443)
(-232.234,-106.054,25.9538)
(312.118,44.4958,-42.3131)
(318.747,7.0874,-40.1939)
(177.684,-271.702,-7.52128)
(233.951,-223.041,-30.5)
(200.208,263.41,-117.624)
(144.602,240.114,-116.375)
(88.4626,-299.637,27.6866)
(41.6254,-244.115,-10.4897)
(263.493,-183.751,110.906)
(210.898,-204.457,134.249)
(62.5411,-316.798,15.3617)
(140.379,-397.375,39.1879)
(53.233,-326.996,17.931)
(118.307,-238.278,101.218)
(63.5416,-317.811,78.1721)
(45.0749,-323.302,23.3647)
(-233.827,226.616,-58.4791)
(-188.698,235.168,-67.9807)
(-228.036,240.297,-58.9993)
(-240.266,336.642,77.2208)
(-82.5829,-321.99,89.9712)
(-83.2783,-326.748,62.0411)
(-85.4059,-325.48,94.5369)
(-148.181,-227.229,132.119)
(-77.6652,305.133,-82.1492)
(-80.4506,270.048,-99.4725)
(-75.8613,311.752,-84.2003)
(29.1312,246.334,-21.967)
(-75.2378,316.265,-89.6454)
(-18.2291,222.7,-51.8486)
(88.6893,-300.866,45.3949)
(21.1772,-374.889,-37.627)
(9.44108,314.105,-44.0067)
(44.1821,352.71,24.025)
(-59.3741,-323.053,33.5013)
(-23.5641,-337.53,112.401)
(319.074,51.272,-71.057)
(322.433,123.412,-13.5798)
(315.317,59.8627,-69.675)
(304.954,-10.5104,-62.3311)
(-312.328,77.3666,108.663)
(-454.754,23.0915,82.9462)
(-324.415,80.4262,113.119)
(-403.908,76.9607,86.4636)
(-324.781,80.5073,114.729)
(-290.551,202.617,174.098)
(250.464,-208.191,-83.5586)
(180.41,-225.924,-60.0431)
(-308.453,90.4838,38.4802)
(-320.034,101.445,1.39199)
(-95.416,303.35,120.428)
(-61.5021,268.108,132.512)
(-95.2059,304.891,119.863)
(-4.91427,361.259,149.373)
(-185,255.321,117.225)
(-252.362,262.114,124.695)
(-309.925,93.6034,-47.6965)
(-295.923,119.475,5.33884)
(-313.715,98.5607,-46.131)
(-344.792,152.403,-69.0724)
(65.9014,305.773,-42.0907)
(41.5759,185.237,-6.15623)
(-159.624,-288.145,41.1994)
(-261.079,-351.154,39.6723)
(176.681,265.54,81.255)
(155.776,272.598,216.114)
(172.642,265.731,81.4769)
(85.5752,323.036,154.734)
(-241.044,-223.979,-72.0992)
(-184.755,-252.994,-52.7502)
(-241.755,-222.785,-73.0857)
(-260.773,-142.035,-117.435)
(137.246,-281.137,115.378)
(129.865,-239.605,147.779)
(135.173,-285.8,114.821)
(169.871,-308.751,32.6483)
(-99.8925,-298.026,-54.6969)
(-124.725,-295.242,-10.3732)
(-106.519,-295.029,-58.5624)
(-37.9715,-397.528,50.5)
(-112.803,-294.195,-58.7973)
(-120.397,-408.064,-2.57889)
(124.098,309.471,58.8969)
(98.4648,305.159,-22.6554)
(319.125,-47.3606,-70.5373)
(385.523,-32.3956,-117.687)
(318.342,-45.8943,-64.3813)
(367.319,-32.3205,-64.3222)
(-158.493,275.036,-124.485)
(-212.148,425.949,-110.987)
(-305.926,-81.1156,-103.464)
(-360.979,-102.874,-62.7765)
(244.061,-196.732,-85.9874)
(243.932,-253.555,-45.7437)
(252.43,196.919,-118.315)
(323.305,128.465,-110.276)
(-241.889,-204.646,121.888)
(-265.837,-227.218,74.0504)
(-238.88,-206.397,120.757)
(-352.14,-170.167,68.6585)
(167.497,278.27,51.5979)
(200.509,293.66,51.1193)
(170.238,282.13,54.4095)
(148.368,220.754,-27.7859)
(-149.111,-283.425,-48.0644)
(-75.7885,-248.227,42.5791)
(-150.987,-285.756,-46.2356)
(-123.022,-268.631,-54.5093)
(115.806,-306.309,-37.5735)
(237.734,-295.219,30.4956)
(-15.5078,313.641,31.5751)
(41.3306,277.274,4.95118)
(-20.3584,320.966,29.3719)
(39.8558,251.877,71.8609)
(-143.78,-303.245,96.3835)
(-209.74,-304.26,208.865)
(-146.481,-302.339,94.8706)
(-208.121,-186.501,34.5537)
(242.184,218.582,-73.8568)
(174.59,241.395,-46.8579)
(242.979,220.643,-78.0428)
(235.481,196.651,-88.5555)
(162.826,-275.413,-93.2296)
(140.707,-259.807,-107.77)
(-249.338,192.476,61.8279)
(-236.187,223.358,-1.81533)
(-318.744,92.6169,83.1923)
(-306.942,238.755,86.2926)
(276.168,-155.425,-37.5542)
(198.391,-117.242,2.376)
(-240.611,198.992,50.7463)
(-180.763,122.886,-10.816)
(317.593,25.6967,-116.115)
(387.239,29.9585,-201.356)
(321.01,-70.608,53.0074)
(267.5,-42.768,86.8762)
(-304.082,71.0466,-56.8944)
(-298.19,23.3384,-114.162)
(-311.791,69.9416,-64.4742)
(-380.84,114.53,44.846)
(312.012,-126.657,62.6221)
(218.027,-56.6696,124.237)
(-312.68,75.9763,-36.2817)
(-383.518,94.3992,-43.5682)
(-259.848,183.065,-37.7964)
(-209.204,228.387,-36.1739)
(63.3453,-310.631,63.5112)
(48.7111,-272.46,28.9499)
(315.971,-16.6853,101.685)
(326.835,44.0172,47.9599)
(314.05,-23.266,106.492)
(360.479,-48.492,33.2808)
(-114.612,292.632,80.1779)
(-81.0524,313.413,70.7298)
(195.049,-263.105,-93.6718)
(179.433,-207.806,-170.303)
(-277.848,144.326,52.7329)
(-205.798,191.548,-6.48925)
(-280.499,141.445,51.0521)
(-297.701,143.648,77.3888)
(-39.0803,-314.917,117.023)
(-36.1913,-311.301,104.464)
(133.349,294.746,-111.17)
(115.467,336.402,-96.3185)
(257.695,212.271,-81.7264)
(306.18,195.723,-126.445)
(256.673,209.668,-74.4005)
(285.831,298.494,-82.5156)
(-291.751,-133.091,50.856)
(-265.268,-151.392,187.678)
(-303.78,-136.24,59.3085)
(-312.859,-64.2475,-0.185616)
(-318.188,68.7692,-94.4508)
(-297.241,131.046,-60.6299)
(309.855,-63.4603,90.1467)
(325.818,-1.16189,97.093)
(310.251,-61.5325,89.0662)
(314.931,-62.6264,112.532)
(157.467,-297.113,-37.9668)
(118.294,-241.424,-42.308)
(-216.997,238.433,31.0612)
(-211.564,383.779,59.4104)
(-194.523,-255.637,-95.7236)
(-251.16,-273.103,-147.789)
(297.141,-100.569,20.1743)
(286.503,-238.755,20.8186)
(298.939,-109.119,14.8481)
(283.747,-87.6496,22.5365)
(-217.027,228.416,-43.417)
(-150.459,100.738,89.1348)
(246.061,-229.633,11.1573)
(183.927,-263.59,22.1275)
(-75.9633,314.992,-14.8819)
(-71.8691,312.505,15.6703)
(113.179,291.615,-55.5135)
(175.289,284.27,-71.6549)
(-260.929,173.127,-70.5804)
(-388.417,136.717,-53.288)
(-268.869,175.404,-69.9099)
(-307.109,264.079,-119.806)
(136.658,-281.334,113.674)
(89.3496,-246.547,55.3263)
(153.2,-285.328,113.73)
(143.147,-248.441,150.108)
(79.8661,301.597,37.3142)
(50.7134,389.136,-7.56316)
(-245.478,-204.52,5.49777)
(-223.327,-123.537,-62.2014)
(-315.539,2.03737,-80.2322)
(-314.403,-43.1685,-99.3426)
(-313.8,-62.2017,-94.3978)
(-333.375,4.19979,-103.07)
(-235.919,-215.621,-16.5697)
(-187.69,-308.504,80.6405)
(-141.106,-279.889,40.8479)
(-185.272,-332.724,-29.9055)
(51.158,309.855,-46.7987)
(-36.829,370.256,-52.1887)
(305.478,68.46,94.0625)
(304.492,-36.2075,-10.9471)
(154.213,272.177,-3.87511)
(190.341,202.741,-16.8101)
(-182.211,270.288,-97.9543)
(-174.315,274.853,-138.574)
(287.996,-124.124,43.151)
(258.994,-107.386,-56.0947)
(-285.875,-130.728,-124.16)
(-242.495,-190.551,-167.721)
(289.722,124.702,114.453)
(280.829,158.524,64.0076)
(30.5993,-334.704,-18.1776)
(120.751,-356.003,25.6486)
(-242.762,199.933,11.7183)
(-348.686,234.949,-52.2966)
(-245.064,199.167,12.8926)
(-298.185,138.722,83.3376)
(-221.189,-227.304,102.687)
(-183.499,-185.247,260.795)
(-318.917,-2.26942,-103.213)
(-271.141,-37.9281,-230.448)
(-329.099,12.2051,-124.821)
(-316.28,0.801521,-295.163)
(292.104,128.752,-61.5244)
(252.778,66.5581,19.5179)
(-217.702,-243.708,-12.4533)
(-206.198,-319.232,-160.175)
(-14.642,-314.475,-0.566019)
(15.8373,-447.395,-8.24686)
(-189.439,256.665,3.45913)
(-253.196,159.282,-8.94826)
(252.974,-189.001,-115.528)
(205.587,-199.616,-70.8033)
(251.9,-193.381,-117.097)
(285.702,-173.838,-158.604)
(263.151,-194.129,-115.904)
(212.381,-158.261,-207.941)
(-116.164,290.132,-52.3651)
(-116.473,292.815,-13.8889)
(311.809,-15.3117,-16.0342)
(237.614,-44.0637,33.0554)
(-302.371,-93.8793,-40.1709)
(-392.332,-85.9203,-49.3146)
(-304.729,-92.8369,-45.5441)
(-289.073,-224.738,-22.5052)
(-303.168,-94.2751,-45.001)
(-314.478,-24.3517,-15.9084)
(287.234,126.971,51.5901)
(352.44,158.742,169.195)
(322.136,16.9442,57.1681)
(355.911,-47.9988,163.2)
(321.2,15.5123,57.4415)
(384.941,86.6144,32.3984)
(-296.813,-110.035,88.2932)
(-404.503,-94.2436,159.751)
(-295.019,-113.286,86.821)
(-290.909,-180.099,120.107)
(-295.853,-117.296,84.3534)
(-287.578,-104.498,52.3596)
(132.493,288.966,46.5338)
(127.679,331.32,24.3446)
(147.016,-289.866,-49.4236)
(128.483,-247.75,-139.46)
(319.748,-74.7403,79.2041)
(376.433,-103.702,14.1913)
(246.203,-192.64,-85.9274)
(265.467,-176.058,-19.1457)
(-46.6435,309.515,-98.1319)
(-82.7117,271.408,-31.1164)
(-44.9298,316.858,-97.4205)
(-66.4411,311.646,-81.6182)
(144.304,-300.395,93.3676)
(111.024,-327.509,201.121)
(312.504,66.6665,125.016)
(312.736,66.8479,47.7138)
(114.203,296.994,113.041)
(196.47,334.986,97.6765)
(312.65,-8.07438,-14.8819)
(301.18,-25.0276,-22.8164)
(313.227,-120.471,20.6491)
(360.085,-84.7497,43.1552)
(-241.329,209.275,-41.4738)
(-305.783,210.863,1.19009)
(-182.276,257.837,90.2818)
(-153.199,194.583,58.5275)
(211.708,-240.756,-63.5351)
(269.741,-282.226,-93.125)
(-317.907,-47.8359,27.1134)
(-391.265,-54.6453,30.6778)
(-319.076,-47.2195,26.753)
(-242.818,-62.1614,107.966)
(-330.716,-30.5188,32.564)
(-293.433,30.7977,-21.5653)
(301.431,-110.886,-15.0753)
(442.453,28.0638,10.7007)
(133.703,-297.287,115.403)
(178.23,-339.574,62.9021)
(296.289,120.23,-86.9881)
(268.996,40.0471,-47.29)
(303.553,123.413,-89.7666)
(233.518,185.87,-110.433)
(220.462,-231.664,-54.8052)
(96.1244,-152.887,-23.4857)
(226.536,-232.409,-41.3155)
(235.841,-231.488,16.4212)
(334.335,-26.8976,-73.1139)
(268.888,13.85,-28.8674)
(-327.146,16.5603,45.8236)
(-360.742,-6.57788,-27.9918)
(192.799,269.616,21.9403)
(230.796,322.768,32.7207)
(-235.386,214.113,51.8665)
(-186.521,192.418,-117.846)
(-319.707,48.6953,118.978)
(-321.522,61.8292,218.886)
(-326.775,56.547,112.933)
(-353.714,112.816,184.444)
(-327.566,58.4012,110.887)
(-414.747,31.7071,89.6413)
(318.884,-28.365,-73.9695)
(271.046,-40.7,-119.219)
(312.027,-23.2589,-77.7676)
(257.483,-18.3706,-46.7319)
(274.236,158.198,-73.6062)
(303.28,241.309,-135.646)
(-240.669,-204.541,99.3726)
(-124.232,-271.518,2.88729)
(-207.953,-237.487,0.513863)
(-238.55,-233.985,-73.9828)
(136.837,283.06,-3.84552)
(180.412,378.853,15.0203)
(-328.768,11.4024,-26.9773)
(-322.786,24.8257,1.50593)
(-332.432,17.2749,-45.4363)
(-349.836,25.4224,-70.801)
(-255.834,201.899,21.6362)
(-300.1,101.023,-9.12221)
(142.751,-286.807,86.8548)
(180.794,-278.221,210.511)
(146.979,-293.473,93.7865)
(143.467,-335.782,29.1963)
(-238.896,204.426,-60.6661)
(-290.715,103.87,-109.259)
(263.966,180.823,-100.662)
(284.895,150.914,-75.4058)
(325.676,-60.4687,73.1266)
(296.358,-32.974,126.071)
(-89.9927,-316.952,-14.6541)
(-200.147,-330.589,15.081)
(-90.0501,-319.857,-12.6693)
(-120.229,-331.686,37.2377)
(-89.8941,-319.899,-7.88624)
(-177.636,-355.6,-33.2257)
(-87.6885,-319.34,-4.99703)
(-85.0991,-292.199,23.1653)
(-7.2312,334.464,18.3314)
(101.509,401.997,101.963)
(-6.66998,334.402,19.6317)
(23.3582,390.804,13.7186)
(310.855,-66.658,70.0639)
(237.12,39.5975,18.4114)
(-286.076,-141.621,-120.242)
(-306.041,-156.137,-119.956)
(-284.585,-146.25,-118.413)
(-410.652,-167.129,-216.63)
(-285.523,-145.74,-119.002)
(-391.959,-148.782,-136.294)
(295.03,-124.717,15.7471)
(299.706,-132.499,64.2178)
(-253.106,193.168,-23.5819)
(-414.328,271.591,-83.5012)
(-315.324,-54.879,-27.1622)
(-290.401,-31.8389,-105.424)
(297.643,108.608,59.7335)
(271.709,158.396,26.459)
(-153.12,-279.751,10.35)
(-83.6793,-273.522,-56.8783)
(-284.664,130.094,63.8912)
(-348.108,107.498,139.077)
(-15.8,-324.129,-50.8607)
(2.57082,-288.176,-50.5571)
(189.028,262.562,-13.9595)
(202.476,268.514,0.109385)
(185.571,262.836,-13.4026)
(213.417,283.557,-9.21898)
(86.7088,-300.806,17.5695)
(127.255,-308.37,-68.6771)
(-151.284,-275.038,65.1518)
(-143.942,-280.199,28.4002)
(244.879,196.889,-45.2093)
(264.756,154.266,-70.5231)
(244.043,201.261,-54.0969)
(324.415,208.341,-7.04586)
(245.06,200.908,-52.6547)
(193.689,172.213,-125.504)
(245.737,200.662,-52.1817)
(241.393,224.426,71.4816)
(-260.456,-176.385,39.4811)
(-350.49,-219.676,101.171)
(298.477,108.285,-80.6698)
(255.964,181.869,-133.953)
(-306.539,-64.8507,48.596)
(-371.689,-87.1598,-42.8725)
(-262.586,-185.115,-96.5699)
(-164.186,-204.445,-119.226)
(-263.092,-182.93,-96.1794)
(-73.9664,-119.358,-15.7419)
(289.735,142.446,71.494)
(375.616,234.092,132.039)
(297.22,154.242,79.8831)
(241.776,108.669,50.676)
(-164.356,272.144,-115.306)
(-126.3,268.285,-128.141)
(-285.059,-128.615,-74.4317)
(-261.429,-99.7288,-113.857)
(-320.123,53.7394,50.8264)
(-217.745,-11.0105,45.3663)
(288.4,-127.534,-120.369)
(261.692,-73.072,-65.8542)
(329.096,6.8645,-97.808)
(288.78,9.01193,-12.7094)
(333.764,6.41392,-89.7674)
(254.841,51.7667,-86.0083)
(-312.475,-69.3601,56.227)
(-349.4,-146.601,19.2025)
(-259.509,-177.642,48.0971)
(-297.144,-200.83,136.776)
(132.081,287.976,-77.5243)
(71.9253,193.542,60.1752)
(131.5,292.339,57.2106)
(109.886,233.871,12.3674)
(122.968,299.709,57.5704)
(55.779,200.394,4.15781)
(148.693,-294.72,-56.7639)
(-47.7245,-334.421,-156.68)
(146.184,-298.811,-59.3893)
(154.344,-357.538,-17.5685)
(146.055,-298.249,-58.5425)
(45.0965,-221.802,-117.848)
(148.075,-296.857,-60.4769)
(269.157,-306.764,-87.3871)
(263.918,-200.923,5.77453)
(206.341,-247.438,14.206)
(265.356,-200.759,5.4467)
(304.434,-91.1046,-21.5918)
(-56.4035,316.5,-8.18966)
(-163.436,258.513,-15.701)
(-57.1666,318.723,-16.3664)
(-102.592,345.517,36.6032)
(-312.326,-45.1351,-43.113)
(-385.819,-10.7232,-117.021)
(-314.12,-45.3223,-40.8791)
(-278.563,-69.6359,-48.5449)
(-92.0579,-312.501,-27.3321)
(-64.7232,-284.26,-163.443)
(-127.034,297.456,28.935)
(-226.603,273.085,3.04249)
(-150.979,286.449,11.2206)
(-30.8911,285.233,37.5538)
(311.861,-11.1193,15.1793)
(349.735,-36.6746,-81.9963)
(314.672,-6.45639,93.8784)
(352.076,13.2653,-29.1615)
(54.3972,-314.685,104.317)
(82.0349,-321.516,96.8638)
(-296.823,-110.461,-47.2516)
(-266.26,-25.558,-148.587)
(-299.538,-114.055,-47.3063)
(-327.196,-76.2141,-160.145)
(243.407,209.005,86.0534)
(133.445,210.477,34.6989)
(-292.679,112.752,-41.0953)
(-284.579,126.737,73.7054)
(-293.972,117.841,-38.1825)
(-249.778,141.384,-12.3225)
(-223.694,251.348,70.6054)
(-161.969,188.915,160.354)
(262.698,-194.624,-56.0916)
(269.857,-132.023,-44.955)
(-224.554,232.914,-125.037)
(-274.216,196.883,-186.492)
(-310.401,64.539,-110.331)
(-246.342,84.9802,-122.594)
(-316.219,66.6717,-115.308)
(-222.5,101.752,-62.2765)
(182.669,260.228,-11.4289)
(270.706,223.715,97.4005)
(-214.226,231.192,101.531)
(-217.082,297.923,97.428)
(-207.151,243.647,110.216)
(-122.92,248.413,197.497)
(-306.31,135.226,-111.115)
(-279.044,187.28,-142.741)
(-283.335,-134.449,40.1658)
(-310.909,-191.462,159.773)
(-47.7461,-309.705,-110.042)
(-8.21782,-303.932,-114.899)
(-42.1314,-328.561,-105.686)
(46.7027,-287.838,-3.365)
(233.508,241.445,83.8509)
(131.101,266.804,55.8868)
(269.702,164.415,103.717)
(258.83,212.254,125.844)
(276.526,192.51,122.218)
(248.601,163.029,179.974)
(-272.864,-159.722,-98.1134)
(-368.968,-210.198,-17.2425)
(96.221,300.198,95.0216)
(86.1275,353.597,144.438)
(169.391,-264.035,91.9144)
(85.0069,-224.48,224.149)
(-254.654,184.744,-64.7842)
(-256.263,223.791,-28.3755)
(-258.771,189.506,-71.7045)
(-297.882,186.062,-81.1884)
(-268.313,194.314,-78.3677)
(-262.507,227.467,-41.8656)
(-93.9572,-302.021,114.569)
(-78.5007,-360.924,118.039)
(-98.3525,-309.377,118.567)
(-79.8398,-383.022,98.8493)
(-2.91066,323.653,-118.267)
(18.0975,448.041,2.12593)
(-217.605,237.002,-115.407)
(-223.013,270.601,-216.554)
(157.831,-272.333,44.2045)
(228.322,-238.609,29.5176)
(161.064,-291.044,48.6416)
(244.316,-329.574,-31.0686)
(154.706,-294.618,44.6964)
(189.209,-278.083,30.8414)
(120.489,297.413,-45.1195)
(31.972,353.698,-157.652)
(121.779,300.822,-32.1451)
(120.635,368.579,-34.9975)
(-315.104,12.9021,60.1564)
(-330.986,-64.3339,-26.4567)
(-323.082,20.9696,64.1177)
(-394.259,42.2756,64.4383)
(317.148,-25.8751,-120.039)
(374.516,34.1077,-186.152)
(173.312,-263.234,-89.3686)
(176.981,-189.546,-187.721)
(29.8589,334.769,114.6)
(32.1428,324.639,147.085)
(30.2875,336.459,109.775)
(39.4634,275.974,99.92)
(-238.715,-218.177,-103.092)
(-191.041,-249.66,-83.3453)
(177.19,-260.179,9.20453)
(94.4381,-198.573,-40.5257)
(178.472,-258.31,7.27756)
(146.004,-239.932,9.79274)
(-244.5,222.402,-5.53933)
(-248.786,254.558,71.5942)
(-217.654,233.611,-3.0252)
(-298.994,152.443,39.4487)
(12.6543,-333.447,123.809)
(-36.4297,-352.503,175.634)
(-158.366,281.801,-102.189)
(-238.183,205.788,-57.4521)
(-309.194,126.379,40.2502)
(-287.775,99.974,50.6946)
(-294.665,135.384,33.49)
(-341.416,258.856,40.4097)
(-181.654,-254.915,62.8567)
(-41.0711,-91.8419,124.689)
(50.6892,327.253,-84.1459)
(4.68471,302.543,-230.718)
(-318.635,75.3684,60.5188)
(-255.064,141.013,127.646)
(-306.045,74.0313,65.8252)
(-343.111,90.0574,69.2151)
(-238.881,219.382,92.7905)
(-237.436,178.796,74.8677)
(-246.138,230.532,98.9334)
(-290.552,228.227,51.83)
(-315.101,-14.4994,-10.9443)
(-280.884,-0.0365563,97.369)
(-180.43,-264.978,72.4967)
(-112.205,-241.697,129.124)
(282.954,157.499,-46.3319)
(373.32,119.535,6.60982)
(-264.557,-186.562,-121.424)
(-296.043,-178.123,-130.438)
(-313.929,50.7637,81.0945)
(-301.826,-3.95442,36.1044)
(-312.257,41.2913,78.8948)
(-320.919,25.5535,226.89)
(312.614,-68.0092,44.7887)
(245.192,-61.0631,-0.231318)
(57.7282,-322.816,58.2928)
(5.74709,-299.797,117.184)
(53.2946,-324.07,45.0396)
(127.358,-343.791,68.3217)
(52.9426,-324.315,44.534)
(49.0658,-285.01,45.9529)
(130.039,-293.7,104.286)
(146.064,-238.225,30.2218)
(130.377,-304.513,103.748)
(18.5338,-343.5,50.9034)
(-203.138,248.763,-85.1665)
(-196.15,184.528,-144.795)
(-209.883,246.576,-91.6043)
(-332.732,226.03,-169.067)
(147.779,-274.943,-8.60615)
(122.753,-221.052,39.6221)
(131.907,285.772,5.94451)
(119.041,297.373,98.2403)
(308.805,56.9563,77.6984)
(354.717,128.534,112.921)
(-310.391,-79.6618,-105.692)
(-280.233,-56.2133,69.6369)
(-323.262,-74.8119,-115.554)
(-291.919,-114.115,-37.8352)
(-55.8696,314.043,67.8316)
(30.2946,307.004,29.2164)
(-57.3761,316.861,61.5627)
(-103.1,406.411,-24.1145)
(-207.781,-253.991,-54.3491)
(-181.193,-279.17,-184.281)
(-287.27,145.556,45.6878)
(-282.587,120.889,73.2887)
(-294.023,156.613,52.281)
(-351.874,126.341,76.8683)
(-75.7448,-305.119,46.1683)
(-163.711,-362.171,123.309)
(-78.2259,-303.938,47.7649)
(-190.039,-247.001,7.38725)
(266.466,179.055,-27.4953)
(390.192,145.166,-150.899)
(265.155,183.405,-29.8331)
(250.724,245.424,-67.7242)
(276.427,-145.198,-88.3415)
(327.913,-88.0386,-122.686)
(284.869,-147.484,-86.839)
(277.884,-65.022,-98.3629)
(284.816,-144.723,-86.4888)
(294.718,-156.871,-98.4781)
(-272.596,154.801,91.2567)
(-296.245,241.067,98.9058)
(-274.308,150.874,91.8401)
(-255.026,279.299,105.459)
(-209.505,-241.02,-122.245)
(-100.955,-152.839,-202.893)
(290.03,116.612,110.2)
(251.739,62.7316,196.995)
(-97.3287,319.035,121.091)
(-169.435,278.57,104.191)
(-120.475,-312.812,-123.472)
(-133.312,-363.893,-85.4175)
(190.885,258.322,97.2539)
(95.9502,229.188,33.0067)
(-186.723,-252.63,15.8334)
(-168.319,-291.047,-15.463)
(-187.27,-254.457,17.0648)
(-151.781,-154.223,-40.515)
(280.291,144.956,-9.23564)
(234.099,79.2014,91.2236)
(285.926,146.783,-16.9216)
(317.618,139.285,16.7881)
(286.426,145.394,-16.3639)
(275.402,-17.8688,89.6711)
(307.426,-113.313,-85.4246)
(391.806,-78.1441,-43.1132)
(314.247,-93.8057,-86.4081)
(294.671,-65.9391,-135.88)
(-84.8004,323.687,7.03453)
(-79.7625,383.094,-11.2718)
(-88.606,318.658,5.93804)
(-67.5358,368.498,95.881)
(-87.3758,322.728,8.3837)
(-51.0996,305.431,71.3117)
(164.919,-268.563,-9.80529)
(121.895,-245.631,-31.1428)
(290.769,116.851,-34.1011)
(258.463,96.9959,14.3818)
(307.11,-93.1008,-58.9148)
(260.851,-68.7387,-62.2779)
(309.313,-92.6669,-57.8378)
(361.568,-51.6622,-137.734)
(169.79,279.351,-32.1492)
(94.3256,151.801,-83.9271)
(171.3,286.746,-38.866)
(181.115,273.325,-41.884)
(166.843,286.095,-34.8177)
(86.8457,332.037,123)
(-155.902,-290.215,29.6283)
(-67.9255,-285.703,-13.2213)
(-316.059,-40.8072,80.6197)
(-249.78,-110.149,70.8038)
(-294.1,110.077,-41.0848)
(-278.151,158.599,36.613)
(-98.8557,301.222,74.279)
(-99.9246,378.695,37.8801)
(-93.1846,302.369,73.2714)
(-168.198,277.178,31.4769)
(-243.108,-211.933,-1.43296)
(-221.988,-164.896,46.0609)
(19.1731,327.454,-1.44334)
(147.933,354.365,-28.8974)
(-318.915,55.4232,-56.2707)
(-316.257,57.1197,-9.66522)
(-246.074,221.268,-6.99202)
(-280.519,149.603,-6.81401)
(-245.358,225.562,-10.7273)
(-261.754,203.74,15.5616)
(180.103,-258.876,11.8431)
(288.019,-276.89,40.6236)
(186.719,-260.879,8.31516)
(145.632,-241.584,46.0417)
(323.172,-49.2997,86.6173)
(393.302,-92.7908,138.819)
(-314.05,28.8817,-50.9345)
(-245.681,61.9518,-38.677)
(231.154,214.975,-122.825)
(241.866,124.482,-74.5664)
(141.503,300.156,111.39)
(96.8184,316.615,112.386)
(146.206,299.885,107.568)
(132.657,369.43,105.02)
(-45.8345,-315.66,-116.862)
(-165.034,-349.534,-115.331)
(-119.148,302.304,0.442157)
(-127.86,392.496,-16.4342)
(-217.23,225.572,71.3997)
(-213.578,290.075,39.7111)
(-227.361,216.995,-37.5645)
(-193.305,189.594,-35.3427)
(335.568,-14.3923,98.9876)
(275.14,-10.3774,75.9258)
(-286.603,125.43,-87.2349)
(-216.219,130.011,26.954)
(-91.5556,313.711,-38.0034)
(-89.4703,371.834,13.1685)
(-97.4366,312.904,-42.345)
(-90.4063,311.593,69.5229)
(-97.5053,314.645,-43.5976)
(-165.307,244.558,-29.557)
(-96.5562,314.903,-43.1604)
(-104.816,263.383,-31.0369)
(-213.181,254.8,118.736)
(-230.826,265.227,256.065)
(282.534,-135.543,-64.3589)
(269.77,-56.2432,-49.2992)
(283.133,-137.55,-66.3203)
(310.126,-163.459,-86.9527)
(-204.141,-257.572,73.3739)
(-139.954,-203.806,-2.66532)
(229.85,-236.667,108.54)
(151.823,-281.764,175.02)
0 events have been kept for refreshing and/or reviewing.
  "/vis/reviewKeptEvents" to review them one by one.
  "/vis/enable", then "/vis/viewer/flush" or "/vis/viewer/rebuild" to see them accumulated.
[Core-0] End of macro ./split/.Gate/main131/main14.mac
Graphics systems deleted.
Visualization Manager deleting...
