[G4] 
[G4] **************************************************************
[G4]  Geant4 version Name: geant4-10-07-patch-02    (11-June-2021)
[G4]                        Copyright : Geant4 Collaboration
[G4]                       References : NIM A 506 (2003), 250-303
[G4]                                  : IEEE-TNS 53 (2006), 270-278
[G4]                                  : NIM A 835 (2016), 186-225
[G4]                              WWW : http://geant4.org/
[G4] **************************************************************
[G4] 
[Core-0] Initialization of geometry
[Core-0] Initialization of physics
[Core-0] Initialization of actors
[Core-0] 
[Core-0] *************************************************
[Core-0]  GATE version 9.1 (2021)
[Core-0]  Copyright : OpenGATE Collaboration
[Core-0]  Reference : Phys. Med. Biol. 49 (2004) 4543-4561
[Core-0]  Reference : Phys. Med. Biol. 56 (2011) 881-901
[Core-0]  Reference : Med. Phys. 41(6)    (2014)
[Core-0]  http://www.opengatecollaboration.org        
[Core-0] *************************************************
[Core-0] 
[Core-0] You are using Geant4 version 10.7.2
[Core-0] Starting macro ./split/.Gate/main131/main2.mac
0: RINDEX
1.84e-06   1.00028
4.08e-06   1.00028
9: GROUPVEL
1.84e-06   299.709
4.08e-06   299.709
16: ABSLENGTH
1.84e-06   50000
4.08e-06   50000
 <!> *** WARNING *** <!>  GateMaterialDatabase: Multiple definition of element: Yttrium.
The definition in ClMind_GateMaterials.db was used.


GATE object:        'systems/cylindricalPET'
Components:

GATE object:        'systems/cylindricalPET/base'
Attached to volume: cylindricalPET
Nb of children:       1

	GATE object:        'systems/cylindricalPET/rsector'
	Attached to volume: module
	Nb of children:       1

		GATE object:        'systems/cylindricalPET/module'
		Attached to volume: unit
		Nb of children:       1

			GATE object:        'systems/cylindricalPET/submodule'
			Attached to volume: block
			Nb of children:       1

				GATE object:        'systems/cylindricalPET/crystal'
				Attached to volume: optical
				Nb of children:       4

					GATE object:        'systems/cylindricalPET/layer0'
					Attached to volume: crystal
					Nb of children:       0

					GATE object:        'systems/cylindricalPET/layer1'
					Attached to volume: ---
					Nb of children:       0

					GATE object:        'systems/cylindricalPET/layer2'
					Attached to volume: ---
					Nb of children:       0

					GATE object:        'systems/cylindricalPET/layer3'
					Attached to volume: ---
					Nb of children:       0
geometrical design type: 1
ring diameter: -3.95 mm 
rsector axial pitch: 0 fm 
rsector azimuthal pitch: 12.8571 degree
rsector tangential size: 2.5 cm 
rsector axial size: 25.04 cm 
module axial size: 4.784 cm 
module tangential size: 2.5 cm 
module axial pitch: 0 fm 
module tangential pitch: 0 fm 
submodule axial size: 4.784 cm 
submodule tangential size: 2.5 cm 
submodule axial pitch: 0 fm 
submodule tangential pitch: 0 fm 
crystal radial size: 1.59 cm 
crystal axial size: 1.59 cm 
crystal tangential size: 2.5 cm 
crystal axial pitch: 0 fm 
crystal tangential pitch: 0 fm 
layer0 radial size: 3.95 mm 
in layer0 interaction length: 1.975 mm 
Axial nb of rsectors: 1
Azimuthal nb of rsectors: 28
Axial nb of modules: 1
Tangential nb of modules: 1
Axial nb of submodules: 1
Tangential nb of submodules: 1
Axial nb of crystals: 1
Tangential nb of crystals: 1
Radial nb of layers: 1
[Physic-0] The following Geant4's physic-list is enabled :emstandard_opt3


List of Enabled processes:




List of initialized processes:


[Core-0] Initialization of geometry
[Core-0] Initialization of physics
[Core-0] Initialization of actors
 <!> *** WARNING *** <!>  The 'energytype' option is DEPRECATED, use 'ene/type' instead!
 <!> *** WARNING *** <!>  The 'energytype' option is DEPRECATED, use 'ene/type' instead!
 <!> *** WARNING *** <!>  The 'energytype' option is DEPRECATED, use 'ene/type' instead!
 <!> *** WARNING *** <!>  The 'energytype' option is DEPRECATED, use 'ene/type' instead!
 <!> *** WARNING *** <!>  The 'energytype' option is DEPRECATED, use 'ene/type' instead!
 <!> *** WARNING *** <!>  The 'energytype' option is DEPRECATED, use 'ene/type' instead!
 <!> *** WARNING *** <!>  The 'energytype' option is DEPRECATED, use 'ene/type' instead!
 <!> *** WARNING *** <!>  The 'energytype' option is DEPRECATED, use 'ene/type' instead!
 <!> *** WARNING *** <!>  The 'energytype' option is DEPRECATED, use 'ene/type' instead!
[Acquisition-0]   
[Acquisition-0] ============= Source initialization =============
[Acquisition-0]   
[Acquisition-0] ============= Acquisition starts! =============
[Acquisition-0] Simulation start time = 0 sec
[Acquisition-0] Simulation end time   = 1 sec
[Acquisition-0] Simulation will have  = 1 run(s)
[Acquisition-0] Slice 0 from 0 to 1 s [slice=1 s]

### ===  Deexcitation model UAtomDeexcitation is activated for 25 regions:
          DefaultRegionForTheWorld  1  1  1
          cylindricalPET  1  1  1
          module  1  1  1
          unit  1  1  1
          block  1  1  1
          optical  1  1  1
          crystal  1  1  1
          capillaire1  1  1  1
          capillaire1_water  1  1  1
          capillaire2  1  1  1
          capillaire2_water  1  1  1
          capillaire3  1  1  1
          capillaire3_water  1  1  1
          capillaire4  1  1  1
          capillaire4_water  1  1  1
          capillaire5  1  1  1
          capillaire5_water  1  1  1
          capillaire_m1  1  1  1
          capillaire_m1_water  1  1  1
          capillaire_m2  1  1  1
          capillaire_m2_water  1  1  1
          capillaire_m3  1  1  1
          capillaire_m3_water  1  1  1
          capillaire_m4  1  1  1
          capillaire_m4_water  1  1  1
### ===  Ignore cuts flag:   0

phot:  for gamma applyCuts:1  SubType=12 BuildTable=0
      LambdaPrime table from 200 keV to 100 TeV in 174 bins 
      ===== EM models for the G4Region  DefaultRegionForTheWorld ======
 LivermorePhElectric : Emin=    0 eV  Emax=  100 TeV  SauterGavrila Fluo

compt:  for gamma applyCuts:1  SubType=13 BuildTable=1
      Lambda table from 10 eV  to 1 MeV, 20 bins/decade, spline: 1
      LambdaPrime table from 1 MeV to 100 TeV in 160 bins 
      ===== EM models for the G4Region  DefaultRegionForTheWorld ======
        KleinNishina : Emin=    0 eV  Emax=  100 TeV Fluo

conv:  for gamma applyCuts:1  SubType=14 BuildTable=1
      Lambda table from 1.022 MeV to 100 TeV, 20 bins/decade, spline: 1
      ===== EM models for the G4Region  DefaultRegionForTheWorld ======
     BetheHeitlerLPM : Emin=    0 eV  Emax=  100 TeV  ModifiedTsai

Rayl:  for gamma applyCuts:1  SubType=11 BuildTable=1
      Lambda table from 10 eV  to 100 keV, 20 bins/decade, spline: 0
      LambdaPrime table from 100 keV to 100 TeV in 180 bins 
      ===== EM models for the G4Region  DefaultRegionForTheWorld ======
   LivermoreRayleigh : Emin=    0 eV  Emax=  100 TeV  CullenGenerator

msc:  for e-  SubType= 10
      ===== EM models for the G4Region  DefaultRegionForTheWorld ======
            UrbanMsc : Emin=    0 eV  Emax=  100 TeV Nbins=240 100 eV  - 100 TeV
              StepLim=DistanceToBoundary Rfact=0.04 Gfact=2.5 Sfact=0.6 DispFlag:1 Skin=1 Llimit=1

eIoni:  for e-  SubType=2
      dE/dx and range tables from 10 eV  to 100 TeV in 260 bins
      Lambda tables from threshold to 100 TeV, 20 bins/decade, spline: 1
      StepFunction=(0.2, 0.1 mm), integ: 1, fluct: 1, linLossLim= 0.01
      ===== EM models for the G4Region  DefaultRegionForTheWorld ======
        MollerBhabha : Emin=    0 eV  Emax=  100 TeV  deltaVI

eBrem:  for e-  SubType=3
      dE/dx and range tables from 10 eV  to 100 TeV in 260 bins
      Lambda tables from threshold to 100 TeV, 20 bins/decade, spline: 1
      LPM flag: 1 for E > 1 GeV,  VertexHighEnergyTh(GeV)= 100000
      ===== EM models for the G4Region  DefaultRegionForTheWorld ======
             eBremSB : Emin=    0 eV  Emax=    1 GeV  AngularGen2BS
            eBremLPM : Emin=    1 GeV Emax=  100 TeV  AngularGen2BS

ePairProd:  for e-  SubType=4
      dE/dx and range tables from 10 eV  to 100 TeV in 260 bins
      Lambda tables from threshold to 100 TeV, 20 bins/decade, spline: 1
      Sampling table 25x1001; from 0.1 GeV to 100 TeV 
      ===== EM models for the G4Region  DefaultRegionForTheWorld ======
           ePairProd : Emin=    0 eV  Emax=  100 TeV  ModifiedMephi

msc:  for e+  SubType= 10
      ===== EM models for the G4Region  DefaultRegionForTheWorld ======
            UrbanMsc : Emin=    0 eV  Emax=  100 TeV Nbins=240 100 eV  - 100 TeV
              StepLim=DistanceToBoundary Rfact=0.04 Gfact=2.5 Sfact=0.6 DispFlag:1 Skin=1 Llimit=1

eIoni:  for e+  SubType=2
      dE/dx and range tables from 10 eV  to 100 TeV in 260 bins
      Lambda tables from threshold to 100 TeV, 20 bins/decade, spline: 1
      StepFunction=(0.2, 0.1 mm), integ: 1, fluct: 1, linLossLim= 0.01
      ===== EM models for the G4Region  DefaultRegionForTheWorld ======
        MollerBhabha : Emin=    0 eV  Emax=  100 TeV  deltaVI

eBrem:  for e+  SubType=3
      dE/dx and range tables from 10 eV  to 100 TeV in 260 bins
      Lambda tables from threshold to 100 TeV, 20 bins/decade, spline: 1
      LPM flag: 1 for E > 1 GeV,  VertexHighEnergyTh(GeV)= 100000
      ===== EM models for the G4Region  DefaultRegionForTheWorld ======
             eBremSB : Emin=    0 eV  Emax=    1 GeV  AngularGen2BS
            eBremLPM : Emin=    1 GeV Emax=  100 TeV  AngularGen2BS

ePairProd:  for e+  SubType=4
      dE/dx and range tables from 10 eV  to 100 TeV in 260 bins
      Lambda tables from threshold to 100 TeV, 20 bins/decade, spline: 1
      Sampling table 25x1001; from 0.1 GeV to 100 TeV 
      ===== EM models for the G4Region  DefaultRegionForTheWorld ======
           ePairProd : Emin=    0 eV  Emax=  100 TeV  ModifiedMephi

annihil:  for e+, integral:1  applyCuts:1  SubType=5 BuildTable=0
      ===== EM models for the G4Region  DefaultRegionForTheWorld ======
            eplus2gg : Emin=    0 eV  Emax=  100 TeV

msc:  for proton  SubType= 10
      ===== EM models for the G4Region  DefaultRegionForTheWorld ======
            UrbanMsc : Emin=    0 eV  Emax=  100 TeV Nbins=240 100 eV  - 100 TeV
              StepLim=Minimal Rfact=0.2 Gfact=2.5 Sfact=0.6 DispFlag:1 Skin=1 Llimit=1

hIoni:  for proton  SubType=2
      dE/dx and range tables from 10 eV  to 100 TeV in 260 bins
      Lambda tables from threshold to 100 TeV, 20 bins/decade, spline: 1
      StepFunction=(0.2, 0.05 mm), integ: 1, fluct: 1, linLossLim= 0.01
      ===== EM models for the G4Region  DefaultRegionForTheWorld ======
               Bragg : Emin=    0 eV  Emax=    2 MeV  deltaVI
          BetheBloch : Emin=    2 MeV Emax=  100 TeV  deltaVI

hBrems:  for proton  SubType=3
      dE/dx and range tables from 10 eV  to 100 TeV in 260 bins
      Lambda tables from threshold to 100 TeV, 20 bins/decade, spline: 1
      ===== EM models for the G4Region  DefaultRegionForTheWorld ======
               hBrem : Emin=    0 eV  Emax=  100 TeV  ModifiedMephi
      ===== Limit on energy threshold has been applied 

hPairProd:  for proton  SubType=4
      dE/dx and range tables from 10 eV  to 100 TeV in 260 bins
      Lambda tables from threshold to 100 TeV, 20 bins/decade, spline: 1
      Sampling table 17x1001; from 7.50618 GeV to 100 TeV 
      ===== EM models for the G4Region  DefaultRegionForTheWorld ======
           hPairProd : Emin=    0 eV  Emax=  100 TeV  ModifiedMephi

nuclearStopping:  for proton applyCuts:1  SubType=8 BuildTable=0
      ===== EM models for the G4Region  DefaultRegionForTheWorld ======
   ICRU49NucStopping : Emin=    0 eV  Emax=    1 MeV

msc:  for GenericIon  SubType= 10
      ===== EM models for the G4Region  DefaultRegionForTheWorld ======
            UrbanMsc : Emin=    0 eV  Emax=  100 TeV
              StepLim=Minimal Rfact=0.2 Gfact=2.5 Sfact=0.6 DispFlag:1 Skin=1 Llimit=1

ionIoni:  for GenericIon  SubType=2
      dE/dx and range tables from 10 eV  to 100 TeV in 260 bins
      Lambda tables from threshold to 100 TeV, 20 bins/decade, spline: 1
      StepFunction=(0.1, 0.02 mm), integ: 1, fluct: 1, linLossLim= 0.02
      ===== EM models for the G4Region  DefaultRegionForTheWorld ======
         ParamICRU73 : Emin=    0 eV  Emax=  100 TeV  deltaVI

nuclearStopping:  for GenericIon applyCuts:1  SubType=8 BuildTable=0
      ===== EM models for the G4Region  DefaultRegionForTheWorld ======
   ICRU49NucStopping : Emin=    0 eV  Emax=    1 MeV

msc:  for alpha  SubType= 10
      ===== EM models for the G4Region  DefaultRegionForTheWorld ======
            UrbanMsc : Emin=    0 eV  Emax=  100 TeV Nbins=240 100 eV  - 100 TeV
              StepLim=Minimal Rfact=0.2 Gfact=2.5 Sfact=0.6 DispFlag:1 Skin=1 Llimit=1

ionIoni:  for alpha  SubType=2
      dE/dx and range tables from 10 eV  to 100 TeV in 260 bins
      Lambda tables from threshold to 100 TeV, 20 bins/decade, spline: 1
      StepFunction=(0.1, 0.02 mm), integ: 1, fluct: 1, linLossLim= 0.02
      ===== EM models for the G4Region  DefaultRegionForTheWorld ======
            BraggIon : Emin=    0 eV  Emax=7.9452 MeV  deltaVI
          BetheBloch : Emin=7.9452 MeV Emax=  100 TeV  deltaVI

nuclearStopping:  for alpha applyCuts:1  SubType=8 BuildTable=0
      ===== EM models for the G4Region  DefaultRegionForTheWorld ======
   ICRU49NucStopping : Emin=    0 eV  Emax=    1 MeV

msc:  for anti_proton  SubType= 10
      ===== EM models for the G4Region  DefaultRegionForTheWorld ======
            UrbanMsc : Emin=    0 eV  Emax=  100 TeV Nbins=240 100 eV  - 100 TeV
              StepLim=Minimal Rfact=0.2 Gfact=2.5 Sfact=0.6 DispFlag:1 Skin=1 Llimit=1

hIoni:  for anti_proton  SubType=2
      dE/dx and range tables from 10 eV  to 100 TeV in 260 bins
      Lambda tables from threshold to 100 TeV, 20 bins/decade, spline: 1
      StepFunction=(0.2, 0.05 mm), integ: 1, fluct: 1, linLossLim= 0.01
      ===== EM models for the G4Region  DefaultRegionForTheWorld ======
            ICRU73QO : Emin=    0 eV  Emax=    2 MeV  deltaVI
          BetheBloch : Emin=    2 MeV Emax=  100 TeV  deltaVI

hBrems:  for anti_proton  SubType=3
      dE/dx and range tables from 10 eV  to 100 TeV in 260 bins
      Lambda tables from threshold to 100 TeV, 20 bins/decade, spline: 1
      ===== EM models for the G4Region  DefaultRegionForTheWorld ======
               hBrem : Emin=    0 eV  Emax=  100 TeV  ModifiedMephi
      ===== Limit on energy threshold has been applied 

hPairProd:  for anti_proton  SubType=4
      dE/dx and range tables from 10 eV  to 100 TeV in 260 bins
      Lambda tables from threshold to 100 TeV, 20 bins/decade, spline: 1
      Sampling table 17x1001; from 7.50618 GeV to 100 TeV 
      ===== EM models for the G4Region  DefaultRegionForTheWorld ======
           hPairProd : Emin=    0 eV  Emax=  100 TeV  ModifiedMephi

msc:  for kaon+  SubType= 10
      ===== EM models for the G4Region  DefaultRegionForTheWorld ======
            UrbanMsc : Emin=    0 eV  Emax=  100 TeV Nbins=240 100 eV  - 100 TeV
              StepLim=Minimal Rfact=0.2 Gfact=2.5 Sfact=0.6 DispFlag:1 Skin=1 Llimit=1

hIoni:  for kaon+  SubType=2
      dE/dx and range tables from 10 eV  to 100 TeV in 260 bins
      Lambda tables from threshold to 100 TeV, 20 bins/decade, spline: 1
      StepFunction=(0.2, 0.05 mm), integ: 1, fluct: 1, linLossLim= 0.01
      ===== EM models for the G4Region  DefaultRegionForTheWorld ======
               Bragg : Emin=    0 eV  Emax=1.05231 MeV  deltaVI
          BetheBloch : Emin=1.05231 MeV Emax=  100 TeV  deltaVI

hBrems:  for kaon+  SubType=3
      dE/dx and range tables from 10 eV  to 100 TeV in 260 bins
      Lambda tables from threshold to 100 TeV, 20 bins/decade, spline: 1
      ===== EM models for the G4Region  DefaultRegionForTheWorld ======
               hBrem : Emin=    0 eV  Emax=  100 TeV  ModifiedMephi
      ===== Limit on energy threshold has been applied 

hPairProd:  for kaon+  SubType=4
      dE/dx and range tables from 10 eV  to 100 TeV in 260 bins
      Lambda tables from threshold to 100 TeV, 20 bins/decade, spline: 1
      Sampling table 18x1001; from 3.94942 GeV to 100 TeV 
      ===== EM models for the G4Region  DefaultRegionForTheWorld ======
           hPairProd : Emin=    0 eV  Emax=  100 TeV  ModifiedMephi

msc:  for kaon-  SubType= 10
      ===== EM models for the G4Region  DefaultRegionForTheWorld ======
            UrbanMsc : Emin=    0 eV  Emax=  100 TeV Nbins=240 100 eV  - 100 TeV
              StepLim=Minimal Rfact=0.2 Gfact=2.5 Sfact=0.6 DispFlag:1 Skin=1 Llimit=1

hIoni:  for kaon-  SubType=2
      dE/dx and range tables from 10 eV  to 100 TeV in 260 bins
      Lambda tables from threshold to 100 TeV, 20 bins/decade, spline: 1
      StepFunction=(0.2, 0.05 mm), integ: 1, fluct: 1, linLossLim= 0.01
      ===== EM models for the G4Region  DefaultRegionForTheWorld ======
            ICRU73QO : Emin=    0 eV  Emax=1.05231 MeV  deltaVI
          BetheBloch : Emin=1.05231 MeV Emax=  100 TeV  deltaVI

hBrems:  for kaon-  SubType=3
      dE/dx and range tables from 10 eV  to 100 TeV in 260 bins
      Lambda tables from threshold to 100 TeV, 20 bins/decade, spline: 1
      ===== EM models for the G4Region  DefaultRegionForTheWorld ======
               hBrem : Emin=    0 eV  Emax=  100 TeV  ModifiedMephi
      ===== Limit on energy threshold has been applied 

hPairProd:  for kaon-  SubType=4
      dE/dx and range tables from 10 eV  to 100 TeV in 260 bins
      Lambda tables from threshold to 100 TeV, 20 bins/decade, spline: 1
      Sampling table 18x1001; from 3.94942 GeV to 100 TeV 
      ===== EM models for the G4Region  DefaultRegionForTheWorld ======
           hPairProd : Emin=    0 eV  Emax=  100 TeV  ModifiedMephi

msc:  for mu+  SubType= 10
      ===== EM models for the G4Region  DefaultRegionForTheWorld ======
            UrbanMsc : Emin=    0 eV  Emax=  100 TeV Nbins=240 100 eV  - 100 TeV
              StepLim=Minimal Rfact=0.2 Gfact=2.5 Sfact=0.6 DispFlag:1 Skin=1 Llimit=1

muIoni:  for mu+  SubType=2
      dE/dx and range tables from 10 eV  to 100 TeV in 260 bins
      Lambda tables from threshold to 100 TeV, 20 bins/decade, spline: 1
      StepFunction=(0.2, 0.05 mm), integ: 1, fluct: 1, linLossLim= 0.01
      ===== EM models for the G4Region  DefaultRegionForTheWorld ======
               Bragg : Emin=    0 eV  Emax=  200 keV  deltaVI
          BetheBloch : Emin=  200 keV Emax=    1 GeV  deltaVI
        MuBetheBloch : Emin=    1 GeV Emax=  100 TeV

muBrems:  for mu+  SubType=3
      dE/dx and range tables from 10 eV  to 100 TeV in 260 bins
      Lambda tables from threshold to 100 TeV, 20 bins/decade, spline: 1
      ===== EM models for the G4Region  DefaultRegionForTheWorld ======
              MuBrem : Emin=    0 eV  Emax=  100 TeV  ModifiedMephi
      ===== Limit on energy threshold has been applied 

muPairProd:  for mu+  SubType=4
      dE/dx and range tables from 10 eV  to 100 TeV in 260 bins
      Lambda tables from threshold to 100 TeV, 20 bins/decade, spline: 1
      Sampling table 21x1001; from 1 GeV to 100 TeV 
      ===== EM models for the G4Region  DefaultRegionForTheWorld ======
          muPairProd : Emin=    0 eV  Emax=  100 TeV  ModifiedMephi

msc:  for mu-  SubType= 10
      ===== EM models for the G4Region  DefaultRegionForTheWorld ======
            UrbanMsc : Emin=    0 eV  Emax=  100 TeV Nbins=240 100 eV  - 100 TeV
              StepLim=Minimal Rfact=0.2 Gfact=2.5 Sfact=0.6 DispFlag:1 Skin=1 Llimit=1

muIoni:  for mu-  SubType=2
      dE/dx and range tables from 10 eV  to 100 TeV in 260 bins
      Lambda tables from threshold to 100 TeV, 20 bins/decade, spline: 1
      StepFunction=(0.2, 0.05 mm), integ: 1, fluct: 1, linLossLim= 0.01
      ===== EM models for the G4Region  DefaultRegionForTheWorld ======
            ICRU73QO : Emin=    0 eV  Emax=  200 keV  deltaVI
          BetheBloch : Emin=  200 keV Emax=    1 GeV  deltaVI
        MuBetheBloch : Emin=    1 GeV Emax=  100 TeV

muBrems:  for mu-  SubType=3
      dE/dx and range tables from 10 eV  to 100 TeV in 260 bins
      Lambda tables from threshold to 100 TeV, 20 bins/decade, spline: 1
      ===== EM models for the G4Region  DefaultRegionForTheWorld ======
              MuBrem : Emin=    0 eV  Emax=  100 TeV  ModifiedMephi
      ===== Limit on energy threshold has been applied 

muPairProd:  for mu-  SubType=4
      dE/dx and range tables from 10 eV  to 100 TeV in 260 bins
      Lambda tables from threshold to 100 TeV, 20 bins/decade, spline: 1
      Sampling table 21x1001; from 1 GeV to 100 TeV 
      ===== EM models for the G4Region  DefaultRegionForTheWorld ======
          muPairProd : Emin=    0 eV  Emax=  100 TeV  ModifiedMephi

msc:  for pi+  SubType= 10
      ===== EM models for the G4Region  DefaultRegionForTheWorld ======
            UrbanMsc : Emin=    0 eV  Emax=  100 TeV Nbins=240 100 eV  - 100 TeV
              StepLim=Minimal Rfact=0.2 Gfact=2.5 Sfact=0.6 DispFlag:1 Skin=1 Llimit=1

hIoni:  for pi+  SubType=2
      dE/dx and range tables from 10 eV  to 100 TeV in 260 bins
      Lambda tables from threshold to 100 TeV, 20 bins/decade, spline: 1
      StepFunction=(0.2, 0.05 mm), integ: 1, fluct: 1, linLossLim= 0.01
      ===== EM models for the G4Region  DefaultRegionForTheWorld ======
               Bragg : Emin=    0 eV  Emax=297.505 keV  deltaVI
          BetheBloch : Emin=297.505 keV Emax=  100 TeV  deltaVI

hBrems:  for pi+  SubType=3
      dE/dx and range tables from 10 eV  to 100 TeV in 260 bins
      Lambda tables from threshold to 100 TeV, 20 bins/decade, spline: 1
      ===== EM models for the G4Region  DefaultRegionForTheWorld ======
               hBrem : Emin=    0 eV  Emax=  100 TeV  ModifiedMephi
      ===== Limit on energy threshold has been applied 

hPairProd:  for pi+  SubType=4
      dE/dx and range tables from 10 eV  to 100 TeV in 260 bins
      Lambda tables from threshold to 100 TeV, 20 bins/decade, spline: 1
      Sampling table 20x1001; from 1.11656 GeV to 100 TeV 
      ===== EM models for the G4Region  DefaultRegionForTheWorld ======
           hPairProd : Emin=    0 eV  Emax=  100 TeV  ModifiedMephi

msc:  for pi-  SubType= 10
      ===== EM models for the G4Region  DefaultRegionForTheWorld ======
            UrbanMsc : Emin=    0 eV  Emax=  100 TeV Nbins=240 100 eV  - 100 TeV
              StepLim=Minimal Rfact=0.2 Gfact=2.5 Sfact=0.6 DispFlag:1 Skin=1 Llimit=1

hIoni:  for pi-  SubType=2
      dE/dx and range tables from 10 eV  to 100 TeV in 260 bins
      Lambda tables from threshold to 100 TeV, 20 bins/decade, spline: 1
      StepFunction=(0.2, 0.05 mm), integ: 1, fluct: 1, linLossLim= 0.01
      ===== EM models for the G4Region  DefaultRegionForTheWorld ======
            ICRU73QO : Emin=    0 eV  Emax=297.505 keV  deltaVI
          BetheBloch : Emin=297.505 keV Emax=  100 TeV  deltaVI

hBrems:  for pi-  SubType=3
      dE/dx and range tables from 10 eV  to 100 TeV in 260 bins
      Lambda tables from threshold to 100 TeV, 20 bins/decade, spline: 1
      ===== EM models for the G4Region  DefaultRegionForTheWorld ======
               hBrem : Emin=    0 eV  Emax=  100 TeV  ModifiedMephi
      ===== Limit on energy threshold has been applied 

hPairProd:  for pi-  SubType=4
      dE/dx and range tables from 10 eV  to 100 TeV in 260 bins
      Lambda tables from threshold to 100 TeV, 20 bins/decade, spline: 1
      Sampling table 20x1001; from 1.11656 GeV to 100 TeV 
      ===== EM models for the G4Region  DefaultRegionForTheWorld ======
           hPairProd : Emin=    0 eV  Emax=  100 TeV  ModifiedMephi
G4VisManager: Using G4TrajectoryDrawByCharge as fallback trajectory model.
See commands in /vis/modeling/trajectories/ for other options.

### ===  Deexcitation model UAtomDeexcitation is activated for 25 regions:
          DefaultRegionForTheWorld  1  1  1
          cylindricalPET  1  1  1
          module  1  1  1
          unit  1  1  1
          block  1  1  1
          optical  1  1  1
          crystal  1  1  1
          capillaire1  1  1  1
          capillaire1_water  1  1  1
          capillaire2  1  1  1
          capillaire2_water  1  1  1
          capillaire3  1  1  1
          capillaire3_water  1  1  1
          capillaire4  1  1  1
          capillaire4_water  1  1  1
          capillaire5  1  1  1
          capillaire5_water  1  1  1
          capillaire_m1  1  1  1
          capillaire_m1_water  1  1  1
          capillaire_m2  1  1  1
          capillaire_m2_water  1  1  1
          capillaire_m3  1  1  1
          capillaire_m3_water  1  1  1
          capillaire_m4  1  1  1
          capillaire_m4_water  1  1  1
### ===  Ignore cuts flag:   0
(288.522,171.696,14.0842)
(337.625,78.5655,-31.9042)
(182.034,270.822,-54.8098)
(78.0459,261.802,-13.7812)
(23.5365,-331.446,66.1503)
(44.0888,-377.631,48.4596)
(-326.221,-6.07666,-73.5011)
(-296.137,-32.4205,-111.8)
(-329.057,1.12082,-79.7261)
(-366.599,-76.3729,-32.4324)
(324.806,-54.3176,-100.264)
(208.482,-74.5362,-140.866)
(212.752,-235.705,8.59165)
(118.043,-238.894,-102.279)
(-91.0253,304.92,-6.63173)
(-193.849,336.313,-12.052)
(324.449,51.2381,39.948)
(363.328,36.1331,60.8115)
(-305.466,-101.408,-70.9851)
(-436.096,-103.355,-79.6706)
(-306.706,-102.992,-77.8985)
(-245.102,-72.0885,-148.559)
(-296.833,-107.957,-72.6851)
(-280.134,-92.8185,-67.5302)
(227.382,-215.188,65.6018)
(260.345,-189.033,44.8892)
(234.947,-219.53,70.934)
(240.546,-175.868,16.4281)
(190.705,-249.835,-90.9435)
(139.773,-353.067,52.9916)
(-241.051,198.725,68.622)
(-315.845,154.2,21.9964)
(258.51,-178.467,-93.5004)
(211.687,-94.6809,47.3047)
(264.621,-178.078,-92.9214)
(320.45,-154.564,-71.707)
(-315.803,78.9115,61.3533)
(-249.472,78.7744,70.0377)
(225.248,-230.873,100.265)
(234.012,-241.596,221.79)
(222.769,-230.031,98.5612)
(119.419,-214.305,136.544)
(-225.147,233.331,82.8524)
(-281.494,193.447,39.1894)
(-18.77,-333.396,-120.905)
(-109.644,-438.85,-235.887)
(-117.973,-293.33,90.5121)
(-124.622,-235.015,54.2742)
(194.782,253.349,-78.5292)
(126.132,235.178,9.20864)
(140.039,305.008,-6.66723)
(67.4774,246.759,62.9066)
(-123.646,-310.892,3.11231)
(-216.595,-337.628,34.158)
(7.96668,319.584,111.945)
(-24.3277,223.585,129.631)
(8.84236,321.77,111.107)
(-13.2601,378.729,8.1504)
(6.29922,329.296,109.06)
(62.0369,413.133,34.6506)
(90.8442,-309.38,-105.668)
(110.983,-328.559,-74.7901)
(-234.125,206.518,97.0805)
(-208.524,201.748,50.1775)
(-235.834,211.553,98.0564)
(-230.842,185.795,137.63)
(308.146,-118.935,-53.2004)
(208.555,-106.287,-47.1789)
(-328.739,45.3556,66.0193)
(-177.236,75.5668,-32.2858)
(-313.182,-69.7663,-50.7155)
(-300.545,83.6562,-81.6693)
(-20.5061,-322.192,70.4649)
(-162.293,-404.479,88.4574)
(-22.3893,-321.805,82.0339)
(-140.531,-372.78,68.6535)
(-133.076,288.826,-61.627)
(-120.344,331.275,-61.2474)
(-134.882,292.481,-64.139)
(-176.46,315.086,-81.3494)
(-145.876,301.751,-78.9863)
(-220.557,316.554,-69.5152)
(-328.275,9.92294,31.8559)
(-352.811,-17.4426,-101.559)
(195.527,-270.305,106.526)
(290.381,-299.764,220.978)
(69.8385,327.234,35.2242)
(107.998,367.538,45.1555)
(-189.411,-274.863,55.3193)
(-143.05,-437.43,23.288)
(-268.788,185.56,115.806)
(-253.412,93.2181,31.7317)
(-277.199,186.992,123.61)
(-274.127,239.168,66.2264)
(-277.807,185.27,124.778)
(-307.385,308.849,83.6186)
(140.623,-280.275,-0.972678)
(110.301,-377.104,66.7721)
(138.96,-283.629,-2.04128)
(117.802,-254.466,-92.1075)
(230.629,214.224,-85.8372)
(223.031,256.355,-42.1813)
(241.429,212.292,-87.0721)
(166.917,215.907,-76.7581)
(-202.167,-240.648,83.8348)
(23.7243,-354.086,190.962)
(-64.1942,-324.214,-51.9539)
(-85.6696,-311.471,-27.8934)
(316.521,85.2718,74.0369)
(295.843,172.48,-35.9232)
(-315.644,-61.9042,-52.8499)
(-333.748,-32.7969,-73.5768)
(-309.987,-75.7388,-27.089)
(-291.16,-57.3879,-63.3864)
(-313.269,-80.7861,-27.4956)
(-385.81,-11.0458,-1.65977)
(-321.61,-91.4441,-20.1909)
(-276.516,-93.3585,-69.0397)
(-298.12,-131.33,-83.6414)
(-286.269,-80.4887,-45.0089)
(304.763,68.6437,-59.7668)
(271.801,78.4122,-53.5774)
(-307.601,-74.2558,65.1389)
(-472.388,-77.3311,108.83)
(-319.714,40.6718,84.0959)
(-297.753,-38.4919,30.5885)
(-324.338,43.3885,90.4648)
(-328.649,41.1619,149.666)
(273.907,-151.749,37.154)
(335.356,-134.545,-61.5992)
(275.681,-151.139,37.7034)
(284.769,-261.587,-73.8031)
(-223.394,236.499,-57.1326)
(-352.359,364.778,-69.3788)
(-229.647,244.722,-60.5859)
(-264.044,226.07,-44.4628)
(307.9,-52.2648,61.3165)
(289.584,56.654,40.4027)
(314.616,10.2571,104.214)
(327.678,43.6001,104.219)
(298.373,-140.968,0.437161)
(292.438,-141.581,-6.80413)
(150.702,-279.24,7.87174)
(194.859,-211.275,-15.7107)
(155.446,-275.22,6.31982)
(160.043,-349.343,84.1664)
(-2.97804,328.789,-12.7804)
(-53.2333,233.139,-39.9645)
(-254.392,187.573,-41.3548)
(-283.056,158.458,4.01747)
(261.207,210.334,55.9064)
(318.442,171.176,60.8025)
(260.936,209.992,63.1693)
(169.514,15.7315,75.0225)
(-279.083,182.166,-90.1576)
(-240.048,199.36,-63.0943)
(190.561,-247.857,119.93)
(280.952,-149.821,46.5219)
(-157.016,-276.315,109.7)
(-189.012,-149.143,32.2288)
(-73.4693,320.48,-117.283)
(-94.4108,381.642,-148.682)
(-146.086,289.851,-17.617)
(-89.419,366.297,-10.2763)
(-150.909,288.404,-20.002)
(-78.356,278.173,46.752)
(-71.2835,-309.764,17.2849)
(-41.3619,-444.611,63.8277)
(321.739,62.0275,-123.278)
(284.421,61.2436,-104.331)
(172.404,-263.749,-16.4134)
(145.386,-252.416,20.155)
(-313.239,30.5427,-113)
(-301.64,98.2919,-90.9084)
(-312.303,32.2229,-114.798)
(-406.944,66.9575,-50.5474)
(-234.909,-226.192,-115.803)
(-285.387,-229.701,-84.2469)
(-315.721,-51.9878,-77.9531)
(-223.285,9.25732,-58.9736)
(-187.91,-248.977,61.5671)
(-171.44,-193.05,22.8174)
(289.458,-146.359,56.4504)
(259.948,-88.8797,63.663)
(283.73,-152.306,66.3875)
(152.083,-238.343,34.437)
(319.518,-91.7565,7.25596)
(261.835,-121.826,50.4757)
(-301.035,118.13,-13.375)
(-242.129,81.0241,5.14303)
(-313.928,115.466,-10.7905)
(-346.9,174.653,5.7319)
(284.2,-151.235,-54.9319)
(229.506,-231.632,-77.1899)
(-313.12,97.1617,39.2961)
(-219.76,37.683,27.3309)
(316.797,20.6281,-70.0017)
(224.482,-15.5956,-107.662)
(191.546,246.063,-52.5118)
(237.282,237.404,-58.3454)
(194.049,250.787,-51.8411)
(143.94,266.643,-43.2371)
(0.307388,-315.457,-115.153)
(77.8966,-365.85,-116.279)
(-0.484731,-312.818,-114.432)
(-22.1997,-265.69,-74.1874)
(153.393,294.301,105.263)
(180.383,246.01,14.7144)
(151.822,294.959,103.779)
(110.148,178.026,128.976)
(307.708,-88.9323,-91.193)
(355.121,-135.095,-182.885)
(45.5544,327.811,41.2883)
(151.508,389.952,19.9441)
(-25.0584,-320.489,-41.5607)
(53.3635,-252.883,-65.7624)
(-32.0664,-321.131,-42.3022)
(-86.3832,-235.023,-128.705)
(5.05977,-313.784,120.095)
(3.81002,-357.728,-2.30201)
(94.0112,304.799,-116.296)
(57.3694,283.842,-71.1177)
(281.565,142.074,-89.3523)
(233.289,63.2809,-147.901)
(309.852,-89.8558,-47.8974)
(281.772,35.0147,16.6913)
(313.994,-86.7587,-63.408)
(220.538,-100.826,33.9934)
(-244.641,202.805,100.354)
(-251.871,198.647,115.716)
(-10.5869,316.494,-123.622)
(-75.0907,487.922,-120.569)
(-190.906,-259.254,100.345)
(-156.519,-285.292,152.541)
(-190.584,-260.946,104.729)
(-194.707,-371.73,147.804)
(-280.746,157.096,6.45812)
(-355.932,113.229,141.992)
(-276.709,191.481,-22.6133)
(-361.174,187.412,-50.0976)
(217.687,-233.853,-7.61874)
(188.171,-243.985,29.506)
(217.826,-234.308,-7.88541)
(230.046,-228.999,-54.3823)
(227.407,-241.715,-12.5557)
(173.881,-205.438,-29.0981)
(-287.02,-156.555,-48.2275)
(-314.633,-159.553,-2.43745)
(-288.052,-156.994,-47.6017)
(-261.66,-182.415,-10.154)
(278.999,141.887,44.0912)
(320.586,117.58,42.57)
(313.604,-23.9783,-31.1655)
(231.473,48.6194,70.7311)
(312.989,-26.6385,-27.4199)
(299.877,-33.8971,-30.2656)
(-317.752,62.5376,83.1246)
(-244.012,127.645,116.826)
(-323.975,65.273,81.0465)
(-376.492,24.2308,182.91)
(-241.895,-211.676,77.5546)
(-223.86,-125.966,104.274)
(-250.951,-219.349,74.2057)
(-188.385,-212.429,119.285)
(-312.402,9.7831,74.3944)
(-451.455,-82.0069,51.3966)
(331.218,-7.06606,-61.4521)
(416.412,-71.068,-203.362)
(336.681,-9.79206,-68.9144)
(391.905,-12.3494,9.95068)
(-49.4339,-310.918,111.952)
(-35.2452,-237.52,111.931)
(232.936,240.576,-90.5445)
(188.967,225.827,-95.7924)
(-217.376,226.391,-87.7088)
(-181.91,234.428,-88.6269)
(281.855,167.241,59.5093)
(356.419,203.185,33.2349)
(-230.806,223.17,4.5774)
(-193.795,204.213,-3.80646)
(-245.693,219.647,-5.10126)
(-178.144,302.026,87.5858)
(-249.857,215.158,34.2209)
(-250.877,283.01,26.7619)
(299.779,-113.054,-18.4728)
(280.988,-107.411,-124.463)
(227.637,219.685,-88.6362)
(192.37,286.519,-94.8411)
(-314.4,-120.465,30.9398)
(-193.494,-141.046,23.0856)
(-314.09,11.3329,94.4189)
(-365.169,11.288,94.3733)
(-313.212,13.1342,94.746)
(-313.899,10.8747,105.922)
(318.663,-6.47398,-57.6189)
(425.714,0.969105,-6.6944)
(323.445,-2.51812,-68.4302)
(325.673,47.1686,-10.8586)
(82.1461,306.381,-30.8469)
(69.9807,301.137,-69.8181)
(82.6532,311.227,-33.7829)
(42.2213,360.02,-5.5231)
(318.122,3.46664,52.9565)
(295.419,14.8408,-34.417)
(-295.592,-118.478,96.5684)
(-351.71,-163.045,12.784)
(-181.191,-271.098,-47.5709)
(-158.96,-363.545,113.505)
(241.549,221.794,39.1959)
(265.192,258.836,62.2147)
(-118.665,294.153,15.7872)
(-113.743,338.692,9.98832)
(333.638,18.1479,73.1102)
(359.415,45.1731,89.6267)
(280.514,-159.979,-96.3823)
(244.626,-257.932,-65.3298)
(278.325,-165.202,-93.721)
(283.455,-200.802,-55.2427)
(183.449,-257.544,37.8794)
(162.884,-90.9498,121.967)
(183.251,-258.14,36.3603)
(137.482,-224.947,1.98842)
(279.305,151.237,49.4049)
(261.885,198.514,20.3632)
(277.73,146.954,55.3265)
(221.722,69.6388,136.773)
(-128.734,-291.131,-100.639)
(-112.099,-364.105,-195.578)
(-137.991,-290.525,-101.543)
(-123.974,-307.61,-162.385)
(-306.911,130.486,-38.7345)
(-294.24,160.716,-24.4583)
(306.044,-75.946,21.9613)
(376.661,-141.281,82.4779)
(-205.772,-252.615,-5.08823)
(-202.478,-165.358,-18.0851)
(281.96,-157.554,-16.7223)
(242.881,-154.918,-16.1353)
(55.6589,-310.732,18.6394)
(76.611,-247.999,-63.5561)
(-191.265,255.159,-17.1483)
(-139.747,302.816,-19.9241)
(-322.394,69.7482,-101.007)
(-386.756,60.8357,-91.4658)
(334.588,-44.2236,64.841)
(247.86,-8.83924,157.981)
(96.5523,308.858,-50.8517)
(111.991,356.015,-36.046)
(2.35418,-318.971,52.102)
(64.6908,-397.234,81.7268)
(-2.13755,-319.302,51.3905)
(4.32288,-418.627,7.08578)
(-201.571,242.477,17.4803)
(-213.452,273.377,50.4112)
(-210.917,260.124,8.07296)
(-237.463,272.789,102.306)
(312.099,-0.580008,-65.227)
(325.36,125.641,11.6894)
(-319.361,0.525319,109.453)
(-282.289,72.9734,47.1263)
(-321.707,-0.462471,111.766)
(-349.555,-39.2946,200.71)
(-307.377,-64.5061,112.429)
(-255.173,-38.2301,69.0986)
(-326.142,-66.656,109.019)
(-354.615,-29.0128,2.68041)
(53.5733,313.22,67.4717)
(9.70247,356.113,5.22234)
(50.8209,325.938,73.7567)
(109.817,346.046,27.6405)
(53.5307,324.629,78.8502)
(13.5639,356.125,46.3252)
(52.0433,330.652,79.0479)
(-13.3449,346.955,-8.5609)
(-84.3156,306.397,-54.7038)
(-120.48,301.536,34.9883)
(-75.6318,-305.212,56.4273)
(-172.625,-394.981,45.9265)
(73.1508,-318.332,86.8939)
(80.5158,-272.161,94.6326)
(75.7038,-315.412,90.3456)
(83.8553,-320.043,87.1354)
(263.027,171.599,-71.8435)
(339.384,160.136,-17.8351)
(70.2124,-324.243,0.152171)
(-22.1359,-348.823,-22.7921)
(261.981,-172.349,-102.495)
(336.386,-131.075,-84.5766)
(316.184,18.1153,-93.9799)
(309.816,-115.933,-122.557)
(-320.684,-21.1801,97.44)
(-354.227,33.6792,85.5021)
(313.87,8.28038,-34.8617)
(323.208,8.91203,17.5797)
(-306.144,-134.371,-21.6828)
(-227.868,-42.5374,-127.435)
(180.376,257.983,47.1655)
(220.99,287.736,-9.9724)
(228.725,235.649,-119.45)
(204.185,258.724,-100.746)
(298.105,126.514,-9.5182)
(290.266,187.749,-76.239)
(-181.9,263.214,-117.111)
(-259.872,242.537,-22.0923)
(-113.951,-297.757,-112.29)
(-36.3707,-244.481,-182.029)
(-112.655,-303.324,-113.947)
(-47.9847,-260.151,-76.0384)
(-114.882,-299.731,-119.287)
(-18.2521,-306.961,-195.195)
(-163.452,274.159,102.865)
(-109.303,365.215,-6.13167)
(-163.554,291.31,119.261)
(-166.524,375.092,185.062)
(-86.0959,-311.987,-94.6859)
(-139.544,-189.274,-61.9194)
(-92.5177,-317.407,-96.0311)
(5.5476,-342.111,-14.2881)
(128.044,288.504,-88.5562)
(129.364,327.045,-67.4372)
(151.717,-294.424,92.9457)
(227.458,-339.532,50.6185)
(-85.4294,318.009,21.0952)
(-2.22834,282.741,-20.4494)
(-14.5936,-316.649,-21.7473)
(37.2402,-402.837,-38.6297)
(-12.8963,-312.201,-27.4698)
(-70.3079,-347.094,-18.0316)
(-244.997,197.737,-6.84882)
(-328.949,150.872,-20.5499)
(-255.49,191.01,12.8469)
(-279.565,211.397,-34.3047)
(-304.786,-87.2077,28.2509)
(-268.168,-76.8709,20.8824)
(329.698,9.66405,116.231)
(355.217,12.607,50.2649)
(328.276,12.7529,115.698)
(343.392,-79.3489,185.749)
(327.159,14.2671,114.39)
(343.88,-82.4867,103.054)
(303.588,-101.493,-84.3885)
(322.533,-85.6648,-199.541)
(302.691,-96.6869,-86.9457)
(207.934,-57.2969,-23.7692)
(315.279,-75.4982,122.752)
(371.886,-144.077,105.209)
(-77.4557,-302.793,6.16267)
(-63.825,-256.168,-36.5186)
(-83.3428,-323.799,15.7228)
(25.6563,-351.797,-53.0894)
(-86.8558,-321.149,19.0581)
(-89.9469,-417.686,99.7736)
(-140.306,280.314,-7.41668)
(-66.7695,270.356,49.3046)
(-136.554,285.667,-14.5631)
(-171.177,454.235,13.6328)
(-300.544,-116.739,80.4234)
(-374.616,21.5368,13.596)
(-141.819,283.547,121.402)
(-135.195,340.032,153.379)
(133.472,-282.38,94.8)
(195.734,-353.479,-28.3034)
(78.293,307.774,52.8778)
(-44.1694,198.606,75.6649)
(70.0747,305.184,51.6954)
(60.6863,233.839,100.479)
(189.827,-251.119,-44.8237)
(131.111,-158.094,-166.213)
(198.288,-257.795,-42.8373)
(221.81,-276.581,58.164)
(198.837,-257.249,-41.9284)
(202.961,-188.84,-49.5708)
(152.124,285.117,120.696)
(94.7332,276.901,156.694)
(156.581,294.751,112.269)
(170.982,396.251,134.629)
(-294.112,139.933,-52.967)
(-207.03,31.2501,-4.32924)
(216.571,-248.003,91.8255)
(182.179,-180.745,112.888)
(216.777,-250.19,106.261)
(189.014,-269.804,100.669)
(-242.88,225.78,70.8735)
(-321.794,259.496,40.3559)
(296.431,-118.657,-39.4574)
(263.849,-48.4443,88.128)
(304.443,-124.296,-37.0524)
(280.703,-122.59,44.5414)
(-273.908,-153.326,83.9181)
(-351.672,-212.662,151.574)
(-279.396,-158.652,86.1078)
(-152.381,-108.473,120.344)
(316.739,31.2344,112.733)
(234.693,-105.074,128.138)
(289.69,-117.08,94.8092)
(238.853,-189.11,85.1178)
(321.039,-47.1536,115.623)
(287.104,-85.3059,166.797)
(326.471,-52.577,111.803)
(307.596,-61.5715,78.7899)
(-310.573,49.1736,-118.849)
(-377.592,0.548832,-194.787)
(276.088,146.755,37.1442)
(365.897,283.19,73.2088)
(295.041,154.197,29.2227)
(275.446,120.859,-9.8241)
(-128.026,-288.444,-73.643)
(-134.594,-188.862,-113.195)
(190.992,-250.79,11.8041)
(182.484,-219.391,54.5238)
(-255.991,213.771,-9.21941)
(-234.732,143.433,-158.667)
(-252.731,-185.576,-47.6711)
(-314.613,-258.857,-72.1249)
(5.51848,-319.495,83.195)
(102.866,-259.261,82.5027)
(14.6368,322.146,-84.2975)
(85.9264,255.177,-23.9662)
(4.3112,330.618,-86.5484)
(64.0213,303.335,-35.0656)
(-0.616547,334.285,-84.7107)
(-12.9993,369.36,-90.4515)
(-99.1849,-299.046,85.8537)
(-142.411,-225.614,146.129)
(-161.186,270.805,37.6202)
(-352.918,309.581,90.4851)
(-176.259,268.296,-80.1466)
(-197.05,380.597,-108.85)
(44.2342,314.472,40.2007)
(-37.4056,311.333,-28.9087)
(50.7975,310.334,39.6642)
(3.8377,324.4,-15.6476)
(-25.7671,-331.407,-41.3757)
(-96.6748,-363.689,-91.308)
(-276.62,-150.928,32.3303)
(-167.451,-202.257,-0.258988)
(-309.05,61.8495,-37.6558)
(-306.87,-34.0397,-4.21564)
(-312.782,64.6538,-37.3867)
(-371.653,-104.107,-43.2568)
(-319.576,66.5453,-30.9412)
(-244.228,38.982,-111.857)
(311.849,-58.1376,36.8038)
(310.395,-9.01242,97.5656)
(280.268,137.411,93.3974)
(338.436,148.441,88.9511)
(-276.239,-145.87,-99.1404)
(-389.169,-160.991,-141.041)
(-259.515,-184.053,-26.8434)
(-224.968,-126.358,45.8409)
(277.13,182.438,22.1004)
(294.61,143.661,-15.8055)
(-274.481,194.189,-105.767)
(-241.436,226.993,-13.8744)
(240.367,215.256,-0.281507)
(156.025,102.764,-109.117)
(-152.882,-288.68,-100.931)
(-151.098,-323.837,-170.328)
(165.756,277.535,99.8413)
(306.982,300.22,117.504)
(159.705,281.71,95.8677)
(44.6365,293.863,114.459)
(93.3255,-298.915,93.9595)
(-32.4344,-306.176,178.784)
(-276.293,-150.532,-13.3239)
(-217.675,-94.332,96.9226)
(-217.716,237.259,-73.0628)
(-240.056,264.15,-96.5684)
(-309.093,76.8526,-19.9846)
(-351.292,86.1778,-97.0295)
(-311.836,75.0759,-21.6656)
(-317.49,36.4511,122.512)
(-311.818,-6.62996,109.859)
(-355.474,-7.31862,29.7681)
(-313.352,-2.33376,110.125)
(-297.281,-36.7465,106.747)
(-241.038,-216.145,119.808)
(-177.61,-316.036,37.3281)
(-234.316,-215.931,115.854)
(-295.012,-238.197,127.484)
(167.577,-281.296,82.7363)
(209.614,-234.823,83.6938)
(169.352,-280.813,82.2884)
(266.073,-275.127,-2.1466)
(-21.8512,326.707,-92.5831)
(-48.3391,302.621,-186.009)
(-19.6089,324.657,-93.7193)
(-62.8116,364.198,-6.15806)
(151.902,273.763,-38.678)
(141.02,318.327,24.1885)
(153.266,282.426,-38.788)
(209.731,267.119,-125.276)
(151.623,297.202,-34.2291)
(75.4833,309.629,-33.282)
(117.615,-289.827,-15.4831)
(38.4424,-394.266,129.013)
(287.472,-122.631,27.773)
(216.318,-174.674,7.3117)
(161.75,275.255,17.7263)
(226.82,288.144,-18.3938)
(242.103,201.205,105.218)
(269.375,131.375,131.959)
(-3.3801,313.1,96.084)
(-77.8822,286.326,180.733)
(2.60123,324.553,98.1471)
(-53.9048,285.731,-51.264)
(2.47618,324.526,99.4349)
(37.5385,318.892,107.147)
(251.252,-224.167,-74.3609)
(224.109,-191.046,-2.44632)
(-305.438,94.5588,33.8244)
(-400.812,72.4376,25.9688)
(-80.2997,302.274,-35.6851)
(-187.656,345.137,62.645)
(-92.0053,-298.937,50.8438)
(-126.948,-239.648,-62.6366)
(-67.276,314.933,-49.5515)
(-36.151,190.524,-24.9183)
(-319.314,55.7422,113.239)
(-415.367,109.651,57.6485)
(-313.668,55.2919,120.124)
(-336.165,-60.1091,5.85368)
(-313.978,56.8852,116.864)
(-353.686,64.2101,27.8038)
(190.515,270.188,78.3094)
(261.783,238.402,-31.9805)
(204.933,256.266,-72.8494)
(143.286,253.127,-1.88691)
(-310.451,-127.609,35.2891)
(-339.536,-173.416,172.18)
(-309.497,-127.539,30.7387)
(-270.44,-120.529,22.6877)
(296.628,-125.819,92.9801)
(292.695,-34.3719,93.9577)
(307.904,-129.856,97.4159)
(291.869,-77.6171,32.8906)
(307.077,-128.936,98.7583)
(204.768,-108.75,114.762)
(73.2131,-315.108,29.4459)
(43.9201,-311.467,111.699)
(-234.049,213.496,-18.3571)
(-358.076,33.4069,30.7418)
(-232.483,213.812,-18.7495)
(-169.585,206.651,86.0188)
(-186.176,-279.068,-65.1762)
(-184.426,-344.741,-88.6226)
(-88.7035,312.544,73.6256)
(-61.0547,376.818,41.4792)
(-177.25,-258.467,57.7915)
(-170.374,-283.092,121.654)
(280.591,153.998,-33.3597)
(232.626,158.269,-64.0135)
(-167.387,-274.055,64.9869)
(-62.3839,-265.951,76.9222)
(-44.8913,313.176,-78.4352)
(-160.449,379.898,-160.767)
(-278.325,-156.787,-35.5958)
(-287.329,-137.959,-46.8763)
(312.839,-19.8047,3.2313)
(426.18,-59.5384,-50.704)
(202.363,-247.325,-70.578)
(95.6497,-246.206,-193.047)
(-289.279,142.144,41.56)
(-319.188,150.247,126.895)
(242.817,195.612,59.5205)
(207.977,199.834,-28.805)
(233.558,207.217,37.4125)
(260.647,229,-81.2083)
(234.399,214.093,42.8992)
(164.862,255.571,-5.60777)
(-313.003,-7.72481,33.1024)
(-288.804,-105.423,18.4772)
(-316.611,-4.98099,31.7913)
(-242.725,44.561,4.10505)
(-333.472,0.245188,21.2749)
(-445.035,0.576515,36.0766)
(-333.499,-2.12379,22.8078)
(-409.575,-6.31781,104.723)
(316.071,7.05845,-33.7357)
(401.657,-14.5464,-86.7552)
(98.4032,-309.903,-103.791)
(45.6183,-381.504,-150.305)
(177.672,266.044,91.2411)
(182.497,193.332,152.512)
(63.8074,-329.899,86.3147)
(25.3819,-396.047,-40.1201)
(-88.3415,-301.513,41.3839)
(-150.569,-280.031,154.183)
(227.81,-220.894,-56.2913)
(181.601,-110.416,-193.343)
(10.1733,325.996,80.8047)
(31.1278,303.931,79.8116)
(277.45,144.256,105.433)
(341.282,91.0874,76.8085)
(-301.323,-89.4371,-68.5227)
(-431.917,-73.6464,-161.658)
(-302.739,-120.05,34.2677)
(-319.176,-121.721,80.6435)
(312.088,46.635,-14.228)
(300.948,47.026,-20.5077)
(311.266,45.877,-14.2769)
(324.008,58.8595,51.5983)
(-280.241,137.404,-28.3411)
(-351.739,108.045,-3.03146)
(153.587,-286.257,60.3218)
(180.106,-360.241,21.4276)
(156.19,-285.275,60.4775)
(258.329,-254.126,93.7971)
(-193.779,-260.77,-56.3892)
(-168.5,-271.403,-72.0266)
(-202.535,-266.145,-47.5264)
(-91.041,-277.846,-102.842)
(-290.089,116.522,-98.1082)
(-225.206,140.89,-31.6324)
(54.1434,326.697,-32.6836)
(121.724,283.462,-67.9611)
(162.813,-286.448,30.167)
(143.804,-289.018,143.727)
(315.4,89.8325,86.2912)
(287.82,65.7491,235.154)
(-73.638,-311.237,49.4783)
(47.9453,-308.374,204.803)
(-74.1453,-314.879,62.6174)
(-87.9378,-263.032,40.7514)
(-280.648,143.35,-53.69)
(-324.619,218.839,22.5696)
(-62.6485,-329.776,-39.6605)
(-108.786,-384.112,-45.2857)
(-311.8,30.1508,-123.712)
(-198.585,-60.1645,-136.954)
(248.195,-195.676,95.3356)
(275.222,-182.819,75.4039)
(263.103,-203.994,94.5048)
(333.607,-157.08,72.5411)
(313.743,-55.4733,79.8004)
(345.144,0.185498,101.02)
(315.588,-54.9853,78.6998)
(236.962,-156.253,1.58747)
(320.534,-47.4299,73.7103)
(285.878,-120.249,18.4167)
(146.704,293.51,16.4429)
(182.03,309.924,33.5082)
(72.2662,-308.427,-13.517)
(269.074,-273.867,-47.1093)
(-71.8061,319.206,-1.23955)
(-35.4522,269.409,42.5719)
(-56.642,323.254,16.0885)
(1.10449,421.723,91.5071)
(235.886,-221.67,1.58234)
(319.982,-249.786,-75.7546)
(-117.696,-309.726,-110.984)
(-160.292,-313.462,-79.4135)
(-181.758,-260.778,-43.8563)
(-285.295,-179.489,-166.918)
(40.7204,310.777,48.8625)
(171.198,384.192,136.454)
(43.6635,310.497,49.5625)
(130.668,318.963,74.9081)
(199.718,-240.548,17.0813)
(136.152,-242.765,25.4041)
(-272.817,166.004,-12.3639)
(-182.718,196.491,-63.3871)
(292.978,-134.543,4.45644)
(256.085,-76.7444,58.1907)
(300.702,-143.547,18.007)
(246.77,-161.423,51.7971)
(300.496,-143.731,21.2746)
(279.896,-109.528,59.1585)
(287.001,-150.12,-89.1714)
(350.93,-108.196,-111.467)
(259.814,-208.044,-33.5973)
(170.503,-201.43,-111.931)
(-237.295,204.901,34.384)
(-241.309,164.931,-39.188)
(-240.579,211.568,39.6054)
(-231.047,203.924,125.491)
(-241.771,215.962,43.956)
(-114.905,172.976,155.388)
(-243.538,230.455,50.0173)
(-175.687,231.135,5.45413)
(66.9739,312.517,-53.4284)
(-11.3165,369.831,-176.891)
(-134.735,-286.415,-30.9441)
(-189.1,-310.754,9.79046)
(271.697,189.515,19.8924)
(186.083,268.488,58.9361)
(272.072,-154.593,-91.2243)
(277.64,-131.788,8.39474)
(276.019,-160.336,-105.589)
(220.704,-186.274,-25.1377)
(-210.657,-231.82,124.599)
(-250.428,-198.513,31.4578)
(-214.597,-232.661,124.288)
(-299.941,-128.735,65.8287)
(108.144,294.525,-64.2293)
(130.734,318.986,-83.0998)
(-191.229,-262.841,54.8149)
(-222.083,-227.817,-46.1813)
(190.575,256.287,-110.303)
(158.828,195.952,-46.7379)
(-275.77,-184.984,83.3601)
(-257.927,-186.452,63.271)
(-277.265,-184.634,82.0808)
(-337.717,-290.872,-89.579)
(-280.625,-186.409,68.995)
(-303.524,-261.928,-5.4315)
(42.3537,322.294,124.343)
(62.2881,373.823,82.0404)
(116.448,-310.173,-116.769)
(144.82,-347.808,-179.087)
(166.672,-272.016,12.0229)
(108.938,-207.711,-14.7945)
(163.295,-276.146,8.98)
(171.067,-231.522,22.12)
(-273.887,160.92,-5.02646)
(-297.493,212.524,-8.78012)
(-323.215,-27.9321,-118.522)
(-372.235,6.48904,-155.119)
(-324.31,-28.0931,-120.051)
(-362.908,-138.653,-105.009)
(-20.1656,328.716,71.2288)
(-86.3052,380.835,114.033)
(-21.6369,326.725,71.8557)
(-28.5241,290.156,109.806)
(-77.6725,-307.728,-66.043)
(-110.509,-431.857,-16.1444)
(-74.9804,-313.902,-71.2584)
(-131.329,-260.77,-40.0305)
(-255.613,-202.888,94.3544)
(-300.164,-179.999,162.765)
(-253.289,-203.696,95.7345)
(-208.356,-151.66,120.911)
(182.028,254.675,70.7476)
(185.595,201.332,29.0043)
(313.984,-44.7938,-119.113)
(355.571,-100.248,-136.315)
(324.474,-46.9207,-111.294)
(322.888,-92.4313,-137.179)
(-127.097,296.574,-55.799)
(-91.7738,338.172,-7.99543)
(235.986,-222.392,40.6302)
(233.011,-310.028,142.958)
(-245.995,-205.969,-62.8206)
(-238.426,-54.6146,-90.652)
(-243.979,-205.535,-62.0563)
(-192.471,-188.624,-199.811)
(-275.881,153.409,99.848)
(-263.928,133.077,272.764)
(-318.723,44.5979,-55.3464)
(-284.333,82.3529,-140.838)
(-326.774,50.6445,-70.2869)
(-357.834,-83.1646,-76.3173)
(-328.633,50.0588,-72.1992)
(-319.764,46.8101,-88.3228)
(-212.907,232.069,121.494)
(-68.1649,272.091,22.1184)
(-318.867,62.472,29.0526)
(-265.041,6.51554,34.0279)
(-321.693,58.4455,32.8267)
(-329.558,136.192,44.8909)
(58.9467,307.69,0.835469)
(30.8893,213.566,47.3069)
(-14.2865,-331.472,26.8004)
(15.4283,-337.102,6.79027)
(195.422,264.655,-106.934)
(218.934,297.265,-15.9381)
(-172.907,-261.303,106.494)
(-207.956,-170.429,224.657)
(-173.938,-264.545,107.954)
(-169.45,-211.963,153.793)
(-164.444,-284.053,103.81)
(-181.433,-356.299,113.46)
(60.4247,-323.089,-85.4942)
(-0.54634,-361.682,-65.4699)
(-191.147,254.265,66.3237)
(-199.279,209.651,38.8901)
(-191.102,254.914,69.3849)
(-163.41,178.637,137.896)
(285.214,138.188,-39.1769)
(278.927,182.292,-112.258)
(290.568,142.124,-34.0565)
(288.203,143.697,-25.2537)
(-231.497,-209.967,59.3088)
(-192.994,-202.518,115.721)
(249.909,197.713,108.778)
(210.586,85.7007,144.385)
(244.475,204.115,115.046)
(222.508,184.34,93.4964)
(244.469,204.833,114.198)
(141.266,159.284,82.445)
(-320.486,24.1792,47.4281)
(-230.695,2.97745,-78.862)
(-201.897,255.665,-80.4668)
(-73.9362,257.008,-100.744)
(303.4,-121.868,35.7075)
(293.546,-72.181,52.4807)
(306.177,-128.134,54.7531)
(313.96,-107.429,111.667)
(94.8953,312.944,-120.905)
(95.8305,353.049,-212.31)
(-283.044,169.719,-97.1611)
(-245.504,83.9147,-148.288)
(234.402,-207.068,118.84)
(180.326,-221.523,90.6507)
(238.018,-209.569,120.952)
(242.741,-368.899,179.301)
(-123.385,-307.561,-122.787)
(-202.606,-278.589,13.8212)
(-307.654,-89.6513,112.43)
(-224.276,-60.2311,199.311)
(-320.485,-99.3181,107.695)
(-322.861,-264.814,197.088)
(15.6354,-332.909,-91.7557)
(49.6507,-384.039,-4.1052)
(54.321,317.223,-74.4542)
(15.6896,295.826,-41.6835)
(304.727,-70.244,11.317)
(308.062,-96.2805,-21.8797)
(-261.962,171.741,-22.2525)
(-220.865,137.032,-10.7729)
(166.91,289.984,106.048)
(88.8385,314.153,54.2253)
(171.21,289.457,107.597)
(225.721,256.577,166.689)
(-14.8024,-316.815,-119.566)
(-31.4772,-307.497,-107.919)
(-11.6916,-329.25,-122.877)
(56.0753,-390.589,-215.146)
(-12.1982,-330.292,-123.71)
(95.413,-146.137,-70.3658)
(74.5778,303.763,14.858)
(-25.1847,323.945,10.5127)
(-44.344,-334.916,-45.4508)
(-4.37353,-277.003,-31.1924)
(-74.1485,-310.113,-100.174)
(-134.34,-251.898,-60.7065)
(-93.2829,-323.862,-103.792)
(-134.869,-382.423,-176.019)
(235.077,209.978,67.8861)
(271.306,224.981,90.7532)
(248.638,227.945,86.2252)
(255.084,287.873,159.934)
(-244.04,-195.214,116.198)
(-266.814,-224.502,106.147)
(-159.735,-275.538,54.9748)
(-220.043,-161.405,2.69471)
(-150.296,-275.476,125.041)
(-317.444,-199.619,54.7909)
(-305.612,62.8851,30.8608)
(-333.26,89.3694,31.994)
(319.365,-47.4699,-21.0555)
(309.609,-37.2746,-30.1284)
(318.367,-49.053,-20.2212)
(202.127,-88.181,25.3306)
(148.597,-281.99,-22.8311)
(208.999,-349.205,-22.2289)
(150.288,-296.761,-38.2605)
(144.586,-259.673,-132.362)
(67.0545,310.289,21.3112)
(23.8478,307.049,55.8122)
(73.2134,315.647,21.4071)
(18.5151,388.688,-21.0029)
(-241.133,-203.122,102.349)
(-313.819,-230.082,38.9551)
(-246.504,-203.425,97.0627)
(-381.476,-121.786,71.1594)
(-309.028,-57.9459,116.323)
(-287.611,-107.34,118.493)
(67.3087,306.06,-22.1465)
(82.6073,231.159,-42.7836)
(188.712,256.967,-19.7241)
(201.181,116.004,-47.7973)
(-174.734,-266.69,18.5872)
(-182.757,-233.779,-35.4166)
(89.2996,299.474,-98.3533)
(21.7964,400.857,-74.7887)
(-245.956,-205.435,63.7782)
(-259.241,-148.487,74.5372)
(-282.4,-157.052,-116.376)
(-369.257,-208.987,-100.493)
(-321.505,3.79561,-115.398)
(-407.34,92.3702,-74.218)
(-200.354,241.081,88.9193)
(-122.853,186.579,41.1177)
(260.488,-202.656,-78.0044)
(328.803,-160.895,-31.3804)
(334.373,0.39928,-72.5392)
(406.871,52.4678,-56.0443)
(187.863,-259.009,-44.8583)
(171.896,-320.589,2.47102)
(-53.063,316.42,52.5538)
(-89.8643,362.8,19.5523)
(-55.6491,314.676,57.6037)
(-110.367,330.311,79.8691)
(-42.9149,331.647,-30.7268)
(-14.4047,336.647,-39.5511)
(-43.9572,333.33,-33.178)
(50.0725,379.655,-25.8706)
(334.442,31.5232,-50.1818)
(274.945,29.8493,-127.372)
(-310.06,-72.2185,116.655)
(-276.835,-97.2527,-20.097)
(-313.406,-73.4894,110.475)
(-251.907,-141.76,114.988)
(-313.489,-73.731,105.058)
(-167.927,-148.203,77.5357)
(-309.731,60.7891,6.92605)
(-221.376,72.0193,100.443)
(313.753,-29.6588,-2.89043)
(242.781,13.981,1.48478)
(314.345,-27.8161,-2.15289)
(283.03,66.077,36.101)
(-311.303,-72.7964,57.5162)
(-367.67,-66.4713,47.8139)
(310.819,-98.958,28.8805)
(272.795,-71.2696,15.4784)
(-246.507,223.066,-62.3305)
(-189.083,250.504,-84.5265)
(275.67,-150.07,32.0245)
(178.528,-113.589,57.5622)
(275.705,-149.471,31.8045)
(167.541,-78.9222,49.8133)
(-122.778,291.279,-56.859)
(-42.9664,315.747,-55.966)
(-311.925,27.9987,4.943)
(-234.362,-25.9772,-39.7046)
(306.792,-58.6366,-13.3688)
(229.145,-47.3177,-33.231)
(306.922,-58.4441,-13.2487)
(314.999,-16.6225,-42.5332)
(152.729,-295.744,-7.60658)
(128.66,-274.951,13.0133)
(-237.175,216.357,85.6264)
(-322.99,180.027,203.997)
(181.558,255.804,-61.9642)
(245.924,194.419,-100.12)
(182.422,268.465,-66.2264)
(319.467,240.662,-109.606)
(237.463,-223.715,-101.662)
(282.317,-267.155,-40.1524)
(236.842,-225.18,-102.475)
(303.578,-214.611,-185.945)
(-304.75,124.667,58.7676)
(-371.456,157.149,56.1662)
(-302.729,125.872,53.4787)
(-399.397,214.907,18.5481)
(286.744,143.923,-47.2567)
(355.248,96.9173,-80.1033)
(-152.446,-286.72,98.2926)
(-137.371,-365.987,215.515)
(-129.853,-284.924,57.3385)
(-127.843,-332.412,141.276)
(203.348,-262.336,93.3327)
(316.163,-264.092,129.48)
(-272.086,156.953,-3.91418)
(-211.559,177.795,-32.7224)
(290.424,-117.138,5.60765)
(219.673,-114.42,0.19413)
(-323.681,50.6483,38.4559)
(-140.452,10.4815,1.83566)
(-290.404,-155.173,30.7659)
(-290.37,-180.981,-53.3375)
(-295.48,-160.849,33.8719)
(-389.611,-122.855,70.5375)
(258.272,186.231,-70.4272)
(324.562,147.966,-80.8945)
(-187.073,-280.302,101.178)
(-178.662,-315.227,145.007)
(-183.305,-278.263,108.579)
(-224.826,-276.034,63.6351)
(233.393,216.909,2.16264)
(296.245,277.903,45.6335)
(319.58,29.6741,-87.5163)
(377.504,105.558,-156.323)
(-317.387,-14.6606,42.4206)
(-292.967,2.57913,121.211)
(12.1311,327.521,35.8987)
(1.15823,346.774,8.36633)
(13.5075,331.844,28.0132)
(-21.1937,274.766,164.382)
(7.51567,-336.626,-34.3987)
(-15.8194,-403.573,-7.07883)
(-283.108,143.683,65.5863)
(-316.717,17.8116,2.14403)
(-282.708,142.44,63.4683)
(-329.141,164.62,110.972)
(-210.793,250.764,-54.7358)
(-141.853,258.012,-125.889)
(-208.317,250.033,-57.6822)
(-204.904,300.51,-66.2159)
(309.817,-86.235,89.9085)
(223.252,-202.412,86.6204)
(283.931,-141.826,4.99669)
(284.184,-162.236,-18.9552)
(-293.244,157.39,-8.3206)
(-250.536,111.133,-67.7005)
(108.317,295.792,-0.510464)
(145.902,301.99,-39.3008)
(110.845,298.02,-6.30315)
(105.576,390.983,-39.7266)
(128.565,-291.185,0.150485)
(132.806,-314.971,-63.402)
(150.829,282.85,-0.074784)
(171.571,189.257,34.5539)
(-188.665,-258.409,106.479)
(-119.543,-363.507,138.917)
(-124.63,289.727,-106.352)
(-137.632,222.792,-210.046)
(-126.614,294.509,-111.886)
(-159.787,258.455,-211.194)
(-130.192,297.011,-113.873)
(-174.193,216.258,-161.562)
(-141.43,298.128,-117.309)
(-62.3955,247.752,-128.525)
(256.91,-182.035,69.4323)
(224.973,-258.105,139.542)
(274.937,149.109,-92.9279)
(187.018,156.749,-11.7898)
(277.599,150.228,-94.6965)
(190.842,280.476,-116.633)
(276.766,146.654,-93.2289)
(318.777,90.7987,-73.2702)
(115.177,-297.61,106.503)
(66.1469,-271.49,94.4788)
(-307.848,-82.7533,-4.89356)
(-308.44,-163.759,10.6861)
(285.43,165.537,7.61826)
(265.247,204.947,-5.11209)
(72.9347,308.245,102.803)
(42.2576,314.984,175.01)
(72.7555,311.891,106.365)
(91.5593,119.422,135.864)
(144.458,-288.658,-96.467)
(210.012,-276.862,-104.151)
(158.258,-293.994,-93.5269)
(93.1776,-369.589,-135.472)
(159.699,-293.119,-94.6096)
(111.391,-406.533,-56.0693)
(317.583,10.0373,60.9661)
(339.909,44.3703,49.0987)
(328.341,5.7481,64.6186)
(396.413,76.3213,144.83)
(-318.567,-21.0499,-120.419)
(-330.196,11.2794,-23.6507)
(-322.932,-23.4934,-118.418)
(-353.842,-75.9354,-103.589)
(-329.622,-32.1175,-118.061)
(-342.532,-77.605,-147.728)
(-292.026,140.366,-92.1258)
(-333.45,133.575,-146.501)
(-291.477,132.545,-80.2734)
(-206.092,131.808,-172.456)
(-276.42,-150.78,94.603)
(-209.049,-162.159,74.6573)
(-287.849,-152.144,81.9482)
(-229.105,-211.107,159.496)
0 events have been kept for refreshing and/or reviewing.
  "/vis/reviewKeptEvents" to review them one by one.
  "/vis/enable", then "/vis/viewer/flush" or "/vis/viewer/rebuild" to see them accumulated.
[Core-0] End of macro ./split/.Gate/main131/main2.mac
Graphics systems deleted.
Visualization Manager deleting...
