[G4] 
[G4] **************************************************************
[G4]  Geant4 version Name: geant4-10-07-patch-02    (11-June-2021)
[G4]                        Copyright : Geant4 Collaboration
[G4]                       References : NIM A 506 (2003), 250-303
[G4]                                  : IEEE-TNS 53 (2006), 270-278
[G4]                                  : NIM A 835 (2016), 186-225
[G4]                              WWW : http://geant4.org/
[G4] **************************************************************
[G4] 
[Core-0] Initialization of geometry
[Core-0] Initialization of physics
[Core-0] Initialization of actors
[Core-0] 
[Core-0] *************************************************
[Core-0]  GATE version 9.1 (2021)
[Core-0]  Copyright : OpenGATE Collaboration
[Core-0]  Reference : Phys. Med. Biol. 49 (2004) 4543-4561
[Core-0]  Reference : Phys. Med. Biol. 56 (2011) 881-901
[Core-0]  Reference : Med. Phys. 41(6)    (2014)
[Core-0]  http://www.opengatecollaboration.org        
[Core-0] *************************************************
[Core-0] 
[Core-0] You are using Geant4 version 10.7.2
[Core-0] Starting macro ./split/.Gate/main131/main13.mac
0: RINDEX
1.84e-06   1.00028
4.08e-06   1.00028
9: GROUPVEL
1.84e-06   299.709
4.08e-06   299.709
16: ABSLENGTH
1.84e-06   50000
4.08e-06   50000
 <!> *** WARNING *** <!>  GateMaterialDatabase: Multiple definition of element: Yttrium.
The definition in ClMind_GateMaterials.db was used.


GATE object:        'systems/cylindricalPET'
Components:

GATE object:        'systems/cylindricalPET/base'
Attached to volume: cylindricalPET
Nb of children:       1

	GATE object:        'systems/cylindricalPET/rsector'
	Attached to volume: module
	Nb of children:       1

		GATE object:        'systems/cylindricalPET/module'
		Attached to volume: unit
		Nb of children:       1

			GATE object:        'systems/cylindricalPET/submodule'
			Attached to volume: block
			Nb of children:       1

				GATE object:        'systems/cylindricalPET/crystal'
				Attached to volume: optical
				Nb of children:       4

					GATE object:        'systems/cylindricalPET/layer0'
					Attached to volume: crystal
					Nb of children:       0

					GATE object:        'systems/cylindricalPET/layer1'
					Attached to volume: ---
					Nb of children:       0

					GATE object:        'systems/cylindricalPET/layer2'
					Attached to volume: ---
					Nb of children:       0

					GATE object:        'systems/cylindricalPET/layer3'
					Attached to volume: ---
					Nb of children:       0
geometrical design type: 1
ring diameter: -3.95 mm 
rsector axial pitch: 0 fm 
rsector azimuthal pitch: 12.8571 degree
rsector tangential size: 2.5 cm 
rsector axial size: 25.04 cm 
module axial size: 4.784 cm 
module tangential size: 2.5 cm 
module axial pitch: 0 fm 
module tangential pitch: 0 fm 
submodule axial size: 4.784 cm 
submodule tangential size: 2.5 cm 
submodule axial pitch: 0 fm 
submodule tangential pitch: 0 fm 
crystal radial size: 1.59 cm 
crystal axial size: 1.59 cm 
crystal tangential size: 2.5 cm 
crystal axial pitch: 0 fm 
crystal tangential pitch: 0 fm 
layer0 radial size: 3.95 mm 
in layer0 interaction length: 1.975 mm 
Axial nb of rsectors: 1
Azimuthal nb of rsectors: 28
Axial nb of modules: 1
Tangential nb of modules: 1
Axial nb of submodules: 1
Tangential nb of submodules: 1
Axial nb of crystals: 1
Tangential nb of crystals: 1
Radial nb of layers: 1
[Physic-0] The following Geant4's physic-list is enabled :emstandard_opt3


List of Enabled processes:




List of initialized processes:


[Core-0] Initialization of geometry
[Core-0] Initialization of physics
[Core-0] Initialization of actors
 <!> *** WARNING *** <!>  The 'energytype' option is DEPRECATED, use 'ene/type' instead!
 <!> *** WARNING *** <!>  The 'energytype' option is DEPRECATED, use 'ene/type' instead!
 <!> *** WARNING *** <!>  The 'energytype' option is DEPRECATED, use 'ene/type' instead!
 <!> *** WARNING *** <!>  The 'energytype' option is DEPRECATED, use 'ene/type' instead!
 <!> *** WARNING *** <!>  The 'energytype' option is DEPRECATED, use 'ene/type' instead!
 <!> *** WARNING *** <!>  The 'energytype' option is DEPRECATED, use 'ene/type' instead!
 <!> *** WARNING *** <!>  The 'energytype' option is DEPRECATED, use 'ene/type' instead!
 <!> *** WARNING *** <!>  The 'energytype' option is DEPRECATED, use 'ene/type' instead!
 <!> *** WARNING *** <!>  The 'energytype' option is DEPRECATED, use 'ene/type' instead!
[Acquisition-0]   
[Acquisition-0] ============= Source initialization =============
[Acquisition-0]   
[Acquisition-0] ============= Acquisition starts! =============
[Acquisition-0] Simulation start time = 0 sec
[Acquisition-0] Simulation end time   = 1 sec
[Acquisition-0] Simulation will have  = 1 run(s)
[Acquisition-0] Slice 0 from 0 to 1 s [slice=1 s]

### ===  Deexcitation model UAtomDeexcitation is activated for 25 regions:
          DefaultRegionForTheWorld  1  1  1
          cylindricalPET  1  1  1
          module  1  1  1
          unit  1  1  1
          block  1  1  1
          optical  1  1  1
          crystal  1  1  1
          capillaire1  1  1  1
          capillaire1_water  1  1  1
          capillaire2  1  1  1
          capillaire2_water  1  1  1
          capillaire3  1  1  1
          capillaire3_water  1  1  1
          capillaire4  1  1  1
          capillaire4_water  1  1  1
          capillaire5  1  1  1
          capillaire5_water  1  1  1
          capillaire_m1  1  1  1
          capillaire_m1_water  1  1  1
          capillaire_m2  1  1  1
          capillaire_m2_water  1  1  1
          capillaire_m3  1  1  1
          capillaire_m3_water  1  1  1
          capillaire_m4  1  1  1
          capillaire_m4_water  1  1  1
### ===  Ignore cuts flag:   0

phot:  for gamma applyCuts:1  SubType=12 BuildTable=0
      LambdaPrime table from 200 keV to 100 TeV in 174 bins 
      ===== EM models for the G4Region  DefaultRegionForTheWorld ======
 LivermorePhElectric : Emin=    0 eV  Emax=  100 TeV  SauterGavrila Fluo

compt:  for gamma applyCuts:1  SubType=13 BuildTable=1
      Lambda table from 10 eV  to 1 MeV, 20 bins/decade, spline: 1
      LambdaPrime table from 1 MeV to 100 TeV in 160 bins 
      ===== EM models for the G4Region  DefaultRegionForTheWorld ======
        KleinNishina : Emin=    0 eV  Emax=  100 TeV Fluo

conv:  for gamma applyCuts:1  SubType=14 BuildTable=1
      Lambda table from 1.022 MeV to 100 TeV, 20 bins/decade, spline: 1
      ===== EM models for the G4Region  DefaultRegionForTheWorld ======
     BetheHeitlerLPM : Emin=    0 eV  Emax=  100 TeV  ModifiedTsai

Rayl:  for gamma applyCuts:1  SubType=11 BuildTable=1
      Lambda table from 10 eV  to 100 keV, 20 bins/decade, spline: 0
      LambdaPrime table from 100 keV to 100 TeV in 180 bins 
      ===== EM models for the G4Region  DefaultRegionForTheWorld ======
   LivermoreRayleigh : Emin=    0 eV  Emax=  100 TeV  CullenGenerator

msc:  for e-  SubType= 10
      ===== EM models for the G4Region  DefaultRegionForTheWorld ======
            UrbanMsc : Emin=    0 eV  Emax=  100 TeV Nbins=240 100 eV  - 100 TeV
              StepLim=DistanceToBoundary Rfact=0.04 Gfact=2.5 Sfact=0.6 DispFlag:1 Skin=1 Llimit=1

eIoni:  for e-  SubType=2
      dE/dx and range tables from 10 eV  to 100 TeV in 260 bins
      Lambda tables from threshold to 100 TeV, 20 bins/decade, spline: 1
      StepFunction=(0.2, 0.1 mm), integ: 1, fluct: 1, linLossLim= 0.01
      ===== EM models for the G4Region  DefaultRegionForTheWorld ======
        MollerBhabha : Emin=    0 eV  Emax=  100 TeV  deltaVI

eBrem:  for e-  SubType=3
      dE/dx and range tables from 10 eV  to 100 TeV in 260 bins
      Lambda tables from threshold to 100 TeV, 20 bins/decade, spline: 1
      LPM flag: 1 for E > 1 GeV,  VertexHighEnergyTh(GeV)= 100000
      ===== EM models for the G4Region  DefaultRegionForTheWorld ======
             eBremSB : Emin=    0 eV  Emax=    1 GeV  AngularGen2BS
            eBremLPM : Emin=    1 GeV Emax=  100 TeV  AngularGen2BS

ePairProd:  for e-  SubType=4
      dE/dx and range tables from 10 eV  to 100 TeV in 260 bins
      Lambda tables from threshold to 100 TeV, 20 bins/decade, spline: 1
      Sampling table 25x1001; from 0.1 GeV to 100 TeV 
      ===== EM models for the G4Region  DefaultRegionForTheWorld ======
           ePairProd : Emin=    0 eV  Emax=  100 TeV  ModifiedMephi

msc:  for e+  SubType= 10
      ===== EM models for the G4Region  DefaultRegionForTheWorld ======
            UrbanMsc : Emin=    0 eV  Emax=  100 TeV Nbins=240 100 eV  - 100 TeV
              StepLim=DistanceToBoundary Rfact=0.04 Gfact=2.5 Sfact=0.6 DispFlag:1 Skin=1 Llimit=1

eIoni:  for e+  SubType=2
      dE/dx and range tables from 10 eV  to 100 TeV in 260 bins
      Lambda tables from threshold to 100 TeV, 20 bins/decade, spline: 1
      StepFunction=(0.2, 0.1 mm), integ: 1, fluct: 1, linLossLim= 0.01
      ===== EM models for the G4Region  DefaultRegionForTheWorld ======
        MollerBhabha : Emin=    0 eV  Emax=  100 TeV  deltaVI

eBrem:  for e+  SubType=3
      dE/dx and range tables from 10 eV  to 100 TeV in 260 bins
      Lambda tables from threshold to 100 TeV, 20 bins/decade, spline: 1
      LPM flag: 1 for E > 1 GeV,  VertexHighEnergyTh(GeV)= 100000
      ===== EM models for the G4Region  DefaultRegionForTheWorld ======
             eBremSB : Emin=    0 eV  Emax=    1 GeV  AngularGen2BS
            eBremLPM : Emin=    1 GeV Emax=  100 TeV  AngularGen2BS

ePairProd:  for e+  SubType=4
      dE/dx and range tables from 10 eV  to 100 TeV in 260 bins
      Lambda tables from threshold to 100 TeV, 20 bins/decade, spline: 1
      Sampling table 25x1001; from 0.1 GeV to 100 TeV 
      ===== EM models for the G4Region  DefaultRegionForTheWorld ======
           ePairProd : Emin=    0 eV  Emax=  100 TeV  ModifiedMephi

annihil:  for e+, integral:1  applyCuts:1  SubType=5 BuildTable=0
      ===== EM models for the G4Region  DefaultRegionForTheWorld ======
            eplus2gg : Emin=    0 eV  Emax=  100 TeV

msc:  for proton  SubType= 10
      ===== EM models for the G4Region  DefaultRegionForTheWorld ======
            UrbanMsc : Emin=    0 eV  Emax=  100 TeV Nbins=240 100 eV  - 100 TeV
              StepLim=Minimal Rfact=0.2 Gfact=2.5 Sfact=0.6 DispFlag:1 Skin=1 Llimit=1

hIoni:  for proton  SubType=2
      dE/dx and range tables from 10 eV  to 100 TeV in 260 bins
      Lambda tables from threshold to 100 TeV, 20 bins/decade, spline: 1
      StepFunction=(0.2, 0.05 mm), integ: 1, fluct: 1, linLossLim= 0.01
      ===== EM models for the G4Region  DefaultRegionForTheWorld ======
               Bragg : Emin=    0 eV  Emax=    2 MeV  deltaVI
          BetheBloch : Emin=    2 MeV Emax=  100 TeV  deltaVI

hBrems:  for proton  SubType=3
      dE/dx and range tables from 10 eV  to 100 TeV in 260 bins
      Lambda tables from threshold to 100 TeV, 20 bins/decade, spline: 1
      ===== EM models for the G4Region  DefaultRegionForTheWorld ======
               hBrem : Emin=    0 eV  Emax=  100 TeV  ModifiedMephi
      ===== Limit on energy threshold has been applied 

hPairProd:  for proton  SubType=4
      dE/dx and range tables from 10 eV  to 100 TeV in 260 bins
      Lambda tables from threshold to 100 TeV, 20 bins/decade, spline: 1
      Sampling table 17x1001; from 7.50618 GeV to 100 TeV 
      ===== EM models for the G4Region  DefaultRegionForTheWorld ======
           hPairProd : Emin=    0 eV  Emax=  100 TeV  ModifiedMephi

nuclearStopping:  for proton applyCuts:1  SubType=8 BuildTable=0
      ===== EM models for the G4Region  DefaultRegionForTheWorld ======
   ICRU49NucStopping : Emin=    0 eV  Emax=    1 MeV

msc:  for GenericIon  SubType= 10
      ===== EM models for the G4Region  DefaultRegionForTheWorld ======
            UrbanMsc : Emin=    0 eV  Emax=  100 TeV
              StepLim=Minimal Rfact=0.2 Gfact=2.5 Sfact=0.6 DispFlag:1 Skin=1 Llimit=1

ionIoni:  for GenericIon  SubType=2
      dE/dx and range tables from 10 eV  to 100 TeV in 260 bins
      Lambda tables from threshold to 100 TeV, 20 bins/decade, spline: 1
      StepFunction=(0.1, 0.02 mm), integ: 1, fluct: 1, linLossLim= 0.02
      ===== EM models for the G4Region  DefaultRegionForTheWorld ======
         ParamICRU73 : Emin=    0 eV  Emax=  100 TeV  deltaVI

nuclearStopping:  for GenericIon applyCuts:1  SubType=8 BuildTable=0
      ===== EM models for the G4Region  DefaultRegionForTheWorld ======
   ICRU49NucStopping : Emin=    0 eV  Emax=    1 MeV

msc:  for alpha  SubType= 10
      ===== EM models for the G4Region  DefaultRegionForTheWorld ======
            UrbanMsc : Emin=    0 eV  Emax=  100 TeV Nbins=240 100 eV  - 100 TeV
              StepLim=Minimal Rfact=0.2 Gfact=2.5 Sfact=0.6 DispFlag:1 Skin=1 Llimit=1

ionIoni:  for alpha  SubType=2
      dE/dx and range tables from 10 eV  to 100 TeV in 260 bins
      Lambda tables from threshold to 100 TeV, 20 bins/decade, spline: 1
      StepFunction=(0.1, 0.02 mm), integ: 1, fluct: 1, linLossLim= 0.02
      ===== EM models for the G4Region  DefaultRegionForTheWorld ======
            BraggIon : Emin=    0 eV  Emax=7.9452 MeV  deltaVI
          BetheBloch : Emin=7.9452 MeV Emax=  100 TeV  deltaVI

nuclearStopping:  for alpha applyCuts:1  SubType=8 BuildTable=0
      ===== EM models for the G4Region  DefaultRegionForTheWorld ======
   ICRU49NucStopping : Emin=    0 eV  Emax=    1 MeV

msc:  for anti_proton  SubType= 10
      ===== EM models for the G4Region  DefaultRegionForTheWorld ======
            UrbanMsc : Emin=    0 eV  Emax=  100 TeV Nbins=240 100 eV  - 100 TeV
              StepLim=Minimal Rfact=0.2 Gfact=2.5 Sfact=0.6 DispFlag:1 Skin=1 Llimit=1

hIoni:  for anti_proton  SubType=2
      dE/dx and range tables from 10 eV  to 100 TeV in 260 bins
      Lambda tables from threshold to 100 TeV, 20 bins/decade, spline: 1
      StepFunction=(0.2, 0.05 mm), integ: 1, fluct: 1, linLossLim= 0.01
      ===== EM models for the G4Region  DefaultRegionForTheWorld ======
            ICRU73QO : Emin=    0 eV  Emax=    2 MeV  deltaVI
          BetheBloch : Emin=    2 MeV Emax=  100 TeV  deltaVI

hBrems:  for anti_proton  SubType=3
      dE/dx and range tables from 10 eV  to 100 TeV in 260 bins
      Lambda tables from threshold to 100 TeV, 20 bins/decade, spline: 1
      ===== EM models for the G4Region  DefaultRegionForTheWorld ======
               hBrem : Emin=    0 eV  Emax=  100 TeV  ModifiedMephi
      ===== Limit on energy threshold has been applied 

hPairProd:  for anti_proton  SubType=4
      dE/dx and range tables from 10 eV  to 100 TeV in 260 bins
      Lambda tables from threshold to 100 TeV, 20 bins/decade, spline: 1
      Sampling table 17x1001; from 7.50618 GeV to 100 TeV 
      ===== EM models for the G4Region  DefaultRegionForTheWorld ======
           hPairProd : Emin=    0 eV  Emax=  100 TeV  ModifiedMephi

msc:  for kaon+  SubType= 10
      ===== EM models for the G4Region  DefaultRegionForTheWorld ======
            UrbanMsc : Emin=    0 eV  Emax=  100 TeV Nbins=240 100 eV  - 100 TeV
              StepLim=Minimal Rfact=0.2 Gfact=2.5 Sfact=0.6 DispFlag:1 Skin=1 Llimit=1

hIoni:  for kaon+  SubType=2
      dE/dx and range tables from 10 eV  to 100 TeV in 260 bins
      Lambda tables from threshold to 100 TeV, 20 bins/decade, spline: 1
      StepFunction=(0.2, 0.05 mm), integ: 1, fluct: 1, linLossLim= 0.01
      ===== EM models for the G4Region  DefaultRegionForTheWorld ======
               Bragg : Emin=    0 eV  Emax=1.05231 MeV  deltaVI
          BetheBloch : Emin=1.05231 MeV Emax=  100 TeV  deltaVI

hBrems:  for kaon+  SubType=3
      dE/dx and range tables from 10 eV  to 100 TeV in 260 bins
      Lambda tables from threshold to 100 TeV, 20 bins/decade, spline: 1
      ===== EM models for the G4Region  DefaultRegionForTheWorld ======
               hBrem : Emin=    0 eV  Emax=  100 TeV  ModifiedMephi
      ===== Limit on energy threshold has been applied 

hPairProd:  for kaon+  SubType=4
      dE/dx and range tables from 10 eV  to 100 TeV in 260 bins
      Lambda tables from threshold to 100 TeV, 20 bins/decade, spline: 1
      Sampling table 18x1001; from 3.94942 GeV to 100 TeV 
      ===== EM models for the G4Region  DefaultRegionForTheWorld ======
           hPairProd : Emin=    0 eV  Emax=  100 TeV  ModifiedMephi

msc:  for kaon-  SubType= 10
      ===== EM models for the G4Region  DefaultRegionForTheWorld ======
            UrbanMsc : Emin=    0 eV  Emax=  100 TeV Nbins=240 100 eV  - 100 TeV
              StepLim=Minimal Rfact=0.2 Gfact=2.5 Sfact=0.6 DispFlag:1 Skin=1 Llimit=1

hIoni:  for kaon-  SubType=2
      dE/dx and range tables from 10 eV  to 100 TeV in 260 bins
      Lambda tables from threshold to 100 TeV, 20 bins/decade, spline: 1
      StepFunction=(0.2, 0.05 mm), integ: 1, fluct: 1, linLossLim= 0.01
      ===== EM models for the G4Region  DefaultRegionForTheWorld ======
            ICRU73QO : Emin=    0 eV  Emax=1.05231 MeV  deltaVI
          BetheBloch : Emin=1.05231 MeV Emax=  100 TeV  deltaVI

hBrems:  for kaon-  SubType=3
      dE/dx and range tables from 10 eV  to 100 TeV in 260 bins
      Lambda tables from threshold to 100 TeV, 20 bins/decade, spline: 1
      ===== EM models for the G4Region  DefaultRegionForTheWorld ======
               hBrem : Emin=    0 eV  Emax=  100 TeV  ModifiedMephi
      ===== Limit on energy threshold has been applied 

hPairProd:  for kaon-  SubType=4
      dE/dx and range tables from 10 eV  to 100 TeV in 260 bins
      Lambda tables from threshold to 100 TeV, 20 bins/decade, spline: 1
      Sampling table 18x1001; from 3.94942 GeV to 100 TeV 
      ===== EM models for the G4Region  DefaultRegionForTheWorld ======
           hPairProd : Emin=    0 eV  Emax=  100 TeV  ModifiedMephi

msc:  for mu+  SubType= 10
      ===== EM models for the G4Region  DefaultRegionForTheWorld ======
            UrbanMsc : Emin=    0 eV  Emax=  100 TeV Nbins=240 100 eV  - 100 TeV
              StepLim=Minimal Rfact=0.2 Gfact=2.5 Sfact=0.6 DispFlag:1 Skin=1 Llimit=1

muIoni:  for mu+  SubType=2
      dE/dx and range tables from 10 eV  to 100 TeV in 260 bins
      Lambda tables from threshold to 100 TeV, 20 bins/decade, spline: 1
      StepFunction=(0.2, 0.05 mm), integ: 1, fluct: 1, linLossLim= 0.01
      ===== EM models for the G4Region  DefaultRegionForTheWorld ======
               Bragg : Emin=    0 eV  Emax=  200 keV  deltaVI
          BetheBloch : Emin=  200 keV Emax=    1 GeV  deltaVI
        MuBetheBloch : Emin=    1 GeV Emax=  100 TeV

muBrems:  for mu+  SubType=3
      dE/dx and range tables from 10 eV  to 100 TeV in 260 bins
      Lambda tables from threshold to 100 TeV, 20 bins/decade, spline: 1
      ===== EM models for the G4Region  DefaultRegionForTheWorld ======
              MuBrem : Emin=    0 eV  Emax=  100 TeV  ModifiedMephi
      ===== Limit on energy threshold has been applied 

muPairProd:  for mu+  SubType=4
      dE/dx and range tables from 10 eV  to 100 TeV in 260 bins
      Lambda tables from threshold to 100 TeV, 20 bins/decade, spline: 1
      Sampling table 21x1001; from 1 GeV to 100 TeV 
      ===== EM models for the G4Region  DefaultRegionForTheWorld ======
          muPairProd : Emin=    0 eV  Emax=  100 TeV  ModifiedMephi

msc:  for mu-  SubType= 10
      ===== EM models for the G4Region  DefaultRegionForTheWorld ======
            UrbanMsc : Emin=    0 eV  Emax=  100 TeV Nbins=240 100 eV  - 100 TeV
              StepLim=Minimal Rfact=0.2 Gfact=2.5 Sfact=0.6 DispFlag:1 Skin=1 Llimit=1

muIoni:  for mu-  SubType=2
      dE/dx and range tables from 10 eV  to 100 TeV in 260 bins
      Lambda tables from threshold to 100 TeV, 20 bins/decade, spline: 1
      StepFunction=(0.2, 0.05 mm), integ: 1, fluct: 1, linLossLim= 0.01
      ===== EM models for the G4Region  DefaultRegionForTheWorld ======
            ICRU73QO : Emin=    0 eV  Emax=  200 keV  deltaVI
          BetheBloch : Emin=  200 keV Emax=    1 GeV  deltaVI
        MuBetheBloch : Emin=    1 GeV Emax=  100 TeV

muBrems:  for mu-  SubType=3
      dE/dx and range tables from 10 eV  to 100 TeV in 260 bins
      Lambda tables from threshold to 100 TeV, 20 bins/decade, spline: 1
      ===== EM models for the G4Region  DefaultRegionForTheWorld ======
              MuBrem : Emin=    0 eV  Emax=  100 TeV  ModifiedMephi
      ===== Limit on energy threshold has been applied 

muPairProd:  for mu-  SubType=4
      dE/dx and range tables from 10 eV  to 100 TeV in 260 bins
      Lambda tables from threshold to 100 TeV, 20 bins/decade, spline: 1
      Sampling table 21x1001; from 1 GeV to 100 TeV 
      ===== EM models for the G4Region  DefaultRegionForTheWorld ======
          muPairProd : Emin=    0 eV  Emax=  100 TeV  ModifiedMephi

msc:  for pi+  SubType= 10
      ===== EM models for the G4Region  DefaultRegionForTheWorld ======
            UrbanMsc : Emin=    0 eV  Emax=  100 TeV Nbins=240 100 eV  - 100 TeV
              StepLim=Minimal Rfact=0.2 Gfact=2.5 Sfact=0.6 DispFlag:1 Skin=1 Llimit=1

hIoni:  for pi+  SubType=2
      dE/dx and range tables from 10 eV  to 100 TeV in 260 bins
      Lambda tables from threshold to 100 TeV, 20 bins/decade, spline: 1
      StepFunction=(0.2, 0.05 mm), integ: 1, fluct: 1, linLossLim= 0.01
      ===== EM models for the G4Region  DefaultRegionForTheWorld ======
               Bragg : Emin=    0 eV  Emax=297.505 keV  deltaVI
          BetheBloch : Emin=297.505 keV Emax=  100 TeV  deltaVI

hBrems:  for pi+  SubType=3
      dE/dx and range tables from 10 eV  to 100 TeV in 260 bins
      Lambda tables from threshold to 100 TeV, 20 bins/decade, spline: 1
      ===== EM models for the G4Region  DefaultRegionForTheWorld ======
               hBrem : Emin=    0 eV  Emax=  100 TeV  ModifiedMephi
      ===== Limit on energy threshold has been applied 

hPairProd:  for pi+  SubType=4
      dE/dx and range tables from 10 eV  to 100 TeV in 260 bins
      Lambda tables from threshold to 100 TeV, 20 bins/decade, spline: 1
      Sampling table 20x1001; from 1.11656 GeV to 100 TeV 
      ===== EM models for the G4Region  DefaultRegionForTheWorld ======
           hPairProd : Emin=    0 eV  Emax=  100 TeV  ModifiedMephi

msc:  for pi-  SubType= 10
      ===== EM models for the G4Region  DefaultRegionForTheWorld ======
            UrbanMsc : Emin=    0 eV  Emax=  100 TeV Nbins=240 100 eV  - 100 TeV
              StepLim=Minimal Rfact=0.2 Gfact=2.5 Sfact=0.6 DispFlag:1 Skin=1 Llimit=1

hIoni:  for pi-  SubType=2
      dE/dx and range tables from 10 eV  to 100 TeV in 260 bins
      Lambda tables from threshold to 100 TeV, 20 bins/decade, spline: 1
      StepFunction=(0.2, 0.05 mm), integ: 1, fluct: 1, linLossLim= 0.01
      ===== EM models for the G4Region  DefaultRegionForTheWorld ======
            ICRU73QO : Emin=    0 eV  Emax=297.505 keV  deltaVI
          BetheBloch : Emin=297.505 keV Emax=  100 TeV  deltaVI

hBrems:  for pi-  SubType=3
      dE/dx and range tables from 10 eV  to 100 TeV in 260 bins
      Lambda tables from threshold to 100 TeV, 20 bins/decade, spline: 1
      ===== EM models for the G4Region  DefaultRegionForTheWorld ======
               hBrem : Emin=    0 eV  Emax=  100 TeV  ModifiedMephi
      ===== Limit on energy threshold has been applied 

hPairProd:  for pi-  SubType=4
      dE/dx and range tables from 10 eV  to 100 TeV in 260 bins
      Lambda tables from threshold to 100 TeV, 20 bins/decade, spline: 1
      Sampling table 20x1001; from 1.11656 GeV to 100 TeV 
      ===== EM models for the G4Region  DefaultRegionForTheWorld ======
           hPairProd : Emin=    0 eV  Emax=  100 TeV  ModifiedMephi
G4VisManager: Using G4TrajectoryDrawByCharge as fallback trajectory model.
See commands in /vis/modeling/trajectories/ for other options.

### ===  Deexcitation model UAtomDeexcitation is activated for 25 regions:
          DefaultRegionForTheWorld  1  1  1
          cylindricalPET  1  1  1
          module  1  1  1
          unit  1  1  1
          block  1  1  1
          optical  1  1  1
          crystal  1  1  1
          capillaire1  1  1  1
          capillaire1_water  1  1  1
          capillaire2  1  1  1
          capillaire2_water  1  1  1
          capillaire3  1  1  1
          capillaire3_water  1  1  1
          capillaire4  1  1  1
          capillaire4_water  1  1  1
          capillaire5  1  1  1
          capillaire5_water  1  1  1
          capillaire_m1  1  1  1
          capillaire_m1_water  1  1  1
          capillaire_m2  1  1  1
          capillaire_m2_water  1  1  1
          capillaire_m3  1  1  1
          capillaire_m3_water  1  1  1
          capillaire_m4  1  1  1
          capillaire_m4_water  1  1  1
### ===  Ignore cuts flag:   0
(-273.388,177.119,45.5627)
(-283.756,198.525,23.2191)
(297.031,-135.644,-33.1726)
(283.646,-62.3365,29.0869)
 <!> *** WARNING *** <!>  Event is earlier than earliest event in coincidence presort buffer. Consider using a larger buffer.
(-272.588,165.697,5.10236)
(-264.105,161.76,-10.8379)
(-241.538,206.168,101.434)
(-252.185,248.693,-1.07348)
(-242.244,207.893,105.581)
(-226.857,166.324,89.4896)
(-11.9642,316.809,-43.5309)
(36.0022,294.105,-30.7806)
(-12.2251,316.149,-43.6779)
(-77.1591,295.596,-101.399)
(206.596,-250.605,35.2604)
(273.564,-216.073,45.3649)
(205.456,-245.773,29.8024)
(125.142,-191.538,96.6562)
(-19.5277,320.202,-116.237)
(4.10944,363.312,-120.552)
(-229.737,-238.438,86.4458)
(-208.541,-309.629,51.5465)
(277.892,-153.873,-94.4289)
(315.136,-20.2407,-45.856)
(278.313,-151.758,-97.0518)
(309.282,-115.405,-64.7574)
(-75.2628,-321.615,78.4413)
(15.3896,-344.272,65.2241)
(-140.998,289.344,-67.0626)
(-98.0028,238.076,-45.0193)
(-290.411,-142.809,50.4187)
(-446.876,-52.8531,91.2318)
(159.679,286.666,-100.534)
(172.051,259.454,-22.5379)
(-117.397,-296.527,-17.5741)
(-290.329,-342.035,-92.0609)
(-117.819,-295.971,-20.4174)
(-158.25,-311.253,-0.829131)
(-164.136,282.447,9.72306)
(-180.584,168.584,-8.09392)
(-251.702,-190.814,-89.1387)
(-171.626,-213.208,-76.4855)
(-265.525,-184.995,43.0693)
(-235.196,-238.471,90.6014)
(-275.902,-181.751,35.3357)
(-244.007,-101.772,2.76037)
(320.231,82.4913,-16.3409)
(344.618,-9.11558,29.4321)
(303.889,100.184,61.3018)
(311.307,55.5551,33.5657)
(-290.197,-134.065,-80.4611)
(-286.822,-160.424,-170.263)
(-287.118,-134.605,-82.8622)
(-261.838,-118.551,-69.5969)
(-321.08,-40.6531,-83.9448)
(-404.904,-5.34803,-118.127)
(313.678,-16.4709,67.0819)
(342.896,-91.8592,159.791)
(-125.915,289.727,13.149)
(-177.406,204.133,3.77023)
(-64.9842,-311.408,42.8572)
(-70.9196,-331.343,119.229)
(-199.47,246.293,-30.2206)
(-300.641,174.622,-114.579)
(-199.985,247.666,-32.1486)
(-257.694,330.57,-51.3453)
(177.889,-263.514,115.918)
(150.192,-275.64,78.988)
(232.265,216.546,-10.8375)
(223.84,114.54,11.24)
(234.053,216.075,-10.2495)
(240.981,123.208,-90.8985)
(-184.66,269.348,-43.7102)
(-313.35,204.422,-84.7503)
(-89.8262,-303.46,51.9781)
(-137.934,-312.959,59.0678)
(-81.8106,-308.342,47.5566)
(-34.1246,-409.294,59.7691)
(-47.122,-311.546,-9.22451)
(9.29738,-366.349,58.0646)
(-313.328,-8.36161,-86.6765)
(-251.515,-95.1699,-36.1412)
(5.87062,-317.17,52.8085)
(91.2851,-304.439,63.9439)
(6.80869,-318.158,53.4999)
(121.505,-399.947,118.721)
(14.1417,-329.402,73.0286)
(5.3652,-307.865,36.926)
(127.32,-287.46,10.493)
(164.893,-319.374,39.9399)
(-277.246,146.71,-4.49055)
(-246.2,174.475,-68.2164)
(-282.664,150.8,-7.68711)
(-263.623,66.9654,-96.7006)
(-292.186,149.648,-22.7821)
(-259.271,81.5798,16.0913)
(-313.286,46.6506,-103.04)
(-252.171,2.68659,-111.109)
(-307.057,-76.0217,-112.029)
(-244.014,-55.9841,-31.0548)
(-284.123,142.817,115.21)
(-269.319,129.948,144.033)
(21.895,327.411,33.993)
(65.9753,269.68,27.0521)
(221.609,-227.001,-23.4544)
(188.832,-223.304,-27.6504)
(113.211,293.177,21.2934)
(147.574,264.981,-1.34884)
(-309.312,-91.8577,-22.3794)
(-245.17,-192.443,14.0368)
(-305.333,-89.7263,-23.0484)
(-302.498,-134.495,5.01183)
(288.728,146.462,32.3489)
(242.714,151.607,-10.2822)
(59.736,312.148,23.0232)
(187.469,237.955,-24.096)
(70.3498,319.394,31.4498)
(93.9811,244.369,88.9459)
(-320.096,-46.7234,-108.283)
(-284.727,-76.5181,-85.3727)
(-319.261,-41.8459,-106.619)
(-357.904,-133.172,-86.9089)
(240.642,224.015,78.1268)
(222.704,221.93,29.4721)
(-285.427,-143.273,-52.1672)
(-305.086,-249.057,-2.65813)
(-310.046,-84.1166,120.969)
(-322.7,-7.17033,180.544)
(-318.222,79.6179,4.33596)
(-352.013,107.166,-24.3146)
(-288.653,136.19,50.9857)
(-202.286,-31.5989,-45.3741)
(-288.404,143.991,49.948)
(-311.244,134.627,16.4631)
(204.808,-238.948,-87.6021)
(192.664,-209.722,-163.317)
(-325.949,-17.873,-42.2062)
(-336.245,-3.717,13.8011)
(-291.285,-114.636,-18.9578)
(-312.846,-115.671,-75.8617)
(190.937,251.541,49.0196)
(146.82,278.04,95.7768)
(-310.619,92.3057,-87.6776)
(-315.106,191.947,-116.194)
(-325.541,82.8835,-112.059)
(-238.579,139.189,18.4099)
(-326.45,81.571,-113.247)
(-262.4,155.347,-170.137)
(311.544,-43.6842,41.4468)
(218.875,-17.6396,98.6947)
(312.319,-42.2157,41.1424)
(247.204,-87.8024,3.17523)
(289.334,-164.868,-116.753)
(345.082,-149.633,-59.2132)
(291.102,-163.063,-120.476)
(217.169,-85.9976,-138.059)
(-9.81542,312.476,49.2021)
(-26.5645,472.69,32.339)
(-89.6558,-308.964,-49.3344)
(-113.391,-197.353,-59.636)
(82.6851,-310.608,-44.8127)
(46.7817,-332.97,-57.4996)
(-167.746,278.353,40.9549)
(-148.791,391.468,86.4478)
(-120.312,-288.558,37.9589)
(-143.328,-232.842,-21.4004)
(-119.586,-288.571,35.4768)
(-172.295,-358.129,19.797)
(-158.7,271.444,-33.283)
(-36.5811,256.774,10.3383)
(134.365,-285.581,-10.1569)
(145.081,-298.034,-15.7978)
(133.267,-296.47,-9.85457)
(136.579,-224.679,32.6301)
(83.2159,315.815,8.16604)
(10.5988,236.069,-53.9005)
(288.528,131.519,-64.1936)
(297.623,140.441,-54.3378)
(313.921,-71.9463,40.773)
(324.52,-20.9272,-5.62727)
(316.376,-71.3569,44.7725)
(503.659,-136.988,-35.1878)
(-158.15,-272.648,-96.1368)
(-182.176,-240.055,-37.4564)
(-161.825,-273.847,-97.6611)
(-272.928,-286.951,-102.517)
(270.592,163.818,58.4867)
(334.075,288.503,33.44)
(265.853,172.863,59.5517)
(147.729,78.8137,144.241)
(-88.2825,-301.966,-27.2424)
(-246.864,-234.496,-6.15256)
(253.953,219.872,21.2565)
(389.869,308.024,50.1038)
(-103.645,314.693,62.6325)
(-206.227,365.051,153.125)
(-171.224,-263.687,-51.7535)
(-168.52,-281.335,45.6225)
(317.047,-18.5537,-100.845)
(328.509,-90.2444,-55.6297)
(-30.9936,334.499,-17.3152)
(-13.8984,378.168,8.97189)
(-45.3634,334.342,-31.0288)
(-15.5876,345.307,-13.7363)
(-218.105,-237.638,10.7023)
(-212.562,-197.149,-39.7251)
(150.008,-282.091,-51.2861)
(101.815,-217.298,4.62043)
(151.386,-285.096,-55.0228)
(146.242,-310.911,-217.617)
(-246.446,204.859,40.3727)
(-212.336,109.244,73.7542)
(-251.704,208.595,44.4192)
(-279.041,193.025,130.02)
(273.981,-151.703,80.9447)
(246.426,-166.89,9.51474)
(-180.477,262.945,77.7633)
(-104.128,260.242,91.0796)
(-171.758,282.679,82.2684)
(-180.53,232.726,57.2728)
(-25.353,-318.068,-97.2382)
(-13.8571,-249.406,-107.498)
(-315.354,-17.1261,-42.9423)
(-164.141,-29.3691,-57.2405)
(-325.518,-20.5268,-47.2921)
(-358.887,46.8042,56.8867)
(-306.381,59.6693,117.037)
(-259.29,85.1301,155.875)
(-91.9917,306.947,-14.6153)
(-66.4205,342.04,-67.6022)
(-91.5021,306.701,-13.0935)
(-25.796,301.254,-36.8944)
(-127.135,-288.839,15.2187)
(-203.6,-246.195,12.9103)
(-41.161,323.075,23.725)
(-66.2351,349.801,-100.365)
(249.855,-196.474,-12.4062)
(251.927,-257.698,-21.581)
(-117.427,311.917,105.445)
(-26.5716,362.872,114.017)
(-159.867,-269.107,-90.8559)
(-227.543,-324.328,-25.2857)
(307.62,71.5689,-37.0972)
(363.991,48.5844,5.24961)
(-311.363,77.9895,-42.3606)
(-338.051,196.223,18.2126)
(-319.354,80.8908,-44.4211)
(-323.623,127.975,-121.366)
(-320.434,85.617,-40.0417)
(-258.892,209.635,-22.1016)
(247.583,-223.647,-60.9697)
(222.107,-202.983,-87.108)
(-136.767,-284.957,-104.447)
(-157.038,-345.402,-68.5403)
(26.0327,-323.753,-100.105)
(20.2314,-288.548,-8.06044)
(26.3722,-324.632,-96.9868)
(-50.9017,-352.547,-59.0742)
(29.3139,-328.87,-88.3628)
(-40.4882,-366.593,-247.157)
(-121.271,-296.6,49.0719)
(-93.2771,-421.113,23.8401)
(-185.928,264.145,-29.93)
(-184.637,260.972,-30.404)
(250.011,-224.435,22.8738)
(248.345,-263.491,-30.7058)
(-250.06,-212.73,-94.2963)
(-242.689,-187.242,-112.543)
(306.954,116.72,52.4957)
(311.388,21.3394,139.557)
(309.191,119.413,58.3039)
(244.736,103.721,56.7018)
(-232.012,-211.748,37.5331)
(-242.635,-134.018,98.5741)
(77.4716,326.626,-58.366)
(25.1159,310.368,-19.3069)
(-287.044,-128.395,60.3154)
(-307.327,-213.302,87.3507)
(-295.784,-141.31,59.6571)
(-416.132,-121.688,185.525)
(-292.98,-148.589,51.2979)
(-335.793,-70.442,87.3128)
(212.264,232.945,-112.851)
(122.085,203.854,-43.192)
(-231.803,216.627,12.4052)
(-203.23,228.479,43.3974)
(128.162,-294.881,-19.2146)
(122.597,-307.682,-27.5508)
(310.334,-43.0831,104.729)
(218.343,-58.1354,81.7383)
(-113.355,295.484,-116.699)
(-15.2967,213.01,-12.6099)
(-307.286,-120.45,37.4012)
(-286.341,-91.9017,27.7797)
(121.57,294.694,8.55626)
(275.992,297.998,-120.864)
(120.315,296.517,7.49746)
(165.025,160.181,94.1507)
(119.978,308.357,6.15861)
(148.375,256.262,30.8053)
(121.247,307.643,7.39097)
(37.8442,269.982,-112.546)
(157.605,-284.821,-7.76423)
(180.893,-215.2,-35.1646)
(189.041,262.3,-53.1729)
(165.918,286.677,-36.1105)
(187.968,274.192,-50.4274)
(152.656,201.349,-64.5856)
(-125.125,-294.49,-46.5523)
(-114.195,-385.935,-162.532)
(-127.519,-290.668,-45.0708)
(-81.2133,-286.837,-110.186)
(17.4915,-320.855,-60.7294)
(-19.8818,-324.807,30.4456)
(185.349,260.247,51.4712)
(226.389,354.46,-79.0182)
(181.764,274.688,55.2243)
(196.333,306.697,74.3975)
(180.274,272.773,51.435)
(178.67,252.06,-16.2313)
(128.338,-290.94,-5.74603)
(73.233,-310.943,-33.6692)
(-242.694,226.688,5.70007)
(-335.398,304.013,-41.1592)
(187.157,-255.984,-68.6173)
(231.145,-371.659,-81.76)
(-50.7362,312.022,81.6996)
(-77.9028,273.881,54.5626)
(-49.6628,311.679,82.2348)
(-91.6839,319.309,101.748)
(-172.996,266.111,-81.1425)
(-151.671,370.111,-128.82)
(88.9075,-300.77,94.0864)
(150.835,-309.969,147.234)
(89.5306,-300.642,94.7474)
(103.304,-378.302,-26.6122)
(134.619,-282.477,31.3434)
(59.6005,-381.866,-89.1553)
(265.737,-177.588,5.06997)
(302.924,-160.467,-14.4191)
(308.208,-51.0963,66.7203)
(298.954,-179.839,-23.8124)
(-169.027,-282.407,96.7268)
(-94.8787,-259.457,177.851)
(282.932,145.134,-93.5869)
(190.28,190.686,-116.865)
(283.219,140.41,-84.5556)
(370.017,209.235,-91.8398)
(-183.857,-271.665,64.1497)
(-213.978,-234.328,65.1334)
(-204.533,239.622,49.0707)
(-249.47,234.063,59.698)
(-51.1135,309.071,30.3852)
(-161.624,225.828,-107.561)
(-51.5601,321.443,29.6892)
(-11.9155,334.105,58.2442)
(260.984,209.365,82.5399)
(189.054,152.254,126.691)
(-314.966,-115.891,-43.8143)
(-333.527,-147.298,-35.8821)
(-63.0001,310.887,-99.9971)
(77.6369,294.383,-130.842)
(259.193,-182.685,58.2336)
(264.211,-179.167,-43.646)
(259.934,-183.6,59.1905)
(308.77,-186.089,29.4223)
(165.543,-274.044,9.58506)
(93.0934,-278.53,-69.6861)
(-285.495,130.666,-7.19359)
(-354.817,139.884,-185.341)
(-224.182,219.324,-124.94)
(-161.509,246.388,-100.808)
(292.616,-152.713,84.464)
(224.805,-167.34,180.638)
(-31.1222,317.108,-102.3)
(-66.2319,284.508,-6.9198)
(-125.349,-290.596,95.8694)
(-149.379,-329.459,38.74)
(-299.617,120.884,97.1938)
(-272.037,121.14,49.3123)
(-306.261,126.42,109.113)
(-269.616,85.108,44.7355)
(300.224,-86.706,-70.7075)
(373.563,-104.735,-82.1912)
(214.509,236.879,65.3146)
(358.743,221.528,163.974)
(-147.318,-284.727,-79.4669)
(-150.227,-402.227,3.51033)
(303.337,-129.237,-101.082)
(297.342,-6.9746,-69.1312)
(164.139,287.737,70.4513)
(201.874,344.709,146.521)
(-150.532,-300.816,-71.2429)
(-195.808,-287.156,-87.0402)
(-148.344,-300.642,-70.6591)
(-141.99,-295.712,-120.893)
(242.626,-205.08,81.8187)
(219.541,-194.742,146.11)
(244.945,-212.707,82.1628)
(240.966,-151.093,73.1089)
(246.24,-219.002,78.8614)
(320.86,-299.245,65.5853)
(312.691,-23.8813,-45.6677)
(274.96,-133.214,1.17898)
(-308.274,62.0132,115.575)
(-318.959,128.532,161.256)
(262.898,195.458,78.9947)
(275.194,161.75,4.79645)
(-327.46,26.3496,-31.4471)
(-251.148,-13.1133,-46.4766)
(263.441,-190.14,-54.5125)
(224.484,-94.8857,-75.3693)
(266.434,-189.147,-51.9599)
(97.2993,-110.037,-56.0415)
(-224.046,243.691,71.9002)
(-324.98,346.612,99.5903)
(-14.7126,-313.244,-41.5523)
(107.088,-228.949,-14.0028)
(-186.605,250.738,30.8943)
(-161.391,199.512,63.184)
(-189.227,251.974,35.6022)
(-149.368,344.457,27.433)
(-80.0873,-306.517,82.9125)
(-106.474,-261.926,136.073)
(101.525,312.63,-80.9303)
(109.031,292.155,-27.463)
(-154.801,279.745,-1.16861)
(-207.541,191.758,18.6835)
(-59.9342,-314.893,-0.454322)
(-129.963,-337.663,123.732)
(-315.451,5.99723,89.9308)
(-262.445,82.9493,124.415)
(314.333,52.2419,-57.0056)
(311.722,24.0784,-131.794)
(-230.807,-240.456,27.1866)
(-300.835,-270.222,17.9179)
(-233.136,-244.465,22.1041)
(-303.142,-174.018,143.911)
(47.8001,314.194,-36.8801)
(-4.00337,356.68,-38.1939)
(-174.917,-265.922,114.064)
(-157.136,-226.106,162.44)
(256.313,-185.352,-33.38)
(273.405,-4.10784,-5.18899)
(-218.167,240.238,42.6066)
(-238.399,236.523,93.0179)
(216.335,234.347,-21.2491)
(223.456,295.645,-44.9482)
(215.33,229.527,-23.2781)
(199.287,80.9105,-22.5279)
(-316.19,-18.2327,-74.5435)
(-337.715,-26.0188,-22.7106)
(-22.694,313.389,-41.9609)
(-27.9091,310.138,-2.63204)
(117.805,-292.918,40.9045)
(113.347,-358.429,-17.4627)
(125.372,-311.882,112.041)
(-9.24247,-279.714,93.0727)
(-200.863,269.674,-93.4603)
(-135.258,309.961,-142.73)
(-198.067,270.385,-93.0734)
(-142.694,311.399,-52.8256)
(316.037,-9.07703,-5.79524)
(341.161,-86.9501,21.3987)
(334.884,1.51543,28.035)
(424.823,54.6514,-71.7107)
(-323.535,-6.34949,-65.28)
(-285.123,-36.2129,-20.2057)
(-311.28,-40.7577,-54.332)
(-353.361,-161.039,-72.0592)
(-314.176,-51.8749,-56.1288)
(-319.156,-7.55517,-115.485)
(316.177,2.12688,-53.0067)
(346.402,-91.2324,-55.9562)
(324.387,-1.94328,-53.4216)
(248.067,15.2433,-43.1279)
(-149.65,-285.114,118.337)
(-155.893,-228.821,48.0103)
(-316.957,-31.2236,-66.5462)
(-436.507,-52.598,-67.9561)
(-331.448,-44.3149,-88.7861)
(-288.481,-12.3973,-170.35)
(-336.466,-32.1076,-88.2246)
(-531.133,103.052,-33.3643)
(330.218,13.1612,28.5383)
(266.813,-7.65024,31.0904)
(49.4271,-324.786,-57.6706)
(114.996,-330.714,-82.8783)
(-28.5162,313.949,57.7777)
(-68.946,339.42,51.1466)
(116.884,298.759,-85.0569)
(70.3054,315.114,-153.365)
(109.247,300.509,-86.3028)
(135.264,139.876,-96.1342)
(-181.754,-264.638,115.615)
(-120.699,-346.723,-27.666)
(-178.144,-273.645,122.794)
(-166.069,-205.258,94.5582)
(68.671,311.595,-63.6797)
(75.4771,243.299,-75.547)
(69.4097,311.006,-64.1675)
(159.164,304.736,-54.4635)
(-236.176,-219.973,43.8838)
(-183.177,-240.412,107.753)
(-313.001,-27.9825,5.08085)
(-391.769,60.5029,-134.028)
(-327.977,-22.1986,12.0734)
(-280.718,-123.232,4.67623)
(-328.416,-24.8871,15.6168)
(-342.409,-68.3827,-98.4426)
(-332.93,-25.9463,11.9184)
(-426.456,4.56202,9.65059)
(316.727,74.3271,-14.9562)
(260.951,143.848,-89.7597)
(304.973,124.153,99.3231)
(324.685,51.0881,-3.73207)
(311.287,126.593,96.8784)
(266.454,102.14,163.875)
(308.978,127.079,96.9236)
(296.009,95.2558,55.5207)
(-301.995,-87.7058,-68.5089)
(-219.715,-114.535,-38.608)
(-64.6142,317.931,-12.7789)
(-70.5993,269.792,-29.3477)
(-317.856,-28.5467,-39.4729)
(-355.483,-76.8219,-55.8298)
(311.153,72.7539,95.9741)
(303.573,59.9423,114.14)
(201.467,241.13,46.79)
(244.274,260.05,-16.5867)
(207.044,248.33,64.9759)
(254.961,182.183,54.2305)
(-130.08,-287.959,-54.7073)
(-139.268,-234.293,-52.5131)
(-126.827,-294.109,-54.9397)
(-81.7816,-344.245,1.83825)
(-126.32,-294.877,-52.6528)
(-155.131,-394.819,-16.5639)
(-315.919,-27.5932,102.6)
(-279.039,-12.5746,93.44)
(303.422,75.8719,114.152)
(298.958,105.484,235.205)
(303.443,78.478,115.737)
(229.53,121.98,137.825)
(-241.607,-202.108,-28.4712)
(-240.949,-221.879,-139.696)
(-243.813,-202.54,-23.1666)
(-216.988,-154.064,-0.488158)
(88.8912,308.892,41.3071)
(57.4377,308.143,111.557)
(86.8476,310.119,27.7026)
(91.7583,324.337,47.059)
(-174.248,-263.818,-94.196)
(-169.041,-256.168,-47.8035)
(-172.862,-264.502,-93.1369)
(-220.606,-322.388,-85.5187)
(314.738,25.8491,-5.61454)
(337.996,8.30219,13.2126)
(-308.885,-52.1874,7.77556)
(-446.716,0.94678,-25.9274)
(-282.587,-131.853,-35.5121)
(-218.079,-116.844,-105.565)
(-285.603,-134.29,-44.2691)
(-237.501,-110.746,-90.9913)
(89.1214,-302.405,93.084)
(140.965,-264.605,106.354)
(129.717,290.191,-86.1165)
(155.11,230.196,-95.2846)
(-327.932,59.3843,-83.7978)
(-348.651,-46.2365,-120.51)
(-328.418,57.7522,-82.4205)
(-312.275,81.4911,-137.109)
(-328.678,55.9216,-83.3053)
(-452.95,21.4691,-79.1892)
(269.077,-163.783,-101.617)
(262.639,-109.534,-141.983)
(266.88,172.518,81.3697)
(264.249,135.283,90.4137)
(-312.406,-92.8889,-43.1544)
(-309.364,-71.5259,-28.4619)
(-316.384,-91.74,-43.2397)
(-323.192,-51.0912,-102.916)
(283.536,-147.008,-64.4704)
(215.31,-229.688,-44.4261)
(312.075,61.2523,-32.2828)
(281.287,76.3865,16.2666)
(-276.492,-147.857,72.0711)
(-291.022,-207.542,173.717)
(-27.784,-328.455,-89.9359)
(-52.7665,-418.89,-13.4765)
(122.649,306.743,85.9839)
(66.1114,415.036,2.229)
(294.971,119.297,85.264)
(276.025,136.185,80.9081)
(294.795,119.937,88.9441)
(367.457,131.711,81.3561)
(-314.371,-52.9299,-77.5353)
(-262.992,24.4858,-161.72)
(321.915,50.4614,68.2005)
(164.798,135.933,66.6032)
(309.817,48.9775,112.021)
(280.172,200.007,64.9262)
(-312.197,-23.5229,-56.6407)
(-242.442,-46.4203,-148.896)
(317.17,92.1997,111.771)
(356.22,0.615297,30.492)
(309.248,93.3787,114.418)
(288.053,-3.82766,92.1067)
(304.805,-78.6924,-54.2031)
(288.776,-80.4157,-126.742)
(311.926,-77.7371,-51.7186)
(275.308,-112.252,-116.059)
(-321.009,63.799,41.747)
(-325.095,51.1567,20.3589)
(-86.7497,304.152,-36.8113)
(-38.5891,259.293,-98.2577)
(-197.372,-242.682,-124.926)
(-235.551,-255.769,-131.553)
(236.865,212.404,-47.2609)
(258.015,248.919,-130.055)
(232.883,212.245,-46.5041)
(309.566,138.838,-71.0289)
(309.418,-78.7283,-110.425)
(231.701,-73.569,-35.2703)
(29.9611,315.147,-107.424)
(-25.3883,309.695,42.7725)
(42.2866,316.58,-82.0813)
(154.573,308.12,-116.226)
(139.047,281.729,-82.5128)
(162.102,277.289,-7.1809)
(314.575,30.4307,43.4999)
(288.642,7.56141,-34.8586)
(-313.069,-41.0229,-57.7001)
(-334.511,-104.456,-21.757)
(290.706,-143.77,-88.9262)
(331.444,-189.574,-76.1417)
(289.625,-162.128,-84.7017)
(344.244,-163.316,-72.3055)
(285.169,-166.587,-85.2683)
(297.59,-184.406,6.53467)
(-266.005,-177.044,-18.5719)
(-168.031,-305.3,-116.569)
(-275.896,-151.967,56.6258)
(-178.767,-194.89,57.0599)
(179.723,265.183,-94.7687)
(121.892,196.533,-7.5217)
(-283.195,135.564,74.0102)
(-321.529,287.651,3.34272)
(157.121,280.231,-42.3466)
(168.963,232.95,19.2527)
(-219.58,-230.874,37.1566)
(-235.143,-356.013,66.5717)
(51.5921,314.818,20.9431)
(97.2699,246.547,24.487)
(162.935,-286.805,-19.5622)
(104.394,-355.956,135.561)
(162.77,-285.892,-16.4628)
(218.235,-265.742,33.7117)
(306.661,64.7785,48.3625)
(343.906,71.9167,106.751)
(0.612969,320.866,34.6695)
(77.9091,307.415,-11.6795)
(17.1426,-315.566,30.6916)
(-80.502,-307.389,0.271864)
(-300.712,-138.105,-96.0286)
(-180.157,-168.522,-210.259)
(-300.495,-135.489,-95.7947)
(-295.219,-84.062,-91.5758)
(-322.854,-44.9296,114.92)
(-284.239,-170.492,137.682)
(-291.678,-118.384,-123.072)
(-342.492,-101.983,-123.226)
(128.033,293.984,13.5823)
(50.8707,253.967,-82.4656)
(128.843,294.815,13.3948)
(188.574,246.454,64.726)
(-331.549,26.5137,-38.3939)
(-278.189,-35.7255,-121.151)
(-321.432,26.5478,-37.2668)
(-217.479,32.8013,-48.3287)
(316.402,-69.3202,104.012)
(271.846,16.9509,19.8485)
(53.9376,-314.333,10.1668)
(58.0129,-276.305,-14.8773)
(-261.853,198.149,-4.86019)
(-245.109,162.813,-42.7641)
(-258.97,197.888,-5.96748)
(-293.55,271.039,-50.9179)
(308.551,-54.1095,-98.1261)
(392.905,-101.919,-205.609)
(-315.548,26.4957,46.0019)
(-245.899,-63.3861,156.203)
(273.763,-184.895,3.92783)
(328.936,-201.178,12.8446)
(309.491,-55.5464,26.8536)
(321.347,-56.2611,-34.0035)
(-301.891,115.543,-50.7479)
(-337.247,-31.1844,-11.7089)
(-303.277,119.164,-49.2225)
(-302.934,161.583,30.91)
(197.233,252.655,21.9721)
(256.599,294.641,38.9939)
(-295.472,-116.689,-9.48133)
(-235.024,-101.396,76.2447)
(-254.036,186.654,14.4456)
(-275.547,213.611,171.226)
(-257.296,193.936,21.0424)
(-305.516,149.461,100.994)
(-255.832,194.289,20.9244)
(-182.171,182.274,-47.1202)
(296.135,-120.135,-10.17)
(389.205,-45.2284,24.2882)
(313.998,46.2544,-100.516)
(265.117,137.154,-97.6497)
(-174.795,266.325,-55.8518)
(-211.168,317.905,-90.0628)
(249.7,190.656,-11.9803)
(296.859,146.705,33.1471)
(252.397,188.811,-10.5367)
(203.435,199.961,-0.797105)
(2.24434,325.042,71.3482)
(69.6182,352.695,-0.979698)
(-237.597,-223.581,-49.9882)
(-267.836,-221.352,-131.278)
(-221.516,-226.163,-58.1068)
(-215.205,-171.657,-147.279)
(-316.661,-70.7513,55.995)
(-336.249,-156.554,62.6288)
(310.896,65.193,-51.0613)
(352.443,46.7534,-104.444)
(197.972,-245.096,-5.38247)
(290.812,-204.646,-9.06667)
(197.718,-242.874,-2.18288)
(217.493,-244.026,37.4988)
(-312.481,62.5911,44.3847)
(-261.58,91.0116,102.748)
(-70.6928,-312.105,-21.714)
(-74.2667,-297.312,8.63656)
(-71.9352,-312.502,-22.2038)
(8.50504,-320.298,-88.4557)
(-310.795,79.4278,-6.0403)
(-339.092,79.1829,-82.5115)
(-299.225,111.239,32.3849)
(-306.579,66.0381,51.3431)
(243.711,-206.851,-56.3604)
(263.053,-326.869,-83.7736)
(-328.193,-30.9947,-22.7186)
(-346.16,-39.7735,-157.014)
(312.97,17.1129,14.3207)
(348.77,150.704,64.9032)
(285.458,-126.248,-26.8325)
(278.613,-191.621,98.8808)
(293.947,-125.88,-33.1083)
(245.08,-161.167,-62.2592)
(296.358,-122.511,-46.8121)
(251.501,-59.1852,-37.6338)
(-262.243,210.541,47.7377)
(-299.199,177.574,92.3279)
(-315.029,29.4293,-71.5553)
(-415.039,-44.9434,-23.8932)
(314.951,15.5914,90.7585)
(264.674,-47.6464,147.148)
(-336.442,-12.4929,-70.902)
(-388.575,46.8393,-95.142)
(315.504,-7.17853,-91.7049)
(420.409,15.2434,-70.5289)
(319.804,-18.5899,-89.1839)
(340.737,-32.6104,-22.1831)
(324.828,-61.9632,94.2273)
(271.311,-82.9822,83.0355)
(-309.992,62.4995,-98.1549)
(-273.823,97.8623,-52.2947)
(301.116,-135.593,-95.8841)
(254.696,-87.7202,-220.498)
(182.96,-258.979,42.8843)
(126.241,-146.811,111.988)
(-316,-65.2183,-87.2376)
(-258.268,-77.9297,-123.113)
(320.811,76.2751,-28.9296)
(375.101,124.88,-7.83137)
(-263.706,-169.749,58.7855)
(-222.608,-241.879,53.1846)
(51.6775,318.521,-114.993)
(38.2239,407.892,-170.691)
(55.3074,326.161,-115.496)
(128.635,298.422,-161.124)
(62.6517,321.978,-120.838)
(41.4269,419.684,-121.967)
(-2.70742,-327.564,-20.8096)
(42.3804,-335.109,-14.5456)
(291.171,-116.72,-29.0017)
(194.951,-216.383,-18.3254)
(189.196,247.962,118.275)
(249.655,224.844,92.9223)
(-95.8586,314.519,44.5471)
(-142.399,310.141,14.1359)
(-96.8388,314.951,43.5156)
(-99.874,365.281,173.183)
(-178.1,-265.409,-35.9651)
(-211.257,-169.36,-131.868)
(-175.042,-270.191,-29.1172)
(-167.397,-193.522,-119.444)
(-329.665,26.0041,79.3875)
(-326.451,35.5431,145.768)
(-331.29,25.6002,83.1119)
(-281.154,-59.0973,97.4258)
(-306.547,101.637,63.3825)
(-246.508,108.674,81.4435)
(281.829,-161.534,-101.842)
(219.597,-229.524,-117.778)
(284.445,140.19,21.8865)
(239.207,106.975,18.7861)
(294.49,158.522,4.87915)
(252.156,155.914,-66.0091)
(-231.999,-213.454,-28.8331)
(-207.676,-270.536,-177.172)
(-241.861,-219.843,-40.6341)
(-199.65,-285.739,-87.6499)
(-102.528,-306.38,40.9558)
(-144.407,-361.727,24.5841)
(-243.646,194.771,104.626)
(-303.224,300.638,116.761)
(287.56,-131.43,5.70336)
(336.95,-47.6242,57.2104)
(294.107,-139.517,29.127)
(272.214,-180.363,-31.3127)
(304.198,133.576,-29.6889)
(369.816,161.328,140.678)
(310.902,39.0783,-63.8003)
(189.456,146.491,-43.5866)
(303.881,69.8453,-104.466)
(235.287,158.503,-93.8906)
(299.12,99.6595,-124.153)
(258.459,30.2831,-204.911)
(-311.876,-14.4635,-33.6371)
(-333.886,28.8463,-86.4613)
(223.661,237.08,-105.469)
(179.294,246.519,-185.73)
(-216.172,-250.272,107.503)
(-158.913,-258.03,114.883)
(-96.6754,302.59,106.365)
(-157.588,336.111,99.5694)
(-114.783,307.175,101.475)
(-127.424,256.107,68.4669)
(-63.1061,-311.08,-113.792)
(-58.8368,-337.817,-105.69)
(-56.8399,-315.088,-116.513)
(-75.269,-281.634,-123.991)
(114.568,295.424,-105.809)
(125.445,342.262,-182.091)
(119.576,295.236,-101.983)
(63.0031,277.902,-118.94)
(105.131,-316.254,116.159)
(59.6896,-382.727,148.802)
(-323.581,61.8152,-51.4593)
(-451.999,25.8137,-36.9032)
(-324.454,55.535,-54.9922)
(-285.2,-11.7904,15.6558)
(-9.31045,320.051,42.25)
(-51.5968,335.403,80.546)
(-23.208,327.889,57.2601)
(52.2649,341.335,35.4213)
(-21.938,329.137,67.4449)
(-77.578,239.894,27.5713)
(162.115,-294.698,-40.3872)
(176.53,-232.746,-84.7196)
(-255.378,185.828,-124.727)
(-181.082,218.116,-125.195)
(331.325,28.7601,-48.1551)
(444.084,54.905,-73.8167)
(-308.528,-54.1524,92.6868)
(-242.713,-164.758,149.942)
(312.679,120.305,-118.446)
(209.371,130.527,-110.892)
(208.617,243.191,-65.5006)
(106.941,334.741,-136.579)
(-137.295,-289.311,78.4071)
(-3.03914,-332.522,129.568)
(-141.19,-288.535,79.3137)
(-164.893,-220.944,81.9137)
(-313.845,78.826,3.72152)
(-282.319,155.288,-49.9838)
(-320.807,-50.5838,-96.7915)
(-278.74,23.2597,-145.678)
(305.332,65.7336,124.003)
(142.398,29.6829,117.84)
(309.985,69.8005,118.134)
(279.812,113.217,89.2071)
(313.882,79.5303,117.256)
(302.424,27.5529,31.4978)
(65.9976,314.168,51.6011)
(-53.8551,325.295,143.339)
(65.2703,310.605,55.2073)
(51.4245,282.23,15.8427)
(93.1556,-301.099,-49.4976)
(82.4566,-304.845,20.2799)
(93.4398,-298.759,-47.4685)
(127.729,-249.233,-62.8729)
(-247.587,-221.579,13.9741)
(-275.837,-288.167,18.9753)
(-263.764,-176.551,104.99)
(-237.327,-164.033,137.527)
(-267.326,-194.427,105.132)
(-391.052,-241.226,116.997)
(118.828,-310.188,79.1171)
(158.364,-262.25,156.91)
(-103.362,321.79,-79.4746)
(-59.7081,275.688,-80.878)
(-260.802,175.089,10.0193)
(-350.603,278.906,54.2921)
(293.473,-136.163,-4.65019)
(307.078,-139.95,60.873)
(-299.767,-120.49,3.93922)
(-304.821,-36.7245,97.2076)
(286.605,163.082,-4.57887)
(282.276,133.323,32.5652)
(-126.501,-286.976,121.109)
(-166.785,-195.165,208.126)
(-121.955,-293.07,118.725)
(-65.197,-266.347,71.5723)
(146.986,288.163,-121.346)
(209.864,314.875,-129.538)
(150.812,287.661,-123.136)
(85.7117,281.934,-57.403)
(-259.616,185.374,59.5199)
(-178.639,236.21,51.8415)
(-262.22,199.806,47.3519)
(-278.734,130.95,116.515)
(177.377,-265.747,-79.037)
(271.05,-288.004,4.9335)
(181.12,-262.847,-83.6807)
(79.4077,-186.896,-20.5481)
(-279.373,145.928,117.022)
(-326.947,187.868,-12.6206)
(131.706,-285.015,115.342)
(82.2015,-333.48,32.3741)
(-52.3759,312.382,124.755)
(-15.4644,297.819,73.4414)
(192.674,-265.83,-106.564)
(249.889,-261.831,-121.818)
(-296.957,110.174,-84.4058)
(-167.61,209.801,-36.3592)
(-322.053,98.9954,-102.938)
(-315.47,68.1912,-32.3623)
(282.919,146.578,-0.0883935)
(267.849,179.169,-59.6874)
(284.947,153.572,4.87302)
(249.561,205.56,97.024)
(-183.865,255.909,34.9098)
(-112.615,370.474,-9.22056)
(-198.636,263.731,29.3298)
(-239.905,308.493,6.67591)
(-216.828,252.788,10.5452)
(-253.499,151.272,38.3047)
(-218.039,253.744,11.7457)
(-264.878,149.06,-27.003)
(246.395,-214.482,-29.8497)
(343.019,-71.0136,16.487)
(-330.402,15.0268,44.8332)
(-345.034,-47.4937,30.7274)
(-327.778,13.5836,40.9627)
(-370.034,-22.8767,-62.3019)
(256.593,184.455,81.0105)
(340.599,110.127,95.9844)
(-175.003,-267.127,-120.736)
(-194.391,-244.17,-169.419)
(-46.0857,317.243,-17.9866)
(80.9449,406.555,28.5255)
(278.303,-155.537,-112.158)
(350.76,-136.963,-37.1878)
(292.71,117.718,-0.708085)
(290.291,163.342,-60.1776)
(289.818,134.607,2.04416)
(303.218,102.344,13.3122)
(-314.292,-92.2566,0.967784)
(-363.331,-85.8979,-31.8312)
(-315.187,-93.2567,0.899198)
(-232.493,-132.154,-5.2687)
(313.088,38.6531,72.9799)
(224.968,-36.4531,40.1489)
(-305.141,-64.5029,-116.756)
(-228.718,-85.5835,-162.737)
(-237.106,205.138,-30.564)
(-324.861,360.178,-117.71)
(-240.803,200.106,-35.8407)
(-152.132,115.225,-24.2063)
(-325.647,-82.1974,119.547)
(-278.528,-163.091,73.3211)
(-260.434,196.109,67.1218)
(-231.441,129.528,15.0251)
(-275.855,-147.213,98.402)
(-222.472,-146.884,109.986)
(309.647,76.3307,-48.8746)
(283.577,184.702,-53.1459)
(309.229,53.0437,-39.4557)
(414.542,-34.7332,-73.4946)
(147.217,292.056,73.9333)
(103.694,213.776,113.945)
(149.297,291.219,72.3972)
(113.215,261.948,108.761)
(312.806,-58.0181,-92.589)
(221.344,-67.2535,-136.702)
(239.519,201.803,-106.07)
(191.019,98.0609,-82.7127)
(201.593,243.674,12.332)
(191.524,251.215,-42.4119)
(199.695,244.224,17.0588)
(249.555,277.416,7.16872)
(-76.5158,-314.392,-17.1663)
(-63.7472,-280.221,158.37)
(-73.7903,-313.759,-15.4247)
(-160.366,-367.104,65.2459)
(-233.375,216.868,8.93971)
(-231.356,262.588,10.1672)
(-235.801,220.598,12.2058)
(-155.203,200.396,-76.7635)
(169.633,279.208,58.0158)
(200.762,311.668,64.4338)
(176.841,273.427,32.7386)
(132.202,214.324,15.0183)
(-121.984,289.102,45.9437)
(-143.474,220.974,137.904)
(-70.0547,-304.304,-67.2704)
(-102.301,-237.285,-101.058)
(81.9539,317.626,42.5248)
(49.9785,314.05,-30.9338)
(80.9813,316.973,43.4713)
(32.8291,464.401,69.1907)
(232.28,243.591,-102.99)
(287.813,191.67,-114.733)
(-333.544,-13.1255,43.6185)
(-343.495,-10.0274,-14.5191)
(318.283,40.2088,-86.9561)
(309.457,118.625,16.4134)
(-240.156,203.633,-49.0862)
(-137.341,287.547,-41.8797)
(185.415,-253.841,59.7322)
(262.522,-215.335,-38.0528)
(-287.752,-137.423,10.0041)
(-317.601,-73.5326,-12.2806)
(-287.497,-151.926,8.08506)
(-304.998,-115.955,28.0649)
(155.191,274.888,-15.7225)
(145.389,198.703,-73.7221)
(301.091,-95.3402,-88.1739)
(159.073,-163.174,31.0229)
0 events have been kept for refreshing and/or reviewing.
  "/vis/reviewKeptEvents" to review them one by one.
  "/vis/enable", then "/vis/viewer/flush" or "/vis/viewer/rebuild" to see them accumulated.
[Core-0] End of macro ./split/.Gate/main131/main13.mac
Graphics systems deleted.
Visualization Manager deleting...
