[G4] 
[G4] **************************************************************
[G4]  Geant4 version Name: geant4-10-07-patch-02    (11-June-2021)
[G4]                        Copyright : Geant4 Collaboration
[G4]                       References : NIM A 506 (2003), 250-303
[G4]                                  : IEEE-TNS 53 (2006), 270-278
[G4]                                  : NIM A 835 (2016), 186-225
[G4]                              WWW : http://geant4.org/
[G4] **************************************************************
[G4] 
[Core-0] Initialization of geometry
[Core-0] Initialization of physics
[Core-0] Initialization of actors
[Core-0] 
[Core-0] *************************************************
[Core-0]  GATE version 9.1 (2021)
[Core-0]  Copyright : OpenGATE Collaboration
[Core-0]  Reference : Phys. Med. Biol. 49 (2004) 4543-4561
[Core-0]  Reference : Phys. Med. Biol. 56 (2011) 881-901
[Core-0]  Reference : Med. Phys. 41(6)    (2014)
[Core-0]  http://www.opengatecollaboration.org        
[Core-0] *************************************************
[Core-0] 
[Core-0] You are using Geant4 version 10.7.2
[Core-0] Starting macro ./split/.Gate/main131/main7.mac
0: RINDEX
1.84e-06   1.00028
4.08e-06   1.00028
9: GROUPVEL
1.84e-06   299.709
4.08e-06   299.709
16: ABSLENGTH
1.84e-06   50000
4.08e-06   50000
 <!> *** WARNING *** <!>  GateMaterialDatabase: Multiple definition of element: Yttrium.
The definition in ClMind_GateMaterials.db was used.


GATE object:        'systems/cylindricalPET'
Components:

GATE object:        'systems/cylindricalPET/base'
Attached to volume: cylindricalPET
Nb of children:       1

	GATE object:        'systems/cylindricalPET/rsector'
	Attached to volume: module
	Nb of children:       1

		GATE object:        'systems/cylindricalPET/module'
		Attached to volume: unit
		Nb of children:       1

			GATE object:        'systems/cylindricalPET/submodule'
			Attached to volume: block
			Nb of children:       1

				GATE object:        'systems/cylindricalPET/crystal'
				Attached to volume: optical
				Nb of children:       4

					GATE object:        'systems/cylindricalPET/layer0'
					Attached to volume: crystal
					Nb of children:       0

					GATE object:        'systems/cylindricalPET/layer1'
					Attached to volume: ---
					Nb of children:       0

					GATE object:        'systems/cylindricalPET/layer2'
					Attached to volume: ---
					Nb of children:       0

					GATE object:        'systems/cylindricalPET/layer3'
					Attached to volume: ---
					Nb of children:       0
geometrical design type: 1
ring diameter: -3.95 mm 
rsector axial pitch: 0 fm 
rsector azimuthal pitch: 12.8571 degree
rsector tangential size: 2.5 cm 
rsector axial size: 25.04 cm 
module axial size: 4.784 cm 
module tangential size: 2.5 cm 
module axial pitch: 0 fm 
module tangential pitch: 0 fm 
submodule axial size: 4.784 cm 
submodule tangential size: 2.5 cm 
submodule axial pitch: 0 fm 
submodule tangential pitch: 0 fm 
crystal radial size: 1.59 cm 
crystal axial size: 1.59 cm 
crystal tangential size: 2.5 cm 
crystal axial pitch: 0 fm 
crystal tangential pitch: 0 fm 
layer0 radial size: 3.95 mm 
in layer0 interaction length: 1.975 mm 
Axial nb of rsectors: 1
Azimuthal nb of rsectors: 28
Axial nb of modules: 1
Tangential nb of modules: 1
Axial nb of submodules: 1
Tangential nb of submodules: 1
Axial nb of crystals: 1
Tangential nb of crystals: 1
Radial nb of layers: 1
[Physic-0] The following Geant4's physic-list is enabled :emstandard_opt3


List of Enabled processes:




List of initialized processes:


[Core-0] Initialization of geometry
[Core-0] Initialization of physics
[Core-0] Initialization of actors
 <!> *** WARNING *** <!>  The 'energytype' option is DEPRECATED, use 'ene/type' instead!
 <!> *** WARNING *** <!>  The 'energytype' option is DEPRECATED, use 'ene/type' instead!
 <!> *** WARNING *** <!>  The 'energytype' option is DEPRECATED, use 'ene/type' instead!
 <!> *** WARNING *** <!>  The 'energytype' option is DEPRECATED, use 'ene/type' instead!
 <!> *** WARNING *** <!>  The 'energytype' option is DEPRECATED, use 'ene/type' instead!
 <!> *** WARNING *** <!>  The 'energytype' option is DEPRECATED, use 'ene/type' instead!
 <!> *** WARNING *** <!>  The 'energytype' option is DEPRECATED, use 'ene/type' instead!
 <!> *** WARNING *** <!>  The 'energytype' option is DEPRECATED, use 'ene/type' instead!
 <!> *** WARNING *** <!>  The 'energytype' option is DEPRECATED, use 'ene/type' instead!
[Acquisition-0]   
[Acquisition-0] ============= Source initialization =============
[Acquisition-0]   
[Acquisition-0] ============= Acquisition starts! =============
[Acquisition-0] Simulation start time = 0 sec
[Acquisition-0] Simulation end time   = 1 sec
[Acquisition-0] Simulation will have  = 1 run(s)
[Acquisition-0] Slice 0 from 0 to 1 s [slice=1 s]

### ===  Deexcitation model UAtomDeexcitation is activated for 25 regions:
          DefaultRegionForTheWorld  1  1  1
          cylindricalPET  1  1  1
          module  1  1  1
          unit  1  1  1
          block  1  1  1
          optical  1  1  1
          crystal  1  1  1
          capillaire1  1  1  1
          capillaire1_water  1  1  1
          capillaire2  1  1  1
          capillaire2_water  1  1  1
          capillaire3  1  1  1
          capillaire3_water  1  1  1
          capillaire4  1  1  1
          capillaire4_water  1  1  1
          capillaire5  1  1  1
          capillaire5_water  1  1  1
          capillaire_m1  1  1  1
          capillaire_m1_water  1  1  1
          capillaire_m2  1  1  1
          capillaire_m2_water  1  1  1
          capillaire_m3  1  1  1
          capillaire_m3_water  1  1  1
          capillaire_m4  1  1  1
          capillaire_m4_water  1  1  1
### ===  Ignore cuts flag:   0

phot:  for gamma applyCuts:1  SubType=12 BuildTable=0
      LambdaPrime table from 200 keV to 100 TeV in 174 bins 
      ===== EM models for the G4Region  DefaultRegionForTheWorld ======
 LivermorePhElectric : Emin=    0 eV  Emax=  100 TeV  SauterGavrila Fluo

compt:  for gamma applyCuts:1  SubType=13 BuildTable=1
      Lambda table from 10 eV  to 1 MeV, 20 bins/decade, spline: 1
      LambdaPrime table from 1 MeV to 100 TeV in 160 bins 
      ===== EM models for the G4Region  DefaultRegionForTheWorld ======
        KleinNishina : Emin=    0 eV  Emax=  100 TeV Fluo

conv:  for gamma applyCuts:1  SubType=14 BuildTable=1
      Lambda table from 1.022 MeV to 100 TeV, 20 bins/decade, spline: 1
      ===== EM models for the G4Region  DefaultRegionForTheWorld ======
     BetheHeitlerLPM : Emin=    0 eV  Emax=  100 TeV  ModifiedTsai

Rayl:  for gamma applyCuts:1  SubType=11 BuildTable=1
      Lambda table from 10 eV  to 100 keV, 20 bins/decade, spline: 0
      LambdaPrime table from 100 keV to 100 TeV in 180 bins 
      ===== EM models for the G4Region  DefaultRegionForTheWorld ======
   LivermoreRayleigh : Emin=    0 eV  Emax=  100 TeV  CullenGenerator

msc:  for e-  SubType= 10
      ===== EM models for the G4Region  DefaultRegionForTheWorld ======
            UrbanMsc : Emin=    0 eV  Emax=  100 TeV Nbins=240 100 eV  - 100 TeV
              StepLim=DistanceToBoundary Rfact=0.04 Gfact=2.5 Sfact=0.6 DispFlag:1 Skin=1 Llimit=1

eIoni:  for e-  SubType=2
      dE/dx and range tables from 10 eV  to 100 TeV in 260 bins
      Lambda tables from threshold to 100 TeV, 20 bins/decade, spline: 1
      StepFunction=(0.2, 0.1 mm), integ: 1, fluct: 1, linLossLim= 0.01
      ===== EM models for the G4Region  DefaultRegionForTheWorld ======
        MollerBhabha : Emin=    0 eV  Emax=  100 TeV  deltaVI

eBrem:  for e-  SubType=3
      dE/dx and range tables from 10 eV  to 100 TeV in 260 bins
      Lambda tables from threshold to 100 TeV, 20 bins/decade, spline: 1
      LPM flag: 1 for E > 1 GeV,  VertexHighEnergyTh(GeV)= 100000
      ===== EM models for the G4Region  DefaultRegionForTheWorld ======
             eBremSB : Emin=    0 eV  Emax=    1 GeV  AngularGen2BS
            eBremLPM : Emin=    1 GeV Emax=  100 TeV  AngularGen2BS

ePairProd:  for e-  SubType=4
      dE/dx and range tables from 10 eV  to 100 TeV in 260 bins
      Lambda tables from threshold to 100 TeV, 20 bins/decade, spline: 1
      Sampling table 25x1001; from 0.1 GeV to 100 TeV 
      ===== EM models for the G4Region  DefaultRegionForTheWorld ======
           ePairProd : Emin=    0 eV  Emax=  100 TeV  ModifiedMephi

msc:  for e+  SubType= 10
      ===== EM models for the G4Region  DefaultRegionForTheWorld ======
            UrbanMsc : Emin=    0 eV  Emax=  100 TeV Nbins=240 100 eV  - 100 TeV
              StepLim=DistanceToBoundary Rfact=0.04 Gfact=2.5 Sfact=0.6 DispFlag:1 Skin=1 Llimit=1

eIoni:  for e+  SubType=2
      dE/dx and range tables from 10 eV  to 100 TeV in 260 bins
      Lambda tables from threshold to 100 TeV, 20 bins/decade, spline: 1
      StepFunction=(0.2, 0.1 mm), integ: 1, fluct: 1, linLossLim= 0.01
      ===== EM models for the G4Region  DefaultRegionForTheWorld ======
        MollerBhabha : Emin=    0 eV  Emax=  100 TeV  deltaVI

eBrem:  for e+  SubType=3
      dE/dx and range tables from 10 eV  to 100 TeV in 260 bins
      Lambda tables from threshold to 100 TeV, 20 bins/decade, spline: 1
      LPM flag: 1 for E > 1 GeV,  VertexHighEnergyTh(GeV)= 100000
      ===== EM models for the G4Region  DefaultRegionForTheWorld ======
             eBremSB : Emin=    0 eV  Emax=    1 GeV  AngularGen2BS
            eBremLPM : Emin=    1 GeV Emax=  100 TeV  AngularGen2BS

ePairProd:  for e+  SubType=4
      dE/dx and range tables from 10 eV  to 100 TeV in 260 bins
      Lambda tables from threshold to 100 TeV, 20 bins/decade, spline: 1
      Sampling table 25x1001; from 0.1 GeV to 100 TeV 
      ===== EM models for the G4Region  DefaultRegionForTheWorld ======
           ePairProd : Emin=    0 eV  Emax=  100 TeV  ModifiedMephi

annihil:  for e+, integral:1  applyCuts:1  SubType=5 BuildTable=0
      ===== EM models for the G4Region  DefaultRegionForTheWorld ======
            eplus2gg : Emin=    0 eV  Emax=  100 TeV

msc:  for proton  SubType= 10
      ===== EM models for the G4Region  DefaultRegionForTheWorld ======
            UrbanMsc : Emin=    0 eV  Emax=  100 TeV Nbins=240 100 eV  - 100 TeV
              StepLim=Minimal Rfact=0.2 Gfact=2.5 Sfact=0.6 DispFlag:1 Skin=1 Llimit=1

hIoni:  for proton  SubType=2
      dE/dx and range tables from 10 eV  to 100 TeV in 260 bins
      Lambda tables from threshold to 100 TeV, 20 bins/decade, spline: 1
      StepFunction=(0.2, 0.05 mm), integ: 1, fluct: 1, linLossLim= 0.01
      ===== EM models for the G4Region  DefaultRegionForTheWorld ======
               Bragg : Emin=    0 eV  Emax=    2 MeV  deltaVI
          BetheBloch : Emin=    2 MeV Emax=  100 TeV  deltaVI

hBrems:  for proton  SubType=3
      dE/dx and range tables from 10 eV  to 100 TeV in 260 bins
      Lambda tables from threshold to 100 TeV, 20 bins/decade, spline: 1
      ===== EM models for the G4Region  DefaultRegionForTheWorld ======
               hBrem : Emin=    0 eV  Emax=  100 TeV  ModifiedMephi
      ===== Limit on energy threshold has been applied 

hPairProd:  for proton  SubType=4
      dE/dx and range tables from 10 eV  to 100 TeV in 260 bins
      Lambda tables from threshold to 100 TeV, 20 bins/decade, spline: 1
      Sampling table 17x1001; from 7.50618 GeV to 100 TeV 
      ===== EM models for the G4Region  DefaultRegionForTheWorld ======
           hPairProd : Emin=    0 eV  Emax=  100 TeV  ModifiedMephi

nuclearStopping:  for proton applyCuts:1  SubType=8 BuildTable=0
      ===== EM models for the G4Region  DefaultRegionForTheWorld ======
   ICRU49NucStopping : Emin=    0 eV  Emax=    1 MeV

msc:  for GenericIon  SubType= 10
      ===== EM models for the G4Region  DefaultRegionForTheWorld ======
            UrbanMsc : Emin=    0 eV  Emax=  100 TeV
              StepLim=Minimal Rfact=0.2 Gfact=2.5 Sfact=0.6 DispFlag:1 Skin=1 Llimit=1

ionIoni:  for GenericIon  SubType=2
      dE/dx and range tables from 10 eV  to 100 TeV in 260 bins
      Lambda tables from threshold to 100 TeV, 20 bins/decade, spline: 1
      StepFunction=(0.1, 0.02 mm), integ: 1, fluct: 1, linLossLim= 0.02
      ===== EM models for the G4Region  DefaultRegionForTheWorld ======
         ParamICRU73 : Emin=    0 eV  Emax=  100 TeV  deltaVI

nuclearStopping:  for GenericIon applyCuts:1  SubType=8 BuildTable=0
      ===== EM models for the G4Region  DefaultRegionForTheWorld ======
   ICRU49NucStopping : Emin=    0 eV  Emax=    1 MeV

msc:  for alpha  SubType= 10
      ===== EM models for the G4Region  DefaultRegionForTheWorld ======
            UrbanMsc : Emin=    0 eV  Emax=  100 TeV Nbins=240 100 eV  - 100 TeV
              StepLim=Minimal Rfact=0.2 Gfact=2.5 Sfact=0.6 DispFlag:1 Skin=1 Llimit=1

ionIoni:  for alpha  SubType=2
      dE/dx and range tables from 10 eV  to 100 TeV in 260 bins
      Lambda tables from threshold to 100 TeV, 20 bins/decade, spline: 1
      StepFunction=(0.1, 0.02 mm), integ: 1, fluct: 1, linLossLim= 0.02
      ===== EM models for the G4Region  DefaultRegionForTheWorld ======
            BraggIon : Emin=    0 eV  Emax=7.9452 MeV  deltaVI
          BetheBloch : Emin=7.9452 MeV Emax=  100 TeV  deltaVI

nuclearStopping:  for alpha applyCuts:1  SubType=8 BuildTable=0
      ===== EM models for the G4Region  DefaultRegionForTheWorld ======
   ICRU49NucStopping : Emin=    0 eV  Emax=    1 MeV

msc:  for anti_proton  SubType= 10
      ===== EM models for the G4Region  DefaultRegionForTheWorld ======
            UrbanMsc : Emin=    0 eV  Emax=  100 TeV Nbins=240 100 eV  - 100 TeV
              StepLim=Minimal Rfact=0.2 Gfact=2.5 Sfact=0.6 DispFlag:1 Skin=1 Llimit=1

hIoni:  for anti_proton  SubType=2
      dE/dx and range tables from 10 eV  to 100 TeV in 260 bins
      Lambda tables from threshold to 100 TeV, 20 bins/decade, spline: 1
      StepFunction=(0.2, 0.05 mm), integ: 1, fluct: 1, linLossLim= 0.01
      ===== EM models for the G4Region  DefaultRegionForTheWorld ======
            ICRU73QO : Emin=    0 eV  Emax=    2 MeV  deltaVI
          BetheBloch : Emin=    2 MeV Emax=  100 TeV  deltaVI

hBrems:  for anti_proton  SubType=3
      dE/dx and range tables from 10 eV  to 100 TeV in 260 bins
      Lambda tables from threshold to 100 TeV, 20 bins/decade, spline: 1
      ===== EM models for the G4Region  DefaultRegionForTheWorld ======
               hBrem : Emin=    0 eV  Emax=  100 TeV  ModifiedMephi
      ===== Limit on energy threshold has been applied 

hPairProd:  for anti_proton  SubType=4
      dE/dx and range tables from 10 eV  to 100 TeV in 260 bins
      Lambda tables from threshold to 100 TeV, 20 bins/decade, spline: 1
      Sampling table 17x1001; from 7.50618 GeV to 100 TeV 
      ===== EM models for the G4Region  DefaultRegionForTheWorld ======
           hPairProd : Emin=    0 eV  Emax=  100 TeV  ModifiedMephi

msc:  for kaon+  SubType= 10
      ===== EM models for the G4Region  DefaultRegionForTheWorld ======
            UrbanMsc : Emin=    0 eV  Emax=  100 TeV Nbins=240 100 eV  - 100 TeV
              StepLim=Minimal Rfact=0.2 Gfact=2.5 Sfact=0.6 DispFlag:1 Skin=1 Llimit=1

hIoni:  for kaon+  SubType=2
      dE/dx and range tables from 10 eV  to 100 TeV in 260 bins
      Lambda tables from threshold to 100 TeV, 20 bins/decade, spline: 1
      StepFunction=(0.2, 0.05 mm), integ: 1, fluct: 1, linLossLim= 0.01
      ===== EM models for the G4Region  DefaultRegionForTheWorld ======
               Bragg : Emin=    0 eV  Emax=1.05231 MeV  deltaVI
          BetheBloch : Emin=1.05231 MeV Emax=  100 TeV  deltaVI

hBrems:  for kaon+  SubType=3
      dE/dx and range tables from 10 eV  to 100 TeV in 260 bins
      Lambda tables from threshold to 100 TeV, 20 bins/decade, spline: 1
      ===== EM models for the G4Region  DefaultRegionForTheWorld ======
               hBrem : Emin=    0 eV  Emax=  100 TeV  ModifiedMephi
      ===== Limit on energy threshold has been applied 

hPairProd:  for kaon+  SubType=4
      dE/dx and range tables from 10 eV  to 100 TeV in 260 bins
      Lambda tables from threshold to 100 TeV, 20 bins/decade, spline: 1
      Sampling table 18x1001; from 3.94942 GeV to 100 TeV 
      ===== EM models for the G4Region  DefaultRegionForTheWorld ======
           hPairProd : Emin=    0 eV  Emax=  100 TeV  ModifiedMephi

msc:  for kaon-  SubType= 10
      ===== EM models for the G4Region  DefaultRegionForTheWorld ======
            UrbanMsc : Emin=    0 eV  Emax=  100 TeV Nbins=240 100 eV  - 100 TeV
              StepLim=Minimal Rfact=0.2 Gfact=2.5 Sfact=0.6 DispFlag:1 Skin=1 Llimit=1

hIoni:  for kaon-  SubType=2
      dE/dx and range tables from 10 eV  to 100 TeV in 260 bins
      Lambda tables from threshold to 100 TeV, 20 bins/decade, spline: 1
      StepFunction=(0.2, 0.05 mm), integ: 1, fluct: 1, linLossLim= 0.01
      ===== EM models for the G4Region  DefaultRegionForTheWorld ======
            ICRU73QO : Emin=    0 eV  Emax=1.05231 MeV  deltaVI
          BetheBloch : Emin=1.05231 MeV Emax=  100 TeV  deltaVI

hBrems:  for kaon-  SubType=3
      dE/dx and range tables from 10 eV  to 100 TeV in 260 bins
      Lambda tables from threshold to 100 TeV, 20 bins/decade, spline: 1
      ===== EM models for the G4Region  DefaultRegionForTheWorld ======
               hBrem : Emin=    0 eV  Emax=  100 TeV  ModifiedMephi
      ===== Limit on energy threshold has been applied 

hPairProd:  for kaon-  SubType=4
      dE/dx and range tables from 10 eV  to 100 TeV in 260 bins
      Lambda tables from threshold to 100 TeV, 20 bins/decade, spline: 1
      Sampling table 18x1001; from 3.94942 GeV to 100 TeV 
      ===== EM models for the G4Region  DefaultRegionForTheWorld ======
           hPairProd : Emin=    0 eV  Emax=  100 TeV  ModifiedMephi

msc:  for mu+  SubType= 10
      ===== EM models for the G4Region  DefaultRegionForTheWorld ======
            UrbanMsc : Emin=    0 eV  Emax=  100 TeV Nbins=240 100 eV  - 100 TeV
              StepLim=Minimal Rfact=0.2 Gfact=2.5 Sfact=0.6 DispFlag:1 Skin=1 Llimit=1

muIoni:  for mu+  SubType=2
      dE/dx and range tables from 10 eV  to 100 TeV in 260 bins
      Lambda tables from threshold to 100 TeV, 20 bins/decade, spline: 1
      StepFunction=(0.2, 0.05 mm), integ: 1, fluct: 1, linLossLim= 0.01
      ===== EM models for the G4Region  DefaultRegionForTheWorld ======
               Bragg : Emin=    0 eV  Emax=  200 keV  deltaVI
          BetheBloch : Emin=  200 keV Emax=    1 GeV  deltaVI
        MuBetheBloch : Emin=    1 GeV Emax=  100 TeV

muBrems:  for mu+  SubType=3
      dE/dx and range tables from 10 eV  to 100 TeV in 260 bins
      Lambda tables from threshold to 100 TeV, 20 bins/decade, spline: 1
      ===== EM models for the G4Region  DefaultRegionForTheWorld ======
              MuBrem : Emin=    0 eV  Emax=  100 TeV  ModifiedMephi
      ===== Limit on energy threshold has been applied 

muPairProd:  for mu+  SubType=4
      dE/dx and range tables from 10 eV  to 100 TeV in 260 bins
      Lambda tables from threshold to 100 TeV, 20 bins/decade, spline: 1
      Sampling table 21x1001; from 1 GeV to 100 TeV 
      ===== EM models for the G4Region  DefaultRegionForTheWorld ======
          muPairProd : Emin=    0 eV  Emax=  100 TeV  ModifiedMephi

msc:  for mu-  SubType= 10
      ===== EM models for the G4Region  DefaultRegionForTheWorld ======
            UrbanMsc : Emin=    0 eV  Emax=  100 TeV Nbins=240 100 eV  - 100 TeV
              StepLim=Minimal Rfact=0.2 Gfact=2.5 Sfact=0.6 DispFlag:1 Skin=1 Llimit=1

muIoni:  for mu-  SubType=2
      dE/dx and range tables from 10 eV  to 100 TeV in 260 bins
      Lambda tables from threshold to 100 TeV, 20 bins/decade, spline: 1
      StepFunction=(0.2, 0.05 mm), integ: 1, fluct: 1, linLossLim= 0.01
      ===== EM models for the G4Region  DefaultRegionForTheWorld ======
            ICRU73QO : Emin=    0 eV  Emax=  200 keV  deltaVI
          BetheBloch : Emin=  200 keV Emax=    1 GeV  deltaVI
        MuBetheBloch : Emin=    1 GeV Emax=  100 TeV

muBrems:  for mu-  SubType=3
      dE/dx and range tables from 10 eV  to 100 TeV in 260 bins
      Lambda tables from threshold to 100 TeV, 20 bins/decade, spline: 1
      ===== EM models for the G4Region  DefaultRegionForTheWorld ======
              MuBrem : Emin=    0 eV  Emax=  100 TeV  ModifiedMephi
      ===== Limit on energy threshold has been applied 

muPairProd:  for mu-  SubType=4
      dE/dx and range tables from 10 eV  to 100 TeV in 260 bins
      Lambda tables from threshold to 100 TeV, 20 bins/decade, spline: 1
      Sampling table 21x1001; from 1 GeV to 100 TeV 
      ===== EM models for the G4Region  DefaultRegionForTheWorld ======
          muPairProd : Emin=    0 eV  Emax=  100 TeV  ModifiedMephi

msc:  for pi+  SubType= 10
      ===== EM models for the G4Region  DefaultRegionForTheWorld ======
            UrbanMsc : Emin=    0 eV  Emax=  100 TeV Nbins=240 100 eV  - 100 TeV
              StepLim=Minimal Rfact=0.2 Gfact=2.5 Sfact=0.6 DispFlag:1 Skin=1 Llimit=1

hIoni:  for pi+  SubType=2
      dE/dx and range tables from 10 eV  to 100 TeV in 260 bins
      Lambda tables from threshold to 100 TeV, 20 bins/decade, spline: 1
      StepFunction=(0.2, 0.05 mm), integ: 1, fluct: 1, linLossLim= 0.01
      ===== EM models for the G4Region  DefaultRegionForTheWorld ======
               Bragg : Emin=    0 eV  Emax=297.505 keV  deltaVI
          BetheBloch : Emin=297.505 keV Emax=  100 TeV  deltaVI

hBrems:  for pi+  SubType=3
      dE/dx and range tables from 10 eV  to 100 TeV in 260 bins
      Lambda tables from threshold to 100 TeV, 20 bins/decade, spline: 1
      ===== EM models for the G4Region  DefaultRegionForTheWorld ======
               hBrem : Emin=    0 eV  Emax=  100 TeV  ModifiedMephi
      ===== Limit on energy threshold has been applied 

hPairProd:  for pi+  SubType=4
      dE/dx and range tables from 10 eV  to 100 TeV in 260 bins
      Lambda tables from threshold to 100 TeV, 20 bins/decade, spline: 1
      Sampling table 20x1001; from 1.11656 GeV to 100 TeV 
      ===== EM models for the G4Region  DefaultRegionForTheWorld ======
           hPairProd : Emin=    0 eV  Emax=  100 TeV  ModifiedMephi

msc:  for pi-  SubType= 10
      ===== EM models for the G4Region  DefaultRegionForTheWorld ======
            UrbanMsc : Emin=    0 eV  Emax=  100 TeV Nbins=240 100 eV  - 100 TeV
              StepLim=Minimal Rfact=0.2 Gfact=2.5 Sfact=0.6 DispFlag:1 Skin=1 Llimit=1

hIoni:  for pi-  SubType=2
      dE/dx and range tables from 10 eV  to 100 TeV in 260 bins
      Lambda tables from threshold to 100 TeV, 20 bins/decade, spline: 1
      StepFunction=(0.2, 0.05 mm), integ: 1, fluct: 1, linLossLim= 0.01
      ===== EM models for the G4Region  DefaultRegionForTheWorld ======
            ICRU73QO : Emin=    0 eV  Emax=297.505 keV  deltaVI
          BetheBloch : Emin=297.505 keV Emax=  100 TeV  deltaVI

hBrems:  for pi-  SubType=3
      dE/dx and range tables from 10 eV  to 100 TeV in 260 bins
      Lambda tables from threshold to 100 TeV, 20 bins/decade, spline: 1
      ===== EM models for the G4Region  DefaultRegionForTheWorld ======
               hBrem : Emin=    0 eV  Emax=  100 TeV  ModifiedMephi
      ===== Limit on energy threshold has been applied 

hPairProd:  for pi-  SubType=4
      dE/dx and range tables from 10 eV  to 100 TeV in 260 bins
      Lambda tables from threshold to 100 TeV, 20 bins/decade, spline: 1
      Sampling table 20x1001; from 1.11656 GeV to 100 TeV 
      ===== EM models for the G4Region  DefaultRegionForTheWorld ======
           hPairProd : Emin=    0 eV  Emax=  100 TeV  ModifiedMephi
G4VisManager: Using G4TrajectoryDrawByCharge as fallback trajectory model.
See commands in /vis/modeling/trajectories/ for other options.

### ===  Deexcitation model UAtomDeexcitation is activated for 25 regions:
          DefaultRegionForTheWorld  1  1  1
          cylindricalPET  1  1  1
          module  1  1  1
          unit  1  1  1
          block  1  1  1
          optical  1  1  1
          crystal  1  1  1
          capillaire1  1  1  1
          capillaire1_water  1  1  1
          capillaire2  1  1  1
          capillaire2_water  1  1  1
          capillaire3  1  1  1
          capillaire3_water  1  1  1
          capillaire4  1  1  1
          capillaire4_water  1  1  1
          capillaire5  1  1  1
          capillaire5_water  1  1  1
          capillaire_m1  1  1  1
          capillaire_m1_water  1  1  1
          capillaire_m2  1  1  1
          capillaire_m2_water  1  1  1
          capillaire_m3  1  1  1
          capillaire_m3_water  1  1  1
          capillaire_m4  1  1  1
          capillaire_m4_water  1  1  1
### ===  Ignore cuts flag:   0
(-47.5122,-319.996,-77.5557)
(-63.303,-412.409,-150.885)
(-297.317,-129.072,84.0393)
(-289.335,-188.006,59.5749)
(-301.271,-129.234,89.3298)
(-321.998,53.7722,100.131)
(-307.5,-127.228,86.0774)
(-338.621,-131.726,39.6763)
(248.362,194.305,-122.47)
(307.178,270.277,-111.208)
(257.105,209.274,-110.3)
(195.622,240.108,-99.7936)
(-306.453,71.1747,70.2482)
(-365.959,11.2576,112.789)
(-318.815,83.9767,77.9508)
(-352.474,90.6461,37.1548)
(-324.476,1.06864,-30.8333)
(-262.821,-3.07283,-44.5132)
(-328.144,-1.58901,-33.5117)
(-344.103,-135.747,-91.2846)
(315.442,-1.98393,78.781)
(354.945,0.23296,57.8128)
(318.184,-49.7968,113.943)
(353.648,-20.5265,48.1159)
(320.538,-43.6941,113.959)
(197.996,-55.1116,111.058)
(126.348,-296.7,-52.5526)
(81.9523,-182.562,-73.9335)
(126.443,-303.9,-53.207)
(94.5658,-298.565,-1.12593)
(128.74,-303.366,-56.943)
(225.037,-277.495,-180.22)
(140.628,-288.98,119.143)
(26.0532,-218.791,18.3454)
(277.569,-158.733,-47.3317)
(205.889,-136.002,-65.7569)
(286.401,-165.734,-52.0348)
(220.178,-228.081,-20.0034)
(-269.69,164.971,45.9438)
(-252.923,182.094,83.9254)
(-311.145,55.4618,122.354)
(-284.37,154.513,231.442)
(-60.8482,-322.593,77.6861)
(27.1576,-406.803,9.86091)
(-205.861,-257.216,61.0583)
(-256.1,-250.485,96.9512)
(-206.592,-261.07,63.0537)
(-101.752,-258.065,15.6292)
(-68.7217,-307.557,-112.413)
(-70.8832,-273.034,-174.158)
(157.695,280.246,100.596)
(153.703,371.517,18.7191)
(-111.055,293.198,22.841)
(-222.367,376.587,12.6119)
(203.831,-238.753,96.8966)
(115.533,-105.379,90.2599)
(262.08,-203.829,-106.63)
(268.02,-195.139,-54.8107)
(303.76,78.6187,12.3886)
(216.541,105.012,36.238)
(302.607,77.0416,14.6236)
(339.849,109.362,-126.157)
(-31.3054,324.183,-5.64941)
(-112.647,433.996,-23.1446)
(-68.5042,-328.161,3.71688)
(-88.473,-418.862,38.5518)
(102.967,-307.358,20.3988)
(77.7058,-350.099,-5.80935)
(172.283,264.199,-19.275)
(163.18,259.348,-63.7178)
(-182.967,254.483,42.221)
(-344.384,242.991,-25.1074)
(205.16,-257.803,-42.315)
(296.186,-263.598,-150.193)
(207.184,-261.264,-44.7388)
(223.712,-181.807,-66.8388)
(319.344,5.81526,107.496)
(189.414,40.616,-53.726)
(170.482,286.417,46.8329)
(209.016,276.671,88.0691)
(292.494,141.901,2.70145)
(355.828,218.892,79.5573)
(287.905,137.857,-3.47412)
(258.165,119.219,-4.34585)
(-305.05,67.1017,26.736)
(-330.059,30.4009,55.4417)
(313.181,-12.6555,-8.56202)
(382.515,-55.9169,-31.4388)
(81.9863,-307.517,-70.6981)
(235.541,-246.398,-106.986)
(-61.9559,308.616,74.3767)
(-151.79,224.352,52.4216)
(-62.5291,310.718,77.5073)
(-145.164,290.18,50.4503)
(209.442,242.439,72.2978)
(230.281,280.72,114.477)
(-310.22,45.0868,-85.3997)
(-486.727,10.9537,20.8542)
(153.321,-274.638,105.043)
(102.445,-257.902,98.7644)
(162.92,-282.042,117.263)
(132.517,-157.194,104.347)
(-66.3826,310.86,-118.831)
(22.3992,195.916,-127.294)
(180.212,-257.175,36.9572)
(158.697,-170.728,115.986)
(307.818,135.534,22.7023)
(237.519,114.594,23.3003)
(-314.765,-57.9587,79.3425)
(-392.582,-105.182,64.3801)
(319.117,80.803,-107.375)
(225.9,-21.7465,-187.159)
(82.9396,-305.551,-100.268)
(150.395,-297.807,7.49499)
(95.3321,-312.89,-95.5681)
(30.1201,-324.299,-152.617)
(-246.028,215.307,70.5337)
(-168.861,293.391,61.6549)
(-244.038,220.847,74.4066)
(-322.598,211.201,-1.94831)
(282.881,138.795,-42.3643)
(308.155,178.315,-17.5548)
(285.3,138.581,-46.9073)
(296.365,180.762,62.6648)
(138.524,279.912,83.8496)
(220.305,271.716,38.909)
(78.6439,-305.768,-88.3958)
(46.736,-329.578,-44.0878)
(-185.708,-265.4,-0.0476934)
(-128.01,-199.721,-61.3692)
(274.806,193.457,1.79232)
(297.117,289.828,60.5823)
(-148.704,-293.262,39.6631)
(-75.7674,-294.828,87.7506)
(245.701,212.445,-27.4232)
(260.137,125.858,-35.7779)
(-291.909,-132.69,6.84356)
(-329.582,-116.778,-24.7203)
(330.635,59.0214,-2.25797)
(317.886,-70.7303,75.9928)
(273.383,157.929,16.3734)
(274.796,203.139,-50.1761)
(275.314,160.652,15.8388)
(337.211,177.548,-94.9482)
(-306.507,-100.654,-11.3537)
(-305.892,-183.122,-22.0063)
(312.889,-21.8248,7.19577)
(311.874,-20.583,-42.158)
(313.589,-22.8949,12.5607)
(317.898,-19.0321,-10.3169)
(-318.215,29.8859,-6.5092)
(-336.015,2.30914,-63.1338)
(-322.245,-48.2406,-23.3364)
(-318.437,-7.76241,3.4604)
(307.499,76.3454,41.3753)
(225.371,51.1465,9.27257)
(328.271,-21.8854,-119.494)
(362.211,17.85,-171.467)
(60.6114,320.931,102.253)
(48.1119,308.24,207.551)
(153.66,-281.141,-90.1725)
(170.679,-318.404,-42.1086)
(-310.064,90.736,-109.144)
(-347.251,105.773,-124.142)
(-290.167,139.171,-121.152)
(-300.648,88.9042,-36.3024)
(287.195,-127.926,108.659)
(251.49,-165.508,123.231)
(313.952,-12.6923,112.504)
(345.348,-7.30965,60.7835)
(-67.9103,320.692,9.81305)
(-30.2698,398.759,-26.9374)
(-112.522,-300.44,31.5248)
(-56.1298,-384.32,81.5056)
(47.0599,322.972,91.6013)
(-16.6294,346.124,64.6874)
(211.357,-230.263,54.407)
(226.326,-170.493,222.679)
(160.359,-269.461,-47.222)
(191.27,-313.69,70.4376)
(219.031,-224.389,69.3)
(307.589,-290.739,-0.748958)
(-316.871,1.45798,-5.31202)
(-309.429,50.5694,79.8255)
(-317.319,-2.30184,-4.18574)
(-445.664,19.508,61.9563)
(316.633,-1.41809,1.33587)
(303.668,-22.4778,-67.0489)
(-252.375,-205.13,101.827)
(-181.453,-209.431,169.633)
(-248.38,196.297,-7.66725)
(-256.001,193.037,-24.3595)
(-247.764,198.963,-7.0685)
(-252.766,100.093,63.7574)
(-247.376,202.047,-8.92902)
(-241.242,262.284,19.6036)
(-252.856,201.398,-9.22968)
(-302.946,242.683,-14.6951)
(99.7708,-300.322,14.8061)
(63.0783,-280.818,52.252)
(-76.1039,305.346,-105.397)
(-143.365,315.908,-34.4501)
(163.571,-274.756,92.3498)
(214.443,-397.294,170.165)
(-26.204,314.64,-107.969)
(-32.1731,338.795,-94.8393)
(-74.625,-313.665,103.944)
(-128.181,-363.321,135.592)
(-76.5844,-310.455,97.2914)
(-126.129,-299.035,188.509)
(-84.6774,-308.26,94.9222)
(-49.3885,-185.698,-11.7106)
(-264.268,-172.423,-72.0728)
(-383.546,-115.649,-116.882)
(-123.922,-292.747,86.0062)
(-133.75,-312.749,116.177)
(-155.779,284.894,-80.3934)
(-252.669,224.283,-44.4925)
(281.971,-143.805,78.3492)
(345.023,-106.118,-15.856)
(295.471,117.342,74.3183)
(302.718,74.8703,18.3639)
(292.877,121.147,73.0052)
(262.349,122.743,140.867)
(-279.409,-158.085,-101.428)
(-291.042,-149.095,-64.7217)
(-277.705,-155.649,-101.52)
(-273.391,-20.344,-220.949)
(-306.125,-63.7395,10.6259)
(-363.304,-124.493,67.8619)
(220.041,-247.623,-105.116)
(125.479,-225.701,-167.907)
(-272.274,-160.693,50.0381)
(-204.95,-172.099,-11.334)
(-273.037,-158.887,53.4856)
(-164.669,-151.504,100.776)
(-273.455,-157.869,52.725)
(-311.21,-99.4788,9.86492)
(308.306,129.239,-40.3268)
(305.267,131.002,-142.337)
(308.109,132.1,-34.9342)
(359.133,149.454,-76.8872)
(199.973,253.857,-78.1398)
(260.682,318.397,-146.998)
(190.918,262.413,-70.2932)
(129.001,304.7,-154.662)
(66.4151,-313.167,96.8349)
(43.8383,-203.944,9.57957)
(110.577,-297.99,-41.0257)
(110.147,-267.478,-47.2513)
(92.0559,-315.377,-21.0149)
(139.442,-316.499,-75.6161)
(-264.072,203.776,28.573)
(-327.054,153.027,-1.30362)
(-269.332,201.763,30.5798)
(-214.047,107.047,-1.92958)
(-99.4533,306.195,-87.0632)
(-75.2681,341.109,-96.5772)
(-102.087,311.039,-93.7112)
(-45.8173,255.757,-62.2666)
(-99.3233,311.361,-95.4149)
(-82.3854,264.998,-85.5068)
(-94.6507,314.947,-102.439)
(7.69616,258.583,-1.98074)
(217.666,-235.264,65.4288)
(236.5,-197.24,142.387)
(-335.109,12.4036,83.6825)
(-303.143,23.8744,-1.4392)
(236.055,217.537,-107.698)
(209.039,193.826,-190.377)
(316.366,96.7666,-42.9827)
(305.462,97.8307,-44.1766)
(312.196,101.984,-46.1707)
(310.507,130.803,-125.469)
(-261.386,-173.621,73.7737)
(-278.614,-79.1958,-56.9325)
(112.545,-299.668,123.097)
(153.039,-285.588,48.2687)
(-255.321,-184.851,56.6717)
(-348.689,-178.189,58.7346)
(-25.419,321.165,-35.2908)
(53.0862,366.25,-144.061)
(191.535,261.442,59.2721)
(142.56,290.537,55.7737)
(-55.7712,-317.929,-67.7676)
(-199.26,-426.075,-63.5245)
(-308.326,87.5631,-93.4906)
(-260.223,18.6957,-16.2042)
(-305.555,-91.3593,113.953)
(-391.579,-104.958,146.641)
(289.531,-140.411,-111.566)
(314.53,-82.4013,-95.314)
(290.173,-130.435,-120.037)
(242.948,-54.1836,-119.3)
(-323.609,54.8949,49.0704)
(-290.128,20.2086,-31.6456)
(-325.086,59.446,49.9351)
(-354.212,-11.1014,-11.043)
(-306.942,83.6783,42.4557)
(-273.723,70.3138,29.8279)
(-311.497,117.908,-6.76229)
(-351.478,97.2898,94.1487)
(240.621,-204.796,13.0445)
(70.7568,-201.623,0.650541)
(243.076,-211.124,19.8835)
(175.252,-162.883,11.1229)
(-336.264,18.0297,-10.0231)
(-214.107,2.45942,-37.7541)
(-82.9988,312.129,-8.78512)
(-93.686,229.29,76.8861)
(286.235,-137.268,-54.6502)
(285.22,-102.231,-128.361)
(-126.464,-291.438,-49.5795)
(-76.6941,-293.533,6.82014)
(-125.219,-295.058,-46.9692)
(-88.1746,-420.623,-22.9063)
(-124.064,-296.053,-46.7117)
(31.8028,-220.382,-126.953)
(266.449,191.473,35.5405)
(302.796,146.047,53.1131)
(279.021,145.474,-13.5676)
(261.974,156.752,-46.9867)
(278.513,146.261,-13.0127)
(285.707,206.657,-9.7004)
(-148.009,291.89,40.9325)
(-263.222,231.642,77.5874)
(80.9496,-302.28,44.5545)
(-31.4001,-255.124,-4.74898)
(17.1038,324.621,-43.8066)
(8.20561,425.496,-108.192)
(-274.422,-151.91,-52.2897)
(-373.318,-240.895,-16.9183)
(214.416,229.714,82.2011)
(215.658,226.582,90.4789)
(229.338,239.944,84.204)
(174.581,296.484,37.548)
(-113.209,-293.903,-101.571)
(-172.702,-250.796,-124.297)
(265.288,205.001,72.0516)
(262.189,164.467,121.057)
(-20.9248,-315.345,15.5128)
(-96.1381,-383.93,-52.3689)
(134.823,305.568,-67.3661)
(157.547,311.303,18.9698)
(212.967,-229.439,101.709)
(160.556,-129.606,65.2571)
(314.646,-45.0317,37.5489)
(285.384,-30.135,36.5952)
(220.06,-225.154,-111.378)
(137.022,-222.879,-119.223)
(-10.847,-316.586,99.1194)
(-76.2957,-354.256,121.853)
(-89.1023,312.186,-99.5864)
(-59.9892,490.14,14.4206)
(-88.0899,323.878,-105.826)
(-60.4674,342.046,-137.925)
(284.622,141.378,64.6343)
(340.499,115.025,154.365)
(-326.024,-77.4054,-38.5883)
(-309.728,-133.481,-113.028)
(296.324,129.832,-96.4814)
(252.246,88.1381,-255.476)
(316.828,22.7462,-77.5551)
(303.861,13.6635,7.65601)
(315.836,24.3625,-79.7002)
(339.056,-1.76749,-170.737)
(-227.519,218.01,31.4344)
(-216.204,187.115,78.7484)
(-12.1458,-317.228,-43.1616)
(1.09565,-351.231,-126.425)
(-7.49852,-311.978,-41.4077)
(-0.82815,-363.207,-154.871)
(280.467,-145.085,90.4764)
(229.277,-126.417,95.3747)
(204.177,-244.53,-70.8299)
(196.293,-195.126,-53.0378)
(204.598,-244.239,-68.5257)
(304.062,-146.799,-46.4305)
(207.572,-244.158,-64.8455)
(241.332,-278.771,73.6427)
(-294.617,109.579,33.0808)
(-248.301,31.8005,58.6124)
(-144.122,280.233,12.7031)
(-81.1556,208.578,4.24484)
(-145.509,280.476,13.7247)
(-111.83,390.009,11.9305)
(-150.912,277.25,16.4494)
(-103.461,196.521,89.1678)
(213.59,-237.187,-10.8917)
(312.771,-193.553,-82.8104)
(293.698,115.826,-26.8495)
(226.01,45.8859,20.9014)
(-188.457,-248.733,63.7154)
(-193.571,-204.475,-14.5433)
(205.254,242.354,20.2891)
(185.537,315.303,128.178)
(-271.108,-164.594,-11.9716)
(-232.205,-254.426,-54.6916)
(309.035,103.324,-37.0157)
(436.494,78.9065,-19.7386)
(296.674,116.636,-38.7311)
(349.662,52.3268,31.402)
(-164.136,267.903,-90.5298)
(-65.0528,261.293,-83.0146)
(175.305,267.355,-36.678)
(124.183,352.124,82.6323)
(-299.948,-99.5978,-41.506)
(-277.389,-140.149,14.3923)
(-29.3365,312.832,-7.88754)
(-54.5661,386.621,-136.61)
(-29.9795,312.502,-8.07425)
(-146.009,335.286,28.4722)
(-71.2584,-305.094,9.42561)
(-163.419,-277.001,44.4682)
(-309.003,-79.9975,15.9102)
(-432.702,-182.861,46.5434)
(-292.785,-136.877,100.584)
(-265.577,-109.62,124.825)
(277.687,-181.186,44.2972)
(347.481,-180.522,69.5434)
(275.641,-186.419,45.8695)
(303.972,-161.301,28.247)
(-257.771,180.934,-40.6269)
(-145.425,201.012,-96.8043)
(305.285,-78.6525,120.555)
(366.225,-8.53137,177.5)
(314.899,-79.9827,121.597)
(308.281,-39.4713,119.853)
(-315.147,48.9284,-74.2154)
(-345.329,-38.0419,-95.9144)
(-321.791,65.9159,-80.6287)
(-376.653,115.774,-191.546)
(268.094,-164.229,-123.087)
(304.437,-230.024,-146.237)
(250.864,201.574,2.86409)
(205.83,204.279,65.6084)
(245.492,-196.351,-110.149)
(139.41,-241.208,-132.916)
(53.2121,-308.636,111.299)
(166.247,-374.601,83.6364)
(-301.999,-78.309,-15.1129)
(-280.66,-131.662,-51.4777)
(-283.253,135.597,-52.2077)
(-269.605,132.994,-39.1507)
(-286.635,139.902,-56.0811)
(-293.534,153.482,-99.2679)
(-290.848,141.25,-52.921)
(-333.354,230.864,-65.6808)
(-58.1775,308.046,84.2842)
(-92.5178,294.736,6.58803)
(321.107,-89.5265,51.3675)
(310.203,-186.791,72.5347)
(-127.663,306.498,-15.5706)
(-145.32,254.515,-75.0033)
(197.521,-255.699,18.2645)
(256.378,-180.902,56.7338)
(-40.3142,-313.575,11.0139)
(-147.769,-312.864,73.4221)
(-40.6629,-313.804,7.28412)
(-24.6144,-295.501,56.2227)
(220.262,230.067,-4.15114)
(197.147,175.826,7.49375)
(322.689,88.3479,46.1759)
(237.14,32.9105,-30.3344)
(-310.765,-61.8396,-33.4868)
(-346.88,50.6001,-9.08391)
(-326.044,17.4449,-31.9761)
(-358.842,16.5279,-187.765)
(-325.97,17.4391,-32.0892)
(-318.857,-56.6005,-62.9451)
(-97.4575,-322.291,117.971)
(-90.7261,-393.753,129.047)
(-97.2682,-322.275,120.657)
(-139.64,-380.063,91.9235)
(-121.93,305.405,-108.365)
(-60.2552,323.956,-142.534)
(306.631,74.0993,-88.4062)
(327.791,147.224,-109.354)
(-298.782,120.115,-11.5201)
(-379.019,53.6019,-41.6504)
(259.693,-186.771,21.8594)
(164.028,-228.208,-11.2833)
(269.593,-200.307,10.4386)
(271.357,-132.936,-55.7372)
(-60.8018,320.535,9.16654)
(-81.0233,300.256,-105.972)
(197.942,-269.287,-7.61391)
(167.094,-343.134,32.2144)
(186.525,-267.409,-16.6768)
(199.31,-273.464,-128.108)
(304.094,132.597,-111.168)
(265.142,108.733,-36.6106)
(304.257,129.768,-114.863)
(377.627,104.397,-141.146)
(-306.247,-62.5898,52.6832)
(-301.774,-3.39808,22.3168)
(-308.132,-87.1611,85.4754)
(-329.217,-69.6558,49.8643)
(159.962,-269.556,47.733)
(196.86,-205.066,43.6589)
(-231.542,210.665,-72.6845)
(-229.645,100.704,3.58382)
(232.487,-216.781,-95.4522)
(270.98,-260.306,-185.75)
(-279.321,139.347,58.283)
(-318.888,128.044,161.829)
(-276.915,144.416,62.5377)
(-220.116,197.47,57.038)
(275.599,164.682,-3.77448)
(331.443,26.2754,68.3759)
(-309.154,-66.8858,2.06972)
(-178.23,-23.4657,-7.18326)
(-312.415,-63.2483,3.62226)
(-278.066,-76.0668,29.6008)
(-291.037,119.698,28.5932)
(-152.498,236.956,20.5253)
(254.501,-190,-42.1491)
(264.913,-148.697,-62.7009)
(329.213,2.72468,-8.19011)
(412.19,-55.9596,-97.4616)
(158.343,-274.05,48.1189)
(95.0632,-145.877,108.044)
(162.192,-278.812,50.2819)
(257.366,-225.381,18.8284)
(52.7692,324.636,-60.0527)
(44.3231,263.045,-6.03072)
(18.6865,319.963,92.3793)
(5.91162,418.304,99.556)
(30.1513,-316.393,-51.6133)
(-72.3098,-294.396,-93.1663)
(69.2619,312.872,51.3809)
(43.5329,295.376,86.9736)
(79.1437,313.41,58.8151)
(27.9465,365.856,51.3788)
(10.3325,-331.743,37.3134)
(54.0076,-347.221,28.6088)
(185.998,251.046,-30.671)
(204.58,202.789,-26.1158)
(-312.249,71.8731,-95.9609)
(-303.167,144.231,-66.3941)
(-314.957,71.3742,-94.5137)
(-264.418,191.555,-62.0218)
(-315.496,73.0612,-90.6111)
(-316.248,136.632,-121.878)
(308.746,-50.534,66.978)
(353.452,-112.436,89.5787)
(-313.581,73.8999,1.10322)
(-319.574,298.538,41.4832)
(-313.693,78.0909,7.01311)
(-397.308,142.915,112.801)
(295.196,-118.745,0.841169)
(224.841,-56.201,-109.169)
(294.586,-121.157,-3.05241)
(289.893,-231.465,33.2145)
(-46.3809,-315.53,86.5517)
(-20.9753,-362.082,153.921)
(301.755,-101.499,-39.0296)
(327.972,-121.274,-50.2303)
(-294.309,137.609,55.0777)
(-264.001,23.3521,27.4611)
(-295.847,134.426,53.4868)
(-307.333,183.863,164.843)
(-91.6399,316.297,-13.7946)
(-62.2938,280.563,-13.1452)
(250.375,-218.947,10.9388)
(233.709,-306.507,78.8686)
(-268.202,198.942,37.0383)
(-339.102,194.803,-35.1597)
(172.273,263.979,-15.9304)
(206.091,235.196,49.2725)
(188.671,274.615,-20.8411)
(218.282,245.34,-41.8151)
(-125.628,288.17,63.6748)
(-36.8693,189.633,116.667)
(-127.836,289.627,65.7389)
(-139.493,393.417,126.132)
(-138.54,296.903,77.6867)
(-141.278,231.835,172.706)
(-28.7767,-325.475,-73.8592)
(-92.3363,-209.979,3.08478)
(-26.9518,-321.637,-71.8134)
(84.7186,-245.976,13.2612)
(319.4,-88.4397,43.0513)
(305.917,-33.7522,98.8498)
(316.276,-93.5143,39.9267)
(270.764,-81.96,72.0912)
(-295.709,113.255,-56.8255)
(-293.599,128.307,-127.13)
(-294.606,112.477,-63.6736)
(-308.464,142.206,-31.934)
(98.0925,-304.738,49.2872)
(-5.07977,-424.189,-31.409)
(120.98,289.056,-50.0328)
(228.92,284.94,-96.5986)
(123.285,291.272,-49.2695)
(38.8969,314.263,-49.8764)
(121.344,291.254,-46.4999)
(143.906,263.437,-72.3913)
(123.177,292.214,-44.1718)
(44.57,223.14,54.8422)
(321.881,44.5105,-15.113)
(357.168,75.0471,-114.328)
(-336.505,-18.624,4.15442)
(-413.515,-43.3964,10.7788)
(207.817,-241.807,108.682)
(320.995,-165.646,171.002)
(216.154,-239.442,111.414)
(240.541,-233.428,72.418)
(228.478,-247.427,108.357)
(168.288,-219.248,235.785)
(-317.653,-29.9211,-109.607)
(-394.877,-2.12353,-157.077)
(294.826,-108.768,14.1339)
(234.821,-126.75,47.9688)
(278.157,158.316,120.985)
(258.518,171.062,140.172)
(-305.398,-80.6627,-59.1238)
(-181.342,-17.0646,-109.703)
(-322.526,-81.3809,-61.7652)
(-429.691,-71.1875,-63.777)
(-203.791,-238.439,-102.331)
(-125.274,-137.407,-110.012)
(301.037,111.406,50.6459)
(278.443,219.971,-32.5115)
(301.476,111.994,46.6971)
(269.695,165.188,143.662)
(-255.367,-185.084,32.2375)
(-250.415,-163.92,24.7347)
(-100.911,305.688,-2.01293)
(-33.6618,289.887,49.1674)
(-173.672,-262.502,2.49764)
(-207.663,-347.082,53.2851)
(-174.452,-266.085,4.22449)
(-107.553,-264.973,6.95246)
(-153.507,-299.873,-86.555)
(-80.9892,-308.283,-204.339)
(167.916,289.142,80.2003)
(93.5148,227.58,110.216)
(80.6981,322.328,35.7664)
(108.994,387.371,51.952)
(-189.822,258.743,-45.0707)
(-178.135,192.647,-100.473)
(-189.216,257.533,-42.1304)
(-197.576,248.71,-115.635)
(200.739,-246.936,42.2272)
(212.269,-276.406,162.956)
(70.7835,319.267,-79.1462)
(127.007,223.205,-12.2253)
(144.961,-282.815,71.3992)
(136.383,-170.63,147.491)
(-195.67,244.683,-109.854)
(-123.808,229.717,-149.564)
(-193.419,246.775,-113.681)
(-142.663,245.876,-92.3222)
(101.704,321.015,-1.56095)
(75.8404,417.439,-36.5339)
(-187.892,257.081,-109.089)
(-195.194,179.864,2.80055)
(-283.533,135.791,98.3473)
(-234.577,113.79,56.515)
(29.2306,-316.633,32.6766)
(20.944,-379.938,2.24327)
(41.5472,-318.44,34.3214)
(-43.3503,-240.426,37.3408)
(-9.33737,320.508,-36.2685)
(-146.085,304.801,-47.04)
(-13.6339,326.257,-36.9771)
(10.4819,365.716,-107.381)
(149.619,281.942,-118.88)
(84.008,218.323,-186.562)
(322.734,-84.8245,111.988)
(267.497,-104.645,64.99)
(-197.867,-242.146,-109.514)
(-300.219,-223.289,-140.924)
(-202.87,-243.017,-114.467)
(-246.275,-193.845,-119.324)
(301.877,99.5556,-69.0739)
(230.719,55.7336,-106.832)
(-298.534,-93.3073,74.4944)
(-199.285,-32.9284,34.9923)
(-261.137,199.473,116.311)
(-185.768,287.567,236.513)
(-260.622,205.062,111.828)
(-177.071,237.553,99.0616)
(252.532,-208.694,-66.7029)
(296.803,-201.56,-109.505)
(-298.846,108.622,33.2364)
(-331.157,9.69108,51.7827)
(-314.94,102.7,27.5895)
(-366.525,53.2987,162.715)
(267.344,179.045,-63.7406)
(272.653,247.872,-7.02031)
(-320.984,20.077,31.9383)
(-305.835,96.1196,-25.7004)
(-320.916,29.4941,35.8571)
(-150.411,-5.37668,48.7182)
(-326.911,26.79,44.8085)
(-274.183,65.6041,98.0235)
(-290.417,129.184,-55.6749)
(-343.473,79.3745,-87.6733)
(225.534,-240.851,101.147)
(288.357,-281.857,110.313)
(324.688,-65.3442,-104.085)
(244.135,-192.674,-151.599)
(-303.289,89.3133,-4.0481)
(-293.86,150.869,-62.5495)
(-303.289,91.0593,-5.74914)
(-395.085,6.75402,37.5211)
(326.118,-46.5775,2.93529)
(374.97,-43.9083,-62.8459)
(186.621,272.747,-15.7337)
(177.555,298.897,-80.2636)
(187.373,274.71,-14.9539)
(179.443,332.285,-81.7357)
(-240.489,-203.184,38.6686)
(-312.275,-311.248,145.647)
(247.95,193.059,-35.3764)
(262.408,143.834,-6.95069)
(-313.738,-99.1678,64.4654)
(-274.945,-53.2831,188.397)
(-313.092,-98.4378,63.867)
(-361.844,-98.6041,85.5398)
(288.865,127.102,-81.2893)
(270.339,192.136,-93.3921)
(290.558,125.499,-78.5414)
(307.822,63.567,-159.003)
(-278.498,156.02,17.7774)
(-303.248,189.624,122.809)
(70.202,-303.796,112.068)
(92.6776,-268.213,59.0978)
(90.0779,-305.634,104.855)
(193.922,-274.762,143.215)
(-305.526,-139.739,99.9277)
(-372.045,-171.52,32.4886)
(-92.0517,306.037,-69.0587)
(52.8163,373.601,11.9625)
(-315.338,63.134,53.3291)
(-373.352,128.1,119.761)
(-323.692,79.4779,61.0311)
(-398.891,86.4099,91.8373)
(312.41,79.5164,-77.3645)
(363.372,94.2486,-87.0609)
(136.412,-281.296,62.2939)
(206.152,-234.152,-16.2316)
(143.103,-283.419,67.5697)
(108.217,-321.459,89.2798)
(-320.538,-40.6349,65.7609)
(-428.155,-45.7782,153.762)
(-334.08,-29.9103,67.8399)
(-286.997,-96.679,-22.2212)
(297.827,111,56.0057)
(304.134,130.338,13.4813)
(311.156,128.241,55.2237)
(207.231,99.016,44.7505)
(-249.957,-213.532,-107.312)
(-340.521,-206.928,-98.6253)
(-248.561,-215.205,-105.806)
(-222.402,-235.775,-118.708)
(152.677,-296.648,-119.416)
(168.935,-263.256,-140.227)
(-316.019,-104.5,29.718)
(-299.187,-255.334,138.496)
(-315.098,-69.6458,122.002)
(-415.856,-173.766,220.311)
(-317.627,-61.8711,122.557)
(-412.289,-108.59,134.88)
(-55.6845,313.382,-18.4822)
(-67.1104,290.765,18.1428)
(76.3384,-315.107,20.2296)
(174.739,-247.106,52.0302)
(177.223,262.631,47.2869)
(111.047,372.037,-1.44405)
(-302.345,79.5696,-12.6228)
(-273.494,34.1849,68.5493)
(-303.575,81.7475,-13.8473)
(-426.138,154.059,-30.5654)
(65.3488,-311.155,104.586)
(171.944,-302.52,175.525)
(68.3223,-309.777,102.602)
(32.3366,-326.886,109.777)
(94.535,302.746,-105.593)
(69.8204,324.903,-157.148)
(27.2464,314.526,106.933)
(120.481,196.832,126.663)
(-294.728,125.831,73.0429)
(-293.336,95.6727,13.4884)
(302.229,-91.8076,-55.2192)
(244.867,-43.0705,-174.517)
(306.302,-80.717,73.5871)
(271.85,17.1074,5.61721)
(283.015,-155.157,33.7128)
(242.483,-93.3021,50.9052)
(292.444,-167.211,44.2574)
(288.832,-259.656,66.6827)
(-246.87,198.448,-44.7202)
(-269.434,270.484,6.77681)
(273.856,-161.501,-40.5532)
(269.922,-117.453,-82.8829)
(270.281,-161.598,-41.3632)
(161.892,-230.243,-64.2727)
(198.394,-245.682,34.2772)
(242.534,-238.646,15.8806)
(-252,198.3,-26.8127)
(-304.225,238.927,119.851)
(-256.051,209.041,-31.7309)
(-171.386,190.373,-161.955)
(-308.179,-51.9243,-112.697)
(-296.399,-47.5787,-110.463)
(65.0535,308.056,112.64)
(52.0825,292.427,87.5782)
(-254.636,182.134,-103.48)
(-328.041,161.958,-160.655)
(119.216,-294.125,104.565)
(117.33,-327.651,101.302)
(-25.1656,313.814,-111.308)
(10.9523,266.306,-123.973)
(-28.8059,329.537,-103.24)
(-52.4035,345.556,-152.04)
(-289.301,-142.589,-8.35496)
(-235.676,-169.511,30.0743)
(261.943,185.932,11.8495)
(274.777,139.933,100.638)
(292.176,-119.744,14.3677)
(231.985,-130.218,34.5726)
(292.016,-123.852,15.0152)
(296.704,-166.538,30.05)
(-273.74,-166.406,-30.7858)
(-233.529,-264.535,-33.8597)
(98.4077,297.859,52.7323)
(43.0877,356.492,-30.0861)
(-54.177,-325.19,-107.605)
(-113.423,-398.76,-62.9485)
(-53.3308,-325.501,-109.201)
(-16.7309,-358.764,-101.339)
(186.164,258.412,82.5088)
(108.068,384.145,92.847)
(193.745,267.469,88.2967)
(297.045,287.234,9.37106)
(-207.904,247.595,-57.8808)
(-202.433,316.078,-39.8158)
(-207.052,247.443,-57.9074)
(-260.262,261.262,-14.888)
(232.37,244.623,-21.9966)
(313.475,283.619,-129.685)
(19.5149,-318.907,28.3702)
(65.2743,-348.665,46.6456)
(288.773,141.377,-72.2472)
(378.914,97.9929,-114.358)
(-231.493,-210.112,102.848)
(-186.282,-232.287,115.731)
(319.446,68.8568,56.933)
(312.991,63.6204,-47.64)
(322.377,62.941,48.7303)
(294.978,31.9266,-14.4931)
(-293.233,-132.777,-109.694)
(-310.097,-73.8283,57.6897)
(312.437,68.2728,-52.8144)
(302.077,114.397,-83.3562)
(-318.979,-41.7092,35.6899)
(-353.085,-160.683,-13.4598)
(297.844,-130.679,-113.619)
(265.949,-9.07065,-134.865)
(-318.127,-59.3529,-122.08)
(-205.869,-13.8555,-161.293)
(-326.274,-4.74395,-77.879)
(-422.177,-50.4,-39.2726)
(-331.488,-7.38581,-86.4758)
(-342.873,-92.9908,-98.6757)
(-328.477,-8.42665,-90.5034)
(-420.138,-13.9395,-52.4632)
(59.494,-308.446,22.2033)
(132.35,-339.339,54.8344)
(228.874,-238.885,-34.4977)
(231.503,-229.106,-68.9731)
(114.227,295.505,62.9996)
(162.713,378.934,56.4543)
(-20.1183,-321.553,-72.1135)
(-45.9388,-371.365,-84.5335)
(45.2191,-312.979,30.9906)
(79.2646,-446.428,119.422)
(43.2627,-318.563,35.9522)
(-30.1237,-407.935,-116.978)
(-125.69,-289.73,80.7236)
(-56.3254,-278.077,179.775)
(-128.094,-297.293,88.3069)
(-60.616,-311.101,127.196)
(289.766,136.698,37.2058)
(290.032,137.216,102.599)
(291.034,137.102,38.1055)
(308.069,129.576,-4.85681)
(-300.18,129.187,62.3081)
(-323.121,152.718,127.273)
(210.389,-235.669,50.2035)
(141.626,-197.479,-6.79179)
(46.7742,311.019,-67.8046)
(-78.6788,336.359,-79.2741)
(-314.135,-53.5135,79.8505)
(-359.192,-95.7386,150.362)
(15.7624,-311.852,-64.6835)
(-8.71504,-345.933,-58.2377)
(-311.106,38.8402,-43.8562)
(-348.232,55.6619,-157.185)
(314.315,-2.95146,64.0536)
(373.364,4.14095,8.68425)
(313.382,-1.61192,63.3227)
(304.463,-64.5663,81.0576)
(-312.933,4.62585,-84.1675)
(-314.697,-16.1337,1.04249)
(-321.768,-17.1912,-9.03901)
(-324.487,10.4852,-3.21599)
(314.493,30.3991,10.8537)
(349.848,46.9217,-141.274)
(171.463,263.965,-23.5342)
(129.466,313.088,25.7517)
(172.23,263.357,-27.364)
(39.0776,348.207,-141.751)
(248.283,-205.962,-46.1432)
(220.19,-152.006,39.3984)
(250.238,-211.417,-44.025)
(311.65,-232.909,3.40561)
(249.068,-215.984,-44.2572)
(308.152,-318.464,-80.2099)
(311.802,-25.4961,84.2911)
(402.58,-31.5809,107.249)
(-278.678,-168.93,27.4136)
(-290.412,-126.19,10.9871)
(117.376,313.925,-51.4938)
(149.43,207.85,-99.4756)
(327.225,50.7491,22.679)
(349.09,72.7115,48.0478)
(327.993,49.0192,22.4728)
(343.569,-14.918,83.9195)
(-306.103,-80.6853,-32.7874)
(-150.451,-196.662,74.9132)
(-307.075,-131.524,-68.2271)
(-231.156,-103.988,-110.972)
(251.138,191.034,101.983)
(263.361,216.636,54.0713)
(251.076,189.293,103.598)
(311.975,148.251,42.5733)
(-121.746,-296.331,114.972)
(-82.7786,-209.424,18.798)
(25.9649,313.941,-117.474)
(86.2029,305.908,-134.148)
(-315.878,-75.702,-119.089)
(-263.317,-29.7653,-122.884)
(-315.837,-75.6486,-120.486)
(-289.568,-199.097,-111.485)
(-131.648,-283.962,-61.299)
(-157.992,-365.679,-93.0623)
(236.249,210.59,46.3792)
(131.532,289.836,118.407)
(234.732,213.784,44.1784)
(280.536,220.762,-35.2664)
(153.714,274.336,61.6824)
(149.371,327.827,178.509)
(330.749,43.9687,-28.1266)
(295.678,62.2246,-62.0026)
(318.514,54.6976,-116.118)
(270.037,16.9401,-63.3202)
(254.288,-188.034,-15.2345)
(267.082,-134.154,7.79115)
(-211.778,-255.828,-108.49)
(-242.995,-178.697,-44.7845)
(-214.104,-253.131,-110.178)
(-226.798,-154.466,-8.79233)
(-212.954,-250.422,-108.723)
(-206.437,-262.094,-73.1435)
(296.5,113.78,47.8161)
(318.656,19.3764,20.1017)
(299.497,119.57,44.2248)
(329.544,145.246,129.292)
(2.40026,313.87,35.4002)
(-40.3034,296.931,-5.18761)
(-4.49771,332.958,34.768)
(47.3915,378.59,6.71162)
(18.6346,-319.565,-39.4836)
(110.819,-334.568,-88.0722)
(209.094,238.314,92.0569)
(188.559,366.75,-58.4279)
(-138.747,-282.418,-104.914)
(-91.917,-316.679,-170.551)
(200.983,-242.828,118.888)
(176.869,-217.773,133.943)
(-144.913,287.974,-111.22)
(-95.2615,157.713,-123.386)
(-5.42717,-313.796,119.072)
(142.885,-360.218,99.1067)
(-295.046,107.213,111.276)
(-275.36,110.764,67.1515)
(-298.175,112.337,104.485)
(-306.558,110.972,105.62)
(280.72,136.284,-120.205)
(259.64,98.6552,-105.306)
(-157.878,-273.928,-87.3801)
(-133.017,-310.723,-27.5315)
(72.5204,311.954,98.5118)
(109.626,396.806,142.169)
(6.5773,-316.849,-45.6567)
(80.8008,-439.324,-75.3166)
(197.091,264.87,37.9205)
(174.368,262.833,35.4239)
(-289.798,-125.156,88.5173)
(-299.882,-97.2889,145.033)
(-286.259,-127.808,81.3729)
(-286.963,-116.294,74.257)
(302.164,120.824,-87.2218)
(333.877,22.8265,-71.9862)
(302.725,123.384,-91.6632)
(224.461,217.427,-162.577)
(303.327,119.93,-88.0443)
(227.251,158.958,-47.3714)
(299.57,-92.177,72.9103)
(264.646,-98.7467,50.8458)
(192.616,254.904,-3.46169)
(44.0169,349.458,-8.22869)
(194.841,253.159,-1.30773)
(163.196,378.039,116.951)
(-63.8801,-323.575,3.98859)
(-75.9971,-342.538,104.03)
(31.7385,325.302,-27.0246)
(-1.97574,285.227,35.1752)
(30.1087,323.333,-23.0178)
(-67.4039,330.169,30.1014)
(134.592,-284.632,-69.6816)
(132.611,-194.202,-169.463)
(138.261,-284.849,-66.772)
(155.711,-184.481,-44.3467)
(-246.868,221.103,52.6739)
(-233.702,135.821,-51.1997)
(130.043,-283.577,100.353)
(158.323,-249.542,151.834)
(129.748,-297.216,108.516)
(167.518,-231.671,67.2658)
(130.676,-296.747,110.706)
(66.7604,-335.433,173.308)
(133.574,-295.479,109.734)
(160.349,-322.295,165.534)
(-116.454,297.779,-105.693)
(-164.502,409.163,-45.5552)
(295.682,-136.991,-92.892)
(310.95,-118.36,-108.109)
(-45.9805,314.136,-14.9298)
(-40.0708,263.393,-49.0003)
(136.359,-282.271,11.5528)
(177,-291.962,-2.75153)
(134.938,-282.611,10.326)
(121.349,-232.907,30.8214)
(71.4138,-310.808,-111.415)
(127.992,-370.647,0.863774)
(76.5836,-312.883,-108.445)
(49.8649,-248.301,-98.4797)
(80.6418,-313.09,-107.811)
(59.1623,-282.024,-145.061)
(-293.027,-148.037,90.3245)
(-289.398,-156.986,109.044)
(-292.857,-165.809,89.3009)
(-345.121,-131.845,102.127)
(305.192,-80.5026,16.5325)
(315.722,-110.761,-16.6812)
(320.951,-102.984,18.8529)
(393.329,21.0554,-57.9165)
(-253.15,190.449,-33.0362)
(-155.731,260.51,-15.4432)
(-272.476,193.993,-37.1675)
(-381.47,133.896,-26.3572)
(-247.628,198.08,-43.3402)
(-174.268,175.294,-124.479)
(-77.9845,326.527,-61.3028)
(-151.15,396.157,-85.1906)
(90.9743,-300.804,56.9177)
(70.1887,-303.321,18.7719)
(10.5794,315.66,-89.6613)
(7.11402,259.901,-25.7672)
(6.68466,314.784,-88.5078)
(30.9313,306.697,-107.658)
(-159.498,-276.387,81.2578)
(-228.465,-208.447,132.044)
(-333.288,14.0779,-69.6495)
(-352.475,-72.5894,-52.7996)
(269.359,-187.306,46.5953)
(238.055,-151.433,59.5352)
0 events have been kept for refreshing and/or reviewing.
  "/vis/reviewKeptEvents" to review them one by one.
  "/vis/enable", then "/vis/viewer/flush" or "/vis/viewer/rebuild" to see them accumulated.
[Core-0] End of macro ./split/.Gate/main131/main7.mac
Graphics systems deleted.
Visualization Manager deleting...
