[G4] 
[G4] **************************************************************
[G4]  Geant4 version Name: geant4-10-07-patch-02    (11-June-2021)
[G4]                        Copyright : Geant4 Collaboration
[G4]                       References : NIM A 506 (2003), 250-303
[G4]                                  : IEEE-TNS 53 (2006), 270-278
[G4]                                  : NIM A 835 (2016), 186-225
[G4]                              WWW : http://geant4.org/
[G4] **************************************************************
[G4] 
[Core-0] Initialization of geometry
[Core-0] Initialization of physics
[Core-0] Initialization of actors
[Core-0] 
[Core-0] *************************************************
[Core-0]  GATE version 9.1 (2021)
[Core-0]  Copyright : OpenGATE Collaboration
[Core-0]  Reference : Phys. Med. Biol. 49 (2004) 4543-4561
[Core-0]  Reference : Phys. Med. Biol. 56 (2011) 881-901
[Core-0]  Reference : Med. Phys. 41(6)    (2014)
[Core-0]  http://www.opengatecollaboration.org        
[Core-0] *************************************************
[Core-0] 
[Core-0] You are using Geant4 version 10.7.2
[Core-0] Starting macro ./split/.Gate/main131/main8.mac
0: RINDEX
1.84e-06   1.00028
4.08e-06   1.00028
9: GROUPVEL
1.84e-06   299.709
4.08e-06   299.709
16: ABSLENGTH
1.84e-06   50000
4.08e-06   50000
 <!> *** WARNING *** <!>  GateMaterialDatabase: Multiple definition of element: Yttrium.
The definition in ClMind_GateMaterials.db was used.


GATE object:        'systems/cylindricalPET'
Components:

GATE object:        'systems/cylindricalPET/base'
Attached to volume: cylindricalPET
Nb of children:       1

	GATE object:        'systems/cylindricalPET/rsector'
	Attached to volume: module
	Nb of children:       1

		GATE object:        'systems/cylindricalPET/module'
		Attached to volume: unit
		Nb of children:       1

			GATE object:        'systems/cylindricalPET/submodule'
			Attached to volume: block
			Nb of children:       1

				GATE object:        'systems/cylindricalPET/crystal'
				Attached to volume: optical
				Nb of children:       4

					GATE object:        'systems/cylindricalPET/layer0'
					Attached to volume: crystal
					Nb of children:       0

					GATE object:        'systems/cylindricalPET/layer1'
					Attached to volume: ---
					Nb of children:       0

					GATE object:        'systems/cylindricalPET/layer2'
					Attached to volume: ---
					Nb of children:       0

					GATE object:        'systems/cylindricalPET/layer3'
					Attached to volume: ---
					Nb of children:       0
geometrical design type: 1
ring diameter: -3.95 mm 
rsector axial pitch: 0 fm 
rsector azimuthal pitch: 12.8571 degree
rsector tangential size: 2.5 cm 
rsector axial size: 25.04 cm 
module axial size: 4.784 cm 
module tangential size: 2.5 cm 
module axial pitch: 0 fm 
module tangential pitch: 0 fm 
submodule axial size: 4.784 cm 
submodule tangential size: 2.5 cm 
submodule axial pitch: 0 fm 
submodule tangential pitch: 0 fm 
crystal radial size: 1.59 cm 
crystal axial size: 1.59 cm 
crystal tangential size: 2.5 cm 
crystal axial pitch: 0 fm 
crystal tangential pitch: 0 fm 
layer0 radial size: 3.95 mm 
in layer0 interaction length: 1.975 mm 
Axial nb of rsectors: 1
Azimuthal nb of rsectors: 28
Axial nb of modules: 1
Tangential nb of modules: 1
Axial nb of submodules: 1
Tangential nb of submodules: 1
Axial nb of crystals: 1
Tangential nb of crystals: 1
Radial nb of layers: 1
[Physic-0] The following Geant4's physic-list is enabled :emstandard_opt3


List of Enabled processes:




List of initialized processes:


[Core-0] Initialization of geometry
[Core-0] Initialization of physics
[Core-0] Initialization of actors
 <!> *** WARNING *** <!>  The 'energytype' option is DEPRECATED, use 'ene/type' instead!
 <!> *** WARNING *** <!>  The 'energytype' option is DEPRECATED, use 'ene/type' instead!
 <!> *** WARNING *** <!>  The 'energytype' option is DEPRECATED, use 'ene/type' instead!
 <!> *** WARNING *** <!>  The 'energytype' option is DEPRECATED, use 'ene/type' instead!
 <!> *** WARNING *** <!>  The 'energytype' option is DEPRECATED, use 'ene/type' instead!
 <!> *** WARNING *** <!>  The 'energytype' option is DEPRECATED, use 'ene/type' instead!
 <!> *** WARNING *** <!>  The 'energytype' option is DEPRECATED, use 'ene/type' instead!
 <!> *** WARNING *** <!>  The 'energytype' option is DEPRECATED, use 'ene/type' instead!
 <!> *** WARNING *** <!>  The 'energytype' option is DEPRECATED, use 'ene/type' instead!
[Acquisition-0]   
[Acquisition-0] ============= Source initialization =============
[Acquisition-0]   
[Acquisition-0] ============= Acquisition starts! =============
[Acquisition-0] Simulation start time = 0 sec
[Acquisition-0] Simulation end time   = 1 sec
[Acquisition-0] Simulation will have  = 1 run(s)
[Acquisition-0] Slice 0 from 0 to 1 s [slice=1 s]

### ===  Deexcitation model UAtomDeexcitation is activated for 25 regions:
          DefaultRegionForTheWorld  1  1  1
          cylindricalPET  1  1  1
          module  1  1  1
          unit  1  1  1
          block  1  1  1
          optical  1  1  1
          crystal  1  1  1
          capillaire1  1  1  1
          capillaire1_water  1  1  1
          capillaire2  1  1  1
          capillaire2_water  1  1  1
          capillaire3  1  1  1
          capillaire3_water  1  1  1
          capillaire4  1  1  1
          capillaire4_water  1  1  1
          capillaire5  1  1  1
          capillaire5_water  1  1  1
          capillaire_m1  1  1  1
          capillaire_m1_water  1  1  1
          capillaire_m2  1  1  1
          capillaire_m2_water  1  1  1
          capillaire_m3  1  1  1
          capillaire_m3_water  1  1  1
          capillaire_m4  1  1  1
          capillaire_m4_water  1  1  1
### ===  Ignore cuts flag:   0

phot:  for gamma applyCuts:1  SubType=12 BuildTable=0
      LambdaPrime table from 200 keV to 100 TeV in 174 bins 
      ===== EM models for the G4Region  DefaultRegionForTheWorld ======
 LivermorePhElectric : Emin=    0 eV  Emax=  100 TeV  SauterGavrila Fluo

compt:  for gamma applyCuts:1  SubType=13 BuildTable=1
      Lambda table from 10 eV  to 1 MeV, 20 bins/decade, spline: 1
      LambdaPrime table from 1 MeV to 100 TeV in 160 bins 
      ===== EM models for the G4Region  DefaultRegionForTheWorld ======
        KleinNishina : Emin=    0 eV  Emax=  100 TeV Fluo

conv:  for gamma applyCuts:1  SubType=14 BuildTable=1
      Lambda table from 1.022 MeV to 100 TeV, 20 bins/decade, spline: 1
      ===== EM models for the G4Region  DefaultRegionForTheWorld ======
     BetheHeitlerLPM : Emin=    0 eV  Emax=  100 TeV  ModifiedTsai

Rayl:  for gamma applyCuts:1  SubType=11 BuildTable=1
      Lambda table from 10 eV  to 100 keV, 20 bins/decade, spline: 0
      LambdaPrime table from 100 keV to 100 TeV in 180 bins 
      ===== EM models for the G4Region  DefaultRegionForTheWorld ======
   LivermoreRayleigh : Emin=    0 eV  Emax=  100 TeV  CullenGenerator

msc:  for e-  SubType= 10
      ===== EM models for the G4Region  DefaultRegionForTheWorld ======
            UrbanMsc : Emin=    0 eV  Emax=  100 TeV Nbins=240 100 eV  - 100 TeV
              StepLim=DistanceToBoundary Rfact=0.04 Gfact=2.5 Sfact=0.6 DispFlag:1 Skin=1 Llimit=1

eIoni:  for e-  SubType=2
      dE/dx and range tables from 10 eV  to 100 TeV in 260 bins
      Lambda tables from threshold to 100 TeV, 20 bins/decade, spline: 1
      StepFunction=(0.2, 0.1 mm), integ: 1, fluct: 1, linLossLim= 0.01
      ===== EM models for the G4Region  DefaultRegionForTheWorld ======
        MollerBhabha : Emin=    0 eV  Emax=  100 TeV  deltaVI

eBrem:  for e-  SubType=3
      dE/dx and range tables from 10 eV  to 100 TeV in 260 bins
      Lambda tables from threshold to 100 TeV, 20 bins/decade, spline: 1
      LPM flag: 1 for E > 1 GeV,  VertexHighEnergyTh(GeV)= 100000
      ===== EM models for the G4Region  DefaultRegionForTheWorld ======
             eBremSB : Emin=    0 eV  Emax=    1 GeV  AngularGen2BS
            eBremLPM : Emin=    1 GeV Emax=  100 TeV  AngularGen2BS

ePairProd:  for e-  SubType=4
      dE/dx and range tables from 10 eV  to 100 TeV in 260 bins
      Lambda tables from threshold to 100 TeV, 20 bins/decade, spline: 1
      Sampling table 25x1001; from 0.1 GeV to 100 TeV 
      ===== EM models for the G4Region  DefaultRegionForTheWorld ======
           ePairProd : Emin=    0 eV  Emax=  100 TeV  ModifiedMephi

msc:  for e+  SubType= 10
      ===== EM models for the G4Region  DefaultRegionForTheWorld ======
            UrbanMsc : Emin=    0 eV  Emax=  100 TeV Nbins=240 100 eV  - 100 TeV
              StepLim=DistanceToBoundary Rfact=0.04 Gfact=2.5 Sfact=0.6 DispFlag:1 Skin=1 Llimit=1

eIoni:  for e+  SubType=2
      dE/dx and range tables from 10 eV  to 100 TeV in 260 bins
      Lambda tables from threshold to 100 TeV, 20 bins/decade, spline: 1
      StepFunction=(0.2, 0.1 mm), integ: 1, fluct: 1, linLossLim= 0.01
      ===== EM models for the G4Region  DefaultRegionForTheWorld ======
        MollerBhabha : Emin=    0 eV  Emax=  100 TeV  deltaVI

eBrem:  for e+  SubType=3
      dE/dx and range tables from 10 eV  to 100 TeV in 260 bins
      Lambda tables from threshold to 100 TeV, 20 bins/decade, spline: 1
      LPM flag: 1 for E > 1 GeV,  VertexHighEnergyTh(GeV)= 100000
      ===== EM models for the G4Region  DefaultRegionForTheWorld ======
             eBremSB : Emin=    0 eV  Emax=    1 GeV  AngularGen2BS
            eBremLPM : Emin=    1 GeV Emax=  100 TeV  AngularGen2BS

ePairProd:  for e+  SubType=4
      dE/dx and range tables from 10 eV  to 100 TeV in 260 bins
      Lambda tables from threshold to 100 TeV, 20 bins/decade, spline: 1
      Sampling table 25x1001; from 0.1 GeV to 100 TeV 
      ===== EM models for the G4Region  DefaultRegionForTheWorld ======
           ePairProd : Emin=    0 eV  Emax=  100 TeV  ModifiedMephi

annihil:  for e+, integral:1  applyCuts:1  SubType=5 BuildTable=0
      ===== EM models for the G4Region  DefaultRegionForTheWorld ======
            eplus2gg : Emin=    0 eV  Emax=  100 TeV

msc:  for proton  SubType= 10
      ===== EM models for the G4Region  DefaultRegionForTheWorld ======
            UrbanMsc : Emin=    0 eV  Emax=  100 TeV Nbins=240 100 eV  - 100 TeV
              StepLim=Minimal Rfact=0.2 Gfact=2.5 Sfact=0.6 DispFlag:1 Skin=1 Llimit=1

hIoni:  for proton  SubType=2
      dE/dx and range tables from 10 eV  to 100 TeV in 260 bins
      Lambda tables from threshold to 100 TeV, 20 bins/decade, spline: 1
      StepFunction=(0.2, 0.05 mm), integ: 1, fluct: 1, linLossLim= 0.01
      ===== EM models for the G4Region  DefaultRegionForTheWorld ======
               Bragg : Emin=    0 eV  Emax=    2 MeV  deltaVI
          BetheBloch : Emin=    2 MeV Emax=  100 TeV  deltaVI

hBrems:  for proton  SubType=3
      dE/dx and range tables from 10 eV  to 100 TeV in 260 bins
      Lambda tables from threshold to 100 TeV, 20 bins/decade, spline: 1
      ===== EM models for the G4Region  DefaultRegionForTheWorld ======
               hBrem : Emin=    0 eV  Emax=  100 TeV  ModifiedMephi
      ===== Limit on energy threshold has been applied 

hPairProd:  for proton  SubType=4
      dE/dx and range tables from 10 eV  to 100 TeV in 260 bins
      Lambda tables from threshold to 100 TeV, 20 bins/decade, spline: 1
      Sampling table 17x1001; from 7.50618 GeV to 100 TeV 
      ===== EM models for the G4Region  DefaultRegionForTheWorld ======
           hPairProd : Emin=    0 eV  Emax=  100 TeV  ModifiedMephi

nuclearStopping:  for proton applyCuts:1  SubType=8 BuildTable=0
      ===== EM models for the G4Region  DefaultRegionForTheWorld ======
   ICRU49NucStopping : Emin=    0 eV  Emax=    1 MeV

msc:  for GenericIon  SubType= 10
      ===== EM models for the G4Region  DefaultRegionForTheWorld ======
            UrbanMsc : Emin=    0 eV  Emax=  100 TeV
              StepLim=Minimal Rfact=0.2 Gfact=2.5 Sfact=0.6 DispFlag:1 Skin=1 Llimit=1

ionIoni:  for GenericIon  SubType=2
      dE/dx and range tables from 10 eV  to 100 TeV in 260 bins
      Lambda tables from threshold to 100 TeV, 20 bins/decade, spline: 1
      StepFunction=(0.1, 0.02 mm), integ: 1, fluct: 1, linLossLim= 0.02
      ===== EM models for the G4Region  DefaultRegionForTheWorld ======
         ParamICRU73 : Emin=    0 eV  Emax=  100 TeV  deltaVI

nuclearStopping:  for GenericIon applyCuts:1  SubType=8 BuildTable=0
      ===== EM models for the G4Region  DefaultRegionForTheWorld ======
   ICRU49NucStopping : Emin=    0 eV  Emax=    1 MeV

msc:  for alpha  SubType= 10
      ===== EM models for the G4Region  DefaultRegionForTheWorld ======
            UrbanMsc : Emin=    0 eV  Emax=  100 TeV Nbins=240 100 eV  - 100 TeV
              StepLim=Minimal Rfact=0.2 Gfact=2.5 Sfact=0.6 DispFlag:1 Skin=1 Llimit=1

ionIoni:  for alpha  SubType=2
      dE/dx and range tables from 10 eV  to 100 TeV in 260 bins
      Lambda tables from threshold to 100 TeV, 20 bins/decade, spline: 1
      StepFunction=(0.1, 0.02 mm), integ: 1, fluct: 1, linLossLim= 0.02
      ===== EM models for the G4Region  DefaultRegionForTheWorld ======
            BraggIon : Emin=    0 eV  Emax=7.9452 MeV  deltaVI
          BetheBloch : Emin=7.9452 MeV Emax=  100 TeV  deltaVI

nuclearStopping:  for alpha applyCuts:1  SubType=8 BuildTable=0
      ===== EM models for the G4Region  DefaultRegionForTheWorld ======
   ICRU49NucStopping : Emin=    0 eV  Emax=    1 MeV

msc:  for anti_proton  SubType= 10
      ===== EM models for the G4Region  DefaultRegionForTheWorld ======
            UrbanMsc : Emin=    0 eV  Emax=  100 TeV Nbins=240 100 eV  - 100 TeV
              StepLim=Minimal Rfact=0.2 Gfact=2.5 Sfact=0.6 DispFlag:1 Skin=1 Llimit=1

hIoni:  for anti_proton  SubType=2
      dE/dx and range tables from 10 eV  to 100 TeV in 260 bins
      Lambda tables from threshold to 100 TeV, 20 bins/decade, spline: 1
      StepFunction=(0.2, 0.05 mm), integ: 1, fluct: 1, linLossLim= 0.01
      ===== EM models for the G4Region  DefaultRegionForTheWorld ======
            ICRU73QO : Emin=    0 eV  Emax=    2 MeV  deltaVI
          BetheBloch : Emin=    2 MeV Emax=  100 TeV  deltaVI

hBrems:  for anti_proton  SubType=3
      dE/dx and range tables from 10 eV  to 100 TeV in 260 bins
      Lambda tables from threshold to 100 TeV, 20 bins/decade, spline: 1
      ===== EM models for the G4Region  DefaultRegionForTheWorld ======
               hBrem : Emin=    0 eV  Emax=  100 TeV  ModifiedMephi
      ===== Limit on energy threshold has been applied 

hPairProd:  for anti_proton  SubType=4
      dE/dx and range tables from 10 eV  to 100 TeV in 260 bins
      Lambda tables from threshold to 100 TeV, 20 bins/decade, spline: 1
      Sampling table 17x1001; from 7.50618 GeV to 100 TeV 
      ===== EM models for the G4Region  DefaultRegionForTheWorld ======
           hPairProd : Emin=    0 eV  Emax=  100 TeV  ModifiedMephi

msc:  for kaon+  SubType= 10
      ===== EM models for the G4Region  DefaultRegionForTheWorld ======
            UrbanMsc : Emin=    0 eV  Emax=  100 TeV Nbins=240 100 eV  - 100 TeV
              StepLim=Minimal Rfact=0.2 Gfact=2.5 Sfact=0.6 DispFlag:1 Skin=1 Llimit=1

hIoni:  for kaon+  SubType=2
      dE/dx and range tables from 10 eV  to 100 TeV in 260 bins
      Lambda tables from threshold to 100 TeV, 20 bins/decade, spline: 1
      StepFunction=(0.2, 0.05 mm), integ: 1, fluct: 1, linLossLim= 0.01
      ===== EM models for the G4Region  DefaultRegionForTheWorld ======
               Bragg : Emin=    0 eV  Emax=1.05231 MeV  deltaVI
          BetheBloch : Emin=1.05231 MeV Emax=  100 TeV  deltaVI

hBrems:  for kaon+  SubType=3
      dE/dx and range tables from 10 eV  to 100 TeV in 260 bins
      Lambda tables from threshold to 100 TeV, 20 bins/decade, spline: 1
      ===== EM models for the G4Region  DefaultRegionForTheWorld ======
               hBrem : Emin=    0 eV  Emax=  100 TeV  ModifiedMephi
      ===== Limit on energy threshold has been applied 

hPairProd:  for kaon+  SubType=4
      dE/dx and range tables from 10 eV  to 100 TeV in 260 bins
      Lambda tables from threshold to 100 TeV, 20 bins/decade, spline: 1
      Sampling table 18x1001; from 3.94942 GeV to 100 TeV 
      ===== EM models for the G4Region  DefaultRegionForTheWorld ======
           hPairProd : Emin=    0 eV  Emax=  100 TeV  ModifiedMephi

msc:  for kaon-  SubType= 10
      ===== EM models for the G4Region  DefaultRegionForTheWorld ======
            UrbanMsc : Emin=    0 eV  Emax=  100 TeV Nbins=240 100 eV  - 100 TeV
              StepLim=Minimal Rfact=0.2 Gfact=2.5 Sfact=0.6 DispFlag:1 Skin=1 Llimit=1

hIoni:  for kaon-  SubType=2
      dE/dx and range tables from 10 eV  to 100 TeV in 260 bins
      Lambda tables from threshold to 100 TeV, 20 bins/decade, spline: 1
      StepFunction=(0.2, 0.05 mm), integ: 1, fluct: 1, linLossLim= 0.01
      ===== EM models for the G4Region  DefaultRegionForTheWorld ======
            ICRU73QO : Emin=    0 eV  Emax=1.05231 MeV  deltaVI
          BetheBloch : Emin=1.05231 MeV Emax=  100 TeV  deltaVI

hBrems:  for kaon-  SubType=3
      dE/dx and range tables from 10 eV  to 100 TeV in 260 bins
      Lambda tables from threshold to 100 TeV, 20 bins/decade, spline: 1
      ===== EM models for the G4Region  DefaultRegionForTheWorld ======
               hBrem : Emin=    0 eV  Emax=  100 TeV  ModifiedMephi
      ===== Limit on energy threshold has been applied 

hPairProd:  for kaon-  SubType=4
      dE/dx and range tables from 10 eV  to 100 TeV in 260 bins
      Lambda tables from threshold to 100 TeV, 20 bins/decade, spline: 1
      Sampling table 18x1001; from 3.94942 GeV to 100 TeV 
      ===== EM models for the G4Region  DefaultRegionForTheWorld ======
           hPairProd : Emin=    0 eV  Emax=  100 TeV  ModifiedMephi

msc:  for mu+  SubType= 10
      ===== EM models for the G4Region  DefaultRegionForTheWorld ======
            UrbanMsc : Emin=    0 eV  Emax=  100 TeV Nbins=240 100 eV  - 100 TeV
              StepLim=Minimal Rfact=0.2 Gfact=2.5 Sfact=0.6 DispFlag:1 Skin=1 Llimit=1

muIoni:  for mu+  SubType=2
      dE/dx and range tables from 10 eV  to 100 TeV in 260 bins
      Lambda tables from threshold to 100 TeV, 20 bins/decade, spline: 1
      StepFunction=(0.2, 0.05 mm), integ: 1, fluct: 1, linLossLim= 0.01
      ===== EM models for the G4Region  DefaultRegionForTheWorld ======
               Bragg : Emin=    0 eV  Emax=  200 keV  deltaVI
          BetheBloch : Emin=  200 keV Emax=    1 GeV  deltaVI
        MuBetheBloch : Emin=    1 GeV Emax=  100 TeV

muBrems:  for mu+  SubType=3
      dE/dx and range tables from 10 eV  to 100 TeV in 260 bins
      Lambda tables from threshold to 100 TeV, 20 bins/decade, spline: 1
      ===== EM models for the G4Region  DefaultRegionForTheWorld ======
              MuBrem : Emin=    0 eV  Emax=  100 TeV  ModifiedMephi
      ===== Limit on energy threshold has been applied 

muPairProd:  for mu+  SubType=4
      dE/dx and range tables from 10 eV  to 100 TeV in 260 bins
      Lambda tables from threshold to 100 TeV, 20 bins/decade, spline: 1
      Sampling table 21x1001; from 1 GeV to 100 TeV 
      ===== EM models for the G4Region  DefaultRegionForTheWorld ======
          muPairProd : Emin=    0 eV  Emax=  100 TeV  ModifiedMephi

msc:  for mu-  SubType= 10
      ===== EM models for the G4Region  DefaultRegionForTheWorld ======
            UrbanMsc : Emin=    0 eV  Emax=  100 TeV Nbins=240 100 eV  - 100 TeV
              StepLim=Minimal Rfact=0.2 Gfact=2.5 Sfact=0.6 DispFlag:1 Skin=1 Llimit=1

muIoni:  for mu-  SubType=2
      dE/dx and range tables from 10 eV  to 100 TeV in 260 bins
      Lambda tables from threshold to 100 TeV, 20 bins/decade, spline: 1
      StepFunction=(0.2, 0.05 mm), integ: 1, fluct: 1, linLossLim= 0.01
      ===== EM models for the G4Region  DefaultRegionForTheWorld ======
            ICRU73QO : Emin=    0 eV  Emax=  200 keV  deltaVI
          BetheBloch : Emin=  200 keV Emax=    1 GeV  deltaVI
        MuBetheBloch : Emin=    1 GeV Emax=  100 TeV

muBrems:  for mu-  SubType=3
      dE/dx and range tables from 10 eV  to 100 TeV in 260 bins
      Lambda tables from threshold to 100 TeV, 20 bins/decade, spline: 1
      ===== EM models for the G4Region  DefaultRegionForTheWorld ======
              MuBrem : Emin=    0 eV  Emax=  100 TeV  ModifiedMephi
      ===== Limit on energy threshold has been applied 

muPairProd:  for mu-  SubType=4
      dE/dx and range tables from 10 eV  to 100 TeV in 260 bins
      Lambda tables from threshold to 100 TeV, 20 bins/decade, spline: 1
      Sampling table 21x1001; from 1 GeV to 100 TeV 
      ===== EM models for the G4Region  DefaultRegionForTheWorld ======
          muPairProd : Emin=    0 eV  Emax=  100 TeV  ModifiedMephi

msc:  for pi+  SubType= 10
      ===== EM models for the G4Region  DefaultRegionForTheWorld ======
            UrbanMsc : Emin=    0 eV  Emax=  100 TeV Nbins=240 100 eV  - 100 TeV
              StepLim=Minimal Rfact=0.2 Gfact=2.5 Sfact=0.6 DispFlag:1 Skin=1 Llimit=1

hIoni:  for pi+  SubType=2
      dE/dx and range tables from 10 eV  to 100 TeV in 260 bins
      Lambda tables from threshold to 100 TeV, 20 bins/decade, spline: 1
      StepFunction=(0.2, 0.05 mm), integ: 1, fluct: 1, linLossLim= 0.01
      ===== EM models for the G4Region  DefaultRegionForTheWorld ======
               Bragg : Emin=    0 eV  Emax=297.505 keV  deltaVI
          BetheBloch : Emin=297.505 keV Emax=  100 TeV  deltaVI

hBrems:  for pi+  SubType=3
      dE/dx and range tables from 10 eV  to 100 TeV in 260 bins
      Lambda tables from threshold to 100 TeV, 20 bins/decade, spline: 1
      ===== EM models for the G4Region  DefaultRegionForTheWorld ======
               hBrem : Emin=    0 eV  Emax=  100 TeV  ModifiedMephi
      ===== Limit on energy threshold has been applied 

hPairProd:  for pi+  SubType=4
      dE/dx and range tables from 10 eV  to 100 TeV in 260 bins
      Lambda tables from threshold to 100 TeV, 20 bins/decade, spline: 1
      Sampling table 20x1001; from 1.11656 GeV to 100 TeV 
      ===== EM models for the G4Region  DefaultRegionForTheWorld ======
           hPairProd : Emin=    0 eV  Emax=  100 TeV  ModifiedMephi

msc:  for pi-  SubType= 10
      ===== EM models for the G4Region  DefaultRegionForTheWorld ======
            UrbanMsc : Emin=    0 eV  Emax=  100 TeV Nbins=240 100 eV  - 100 TeV
              StepLim=Minimal Rfact=0.2 Gfact=2.5 Sfact=0.6 DispFlag:1 Skin=1 Llimit=1

hIoni:  for pi-  SubType=2
      dE/dx and range tables from 10 eV  to 100 TeV in 260 bins
      Lambda tables from threshold to 100 TeV, 20 bins/decade, spline: 1
      StepFunction=(0.2, 0.05 mm), integ: 1, fluct: 1, linLossLim= 0.01
      ===== EM models for the G4Region  DefaultRegionForTheWorld ======
            ICRU73QO : Emin=    0 eV  Emax=297.505 keV  deltaVI
          BetheBloch : Emin=297.505 keV Emax=  100 TeV  deltaVI

hBrems:  for pi-  SubType=3
      dE/dx and range tables from 10 eV  to 100 TeV in 260 bins
      Lambda tables from threshold to 100 TeV, 20 bins/decade, spline: 1
      ===== EM models for the G4Region  DefaultRegionForTheWorld ======
               hBrem : Emin=    0 eV  Emax=  100 TeV  ModifiedMephi
      ===== Limit on energy threshold has been applied 

hPairProd:  for pi-  SubType=4
      dE/dx and range tables from 10 eV  to 100 TeV in 260 bins
      Lambda tables from threshold to 100 TeV, 20 bins/decade, spline: 1
      Sampling table 20x1001; from 1.11656 GeV to 100 TeV 
      ===== EM models for the G4Region  DefaultRegionForTheWorld ======
           hPairProd : Emin=    0 eV  Emax=  100 TeV  ModifiedMephi
G4VisManager: Using G4TrajectoryDrawByCharge as fallback trajectory model.
See commands in /vis/modeling/trajectories/ for other options.

### ===  Deexcitation model UAtomDeexcitation is activated for 25 regions:
          DefaultRegionForTheWorld  1  1  1
          cylindricalPET  1  1  1
          module  1  1  1
          unit  1  1  1
          block  1  1  1
          optical  1  1  1
          crystal  1  1  1
          capillaire1  1  1  1
          capillaire1_water  1  1  1
          capillaire2  1  1  1
          capillaire2_water  1  1  1
          capillaire3  1  1  1
          capillaire3_water  1  1  1
          capillaire4  1  1  1
          capillaire4_water  1  1  1
          capillaire5  1  1  1
          capillaire5_water  1  1  1
          capillaire_m1  1  1  1
          capillaire_m1_water  1  1  1
          capillaire_m2  1  1  1
          capillaire_m2_water  1  1  1
          capillaire_m3  1  1  1
          capillaire_m3_water  1  1  1
          capillaire_m4  1  1  1
          capillaire_m4_water  1  1  1
### ===  Ignore cuts flag:   0
(272.438,-160.588,-117.614)
(233.253,-123.455,-139.361)
(288.603,-168.928,-123.873)
(318.914,-169.83,-169.989)
(-284.48,167.831,-105.549)
(-281.797,212.161,-141.996)
(-149.243,275.527,63.8761)
(-110.381,293.155,76.5347)
(-151.447,274.584,67.7995)
(-197.029,232.036,35.5269)
(-152.768,275.35,69.8033)
(-235.025,389.59,146.431)
(336.44,6.08183,-81.6335)
(281.147,13.2865,-34.9871)
(-313.288,-9.44175,124.124)
(-284.307,-137.769,120.526)
(186,263.912,-31.3681)
(206.569,185.101,-86.354)
(186.401,265.081,-32.0968)
(180.802,308.869,5.10977)
(183.191,268.432,-36.8179)
(105.131,205.39,-4.59246)
(-252.07,210.006,0.389014)
(-205.687,197.768,-32.2371)
(-252.127,212.579,1.64423)
(-261.209,73.6172,38.1418)
(-254.392,218.573,-2.26336)
(-209.246,250.341,-109.267)
(100.154,-310.175,3.11795)
(-32.1294,-208.506,32.7277)
(98.3288,-310.109,2.9411)
(111.429,-287.243,-13.515)
(75.9071,305.804,-84.829)
(92.3666,331.755,-126.187)
(-58.391,-318.616,92.8211)
(-113.843,-322.771,37.6753)
(-185.448,-262.781,36.1787)
(-60.6954,-175.975,105.043)
(194.057,246.914,-34.4536)
(153.745,292.933,41.386)
(198.424,246.349,-48.3054)
(281.718,268.918,-58.9588)
(327.28,-50.9912,69.6387)
(274.771,-29.4467,10.3513)
(157.594,-278.29,-20.9307)
(127.263,-322.793,-13.792)
(166.32,-281.571,-22.1705)
(133.073,-244.687,-83.9676)
(-230.847,241.706,18.1028)
(-95.4258,278.836,22.3914)
(297.556,-142.607,-28.4498)
(264.184,-134.942,-125.621)
(-308.688,83.4799,-31.5501)
(-262.061,19.2648,35.9297)
(-238.825,-208.518,-123.813)
(-296.918,-258.912,-129.817)
(-247.072,-223.279,-120.936)
(-178.362,-287.894,-180.591)
(-246.931,-222.776,-121.31)
(-139.887,-71.18,-150.246)
(-177.371,-257.85,8.83367)
(-263.691,-239.688,-28.5905)
(-28.2219,314.433,-12.8137)
(36.8316,309.281,-51.7102)
(263.668,-173.012,15.9524)
(303.963,-117.789,50.0996)
(-312.097,-64.7996,10.14)
(-503.911,-63.2947,-23.6737)
(302.501,131.983,-18.9347)
(297.589,147.594,-52.2668)
(304.253,140.362,-12.1741)
(452.901,209.364,-29.4946)
(201.627,239.434,-82.2267)
(139.835,167.502,-58.7808)
(60.8115,-307.654,102.941)
(19.679,-259.054,116.291)
(-232.771,-208.231,97.6935)
(-141.335,-263.935,78.0834)
(-137.74,-292.861,-60.9299)
(-65.4196,-310.867,-85.7008)
(-128.775,-301.757,-54.3964)
(-70.3399,-347.548,-159.962)
(150.743,280.278,57.3903)
(162.481,340.29,86.3252)
(-234.06,206.648,-72.7153)
(-203.843,150.954,-100.334)
(319.546,-92.6125,3.97021)
(381.695,-224.958,-101.449)
(258.971,194.448,64.4624)
(312.77,228.054,89.0135)
(257.299,204.765,68.5332)
(277.035,212.673,48.2409)
(-50.4172,-311.557,-101.778)
(-62.02,-355.787,-130.554)
(-65.9892,-311.808,-106.446)
(-118.3,-329.304,-99.9237)
(115.581,-299.598,-85.8726)
(137.373,-427.227,-87.2777)
(-21.5087,324.513,88.9395)
(58.2332,393.966,60.4204)
(-21.1925,325.875,87.4657)
(-19.3454,255.711,91.7115)
(194.513,-253.305,-3.46857)
(157.798,-279.151,32.9204)
(194.979,-250.551,-4.53533)
(227.919,-373.168,-58.7257)
(-117.338,294.318,3.67518)
(-113.833,221.093,-10.9278)
(172.615,-261.33,-100.55)
(237.803,-167.416,-160.678)
(180.341,-266.541,-119.471)
(253.097,-304.833,-215.131)
(-235.418,-210.492,-98.7367)
(-213.38,-276.172,-14.9944)
(-261.749,-180.748,60.5441)
(-278.978,-210.595,-58.8843)
(18.4894,314.012,-14.3299)
(-5.76322,276.816,-14.8172)
(80.3639,-306.44,13.9774)
(131.425,-294.493,-12.2319)
(-42.1711,327.12,61.0904)
(-25.4818,267.123,40.6838)
(52.114,-308.15,13.5072)
(38.4197,-239.545,16.5991)
(62.3074,-327.007,40.2498)
(55.359,-331.629,72.9912)
(84.626,-300.731,18.3939)
(93.7062,-261.696,104.26)
(-93.4597,-299.157,19.5202)
(-67.7486,-238.51,-70.0175)
(-267.445,188.285,-57.1352)
(-245.692,198.673,-184.734)
(-275.408,191.455,-53.6815)
(-414.892,213.527,-144.083)
(-270.44,197.167,-51.7141)
(-294.29,212.554,-30.9731)
(-98.3858,307.273,10.7367)
(36.1511,342.966,43.197)
(-121.111,-298.015,-11.2806)
(-151.254,-253.713,-2.97233)
(-120.648,-297.695,-12.4049)
(-50.7565,-296.006,-57.4351)
(-314.236,-11.4255,29.6832)
(-365.439,40.828,28.0762)
(-317.127,-13.0066,30.5339)
(-353.871,13.4723,12.549)
(322.136,15.7163,-41.6992)
(244.316,50.7227,-49.2469)
(-284.309,-170.497,-42.8176)
(-235.951,-231.789,-84.2416)
(-285.658,-168.063,-43.6313)
(-277.787,-208.949,-176.913)
(62.9749,317.299,6.05458)
(-10.0159,288.63,23.2211)
(151.795,-278.978,-8.18953)
(88.9126,-173.489,5.75195)
(282.038,-157.12,-15.553)
(317.559,-127.858,76.6087)
(-307.668,62.5408,5.18531)
(-340.863,32.1287,-117.944)
(-307.555,64.8349,9.13618)
(-404.6,14.2054,54.9375)
(305.806,62.0363,-7.73304)
(213.53,81.6274,-23.8094)
(49.845,-313.662,56.9229)
(112.026,-334.851,49.0137)
(-324.698,56.9418,-67.5601)
(-240.882,-3.13858,40.7817)
(-225.246,237.908,-30.468)
(-192.035,301.343,9.73594)
(274.785,-152.604,18.9247)
(327.961,-126.222,108.243)
(274.788,-154.576,15.0884)
(198.015,-95.1129,17.0491)
(206.617,238.979,54.8764)
(214.898,151.084,114.919)
(-80.2545,-302.269,-68.8423)
(-136.803,-328.612,-85.5444)
(291.645,149.027,119.991)
(342.581,209.587,153.86)
(314.284,-40.2513,6.61963)
(276.475,-0.327388,-74.122)
(326.217,-28.4261,-19.8154)
(343.766,-34.1331,59.8408)
(334.428,-31.6759,-28.0908)
(326.451,-4.82289,-61.913)
(-328.646,45.4592,-4.27379)
(-310.37,77.1997,-45.4458)
(-326.913,46.8344,-8.2439)
(-348.327,27.9432,-50.2213)
(81.4767,-315.283,-50.9736)
(9.67955,-278.459,-96.6708)
(-204.652,242.698,40.6945)
(-249.419,311.992,139.785)
(-205.486,241.787,45.6055)
(-184.677,364.129,145.062)
(-15.6609,-324.399,47.3111)
(-84.7377,-280.244,-26.4072)
(-268.237,-164.834,68.1373)
(-307.037,-226.519,115.949)
(314.759,89.5597,-39.972)
(196.433,101.239,30.2396)
(316.833,90.7881,-47.7085)
(298.274,108.509,-22.0195)
(-323.434,72.8983,-26.7511)
(-398.174,-7.26006,-28.4495)
(315.105,-27.7985,9.45326)
(302.614,-5.45332,57.6526)
(319.985,-28.8096,11.2295)
(320.711,48.6885,15.6232)
(270.514,-161.502,105.154)
(258.185,-192.732,100.122)
(278.952,-187.019,123.747)
(365.182,-178.568,105.27)
(291.163,-118.714,99.1021)
(360.025,-116.952,123.341)
(-324.448,63.1676,-49.6668)
(-386.802,1.49449,-108.088)
(267.691,-193.183,90.3171)
(321.033,-99.3622,54.3819)
(205.408,242.819,102.366)
(77.8339,169.841,97.2156)
(192.55,-247.968,-39.16)
(191.696,-173.042,55.5774)
(198.812,-253.37,-35.1781)
(339.323,-254.536,-69.7884)
(-316.325,-65.8212,-116.678)
(-335.345,-18.8761,-83.8863)
(-319.491,-68.4651,-114.061)
(-371.94,0.918555,-91.1155)
(300.169,92.7979,23.2303)
(377.575,91.6824,-81.1766)
(-285.998,-125.854,-27.3402)
(-233.669,-99.1249,-90.8757)
(-283.513,-144.72,-21.9093)
(-285.916,-147.478,-71.9134)
(-55.8541,-330.704,78.3449)
(-141.487,-267.405,58.307)
(-60.9217,311.236,21.1956)
(-111.516,304.992,104.85)
(-98.3914,-299.511,-22.7158)
(-123.397,-352.018,-52.0675)
(-212.702,241.549,119.477)
(-208.898,328.818,35.611)
(-213.192,242.114,120.415)
(-239.644,349.502,78.5755)
(-224.841,248.452,125.027)
(-125.676,305.232,96.4289)
(223.673,251.788,119.404)
(267.44,266.437,162.904)
(-227.991,-217.754,111.309)
(-125.706,-212.779,59.7042)
(153.303,-275.26,105.882)
(180.275,-312.711,129.997)
(155.719,-276.026,106.962)
(249.461,-272.002,-8.50903)
(-219.192,229.744,-91.9669)
(-207.822,264.1,-14.7784)
(160.182,-289.478,-78.8907)
(256.67,-223.386,-158.455)
(-288.81,143.354,38.3472)
(-351.372,117.01,87.1889)
(270.093,-158.508,87.181)
(201.821,-214.729,100.423)
(238.875,202.609,1.9913)
(262.126,189.444,-32.2519)
(-298.801,-109.275,0.781084)
(-415.422,-119.127,-119.061)
(266.663,-187.889,-67.0254)
(276.583,-211.216,-43.3741)
(-183.326,265.081,96.5361)
(-161.347,303.812,79.9079)
(-188.481,267.528,102.528)
(-173.696,242.855,128.796)
(265.116,-196.215,103.756)
(290.569,-209.881,123.444)
(-284.226,-155.634,91.3745)
(-209.771,-68.5069,29.2239)
(294.36,138.87,-87.5029)
(188.523,157.946,-129.367)
(-304.348,-68.6987,54.4953)
(-344.998,-13.6532,-7.49256)
(-312.738,-74.0464,46.9465)
(-301.307,-157.974,38.4509)
(313.537,40.656,-35.3052)
(321.75,63.6483,-116.637)
(178.287,264.595,-125.171)
(231.999,177.827,-153.893)
(-311.275,60.4918,105.088)
(-183.011,96.9642,60.716)
(290.89,123.636,68.8814)
(248.508,170.914,65.3897)
(268.892,-164.931,-74.0837)
(270.93,-148.304,-121.982)
(270.95,-165.595,-80.7985)
(340.278,-180.669,-215.278)
(-153.676,273.077,120.247)
(-152.472,351.621,126.062)
(317.899,-57.1275,107.218)
(269.628,-68.6992,64.1998)
(79.3972,301.915,-16.2385)
(87.3553,337.625,55.3845)
(18.0442,-330.097,16.4084)
(44.9319,-321.55,-91.6703)
(-226.445,221.052,111.728)
(-288.556,260.955,153.864)
(62.2581,-309.817,-50.6499)
(106.589,-335.949,-85.3954)
(-133.545,288.325,73.7286)
(-68.729,266.883,45.2203)
(-135.31,287.408,73.098)
(-220.274,346.927,12.2)
(-146.148,-280.307,-69.6011)
(-101.264,-185.658,-64.6115)
(-217.834,-226.584,-41.1999)
(-237.136,-236.317,14.2737)
(-222.469,-232.953,-33.4874)
(-200.766,-275.98,51.3299)
(-123.43,-297.082,49.9945)
(-107.374,-234.249,79.9399)
(-130.194,-296.184,50.6581)
(-103.329,-394.848,-76.568)
(317.926,2.02238,109.917)
(303.064,-38.6841,-98.3038)
(305.022,-71.4285,-19.1369)
(235.415,4.36102,-67.9098)
(308.743,-73.6612,-15.4109)
(350.764,-49.1142,-57.9189)
(-324.087,19.9583,44.2897)
(-302.128,65.313,34.8479)
(321.071,-49.9283,-109.391)
(214.585,-74.1419,-101.21)
(328.968,-64.2711,-111.154)
(248.227,-99.4059,-96.0925)
(-218.654,-241.402,99.4658)
(-262.15,-257.374,49.8226)
(273.32,156.51,-65.1135)
(225.144,211.512,-122.012)
(-217.123,-226.436,-79.2912)
(-222.553,-323.186,-138.711)
(-26.1552,334.162,118.211)
(34.7629,267.977,141.561)
(-134.582,-284.465,-47.4063)
(-86.3051,-351.726,48.7172)
(-111.447,292.713,87.8902)
(-155.227,355.189,99.2189)
(-113.803,291.96,86.8399)
(-17.4344,268.602,9.32564)
(-167.769,-286.357,-82.5604)
(-128.951,-281.326,61.5775)
(-165.65,-283.074,-85.2932)
(-77.4696,-287.614,25.9012)
(321.019,-52.6857,-49.8648)
(361.553,-110.86,-36.728)
(325.6,-47.6811,-55.6494)
(360.207,-113.886,-107.196)
(-313.082,54.0538,54.344)
(-280.57,188.604,26.6364)
(20.018,-329.34,-79.047)
(31.393,-210.993,-199.306)
(24.5502,-332.223,-66.1083)
(128.735,-240.63,-26.9455)
(28.1693,-333.199,-61.1245)
(-83.4957,-264.514,-14.3036)
(77.854,306.584,73.663)
(149.344,343.26,-21.019)
(192.142,-270.865,35.061)
(155.688,-224.243,-33.9144)
(80.1335,312.163,-35.6906)
(3.63558,258.198,-36.3239)
(-246.553,-190.951,28.5276)
(-289.541,-243.767,-66.0998)
(-244.534,-196.437,1.21813)
(-173.402,-238.515,-37.4208)
(189.477,-253.784,54.8721)
(195.473,-334.963,41.0756)
(199.475,-255.596,57.4863)
(124.853,-299.282,-52.2455)
(-241.081,202.417,-87.3107)
(-294.273,179.484,-89.6063)
(-243.111,207.015,-87.0935)
(-301.933,173.454,-143.114)
(-243.907,207.698,-88.1706)
(-204.584,192.519,-124.977)
(-97.9121,-298.707,-85.6486)
(-43.5767,-336.999,-66.7239)
(-151.229,-279.518,96.1763)
(-203.918,-278.813,39.438)
(-155.695,-283.49,121.333)
(-125.438,-392.572,92.8143)
(246.364,200.986,-70.7451)
(302.709,243.343,-15.5547)
(-53.9657,323.748,111.399)
(-77.3063,328.502,167.154)
(-23.9433,-315.628,-2.11751)
(-36.9543,-190.654,-49.5241)
(290.782,130.493,38.6862)
(167.348,112.601,117.71)
(-268.176,-172.894,-51.1011)
(-273.703,-242.438,31.5249)
(318.739,81.6558,-107.137)
(227.81,106.385,-106.803)
(325.169,81.2937,-111.185)
(345.544,92.0289,-223.196)
(-116.419,-299.319,-80.4901)
(-120.222,-216.487,-19.8919)
(190.089,253.334,64.7241)
(110.339,386.533,158.098)
(-317.528,96.7591,55.3546)
(-397.716,4.38298,42.1389)
(311.215,-55.4185,-32.7858)
(286.905,-17.8919,-81.1048)
(-218.275,-248.332,-121.705)
(-289.382,-331.162,-112.566)
(233.073,209.405,35.0621)
(183.786,176.422,-1.65962)
(-209.872,232.291,34.926)
(-200.907,453.359,135.997)
(-215.442,235.814,38.6408)
(-172.181,270.571,-82.6684)
(91.8549,-305.825,-44.6823)
(121.08,-224.449,-1.09966)
(201.721,243.186,-37.9523)
(152.592,228.231,-102.846)
(202.236,239.217,-34.329)
(267.27,251.552,-13.1568)
(313.872,-75.2829,5.87331)
(397.026,22.7859,2.65467)
(321.042,-68.3822,6.86997)
(376.279,-147.243,-15.6278)
(-297.294,100.044,-6.92642)
(-335.047,21.7974,-20.3151)
(-297.809,110.485,-13.8602)
(-292.581,149.74,-6.94157)
(-312.376,-89.4203,4.66103)
(-433.071,-44.4749,9.12109)
(279.381,139.405,-3.15176)
(237.517,55.2932,-63.4831)
(-152.402,282.763,-59.0225)
(-141.083,249.11,-24.9603)
(-163.699,274.793,-64.5996)
(-214.408,152.385,87.6433)
(215.381,-230.543,52.2256)
(276.922,-252.783,-26.5371)
(-220.966,-232.635,-59.001)
(-225.266,-210.949,-205.003)
(-218.412,-232.595,-57.5024)
(-205.751,-295.57,-92.6229)
(290.455,127.062,30.2467)
(271.614,140.883,168.094)
(298.812,-96.5577,-97.0004)
(316.069,-122.716,-57.1633)
(262.398,174.019,-92.218)
(271.307,50.3716,-136.852)
(258.68,176.875,-92.4083)
(315.44,13.0856,-49.7148)
(316.661,-3.49269,92.4283)
(250.59,-8.13818,175.304)
(318.529,0.778107,94.003)
(305.7,20.5849,85.0581)
(274.027,158,97.4614)
(308.625,187.439,109.144)
(217.751,-255.648,33.3487)
(294.798,-231.597,-13.1643)
(162.758,-288.361,-43.6709)
(112.777,-295.779,-83.782)
(164.867,-290.993,-42.1107)
(121.371,-383.853,-71.4717)
(-139.059,281.637,42.1134)
(-258.144,219.884,22.8135)
(-307.755,-75.7265,90.5188)
(-242.131,-0.983234,37.6426)
(-99.5567,-310.399,-35.1919)
(-45.4557,-254.075,54.9666)
(-2.70468,-314.797,-27.6134)
(-31.0465,-382.699,-0.369024)
(-326.59,24.399,102.209)
(-284.064,38.2177,110.295)
(-332.236,30.9459,102.469)
(-341.875,-49.4276,103.83)
(-269.524,-177.353,-31.5744)
(-356.147,-151.938,-84.2283)
(-280.111,147.994,-17.8352)
(-251.546,98.2281,-153.797)
(319.544,-71.7951,-82.5177)
(327.29,-37.2819,-23.3092)
(285.629,132.236,-62.5662)
(330.548,113.311,-20.3025)
(242.538,201.298,78.4607)
(206.629,84.6045,-1.5189)
(248.864,208.737,73.0467)
(246.728,253.822,75.2467)
(-129.165,286.091,52.4611)
(-195.316,321.341,65.9307)
(240.989,-220.007,-41.2789)
(222.859,-254.998,-121.613)
(-50.9317,-316.402,-47.1779)
(37.9457,-351.581,-16.5476)
(-66.6549,-325.578,-46.2061)
(-5.18127,-338.6,-33.3339)
(-67.4371,-329.657,-40.5247)
(-11.1126,-296.17,-109.347)
(230.773,238.203,32.2101)
(185.495,243.219,15.5069)
(-64.7632,317.738,31.0755)
(-79.9692,256.166,160.134)
(215.743,-227.76,16.1105)
(280.943,-157.206,52.7466)
(215.205,-231.751,16.2079)
(268.75,-98.2525,24.2222)
(212.785,-249.079,13.4624)
(295.096,-295.877,51.2338)
(314.218,-58.9503,-71.1613)
(230.758,-17.8752,-128.064)
(-297.675,111.434,17.1236)
(-353.426,41.9954,-24.4101)
(262.491,-175.69,-31.1287)
(292.024,-261.92,-116.996)
(-21.3518,313.977,-84.4561)
(-52.2787,328.581,-85.2099)
(-19.992,318.764,-90.2404)
(51.65,357.482,-175.916)
(184.001,253.211,4.46249)
(160.085,226.967,-32.3661)
(17.6021,-317.705,-3.99703)
(33.3515,-264.192,68.5323)
(-319.009,44.0356,41.8638)
(-295.936,-55.7298,49.3184)
(324.592,-26.808,-23.2453)
(422.741,-85.7134,-56.7429)
(328.868,-31.5582,-23.5197)
(384.612,-23.4568,-36.8841)
(314.159,11.5344,30.8342)
(439.003,-52.0451,-33.7591)
(-255.234,-211.048,47.1323)
(-313.703,-257.764,43.285)
(274.529,161.597,39.0656)
(330.278,149.314,97.7934)
(279.915,163.224,34.341)
(237.213,194.651,-18.8965)
(-301.559,-99.893,-21.7344)
(-250.316,-164.102,-0.283406)
(225.511,-233.313,-6.67017)
(217.562,-142.472,14.8267)
(-331.617,-17.1342,49.0853)
(-280.636,111.469,177.608)
(-333.847,-17.8246,53.7104)
(-384.414,-94.1146,9.64168)
(201.304,-255.811,73.6333)
(161.636,-228.25,185.116)
(313.872,25.6052,-31.0991)
(362.69,98.9786,11.3157)
(312.563,-43.4932,-70.2471)
(274.094,-87.999,-138.723)
(-311.638,59.5944,97.1499)
(-238.009,48.0202,136.87)
(252.485,189.269,60.4715)
(247.133,190.722,166.089)
(251.279,198.494,59.8598)
(351.247,202.016,33.1894)
(-303.199,-79.0948,-23.3636)
(-245.005,-84.343,86.1509)
(49.438,317.157,-2.65257)
(-15.4076,370.913,32.9018)
(46.731,-318.832,60.0159)
(75.1815,-241.243,107.504)
(-59.5616,-324.679,67.9816)
(-127.911,-308.954,108.079)
(252.82,185.288,-41.1569)
(232.778,299.754,-10.3674)
(7.3971,-314.208,35.0448)
(-36.5733,-256.203,25.0477)
(144.531,278.085,-30.3459)
(98.8457,309.555,-54.141)
(105.152,-319.876,-112.046)
(35.7736,-327.261,-130.4)
(172.144,289.703,100.785)
(30.7565,301.57,78.4881)
(183.156,272.501,74.2935)
(193.838,282.046,181.035)
(-40.3811,-317.959,-85.2679)
(-35.7365,-340.177,-147.502)
(-234.44,-223.502,51.6982)
(-301.994,-307.224,-45.1416)
(-239.959,-228.006,54.6645)
(-247.071,-198.251,87.3436)
(-303.819,-78.4613,54.7428)
(-336.788,-56.9612,-37.9349)
(-311.013,-72.9317,50.4492)
(-309.073,-135.071,149.1)
(326.853,61.6185,-43.6842)
(328.593,6.6469,-0.432082)
(134.077,-284.55,31.9559)
(173.358,-290.743,30.4337)
(146.194,277.627,-30.7956)
(182.447,326.321,-146.792)
(-297.001,129.227,60.0774)
(-348.387,113.722,68.9903)
(306.663,-124.385,-61.3928)
(224.497,-90.5556,-29.3492)
(-313.683,5.16765,-13.4704)
(-419.226,20.7329,-83.0157)
(-314.321,3.58207,-13.9092)
(-444.858,-70.531,-102.439)
(313.438,-13.3722,29.4008)
(307.732,-68.1287,-2.72039)
(309.58,62.3696,6.60738)
(311.555,86.6786,73.6783)
(-288.88,-124.087,-10.6184)
(-264.579,-190.286,-38.4123)
(-311.289,-117.314,-6.59432)
(-377.679,-147.089,45.0947)
(-254.752,189.477,-69.0159)
(-337.32,214.519,-123.364)
(-255.061,195.268,-87.8772)
(-317.747,291.286,-123.644)
(301.45,-99.5718,37.1819)
(318.327,-21.5017,52.0417)
(302.168,-99.8631,37.9543)
(322.169,-130.814,76.1672)
(113.911,-291.834,52.0401)
(92.283,-275.31,90.6835)
(-330.026,60.389,-80.8094)
(-363.635,182.768,-12.3183)
(-286.042,-131.664,-80.9499)
(-271.787,-159.518,-158.979)
(294.459,127.588,79.7004)
(341.577,254.611,46.955)
(100.03,-306.442,-14.9866)
(5.46272,-408.151,86.0295)
(114.204,-310.465,-19.8141)
(113.859,-296.524,3.86002)
(115.407,-297.328,-27.9925)
(110.5,-315.644,-14.6353)
(-292.138,-115.484,33.8252)
(-352.337,-106.33,15.4116)
(-319.275,-105.404,30.8172)
(-266.595,-120.84,0.452791)
(240.488,223.09,-65.2245)
(347.299,284.886,-84.4367)
(-307.412,113.895,-87.307)
(-340.996,118.659,-175.45)
(-308.708,114.362,-88.7151)
(-322.949,59.1868,-46.0876)
(308.283,-82.121,63.0282)
(358.171,-23.1559,67.7979)
(312.546,-86.2764,61.7792)
(306.845,-147.354,15.8772)
(-91.1925,302.391,-13.9813)
(-30.7016,278.406,37.7159)
(-100.1,311.702,-6.88596)
(-109.992,191.278,31.8099)
(-101.019,311.875,-5.34489)
(-109.808,304.382,-90.7805)
(-100.877,309.196,-8.78907)
(-111.611,264.56,19.7678)
(246.826,200.267,-9.7408)
(271.93,181.001,104.524)
(247.789,199.69,-16.2927)
(287.599,219.035,-12.8292)
(-94.2552,-298.578,15.7811)
(-97.7361,-294.03,68.695)
(-206.169,264.53,-105.833)
(-148.368,342.668,-191.04)
(123.459,-293.134,116.783)
(101.062,-280.486,26.7417)
(269.688,198.515,-43.8439)
(273.238,288.814,-15.5338)
(-63.4975,-311.12,68.8226)
(-34.3789,-337.489,86.5313)
(-62.9738,-310.529,69.3072)
(45.3648,-399.85,95.8755)
(294.939,-118.535,78.2121)
(238.68,-123.677,93.4144)
(305.465,-131.853,78.9093)
(242.696,-35.1814,56.6587)
(-299.45,128.709,-87.8244)
(-305.415,166.792,-115.325)
(-299.221,128.566,-88.1847)
(-409.759,208.124,-151.094)
(273.198,184.126,5.64101)
(264.631,289.137,-65.2487)
(-81.4245,-304.282,-9.29532)
(-35.4628,-366.391,16.4285)
(-88.3506,-302.731,-6.57956)
(34.2112,-321.856,-4.5553)
(-311.945,-83.862,-110.794)
(-363.529,6.51403,-63.6905)
(128.131,-287.596,58.0345)
(135.114,-248.098,-22.1479)
(315.777,7.90892,-20.5278)
(309.381,10.082,-21.2146)
(-312.864,-5.75631,13.0696)
(-356.877,-85.375,-36.9451)
(-273.031,158.243,-18.4499)
(-243.015,217.641,-31.8491)
(-177.895,260.728,-99.6307)
(-147.461,285.263,-64.3211)
(190.001,-250.616,94.073)
(187.622,-335.78,146.957)
(211.732,-253.1,-85.9405)
(295.329,-218.758,-84.4673)
(213.08,-247.227,-87.2992)
(310.378,-180.058,-86.2562)
(305.291,-139.264,-115.367)
(304.565,-284.838,-61.7931)
(98.9077,306.373,-124.047)
(123.419,279.606,-111.717)
(-180.935,-269.52,106.725)
(-170.351,-249.417,97.5796)
(331.023,17.6835,-33.3088)
(266.584,49.4875,-17.8413)
(142.014,-302.147,-27.4607)
(68.3959,-320.308,35.4081)
(263.763,171.434,-9.72788)
(259.954,127.529,65.7922)
(-258.648,-181.286,14.9245)
(-227.15,-77.9946,61.7788)
(-259.222,-180.663,15.0888)
(-281.802,-210.464,-90.2762)
(-141.956,281.163,80.5832)
(-83.4405,364.852,103.531)
(311.443,-56.8739,-59.5338)
(346.959,-43.4399,60.1071)
(-332.111,-15.9107,-96.6762)
(-357.572,-35.1792,5.02699)
(-333.318,-18.8944,-91.2184)
(-322.144,-49.2178,-55.7481)
(317.629,9.20813,57.7989)
(304.95,77.081,35.695)
(315.381,3.25669,56.9301)
(359.241,98.7439,62.5373)
(312.336,-17.6974,-66.4048)
(323.703,-34.8046,-98.4933)
(328.91,-12.1315,-59.9997)
(356.096,-11.1589,-16.2914)
(324.844,-7.57721,-62.2297)
(190.633,17.9197,-64.4397)
(-312.054,30.5936,108.202)
(-251.86,-7.30453,125.253)
(99.4888,317.784,35.3715)
(-46.771,309.999,12.0534)
(327.553,-70.7608,-79.1336)
(318.294,-17.2701,-106.996)
(-311.829,-46.3892,-97.5293)
(-333.451,1.95344,-255.169)
(-318.208,-53.3363,-98.6127)
(-114.622,-223.412,-213.767)
(-318.131,-55.6306,-99.9108)
(-378.675,-9.27969,-171.152)
(314.705,22.9259,49.2588)
(296.861,37.3829,-46.6545)
(319.989,100.382,-73.8799)
(279.323,155.976,-33.982)
(321.25,-8.87871,-17.4525)
(310.56,12.6544,4.79951)
(326.281,-13.8369,-16.9172)
(285.417,-82.1515,46.1706)
(-333.348,23.8848,46.0761)
(-353.378,111.046,-41.3552)
(-332.971,24.4272,50.4646)
(-274.653,-104.367,51.5545)
(-121.472,-302.141,41.6829)
(-80.2697,-299.926,104.942)
(75.3702,-305.367,89.412)
(115.604,-272.634,45.8353)
(-159.496,-273.119,91.5898)
(-159.732,-244.882,129.953)
(-163.184,-270.736,85.1189)
(-215.56,-190.274,54.6489)
(-118.985,295.444,-102.081)
(-77.8744,283.919,-101.963)
(301.203,-81.5651,-87.2542)
(378.644,12.9481,-63.1919)
(-225.534,-217.448,104.973)
(-169.931,-137.974,156.934)
(-31.1318,326.512,-15.604)
(-47.6012,287.675,-52.3262)
(313.517,101.767,-34.9657)
(256.336,120.319,-18.0435)
(-312.168,-49.0128,15.4193)
(-355.144,6.95153,-59.3248)
(186.948,268.087,-119.681)
(82.3255,277.507,-39.3519)
(187.582,267.466,-118.822)
(137.451,311.403,-107.402)
(121.537,309.995,81.002)
(194.959,317.045,57.8546)
(-261.255,183.296,-5.62106)
(-304.587,205.731,1.67024)
(-261.666,182.628,-6.32395)
(-255.814,246.722,-23.9509)
(318.514,-102.892,6.06353)
(311.629,-19.1693,27.0156)
(236.002,210.077,0.319083)
(128.417,349.414,16.2587)
(235.923,215.872,-1.73292)
(185.392,246.964,115.155)
(-72.8267,-307.32,-3.01386)
(-2.69639,-354.533,88.3886)
(-83.5898,-313.177,10.2371)
(-116.429,-263.568,-43.515)
(-88.3578,-313.23,8.74522)
(-164.275,-296.712,-121.687)
(141.049,280.516,-44.6781)
(135.233,253.302,-83.2163)
(-10.87,313.839,21.6486)
(33.4785,350.091,59.9735)
(-266.846,187.604,-117.682)
(-214.381,241.472,-118.351)
(-265.396,180.82,109.479)
(-298.64,135.121,108.109)
(-268.041,182.329,110.31)
(-260.139,135.525,45.7952)
(-218.111,244.09,0.209454)
(-315.975,256.28,5.21633)
(253.517,-184.91,1.35968)
(301.629,-295.125,30.5084)
(274.682,-193.963,-7.57877)
(158.149,-97.6618,-51.7)
(-331.922,-44.9436,97.1324)
(-268.304,-0.528076,118.468)
(313.203,-52.6782,80.5094)
(239.328,44.0857,127.895)
(-249.552,-187.356,41.813)
(-232.504,-143.401,-18.6523)
(95.4069,299.611,-91.4255)
(175.812,252.883,-48.4769)
(-78.8514,-311.439,95.8809)
(-51.0525,-331.165,29.9798)
(-96.8052,319.712,-70.1255)
(-71.4658,246.235,-23.4045)
(-100.093,319.31,-73.3046)
(-79.9358,339.729,-88.7886)
(240.574,-202.917,42.957)
(265.302,-149.978,-36.303)
(239.928,-203.563,41.9793)
(303.296,-114.267,-33.0599)
(-265.432,-171.635,60.3919)
(-273.17,-112.355,42.0068)
(-268.19,-162.041,17.6306)
(-327.111,-154.922,-53.5701)
(-268.658,-174.717,48.4853)
(-317.931,-231.156,77.2237)
(102.021,307.137,-34.4168)
(37.373,198.954,-57.7115)
(107.741,297.705,-48.666)
(89.793,298.625,-137.941)
(-309.684,88.0725,-38.5331)
(-373.871,-24.3297,-24.9514)
(-287.226,148.86,120.287)
(-352.649,127.115,195.402)
(-288.562,146.222,118.123)
(-226.255,82.4223,125.933)
(99.7876,-300.647,29.9267)
(73.5514,-350.807,-39.5378)
(280.532,146.368,34.3338)
(258.634,116.064,47.5032)
(199.132,-247.625,78.3661)
(250.756,-280.862,122.668)
(-6.11774,323.223,-107.012)
(-128.133,447.892,-215.571)
(267.504,-198.697,-98.8467)
(281.645,-245.35,-63.5073)
(-101.436,299.496,-2.12023)
(-70.9194,301.296,52.0544)
(-98.5105,315.491,3.22841)
(-101.539,337.203,21.646)
(-118.739,-290.613,2.381)
(-222.776,-334.736,123.534)
(-315.892,-43.2362,-71.2892)
(-222.039,-15.3688,-75.2936)
(-313.243,-41.1801,-70.007)
(-355.337,49.1813,-87.3596)
(319.099,66.0613,-122.218)
(389.718,98.9151,-133.168)
(321.9,51.5001,-124.909)
(273.747,10.2539,-91.3705)
(-244.036,194.411,-72.6314)
(-286.487,166.765,-72.639)
(-305.138,102.078,-3.70495)
(-285.668,119.188,-22.899)
(321.378,-64.044,2.70414)
(296.151,24.7716,20.476)
(-124.819,291.152,-2.89973)
(-19.8926,173.241,68.4534)
(-31.1999,-316.444,-0.274353)
(-125.407,-297.301,73.9333)
(284.248,-149.528,105.668)
(279.835,-25.6207,156.66)
(291.142,-155.405,101.466)
(314.518,-51.1292,92.4949)
(184.14,251.961,34.694)
(288.231,297.337,141.86)
(-242.125,209.129,-8.47381)
(-350.764,257.341,-42.2922)
(-304.691,-92.2005,-5.09537)
(-232.183,-132.87,10.2406)
(269.547,182.146,12.4428)
(274.63,169.995,88.7449)
(279.502,181.966,17.1907)
(278.894,204.029,-16.3511)
(28.1821,-319.032,-57.4512)
(105.961,-297.512,-175.992)
(29.206,-323.579,-56.8422)
(108.268,-308.69,-118.904)
(-171.089,265.075,-102.655)
(-67.6147,396.793,-125.122)
(-264.874,-188.682,3.47783)
(-396.53,-202.346,96.6514)
(-261.791,-191.994,8.36728)
(-253.476,-195.329,62.3942)
(298.087,119.154,-2.46691)
(229.722,86.8887,-31.3469)
(301.179,121.801,-3.62954)
(312.068,134.215,57.6333)
(300.258,122.206,-6.12869)
(355.248,242.479,2.38021)
(-259.43,-196.137,35.8089)
(-317.528,-239.307,89.777)
(48.4543,309.712,-56.2247)
(144.051,340.287,-136.965)
(202.936,244.872,-52.172)
(203.064,343.447,-61.0082)
(206.635,247.877,-54.3318)
(286.864,332.991,-167.434)
(212.172,250.149,-52.994)
(311.653,188.695,-34.3073)
(203.521,252.501,-52.8854)
(268.32,270.41,-85.4682)
(-228.174,-238.804,13.1804)
(-171.759,-309.744,10.915)
(239.54,230.882,-10.2278)
(205.879,261.763,-18.5526)
(-149.098,280.152,10.3837)
(-127.547,293.103,-116.608)
(243.688,-199.527,-9.44269)
(234.919,-205.045,-14.5183)
(250.748,-211.239,-12.8861)
(151.986,-136.014,-26.7648)
(251.84,-209.106,-12.8367)
(252.941,-223.055,-53.863)
(-216.235,-236.022,-33.0027)
(-220.05,-67.7847,-45.4504)
(232.212,-214.653,-100.484)
(299.497,-262.768,-68.7427)
(228.109,-217.505,-98.7067)
(207.49,-97.5887,-113.635)
(-244.446,196.533,10.3256)
(-325.556,168.824,-11.7625)
(-244.926,196.699,7.26526)
(-263.085,262.578,-34.699)
(28.3041,-317.169,-18.6571)
(-58.5206,-371.548,70.3789)
(227.804,-220.613,99.7549)
(238.236,-204.964,89.2875)
(222.707,-231.458,110.703)
(178.313,-328.817,94.6105)
(-319.209,16.9259,-2.50011)
(-373.974,26.488,62.7965)
(-330.249,22.363,4.93019)
(-261.565,69.2002,46.9511)
(-330.937,24.4618,5.24017)
(-367.9,-40.6598,20.1505)
(-282.458,-185.723,53.0851)
(-234.347,-136.015,0.146682)
(94.6344,305.87,-89.7517)
(146.954,342.948,-12.5806)
(198.875,-242.349,110.214)
(157.229,-248.145,219.59)
(197.985,-242.893,110.669)
(343.666,-291.044,45.9294)
(273.994,-157.273,0.347768)
(193.7,-124.48,-1.08564)
(-249.134,212.544,-4.98046)
(-311.128,253.307,-33.685)
(311.811,21.584,29.9247)
(464.75,40.1033,51.4223)
(292.497,-114.146,70.0438)
(277.056,5.86129,89.915)
(294.187,-117.562,66.1671)
(243.296,-101.3,51.1017)
(292.851,-122.736,59.2236)
(268.819,-70.92,126.06)
(-55.6029,309.893,-91.1973)
(-52.5526,323.569,-17.5178)
(-68.6689,315.045,-91.9354)
(-178.751,284.987,-39.3122)
(-114.939,301.756,60.9847)
(-159.761,282.14,108.655)
(285.283,-170.058,-35.2534)
(325.754,-199.394,-73.8047)
(-54.8208,-311.429,64.2542)
(7.38368,-378.568,16.6046)
(-157.954,273.401,-55.848)
(-166.762,262.842,-35.4996)
(-158.891,271.947,-57.6945)
(-164.495,235.272,-185.073)
(1.69538,-321.028,3.33442)
(14.6462,-308.591,-76.9351)
0 events have been kept for refreshing and/or reviewing.
  "/vis/reviewKeptEvents" to review them one by one.
  "/vis/enable", then "/vis/viewer/flush" or "/vis/viewer/rebuild" to see them accumulated.
[Core-0] End of macro ./split/.Gate/main131/main8.mac
Graphics systems deleted.
Visualization Manager deleting...
