[G4] 
[G4] **************************************************************
[G4]  Geant4 version Name: geant4-10-07-patch-02    (11-June-2021)
[G4]                        Copyright : Geant4 Collaboration
[G4]                       References : NIM A 506 (2003), 250-303
[G4]                                  : IEEE-TNS 53 (2006), 270-278
[G4]                                  : NIM A 835 (2016), 186-225
[G4]                              WWW : http://geant4.org/
[G4] **************************************************************
[G4] 
[Core-0] Initialization of geometry
[Core-0] Initialization of physics
[Core-0] Initialization of actors
[Core-0] 
[Core-0] *************************************************
[Core-0]  GATE version 9.1 (2021)
[Core-0]  Copyright : OpenGATE Collaboration
[Core-0]  Reference : Phys. Med. Biol. 49 (2004) 4543-4561
[Core-0]  Reference : Phys. Med. Biol. 56 (2011) 881-901
[Core-0]  Reference : Med. Phys. 41(6)    (2014)
[Core-0]  http://www.opengatecollaboration.org        
[Core-0] *************************************************
[Core-0] 
[Core-0] You are using Geant4 version 10.7.2
[Core-0] Starting macro ./split/.Gate/main134/main14.mac
0: RINDEX
1.84e-06   1.00028
4.08e-06   1.00028
9: GROUPVEL
1.84e-06   299.709
4.08e-06   299.709
16: ABSLENGTH
1.84e-06   50000
4.08e-06   50000
 <!> *** WARNING *** <!>  GateMaterialDatabase: Multiple definition of element: Yttrium.
The definition in ClMind_GateMaterials.db was used.


GATE object:        'systems/cylindricalPET'
Components:

GATE object:        'systems/cylindricalPET/base'
Attached to volume: cylindricalPET
Nb of children:       1

	GATE object:        'systems/cylindricalPET/rsector'
	Attached to volume: module
	Nb of children:       1

		GATE object:        'systems/cylindricalPET/module'
		Attached to volume: unit
		Nb of children:       1

			GATE object:        'systems/cylindricalPET/submodule'
			Attached to volume: block
			Nb of children:       1

				GATE object:        'systems/cylindricalPET/crystal'
				Attached to volume: optical
				Nb of children:       4

					GATE object:        'systems/cylindricalPET/layer0'
					Attached to volume: crystal
					Nb of children:       0

					GATE object:        'systems/cylindricalPET/layer1'
					Attached to volume: ---
					Nb of children:       0

					GATE object:        'systems/cylindricalPET/layer2'
					Attached to volume: ---
					Nb of children:       0

					GATE object:        'systems/cylindricalPET/layer3'
					Attached to volume: ---
					Nb of children:       0
geometrical design type: 1
ring diameter: -3.95 mm 
rsector axial pitch: 0 fm 
rsector azimuthal pitch: 12.8571 degree
rsector tangential size: 2.5 cm 
rsector axial size: 25.04 cm 
module axial size: 4.784 cm 
module tangential size: 2.5 cm 
module axial pitch: 0 fm 
module tangential pitch: 0 fm 
submodule axial size: 4.784 cm 
submodule tangential size: 2.5 cm 
submodule axial pitch: 0 fm 
submodule tangential pitch: 0 fm 
crystal radial size: 1.59 cm 
crystal axial size: 1.59 cm 
crystal tangential size: 2.5 cm 
crystal axial pitch: 0 fm 
crystal tangential pitch: 0 fm 
layer0 radial size: 3.95 mm 
in layer0 interaction length: 1.975 mm 
Axial nb of rsectors: 1
Azimuthal nb of rsectors: 28
Axial nb of modules: 1
Tangential nb of modules: 1
Axial nb of submodules: 1
Tangential nb of submodules: 1
Axial nb of crystals: 1
Tangential nb of crystals: 1
Radial nb of layers: 1
[Physic-0] The following Geant4's physic-list is enabled :emstandard_opt3


List of Enabled processes:




List of initialized processes:


[Core-0] Initialization of geometry
[Core-0] Initialization of physics
[Core-0] Initialization of actors
 <!> *** WARNING *** <!>  The 'energytype' option is DEPRECATED, use 'ene/type' instead!
 <!> *** WARNING *** <!>  The 'energytype' option is DEPRECATED, use 'ene/type' instead!
 <!> *** WARNING *** <!>  The 'energytype' option is DEPRECATED, use 'ene/type' instead!
 <!> *** WARNING *** <!>  The 'energytype' option is DEPRECATED, use 'ene/type' instead!
 <!> *** WARNING *** <!>  The 'energytype' option is DEPRECATED, use 'ene/type' instead!
 <!> *** WARNING *** <!>  The 'energytype' option is DEPRECATED, use 'ene/type' instead!
 <!> *** WARNING *** <!>  The 'energytype' option is DEPRECATED, use 'ene/type' instead!
 <!> *** WARNING *** <!>  The 'energytype' option is DEPRECATED, use 'ene/type' instead!
 <!> *** WARNING *** <!>  The 'energytype' option is DEPRECATED, use 'ene/type' instead!
[Acquisition-0]   
[Acquisition-0] ============= Source initialization =============
[Acquisition-0]   
[Acquisition-0] ============= Acquisition starts! =============
[Acquisition-0] Simulation start time = 0 sec
[Acquisition-0] Simulation end time   = 1 sec
[Acquisition-0] Simulation will have  = 1 run(s)
[Acquisition-0] Slice 0 from 0 to 1 s [slice=1 s]

### ===  Deexcitation model UAtomDeexcitation is activated for 25 regions:
          DefaultRegionForTheWorld  1  1  1
          cylindricalPET  1  1  1
          module  1  1  1
          unit  1  1  1
          block  1  1  1
          optical  1  1  1
          crystal  1  1  1
          capillaire1  1  1  1
          capillaire1_water  1  1  1
          capillaire2  1  1  1
          capillaire2_water  1  1  1
          capillaire3  1  1  1
          capillaire3_water  1  1  1
          capillaire4  1  1  1
          capillaire4_water  1  1  1
          capillaire5  1  1  1
          capillaire5_water  1  1  1
          capillaire_m1  1  1  1
          capillaire_m1_water  1  1  1
          capillaire_m2  1  1  1
          capillaire_m2_water  1  1  1
          capillaire_m3  1  1  1
          capillaire_m3_water  1  1  1
          capillaire_m4  1  1  1
          capillaire_m4_water  1  1  1
### ===  Ignore cuts flag:   0

phot:  for gamma applyCuts:1  SubType=12 BuildTable=0
      LambdaPrime table from 200 keV to 100 TeV in 174 bins 
      ===== EM models for the G4Region  DefaultRegionForTheWorld ======
 LivermorePhElectric : Emin=    0 eV  Emax=  100 TeV  SauterGavrila Fluo

compt:  for gamma applyCuts:1  SubType=13 BuildTable=1
      Lambda table from 10 eV  to 1 MeV, 20 bins/decade, spline: 1
      LambdaPrime table from 1 MeV to 100 TeV in 160 bins 
      ===== EM models for the G4Region  DefaultRegionForTheWorld ======
        KleinNishina : Emin=    0 eV  Emax=  100 TeV Fluo

conv:  for gamma applyCuts:1  SubType=14 BuildTable=1
      Lambda table from 1.022 MeV to 100 TeV, 20 bins/decade, spline: 1
      ===== EM models for the G4Region  DefaultRegionForTheWorld ======
     BetheHeitlerLPM : Emin=    0 eV  Emax=  100 TeV  ModifiedTsai

Rayl:  for gamma applyCuts:1  SubType=11 BuildTable=1
      Lambda table from 10 eV  to 100 keV, 20 bins/decade, spline: 0
      LambdaPrime table from 100 keV to 100 TeV in 180 bins 
      ===== EM models for the G4Region  DefaultRegionForTheWorld ======
   LivermoreRayleigh : Emin=    0 eV  Emax=  100 TeV  CullenGenerator

msc:  for e-  SubType= 10
      ===== EM models for the G4Region  DefaultRegionForTheWorld ======
            UrbanMsc : Emin=    0 eV  Emax=  100 TeV Nbins=240 100 eV  - 100 TeV
              StepLim=DistanceToBoundary Rfact=0.04 Gfact=2.5 Sfact=0.6 DispFlag:1 Skin=1 Llimit=1

eIoni:  for e-  SubType=2
      dE/dx and range tables from 10 eV  to 100 TeV in 260 bins
      Lambda tables from threshold to 100 TeV, 20 bins/decade, spline: 1
      StepFunction=(0.2, 0.1 mm), integ: 1, fluct: 1, linLossLim= 0.01
      ===== EM models for the G4Region  DefaultRegionForTheWorld ======
        MollerBhabha : Emin=    0 eV  Emax=  100 TeV  deltaVI

eBrem:  for e-  SubType=3
      dE/dx and range tables from 10 eV  to 100 TeV in 260 bins
      Lambda tables from threshold to 100 TeV, 20 bins/decade, spline: 1
      LPM flag: 1 for E > 1 GeV,  VertexHighEnergyTh(GeV)= 100000
      ===== EM models for the G4Region  DefaultRegionForTheWorld ======
             eBremSB : Emin=    0 eV  Emax=    1 GeV  AngularGen2BS
            eBremLPM : Emin=    1 GeV Emax=  100 TeV  AngularGen2BS

ePairProd:  for e-  SubType=4
      dE/dx and range tables from 10 eV  to 100 TeV in 260 bins
      Lambda tables from threshold to 100 TeV, 20 bins/decade, spline: 1
      Sampling table 25x1001; from 0.1 GeV to 100 TeV 
      ===== EM models for the G4Region  DefaultRegionForTheWorld ======
           ePairProd : Emin=    0 eV  Emax=  100 TeV  ModifiedMephi

msc:  for e+  SubType= 10
      ===== EM models for the G4Region  DefaultRegionForTheWorld ======
            UrbanMsc : Emin=    0 eV  Emax=  100 TeV Nbins=240 100 eV  - 100 TeV
              StepLim=DistanceToBoundary Rfact=0.04 Gfact=2.5 Sfact=0.6 DispFlag:1 Skin=1 Llimit=1

eIoni:  for e+  SubType=2
      dE/dx and range tables from 10 eV  to 100 TeV in 260 bins
      Lambda tables from threshold to 100 TeV, 20 bins/decade, spline: 1
      StepFunction=(0.2, 0.1 mm), integ: 1, fluct: 1, linLossLim= 0.01
      ===== EM models for the G4Region  DefaultRegionForTheWorld ======
        MollerBhabha : Emin=    0 eV  Emax=  100 TeV  deltaVI

eBrem:  for e+  SubType=3
      dE/dx and range tables from 10 eV  to 100 TeV in 260 bins
      Lambda tables from threshold to 100 TeV, 20 bins/decade, spline: 1
      LPM flag: 1 for E > 1 GeV,  VertexHighEnergyTh(GeV)= 100000
      ===== EM models for the G4Region  DefaultRegionForTheWorld ======
             eBremSB : Emin=    0 eV  Emax=    1 GeV  AngularGen2BS
            eBremLPM : Emin=    1 GeV Emax=  100 TeV  AngularGen2BS

ePairProd:  for e+  SubType=4
      dE/dx and range tables from 10 eV  to 100 TeV in 260 bins
      Lambda tables from threshold to 100 TeV, 20 bins/decade, spline: 1
      Sampling table 25x1001; from 0.1 GeV to 100 TeV 
      ===== EM models for the G4Region  DefaultRegionForTheWorld ======
           ePairProd : Emin=    0 eV  Emax=  100 TeV  ModifiedMephi

annihil:  for e+, integral:1  applyCuts:1  SubType=5 BuildTable=0
      ===== EM models for the G4Region  DefaultRegionForTheWorld ======
            eplus2gg : Emin=    0 eV  Emax=  100 TeV

msc:  for proton  SubType= 10
      ===== EM models for the G4Region  DefaultRegionForTheWorld ======
            UrbanMsc : Emin=    0 eV  Emax=  100 TeV Nbins=240 100 eV  - 100 TeV
              StepLim=Minimal Rfact=0.2 Gfact=2.5 Sfact=0.6 DispFlag:1 Skin=1 Llimit=1

hIoni:  for proton  SubType=2
      dE/dx and range tables from 10 eV  to 100 TeV in 260 bins
      Lambda tables from threshold to 100 TeV, 20 bins/decade, spline: 1
      StepFunction=(0.2, 0.05 mm), integ: 1, fluct: 1, linLossLim= 0.01
      ===== EM models for the G4Region  DefaultRegionForTheWorld ======
               Bragg : Emin=    0 eV  Emax=    2 MeV  deltaVI
          BetheBloch : Emin=    2 MeV Emax=  100 TeV  deltaVI

hBrems:  for proton  SubType=3
      dE/dx and range tables from 10 eV  to 100 TeV in 260 bins
      Lambda tables from threshold to 100 TeV, 20 bins/decade, spline: 1
      ===== EM models for the G4Region  DefaultRegionForTheWorld ======
               hBrem : Emin=    0 eV  Emax=  100 TeV  ModifiedMephi
      ===== Limit on energy threshold has been applied 

hPairProd:  for proton  SubType=4
      dE/dx and range tables from 10 eV  to 100 TeV in 260 bins
      Lambda tables from threshold to 100 TeV, 20 bins/decade, spline: 1
      Sampling table 17x1001; from 7.50618 GeV to 100 TeV 
      ===== EM models for the G4Region  DefaultRegionForTheWorld ======
           hPairProd : Emin=    0 eV  Emax=  100 TeV  ModifiedMephi

nuclearStopping:  for proton applyCuts:1  SubType=8 BuildTable=0
      ===== EM models for the G4Region  DefaultRegionForTheWorld ======
   ICRU49NucStopping : Emin=    0 eV  Emax=    1 MeV

msc:  for GenericIon  SubType= 10
      ===== EM models for the G4Region  DefaultRegionForTheWorld ======
            UrbanMsc : Emin=    0 eV  Emax=  100 TeV
              StepLim=Minimal Rfact=0.2 Gfact=2.5 Sfact=0.6 DispFlag:1 Skin=1 Llimit=1

ionIoni:  for GenericIon  SubType=2
      dE/dx and range tables from 10 eV  to 100 TeV in 260 bins
      Lambda tables from threshold to 100 TeV, 20 bins/decade, spline: 1
      StepFunction=(0.1, 0.02 mm), integ: 1, fluct: 1, linLossLim= 0.02
      ===== EM models for the G4Region  DefaultRegionForTheWorld ======
         ParamICRU73 : Emin=    0 eV  Emax=  100 TeV  deltaVI

nuclearStopping:  for GenericIon applyCuts:1  SubType=8 BuildTable=0
      ===== EM models for the G4Region  DefaultRegionForTheWorld ======
   ICRU49NucStopping : Emin=    0 eV  Emax=    1 MeV

msc:  for alpha  SubType= 10
      ===== EM models for the G4Region  DefaultRegionForTheWorld ======
            UrbanMsc : Emin=    0 eV  Emax=  100 TeV Nbins=240 100 eV  - 100 TeV
              StepLim=Minimal Rfact=0.2 Gfact=2.5 Sfact=0.6 DispFlag:1 Skin=1 Llimit=1

ionIoni:  for alpha  SubType=2
      dE/dx and range tables from 10 eV  to 100 TeV in 260 bins
      Lambda tables from threshold to 100 TeV, 20 bins/decade, spline: 1
      StepFunction=(0.1, 0.02 mm), integ: 1, fluct: 1, linLossLim= 0.02
      ===== EM models for the G4Region  DefaultRegionForTheWorld ======
            BraggIon : Emin=    0 eV  Emax=7.9452 MeV  deltaVI
          BetheBloch : Emin=7.9452 MeV Emax=  100 TeV  deltaVI

nuclearStopping:  for alpha applyCuts:1  SubType=8 BuildTable=0
      ===== EM models for the G4Region  DefaultRegionForTheWorld ======
   ICRU49NucStopping : Emin=    0 eV  Emax=    1 MeV

msc:  for anti_proton  SubType= 10
      ===== EM models for the G4Region  DefaultRegionForTheWorld ======
            UrbanMsc : Emin=    0 eV  Emax=  100 TeV Nbins=240 100 eV  - 100 TeV
              StepLim=Minimal Rfact=0.2 Gfact=2.5 Sfact=0.6 DispFlag:1 Skin=1 Llimit=1

hIoni:  for anti_proton  SubType=2
      dE/dx and range tables from 10 eV  to 100 TeV in 260 bins
      Lambda tables from threshold to 100 TeV, 20 bins/decade, spline: 1
      StepFunction=(0.2, 0.05 mm), integ: 1, fluct: 1, linLossLim= 0.01
      ===== EM models for the G4Region  DefaultRegionForTheWorld ======
            ICRU73QO : Emin=    0 eV  Emax=    2 MeV  deltaVI
          BetheBloch : Emin=    2 MeV Emax=  100 TeV  deltaVI

hBrems:  for anti_proton  SubType=3
      dE/dx and range tables from 10 eV  to 100 TeV in 260 bins
      Lambda tables from threshold to 100 TeV, 20 bins/decade, spline: 1
      ===== EM models for the G4Region  DefaultRegionForTheWorld ======
               hBrem : Emin=    0 eV  Emax=  100 TeV  ModifiedMephi
      ===== Limit on energy threshold has been applied 

hPairProd:  for anti_proton  SubType=4
      dE/dx and range tables from 10 eV  to 100 TeV in 260 bins
      Lambda tables from threshold to 100 TeV, 20 bins/decade, spline: 1
      Sampling table 17x1001; from 7.50618 GeV to 100 TeV 
      ===== EM models for the G4Region  DefaultRegionForTheWorld ======
           hPairProd : Emin=    0 eV  Emax=  100 TeV  ModifiedMephi

msc:  for kaon+  SubType= 10
      ===== EM models for the G4Region  DefaultRegionForTheWorld ======
            UrbanMsc : Emin=    0 eV  Emax=  100 TeV Nbins=240 100 eV  - 100 TeV
              StepLim=Minimal Rfact=0.2 Gfact=2.5 Sfact=0.6 DispFlag:1 Skin=1 Llimit=1

hIoni:  for kaon+  SubType=2
      dE/dx and range tables from 10 eV  to 100 TeV in 260 bins
      Lambda tables from threshold to 100 TeV, 20 bins/decade, spline: 1
      StepFunction=(0.2, 0.05 mm), integ: 1, fluct: 1, linLossLim= 0.01
      ===== EM models for the G4Region  DefaultRegionForTheWorld ======
               Bragg : Emin=    0 eV  Emax=1.05231 MeV  deltaVI
          BetheBloch : Emin=1.05231 MeV Emax=  100 TeV  deltaVI

hBrems:  for kaon+  SubType=3
      dE/dx and range tables from 10 eV  to 100 TeV in 260 bins
      Lambda tables from threshold to 100 TeV, 20 bins/decade, spline: 1
      ===== EM models for the G4Region  DefaultRegionForTheWorld ======
               hBrem : Emin=    0 eV  Emax=  100 TeV  ModifiedMephi
      ===== Limit on energy threshold has been applied 

hPairProd:  for kaon+  SubType=4
      dE/dx and range tables from 10 eV  to 100 TeV in 260 bins
      Lambda tables from threshold to 100 TeV, 20 bins/decade, spline: 1
      Sampling table 18x1001; from 3.94942 GeV to 100 TeV 
      ===== EM models for the G4Region  DefaultRegionForTheWorld ======
           hPairProd : Emin=    0 eV  Emax=  100 TeV  ModifiedMephi

msc:  for kaon-  SubType= 10
      ===== EM models for the G4Region  DefaultRegionForTheWorld ======
            UrbanMsc : Emin=    0 eV  Emax=  100 TeV Nbins=240 100 eV  - 100 TeV
              StepLim=Minimal Rfact=0.2 Gfact=2.5 Sfact=0.6 DispFlag:1 Skin=1 Llimit=1

hIoni:  for kaon-  SubType=2
      dE/dx and range tables from 10 eV  to 100 TeV in 260 bins
      Lambda tables from threshold to 100 TeV, 20 bins/decade, spline: 1
      StepFunction=(0.2, 0.05 mm), integ: 1, fluct: 1, linLossLim= 0.01
      ===== EM models for the G4Region  DefaultRegionForTheWorld ======
            ICRU73QO : Emin=    0 eV  Emax=1.05231 MeV  deltaVI
          BetheBloch : Emin=1.05231 MeV Emax=  100 TeV  deltaVI

hBrems:  for kaon-  SubType=3
      dE/dx and range tables from 10 eV  to 100 TeV in 260 bins
      Lambda tables from threshold to 100 TeV, 20 bins/decade, spline: 1
      ===== EM models for the G4Region  DefaultRegionForTheWorld ======
               hBrem : Emin=    0 eV  Emax=  100 TeV  ModifiedMephi
      ===== Limit on energy threshold has been applied 

hPairProd:  for kaon-  SubType=4
      dE/dx and range tables from 10 eV  to 100 TeV in 260 bins
      Lambda tables from threshold to 100 TeV, 20 bins/decade, spline: 1
      Sampling table 18x1001; from 3.94942 GeV to 100 TeV 
      ===== EM models for the G4Region  DefaultRegionForTheWorld ======
           hPairProd : Emin=    0 eV  Emax=  100 TeV  ModifiedMephi

msc:  for mu+  SubType= 10
      ===== EM models for the G4Region  DefaultRegionForTheWorld ======
            UrbanMsc : Emin=    0 eV  Emax=  100 TeV Nbins=240 100 eV  - 100 TeV
              StepLim=Minimal Rfact=0.2 Gfact=2.5 Sfact=0.6 DispFlag:1 Skin=1 Llimit=1

muIoni:  for mu+  SubType=2
      dE/dx and range tables from 10 eV  to 100 TeV in 260 bins
      Lambda tables from threshold to 100 TeV, 20 bins/decade, spline: 1
      StepFunction=(0.2, 0.05 mm), integ: 1, fluct: 1, linLossLim= 0.01
      ===== EM models for the G4Region  DefaultRegionForTheWorld ======
               Bragg : Emin=    0 eV  Emax=  200 keV  deltaVI
          BetheBloch : Emin=  200 keV Emax=    1 GeV  deltaVI
        MuBetheBloch : Emin=    1 GeV Emax=  100 TeV

muBrems:  for mu+  SubType=3
      dE/dx and range tables from 10 eV  to 100 TeV in 260 bins
      Lambda tables from threshold to 100 TeV, 20 bins/decade, spline: 1
      ===== EM models for the G4Region  DefaultRegionForTheWorld ======
              MuBrem : Emin=    0 eV  Emax=  100 TeV  ModifiedMephi
      ===== Limit on energy threshold has been applied 

muPairProd:  for mu+  SubType=4
      dE/dx and range tables from 10 eV  to 100 TeV in 260 bins
      Lambda tables from threshold to 100 TeV, 20 bins/decade, spline: 1
      Sampling table 21x1001; from 1 GeV to 100 TeV 
      ===== EM models for the G4Region  DefaultRegionForTheWorld ======
          muPairProd : Emin=    0 eV  Emax=  100 TeV  ModifiedMephi

msc:  for mu-  SubType= 10
      ===== EM models for the G4Region  DefaultRegionForTheWorld ======
            UrbanMsc : Emin=    0 eV  Emax=  100 TeV Nbins=240 100 eV  - 100 TeV
              StepLim=Minimal Rfact=0.2 Gfact=2.5 Sfact=0.6 DispFlag:1 Skin=1 Llimit=1

muIoni:  for mu-  SubType=2
      dE/dx and range tables from 10 eV  to 100 TeV in 260 bins
      Lambda tables from threshold to 100 TeV, 20 bins/decade, spline: 1
      StepFunction=(0.2, 0.05 mm), integ: 1, fluct: 1, linLossLim= 0.01
      ===== EM models for the G4Region  DefaultRegionForTheWorld ======
            ICRU73QO : Emin=    0 eV  Emax=  200 keV  deltaVI
          BetheBloch : Emin=  200 keV Emax=    1 GeV  deltaVI
        MuBetheBloch : Emin=    1 GeV Emax=  100 TeV

muBrems:  for mu-  SubType=3
      dE/dx and range tables from 10 eV  to 100 TeV in 260 bins
      Lambda tables from threshold to 100 TeV, 20 bins/decade, spline: 1
      ===== EM models for the G4Region  DefaultRegionForTheWorld ======
              MuBrem : Emin=    0 eV  Emax=  100 TeV  ModifiedMephi
      ===== Limit on energy threshold has been applied 

muPairProd:  for mu-  SubType=4
      dE/dx and range tables from 10 eV  to 100 TeV in 260 bins
      Lambda tables from threshold to 100 TeV, 20 bins/decade, spline: 1
      Sampling table 21x1001; from 1 GeV to 100 TeV 
      ===== EM models for the G4Region  DefaultRegionForTheWorld ======
          muPairProd : Emin=    0 eV  Emax=  100 TeV  ModifiedMephi

msc:  for pi+  SubType= 10
      ===== EM models for the G4Region  DefaultRegionForTheWorld ======
            UrbanMsc : Emin=    0 eV  Emax=  100 TeV Nbins=240 100 eV  - 100 TeV
              StepLim=Minimal Rfact=0.2 Gfact=2.5 Sfact=0.6 DispFlag:1 Skin=1 Llimit=1

hIoni:  for pi+  SubType=2
      dE/dx and range tables from 10 eV  to 100 TeV in 260 bins
      Lambda tables from threshold to 100 TeV, 20 bins/decade, spline: 1
      StepFunction=(0.2, 0.05 mm), integ: 1, fluct: 1, linLossLim= 0.01
      ===== EM models for the G4Region  DefaultRegionForTheWorld ======
               Bragg : Emin=    0 eV  Emax=297.505 keV  deltaVI
          BetheBloch : Emin=297.505 keV Emax=  100 TeV  deltaVI

hBrems:  for pi+  SubType=3
      dE/dx and range tables from 10 eV  to 100 TeV in 260 bins
      Lambda tables from threshold to 100 TeV, 20 bins/decade, spline: 1
      ===== EM models for the G4Region  DefaultRegionForTheWorld ======
               hBrem : Emin=    0 eV  Emax=  100 TeV  ModifiedMephi
      ===== Limit on energy threshold has been applied 

hPairProd:  for pi+  SubType=4
      dE/dx and range tables from 10 eV  to 100 TeV in 260 bins
      Lambda tables from threshold to 100 TeV, 20 bins/decade, spline: 1
      Sampling table 20x1001; from 1.11656 GeV to 100 TeV 
      ===== EM models for the G4Region  DefaultRegionForTheWorld ======
           hPairProd : Emin=    0 eV  Emax=  100 TeV  ModifiedMephi

msc:  for pi-  SubType= 10
      ===== EM models for the G4Region  DefaultRegionForTheWorld ======
            UrbanMsc : Emin=    0 eV  Emax=  100 TeV Nbins=240 100 eV  - 100 TeV
              StepLim=Minimal Rfact=0.2 Gfact=2.5 Sfact=0.6 DispFlag:1 Skin=1 Llimit=1

hIoni:  for pi-  SubType=2
      dE/dx and range tables from 10 eV  to 100 TeV in 260 bins
      Lambda tables from threshold to 100 TeV, 20 bins/decade, spline: 1
      StepFunction=(0.2, 0.05 mm), integ: 1, fluct: 1, linLossLim= 0.01
      ===== EM models for the G4Region  DefaultRegionForTheWorld ======
            ICRU73QO : Emin=    0 eV  Emax=297.505 keV  deltaVI
          BetheBloch : Emin=297.505 keV Emax=  100 TeV  deltaVI

hBrems:  for pi-  SubType=3
      dE/dx and range tables from 10 eV  to 100 TeV in 260 bins
      Lambda tables from threshold to 100 TeV, 20 bins/decade, spline: 1
      ===== EM models for the G4Region  DefaultRegionForTheWorld ======
               hBrem : Emin=    0 eV  Emax=  100 TeV  ModifiedMephi
      ===== Limit on energy threshold has been applied 

hPairProd:  for pi-  SubType=4
      dE/dx and range tables from 10 eV  to 100 TeV in 260 bins
      Lambda tables from threshold to 100 TeV, 20 bins/decade, spline: 1
      Sampling table 20x1001; from 1.11656 GeV to 100 TeV 
      ===== EM models for the G4Region  DefaultRegionForTheWorld ======
           hPairProd : Emin=    0 eV  Emax=  100 TeV  ModifiedMephi
G4VisManager: Using G4TrajectoryDrawByCharge as fallback trajectory model.
See commands in /vis/modeling/trajectories/ for other options.

### ===  Deexcitation model UAtomDeexcitation is activated for 25 regions:
          DefaultRegionForTheWorld  1  1  1
          cylindricalPET  1  1  1
          module  1  1  1
          unit  1  1  1
          block  1  1  1
          optical  1  1  1
          crystal  1  1  1
          capillaire1  1  1  1
          capillaire1_water  1  1  1
          capillaire2  1  1  1
          capillaire2_water  1  1  1
          capillaire3  1  1  1
          capillaire3_water  1  1  1
          capillaire4  1  1  1
          capillaire4_water  1  1  1
          capillaire5  1  1  1
          capillaire5_water  1  1  1
          capillaire_m1  1  1  1
          capillaire_m1_water  1  1  1
          capillaire_m2  1  1  1
          capillaire_m2_water  1  1  1
          capillaire_m3  1  1  1
          capillaire_m3_water  1  1  1
          capillaire_m4  1  1  1
          capillaire_m4_water  1  1  1
### ===  Ignore cuts flag:   0
(-322.061,-22.0672,-121.192)
(-368.73,-7.03132,-122.606)
(140.734,303.205,-27.639)
(166.598,206.618,-37.5496)
(-312.36,-52.6416,55.0097)
(-265.35,52.0863,99.2977)
(-324.048,-3.04245,-37.1116)
(-288.848,-186.313,-32.9616)
(315.591,3.56912,44.8732)
(366.024,-66.7224,-22.3042)
(313.535,4.56867,44.0323)
(340.397,85.6724,94.1451)
(186.427,254.283,-82.7494)
(164.673,288.695,-88.9523)
(-113.305,-303.329,97.4873)
(-68.3908,-336.52,188.933)
(266.654,199.416,103.15)
(306.056,283.669,163.303)
(-246.833,-200.676,-104.189)
(-140.476,-185.343,-173.44)
(298.752,-100.94,103.974)
(245.742,-160.926,93.018)
(250.96,185.86,105.174)
(225.027,301.249,87.3209)
(-204.006,-263.005,-36.3989)
(-205.299,-229.846,7.04107)
(247.464,204.791,27.0893)
(165.718,205.772,-6.02542)
(249.414,202.574,29.2766)
(325.644,214.663,10.644)
(-71.876,-305.989,110.4)
(-98.3001,-301.352,52.6536)
(-67.4015,-309.952,118.588)
(-131.553,-309.805,136.882)
(-65.3551,-315.82,120.083)
(-78.313,-334.144,163.922)
(-66.1362,-316.711,119.227)
(-46.7639,-273.629,152.288)
(-41.2824,-323.548,-10.5391)
(-74.453,-336.006,-37.113)
(276.471,-168.079,-6.49119)
(212.967,-319.631,-184.629)
(280.264,-183.735,-15.682)
(358.337,-166.896,3.75633)
(326.708,-58.3164,-106.371)
(334.821,6.12397,-66.8764)
(-165.912,284.315,-4.66247)
(-139.366,360.393,-134.075)
(152.419,275.669,-55.8444)
(119.274,289.067,15.4162)
(153.868,276.935,-61.2428)
(140.392,311.85,-40.962)
(155.895,275.574,-60.7416)
(209.621,301.817,0.666648)
(299.689,97.7244,-73.5202)
(271.632,80.8362,-177.318)
(22.1753,-312.792,-45.6476)
(-7.34373,-331.851,-81.6278)
(89.704,-299.488,29.9253)
(30.2581,-331.511,122.603)
(317.053,56.1236,-27.1229)
(314.477,107.713,43.4088)
(327.336,54.5093,-21.706)
(276.529,86.1696,-49.9091)
(332.361,53.0662,-11.3572)
(298.757,4.03494,-57.6135)
(-313.705,-40.4434,20.0511)
(-351.522,-2.66115,15.1128)
(324.207,23.3024,-106.127)
(381.774,-16.897,-126.698)
(-326.664,-14.2667,65.8571)
(-232.998,-35.4434,152.163)
(-123.916,295.567,122.517)
(-152.86,193.306,155.547)
(122.821,306.713,90.7944)
(163.48,277.481,101.429)
(286.155,-144.642,114.939)
(332.551,-238.044,105.48)
(289.499,-144.075,112.951)
(318.405,-66.5326,125.353)
(289.603,-143.99,112.949)
(224.228,-259.751,201.053)
(-284.227,-162.959,-35.3037)
(-265.834,-114.618,-27.514)
(151.951,-294.718,-55.7153)
(152.033,-331.531,-62.249)
(150.064,-295.334,-57.4074)
(208.719,-252.861,-51.6375)
(-49.375,310.94,11.0091)
(-65.8006,378.364,-4.63825)
(-12.2747,-313.31,96.4807)
(53.4762,-224.419,80.6632)
(-162.77,-273.57,-9.92796)
(-146.574,-325.066,-112.023)
(-165.077,-275.768,-12.6192)
(-62.6212,-381.404,-38.7003)
(-164.65,-281.268,-17.4662)
(-128.084,-223.65,18.0668)
(-165.306,-281.555,-19.6042)
(-210.578,-215.657,-36.9059)
(327.417,-75.4849,-7.85031)
(337.412,-122.174,93.4556)
(326.433,-78.0876,-14.27)
(331.766,-55.0395,-50.9912)
(-318.582,20.0339,124.391)
(-384.259,84.7172,101.233)
(118.246,307.833,23.6857)
(68.213,394.179,85.6873)
(99.3066,317.284,33.2896)
(164.022,340.579,28.8151)
(92.5158,321.829,33.6388)
(24.6696,292.261,133.68)
(101.287,-306.459,-27.7398)
(114.543,-302.071,-53.908)
(-138.551,284.028,107.876)
(-130.813,349.212,35.1703)
(159.478,-287.276,-107.275)
(177.496,-368.14,-33.6982)
(157.666,-294.47,-117.568)
(158.522,-329.608,-104.689)
(155.921,-298.061,-120.257)
(195.589,-287.959,-130.162)
(319.123,-27.7525,15.1672)
(199.62,-47.5217,135.404)
(-316.115,86.8329,55.4563)
(-326.333,24.6233,-66.6784)
(255.715,-194.285,-121.701)
(253.214,-307.572,-104.553)
(254.876,-192.744,-123.386)
(212.049,-161.36,-84.3798)
(325.119,76.6815,-123.772)
(324.957,90.8894,-180.755)
(139.112,-285.105,-70.8979)
(134.216,-285.131,-54.6991)
(135.935,-284.946,-63.8727)
(163.32,-260.366,-65.0611)
(-206.919,236.969,57.8498)
(-301.855,292.96,-31.8663)
(-205.476,237.049,60.69)
(-163.244,144.32,89.8811)
(93.1028,314.504,41.0597)
(165.187,304.089,116.203)
(-72.9691,-310.287,-41.1129)
(-125.126,-520.166,-9.04413)
(-74.9723,-317.783,-45.9202)
(-28.0055,-282.856,54.5104)
(-302.651,-76.7429,88.3788)
(-274.629,-92.4749,65.7415)
(-303.267,-75.398,87.9033)
(-276.98,-135.072,77.8112)
(-312.601,66.348,-119.364)
(-371.861,79.6273,-186.9)
(-310.573,63.1007,-120.592)
(-244.93,19.0207,-94.7624)
(328.741,45.2912,2.05237)
(339.005,35.5464,47.8073)
(279.601,188.493,62.5695)
(283.656,149.816,99.442)
(-85.3962,-305.583,-99.8545)
(-110.584,-273.673,-79.0025)
(62.5135,324.639,-77.9105)
(-24.5649,370.496,-182.192)
(152.733,-284.663,67.3289)
(176.322,-269.9,110.08)
(318.769,87.8093,27.0501)
(323.038,39.3767,-71.6328)
(-275.511,-161.632,-48.2679)
(-308.409,-262.265,-121.594)
(75.7793,303.193,-18.5497)
(80.3284,204.217,-4.58697)
(75.5163,302.743,-19.0052)
(139.205,272.268,-24.2376)
(-188.774,-252.413,69.654)
(-217.086,-157.462,112.29)
(-59.8859,-320.878,19.731)
(-35.0428,-366.286,-10.0499)
(-55.368,-322.029,18.0849)
(1.77696,-449.626,-148.906)
(327.141,26.3206,-103.737)
(426.416,80.0556,-117.114)
(-307.3,125.616,41.7404)
(-522.575,77.9244,136.879)
(-308.601,125.558,40.4667)
(-372.22,64.0075,48.4837)
(248.919,188.169,-91.956)
(267.261,126.553,-122.443)
(294.068,120.228,-64.1808)
(269.243,102.124,-79.785)
(301.349,128.969,-50.7378)
(194.525,196.044,-113.917)
(-301.288,-87.4704,44.005)
(-284.251,-34.396,77.4459)
(-304.849,119.676,83.894)
(-407.648,128.423,38.5897)
(-314.544,119.647,84.4357)
(-188.223,97.0324,98.2543)
(290.535,116.446,-61.6785)
(304.95,136.817,24.658)
(72.4864,-304.365,-45.0086)
(154.572,-259.034,65.8133)
(323.884,-82.0086,-107.99)
(358.437,-124.843,-28.564)
(-311.768,99.0261,21.4161)
(-274.652,97.1186,147.991)
(301.748,92.3292,94.0653)
(240.981,116.518,137.491)
(314.908,81.6168,59.5514)
(366.339,96.0054,81.4774)
(-136.798,-286.329,80.861)
(-58.8619,-276.377,89.701)
(46.957,318.543,-93.1615)
(73.7956,328.058,-199.392)
(-215.077,-230.782,70.8563)
(-114.58,-226.837,-85.5373)
(179.704,266.159,65.6479)
(214.13,236.43,161.729)
(-313.356,2.64711,-104.367)
(-261.488,27.4673,-134.293)
(-313.753,1.32696,-103.924)
(-292.81,-68.8312,-35.1163)
(-83.8617,-320.398,65.0473)
(-141.08,-375.665,143.213)
(-42.5633,-310.313,-52.6925)
(-13.8797,-301.975,17.2833)
(20.8954,-313.404,38.9108)
(19.3471,-304.288,8.98414)
(18.6489,-313.592,39.6972)
(-7.85769,-286.249,9.12971)
(-278.598,-143.937,-72.0174)
(-185.378,-78.9108,-63.6072)
(302.58,146.053,73.7414)
(210.943,97.0954,168.22)
(-243.681,-213.057,-30.0796)
(-334.664,-134.705,-30.8581)
(311.806,-39.6692,123.241)
(401.702,-45.918,257.16)
(311.935,-30.81,118.487)
(251.561,10.2281,130.179)
(304.057,-88.1586,94.5529)
(386.095,-148.813,75.8375)
(-310.82,-113.894,-22.4109)
(-262.907,-105.511,70.4329)
(218.995,238.058,47.2749)
(183.326,223.685,108.015)
(222.612,236.417,49.2239)
(88.6664,203.638,32.4865)
(67.0123,313.208,6.76973)
(7.93127,303.401,17.6645)
(-21.0969,312.637,-14.4337)
(47.0506,170.444,-88.4206)
(264.366,-169.782,-61.8557)
(187.516,-210.42,16.577)
(-218.625,-230.917,117.323)
(-227.531,-300.64,222.646)
(234.268,226.357,-113.057)
(298.037,236.876,-139.324)
(240.905,-203.463,-68.2457)
(196.292,-228.6,-133.826)
(237.681,-208.486,-70.1295)
(237.739,-340.123,-68.4128)
(-277.629,159.315,53.9532)
(-196.394,125.187,56.1224)
(-93.6475,304.127,-20.2037)
(-108.893,361.745,-72.5228)
(-94.4285,304.748,-17.4011)
(-70.71,234.57,-54.5869)
(246.389,-203.107,14.6349)
(248.262,-173.515,52.2202)
(-304.227,-73.3666,62.5505)
(-309.226,-73.2731,59.6597)
(294.069,122.735,-106.632)
(225.91,172.239,-130.145)
(287.937,124.805,-99.316)
(267.021,195.796,-119.945)
(287.939,125.433,-98.835)
(375.156,225.49,14.3377)
(-284.797,146.662,40.1226)
(-257.135,117.774,46.906)
(69.4902,310.735,-69.8548)
(13.9672,367.691,-102.687)
(89.9646,-300.481,70.4936)
(147.364,-331.294,-22.7124)
(-279.587,-140.509,-51.8473)
(-291.196,-122.848,-83.5297)
(-273.703,-155.892,-68.6638)
(-228.024,-155.036,-35.9134)
(156.386,296.851,106.982)
(6.20803,335.111,203.454)
(165.849,289.567,110.348)
(94.6164,264.753,128.929)
(24.4097,-326.136,78.2089)
(36.7239,-347.368,130.656)
(54.8945,-318.652,81.5697)
(121.811,-330.57,32.4348)
(-244.142,206.661,-51.0981)
(-221.6,163.272,-63.7118)
(307.573,67.9424,73.989)
(482.455,79.4562,96.2407)
(100.227,301.846,52.8717)
(133.27,384.565,84.4016)
(108.21,298.829,36.7185)
(107.747,215.727,53.5067)
(-46.0639,-331.273,83.6393)
(16.2603,-468.29,130.2)
(-47.6119,-332.479,81.5184)
(-90.2363,-301.901,96.8526)
(-53.7296,-331.457,69.8154)
(-166.179,-242.644,158.383)
(281.577,-139.484,-95.119)
(259.909,-230.726,-62.0785)
(274.773,157.816,-114.682)
(223.325,157.524,-139.4)
(272.877,164.492,87.1119)
(287.408,174.107,33.5762)
(273.686,178.408,83.8903)
(301.062,63.3881,-8.95139)
(117.804,302.343,15.3288)
(92.5512,328.026,44.0035)
(117.099,306.288,7.41549)
(23.7411,265.837,-60.6893)
(40.2784,-317.529,-12.6783)
(26.1632,-350.122,-79.2364)
(-297.804,126.423,108.651)
(-238.07,139.17,34.6451)
(86.9143,-322.513,23.2682)
(129.315,-281.368,-7.89416)
(311.842,-49.506,-10.5071)
(356.522,41.1482,-26.639)
(-311.93,84.411,17.7673)
(-273.427,56.8434,-110.036)
(253.363,-189.55,112.788)
(278.201,-89.2834,224.987)
(250.324,-191.835,111.246)
(179.551,-327.43,167.848)
(-315.52,6.03317,-28.5557)
(-323.262,54.792,133.24)
(329.771,-10.4914,54.746)
(420.969,-17.2421,-38.8432)
(302.083,-127.06,-52.8027)
(341.26,-59.6699,-95.3053)
(302.45,-128.567,-53.0164)
(326.166,-158.107,-71.9005)
(-297.756,134.315,59.4309)
(-324.452,37.5603,143.695)
(-70.7976,-307.699,-11.5655)
(-92.1898,-226.219,-93.1257)
(-321.404,-42.115,36.0592)
(-355.709,62.7652,44.6321)
(314.451,85.7491,-72.5583)
(355.312,175.204,-78.539)
(-45.5782,311.696,-46.5811)
(114.892,366.529,1.3083)
(-168.95,-281.901,44.2525)
(-105.024,-340.016,-14.1143)
(-296.456,107.582,-10.8765)
(-264.779,115.999,-20.1114)
(-314.085,-69.8885,-4.52978)
(-387.538,68.4007,-38.7374)
(-257.708,-196.885,-125.186)
(-262.863,-182.153,-97.7444)
(325.208,50.5523,-97.2037)
(315.808,70.7406,-109.583)
(27.1963,334.03,64.1493)
(147.762,301.429,-6.70467)
(-242.224,-203.406,-37.9789)
(-232.344,-172.764,-55.5673)
(-243.181,-207.329,-27.7965)
(-270.233,-207.095,-123.423)
(-57.0149,312.994,35.291)
(-86.6829,396.373,40.8097)
(-43.3397,-312.454,-32.2621)
(-42.2466,-305.846,-71.4553)
(322.286,69.6735,50.7567)
(271.565,32.7015,129.421)
(264.515,180.073,-6.00725)
(271.262,233.293,-34.6394)
(-138.173,-293.844,7.33268)
(-274.287,-348.607,-17.8261)
(-296.371,-117.786,-35.2415)
(-311.932,-74.2743,-74.5612)
(263.073,189.574,57.9478)
(296.598,52.094,46.6286)
(273.952,193.157,70.8502)
(246.102,79.9478,100.047)
(160.497,281.498,100.383)
(94.4705,373.721,111.447)
(-218.373,-225.002,-82.1738)
(-211.723,-336.842,-111.661)
(-295.008,-110.821,119.756)
(-387.168,-74.0998,67.1435)
(-53.1789,312.649,-78.6477)
(37.7304,349.98,-151.727)
(321.277,44.7821,105.173)
(326.23,63.2373,230.319)
(323.926,43.4587,107.08)
(342.469,85.3323,109.911)
(-287.59,-133.019,-97.6306)
(-298.315,-183.272,-143.452)
(-287.593,-140.263,-92.692)
(-262.824,-184.011,-77.8974)
(194.422,-245.985,26.9968)
(174.307,-298.119,25.8756)
(-306.499,122.371,-15.0252)
(-255.452,108.6,-51.3152)
(-305.278,87.3823,19.039)
(-369.262,-10.4262,23.6189)
(-311.838,96.9314,34.6952)
(-234.408,102.246,69.7371)
(-312.087,94.1191,35.8453)
(-326.765,109.424,56.2478)
(-196.416,-243.561,-7.45732)
(-300.341,-163.812,99.4263)
(-195.939,-245.326,-8.05133)
(-234.682,-163.808,-28.3131)
(210.173,237.122,7.19341)
(186.249,264.929,21.6663)
(310.074,-93.2974,-37.4293)
(293.682,-79.0229,-31.605)
(-315.161,67.522,27.4442)
(-189.441,-18.3093,105.361)
(159.79,-273.599,98.0351)
(207.779,-228.115,211.785)
(164.426,-279.964,106.254)
(142.636,-333.818,132.611)
(118.026,299.306,-106.282)
(203.339,294.474,-135.379)
(117.221,306.059,-108.007)
(90.7581,358.38,-10.9138)
(206.951,-243.097,100.664)
(175.794,-298.513,128.985)
(-250.957,-190.96,77.4436)
(-151.482,-209.789,110.133)
(207.265,244.953,-96.9139)
(322.153,158.837,-68.4922)
(-306.461,-87.6249,-18.0599)
(-386.315,-54.1077,41.1972)
(-308.046,-88.4355,-22.882)
(-273.077,-133.901,-80.2787)
(-308.037,-90.343,-27.4383)
(-398.862,-98.4826,10.2192)
(309.35,52.5987,13.6228)
(308.525,57.8495,-36.4914)
(312.582,48.7876,28.1662)
(357.261,55.924,-18.9552)
(-287.896,-128.644,106.059)
(-405.228,-80.6581,189.197)
(-292.409,-123.599,-6.34117)
(-231.21,-173.968,24.8945)
(-309.122,-129.191,-10.6298)
(-309.184,-91.2596,-52.5394)
(270.881,163.355,7.79194)
(167.74,177.61,44.7615)
(273.255,165.33,1.04258)
(234.352,157.003,36.3796)
(142.482,289.275,-105.025)
(48.168,201.755,46.8331)
(-318.52,60.9947,116.974)
(-278.192,50.4116,69.2075)
(95.7823,-297.99,-17.6527)
(81.1334,-337.279,-19.0453)
(98.8786,-302.98,-13.2019)
(172.897,-229.91,-17.4294)
(108.542,-297.256,-18.4494)
(175.999,-315.822,-108.365)
(-253.751,-190.154,-52.5312)
(-214.28,-230.744,8.46738)
(306.267,101.674,27.9593)
(249.62,88.2251,-8.66888)
(-312.41,48.6604,-9.4067)
(-301.829,-63.2452,10.2585)
(-331.142,55.8771,0.414515)
(-305.526,142.393,-60.8616)
(296.837,-124.08,20.9835)
(304.314,-85.3368,50.0796)
(234.24,-212.604,28.1736)
(217.705,-224.743,5.36651)
(1.45686,312.519,-40.4306)
(86.7446,234.895,-80.4409)
(-4.85997,320.995,-36.9617)
(-27.5864,240.565,116.546)
(-308.661,49.583,-109.398)
(-301.564,59.1818,-48.0614)
(-313.193,47.0007,-108.248)
(-271.76,129.398,-86.4972)
(-313.529,44.5362,-111.451)
(-301.504,98.7162,-111.02)
(189.919,-262.89,112.346)
(201.894,-196.031,88.4717)
(185.934,-272.256,111.277)
(164.201,-320.688,39.553)
(-286.484,141.892,-39.4787)
(-367.99,149.125,-120.52)
(-193.473,245.778,71.7037)
(-325.981,231.909,78.6124)
(-196.204,253.47,73.4221)
(-169.234,226.158,87.6501)
(-191.827,254.092,81.0726)
(-169.719,306.095,41.3639)
(123.154,-297.591,-87.7854)
(196.806,-228.043,-114.648)
(317.545,7.57166,69.9621)
(343.911,118.484,-31.0778)
(294.933,-130.566,-44.8902)
(306.253,-153.628,-64.1952)
(327.518,-1.38175,-113.598)
(300.248,-19.8202,-191.555)
(-187.173,-255.55,4.73358)
(-269.293,-249.139,94.2279)
(-193.252,-255.98,4.53235)
(-137.601,-282.622,46.0714)
(53.5851,319.18,-6.98268)
(87.6297,337.657,32.9121)
(130.831,288.119,-84.9367)
(111.371,395.324,-28.9028)
(134.745,293.964,-90.1363)
(73.4266,357.017,-75.6817)
(130.135,287.022,19.0843)
(187.633,318.496,-48.0814)
(133.288,287.917,4.48395)
(152.989,265.875,25.9991)
(-212.268,-259.357,-15.3987)
(-272.313,-303.865,-59.1422)
(-280.357,182.861,-62.7592)
(-352.769,120.805,-14.9595)
(194.339,-250.031,87.8454)
(189.886,-221.406,131.853)
(188.811,-251.286,84.7287)
(132.026,-170.53,131.382)
(69.6691,-318.124,96.7527)
(138.018,-205.409,114.449)
(89.8535,305.603,-92.7349)
(74.434,251.357,-97.3539)
(90.6677,305.259,-91.8394)
(130.828,262.221,-114.365)
(-280.117,-138.004,34.387)
(-331.183,-174.983,91.7383)
(-284.84,-144.949,31.0318)
(-262.074,-79.028,-28.9231)
(-288.162,-155.695,21.2186)
(-330.985,-154.26,-91.1428)
(-288.445,-158.637,17.0277)
(-367.089,-201.033,80.0087)
(246.083,225.771,-57.1398)
(218.222,183.99,-23.0348)
(-211.08,-231.175,-45.0188)
(-257.678,-265.809,-43.1142)
(-214.814,-242.37,-51.3647)
(-232.789,-161.775,-14.4391)
(-41.1778,321.878,60.4602)
(-32.1921,198.534,64.9946)
(314.762,21.1818,87.5916)
(255.74,93.6447,47.5507)
(309.412,53.8053,69.2891)
(380.91,-50.4867,145.189)
(299.68,91.3108,72.5678)
(368.816,81.4434,157.353)
(-207.265,261.857,-46.9848)
(-191.748,291.174,-60.8675)
(10.2583,-323.173,57.7747)
(-74.9138,-364.87,-36.9139)
(311.946,-85.0524,-67.0455)
(275.837,-62.9631,-14.0992)
(243.273,234.338,48.3082)
(274.835,198.736,25.2122)
(-279.731,-147.187,13.473)
(-259.619,-153.135,-85.7601)
(-212.017,241.851,80.3068)
(-184.082,173.876,66.3808)
(245.568,201.961,-9.53304)
(191.04,168.998,-7.42276)
(-105.385,-317.99,14.4982)
(-183.364,-426.976,-87.4266)
(-288.813,149.808,-115.087)
(-278.91,161.252,-121.414)
(-292.462,160.596,-117.624)
(-251.247,222.352,-207.274)
(-315.536,61.0001,111.081)
(-284.615,68.3476,175.895)
(311.996,-27.8537,100.071)
(328.191,-90.4187,72.0827)
(194.986,-254.133,-8.89951)
(241.919,-275.054,70.8716)
(-278.451,182.996,5.697)
(-359.265,125.661,22.9587)
(-308.926,-75.248,43.1679)
(-308.477,-131.717,202.655)
(-321.101,-95.6145,51.3976)
(-299.868,-120.617,45.625)
(305.668,126.838,-78.598)
(272.656,139.993,-62.6531)
(319.043,-29.6006,-65.714)
(335.271,1.48857,-40.2872)
(326.052,-19.6182,-59.0375)
(340.006,-53.3217,-49.6342)
(-179.978,-255.967,3.69022)
(-173.852,-183.794,89.8659)
(-190.707,-256.54,10.8346)
(-140.721,-217.772,-80.555)
(237.002,-211.884,-94.1256)
(238.266,-310.881,10.5343)
(313.281,-2.10307,-99.9544)
(276.38,33.9005,-200.915)
(333.774,-16.4423,-49.3136)
(433.176,17.5817,-55.8946)
(333.14,-14.2612,-46.6388)
(317.658,-29.4044,-71.5451)
(-278.545,-166.744,-82.0116)
(-297.675,-298.162,-57.5782)
(153.395,279.638,111.987)
(271.754,219.809,93.773)
(150.877,278.842,109.771)
(227.267,279.62,137.215)
(-246.327,-199.402,-79.1706)
(-414.103,-180.893,-35.8277)
(218.574,-242.932,115.704)
(160.109,-239.582,116.168)
(216.938,-252.351,122.806)
(210.975,-179.52,129.253)
(216.088,-254.234,125.159)
(225.173,-335.544,172.395)
(205.316,-263.389,118.242)
(206.589,-117.556,162.579)
(-67.8387,-306.184,64.3305)
(-114.59,-430.4,0.542458)
(271.279,156.699,-84.8245)
(263.794,124.1,-158.353)
(284.712,169.313,-97.4059)
(274.03,183.003,-28.8986)
(264.042,202.506,65.6896)
(263.374,164.947,119.793)
(-54.6935,-317.522,-99.3399)
(-21.3945,-271.162,-94.1028)
(-57.3809,-317.264,-102.269)
(-43.3647,-305.568,-68.7541)
(-64.0725,-317.562,-101.799)
(-77.0782,-415.312,-23.6742)
(271.506,162.808,-97.456)
(335.97,227.078,-60.4315)
(272.946,161.187,-97.7287)
(184.242,192.778,-153.817)
(269.527,160.798,-101.003)
(241.281,114.376,-85.6873)
(-288.793,-120.745,74.1392)
(-208.253,-235.938,74.3773)
(56.7949,312.29,88.6742)
(64.9106,301.523,71.4746)
(-304.887,72.5933,-55.6772)
(-270.086,31.313,-108.756)
(288.729,-119.239,92.786)
(211.366,-12.404,64.1168)
(298.661,-108.452,94.3193)
(273.302,-106.939,162.105)
(-31.3592,332.372,-37.5193)
(-111.755,295.385,-1.58395)
(-125.335,-308.067,36.9975)
(-110.572,-303.487,126.21)
(-119.334,-306.569,39.6015)
(-142.856,-344.648,84.6442)
(279.044,-163.824,-48.316)
(304.942,-173.942,-77.2197)
(285.013,-165.099,-39.8387)
(409.948,-193.661,-28.6809)
(-294.841,146.013,-50.6121)
(-257.375,286.854,-31.5483)
(263.7,-185.895,64.622)
(281.648,-175.646,78.193)
(266.276,-185.523,67.4394)
(204.643,-285.975,73.4955)
(-309.482,61.6993,57.1193)
(-283.193,49.8648,39.8048)
(-6.0056,-327.649,88.8988)
(-57.0759,-489.261,98.9819)
(-2.18337,-324.86,94.9604)
(59.2163,-393.215,124.463)
(-144.716,290.532,-78.7433)
(-157.707,242.405,15.341)
(-145.385,297.579,-80.6096)
(-205.146,329.835,-42.8819)
(-296.503,121.612,28.7578)
(-274.91,130.431,19.4846)
(200.655,-265.148,-67.1)
(248.107,-149.757,-10.4579)
(201.478,-262.828,-67.587)
(91.9424,-267.308,-126.669)
(313.994,-102.828,-112.985)
(319.619,-40.0537,-105.092)
(318.397,-100.889,-112.548)
(328.883,-89.7731,-136.212)
(-298.873,91.7931,78.9622)
(-338.968,197.615,140.655)
(-296.493,114.791,78.4516)
(-270.654,118.721,103.888)
(-294.792,116.137,77.7157)
(-284.222,178.342,5.32679)
(-247.831,-226.61,33.4736)
(-305.442,-255.756,124.758)
(304.479,96.1655,-16.6481)
(215.342,105.811,-21.6028)
(302.037,100.107,-12.9727)
(301.707,2.96613,-73.9449)
(318.062,-92.4585,67.4444)
(250.872,-16.7311,64.938)
(-305.895,94.6516,-72.3106)
(-339.94,47.2318,-93.9734)
(-306.172,95.1208,-72.3407)
(-237.401,68.2822,-55.5485)
(-274.678,-152.153,123.963)
(-353.24,-171.179,58.24)
(260.417,181.485,46.538)
(226.936,173.721,136.366)
(256.483,181.67,52.4619)
(239.735,99.0633,60.7963)
(-134.676,-294.531,-73.9225)
(-189.87,-338.178,-137.551)
(-151.274,275.597,-65.6184)
(-98.3286,302.589,-26.1699)
(-128.421,-286.624,71.9807)
(-172.016,-229.812,24.7165)
(-127.534,-285.371,68.6725)
(-205.497,-272.184,-34.7903)
(-214.674,251.432,-12.7013)
(-173.071,204.323,10.6848)
(136.985,-284.935,15.8843)
(156.954,-167.373,-27.0249)
(-317.036,-9.61504,-108.558)
(-296.092,35.4272,-100.427)
(-322.937,-4.52473,-108.051)
(-375.832,-13.8895,-114.369)
(-324.599,-3.59208,-104.605)
(-425.484,-11.0912,-87.8383)
(261.555,174.277,107.717)
(229.261,203.681,-36.372)
(-7.59491,319.93,89.0613)
(-29.0097,351.373,60.7965)
(255.205,-188.141,-122.701)
(301.155,-107.184,-79.8297)
(282.071,-133.504,44.2052)
(269.125,-223.367,46.9921)
(300.839,-134.495,41.6714)
(320.524,-81.9429,50.7882)
(-283.486,143.893,-48.6697)
(-354.563,136.487,-15.6918)
(190.652,248.196,84.1263)
(239.709,279.692,56.8127)
(189.076,251.277,78.5409)
(209.512,165.393,132.434)
(-114.855,294.048,-38.6658)
(-141.486,248.052,36.7832)
(-121.926,304.066,-35.692)
(-23.5157,365.272,-41.9766)
(323.44,30.0844,10.7458)
(419.829,164.221,58.3946)
(-320.59,-32.1441,-13.03)
(-288.297,-80.343,-21.9432)
(72.4669,-303.459,73.5292)
(71.0667,-223.816,-29.6956)
(-327.184,13.7064,-80.4036)
(-359.35,40.5996,-96.9355)
(-325.045,19.0341,-78.5393)
(-284.771,2.34722,-56.2684)
(-116.455,300.989,66.285)
(15.8156,324.27,44.1494)
(279.203,-163.768,-35.9628)
(282.11,-177.461,-53.3141)
(47.1033,320.195,-17.546)
(39.2628,297.589,-49.1071)
(163.15,-271.619,15.5743)
(170.54,-285.804,40.8369)
(161.024,-272.481,17.0493)
(202.414,-296.878,63.7921)
(322.613,42.1475,23.3228)
(248.24,-43.8934,-67.9865)
(253.053,196.659,-111.606)
(316.225,201.77,-97.1872)
(218.574,-226.339,55.4607)
(232.635,-110.969,113.545)
(296.384,-118.937,-79.7772)
(241.913,-230.427,-201.25)
(303.261,-122.385,-73.4698)
(356.586,-183.886,0.159013)
(-67.8903,313.416,-98.2194)
(-159.562,280.119,-144.936)
(-146.94,-275.421,86.7479)
(-82.8388,-221.926,87.6103)
(45.5866,-312.82,-53.1399)
(151.756,-266.233,-57.4662)
(210.029,233.448,32.4871)
(164.063,152.102,30.8207)
(-117.864,303.583,80.0889)
(-204.691,310.518,114.145)
(-115.69,309.055,103.248)
(-137.848,289.401,195.608)
(198.226,-261.363,117.961)
(202.342,-330.428,6.36281)
(-296.059,-112.017,121.4)
(-132.261,-1.60606,165.765)
(-277.63,156.564,105.057)
(-320.534,92.5137,26.9136)
(-283.752,156.241,114.232)
(-268.847,98.8835,195.264)
(-283.345,150.561,113.779)
(-327.035,79.6219,66.0333)
(-260.898,-202.425,93.4532)
(-319.961,-171.293,104.699)
(-263.361,-205.018,97.9071)
(-304.566,-290.276,-25.5285)
(-272.316,-198.424,110.441)
(-384.141,-228.803,87.1991)
(290.945,127.638,-87.7585)
(325.126,272.346,-64.1963)
(292.902,134.88,-86.3692)
(305.175,219.009,-113.333)
(191.893,-251.712,-68.2207)
(185.872,-311.943,-58.1039)
(-59.2438,315.841,83.996)
(-119.018,291.522,68.6676)
(-62.2119,326.527,89.6744)
(-137.24,357.353,68.796)
(264.103,178.674,123.032)
(248.828,193.059,89.3375)
(93.1049,303.307,4.72898)
(109.238,325.14,40.1858)
(96.2488,306.285,7.38309)
(87.2814,314.379,2.93848)
(95.5074,305.715,9.23354)
(92.6161,285.309,79.2998)
(-281.496,-183.866,-5.86085)
(-203.317,-150.285,4.61184)
(-282.13,-185.798,-9.4531)
(-259.902,-237.66,-71.4514)
(311.027,44.5372,67.7653)
(357.583,49.3659,109.79)
(-320.289,-48.0686,-71.0979)
(-303.749,-64.0301,-9.99714)
(-256.175,204.591,-35.0488)
(-289.656,226.262,-22.5341)
(-258.132,205.325,-29.8691)
(-261.348,172.048,-40.0466)
(-102.536,-304.475,-46.433)
(-13.9061,-295.093,35.5657)
(-99.2938,-316.7,-50.3146)
(-107.653,-325.615,-47.8201)
(-56.9738,314.538,50.0796)
(-46.0922,323.771,98.3471)
(65.8354,308.266,-78.9659)
(106.288,351.439,-99.4067)
(215.428,-232.097,111.345)
(244.126,-163.984,121.601)
(216.428,-231.761,111.501)
(276.643,-283.48,247.99)
(-303.906,69.7668,82.4706)
(-297.05,202.301,61.211)
(-311.886,29.5913,56.2589)
(-315.621,43.0525,102.509)
(-313.211,31.9428,66.1278)
(-407.004,38.0484,-27.8339)
(-298.67,96.1409,99.6852)
(-311.658,164.132,67.6169)
(-297.353,134.057,116.538)
(-285.852,124.217,175.855)
(-298.936,136.207,118.733)
(-309.283,182.625,64.2026)
(9.79769,-323.572,-10.8012)
(24.1978,-357.987,-23.5495)
(-202.052,248.622,6.11737)
(-183.444,244.509,-5.53481)
(-201.949,256.111,-1.74665)
(-228.937,215.837,18.1019)
(-216.046,257.626,49.6244)
(-256.059,230.378,81.6114)
(-43.047,-326.47,-65.9522)
(-83.2867,-309.635,103.365)
(303.547,-113.6,92.8445)
(416.953,-223.343,200.451)
(-232.285,214.481,77.7312)
(-206.437,130.843,83.7172)
(-94.2474,-307.605,-115.195)
(-58.997,-199.064,-286.917)
(-125.28,294.773,110.396)
(-118.248,236.156,83.8912)
(-249.272,195.718,1.12932)
(-222.137,269.507,97.6031)
(-252.089,203.06,-0.174397)
(-220.443,147.379,-51.041)
(125.005,-302.394,-89.2322)
(18.8261,-301.312,-157.131)
(239.836,-199.622,22.099)
(269.861,-223.505,-28.2963)
(-315.395,-41.5905,16.6692)
(-330.071,-31.5091,11.2414)
(-316.18,-41.7947,-3.22098)
(-415.253,-132.777,98.6583)
(319.725,58.1437,-22.1503)
(260.832,40.0838,46.348)
(-275.451,-188.014,16.1157)
(-309.774,-188.287,76.5603)
(320.816,-5.19588,-10.6517)
(295.778,-31.2344,-61.5683)
(-315.892,13.6619,28.3488)
(-234.917,21.0396,-15.3429)
(-319.749,50.1523,6.28166)
(-353.754,-7.34614,-1.64249)
(-318.953,54.8805,0.333592)
(-365.403,86.2476,-10.912)
(296.733,-107.277,4.1636)
(349.288,-66.0928,-62.6742)
(-297.756,-99.5577,86.1065)
(-307.315,-173.865,134.231)
(-253.476,182.474,-87.1181)
(-315.14,146.74,8.35528)
(213.801,-236.921,109.685)
(252.776,-129.374,106.311)
(256.545,-208.779,28.4999)
(314.646,-151.758,56.4743)
(-180.924,264.569,23.188)
(-62.2418,354.926,80.4764)
(-187.163,262.732,10.7936)
(-180.859,222.732,49.54)
(40.9837,-318.208,-30.1277)
(105.356,-323.365,27.5242)
(236.858,226.203,16.0246)
(264.851,272.566,-22.8203)
(-215.32,230.926,-17.4199)
(-281.961,309.407,-45.6776)
(279.484,-155.563,9.77961)
(323.674,-186.11,18.0093)
(247.191,195.295,-116.762)
(223.099,316.545,-67.7368)
(254.178,196.648,-114.252)
(202.792,214.617,-163.572)
(259.55,181.766,-13.6466)
(278.76,175.905,-118.2)
(259.709,180.751,-13.8023)
(200.835,269.703,36.9394)
(-74.7675,-326.796,27.8293)
(-28.1774,-304.837,209.29)
(-316.251,98.2859,18.0556)
(-324.026,34.3385,-25.0799)
(318.489,-89.0687,18.9586)
(267.563,-23.1174,76.3121)
(-308.314,51.095,-10.6747)
(-307.304,24.6762,133.492)
(-299.673,134.766,-33.9653)
(-302.212,155.829,124.691)
(-302.934,137.206,-32.4712)
(-186.67,92.1276,-13.5977)
(303.582,-95.6575,26.8041)
(280.316,-88.0321,85.5579)
(-315.261,40.9723,110.261)
(-250.541,126.437,119.889)
(-66.0919,-310.239,4.69491)
(-55.1623,-204.285,-23.3337)
(-95.3652,302.169,-6.41897)
(-131.747,274.807,31.82)
(263.425,-174.228,-84.6954)
(249.801,-98.5736,-49.4953)
(325.113,16.4538,8.43676)
(230.573,33.7049,13.7938)
(-17.1652,311.877,39.638)
(9.43101,310.048,32.0258)
(-89.5557,-305.087,-102.543)
(72.5359,-456.719,-96.7015)
(-85.3763,-306.438,-102.877)
(-113.595,-337.394,-47.5877)
(-193.843,-265.338,9.8703)
(-231.513,-226.002,97.2122)
(-123.405,-287.737,-86.2179)
(-97.6287,-283.603,-118.266)
(-117.773,-295.108,-85.218)
(-83.8612,-303.515,-93.8719)
(-30.1312,330.664,99.3247)
(-9.78755,375.441,8.651)
(-207.831,260.09,-63.3379)
(-159.655,140.572,-104.485)
(211.854,245.395,124.388)
(202.442,205.419,190.12)
(314.325,39.2475,118.207)
(361.459,38.5618,91.8213)
(-314.989,-42.0159,-123.961)
(-407.533,52.1729,-103.679)
(-279.675,138.294,79.3406)
(-276.795,128.785,152.938)
(-284.478,137.296,74.4681)
(-322.425,64.4435,81.3379)
(-287.968,129.525,78.0942)
(-253.735,10.1933,-3.48164)
(142.699,-290.178,-112.544)
(236.07,-212.055,-163.837)
(145.086,-289.425,-112.819)
(188.14,-278.512,-175.844)
(136.373,296.958,119.105)
(149.993,254.978,241.15)
(-155.639,275.102,69.7823)
(-115.289,319.769,51.6668)
(-153.606,293.623,87.0918)
(-201.171,257.138,-82.534)
(10.0476,-324.359,-79.9255)
(-8.03547,-288.724,-52.3561)
(-208.907,-233.814,-36.8246)
(-211.376,-160.943,-30.4909)
(-216.844,-234.394,-48.8894)
(-260.503,-263.031,-47.4254)
(-216.171,-235.551,-47.3797)
(-216.078,-188.52,-90.0065)
(292.882,110.956,56.0664)
(275.781,153.923,31.8898)
(-275.857,158.866,32.2623)
(-315.562,192.305,68.4842)
(-123.414,-311.854,10.2077)
(-203.068,-352.076,13.0755)
(-124.658,-311.204,13.8128)
(-138.846,-292.782,113.726)
(313.302,45.3551,-16.3327)
(446.981,74.3355,-56.7411)
(-311.505,-95.5638,31.181)
(-244.851,-135.391,71.1401)
(-295.654,121.786,-50.0309)
(-358.089,120.354,-31.4882)
(188.593,-254.966,103.972)
(154.04,-245.692,176.519)
(-293.099,116.808,98.7778)
(-274.886,18.8426,164.873)
(-292.107,119.827,98.4018)
(-202.174,215.968,0.462298)
(269.219,-186.457,-48.3146)
(278.255,-210.222,-30.3564)
(265.068,-183.386,-45.3345)
(315.656,-131.956,30.0151)
(-142.163,295.762,80.5)
(-143.006,410.882,138.686)
(-332.782,-31.5612,101.192)
(-454.965,67.3645,136.74)
(-281.269,144.701,-22.854)
(-244.18,128.583,52.4089)
(-280.764,143.296,-22.1878)
(-340.904,152.582,2.52112)
(140.538,-287.659,48.2481)
(67.9464,-348.331,117.116)
(-252.775,-188.674,60.642)
(-171.002,-143.313,41.7951)
(59.4371,-328.421,53.7046)
(58.9625,-258.904,196.116)
(317.703,29.9955,-14.303)
(210.692,79.212,-13.678)
(-313.063,-60.8133,33.0397)
(-335.77,-122.745,70.2236)
(138.425,-291.25,52.5115)
(277.351,-329.284,4.10997)
(134.72,-294.391,61.1373)
(201.182,-311.327,55.8842)
(310.469,-53.9557,83.9449)
(375.544,-191.366,31.7541)
(310.737,-55.8314,85.635)
(213.604,-107.489,125.089)
(297.484,-98.8574,-94.4389)
(261.829,-91.0648,-128.15)
(286.569,136.767,80.7906)
(265.421,199.988,18.1383)
(-180.555,277.798,89.2761)
(-273.001,297.509,37.2756)
(229.063,-214.826,-66.3219)
(250.289,-353.044,-70.9503)
(300.269,128.679,-14.0732)
(306.38,71.2776,-24.1024)
(-260.706,-197.964,20.5336)
(-223.075,-164.444,91.5469)
(-265.396,-196.249,15.519)
(-334.759,-276.01,12.0489)
(-291.487,-151.158,-44.8992)
(-256.724,-83.7041,13.5877)
(315.403,96.7136,28.1777)
(372.134,39.2655,142.782)
(13.493,-314.469,-82.0516)
(-102.452,-311.808,-77.9035)
(18.7074,-320.493,-85.979)
(157.111,-419.858,-163.732)
(-109.679,295.168,81.212)
(-31.8208,294.465,131.136)
(-103.436,312.419,99.9602)
(-48.7899,372.896,86.0308)
(-101.687,319.366,100.792)
(-13.9365,343.862,131.363)
(-225.376,235.101,87.3554)
(-307.885,204.527,79.9815)
(-226.403,237.892,88.899)
(-200.222,338.893,132.043)
(153.669,-282.487,-113.242)
(185.326,-318.873,-35.8754)
(115.399,290.506,97.7333)
(60.1503,322.487,25.0683)
(-287.27,-122.352,-45.4642)
(-223.746,-105.275,32.0947)
(-293.675,-123.135,-42.5445)
(-308.597,-172.836,1.58809)
(-180.968,-258.136,9.30982)
(-256.083,-143.592,-70.587)
0 events have been kept for refreshing and/or reviewing.
  "/vis/reviewKeptEvents" to review them one by one.
  "/vis/enable", then "/vis/viewer/flush" or "/vis/viewer/rebuild" to see them accumulated.
[Core-0] End of macro ./split/.Gate/main134/main14.mac
Graphics systems deleted.
Visualization Manager deleting...
