
 *** Break *** segmentation violation



===========================================================
There was a crash.
This is the entire stack trace of all threads:
===========================================================
#0  0x000014c63917ac3a in __GI___wait4 (pid=141312, stat_loc=stat_loc
entry=0x7ffe7d785228, options=options
entry=0, usage=usage
entry=0x0) at ../sysdeps/unix/sysv/linux/wait4.c:27
#1  0x000014c63917abfb in __GI___waitpid (pid=<optimized out>, stat_loc=stat_loc
entry=0x7ffe7d785228, options=options
entry=0) at waitpid.c:38
#2  0x000014c6390e9f67 in do_system (line=<optimized out>) at ../sysdeps/posix/system.c:172
#3  0x000014c63a7e2e2e in TUnixSystem::StackTrace() () from /volatile3/root_v6.22.00.Linux-ubuntu20-x86_64-gcc9.3/root/lib/libCore.so.6.22
#4  0x000014c63a7dfcb5 in TUnixSystem::DispatchSignals(ESignals) () from /volatile3/root_v6.22.00.Linux-ubuntu20-x86_64-gcc9.3/root/lib/libCore.so.6.22
#5  <signal handler called>
#6  0x000055e489903f89 in GateVolumeSelector::GateVolumeSelector(G4VPhysicalVolume*) ()
#7  0x000055e489641e3f in GatePulse::ChangeVolumeIDAndOutputVolumeIDValue(unsigned long, int) ()
#8  0x000055e489678440 in GateSpblurring::ProcessOnePulse(GatePulse const*, GatePulseList&) ()
#9  0x000055e489a264d4 in GateVPulseProcessor::ProcessPulseList(GatePulseList const*) ()
#10 0x000055e489996412 in GatePulseProcessorChain::ProcessPulseList() ()
#11 0x000055e48952d80c in GateDigitizer::DigitizePulses() ()
#12 0x000055e48952dbd2 in GateDigitizer::Digitize() ()
#13 0x000055e489607a5d in GateOutputMgr::RecordEndOfEvent(G4Event const*) ()
#14 0x000055e48949854f in GateEventAction::EndOfEventAction(G4Event const*) ()
#15 0x000014c63ce8df23 in G4EventManager::DoProcessing(G4Event*) () from /volatile3/geant4.10.07.p02-install/lib/libG4event.so
#16 0x000014c63cf2c0f7 in G4RunManager::DoEventLoop(int, char const*, int) () from /volatile3/geant4.10.07.p02-install/lib/libG4run.so
#17 0x000014c63cf29d22 in G4RunManager::BeamOn(int, char const*, int) () from /volatile3/geant4.10.07.p02-install/lib/libG4run.so
#18 0x000055e4897736cc in GateApplicationMgr::StartDAQCluster(CLHEP::Hep3Vector) ()
#19 0x000055e48977728e in GateApplicationMgrMessenger::SetNewValue(G4UIcommand*, G4String) ()
#20 0x000014c63ab4835f in G4UIcommand::DoIt(G4String) () from /volatile3/geant4.10.07.p02-install/lib/libG4intercoms.so
#21 0x000014c63ab3b70b in G4UIcmdWith3VectorAndUnit::DoIt(G4String) () from /volatile3/geant4.10.07.p02-install/lib/libG4intercoms.so
#22 0x000014c63ab65c9a in G4UImanager::ApplyCommand(char const*) () from /volatile3/geant4.10.07.p02-install/lib/libG4intercoms.so
#23 0x000014c63ab36251 in G4UIbatch::ExecCommand(G4String const&) () from /volatile3/geant4.10.07.p02-install/lib/libG4intercoms.so
#24 0x000014c63ab38206 in G4UIbatch::SessionStart() () from /volatile3/geant4.10.07.p02-install/lib/libG4intercoms.so
#25 0x000014c63ab67400 in G4UImanager::ExecuteMacroFile(char const*) () from /volatile3/geant4.10.07.p02-install/lib/libG4intercoms.so
#26 0x000014c63ab53d6d in G4UIcontrolMessenger::SetNewValue(G4UIcommand*, G4String) () from /volatile3/geant4.10.07.p02-install/lib/libG4intercoms.so
#27 0x000014c63ab4835f in G4UIcommand::DoIt(G4String) () from /volatile3/geant4.10.07.p02-install/lib/libG4intercoms.so
#28 0x000014c63ab65c9a in G4UImanager::ApplyCommand(char const*) () from /volatile3/geant4.10.07.p02-install/lib/libG4intercoms.so
#29 0x000055e48943c2f0 in main ()
===========================================================


The lines below might hint at the cause of the crash.
You may get help by asking at the ROOT forum http://root.cern.ch/forum
Only if you are really convinced it is a bug in ROOT then please submit a
report at http://root.cern.ch/bugs Please post the ENTIRE stack trace
from above as an attachment in addition to anything else
that might help us fixing this issue.
===========================================================
#6  0x000055e489903f89 in GateVolumeSelector::GateVolumeSelector(G4VPhysicalVolume*) ()
#7  0x000055e489641e3f in GatePulse::ChangeVolumeIDAndOutputVolumeIDValue(unsigned long, int) ()
#8  0x000055e489678440 in GateSpblurring::ProcessOnePulse(GatePulse const*, GatePulseList&) ()
#9  0x000055e489a264d4 in GateVPulseProcessor::ProcessPulseList(GatePulseList const*) ()
#10 0x000055e489996412 in GatePulseProcessorChain::ProcessPulseList() ()
#11 0x000055e48952d80c in GateDigitizer::DigitizePulses() ()
#12 0x000055e48952dbd2 in GateDigitizer::Digitize() ()
#13 0x000055e489607a5d in GateOutputMgr::RecordEndOfEvent(G4Event const*) ()
#14 0x000055e48949854f in GateEventAction::EndOfEventAction(G4Event const*) ()
#15 0x000014c63ce8df23 in G4EventManager::DoProcessing(G4Event*) () from /volatile3/geant4.10.07.p02-install/lib/libG4event.so
#16 0x000014c63cf2c0f7 in G4RunManager::DoEventLoop(int, char const*, int) () from /volatile3/geant4.10.07.p02-install/lib/libG4run.so
#17 0x000014c63cf29d22 in G4RunManager::BeamOn(int, char const*, int) () from /volatile3/geant4.10.07.p02-install/lib/libG4run.so
#18 0x000055e4897736cc in GateApplicationMgr::StartDAQCluster(CLHEP::Hep3Vector) ()
#19 0x000055e48977728e in GateApplicationMgrMessenger::SetNewValue(G4UIcommand*, G4String) ()
#20 0x000014c63ab4835f in G4UIcommand::DoIt(G4String) () from /volatile3/geant4.10.07.p02-install/lib/libG4intercoms.so
#21 0x000014c63ab3b70b in G4UIcmdWith3VectorAndUnit::DoIt(G4String) () from /volatile3/geant4.10.07.p02-install/lib/libG4intercoms.so
#22 0x000014c63ab65c9a in G4UImanager::ApplyCommand(char const*) () from /volatile3/geant4.10.07.p02-install/lib/libG4intercoms.so
#23 0x000014c63ab36251 in G4UIbatch::ExecCommand(G4String const&) () from /volatile3/geant4.10.07.p02-install/lib/libG4intercoms.so
#24 0x000014c63ab38206 in G4UIbatch::SessionStart() () from /volatile3/geant4.10.07.p02-install/lib/libG4intercoms.so
#25 0x000014c63ab67400 in G4UImanager::ExecuteMacroFile(char const*) () from /volatile3/geant4.10.07.p02-install/lib/libG4intercoms.so
#26 0x000014c63ab53d6d in G4UIcontrolMessenger::SetNewValue(G4UIcommand*, G4String) () from /volatile3/geant4.10.07.p02-install/lib/libG4intercoms.so
#27 0x000014c63ab4835f in G4UIcommand::DoIt(G4String) () from /volatile3/geant4.10.07.p02-install/lib/libG4intercoms.so
#28 0x000014c63ab65c9a in G4UImanager::ApplyCommand(char const*) () from /volatile3/geant4.10.07.p02-install/lib/libG4intercoms.so
#29 0x000055e48943c2f0 in main ()
===========================================================


