[G4] 
[G4] **************************************************************
[G4]  Geant4 version Name: geant4-10-07-patch-02    (11-June-2021)
[G4]                        Copyright : Geant4 Collaboration
[G4]                       References : NIM A 506 (2003), 250-303
[G4]                                  : IEEE-TNS 53 (2006), 270-278
[G4]                                  : NIM A 835 (2016), 186-225
[G4]                              WWW : http://geant4.org/
[G4] **************************************************************
[G4] 
[Core-0] Initialization of geometry
[Core-0] Initialization of physics
[Core-0] Initialization of actors
[Core-0] 
[Core-0] *************************************************
[Core-0]  GATE version 9.1 (2021)
[Core-0]  Copyright : OpenGATE Collaboration
[Core-0]  Reference : Phys. Med. Biol. 49 (2004) 4543-4561
[Core-0]  Reference : Phys. Med. Biol. 56 (2011) 881-901
[Core-0]  Reference : Med. Phys. 41(6)    (2014)
[Core-0]  http://www.opengatecollaboration.org        
[Core-0] *************************************************
[Core-0] 
[Core-0] You are using Geant4 version 10.7.2
[Core-0] Starting macro ./split/.Gate/main132/main9.mac
0: RINDEX
1.84e-06   1.00028
4.08e-06   1.00028
9: GROUPVEL
1.84e-06   299.709
4.08e-06   299.709
16: ABSLENGTH
1.84e-06   50000
4.08e-06   50000
 <!> *** WARNING *** <!>  GateMaterialDatabase: Multiple definition of element: Yttrium.
The definition in ClMind_GateMaterials.db was used.


GATE object:        'systems/cylindricalPET'
Components:

GATE object:        'systems/cylindricalPET/base'
Attached to volume: cylindricalPET
Nb of children:       1

	GATE object:        'systems/cylindricalPET/rsector'
	Attached to volume: module
	Nb of children:       1

		GATE object:        'systems/cylindricalPET/module'
		Attached to volume: unit
		Nb of children:       1

			GATE object:        'systems/cylindricalPET/submodule'
			Attached to volume: block
			Nb of children:       1

				GATE object:        'systems/cylindricalPET/crystal'
				Attached to volume: optical
				Nb of children:       4

					GATE object:        'systems/cylindricalPET/layer0'
					Attached to volume: crystal
					Nb of children:       0

					GATE object:        'systems/cylindricalPET/layer1'
					Attached to volume: ---
					Nb of children:       0

					GATE object:        'systems/cylindricalPET/layer2'
					Attached to volume: ---
					Nb of children:       0

					GATE object:        'systems/cylindricalPET/layer3'
					Attached to volume: ---
					Nb of children:       0
geometrical design type: 1
ring diameter: -3.95 mm 
rsector axial pitch: 0 fm 
rsector azimuthal pitch: 12.8571 degree
rsector tangential size: 2.5 cm 
rsector axial size: 25.04 cm 
module axial size: 4.784 cm 
module tangential size: 2.5 cm 
module axial pitch: 0 fm 
module tangential pitch: 0 fm 
submodule axial size: 4.784 cm 
submodule tangential size: 2.5 cm 
submodule axial pitch: 0 fm 
submodule tangential pitch: 0 fm 
crystal radial size: 1.59 cm 
crystal axial size: 1.59 cm 
crystal tangential size: 2.5 cm 
crystal axial pitch: 0 fm 
crystal tangential pitch: 0 fm 
layer0 radial size: 3.95 mm 
in layer0 interaction length: 1.975 mm 
Axial nb of rsectors: 1
Azimuthal nb of rsectors: 28
Axial nb of modules: 1
Tangential nb of modules: 1
Axial nb of submodules: 1
Tangential nb of submodules: 1
Axial nb of crystals: 1
Tangential nb of crystals: 1
Radial nb of layers: 1
[Physic-0] The following Geant4's physic-list is enabled :emstandard_opt3


List of Enabled processes:




List of initialized processes:


[Core-0] Initialization of geometry
[Core-0] Initialization of physics
[Core-0] Initialization of actors
 <!> *** WARNING *** <!>  The 'energytype' option is DEPRECATED, use 'ene/type' instead!
 <!> *** WARNING *** <!>  The 'energytype' option is DEPRECATED, use 'ene/type' instead!
 <!> *** WARNING *** <!>  The 'energytype' option is DEPRECATED, use 'ene/type' instead!
 <!> *** WARNING *** <!>  The 'energytype' option is DEPRECATED, use 'ene/type' instead!
 <!> *** WARNING *** <!>  The 'energytype' option is DEPRECATED, use 'ene/type' instead!
 <!> *** WARNING *** <!>  The 'energytype' option is DEPRECATED, use 'ene/type' instead!
 <!> *** WARNING *** <!>  The 'energytype' option is DEPRECATED, use 'ene/type' instead!
 <!> *** WARNING *** <!>  The 'energytype' option is DEPRECATED, use 'ene/type' instead!
 <!> *** WARNING *** <!>  The 'energytype' option is DEPRECATED, use 'ene/type' instead!
[Acquisition-0]   
[Acquisition-0] ============= Source initialization =============
[Acquisition-0]   
[Acquisition-0] ============= Acquisition starts! =============
[Acquisition-0] Simulation start time = 0 sec
[Acquisition-0] Simulation end time   = 1 sec
[Acquisition-0] Simulation will have  = 1 run(s)
[Acquisition-0] Slice 0 from 0 to 1 s [slice=1 s]

### ===  Deexcitation model UAtomDeexcitation is activated for 25 regions:
          DefaultRegionForTheWorld  1  1  1
          cylindricalPET  1  1  1
          module  1  1  1
          unit  1  1  1
          block  1  1  1
          optical  1  1  1
          crystal  1  1  1
          capillaire1  1  1  1
          capillaire1_water  1  1  1
          capillaire2  1  1  1
          capillaire2_water  1  1  1
          capillaire3  1  1  1
          capillaire3_water  1  1  1
          capillaire4  1  1  1
          capillaire4_water  1  1  1
          capillaire5  1  1  1
          capillaire5_water  1  1  1
          capillaire_m1  1  1  1
          capillaire_m1_water  1  1  1
          capillaire_m2  1  1  1
          capillaire_m2_water  1  1  1
          capillaire_m3  1  1  1
          capillaire_m3_water  1  1  1
          capillaire_m4  1  1  1
          capillaire_m4_water  1  1  1
### ===  Ignore cuts flag:   0

phot:  for gamma applyCuts:1  SubType=12 BuildTable=0
      LambdaPrime table from 200 keV to 100 TeV in 174 bins 
      ===== EM models for the G4Region  DefaultRegionForTheWorld ======
 LivermorePhElectric : Emin=    0 eV  Emax=  100 TeV  SauterGavrila Fluo

compt:  for gamma applyCuts:1  SubType=13 BuildTable=1
      Lambda table from 10 eV  to 1 MeV, 20 bins/decade, spline: 1
      LambdaPrime table from 1 MeV to 100 TeV in 160 bins 
      ===== EM models for the G4Region  DefaultRegionForTheWorld ======
        KleinNishina : Emin=    0 eV  Emax=  100 TeV Fluo

conv:  for gamma applyCuts:1  SubType=14 BuildTable=1
      Lambda table from 1.022 MeV to 100 TeV, 20 bins/decade, spline: 1
      ===== EM models for the G4Region  DefaultRegionForTheWorld ======
     BetheHeitlerLPM : Emin=    0 eV  Emax=  100 TeV  ModifiedTsai

Rayl:  for gamma applyCuts:1  SubType=11 BuildTable=1
      Lambda table from 10 eV  to 100 keV, 20 bins/decade, spline: 0
      LambdaPrime table from 100 keV to 100 TeV in 180 bins 
      ===== EM models for the G4Region  DefaultRegionForTheWorld ======
   LivermoreRayleigh : Emin=    0 eV  Emax=  100 TeV  CullenGenerator

msc:  for e-  SubType= 10
      ===== EM models for the G4Region  DefaultRegionForTheWorld ======
            UrbanMsc : Emin=    0 eV  Emax=  100 TeV Nbins=240 100 eV  - 100 TeV
              StepLim=DistanceToBoundary Rfact=0.04 Gfact=2.5 Sfact=0.6 DispFlag:1 Skin=1 Llimit=1

eIoni:  for e-  SubType=2
      dE/dx and range tables from 10 eV  to 100 TeV in 260 bins
      Lambda tables from threshold to 100 TeV, 20 bins/decade, spline: 1
      StepFunction=(0.2, 0.1 mm), integ: 1, fluct: 1, linLossLim= 0.01
      ===== EM models for the G4Region  DefaultRegionForTheWorld ======
        MollerBhabha : Emin=    0 eV  Emax=  100 TeV  deltaVI

eBrem:  for e-  SubType=3
      dE/dx and range tables from 10 eV  to 100 TeV in 260 bins
      Lambda tables from threshold to 100 TeV, 20 bins/decade, spline: 1
      LPM flag: 1 for E > 1 GeV,  VertexHighEnergyTh(GeV)= 100000
      ===== EM models for the G4Region  DefaultRegionForTheWorld ======
             eBremSB : Emin=    0 eV  Emax=    1 GeV  AngularGen2BS
            eBremLPM : Emin=    1 GeV Emax=  100 TeV  AngularGen2BS

ePairProd:  for e-  SubType=4
      dE/dx and range tables from 10 eV  to 100 TeV in 260 bins
      Lambda tables from threshold to 100 TeV, 20 bins/decade, spline: 1
      Sampling table 25x1001; from 0.1 GeV to 100 TeV 
      ===== EM models for the G4Region  DefaultRegionForTheWorld ======
           ePairProd : Emin=    0 eV  Emax=  100 TeV  ModifiedMephi

msc:  for e+  SubType= 10
      ===== EM models for the G4Region  DefaultRegionForTheWorld ======
            UrbanMsc : Emin=    0 eV  Emax=  100 TeV Nbins=240 100 eV  - 100 TeV
              StepLim=DistanceToBoundary Rfact=0.04 Gfact=2.5 Sfact=0.6 DispFlag:1 Skin=1 Llimit=1

eIoni:  for e+  SubType=2
      dE/dx and range tables from 10 eV  to 100 TeV in 260 bins
      Lambda tables from threshold to 100 TeV, 20 bins/decade, spline: 1
      StepFunction=(0.2, 0.1 mm), integ: 1, fluct: 1, linLossLim= 0.01
      ===== EM models for the G4Region  DefaultRegionForTheWorld ======
        MollerBhabha : Emin=    0 eV  Emax=  100 TeV  deltaVI

eBrem:  for e+  SubType=3
      dE/dx and range tables from 10 eV  to 100 TeV in 260 bins
      Lambda tables from threshold to 100 TeV, 20 bins/decade, spline: 1
      LPM flag: 1 for E > 1 GeV,  VertexHighEnergyTh(GeV)= 100000
      ===== EM models for the G4Region  DefaultRegionForTheWorld ======
             eBremSB : Emin=    0 eV  Emax=    1 GeV  AngularGen2BS
            eBremLPM : Emin=    1 GeV Emax=  100 TeV  AngularGen2BS

ePairProd:  for e+  SubType=4
      dE/dx and range tables from 10 eV  to 100 TeV in 260 bins
      Lambda tables from threshold to 100 TeV, 20 bins/decade, spline: 1
      Sampling table 25x1001; from 0.1 GeV to 100 TeV 
      ===== EM models for the G4Region  DefaultRegionForTheWorld ======
           ePairProd : Emin=    0 eV  Emax=  100 TeV  ModifiedMephi

annihil:  for e+, integral:1  applyCuts:1  SubType=5 BuildTable=0
      ===== EM models for the G4Region  DefaultRegionForTheWorld ======
            eplus2gg : Emin=    0 eV  Emax=  100 TeV

msc:  for proton  SubType= 10
      ===== EM models for the G4Region  DefaultRegionForTheWorld ======
            UrbanMsc : Emin=    0 eV  Emax=  100 TeV Nbins=240 100 eV  - 100 TeV
              StepLim=Minimal Rfact=0.2 Gfact=2.5 Sfact=0.6 DispFlag:1 Skin=1 Llimit=1

hIoni:  for proton  SubType=2
      dE/dx and range tables from 10 eV  to 100 TeV in 260 bins
      Lambda tables from threshold to 100 TeV, 20 bins/decade, spline: 1
      StepFunction=(0.2, 0.05 mm), integ: 1, fluct: 1, linLossLim= 0.01
      ===== EM models for the G4Region  DefaultRegionForTheWorld ======
               Bragg : Emin=    0 eV  Emax=    2 MeV  deltaVI
          BetheBloch : Emin=    2 MeV Emax=  100 TeV  deltaVI

hBrems:  for proton  SubType=3
      dE/dx and range tables from 10 eV  to 100 TeV in 260 bins
      Lambda tables from threshold to 100 TeV, 20 bins/decade, spline: 1
      ===== EM models for the G4Region  DefaultRegionForTheWorld ======
               hBrem : Emin=    0 eV  Emax=  100 TeV  ModifiedMephi
      ===== Limit on energy threshold has been applied 

hPairProd:  for proton  SubType=4
      dE/dx and range tables from 10 eV  to 100 TeV in 260 bins
      Lambda tables from threshold to 100 TeV, 20 bins/decade, spline: 1
      Sampling table 17x1001; from 7.50618 GeV to 100 TeV 
      ===== EM models for the G4Region  DefaultRegionForTheWorld ======
           hPairProd : Emin=    0 eV  Emax=  100 TeV  ModifiedMephi

nuclearStopping:  for proton applyCuts:1  SubType=8 BuildTable=0
      ===== EM models for the G4Region  DefaultRegionForTheWorld ======
   ICRU49NucStopping : Emin=    0 eV  Emax=    1 MeV

msc:  for GenericIon  SubType= 10
      ===== EM models for the G4Region  DefaultRegionForTheWorld ======
            UrbanMsc : Emin=    0 eV  Emax=  100 TeV
              StepLim=Minimal Rfact=0.2 Gfact=2.5 Sfact=0.6 DispFlag:1 Skin=1 Llimit=1

ionIoni:  for GenericIon  SubType=2
      dE/dx and range tables from 10 eV  to 100 TeV in 260 bins
      Lambda tables from threshold to 100 TeV, 20 bins/decade, spline: 1
      StepFunction=(0.1, 0.02 mm), integ: 1, fluct: 1, linLossLim= 0.02
      ===== EM models for the G4Region  DefaultRegionForTheWorld ======
         ParamICRU73 : Emin=    0 eV  Emax=  100 TeV  deltaVI

nuclearStopping:  for GenericIon applyCuts:1  SubType=8 BuildTable=0
      ===== EM models for the G4Region  DefaultRegionForTheWorld ======
   ICRU49NucStopping : Emin=    0 eV  Emax=    1 MeV

msc:  for alpha  SubType= 10
      ===== EM models for the G4Region  DefaultRegionForTheWorld ======
            UrbanMsc : Emin=    0 eV  Emax=  100 TeV Nbins=240 100 eV  - 100 TeV
              StepLim=Minimal Rfact=0.2 Gfact=2.5 Sfact=0.6 DispFlag:1 Skin=1 Llimit=1

ionIoni:  for alpha  SubType=2
      dE/dx and range tables from 10 eV  to 100 TeV in 260 bins
      Lambda tables from threshold to 100 TeV, 20 bins/decade, spline: 1
      StepFunction=(0.1, 0.02 mm), integ: 1, fluct: 1, linLossLim= 0.02
      ===== EM models for the G4Region  DefaultRegionForTheWorld ======
            BraggIon : Emin=    0 eV  Emax=7.9452 MeV  deltaVI
          BetheBloch : Emin=7.9452 MeV Emax=  100 TeV  deltaVI

nuclearStopping:  for alpha applyCuts:1  SubType=8 BuildTable=0
      ===== EM models for the G4Region  DefaultRegionForTheWorld ======
   ICRU49NucStopping : Emin=    0 eV  Emax=    1 MeV

msc:  for anti_proton  SubType= 10
      ===== EM models for the G4Region  DefaultRegionForTheWorld ======
            UrbanMsc : Emin=    0 eV  Emax=  100 TeV Nbins=240 100 eV  - 100 TeV
              StepLim=Minimal Rfact=0.2 Gfact=2.5 Sfact=0.6 DispFlag:1 Skin=1 Llimit=1

hIoni:  for anti_proton  SubType=2
      dE/dx and range tables from 10 eV  to 100 TeV in 260 bins
      Lambda tables from threshold to 100 TeV, 20 bins/decade, spline: 1
      StepFunction=(0.2, 0.05 mm), integ: 1, fluct: 1, linLossLim= 0.01
      ===== EM models for the G4Region  DefaultRegionForTheWorld ======
            ICRU73QO : Emin=    0 eV  Emax=    2 MeV  deltaVI
          BetheBloch : Emin=    2 MeV Emax=  100 TeV  deltaVI

hBrems:  for anti_proton  SubType=3
      dE/dx and range tables from 10 eV  to 100 TeV in 260 bins
      Lambda tables from threshold to 100 TeV, 20 bins/decade, spline: 1
      ===== EM models for the G4Region  DefaultRegionForTheWorld ======
               hBrem : Emin=    0 eV  Emax=  100 TeV  ModifiedMephi
      ===== Limit on energy threshold has been applied 

hPairProd:  for anti_proton  SubType=4
      dE/dx and range tables from 10 eV  to 100 TeV in 260 bins
      Lambda tables from threshold to 100 TeV, 20 bins/decade, spline: 1
      Sampling table 17x1001; from 7.50618 GeV to 100 TeV 
      ===== EM models for the G4Region  DefaultRegionForTheWorld ======
           hPairProd : Emin=    0 eV  Emax=  100 TeV  ModifiedMephi

msc:  for kaon+  SubType= 10
      ===== EM models for the G4Region  DefaultRegionForTheWorld ======
            UrbanMsc : Emin=    0 eV  Emax=  100 TeV Nbins=240 100 eV  - 100 TeV
              StepLim=Minimal Rfact=0.2 Gfact=2.5 Sfact=0.6 DispFlag:1 Skin=1 Llimit=1

hIoni:  for kaon+  SubType=2
      dE/dx and range tables from 10 eV  to 100 TeV in 260 bins
      Lambda tables from threshold to 100 TeV, 20 bins/decade, spline: 1
      StepFunction=(0.2, 0.05 mm), integ: 1, fluct: 1, linLossLim= 0.01
      ===== EM models for the G4Region  DefaultRegionForTheWorld ======
               Bragg : Emin=    0 eV  Emax=1.05231 MeV  deltaVI
          BetheBloch : Emin=1.05231 MeV Emax=  100 TeV  deltaVI

hBrems:  for kaon+  SubType=3
      dE/dx and range tables from 10 eV  to 100 TeV in 260 bins
      Lambda tables from threshold to 100 TeV, 20 bins/decade, spline: 1
      ===== EM models for the G4Region  DefaultRegionForTheWorld ======
               hBrem : Emin=    0 eV  Emax=  100 TeV  ModifiedMephi
      ===== Limit on energy threshold has been applied 

hPairProd:  for kaon+  SubType=4
      dE/dx and range tables from 10 eV  to 100 TeV in 260 bins
      Lambda tables from threshold to 100 TeV, 20 bins/decade, spline: 1
      Sampling table 18x1001; from 3.94942 GeV to 100 TeV 
      ===== EM models for the G4Region  DefaultRegionForTheWorld ======
           hPairProd : Emin=    0 eV  Emax=  100 TeV  ModifiedMephi

msc:  for kaon-  SubType= 10
      ===== EM models for the G4Region  DefaultRegionForTheWorld ======
            UrbanMsc : Emin=    0 eV  Emax=  100 TeV Nbins=240 100 eV  - 100 TeV
              StepLim=Minimal Rfact=0.2 Gfact=2.5 Sfact=0.6 DispFlag:1 Skin=1 Llimit=1

hIoni:  for kaon-  SubType=2
      dE/dx and range tables from 10 eV  to 100 TeV in 260 bins
      Lambda tables from threshold to 100 TeV, 20 bins/decade, spline: 1
      StepFunction=(0.2, 0.05 mm), integ: 1, fluct: 1, linLossLim= 0.01
      ===== EM models for the G4Region  DefaultRegionForTheWorld ======
            ICRU73QO : Emin=    0 eV  Emax=1.05231 MeV  deltaVI
          BetheBloch : Emin=1.05231 MeV Emax=  100 TeV  deltaVI

hBrems:  for kaon-  SubType=3
      dE/dx and range tables from 10 eV  to 100 TeV in 260 bins
      Lambda tables from threshold to 100 TeV, 20 bins/decade, spline: 1
      ===== EM models for the G4Region  DefaultRegionForTheWorld ======
               hBrem : Emin=    0 eV  Emax=  100 TeV  ModifiedMephi
      ===== Limit on energy threshold has been applied 

hPairProd:  for kaon-  SubType=4
      dE/dx and range tables from 10 eV  to 100 TeV in 260 bins
      Lambda tables from threshold to 100 TeV, 20 bins/decade, spline: 1
      Sampling table 18x1001; from 3.94942 GeV to 100 TeV 
      ===== EM models for the G4Region  DefaultRegionForTheWorld ======
           hPairProd : Emin=    0 eV  Emax=  100 TeV  ModifiedMephi

msc:  for mu+  SubType= 10
      ===== EM models for the G4Region  DefaultRegionForTheWorld ======
            UrbanMsc : Emin=    0 eV  Emax=  100 TeV Nbins=240 100 eV  - 100 TeV
              StepLim=Minimal Rfact=0.2 Gfact=2.5 Sfact=0.6 DispFlag:1 Skin=1 Llimit=1

muIoni:  for mu+  SubType=2
      dE/dx and range tables from 10 eV  to 100 TeV in 260 bins
      Lambda tables from threshold to 100 TeV, 20 bins/decade, spline: 1
      StepFunction=(0.2, 0.05 mm), integ: 1, fluct: 1, linLossLim= 0.01
      ===== EM models for the G4Region  DefaultRegionForTheWorld ======
               Bragg : Emin=    0 eV  Emax=  200 keV  deltaVI
          BetheBloch : Emin=  200 keV Emax=    1 GeV  deltaVI
        MuBetheBloch : Emin=    1 GeV Emax=  100 TeV

muBrems:  for mu+  SubType=3
      dE/dx and range tables from 10 eV  to 100 TeV in 260 bins
      Lambda tables from threshold to 100 TeV, 20 bins/decade, spline: 1
      ===== EM models for the G4Region  DefaultRegionForTheWorld ======
              MuBrem : Emin=    0 eV  Emax=  100 TeV  ModifiedMephi
      ===== Limit on energy threshold has been applied 

muPairProd:  for mu+  SubType=4
      dE/dx and range tables from 10 eV  to 100 TeV in 260 bins
      Lambda tables from threshold to 100 TeV, 20 bins/decade, spline: 1
      Sampling table 21x1001; from 1 GeV to 100 TeV 
      ===== EM models for the G4Region  DefaultRegionForTheWorld ======
          muPairProd : Emin=    0 eV  Emax=  100 TeV  ModifiedMephi

msc:  for mu-  SubType= 10
      ===== EM models for the G4Region  DefaultRegionForTheWorld ======
            UrbanMsc : Emin=    0 eV  Emax=  100 TeV Nbins=240 100 eV  - 100 TeV
              StepLim=Minimal Rfact=0.2 Gfact=2.5 Sfact=0.6 DispFlag:1 Skin=1 Llimit=1

muIoni:  for mu-  SubType=2
      dE/dx and range tables from 10 eV  to 100 TeV in 260 bins
      Lambda tables from threshold to 100 TeV, 20 bins/decade, spline: 1
      StepFunction=(0.2, 0.05 mm), integ: 1, fluct: 1, linLossLim= 0.01
      ===== EM models for the G4Region  DefaultRegionForTheWorld ======
            ICRU73QO : Emin=    0 eV  Emax=  200 keV  deltaVI
          BetheBloch : Emin=  200 keV Emax=    1 GeV  deltaVI
        MuBetheBloch : Emin=    1 GeV Emax=  100 TeV

muBrems:  for mu-  SubType=3
      dE/dx and range tables from 10 eV  to 100 TeV in 260 bins
      Lambda tables from threshold to 100 TeV, 20 bins/decade, spline: 1
      ===== EM models for the G4Region  DefaultRegionForTheWorld ======
              MuBrem : Emin=    0 eV  Emax=  100 TeV  ModifiedMephi
      ===== Limit on energy threshold has been applied 

muPairProd:  for mu-  SubType=4
      dE/dx and range tables from 10 eV  to 100 TeV in 260 bins
      Lambda tables from threshold to 100 TeV, 20 bins/decade, spline: 1
      Sampling table 21x1001; from 1 GeV to 100 TeV 
      ===== EM models for the G4Region  DefaultRegionForTheWorld ======
          muPairProd : Emin=    0 eV  Emax=  100 TeV  ModifiedMephi

msc:  for pi+  SubType= 10
      ===== EM models for the G4Region  DefaultRegionForTheWorld ======
            UrbanMsc : Emin=    0 eV  Emax=  100 TeV Nbins=240 100 eV  - 100 TeV
              StepLim=Minimal Rfact=0.2 Gfact=2.5 Sfact=0.6 DispFlag:1 Skin=1 Llimit=1

hIoni:  for pi+  SubType=2
      dE/dx and range tables from 10 eV  to 100 TeV in 260 bins
      Lambda tables from threshold to 100 TeV, 20 bins/decade, spline: 1
      StepFunction=(0.2, 0.05 mm), integ: 1, fluct: 1, linLossLim= 0.01
      ===== EM models for the G4Region  DefaultRegionForTheWorld ======
               Bragg : Emin=    0 eV  Emax=297.505 keV  deltaVI
          BetheBloch : Emin=297.505 keV Emax=  100 TeV  deltaVI

hBrems:  for pi+  SubType=3
      dE/dx and range tables from 10 eV  to 100 TeV in 260 bins
      Lambda tables from threshold to 100 TeV, 20 bins/decade, spline: 1
      ===== EM models for the G4Region  DefaultRegionForTheWorld ======
               hBrem : Emin=    0 eV  Emax=  100 TeV  ModifiedMephi
      ===== Limit on energy threshold has been applied 

hPairProd:  for pi+  SubType=4
      dE/dx and range tables from 10 eV  to 100 TeV in 260 bins
      Lambda tables from threshold to 100 TeV, 20 bins/decade, spline: 1
      Sampling table 20x1001; from 1.11656 GeV to 100 TeV 
      ===== EM models for the G4Region  DefaultRegionForTheWorld ======
           hPairProd : Emin=    0 eV  Emax=  100 TeV  ModifiedMephi

msc:  for pi-  SubType= 10
      ===== EM models for the G4Region  DefaultRegionForTheWorld ======
            UrbanMsc : Emin=    0 eV  Emax=  100 TeV Nbins=240 100 eV  - 100 TeV
              StepLim=Minimal Rfact=0.2 Gfact=2.5 Sfact=0.6 DispFlag:1 Skin=1 Llimit=1

hIoni:  for pi-  SubType=2
      dE/dx and range tables from 10 eV  to 100 TeV in 260 bins
      Lambda tables from threshold to 100 TeV, 20 bins/decade, spline: 1
      StepFunction=(0.2, 0.05 mm), integ: 1, fluct: 1, linLossLim= 0.01
      ===== EM models for the G4Region  DefaultRegionForTheWorld ======
            ICRU73QO : Emin=    0 eV  Emax=297.505 keV  deltaVI
          BetheBloch : Emin=297.505 keV Emax=  100 TeV  deltaVI

hBrems:  for pi-  SubType=3
      dE/dx and range tables from 10 eV  to 100 TeV in 260 bins
      Lambda tables from threshold to 100 TeV, 20 bins/decade, spline: 1
      ===== EM models for the G4Region  DefaultRegionForTheWorld ======
               hBrem : Emin=    0 eV  Emax=  100 TeV  ModifiedMephi
      ===== Limit on energy threshold has been applied 

hPairProd:  for pi-  SubType=4
      dE/dx and range tables from 10 eV  to 100 TeV in 260 bins
      Lambda tables from threshold to 100 TeV, 20 bins/decade, spline: 1
      Sampling table 20x1001; from 1.11656 GeV to 100 TeV 
      ===== EM models for the G4Region  DefaultRegionForTheWorld ======
           hPairProd : Emin=    0 eV  Emax=  100 TeV  ModifiedMephi
G4VisManager: Using G4TrajectoryDrawByCharge as fallback trajectory model.
See commands in /vis/modeling/trajectories/ for other options.

### ===  Deexcitation model UAtomDeexcitation is activated for 25 regions:
          DefaultRegionForTheWorld  1  1  1
          cylindricalPET  1  1  1
          module  1  1  1
          unit  1  1  1
          block  1  1  1
          optical  1  1  1
          crystal  1  1  1
          capillaire1  1  1  1
          capillaire1_water  1  1  1
          capillaire2  1  1  1
          capillaire2_water  1  1  1
          capillaire3  1  1  1
          capillaire3_water  1  1  1
          capillaire4  1  1  1
          capillaire4_water  1  1  1
          capillaire5  1  1  1
          capillaire5_water  1  1  1
          capillaire_m1  1  1  1
          capillaire_m1_water  1  1  1
          capillaire_m2  1  1  1
          capillaire_m2_water  1  1  1
          capillaire_m3  1  1  1
          capillaire_m3_water  1  1  1
          capillaire_m4  1  1  1
          capillaire_m4_water  1  1  1
### ===  Ignore cuts flag:   0
(-274.625,-160.501,56.9709)
(-276.971,-11.6019,109.036)
(-289.901,-163.607,64.2508)
(-221.868,-194.731,128.752)
(118.25,-291.615,102.506)
(127.879,-399.631,123.957)
(-23.6755,312.874,-108.973)
(-129.618,431.946,-143.753)
(-46.653,320.415,-121.259)
(-56.7914,216.929,-183.507)
(-51.5389,328.011,-118.011)
(-102.135,223.384,-38.3573)
(-66.4271,304.675,93.0425)
(-125.727,275.773,99.9182)
(-156.474,-271.762,-86.8225)
(-84.6951,-252.033,-40.3858)
(286.47,135.486,44.6267)
(318.714,30.583,127.291)
(283.037,138.643,39.069)
(223.029,124.212,23.2694)
(-323.322,18.0341,-110.695)
(-315.971,-62.2284,-191.094)
(288.687,119.884,-37.9119)
(367.43,85.0906,-39.8388)
(290.485,118.469,-36.7863)
(289.937,185.198,-34.2125)
(-307.187,-71.8042,-65.9245)
(-323.228,17.7983,1.3045)
(322.744,86.1423,90.1207)
(400.978,153.373,66.5184)
(-318.653,-90.6266,-95.8301)
(-373.409,-74.1105,-8.36403)
(296.275,-116.901,79.1328)
(488.857,-115.882,33.8632)
(300.514,-113.915,78.7402)
(302.562,-186.088,67.6255)
(322.344,49.9185,82.1334)
(299.307,33.0963,101.654)
(-259.264,183.257,45.3755)
(-275.164,282.293,-14.0319)
(-313.174,77.3194,-38.068)
(-137.747,35.003,-122.336)
(-305.663,-64.664,-90.6065)
(-254.082,-2.91314,-150.764)
(292.187,-143.805,16.0323)
(332.406,-155.99,72.7466)
(289.286,-147.938,15.515)
(329.035,-161.023,15.3132)
(-160.354,283.555,-31.4923)
(-150.195,205.958,-8.69675)
(-169.773,284.615,-32.8462)
(-202.743,333.926,-70.3715)
(-100.589,-301.383,-92.9266)
(-200.795,-290.224,-47.0298)
(3.33263,315.118,96.3036)
(-17.1634,326.347,62.3104)
(125.007,289.441,113.882)
(115.116,314.567,75.2091)
(125.876,300.968,122.131)
(155.811,274.576,85.9743)
(95.0943,-304.83,-124.332)
(150.678,-275.909,-45.6254)
(-293.31,-130.779,78.8128)
(-238.02,-53.0186,167.479)
(-295.929,-127.109,79.3831)
(-309.038,-153.2,56.9937)
(-157.936,281.296,-91.56)
(-238.702,230.478,-153.685)
(-164.7,281.966,-91.5525)
(-127.805,252.358,-104.748)
(-154.136,277.702,-42.2109)
(-167.769,363.941,-72.1045)
(5.68849,-320.1,52.4035)
(45.4754,-272.044,72.1006)
(296.618,-117.441,121.241)
(356.55,-164.534,59.2766)
(-163.461,-276.636,-110.403)
(-127.585,-291.099,-160.473)
(-29.0689,-329.212,58.7276)
(-61.5324,-385.616,-15.5946)
(-28.0963,-329.369,58.3631)
(-147.897,-328.095,65.283)
(219.245,244.672,86.2368)
(366.738,204.192,74.7226)
(41.1624,-311.805,-108.865)
(55.4115,-423.754,-170.591)
(-308.583,88.9005,-86.3615)
(-361.525,87.3175,-35.4373)
(-308.99,81.2321,-90.4323)
(-354.392,22.2005,-26.3957)
(294.308,-118.284,110.591)
(221.491,-232.654,107.358)
(-211.807,-230.12,-37.1199)
(-295.893,-290.684,-30.7163)
(278.865,158.653,22.2773)
(282.929,173.709,47.5483)
(-234.662,227.036,-95.5131)
(-190.382,202.485,-133.628)
(-316.073,-2.97611,-71.6373)
(-259.108,36.0078,-136.475)
(-153.789,275.293,56.587)
(-144.692,256.921,-15.3595)
(-166.062,278.89,61.6049)
(-162.708,268.032,30.8727)
(-187.936,272.995,90.0523)
(-166.076,204.791,131.301)
(259.496,-211.078,-41.2273)
(267.943,-190.725,-40.8926)
(-152.241,-291.989,-62.2662)
(-209.168,-288.733,46.3802)
(-153.803,-290.35,-63.5972)
(-75.1225,-276.574,-86.1189)
(57.5182,307.25,68.8044)
(42.9292,308.402,143.276)
(58.8258,321.561,63.3951)
(19.2685,398.953,137.364)
(266.815,-176.733,7.16683)
(199.965,-177.745,-51.3503)
(-81.2635,308.787,-9.29466)
(-121.86,284.195,42.0672)
(-109.322,297.49,60.9199)
(-85.9918,279.243,94.3069)
(244.986,-214.665,104.33)
(202.935,-256.256,188.734)
(245.957,-214.54,100.097)
(175.819,-205.76,43.4027)
(250.572,-214.761,94.471)
(224.843,-268.1,151.079)
(301.006,132.132,-94.8307)
(234.939,91.9626,-43.7263)
(177.093,258.763,120.72)
(220.889,383.025,34.3567)
(181.993,259.642,122.337)
(172.585,293.087,-2.86037)
(-239.276,-215.757,-97.0568)
(-254.384,-230.993,-145.082)
(-196.2,247.793,-122.105)
(-225.038,210.653,-40.5402)
(264.407,-176.781,-115.108)
(213.443,-123.885,-43.3778)
(260.358,-179.372,-113.732)
(250.332,-263.178,-117.469)
(-265.154,191.65,124.846)
(-242.141,127.851,50.9258)
(116.976,301.818,-21.3625)
(122.603,244.496,-47.0955)
(-317.867,16.0233,84.8879)
(-206.381,-83.8807,173.138)
(-318.138,17.1285,85.5513)
(-333.552,-94.705,60.3555)
(229.026,219.838,-2.3903)
(289.754,268.887,28.0697)
(-299.97,-123.46,1.0529)
(-329.022,-214.642,24.3719)
(306.054,-83.079,-90.0755)
(265.572,-111.32,-177.538)
(-303.489,89.0052,94.4656)
(-332.133,4.91309,57.3656)
(-308.724,92.0752,91.9721)
(-322.12,31.6253,25.9789)
(-195.998,-245.027,-107.5)
(-243.73,-222.973,-211.456)
(-195.981,-245.462,-112.003)
(-104.149,-338.894,-5.69815)
(155.51,-276.379,3.45504)
(237.794,-260.146,-57.3516)
(-138.09,280.933,-1.75193)
(-155.236,185.056,-30.8154)
(-310.929,42.708,22.7681)
(-247.971,-18.7809,-52.2411)
(-130.591,295.634,-89.6024)
(-71.1219,284.366,-101.27)
(-23.8374,-326.86,97.8986)
(-61.6602,-402.203,68.775)
(-27.6434,-324.877,97.4159)
(7.01984,-377.91,232.865)
(200.373,241.998,40.9765)
(130.197,311.562,18.2905)
(205.843,249.932,48.359)
(144.261,238.705,46.3747)
(283.624,-142.407,-38.435)
(265.383,-181.701,37.7835)
(-31.8233,326.72,106.748)
(-104.073,276.217,108.627)
(-68.115,-313.916,-99.2911)
(-12.165,-273.813,-164.183)
(-313.313,-43.123,4.77857)
(-292.703,-102.647,-87.4011)
(315.232,21.0686,-3.71533)
(328.77,56.0109,15.8213)
(318.778,26.4306,-11.6932)
(353.773,-31.0312,-23.6446)
(310.356,86.3048,80.1964)
(328.596,64.4871,43.2909)
(-308.732,99.1887,-37.2473)
(-266.312,63.0175,7.57869)
(-325.972,84.2773,-37.095)
(-298.547,117.794,-86.6917)
(285.048,-158.135,59.3326)
(221.484,-164.388,80.1285)
(284.045,-169.852,80.6017)
(292.449,-142.211,7.02772)
(-300.282,90.9495,-22.3232)
(-189.384,205.077,-1.97633)
(-269.049,-197.027,-69.5389)
(-275.649,-122.559,52.9731)
(-270.02,-197.712,-68.8967)
(-300.223,-121.591,-160.959)
(124.164,286.904,106.389)
(141.041,238.294,119.843)
(216.954,-231.252,87.2188)
(238.62,-311.652,71.8852)
(139.386,-279.195,109.84)
(106.797,-214.113,172.671)
(-318.679,48.8916,108.113)
(-256.202,104.513,125.002)
(236.909,205.54,83.3557)
(338.293,199.611,120.001)
(-117.113,290.288,67.2419)
(-60.897,407.93,59.5489)
(259.872,-191.898,-46.466)
(202.884,-233.265,-62.8978)
(-110.529,293.075,105.668)
(-100.026,353.533,87.373)
(322.321,-29.1743,41.4967)
(370.48,72.6042,42.8642)
(-313.647,20.5402,-27.6936)
(-281.363,54.3813,-66.4339)
(-320.003,15.8885,-27.6968)
(-280.041,35.931,-16.258)
(-319.82,17.4157,-28.0924)
(-347.446,14.0791,53.8896)
(-291.25,132.303,45.0207)
(-235.767,140.307,31.3786)
(-263.582,-195.554,65.453)
(-263.32,-119.361,195.552)
(-264.541,-194.159,65.9288)
(-366.887,-262.994,-1.61662)
(235.666,-216.598,122.187)
(286.02,-228.747,122.136)
(-319.144,-73.6133,-3.95488)
(-297.934,-72.1552,15.9344)
(-198.441,255.788,-120.558)
(-317.561,309.421,-20.3842)
(291.337,-114.705,56.2338)
(238.028,-131.79,-7.63944)
(141.614,277.877,-42.1515)
(108.456,229.845,-32.3392)
(142.611,279.555,-45.5675)
(165.83,279.531,-72.3742)
(140.275,290.357,79.4823)
(225.709,366.062,77.0905)
(-133.239,282.85,124.412)
(-137.309,229.59,122.236)
(-146.478,-280.92,-121.586)
(12.4476,-270.18,-96.9484)
(81.9944,-306.069,97.8622)
(30.6216,-247.898,88.9181)
(137.62,303.14,-99.1496)
(104.777,257.442,-107.67)
(-92.367,-308.673,54.4091)
(-40.4877,-236.885,98.5829)
(-93.6945,-308.5,59.9697)
(-120.958,-368.309,93.6713)
(-3.66727,336.689,-63.4606)
(-40.2149,460.087,-143.603)
(-298.846,-139.628,100.893)
(-346.983,-103.115,201.206)
(319.146,53.6731,-12.4958)
(304.12,22.9964,46.6171)
(-315.538,50.077,-51.2539)
(-341.117,196.772,-100.963)
(248.042,-209.078,26.9346)
(267.839,-99.5147,162.969)
(-319.827,43.3968,48.2374)
(-286.01,-5.08335,101.373)
(87.9074,302.338,16.0756)
(71.2807,264.521,37.1865)
(87.9817,307.222,12.552)
(182.504,347.972,-30.2275)
(86.4467,309.976,8.97826)
(78.9754,312.647,16.432)
(-68.6442,-306.209,-19.5196)
(-106.412,-246.367,-75.5457)
(-73.1513,-304.084,-28.2806)
(-142.548,-310.955,38.9498)
(-250.778,-187.639,-40.6401)
(-262.917,-233.357,-70.2892)
(-289.435,142.271,-7.75145)
(-334.663,78.1911,121.464)
(-278.455,140.412,32.8511)
(-387.436,214.308,63.9408)
(-169.883,-264.341,-18.9313)
(-178.968,-235.609,60.5146)
(-181.859,-272.613,-27.8349)
(-116.397,-215.151,41.9064)
(187.932,262.164,16.5159)
(196.273,285.995,110.819)
(204.193,263.479,8.81498)
(239.323,299.705,54.1411)
(-279.947,152.358,58.1499)
(-269.118,21.3884,109.876)
(248.399,-197.761,-73.9759)
(306.121,-233.886,-63.4543)
(245.542,-199.043,-77.4917)
(217.406,-170.445,-161.496)
(-181.884,-258.214,-41.4045)
(-136.445,-224.325,15.7225)
(-176.432,-260.479,-38.6196)
(-115.907,-352.813,-66.8279)
(236.195,205.628,29.2004)
(353.874,189.124,-15.7708)
(-306.439,80.674,-97.3527)
(-289.818,79.1163,-82.037)
(-312.648,90.3356,-94.1553)
(-323.177,81.4713,-60.8753)
(-317.957,6.25737,7.05911)
(-317.883,-59.2912,-61.5353)
(-322.754,11.8649,6.36184)
(-230.873,-115.929,11.9631)
(-292.688,126.092,-4.74124)
(-298.191,134.686,89.3535)
(177.357,-261.829,15.4027)
(74.8576,-242.229,-21.7688)
(12.7056,317.4,-40.3919)
(-24.5735,301.003,23.8559)
(-163.539,-287.41,38.8711)
(-146.065,-359.045,41.3672)
(213.933,244.262,-92.1396)
(222.986,356.005,25.8806)
(-204.971,-259.136,97.0587)
(-259.985,-295.575,233.19)
(240.382,200.59,-33.3388)
(194.492,232.641,-74.9628)
(314.706,67.9262,-78.7943)
(353.747,30.1427,2.62469)
(314.902,46.4823,-119.082)
(321.261,86.1486,-57.7293)
(29.3854,317.844,121.997)
(49.0677,233.808,60.641)
(-121.563,-289.281,-108.056)
(-226.04,-199.484,-130.498)
(-116.643,-290.562,-105.216)
(-187.203,-252.87,-81.0386)
(-13.2251,333.446,-39.1536)
(-1.6181,405.921,29.7846)
(-10.7588,331.02,-40.2346)
(-6.82502,378.912,22.2295)
(46.2664,-324.943,90.4647)
(34.2454,-360.93,156.851)
(44.6103,-324.818,94.7313)
(-27.2691,-259.01,75.8914)
(55.5896,321.746,-84.2669)
(-60.4446,255.122,-40.3373)
(54.6191,320.617,-81.6303)
(25.2339,206.232,-39.3847)
(186.849,262.261,68.9493)
(158.2,327.957,-35.3963)
(188.755,264.221,82.0559)
(210.13,299.415,80.3251)
(-240.703,-210.717,-54.1715)
(-298.644,-225.882,-127.336)
(-57.6425,316.235,-22.8271)
(-128.759,296.81,12.785)
(-59.6905,314.356,-34.1586)
(-93.473,316.712,-108.463)
(-250.828,-213.16,53.417)
(-230.576,-176.458,53.2121)
(-11.7071,313.378,-125.049)
(43.8069,365.639,-81.0385)
(138.223,299.515,77.8608)
(192.67,373.646,128.716)
(81.4662,-302.417,-82.2749)
(44.5481,-347.089,-168.499)
(-312.331,16.8911,-21.4115)
(-350.856,-24.1756,60.3024)
(-271.469,156.231,2.74191)
(-277.121,117.565,90.9135)
(317.664,14.5346,77.7856)
(294.792,24.7742,106.322)
(280.018,-154.574,-40.8534)
(312.86,-110.608,-56.8439)
(-131.793,299.311,80.7065)
(-155.164,185.812,43.1607)
(-114.685,-290.865,48.7503)
(-212.414,-320.217,11.3927)
(87.8295,303.226,-0.955352)
(119.546,214.082,-68.8175)
(90.5161,303.712,-0.186891)
(32.8521,218.827,24.4989)
(-221.455,243.004,-57.9003)
(-258.316,253.571,-27.0102)
(-186.425,273.091,50.4347)
(-127.219,250.376,-0.544646)
(-184.817,278.528,49.5595)
(-101.471,265.657,-86.4407)
(101.134,-301.768,-55.6123)
(63.6357,-301.554,-15.8211)
(-262.405,180.567,106.562)
(-208.908,299.299,129.716)
(-262.814,178.475,107.611)
(-167.59,240.08,101.087)
(320.975,16.424,37.1009)
(437.21,91.3201,-10.4681)
(247.173,-229.129,85.2105)
(237.618,-238.078,53.6635)
(-77.1679,313.178,-119.503)
(-12.7305,361.173,-145.635)
(-85.2703,317.82,-110.008)
(-153.209,330.088,-90.7711)
(200.916,-238.892,-61.3486)
(310.965,-247.84,-50.4144)
(-132.757,288.64,74.078)
(-115.524,207.38,-2.71873)
(-146.334,282.582,81.0906)
(-166.459,372.57,65.6813)
(181.801,257.515,-105.957)
(239.32,294.712,-90.8533)
(182.649,261.804,-105.619)
(159.463,335.214,-114.71)
(179.952,267.428,-101.894)
(139.579,169.911,-126.385)
(192.605,248.546,-55.6706)
(234.473,373.484,-130.687)
(-301.952,88.5518,-60.5634)
(-313.195,-8.64976,-114.121)
(271.176,-176.571,124.351)
(285.754,-156.795,137.249)
(-211.997,233.408,-27.5859)
(-336.658,287.507,-24.0725)
(-221.212,239.996,-15.0218)
(-313.561,306.681,19.4599)
(290.959,-130.64,17.2711)
(186.587,-86.3662,59.3267)
(24.3555,312.234,65.7128)
(27.7379,317.037,18.5811)
(-263.562,175.227,62.2586)
(-307.06,221.697,135.683)
(139.945,-286.165,-102.518)
(108.409,-355.451,-128.335)
(-271.421,175.246,-4.45804)
(-237.988,179.156,15.3742)
(-237.645,223.968,-45.6)
(-273.649,250.366,18.6248)
(69.1756,-312.655,60.8226)
(49.1176,-257.76,158.05)
(-143.727,-277.935,-8.61362)
(-212.378,-292.353,47.2116)
(-8.36249,314.358,6.64972)
(73.5171,408.972,-36.0752)
(-202.615,-255.181,-113.432)
(-173.992,-293.945,-113.936)
(-325.71,56.2453,-110.774)
(-320.302,88.2819,-60.9635)
(124.129,293.091,-104.785)
(139.959,265.423,-93.0984)
(126.046,303.524,-118.303)
(126.261,245.454,-117.576)
(94.7112,-304.677,109.455)
(4.71767,-253.144,24.9276)
(89.6197,-302.381,119.304)
(59.2379,-287.965,82.5903)
(316.344,-77.3771,79.7695)
(426.405,-11.2979,70.7367)
(317.732,-75.408,78.7843)
(407.389,-164.714,123.094)
(309.948,-72.3982,72.8882)
(310.176,-108.676,179.896)
(302.542,-147.833,-98.5224)
(277.454,-184.406,0.889097)
(-211.546,-240.889,-116.344)
(-165.696,-328.141,-129.82)
(284.683,130.503,59.9809)
(317.979,205.324,55.892)
(6.6875,-313.83,50.4889)
(-118.653,-284.719,25.7556)
(8.66351,-313.43,51.7253)
(8.24244,-350.178,115.976)
(125.082,-287.142,-98.2386)
(25.4865,-293.919,-126.564)
(93.4725,320.73,112.477)
(106.246,219.376,83.164)
(95.4512,320.619,109.95)
(112.332,355.179,204.169)
(-271.563,166.38,-23.3106)
(-333.86,169.054,60.5047)
(56.5976,312.457,111.471)
(-56.8324,327.041,161.996)
(157.567,-284.29,-103.374)
(205.686,-248.95,-83.5195)
(219.225,-243.253,98.1235)
(107.497,-243.383,87.8196)
(155.985,271.268,-12.5722)
(249.622,260.112,-114.952)
(-10.6377,-324.861,15.8595)
(-86.8239,-369.162,16.8533)
(-95.2521,-298.449,-46.9741)
(-54.4846,-307.239,-185.357)
(-98.1328,-300.919,-44.5059)
(-106.988,-337.071,-78.6718)
(112.286,300.009,-88.0494)
(58.1873,264.957,-35.8845)
(-16.6158,-322.292,95.5745)
(-26.1445,-367.622,2.57182)
(-243.7,-213.323,9.17978)
(-306.797,-265.984,23.2659)
(245.111,197.519,-9.97703)
(275.998,174.916,61.8743)
(311.101,-125.533,37.7031)
(315.388,-256.387,62.674)
(-307.62,58.9519,-17.8588)
(-234.655,73.8065,-19.3059)
(-327.712,59.1218,-18.9853)
(-351.318,44.812,-34.2707)
(-331.568,60.1291,-30.9546)
(-386.226,-0.868553,-38.5104)
(261.912,-172.47,48.1159)
(219.217,-203.588,-38.4494)
(258.977,-178.198,49.7243)
(263.096,-199.64,90.5229)
(-74.4298,304.539,-78.5386)
(-167.133,330.906,-66.699)
(-126.905,-289.301,107.915)
(-118.717,-242.803,99.2884)
(-129.652,-288.971,111.715)
(-159.282,-234.47,140.034)
(-131.922,-300.096,116.084)
(-253.031,-305.746,197.214)
(112.696,-295.832,-64.7205)
(156.596,-284.94,-146)
(245.278,198.151,88.6269)
(194.606,226.502,48.1092)
(-49.0246,-319.094,46.1419)
(-17.4213,-380.603,117.632)
(-207.559,236.918,-31.5006)
(-197.93,135.308,-138.43)
(-207.054,240.342,-32.5916)
(-271.433,199.946,-65.2617)
(-200.552,252.858,-35.7836)
(-173.935,190.488,-10.0807)
(-200.583,262.246,-38.0982)
(-118.267,329.677,0.773797)
(-89.3998,299.465,107.361)
(-151.933,420.61,150.669)
(-89.1321,301.967,109.571)
(-90.8216,250.617,145.939)
(-83.7528,308.336,105.859)
(-103.11,269.605,130.398)
(-81.9942,308.527,105.492)
(-147.959,327.19,88.236)
(-70.0397,-313.634,-114.583)
(-77.8494,-329.47,-80.9416)
(204.398,-241.556,85.3239)
(184.714,-350.578,180.513)
(-15.1211,318.421,-114.865)
(-15.3619,315.86,-43.6449)
(312.752,16.6501,-5.45102)
(256.421,63.7868,0.404758)
(319.514,20.6734,-6.45463)
(332.635,95.725,3.04406)
(-313.73,-7.75203,1.86857)
(-343.993,21.4847,-14.1978)
(199.723,-265.095,-15.172)
(249.289,-226.021,16.4729)
(-182.146,266.545,13.2941)
(-142.122,254.662,51.2998)
(-175.741,270.947,16.1579)
(-164.683,327.232,6.59)
(-144.353,-281.246,68.3616)
(-144.241,-373.92,27.9529)
(56.3954,312.266,-79.8289)
(-26.7447,276.249,-70.6047)
(175.591,-267.797,6.41835)
(146.886,-375.132,3.09175)
(31.9017,321.071,-7.81632)
(56.0587,340.631,-31.824)
(310.621,93.1504,-44.5072)
(281.873,176.129,-67.1543)
(75.5725,313.164,19.06)
(79.8177,244.775,-37.1789)
(73.0259,325.52,17.7844)
(21.0878,346.424,129.393)
(69.4016,325.04,17.2059)
(67.4479,357.451,0.805069)
(-158.465,-270.831,-20.0792)
(-201.266,-294.97,2.81499)
(-308.545,-62.8257,46.0717)
(-300.896,-38.6016,0.656787)
(308.859,77.8384,85.1514)
(252.701,149.514,70.7061)
(278.98,-144.863,118.32)
(381.988,-42.6696,135.699)
(-297.866,-96.1873,52.6951)
(-196.617,-113.434,66.682)
(317.443,-52.1513,-38.6761)
(269.857,-19.7381,-41.4063)
(319.022,-56.6137,-38.7737)
(261.087,-164.647,-75.6549)
(299.983,-95.133,44.3586)
(390.966,-162.857,-7.28787)
(-253.097,184.418,-82.5356)
(-201.677,106.117,-96.5605)
(328.963,66.4056,-123.347)
(304.084,139.009,-34.1907)
(-319.995,-45.2937,-103.875)
(-312.014,35.2844,-93.6109)
(-323.512,-45.5618,-109.059)
(-365.85,-84.5007,-188.623)
(-263.763,186.089,-62.5005)
(-280.095,241.999,-59.7808)
(134.551,-296.229,104.126)
(228.986,-322.552,15.4843)
(-304.017,81.6766,-99.8957)
(-305.136,158.138,-12.9672)
(-319.051,49.8917,-87.5301)
(-432.079,-59.5092,-92.7671)
(316.238,-29.4701,51.9868)
(345.046,1.8798,92.5528)
(307.614,66.9408,-94.7414)
(305.305,48.3434,11.7126)
(307.232,64.5049,-93.3445)
(273.454,94.7149,-5.10863)
(311.576,93.5458,-18.6829)
(331.58,55.885,-4.29566)
(310.786,94.145,-18.2725)
(335.444,61.7265,-63.3977)
(-307.527,-67.6814,17.5001)
(-265.963,-34.2372,-33.8829)
(-171.866,-267.071,-31.0988)
(-181.049,-346.597,-53.9266)
(-166.293,-273.939,-38.4724)
(-192.935,-215.312,-20.5745)
(-117.137,-290.382,38.0912)
(-24.2559,-230.205,36.2754)
(-121.173,-291.844,39.9454)
(-163.948,-286.62,32.7852)
(141.427,-281.716,16.6441)
(57.0152,-365.403,19.3992)
(10.1038,321.14,-20.1443)
(51.5741,297.746,7.36019)
(-2.28966,326.602,-19.1743)
(40.6697,504.1,-138.49)
(-7.14496,324.801,-20.3771)
(113.357,377.383,66.915)
(295.436,108.811,13.8763)
(365.674,229.623,40.6826)
(293.88,119.343,13.7967)
(248.441,211.424,-5.0718)
(289.853,122.828,9.20968)
(255.681,92.4769,109.337)
(255.371,185.147,5.51217)
(193.886,202.417,4.86345)
(-307.178,-122.485,110.78)
(-425.201,-74.0456,41.605)
(-303.548,-124.241,117.493)
(-235.913,-162.973,186.427)
(-219.873,234.372,10.6011)
(-302.244,166.762,27.7239)
(-25.6418,-333.145,-10.759)
(-15.1809,-457.43,-13.9017)
(-25.8764,-326.894,-21.9628)
(66.4727,-320.101,27.7868)
(209.121,233.058,16.5928)
(317.554,250.76,42.5436)
(129.652,285.216,106.252)
(88.9732,256.294,108.929)
(126.402,306.922,115.829)
(-0.502218,347.286,262.757)
(-113.38,-293.637,-106.302)
(-113.962,-266.033,-58.9659)
(129.701,-289.916,88.3606)
(71.573,-221.889,109.606)
(202.92,-237.267,83.6128)
(216.892,-299.301,108.761)
(-84.1663,317.837,-110.709)
(-81.0782,354.37,-158.968)
(82.3721,-305.006,-115.685)
(86.5852,-223.216,-179.449)
(77.8634,327.407,121.442)
(184.501,374.37,131.385)
(127.195,-286.907,47.6661)
(179.207,-234.108,-35.347)
(-196.732,-250.763,5.34865)
(-277.003,-177.602,54.0224)
(-204.347,-265.954,-8.78242)
(-139.748,-351.093,-47.2257)
(219.643,-253.53,-111.289)
(183.787,-282.447,-154.704)
(317.4,46.7025,101.276)
(305.509,-11.8972,127.149)
(319.426,59.8481,95.445)
(297.678,80.4747,94.5614)
(-184.735,270.531,11.3171)
(-159.898,260.88,114.455)
(190.644,-249.432,-14.6433)
(312.351,-248.815,-67.1071)
(-175.047,-267.498,-43.5121)
(-253.554,-443.794,-93.1421)
(-175.806,-267.851,-48.8526)
(-213.967,-218.844,68.5308)
(-100.065,304.046,51.2669)
(-65.017,333.766,32.4684)
(-143.906,279.421,1.71997)
(-163.394,254.225,-47.1542)
(-141.727,284.706,10.7623)
(-171.487,280.955,152.602)
(-7.43705,-318.132,1.74785)
(41.6105,-201.929,74.9392)
(276.565,151.858,111.618)
(280.724,160.858,110.056)
(218.569,-224.796,-36.2904)
(377.247,-256.907,-128.337)
(31.4266,314.469,53.8308)
(77.2795,350.091,-86.1266)
(-261.906,-185.26,21.3458)
(-325.985,-216.468,-17.5146)
(298.718,93.598,-7.05825)
(330.513,-57.9202,75.2651)
(302.883,91.706,-11.4043)
(287.293,137.841,-22.4356)
(300.422,94.4245,-11.2381)
(353.611,118.951,-48.4123)
(218.795,234.357,60.3315)
(160.658,321.785,85.6135)
(-43.5058,-332.825,-84.4124)
(-211.901,-256.885,-112.02)
(-192.153,-252.399,-54.2143)
(-213.898,-165.025,-92.4423)
(-234.637,-208.723,20.287)
(-217.247,-228.654,-6.43572)
(246.379,202.167,-20.7507)
(275.141,197.349,-31.4526)
(320.096,28.7555,117.47)
(251.794,26.1876,144.087)
(315.404,30.7075,112.88)
(357.742,-21.5377,87.5018)
(312.235,-19.0084,53.6129)
(407.816,-47.6175,0.824622)
(-330.97,28.2501,-81.6846)
(-260.522,-47.5844,-76.6729)
(-222.561,228.619,94.8363)
(-295.447,87.6854,73.1827)
(195.368,255.683,67.8505)
(112.161,289.097,32.1971)
(306.834,70.8758,72.0966)
(395.177,93.4786,-41.8231)
(207.273,-236.36,110.3)
(242.502,-329.729,114.136)
(-252.845,194.819,-30.0333)
(-363.092,195.386,3.23725)
(162.867,-271.165,38.703)
(65.3484,-228.637,-73.1399)
(-166.307,-289.975,-66.4098)
(-177.08,-205.949,-20.7955)
(250.444,196.799,34.4942)
(271.507,40.4507,174.94)
(-208.285,253.244,-88.9446)
(-209.813,224.446,-73.2014)
(-208.135,264.219,-89.7861)
(-271.319,392.469,-158.367)
(153.792,-280.717,90.8826)
(167.67,-341.485,12.0344)
(158.072,-285.737,94.1438)
(86.5896,-347.818,162.055)
(59.0922,324.979,-102.907)
(58.2519,329.701,-73.4888)
(74.5855,320.601,-106.999)
(130.884,307.577,-32.882)
(301.874,84.1097,91.2838)
(383.743,183.007,37.4312)
(75.0765,319.226,-79.0831)
(125.667,283.091,-96.0218)
(-197.999,-242.592,60.7816)
(-289.561,-235.207,66.0932)
(225.278,-218.25,-7.80477)
(238.919,-307.195,-13.0726)
(-295.95,154.309,7.93912)
(-257.938,183.701,60.7846)
(-109.584,300.516,-13.972)
(-102.839,292.137,5.62042)
(-102.066,302.91,-14.9522)
(-66.4898,289.704,84.4397)
(-272.298,-157.461,48.4259)
(-256.518,-90.8295,-19.3069)
(243.306,207.692,-60.5058)
(149.924,223.597,-66.6755)
(269.342,160.138,39.4534)
(299.275,127.748,26.7874)
(-303.815,-126.997,-28.5484)
(-274.935,-160.027,-61.5065)
(-251.204,-186.073,103.945)
(-217.925,-182.954,10.3357)
(-262.146,-191.809,113.862)
(-179.649,-155.198,60.4713)
(314.961,-47.5672,-50.588)
(354.756,-39.9455,-50.6455)
(-336.434,30.1506,31.7851)
(-321.848,-56.8867,13.9537)
(192.636,246.932,-4.18207)
(268.531,114.69,-31.0093)
(3.97606,-319.611,5.42203)
(12.4174,-289.366,-76.4382)
(326.176,58.6179,64.1884)
(402.706,213.773,132.242)
(247.804,-198.166,-58.1144)
(237.974,-248.72,-19.9155)
(249.512,-202.042,-59.6629)
(240.32,-140.281,-112.816)
(-151.986,273.155,80.2918)
(-244.246,221.304,175.102)
(-202.718,240.152,-80.6524)
(-193.75,228.535,-76.4961)
(-200.64,240.064,-81.0208)
(-176.7,169.179,-54.8848)
(-136.857,-295.052,90.7227)
(-251.239,-260.306,116.454)
(-234.185,224.023,6.8566)
(-274.704,250.685,-38.0724)
(-114.379,295.554,-62.2588)
(-102.823,294.264,-34.102)
(15.6438,-314.262,114.085)
(38.3307,-227.594,84.0096)
(262.316,187.518,-47.6566)
(304.231,318.861,-37.263)
(156.281,275.01,83.1517)
(284.58,326.975,144.493)
(154.506,289.106,90.2182)
(159.749,274.557,201.714)
(154.812,294.196,93.5149)
(129.517,331.872,109.238)
(-245.59,-192.408,-56.4078)
(-111.829,-70.5712,-6.17858)
(-254.212,-199.086,-68.6332)
(-210.2,-198.836,-42.0713)
(-211.939,-238.172,88.008)
(-193.037,-241.431,102.904)
(285.305,-138.749,-72.0866)
(387.518,-217.552,-46.1497)
(-283.686,-130.519,-99.997)
(-295.117,-57.1334,-64.2332)
(-317.689,-95.9426,52.9995)
(-283.946,-111.194,76.3515)
(-318.328,-97.2055,53.4353)
(-236.401,-112.577,42.3571)
(-47.0288,313.974,-39.3239)
(-114.393,346.964,-106.166)
(-61.0478,330.636,-48.9007)
(-85.9078,367.126,51.1522)
(309.16,-83.6827,30.5645)
(308.99,-22.4383,-122.017)
(314.096,-76.9153,30.0241)
(297.096,-122.863,-59.544)
(-274.714,160.543,-56.046)
(-145.609,205.726,-108.622)
(-274.672,164.214,-53.8544)
(-214.851,159.443,-146.244)
(-274.269,166.381,-52.8283)
(-153.791,128.516,13.4045)
(120.073,-303.423,-101.601)
(201.198,-268.297,-41.546)
(-282.343,165.968,56.8894)
(-340.105,280.066,80.9851)
(-56.6891,308.254,-90.9235)
(-43.9698,368.535,-122.16)
(-49.8039,311.438,-82.2266)
(16.4744,283.252,-95.1792)
(78.1259,-318.241,93.7816)
(190.004,-262.129,157.555)
(-187.677,252.908,-102.065)
(-270.18,257.201,-64.9841)
(-186.184,255.006,-102.488)
(-324.814,307.8,-144.348)
(311.689,56.1866,-119.681)
(275.012,64.9242,-83.4332)
(328.288,44.4121,-116.674)
(338.581,45.6832,-117.586)
(-312.902,-21.2887,50.0282)
(-298.324,52.5787,84.8565)
(-314.048,-20.0181,52.5295)
(-385.39,-71.3994,52.1669)
(309.176,-80.3217,57.6519)
(252.201,-19.5399,-18.0441)
(317.217,-103.449,56.0206)
(314.411,-79.9342,129.462)
(54.6803,-322.008,-101.52)
(73.9456,-280.918,-89.4635)
(-177.205,-272.381,-73.7507)
(-180.378,-291.41,-45.8768)
(304.597,81.3344,-9.16281)
(321.971,77.7107,-4.91121)
(303.351,84.414,-14.3611)
(471.055,27.0017,12.7324)
(-329.708,-43.0361,3.09696)
(-341.199,-77.9067,-50.4992)
(-331.446,-45.8838,-6.36625)
(-254.511,82.4824,-75.0782)
(193.521,274.194,60.5916)
(179.551,323.499,-6.87926)
(191.855,275.353,61.1464)
(220.464,210.697,35.8288)
(62.6888,317.578,-101.937)
(-1.38753,302.609,-22.3306)
(59.8111,313.013,-108.02)
(83.7314,245.52,-176.814)
(311.659,-72.7913,-78.8179)
(238.739,-47.2777,-118.252)
(316.004,2.18899,-93.9345)
(416.018,-33.8971,-111.657)
(-254.55,216.35,110.724)
(-162.267,118.782,131.993)
(-246.623,222.123,121.714)
(-201.804,183.734,18.357)
(283.926,-132.299,-70.6034)
(255.768,-37.6412,3.74622)
(326.075,4.65135,69.8333)
(248.215,3.51274,77.4734)
(-315.4,-6.04152,-91.4891)
(-297.277,10.1595,-156.43)
(120.731,292.475,83.0237)
(201.218,356.77,166.644)
(131.499,303.029,82.5215)
(117.55,403.33,45.9249)
(-280.933,-158.084,-46.8843)
(-310.015,-197.636,-88.3371)
(-286.631,-159.629,-50.0056)
(-203.991,-169.037,-147.521)
(-284.548,-159.699,-53.0078)
(-198.468,-137.006,-84.2251)
(-299.934,91.6598,-112.179)
(-398.325,105.302,-28.1368)
(-305.679,91.765,-118.079)
(-187.322,73.4543,-95.4063)
(-310.926,96.5023,-111.599)
(-300.783,12.9936,-100.66)
(-298.41,112.733,104.537)
(-209.36,181.691,100.844)
(-165.346,-280.601,-118.731)
(-120.148,-242.904,-130.587)
(238.503,228.592,-9.03139)
(237.66,239.593,93.8105)
(-301.924,-125.316,6.58168)
(-349.53,-96.7875,22.5428)
(309.475,-83.0019,-97.5296)
(359.877,-171.338,-104.218)
(-184.101,269.147,-12.0457)
(-184.056,269.382,-11.7143)
(-17.5461,-331.797,14.3167)
(-27.4535,-320.634,-16.6776)
(-7.65788,-334.386,-2.11691)
(91.6933,-408.114,10.2458)
(-9.90972,-336.48,-16.8156)
(66.8962,-235.013,30.0063)
(-317.115,9.22448,-59.5886)
(-205.75,-85.9224,-140.668)
(325.031,-5.85059,35.3367)
(303.581,-16.8312,99.7851)
(-268.927,-161.499,-35.36)
(-266.268,-217.884,-34.6934)
(240.381,213.892,45.9301)
(214.421,147.913,39.4851)
(186.904,257.114,-34.3102)
(121.605,340.408,43.8979)
(13.4953,-322.156,45.3026)
(-32.6997,-301.362,65.6577)
(4.79558,-336.584,39.8421)
(71.7168,-327.609,-48.8114)
(-78.6183,304.824,-42.7354)
(14.3104,276.516,-55.3356)
(-76.77,305.403,-40.7393)
(-135.138,398.248,-69.6488)
(156.697,-271.066,-60.6498)
(145.542,-187.149,-79.6036)
(-73.1793,311.277,72.4431)
(-89.4683,312.059,-34.6389)
(-125.177,296.716,49.6948)
(-33.0109,302.91,131.375)
(-217.48,242.055,42.9895)
(-293.475,234.902,71.8155)
(-218.587,244.594,42.4081)
(-178.829,303.704,24.6262)
(-225.058,246.365,40.214)
(-107.537,274.53,70.9038)
(-218.21,250.95,41.3638)
(-284.823,234.246,136.483)
(98.5804,-320.703,-54.1905)
(107.561,-291.26,65.6059)
(97.1222,-322.65,-55.0559)
(171.722,-404.85,15.1909)
(300.751,-120.398,-81.1824)
(297.997,-164.032,-122.452)
(-301.334,86.5679,57.6579)
(-418.239,101.477,135.503)
(-301.448,91.0014,55.5938)
(-356.787,95.0549,230.394)
(-309.217,48.6651,-62.0401)
(-297.296,82.3269,-133.875)
(-314.904,46.3499,-67.0243)
(-266.534,-25.3632,-32.9846)
(-235.9,-205.135,-103.383)
(-113.076,-167.232,-165.373)
(-92.162,-298.989,-61.0441)
(-66.1266,-309.301,70.4487)
(-156.082,-274.107,-108.959)
(-210.416,-311.04,-63.8459)
(-166.451,-278.053,-119.657)
(-209.869,-250.178,-95.4721)
(129.886,304.218,-69.7696)
(237.105,237.665,-146.558)
(28.2142,-319.317,72.9335)
(61.3049,-392.753,-9.95417)
(-79.5404,310.011,46.9168)
(-168.328,331.892,25.3538)
(-79.0238,-319.799,-51.8409)
(-90.285,-278.549,-48.326)
(175.893,259.16,-107.568)
(146.537,249.375,-50.0142)
(-259.767,-189.372,-118.264)
(-299.801,-94.0469,-138.127)
(321.555,85.5891,53.0209)
(368.802,125.523,131.346)
(321.455,86.014,52.2435)
(214.456,56.9959,29.8584)
(-252.08,-216.904,89.6727)
(-304.975,-228.697,102.535)
(-162.272,288.422,40.6863)
(-211.748,306.009,69.9457)
(-284.299,171.336,77.9072)
(-223.793,192.689,78.0777)
(318.536,-71.8605,-35.3905)
(250.552,-133.897,27.8766)
(125.922,-288.094,52.6803)
(136.872,-337.269,47.3139)
(125.302,-288.328,52.7937)
(109.455,-343.375,47.7097)
(-132.282,299.414,20.507)
(-45.7943,402.729,94.4651)
(-131.392,302.135,19.202)
(-65.8875,323.979,28.1464)
(77.1768,304.13,-37.9053)
(50.0026,316.19,-78.5211)
(80.0966,313.013,-45.1047)
(162.904,270.056,-48.1715)
(-286.833,130.286,-91.559)
(-215.762,138.442,-50.7904)
(-200.041,-256.457,-69.0208)
(-157.109,-201.493,-200.534)
(7.00302,334.639,85.7684)
(71.2671,323.689,41.1536)
(13.1123,336.554,90.9104)
(-14.7594,351.698,131.78)
(302.411,91.2353,-27.158)
(394.989,77.7675,-65.8371)
(318.858,87.6043,-37.8975)
(266.656,-18.3106,-53.7286)
(7.44069,-314.702,7.36733)
(147.802,-362.83,-98.864)
(12.4045,-321.218,10.0025)
(10.8782,-205.29,-62.6261)
(198.932,267.156,-1.00989)
(251.489,376.54,-5.7916)
(-49.2691,317.177,-103.518)
(-73.3093,301.89,-89.4744)
(-49.3369,317.708,-104.015)
(11.7602,359.622,-100.857)
(259.192,-200.809,67.0775)
(180.545,-198.044,14.9789)
(263.539,-206.19,68.9779)
(282.907,-217.201,28.251)
0 events have been kept for refreshing and/or reviewing.
  "/vis/reviewKeptEvents" to review them one by one.
  "/vis/enable", then "/vis/viewer/flush" or "/vis/viewer/rebuild" to see them accumulated.
[Core-0] End of macro ./split/.Gate/main132/main9.mac
Graphics systems deleted.
Visualization Manager deleting...
