[G4] 
[G4] **************************************************************
[G4]  Geant4 version Name: geant4-10-07-patch-02    (11-June-2021)
[G4]                        Copyright : Geant4 Collaboration
[G4]                       References : NIM A 506 (2003), 250-303
[G4]                                  : IEEE-TNS 53 (2006), 270-278
[G4]                                  : NIM A 835 (2016), 186-225
[G4]                              WWW : http://geant4.org/
[G4] **************************************************************
[G4] 
[Core-0] Initialization of geometry
[Core-0] Initialization of physics
[Core-0] Initialization of actors
[Core-0] 
[Core-0] *************************************************
[Core-0]  GATE version 9.1 (2021)
[Core-0]  Copyright : OpenGATE Collaboration
[Core-0]  Reference : Phys. Med. Biol. 49 (2004) 4543-4561
[Core-0]  Reference : Phys. Med. Biol. 56 (2011) 881-901
[Core-0]  Reference : Med. Phys. 41(6)    (2014)
[Core-0]  http://www.opengatecollaboration.org        
[Core-0] *************************************************
[Core-0] 
[Core-0] You are using Geant4 version 10.7.2
[Core-0] Starting macro ./split/.Gate/main132/main7.mac
0: RINDEX
1.84e-06   1.00028
4.08e-06   1.00028
9: GROUPVEL
1.84e-06   299.709
4.08e-06   299.709
16: ABSLENGTH
1.84e-06   50000
4.08e-06   50000
 <!> *** WARNING *** <!>  GateMaterialDatabase: Multiple definition of element: Yttrium.
The definition in ClMind_GateMaterials.db was used.


GATE object:        'systems/cylindricalPET'
Components:

GATE object:        'systems/cylindricalPET/base'
Attached to volume: cylindricalPET
Nb of children:       1

	GATE object:        'systems/cylindricalPET/rsector'
	Attached to volume: module
	Nb of children:       1

		GATE object:        'systems/cylindricalPET/module'
		Attached to volume: unit
		Nb of children:       1

			GATE object:        'systems/cylindricalPET/submodule'
			Attached to volume: block
			Nb of children:       1

				GATE object:        'systems/cylindricalPET/crystal'
				Attached to volume: optical
				Nb of children:       4

					GATE object:        'systems/cylindricalPET/layer0'
					Attached to volume: crystal
					Nb of children:       0

					GATE object:        'systems/cylindricalPET/layer1'
					Attached to volume: ---
					Nb of children:       0

					GATE object:        'systems/cylindricalPET/layer2'
					Attached to volume: ---
					Nb of children:       0

					GATE object:        'systems/cylindricalPET/layer3'
					Attached to volume: ---
					Nb of children:       0
geometrical design type: 1
ring diameter: -3.95 mm 
rsector axial pitch: 0 fm 
rsector azimuthal pitch: 12.8571 degree
rsector tangential size: 2.5 cm 
rsector axial size: 25.04 cm 
module axial size: 4.784 cm 
module tangential size: 2.5 cm 
module axial pitch: 0 fm 
module tangential pitch: 0 fm 
submodule axial size: 4.784 cm 
submodule tangential size: 2.5 cm 
submodule axial pitch: 0 fm 
submodule tangential pitch: 0 fm 
crystal radial size: 1.59 cm 
crystal axial size: 1.59 cm 
crystal tangential size: 2.5 cm 
crystal axial pitch: 0 fm 
crystal tangential pitch: 0 fm 
layer0 radial size: 3.95 mm 
in layer0 interaction length: 1.975 mm 
Axial nb of rsectors: 1
Azimuthal nb of rsectors: 28
Axial nb of modules: 1
Tangential nb of modules: 1
Axial nb of submodules: 1
Tangential nb of submodules: 1
Axial nb of crystals: 1
Tangential nb of crystals: 1
Radial nb of layers: 1
[Physic-0] The following Geant4's physic-list is enabled :emstandard_opt3


List of Enabled processes:




List of initialized processes:


[Core-0] Initialization of geometry
[Core-0] Initialization of physics
[Core-0] Initialization of actors
 <!> *** WARNING *** <!>  The 'energytype' option is DEPRECATED, use 'ene/type' instead!
 <!> *** WARNING *** <!>  The 'energytype' option is DEPRECATED, use 'ene/type' instead!
 <!> *** WARNING *** <!>  The 'energytype' option is DEPRECATED, use 'ene/type' instead!
 <!> *** WARNING *** <!>  The 'energytype' option is DEPRECATED, use 'ene/type' instead!
 <!> *** WARNING *** <!>  The 'energytype' option is DEPRECATED, use 'ene/type' instead!
 <!> *** WARNING *** <!>  The 'energytype' option is DEPRECATED, use 'ene/type' instead!
 <!> *** WARNING *** <!>  The 'energytype' option is DEPRECATED, use 'ene/type' instead!
 <!> *** WARNING *** <!>  The 'energytype' option is DEPRECATED, use 'ene/type' instead!
 <!> *** WARNING *** <!>  The 'energytype' option is DEPRECATED, use 'ene/type' instead!
[Acquisition-0]   
[Acquisition-0] ============= Source initialization =============
[Acquisition-0]   
[Acquisition-0] ============= Acquisition starts! =============
[Acquisition-0] Simulation start time = 0 sec
[Acquisition-0] Simulation end time   = 1 sec
[Acquisition-0] Simulation will have  = 1 run(s)
[Acquisition-0] Slice 0 from 0 to 1 s [slice=1 s]

### ===  Deexcitation model UAtomDeexcitation is activated for 25 regions:
          DefaultRegionForTheWorld  1  1  1
          cylindricalPET  1  1  1
          module  1  1  1
          unit  1  1  1
          block  1  1  1
          optical  1  1  1
          crystal  1  1  1
          capillaire1  1  1  1
          capillaire1_water  1  1  1
          capillaire2  1  1  1
          capillaire2_water  1  1  1
          capillaire3  1  1  1
          capillaire3_water  1  1  1
          capillaire4  1  1  1
          capillaire4_water  1  1  1
          capillaire5  1  1  1
          capillaire5_water  1  1  1
          capillaire_m1  1  1  1
          capillaire_m1_water  1  1  1
          capillaire_m2  1  1  1
          capillaire_m2_water  1  1  1
          capillaire_m3  1  1  1
          capillaire_m3_water  1  1  1
          capillaire_m4  1  1  1
          capillaire_m4_water  1  1  1
### ===  Ignore cuts flag:   0

phot:  for gamma applyCuts:1  SubType=12 BuildTable=0
      LambdaPrime table from 200 keV to 100 TeV in 174 bins 
      ===== EM models for the G4Region  DefaultRegionForTheWorld ======
 LivermorePhElectric : Emin=    0 eV  Emax=  100 TeV  SauterGavrila Fluo

compt:  for gamma applyCuts:1  SubType=13 BuildTable=1
      Lambda table from 10 eV  to 1 MeV, 20 bins/decade, spline: 1
      LambdaPrime table from 1 MeV to 100 TeV in 160 bins 
      ===== EM models for the G4Region  DefaultRegionForTheWorld ======
        KleinNishina : Emin=    0 eV  Emax=  100 TeV Fluo

conv:  for gamma applyCuts:1  SubType=14 BuildTable=1
      Lambda table from 1.022 MeV to 100 TeV, 20 bins/decade, spline: 1
      ===== EM models for the G4Region  DefaultRegionForTheWorld ======
     BetheHeitlerLPM : Emin=    0 eV  Emax=  100 TeV  ModifiedTsai

Rayl:  for gamma applyCuts:1  SubType=11 BuildTable=1
      Lambda table from 10 eV  to 100 keV, 20 bins/decade, spline: 0
      LambdaPrime table from 100 keV to 100 TeV in 180 bins 
      ===== EM models for the G4Region  DefaultRegionForTheWorld ======
   LivermoreRayleigh : Emin=    0 eV  Emax=  100 TeV  CullenGenerator

msc:  for e-  SubType= 10
      ===== EM models for the G4Region  DefaultRegionForTheWorld ======
            UrbanMsc : Emin=    0 eV  Emax=  100 TeV Nbins=240 100 eV  - 100 TeV
              StepLim=DistanceToBoundary Rfact=0.04 Gfact=2.5 Sfact=0.6 DispFlag:1 Skin=1 Llimit=1

eIoni:  for e-  SubType=2
      dE/dx and range tables from 10 eV  to 100 TeV in 260 bins
      Lambda tables from threshold to 100 TeV, 20 bins/decade, spline: 1
      StepFunction=(0.2, 0.1 mm), integ: 1, fluct: 1, linLossLim= 0.01
      ===== EM models for the G4Region  DefaultRegionForTheWorld ======
        MollerBhabha : Emin=    0 eV  Emax=  100 TeV  deltaVI

eBrem:  for e-  SubType=3
      dE/dx and range tables from 10 eV  to 100 TeV in 260 bins
      Lambda tables from threshold to 100 TeV, 20 bins/decade, spline: 1
      LPM flag: 1 for E > 1 GeV,  VertexHighEnergyTh(GeV)= 100000
      ===== EM models for the G4Region  DefaultRegionForTheWorld ======
             eBremSB : Emin=    0 eV  Emax=    1 GeV  AngularGen2BS
            eBremLPM : Emin=    1 GeV Emax=  100 TeV  AngularGen2BS

ePairProd:  for e-  SubType=4
      dE/dx and range tables from 10 eV  to 100 TeV in 260 bins
      Lambda tables from threshold to 100 TeV, 20 bins/decade, spline: 1
      Sampling table 25x1001; from 0.1 GeV to 100 TeV 
      ===== EM models for the G4Region  DefaultRegionForTheWorld ======
           ePairProd : Emin=    0 eV  Emax=  100 TeV  ModifiedMephi

msc:  for e+  SubType= 10
      ===== EM models for the G4Region  DefaultRegionForTheWorld ======
            UrbanMsc : Emin=    0 eV  Emax=  100 TeV Nbins=240 100 eV  - 100 TeV
              StepLim=DistanceToBoundary Rfact=0.04 Gfact=2.5 Sfact=0.6 DispFlag:1 Skin=1 Llimit=1

eIoni:  for e+  SubType=2
      dE/dx and range tables from 10 eV  to 100 TeV in 260 bins
      Lambda tables from threshold to 100 TeV, 20 bins/decade, spline: 1
      StepFunction=(0.2, 0.1 mm), integ: 1, fluct: 1, linLossLim= 0.01
      ===== EM models for the G4Region  DefaultRegionForTheWorld ======
        MollerBhabha : Emin=    0 eV  Emax=  100 TeV  deltaVI

eBrem:  for e+  SubType=3
      dE/dx and range tables from 10 eV  to 100 TeV in 260 bins
      Lambda tables from threshold to 100 TeV, 20 bins/decade, spline: 1
      LPM flag: 1 for E > 1 GeV,  VertexHighEnergyTh(GeV)= 100000
      ===== EM models for the G4Region  DefaultRegionForTheWorld ======
             eBremSB : Emin=    0 eV  Emax=    1 GeV  AngularGen2BS
            eBremLPM : Emin=    1 GeV Emax=  100 TeV  AngularGen2BS

ePairProd:  for e+  SubType=4
      dE/dx and range tables from 10 eV  to 100 TeV in 260 bins
      Lambda tables from threshold to 100 TeV, 20 bins/decade, spline: 1
      Sampling table 25x1001; from 0.1 GeV to 100 TeV 
      ===== EM models for the G4Region  DefaultRegionForTheWorld ======
           ePairProd : Emin=    0 eV  Emax=  100 TeV  ModifiedMephi

annihil:  for e+, integral:1  applyCuts:1  SubType=5 BuildTable=0
      ===== EM models for the G4Region  DefaultRegionForTheWorld ======
            eplus2gg : Emin=    0 eV  Emax=  100 TeV

msc:  for proton  SubType= 10
      ===== EM models for the G4Region  DefaultRegionForTheWorld ======
            UrbanMsc : Emin=    0 eV  Emax=  100 TeV Nbins=240 100 eV  - 100 TeV
              StepLim=Minimal Rfact=0.2 Gfact=2.5 Sfact=0.6 DispFlag:1 Skin=1 Llimit=1

hIoni:  for proton  SubType=2
      dE/dx and range tables from 10 eV  to 100 TeV in 260 bins
      Lambda tables from threshold to 100 TeV, 20 bins/decade, spline: 1
      StepFunction=(0.2, 0.05 mm), integ: 1, fluct: 1, linLossLim= 0.01
      ===== EM models for the G4Region  DefaultRegionForTheWorld ======
               Bragg : Emin=    0 eV  Emax=    2 MeV  deltaVI
          BetheBloch : Emin=    2 MeV Emax=  100 TeV  deltaVI

hBrems:  for proton  SubType=3
      dE/dx and range tables from 10 eV  to 100 TeV in 260 bins
      Lambda tables from threshold to 100 TeV, 20 bins/decade, spline: 1
      ===== EM models for the G4Region  DefaultRegionForTheWorld ======
               hBrem : Emin=    0 eV  Emax=  100 TeV  ModifiedMephi
      ===== Limit on energy threshold has been applied 

hPairProd:  for proton  SubType=4
      dE/dx and range tables from 10 eV  to 100 TeV in 260 bins
      Lambda tables from threshold to 100 TeV, 20 bins/decade, spline: 1
      Sampling table 17x1001; from 7.50618 GeV to 100 TeV 
      ===== EM models for the G4Region  DefaultRegionForTheWorld ======
           hPairProd : Emin=    0 eV  Emax=  100 TeV  ModifiedMephi

nuclearStopping:  for proton applyCuts:1  SubType=8 BuildTable=0
      ===== EM models for the G4Region  DefaultRegionForTheWorld ======
   ICRU49NucStopping : Emin=    0 eV  Emax=    1 MeV

msc:  for GenericIon  SubType= 10
      ===== EM models for the G4Region  DefaultRegionForTheWorld ======
            UrbanMsc : Emin=    0 eV  Emax=  100 TeV
              StepLim=Minimal Rfact=0.2 Gfact=2.5 Sfact=0.6 DispFlag:1 Skin=1 Llimit=1

ionIoni:  for GenericIon  SubType=2
      dE/dx and range tables from 10 eV  to 100 TeV in 260 bins
      Lambda tables from threshold to 100 TeV, 20 bins/decade, spline: 1
      StepFunction=(0.1, 0.02 mm), integ: 1, fluct: 1, linLossLim= 0.02
      ===== EM models for the G4Region  DefaultRegionForTheWorld ======
         ParamICRU73 : Emin=    0 eV  Emax=  100 TeV  deltaVI

nuclearStopping:  for GenericIon applyCuts:1  SubType=8 BuildTable=0
      ===== EM models for the G4Region  DefaultRegionForTheWorld ======
   ICRU49NucStopping : Emin=    0 eV  Emax=    1 MeV

msc:  for alpha  SubType= 10
      ===== EM models for the G4Region  DefaultRegionForTheWorld ======
            UrbanMsc : Emin=    0 eV  Emax=  100 TeV Nbins=240 100 eV  - 100 TeV
              StepLim=Minimal Rfact=0.2 Gfact=2.5 Sfact=0.6 DispFlag:1 Skin=1 Llimit=1

ionIoni:  for alpha  SubType=2
      dE/dx and range tables from 10 eV  to 100 TeV in 260 bins
      Lambda tables from threshold to 100 TeV, 20 bins/decade, spline: 1
      StepFunction=(0.1, 0.02 mm), integ: 1, fluct: 1, linLossLim= 0.02
      ===== EM models for the G4Region  DefaultRegionForTheWorld ======
            BraggIon : Emin=    0 eV  Emax=7.9452 MeV  deltaVI
          BetheBloch : Emin=7.9452 MeV Emax=  100 TeV  deltaVI

nuclearStopping:  for alpha applyCuts:1  SubType=8 BuildTable=0
      ===== EM models for the G4Region  DefaultRegionForTheWorld ======
   ICRU49NucStopping : Emin=    0 eV  Emax=    1 MeV

msc:  for anti_proton  SubType= 10
      ===== EM models for the G4Region  DefaultRegionForTheWorld ======
            UrbanMsc : Emin=    0 eV  Emax=  100 TeV Nbins=240 100 eV  - 100 TeV
              StepLim=Minimal Rfact=0.2 Gfact=2.5 Sfact=0.6 DispFlag:1 Skin=1 Llimit=1

hIoni:  for anti_proton  SubType=2
      dE/dx and range tables from 10 eV  to 100 TeV in 260 bins
      Lambda tables from threshold to 100 TeV, 20 bins/decade, spline: 1
      StepFunction=(0.2, 0.05 mm), integ: 1, fluct: 1, linLossLim= 0.01
      ===== EM models for the G4Region  DefaultRegionForTheWorld ======
            ICRU73QO : Emin=    0 eV  Emax=    2 MeV  deltaVI
          BetheBloch : Emin=    2 MeV Emax=  100 TeV  deltaVI

hBrems:  for anti_proton  SubType=3
      dE/dx and range tables from 10 eV  to 100 TeV in 260 bins
      Lambda tables from threshold to 100 TeV, 20 bins/decade, spline: 1
      ===== EM models for the G4Region  DefaultRegionForTheWorld ======
               hBrem : Emin=    0 eV  Emax=  100 TeV  ModifiedMephi
      ===== Limit on energy threshold has been applied 

hPairProd:  for anti_proton  SubType=4
      dE/dx and range tables from 10 eV  to 100 TeV in 260 bins
      Lambda tables from threshold to 100 TeV, 20 bins/decade, spline: 1
      Sampling table 17x1001; from 7.50618 GeV to 100 TeV 
      ===== EM models for the G4Region  DefaultRegionForTheWorld ======
           hPairProd : Emin=    0 eV  Emax=  100 TeV  ModifiedMephi

msc:  for kaon+  SubType= 10
      ===== EM models for the G4Region  DefaultRegionForTheWorld ======
            UrbanMsc : Emin=    0 eV  Emax=  100 TeV Nbins=240 100 eV  - 100 TeV
              StepLim=Minimal Rfact=0.2 Gfact=2.5 Sfact=0.6 DispFlag:1 Skin=1 Llimit=1

hIoni:  for kaon+  SubType=2
      dE/dx and range tables from 10 eV  to 100 TeV in 260 bins
      Lambda tables from threshold to 100 TeV, 20 bins/decade, spline: 1
      StepFunction=(0.2, 0.05 mm), integ: 1, fluct: 1, linLossLim= 0.01
      ===== EM models for the G4Region  DefaultRegionForTheWorld ======
               Bragg : Emin=    0 eV  Emax=1.05231 MeV  deltaVI
          BetheBloch : Emin=1.05231 MeV Emax=  100 TeV  deltaVI

hBrems:  for kaon+  SubType=3
      dE/dx and range tables from 10 eV  to 100 TeV in 260 bins
      Lambda tables from threshold to 100 TeV, 20 bins/decade, spline: 1
      ===== EM models for the G4Region  DefaultRegionForTheWorld ======
               hBrem : Emin=    0 eV  Emax=  100 TeV  ModifiedMephi
      ===== Limit on energy threshold has been applied 

hPairProd:  for kaon+  SubType=4
      dE/dx and range tables from 10 eV  to 100 TeV in 260 bins
      Lambda tables from threshold to 100 TeV, 20 bins/decade, spline: 1
      Sampling table 18x1001; from 3.94942 GeV to 100 TeV 
      ===== EM models for the G4Region  DefaultRegionForTheWorld ======
           hPairProd : Emin=    0 eV  Emax=  100 TeV  ModifiedMephi

msc:  for kaon-  SubType= 10
      ===== EM models for the G4Region  DefaultRegionForTheWorld ======
            UrbanMsc : Emin=    0 eV  Emax=  100 TeV Nbins=240 100 eV  - 100 TeV
              StepLim=Minimal Rfact=0.2 Gfact=2.5 Sfact=0.6 DispFlag:1 Skin=1 Llimit=1

hIoni:  for kaon-  SubType=2
      dE/dx and range tables from 10 eV  to 100 TeV in 260 bins
      Lambda tables from threshold to 100 TeV, 20 bins/decade, spline: 1
      StepFunction=(0.2, 0.05 mm), integ: 1, fluct: 1, linLossLim= 0.01
      ===== EM models for the G4Region  DefaultRegionForTheWorld ======
            ICRU73QO : Emin=    0 eV  Emax=1.05231 MeV  deltaVI
          BetheBloch : Emin=1.05231 MeV Emax=  100 TeV  deltaVI

hBrems:  for kaon-  SubType=3
      dE/dx and range tables from 10 eV  to 100 TeV in 260 bins
      Lambda tables from threshold to 100 TeV, 20 bins/decade, spline: 1
      ===== EM models for the G4Region  DefaultRegionForTheWorld ======
               hBrem : Emin=    0 eV  Emax=  100 TeV  ModifiedMephi
      ===== Limit on energy threshold has been applied 

hPairProd:  for kaon-  SubType=4
      dE/dx and range tables from 10 eV  to 100 TeV in 260 bins
      Lambda tables from threshold to 100 TeV, 20 bins/decade, spline: 1
      Sampling table 18x1001; from 3.94942 GeV to 100 TeV 
      ===== EM models for the G4Region  DefaultRegionForTheWorld ======
           hPairProd : Emin=    0 eV  Emax=  100 TeV  ModifiedMephi

msc:  for mu+  SubType= 10
      ===== EM models for the G4Region  DefaultRegionForTheWorld ======
            UrbanMsc : Emin=    0 eV  Emax=  100 TeV Nbins=240 100 eV  - 100 TeV
              StepLim=Minimal Rfact=0.2 Gfact=2.5 Sfact=0.6 DispFlag:1 Skin=1 Llimit=1

muIoni:  for mu+  SubType=2
      dE/dx and range tables from 10 eV  to 100 TeV in 260 bins
      Lambda tables from threshold to 100 TeV, 20 bins/decade, spline: 1
      StepFunction=(0.2, 0.05 mm), integ: 1, fluct: 1, linLossLim= 0.01
      ===== EM models for the G4Region  DefaultRegionForTheWorld ======
               Bragg : Emin=    0 eV  Emax=  200 keV  deltaVI
          BetheBloch : Emin=  200 keV Emax=    1 GeV  deltaVI
        MuBetheBloch : Emin=    1 GeV Emax=  100 TeV

muBrems:  for mu+  SubType=3
      dE/dx and range tables from 10 eV  to 100 TeV in 260 bins
      Lambda tables from threshold to 100 TeV, 20 bins/decade, spline: 1
      ===== EM models for the G4Region  DefaultRegionForTheWorld ======
              MuBrem : Emin=    0 eV  Emax=  100 TeV  ModifiedMephi
      ===== Limit on energy threshold has been applied 

muPairProd:  for mu+  SubType=4
      dE/dx and range tables from 10 eV  to 100 TeV in 260 bins
      Lambda tables from threshold to 100 TeV, 20 bins/decade, spline: 1
      Sampling table 21x1001; from 1 GeV to 100 TeV 
      ===== EM models for the G4Region  DefaultRegionForTheWorld ======
          muPairProd : Emin=    0 eV  Emax=  100 TeV  ModifiedMephi

msc:  for mu-  SubType= 10
      ===== EM models for the G4Region  DefaultRegionForTheWorld ======
            UrbanMsc : Emin=    0 eV  Emax=  100 TeV Nbins=240 100 eV  - 100 TeV
              StepLim=Minimal Rfact=0.2 Gfact=2.5 Sfact=0.6 DispFlag:1 Skin=1 Llimit=1

muIoni:  for mu-  SubType=2
      dE/dx and range tables from 10 eV  to 100 TeV in 260 bins
      Lambda tables from threshold to 100 TeV, 20 bins/decade, spline: 1
      StepFunction=(0.2, 0.05 mm), integ: 1, fluct: 1, linLossLim= 0.01
      ===== EM models for the G4Region  DefaultRegionForTheWorld ======
            ICRU73QO : Emin=    0 eV  Emax=  200 keV  deltaVI
          BetheBloch : Emin=  200 keV Emax=    1 GeV  deltaVI
        MuBetheBloch : Emin=    1 GeV Emax=  100 TeV

muBrems:  for mu-  SubType=3
      dE/dx and range tables from 10 eV  to 100 TeV in 260 bins
      Lambda tables from threshold to 100 TeV, 20 bins/decade, spline: 1
      ===== EM models for the G4Region  DefaultRegionForTheWorld ======
              MuBrem : Emin=    0 eV  Emax=  100 TeV  ModifiedMephi
      ===== Limit on energy threshold has been applied 

muPairProd:  for mu-  SubType=4
      dE/dx and range tables from 10 eV  to 100 TeV in 260 bins
      Lambda tables from threshold to 100 TeV, 20 bins/decade, spline: 1
      Sampling table 21x1001; from 1 GeV to 100 TeV 
      ===== EM models for the G4Region  DefaultRegionForTheWorld ======
          muPairProd : Emin=    0 eV  Emax=  100 TeV  ModifiedMephi

msc:  for pi+  SubType= 10
      ===== EM models for the G4Region  DefaultRegionForTheWorld ======
            UrbanMsc : Emin=    0 eV  Emax=  100 TeV Nbins=240 100 eV  - 100 TeV
              StepLim=Minimal Rfact=0.2 Gfact=2.5 Sfact=0.6 DispFlag:1 Skin=1 Llimit=1

hIoni:  for pi+  SubType=2
      dE/dx and range tables from 10 eV  to 100 TeV in 260 bins
      Lambda tables from threshold to 100 TeV, 20 bins/decade, spline: 1
      StepFunction=(0.2, 0.05 mm), integ: 1, fluct: 1, linLossLim= 0.01
      ===== EM models for the G4Region  DefaultRegionForTheWorld ======
               Bragg : Emin=    0 eV  Emax=297.505 keV  deltaVI
          BetheBloch : Emin=297.505 keV Emax=  100 TeV  deltaVI

hBrems:  for pi+  SubType=3
      dE/dx and range tables from 10 eV  to 100 TeV in 260 bins
      Lambda tables from threshold to 100 TeV, 20 bins/decade, spline: 1
      ===== EM models for the G4Region  DefaultRegionForTheWorld ======
               hBrem : Emin=    0 eV  Emax=  100 TeV  ModifiedMephi
      ===== Limit on energy threshold has been applied 

hPairProd:  for pi+  SubType=4
      dE/dx and range tables from 10 eV  to 100 TeV in 260 bins
      Lambda tables from threshold to 100 TeV, 20 bins/decade, spline: 1
      Sampling table 20x1001; from 1.11656 GeV to 100 TeV 
      ===== EM models for the G4Region  DefaultRegionForTheWorld ======
           hPairProd : Emin=    0 eV  Emax=  100 TeV  ModifiedMephi

msc:  for pi-  SubType= 10
      ===== EM models for the G4Region  DefaultRegionForTheWorld ======
            UrbanMsc : Emin=    0 eV  Emax=  100 TeV Nbins=240 100 eV  - 100 TeV
              StepLim=Minimal Rfact=0.2 Gfact=2.5 Sfact=0.6 DispFlag:1 Skin=1 Llimit=1

hIoni:  for pi-  SubType=2
      dE/dx and range tables from 10 eV  to 100 TeV in 260 bins
      Lambda tables from threshold to 100 TeV, 20 bins/decade, spline: 1
      StepFunction=(0.2, 0.05 mm), integ: 1, fluct: 1, linLossLim= 0.01
      ===== EM models for the G4Region  DefaultRegionForTheWorld ======
            ICRU73QO : Emin=    0 eV  Emax=297.505 keV  deltaVI
          BetheBloch : Emin=297.505 keV Emax=  100 TeV  deltaVI

hBrems:  for pi-  SubType=3
      dE/dx and range tables from 10 eV  to 100 TeV in 260 bins
      Lambda tables from threshold to 100 TeV, 20 bins/decade, spline: 1
      ===== EM models for the G4Region  DefaultRegionForTheWorld ======
               hBrem : Emin=    0 eV  Emax=  100 TeV  ModifiedMephi
      ===== Limit on energy threshold has been applied 

hPairProd:  for pi-  SubType=4
      dE/dx and range tables from 10 eV  to 100 TeV in 260 bins
      Lambda tables from threshold to 100 TeV, 20 bins/decade, spline: 1
      Sampling table 20x1001; from 1.11656 GeV to 100 TeV 
      ===== EM models for the G4Region  DefaultRegionForTheWorld ======
           hPairProd : Emin=    0 eV  Emax=  100 TeV  ModifiedMephi
G4VisManager: Using G4TrajectoryDrawByCharge as fallback trajectory model.
See commands in /vis/modeling/trajectories/ for other options.

### ===  Deexcitation model UAtomDeexcitation is activated for 25 regions:
          DefaultRegionForTheWorld  1  1  1
          cylindricalPET  1  1  1
          module  1  1  1
          unit  1  1  1
          block  1  1  1
          optical  1  1  1
          crystal  1  1  1
          capillaire1  1  1  1
          capillaire1_water  1  1  1
          capillaire2  1  1  1
          capillaire2_water  1  1  1
          capillaire3  1  1  1
          capillaire3_water  1  1  1
          capillaire4  1  1  1
          capillaire4_water  1  1  1
          capillaire5  1  1  1
          capillaire5_water  1  1  1
          capillaire_m1  1  1  1
          capillaire_m1_water  1  1  1
          capillaire_m2  1  1  1
          capillaire_m2_water  1  1  1
          capillaire_m3  1  1  1
          capillaire_m3_water  1  1  1
          capillaire_m4  1  1  1
          capillaire_m4_water  1  1  1
### ===  Ignore cuts flag:   0
(13.0087,313.288,-123.315)
(-5.60038,329.739,-170.103)
(319.802,60.9524,-81.4253)
(365.417,107.545,-70.6553)
(318.115,71.3489,-82.09)
(434.002,99.7559,-171.534)
(124.469,288.476,-1.42211)
(156.002,216.152,-30.5011)
(122.765,302.622,6.31008)
(103.122,340.339,-107.329)
(126.837,311.429,9.90911)
(70.7233,290.792,-61.7406)
(-257.476,-180.252,0.898018)
(-241.984,-254.58,-5.34833)
(-215.88,-251.38,-37.9573)
(-176.478,-206.72,-15.9166)
(-214.94,-250.008,-44.4955)
(-140.87,-387.025,-54.3288)
(-301.751,79.1691,-17.7223)
(-328.88,117.154,22.1445)
(285.535,-147.702,-79.2532)
(280.907,-198.318,-49.7825)
(276.692,-152.936,-67.7839)
(288.725,-208.667,-126.087)
(316.995,-46.272,45.8785)
(341.174,-108.292,21.2158)
(-315.252,119.259,-121.338)
(-276.576,125.127,-174.456)
(94.673,311.798,-106.245)
(92.1524,266.802,-85.6665)
(96.689,311.31,-103.877)
(126.502,360.902,-98.8081)
(296.872,115.784,-45.8939)
(310.499,69.7412,-20.077)
(-318.731,-102.078,-111.734)
(-287.478,-164.602,-107.931)
(-16.7739,336.443,-78.0701)
(-55.0554,344.381,-62.3681)
(-2.65276,-327.225,-79.9331)
(-19.2705,-358.294,55.5264)
(217.759,229.442,10.2113)
(215.933,308.542,-18.515)
(219.768,228.417,10.4604)
(219.806,254.61,-90.9129)
(296.064,-122.277,83.4615)
(291.88,-161.291,145.077)
(-150.353,-274.152,-16.2146)
(-132.736,-289.546,-38.7624)
(235.339,213.003,96.434)
(232.099,234.522,37.0585)
(238.197,209.654,85.1874)
(226.643,177.677,111.608)
(172.114,-262.633,61.8929)
(22.7076,-196.057,116.219)
(171.782,-264.851,65.9397)
(164.962,-356.56,45.6565)
(4.45824,-324.693,108.863)
(18.5407,-221.467,153.607)
(-102.754,310.049,-104.588)
(-156.931,256.187,-59.8934)
(152.628,-275.74,-64.7195)
(258.12,-310.725,-131.141)
(145.09,-279.055,-85.3067)
(33.024,-217.121,-115.056)
(322.673,91.7149,110.634)
(303.912,117.814,-7.74009)
(322.704,93.3336,106.619)
(224.783,60.178,71.7212)
(-305.212,-92.1554,-109.07)
(-253.641,33.9698,-141.097)
(-303.519,-89.2715,-107.389)
(-345.224,-29.0172,-176.927)
(25.2229,327.289,-40.7389)
(-30.1433,365.628,82.8081)
(24.6105,326.838,-33.2092)
(-47.9669,389.558,34.4267)
(222.348,-237.656,29.8591)
(262.726,-335.814,135.389)
(221.759,-243.407,30.273)
(270.5,-266.392,81.5313)
(-292.071,114.647,-119.109)
(-204.012,99.4786,-155.118)
(-293.86,110.893,-120.915)
(-272.796,38.8885,-78.4133)
(-322.916,-8.02218,-86.9661)
(-283.989,-71.5172,-131.813)
(-330.18,-8.72274,-89.0064)
(-319.53,57.5794,-157.395)
(91.3956,-315.706,118.852)
(125.384,-249.061,14.4695)
(179.402,255.886,-97.877)
(197.027,227.407,-175.497)
(179.355,256.552,-99.2898)
(124.184,305.053,-58.1651)
(-270.367,-164.894,-31.7319)
(-267.66,-180.494,-1.87474)
(234.017,-218.359,115.169)
(227.777,-167.771,196.548)
(-115.851,-293.831,-122.978)
(-5.56468,-293.265,-82.6977)
(314.7,-31.925,45.4898)
(351.624,16.1478,-1.00254)
(324.017,-31.1514,50.4509)
(448.72,-61.3718,131.066)
(-183.629,262.361,-8.21849)
(-131.229,172.646,-34.6038)
(-184.607,262.931,-7.59634)
(-135.71,132.075,-64.44)
(-196.074,267.678,-11.9758)
(-272.525,223.416,-50.303)
(-198.626,267.104,-15.445)
(-166.485,279.003,23.0756)
(267.109,196.122,103.656)
(293.259,203.425,126.862)
(-252.599,-198.434,-109.166)
(-325.655,-176.618,-159.081)
(-249.205,-194.911,-18.463)
(-135.241,-241.216,44.2792)
(-249.029,-213.258,-18.1367)
(-300.052,-253.564,-86.0872)
(-255.15,-219.257,-26.8918)
(-297.493,-206.765,1.56419)
(268.018,194.97,19.826)
(248.87,207.169,-53.464)
(-214.753,241.28,-82.0081)
(-145.676,299.851,-125.579)
(-329.727,8.55291,77.4297)
(-330.646,-13.8157,52.7652)
(292.866,-124.662,-70.1371)
(342.985,-109.502,-149.508)
(293.719,-123.145,-69.3003)
(247.238,-175.843,-1.55052)
(291.462,-122.547,-56.223)
(301.933,-84.061,-93.0733)
(301.149,85.0956,103.647)
(315.462,29.3385,78.2167)
(304.708,87.8706,106.765)
(350.545,105.251,122.485)
(304.917,94.3596,121.379)
(412.395,88.0156,192.356)
(309.789,-82.4411,3.89245)
(354.181,-229.448,2.65965)
(-253.576,191.19,-10.7567)
(-182.393,123.18,-38.3476)
(-264.371,204.953,3.48307)
(-169.319,345.713,-7.98907)
(55.8528,307.071,-84.8973)
(84.482,291.352,-66.3795)
(227.231,216.246,63.132)
(173.604,267.558,56.3013)
(-148.296,-275.271,-45.4131)
(-156.145,-376.298,-144.551)
(-229.484,220.22,-45.6304)
(-141.213,168.584,-88.4317)
(83.8325,304.568,33.1865)
(192.13,366.87,-65.0574)
(83.1383,306.97,30.5473)
(19.7802,407.6,10.9277)
(77.377,317.394,19.1709)
(179.849,374.125,70.0176)
(314.612,66.0878,17.5338)
(338.595,73.8431,51.3588)
(316.613,66.2787,21.9326)
(277.666,129.862,24.9942)
(-297.843,-131.622,-36.5635)
(-275.952,-184.374,-72.9378)
(-306.876,-132.456,-30.2404)
(-270.168,-185.306,-51.0135)
(-74.1151,309.117,53.4198)
(5.05657,262.887,-57.1979)
(160.712,-274.724,-45.4511)
(240.756,-380.564,9.01443)
(161.243,-273.975,-41.8457)
(188.81,-211.408,-103.604)
(-324.643,-59.3255,93.3951)
(-257.893,-29.9491,96.4229)
(-86.6932,300.19,45.8475)
(-43.4421,256.915,-58.3135)
(-90.8826,300.392,46.3637)
(-19.4039,287.152,144.033)
(238.716,-223.079,-40.4178)
(113.539,-200.591,-37.679)
(72.7613,309.52,38.1171)
(55.1278,295.874,-100.095)
(315.878,-49.8497,-71.6306)
(367.271,-2.9152,-86.7409)
(316.193,-24.421,-14.9264)
(321.699,-17.3777,-69.8434)
(316.448,-24.2461,-15.0083)
(302.672,73.9669,48.7849)
(321.678,-24.0906,-0.56589)
(336.561,-31.7494,-13.5123)
(-315.626,63.408,33.3759)
(-342.135,100.955,-48.7603)
(-312.16,66.6395,42.9085)
(-333.412,22.7457,101.997)
(-311.232,64.3506,42.2282)
(-369.068,100.523,-61.2036)
(-10.7226,313.432,55.4786)
(-57.8774,293.656,121.67)
(-11.1029,313.924,52.6422)
(-19.2268,228.714,51.2234)
(207.988,-254.466,-44.1455)
(178.165,-189.098,-108.143)
(206.521,-254.14,-42.6059)
(222.152,-216.732,0.251222)
(-195.212,-249.113,-68.497)
(-215.161,-389.488,2.92899)
(-211.848,-253.583,-67.5395)
(-211.99,-236.899,-58.3437)
(249.217,201.922,55.2575)
(312.75,121.554,65.2316)
(257.724,203.828,61.4406)
(278.882,233.47,23.5637)
(235.722,207.736,-47.4653)
(222.335,251.296,-53.2609)
(238.009,207.512,-48.2156)
(313.16,120.732,-105.925)
(-8.54983,-322.29,73.255)
(72.5967,-286.278,-3.69457)
(-7.85973,-322.466,71.7997)
(-118.391,-255.452,129.23)
(231.173,222.342,-41.9836)
(188.455,169.754,37.7277)
(-61.3327,-314.303,60.9949)
(-18.5114,-162.223,-34.4352)
(66.2207,328.644,17.1413)
(2.95807,282.415,21.1739)
(-195.176,-259.065,-10.0953)
(-254.403,-286.999,-0.501019)
(-199.029,248.809,-84.4716)
(-206.122,268.518,-115.787)
(297.411,122.907,-4.49548)
(294.007,164.792,-9.13679)
(-193.363,-259.945,10.3253)
(-221.937,-327.515,0.990675)
(-204.432,-247.164,-123.282)
(-278.805,-151.066,-132.627)
(-203.599,-254.262,-123.278)
(-208.948,-337.224,-206.581)
(-213.253,-252.981,-119.423)
(-274.856,-328.963,-138.335)
(-312.081,-59.851,-92.4837)
(-417.927,30.7369,-163.462)
(-311.037,-56.8331,-90.8315)
(-332.224,-144.206,-32.7784)
(295.365,130.1,71.2502)
(264.134,97.9437,94.9074)
(312.04,49.897,121.824)
(430.807,-42.302,87.3054)
(315.496,45.3288,114.709)
(356.153,-100.792,96.3632)
(-260.339,-205.161,-11.6311)
(-222.623,-347.977,48.9321)
(51.8225,322.875,14.9577)
(52.664,340.421,-33.8675)
(50.0491,325.753,11.1371)
(8.53364,378.804,-45.8515)
(-81.7418,-309.057,8.04981)
(-115.386,-308.848,-46.2985)
(-78.9424,-322.213,18.0913)
(-91.9542,-355.232,44.8994)
(-136.891,299.253,-5.20547)
(-132.329,353.823,-7.00844)
(-292.598,165.687,-26.9786)
(-345.303,176.428,-18.2251)
(-140.849,-285.031,37.8362)
(-45.3277,-265.849,22.8671)
(-144.585,-287.282,30.4127)
(-236.165,-181.353,4.21522)
(-304.191,119.116,-82.8876)
(-311.65,91.1635,-78.1793)
(-301.641,119.344,-83.2506)
(-292.403,16.2893,-19.2553)
(127.159,-285.365,-94.1234)
(142.233,-244.589,-17.7148)
(-16.5575,-312.772,30.8858)
(47.9485,-313.211,11.1334)
(-21.2847,-312.599,33.9239)
(-28.8925,-343.258,100.791)
(-242.923,-196.443,34.3327)
(-206.373,-213.132,-31.5599)
(239.809,200.301,-21.5876)
(243.878,152.226,-31.5588)
(-329.033,-52.4579,-89.7225)
(-308.705,-46.8646,-151.538)
(326.166,60.7312,73.1076)
(287.818,-7.13514,65.8856)
(48.0296,311.529,21.0482)
(33.7402,318.332,-83.4751)
(-187.193,-259.964,-17.8445)
(-164.388,-244.091,-19.0091)
(301.099,99.1777,-91.0464)
(295.641,-23.1074,-130.284)
(303.764,92.1323,-89.0148)
(259.911,158.211,-54.2914)
(-307.414,67.9249,65.4622)
(-359.482,95.0156,78.4062)
(303.678,85.2539,-91.107)
(259.752,137.754,-93.416)
(311.15,80.3853,-88.547)
(355.671,81.3097,-203.102)
(-306.975,-61.4819,69.4181)
(-348.476,-126.094,75.5395)
(-307.326,-62.011,70.994)
(-341.656,-86.2401,46.1511)
(-113.097,-304.833,27.7601)
(-127.258,-277.358,76.472)
(-329.187,-53.0289,20.1312)
(-322.081,-73.1144,99.6842)
(-18.3748,-320.155,11.9854)
(-17.2923,-381.818,115.134)
(-184.026,254.169,-7.66319)
(-197.996,273.75,49.2578)
(312.76,-12.9276,-87.5444)
(313.759,25.636,-100.922)
(291.202,-169.974,-20.3699)
(313.632,-171.714,-10.2304)
(307.783,78.3426,18.1165)
(349.25,134.511,102.211)
(307.701,79.827,18.9174)
(286.137,142.924,-5.15064)
(-263.338,-187.513,-48.9473)
(-136.233,-264.871,-117.305)
(-304.555,77.709,70.0632)
(-324.828,121.854,55.6453)
(-303.816,74.5906,67.4637)
(-402.931,74.6368,52.2897)
(50.4967,311.271,-99.6306)
(48.1264,365.065,-155.697)
(50.1208,311.07,-100.293)
(92.9349,281.892,-8.85282)
(209.975,-242.029,77.924)
(275.889,-160.235,68.4684)
(-334.819,-30.3805,-98.1364)
(-273.308,-115.355,-97.8835)
(313.937,26.1658,85.8721)
(382.722,45.121,-111.215)
(154.035,274.316,96.4815)
(108.099,233.392,148.227)
(-259.018,-200.215,100.381)
(-304.088,-257.454,88.4875)
(-312.426,-55.5863,29.6905)
(-206.445,-78.0995,29.91)
(-311.969,-53.9987,29.2257)
(-321.886,-55.4933,-11.6193)
(303.772,111.959,-57.9793)
(310.638,56.1445,-130.636)
(-183.516,268.129,-120.37)
(-188.198,279.285,-142.735)
(236.309,213.606,37.8773)
(253.571,121.682,-9.4769)
(-181.897,-266.321,-50.3582)
(-331.094,-378.167,-32.798)
(-184.074,-276.422,-43.6827)
(-183.733,-282.018,-96.149)
(-184.85,-276.536,-43.1836)
(-134.397,-309.318,55.9844)
(-22.3074,-316.676,16.2837)
(-3.51791,-401.632,62.952)
(242.063,201.258,-6.69393)
(245.328,163.569,52.0331)
(6.47251,-320.223,-41.7431)
(-33.153,-385.83,-25.9727)
(145.739,284.504,35.4289)
(89.2046,248.732,-30.0011)
(-279.289,-139.935,95.3325)
(-288.605,-133.468,152.522)
(-278.657,-144.093,103.305)
(-388.892,-196.93,140.365)
(279.238,-139.363,-46.2649)
(220.458,-155.643,46.8666)
(-191.55,-250.306,-106.583)
(-227.738,-112.347,-88.4198)
(305.762,84.2696,11.2848)
(347.679,88.5936,-17.7052)
(-312.529,-50.614,-3.54639)
(-438.452,-16.8979,-29.3899)
(-297.076,-113.633,-106.262)
(-258.103,-105.696,-73.4278)
(-188.4,-253.596,80.9026)
(-177.463,-385.969,146.148)
(268.501,181.43,-62.1066)
(262.127,181.596,38.367)
(156.043,273.152,112.752)
(195.664,119.941,131.235)
(153.309,275.077,113.086)
(153.974,327.683,154.782)
(-248.96,-200.387,50.2482)
(-177.376,-262.23,54.4327)
(150.285,275.856,-73.6037)
(308.186,174.628,-129.462)
(312.584,76.4136,-5.05413)
(303.593,83.1188,-50.6809)
(312.412,75.1916,-6.95242)
(339.912,137.802,-36.2379)
(131.003,-284.634,85.0014)
(120.049,-276.137,232.934)
(-205.782,245.789,-73.9505)
(-178.487,199.944,36.9802)
(-206.387,245.604,-74.2544)
(-224.984,143.547,-51.4418)
(-323.937,90.8083,-114.921)
(-329.441,104.233,-96.8804)
(-314.025,9.87175,61.3535)
(-245.612,84.2246,117.104)
(-317.71,12.1119,59.8136)
(-267.831,46.7896,-17.5624)
(323.817,-14.2239,-86.8938)
(219.931,-61.1225,-119.98)
(328.291,-20.165,-89.767)
(250.547,55.2756,-109.329)
(218.268,-237.252,26.972)
(196.274,-339.539,109.606)
(218.758,-242.226,14.7799)
(147.795,-194.761,-78.4387)
(218.048,-245.601,7.48474)
(270.836,-303.076,64.129)
(216.591,-246.471,6.65029)
(207.18,-235.348,-20.1742)
(-102.841,313.914,-36.15)
(-55.4069,300.199,-49.7064)
(-100.054,314.997,-44.2394)
(-15.1532,358.768,-28.3362)
(-129.539,-302.456,-115.89)
(-188.594,-294.315,-73.7573)
(-121.276,-304.411,-111.831)
(48.5803,-232.234,-18.2103)
(275.805,164.327,-124.063)
(287.905,175.368,-188.676)
(-252.524,198.229,29.3041)
(-253.354,97.5357,49.7776)
(321.842,-46.3113,123.37)
(380.971,-47.3069,179.092)
(-289.391,-141.977,-111.292)
(-391.985,-153.645,-108.503)
(285.193,147.175,40.8476)
(256.675,98.962,7.76814)
(285.614,145.974,40.5747)
(331.059,79.5658,10.2756)
(-253.391,216.403,10.7016)
(-257.601,289.112,-49.9402)
(92.5317,-304.589,-11.039)
(130.254,-253.812,153.372)
(-143.836,278.966,103.894)
(-178.368,353.948,96.8572)
(224.302,-251.779,-93.0478)
(231.192,-257.494,-40.5562)
(224.316,-251.551,-93.6111)
(189.962,-264.832,-216.036)
(-5.5767,312.466,91.9802)
(-14.725,280.095,75.5165)
(223.913,219.475,-123.921)
(142.64,174.219,-193.855)
(-195.841,-256.368,-77.4798)
(-129.429,-235.944,-82.0367)
(-189.495,-266.022,-69.3759)
(-182.918,-330.208,-91.216)
(275.699,166.289,48.5082)
(240.394,218.046,41.2119)
(-239.71,-213.119,-64.9362)
(-229.009,-303.758,-82.45)
(-247.987,-217.11,-68.9364)
(-297.683,-221.345,-153.87)
(63.0952,-319.141,-77.5824)
(78.1882,-340.139,-113.838)
(151.275,283.611,65.7788)
(221.287,374.296,36.0993)
(149.731,300.659,63.4329)
(221.568,338.393,41.531)
(241.375,197.467,-108.957)
(263.347,227.738,-107.569)
(-131.558,-289.071,74.3862)
(-177.7,-271.248,16.6647)
(-134.342,-286.673,78.8022)
(-138.394,-220.534,196.522)
(-23.9896,315.869,-77.3943)
(54.9658,361.364,-57.3218)
(218.324,-238.614,16.0102)
(194.024,-282.192,56.6942)
(234.01,-242.302,27.6942)
(212.933,-234.165,-32.1661)
(-290.48,131.061,-7.5638)
(-285.118,131.889,-67.5969)
(-289.546,130.048,-9.62876)
(-346.246,152.427,40.8813)
(309.377,-82.4336,-47.189)
(251.894,-136.201,-162.575)
(313.748,-86.3847,-45.5437)
(314.064,-68.9216,-22.7642)
(316.555,12.3688,64.4838)
(411.927,72.8941,103.546)
(-311.955,-17.1516,-89.8493)
(-348.991,-49.6054,-140.504)
(-329.1,0.587947,-109.996)
(-426.101,-60.8112,-161.365)
(-318.842,-12.1397,14.4752)
(-307.634,20.2292,57.616)
(-320.94,-24.334,18.112)
(-435.182,-148.645,10.7651)
(281.764,-185.13,-17.6583)
(210.816,-251.764,-120.741)
(-173.727,-288.49,16.791)
(-217.284,-194.212,-3.10798)
(-192.686,-246.695,-4.14858)
(-152.7,-282.143,-24.0161)
(198.031,260.409,-116.536)
(218.638,331.065,-121.022)
(198.137,258.746,-121.86)
(148.475,198.002,-217.061)
(-322.787,63.0736,-116.458)
(-233.192,-22.5837,-88.505)
(-24.3371,-329.108,-84.201)
(-111.229,-371.368,-188.614)
(241.934,204.531,53.3644)
(266.519,134.447,-32.5761)
(236.382,212.815,51.9018)
(270.545,202.294,36.0298)
(234.284,218.219,49.6714)
(303.233,141.262,65.1912)
(272.124,-159.131,19.6276)
(291.122,-88.4003,155.075)
(-239.438,207.375,-22.3932)
(-305.413,287.752,-16.7267)
(-241.324,206.006,-30.8924)
(-108.389,213.506,-131.749)
(314.403,-42.4666,40.1615)
(296.76,-89.352,161.872)
(322.723,-52.4524,42.0997)
(397.153,-98.3987,-0.433363)
(-303.736,86.606,-81.9181)
(-281.997,118.643,-51.6627)
(171.476,-263.043,28.3894)
(156.291,-183.704,68.954)
(-166.07,287.343,-27.1838)
(-118.046,350.775,29.4402)
(56.968,307.403,74.1288)
(98.4245,358.544,41.8705)
(322.389,-7.1255,-44.4466)
(305.639,61.9279,40.271)
(327.736,-8.73325,-36.6417)
(315.073,-13.0009,-34.735)
(327.61,-7.81582,-37.4764)
(363.964,24.9701,10.1518)
(-327.98,10.0523,64.3938)
(-327.606,36.2476,39.5703)
(-31.0397,-314.085,65.4565)
(31.2292,-412.377,123.97)
(-307.889,62.1898,111.641)
(-341.126,-17.4214,147.114)
(-314.138,66.3428,108.629)
(-303.423,15.1479,105.631)
(-263.064,170.233,34.4651)
(-258.951,163.428,43.8492)
(-281.347,156.348,6.99945)
(-188.86,193.952,-62.0172)
(-262.457,170.979,29.6228)
(-282.296,251.659,-31.1001)
(-257.595,-188.737,121.194)
(-167.79,-246.528,174.597)
(324.556,-43.636,111.772)
(308.924,-138.097,40.303)
(-27.0472,-312.952,37.0391)
(37.7696,-283.102,-62.8535)
(-42.1624,-313.453,34.5624)
(-45.9634,-265.943,49.3659)
(-42.8602,-312.913,33.2691)
(-93.7648,-359.246,68.7417)
(-147.01,-276.024,-35.9623)
(-129.515,-230.622,0.101554)
(-67.2367,320.967,42.0891)
(-65.1998,377.491,-41.2938)
(-64.2699,326.519,45.7022)
(-181.063,374.181,78.5612)
(177.434,260.478,-32.424)
(104.217,204.729,-0.590978)
(183.846,253.894,-23.3701)
(143.439,178.264,-65.8986)
(-286.856,-159.852,21.972)
(-322.838,-122.274,99.2836)
(-261.547,200.833,15.5609)
(-267.854,240.706,12.2875)
(-259.797,208.192,12.213)
(-219.083,147.63,11.5383)
(55.9767,-322.74,-20.2547)
(105.496,-302.342,-52.2182)
(130.358,-285.791,-37.5591)
(180.119,-304.429,-0.839989)
(-236.001,212.636,30.2636)
(-317.901,244.048,138.326)
(-230.956,240.074,19.9745)
(-289.578,147.345,62.2156)
(-294.507,148.079,-2.07543)
(-293.556,225.71,-95.6077)
(247.445,189.919,-50.3233)
(184.453,187.406,-64.5305)
(-282.873,-134.182,118.255)
(-248.288,-180.195,46.9239)
(-283.926,-141.101,117.961)
(-295.99,-179.395,159.485)
(-282.521,-132.062,42.3739)
(-215.355,-181.218,135.232)
(-291.068,-143.872,47.1461)
(-181.885,-85.7588,71.6807)
(235.282,205.407,-62.2375)
(216.05,188.507,-70.9649)
(-13.9856,-325.119,78.6353)
(-107.584,-324.578,101.828)
(-313.373,-47.5315,-78.4479)
(-318.398,-20.2961,-94.0881)
(-323.324,-58.7257,-68.1604)
(-376.1,49.8238,-104.948)
(-283.696,141.247,106.334)
(-325.012,144.903,120.892)
(126.453,-307.006,97.0011)
(70.7041,-344.534,200.02)
(-191.414,246.402,-80.2858)
(-179.171,265.013,-179.343)
(-325.535,69.9572,-108.592)
(-275.099,45.3957,-131.036)
(-115.138,309.975,21.1438)
(-38.1238,408.191,-55.7749)
(257.706,-202.985,-14.8263)
(267.435,-180.098,40.9983)
(260.561,-201.966,-15.1766)
(251.251,-181.341,11.7751)
(141.557,300.754,77.6354)
(141.692,356.031,31.1807)
(-263.881,-184.066,-50.1609)
(-243.677,-197.422,-111.277)
(-266.181,-186.384,-52.1424)
(-281.124,-184.34,-82.9841)
(-17.4678,-315.726,-97.8258)
(-51.0464,-303.819,-29.1179)
(-15.7605,-316.09,-98.0033)
(38.5748,-295.607,-188.435)
(214.768,233.806,-66.5952)
(177.561,309.39,-73.8889)
(-94.9107,-304.264,84.2989)
(-85.1892,-322.043,97.8653)
(-107.737,-296.826,104.433)
(-73.135,-309.775,105.48)
(-286.746,-131.139,102.7)
(-142.125,-70.8191,72.5849)
(-293.826,-131.059,109.349)
(-258.791,-162.472,113.546)
(309.839,52.0383,-41.4651)
(368.847,31.7871,-51.6462)
(-278.366,-162.098,-10.9612)
(-239.779,-158.835,72.9174)
(-273.745,165.54,106.997)
(-274.422,156.775,84.9012)
(-221.537,246.224,-49.2146)
(-257.747,260.677,-154.542)
(-30.2875,-314.34,-49.6484)
(-115.594,-358.336,-88.2417)
(-125.035,286.282,44.5511)
(-70.4989,347.32,67.2122)
(-125.897,288.854,50.5866)
(-122.048,307.037,-8.68699)
(-124.082,288.823,52.0934)
(-70.414,287.164,9.91403)
(280.969,-154.177,-12.3312)
(401.425,-104.671,-87.0129)
(-58.9054,328.357,123.335)
(-166.313,349.109,156.307)
(189.06,-257.711,-96.1404)
(304.407,-251.661,-123.612)
(43.8165,-316.52,-69.0814)
(69.386,-334.973,-18.0825)
(54.4318,-314.743,-59.3785)
(1.19462,-298.338,-16.4444)
(-253.288,194.787,41.0745)
(-329.927,180.938,70.1006)
(-253.158,201.539,41.4461)
(-366.59,321.398,-14.2991)
(-258.119,214.494,49.2677)
(-197.858,194.728,2.35137)
(-257.217,215.898,50.6049)
(-350.554,258.013,7.74523)
(74.2176,-306.434,-119.997)
(59.1632,-259.864,-121.319)
(85.4679,310.238,124.665)
(127.243,285.157,157.81)
(-314.474,-43.1489,38.5282)
(-279.6,-55.9165,-57.0906)
(-317.99,-41.6117,38.8775)
(-321.608,-124.519,116.685)
(309.534,73.1096,-66.08)
(371.473,129.157,-174.464)
(-205.554,-251.324,77.5556)
(-227.032,-234.923,155.57)
(-59.9759,308.354,-97.6948)
(42.1578,271.691,-112.215)
(-53.0247,310.634,-96.4589)
(-95.0051,347.767,-36.7187)
(45.4647,-314.527,-84.3263)
(159.168,-307.776,-79.3584)
(193.118,249.161,6.911)
(193.696,318.748,21.7364)
(192.642,248.479,8.27174)
(177.938,221.769,-8.32933)
(-316.41,-15.3179,123.708)
(-404.596,-147.823,197.639)
(-316.105,-16.5178,122.667)
(-257.624,-52.7174,85.9122)
(-100.914,307.862,-20.2349)
(-120.699,330.701,-34.8061)
(320.662,-41.2986,59.2577)
(318.345,-59.5015,-4.90038)
(332.146,-10.8828,65.3421)
(408.059,-136.806,14.3191)
(128.608,288.881,64.5531)
(153.036,252.777,58.0978)
(-265.698,-186.534,-41.0918)
(-251.376,-209.565,37.3402)
(-168.966,277.721,-38.4892)
(-199.931,312.678,-86.6538)
(-169.335,284.855,-34.858)
(-153.182,218.531,-95.3963)
(-168.658,286.677,-41.5861)
(-276.311,281.887,-67.2066)
(-43.0972,-315.601,44.5024)
(46.9362,-221.276,64.7206)
(-157.507,275.439,-63.1138)
(-31.4754,281.067,-6.24703)
(-158.866,275.127,-53.413)
(-180.191,207.853,13.4567)
(174.016,-268.781,60.5728)
(174.251,-190.278,149.635)
(176.472,-267.595,49.4695)
(223.655,-370.223,107.624)
(-251.622,-188.352,-113.399)
(-237.618,-175.94,-154.787)
(-57.5765,-308.539,91.1783)
(-8.82271,-408.958,129.325)
(-101.958,310.811,-92.048)
(-50.5273,318.86,49.8609)
(-99.8149,310.916,-92.979)
(-130.767,372.205,-210.842)
(22.8092,-325.128,5.55476)
(-45.8724,-333.578,46.32)
(24.7964,-326.941,2.68844)
(-38.5905,-373.952,-18.6006)
(76.2761,312.423,-6.39777)
(130.826,284.975,88.5375)
(66.7287,312.118,-16.343)
(72.4776,258.717,-129.171)
(300.99,144.118,110.993)
(92.6703,135.563,140.664)
(121.968,-293.981,-88.661)
(120.673,-312.942,-176.405)
(-308.593,-51.9598,30.8752)
(-311.986,-35.0642,12.2879)
(-327.588,-57.8539,42.4968)
(-393.212,-90.1595,34.8233)
(-331.638,-57.1644,44.8639)
(-357.972,-6.6742,103.225)
(-90.8384,-304.576,110.112)
(-54.4243,-312.769,177.333)
(-95.4019,-312.927,103.714)
(-96.1017,-322.085,20.3991)
(-89.5153,-313.836,84.2957)
(-155.536,-331.535,27.9596)
(94.1469,316.781,-114.053)
(96.0948,367.059,-82.6728)
(92.7985,318.317,-115.307)
(13.8021,247.554,-46.5963)
(-174.609,-269.434,97.3432)
(-176.224,-205.202,146.701)
(274.416,-167.359,-51.8145)
(252.599,-116.6,17.4614)
(-324.974,31.8817,-69.6973)
(-324.966,119.929,-126.253)
(-325.303,-16.5078,31.1959)
(-356.542,54.2767,64.2955)
(-327.26,-16.7849,32.1116)
(-397.581,-24.3875,-44.2894)
(-327.811,-14.3968,32.2505)
(-294.957,65.9574,79.658)
(-65.1034,-317.525,-3.33854)
(-22.9279,-288.991,-87.381)
(-65.4581,-316.959,-0.923487)
(-116.541,-291.361,42.3277)
(9.88349,-314.547,40.9199)
(118.822,-428.066,104.344)
(-150.298,-279.314,-110.455)
(-142.21,-341.037,-34.8334)
(-154.267,-275.567,-105.82)
(-54.7172,-400.208,-112.758)
(-128.578,288.64,117.383)
(-94.0372,309.115,225.919)
(-138.539,292.679,117.444)
(-94.7699,371.439,82.9277)
(-143.491,297.204,118.529)
(-212.09,353.239,120.064)
(-255.664,200.69,-102.531)
(-363.228,121.563,-58.8049)
(-255.545,193.234,-96.8464)
(-166.961,180.306,-198.682)
(305.959,83.4205,-32.7992)
(414.262,161.95,11.3724)
(-269.827,-161.623,64.6164)
(-262.468,-182.789,66.6481)
(-272.422,-161.734,65.8483)
(-251.449,-263.117,122.541)
(-274.671,-160.999,115.868)
(-187.653,-208.846,3.56944)
(270.188,164.934,-12.2646)
(269.858,183.985,39.7194)
(-234.448,-215.813,10.5121)
(-306.48,-164.551,147.005)
(318.53,0.281575,-44.2726)
(346.296,15.277,-77.7091)
(-326.319,-1.3031,88.4192)
(-427.712,-53.7864,53.2236)
(307.557,66.9299,70.7517)
(308.515,95.1576,105.267)
(206.298,-234.683,11.5802)
(158.494,-211.21,20.8216)
(209.558,-253.6,1.1841)
(258.174,-430.949,36.8401)
(-258.51,191.257,-8.18908)
(-169.06,222.795,107.066)
(-248.433,188.89,-4.0364)
(-282.748,151.092,116.566)
(-250.864,205.715,-11.8432)
(-296.817,175.604,72.5717)
(110.71,-301.939,3.55742)
(100.08,-280.683,20.4061)
(114.119,-310.253,48.9318)
(276.761,-361.545,112.888)
(45.5417,313.015,-49.1079)
(0.134877,337.791,-61.1731)
(117.065,308.457,-52.3472)
(268.981,293.123,-100.793)
(-93.8806,-299.51,49.1717)
(-52.3958,-331.351,39.6872)
(-315.068,-39.522,-8.5141)
(-376.033,-78.3532,22.1094)
(-324.029,-28.0547,-7.89268)
(-342.992,31.1059,60.1397)
(263.235,187.795,-14.9558)
(326.386,286.339,27.6734)
(312.671,-62.7966,-43.1345)
(318.374,-21.7989,-105.494)
(-319.695,46.5521,32.0586)
(-208.709,103.582,10.0204)
(-318.339,45.7271,30.9687)
(-278.076,35.9877,-78.9035)
(-44.1946,314.111,-7.22392)
(-103.73,286.107,-6.60107)
(-45.9201,312.972,-8.96915)
(-34.4167,281.03,46.5479)
(-316.426,-19.2703,48.4512)
(-338.653,47.663,117.366)
(147.463,-283.099,-64.4586)
(64.114,-309.987,55.7777)
(-278.629,144.509,-106.981)
(-330.469,135.824,-110.696)
(-279.369,148.451,-107.178)
(-372.049,162.713,-142.982)
(-315.997,87.9726,94.8167)
(-290.926,59.9973,-49.9258)
(-318.44,91.3569,98.402)
(-211.325,9.42507,148.431)
(318.51,-42.618,-49.0137)
(324.8,46.8795,-114.527)
(323.031,-44.9279,-50.018)
(351.836,-50.9663,-43.4334)
(-271.262,-177.1,93.4783)
(-223.722,-213.453,258.94)
(225.706,220.71,-113.738)
(107.777,280.564,-207.946)
(186.203,-256.429,-17.0695)
(263.354,-137.094,9.99616)
(193.299,-262.417,-8.85744)
(266.403,-225.239,-6.26636)
(-179.298,275.791,20.3789)
(-145.154,214.411,94.0338)
(329.166,-58.8949,-115.863)
(357.92,-87.7826,-48.8127)
(-309.961,58.8583,113.82)
(-309.225,103.321,109.876)
(-304.671,-66.4624,100.632)
(-146.401,-57.3643,149.869)
(-310.919,-68.2214,98.4647)
(-334.415,-19.6992,-11.2252)
(-276.034,-163.393,-120.225)
(-328.691,-191.188,-185.182)
(-241.091,-214.644,61.9158)
(-266.708,-157.546,-5.95483)
(269.061,161.631,-44.0562)
(190.056,208.046,-40.9398)
(-246.158,-193.167,45.5992)
(-221.427,-216.408,85.8914)
(-311.277,-47.4378,81.8875)
(-385.388,-141.97,148.107)
(-269.631,-164.348,-41.2624)
(-239.681,-139.277,-61.7754)
(249.488,203.756,-82.4993)
(300.807,197.955,-51.2888)
(239.474,213.031,-88.7393)
(238.239,266.745,-112.206)
(-151.484,-278.198,107.826)
(-101.43,-148.565,160.834)
(-151.371,-275.206,107.521)
(-144.809,-215.696,180.013)
(-244.653,205.342,-116.294)
(-109.445,235.179,-158.545)
(305.609,-72.6815,-112.946)
(222.123,-63.558,-67.8554)
(305.056,-73.9306,-109.719)
(268.932,-33.9215,-54.8195)
(-294.646,152.869,-57.2873)
(-483.116,213.778,-61.8887)
(310.145,-75.9542,30.1413)
(288.743,-15.8022,-68.6459)
(313.851,-94.9579,86.5985)
(298.973,-107.767,115.684)
(-298.493,96.2542,-90.6746)
(-250.022,-6.037,52.3913)
(-301.347,112.927,-72.8646)
(-325.449,69.7882,56.354)
(332.355,-49.2756,72.3862)
(340.65,-62.5775,119.907)
(-202.811,237.735,105.278)
(-96.5497,240.365,173.603)
(-163.847,275.163,64.4428)
(-199.291,256.898,27.9216)
(75.2563,-304.39,-73.2354)
(118.795,-323.669,-81.6766)
(109.939,-300.115,14.4086)
(185.201,-277.674,4.20723)
(299.329,-114.999,-86.7956)
(384.201,-127.203,-180.048)
(-63.9973,-312.739,-54.4557)
(53.1073,-421.555,-5.76147)
(-150.451,-287.187,-28.3706)
(-156.204,-306.079,-163.402)
(58.7499,314.186,29.9676)
(52.1837,323.971,-57.2628)
(-324.913,-62.2406,115.762)
(-372.654,-27.823,175.662)
(-203.499,253.139,14.8491)
(-181.01,259.063,83.8975)
(-206.632,251.32,17.2255)
(-123.46,266.675,-0.816687)
(-236.163,-205.156,122.448)
(-357.992,-183.601,224.322)
(249.564,199.473,-120.725)
(254.077,185.844,-151.497)
(160.262,-272.882,120.852)
(141.767,-306.217,111.921)
(-190.47,-259.579,-11.1476)
(-228.087,-297.404,-40.2243)
(-192.728,-262.917,-23.1606)
(-92.268,-249.169,-33.015)
(-163.438,272.249,113.384)
(-158,252.355,102.958)
(-163.661,270.578,114.661)
(-123.82,219.484,171.685)
(-114.887,-295.631,-122.788)
(-117.036,-260.676,-102.482)
(257.446,177.285,-38.7887)
(267.451,242.212,-30.8508)
(-302.416,85.8052,2.37266)
(-222.132,39.6826,-4.31645)
(-293.612,141.986,102.904)
(-308.862,99.4527,185.634)
(271.401,-161.798,84.2632)
(333.42,-131.775,94.3573)
(313.599,-57.1794,39.3431)
(394.818,-6.52705,50.8812)
(-316.254,119.163,-87.7447)
(-261.612,87.4289,-117.128)
(-69.99,311.131,-95.0603)
(-93.0258,307.878,-159.107)
(205.013,-258.409,78.6236)
(188.886,-225.403,37.9263)
(-187.732,-252.86,-26.7647)
(-133.55,-247.589,21.7163)
(-184.634,-262.827,-21.3736)
(-222.024,-261.813,-62.6047)
(-12.9032,314.246,34.2958)
(-70.3629,325.481,106.264)
(-328.899,-3.03911,0.744815)
(-192.419,-65.5044,39.1134)
(-203.36,-257.168,-64.4306)
(-257.823,-320.797,-62.5708)
(287.799,143.594,41.1451)
(311.005,107.877,31.0095)
(160.467,289.596,-65.3179)
(129.959,291.122,-39.6058)
(-143.028,-294.924,70.6968)
(-150.546,-283.454,49.6015)
(-65.6073,326.967,4.47357)
(-83.9602,400.592,-39.6009)
(150.523,-284.581,-1.84884)
(91.5492,-304.103,-4.71957)
(305.1,-124.93,-123.272)
(335.845,-121.858,-93.0711)
(-316.568,49.1146,45.4578)
(-337.507,68.3515,135.711)
(253.98,198.934,116.745)
(235.171,258.426,91.7948)
(200.502,-239.213,71.2973)
(186.643,-242.205,90.5962)
(-317.726,-23.3559,-92.7741)
(-296.162,37.3793,-54.8157)
(322.175,21.3179,88.6869)
(288.526,114.508,102.54)
(154.907,-279.084,-59.7908)
(187.937,-201.289,-33.0574)
(-129.496,-300.725,-124.988)
(-81.5326,-259.124,-102.987)
(49.5473,319.652,-72.9753)
(117.147,351.964,-32.995)
(207.92,-240.093,57.8151)
(139.861,-147.635,-70.3331)
(212.114,-236.75,53.6868)
(286.112,-130.623,51.156)
(-91.7817,-305.075,107.934)
(12.1999,-242.756,172.272)
(-90.1763,-315.041,111.133)
(-113.086,-251.671,122.242)
(-6.63565,314.227,-111.458)
(-51.0127,461.187,-117.018)
(284.094,-134.008,3.46426)
(260.238,-100.566,74.9804)
(284.572,-131.94,4.20537)
(260.543,-131.904,1.87536)
(43.5676,-313.083,48.7645)
(77.2357,-351.562,91.6961)
(-24.1111,313.037,-49.6969)
(20.7327,392.483,13.9742)
(-285.182,-170.866,-22.6527)
(-181.81,-199.138,26.9503)
(-319.062,-7.40379,-104.583)
(-299.443,19.3732,-126.724)
(151.413,276.522,95.3572)
(123.758,163.982,106.877)
(143.017,284.109,109.982)
(147.347,326.903,40.1103)
(60.5927,-330.403,-111.558)
(81.1307,-279.664,-155.485)
(212.086,250.773,97.7211)
(220.027,202.539,16.3701)
0 events have been kept for refreshing and/or reviewing.
  "/vis/reviewKeptEvents" to review them one by one.
  "/vis/enable", then "/vis/viewer/flush" or "/vis/viewer/rebuild" to see them accumulated.
[Core-0] End of macro ./split/.Gate/main132/main7.mac
Graphics systems deleted.
Visualization Manager deleting...
