[G4] 
[G4] **************************************************************
[G4]  Geant4 version Name: geant4-10-07-patch-02    (11-June-2021)
[G4]                        Copyright : Geant4 Collaboration
[G4]                       References : NIM A 506 (2003), 250-303
[G4]                                  : IEEE-TNS 53 (2006), 270-278
[G4]                                  : NIM A 835 (2016), 186-225
[G4]                              WWW : http://geant4.org/
[G4] **************************************************************
[G4] 
[Core-0] Initialization of geometry
[Core-0] Initialization of physics
[Core-0] Initialization of actors
[Core-0] 
[Core-0] *************************************************
[Core-0]  GATE version 9.1 (2021)
[Core-0]  Copyright : OpenGATE Collaboration
[Core-0]  Reference : Phys. Med. Biol. 49 (2004) 4543-4561
[Core-0]  Reference : Phys. Med. Biol. 56 (2011) 881-901
[Core-0]  Reference : Med. Phys. 41(6)    (2014)
[Core-0]  http://www.opengatecollaboration.org        
[Core-0] *************************************************
[Core-0] 
[Core-0] You are using Geant4 version 10.7.2
[Core-0] Starting macro ./split/.Gate/main132/main1.mac
0: RINDEX
1.84e-06   1.00028
4.08e-06   1.00028
9: GROUPVEL
1.84e-06   299.709
4.08e-06   299.709
16: ABSLENGTH
1.84e-06   50000
4.08e-06   50000
 <!> *** WARNING *** <!>  GateMaterialDatabase: Multiple definition of element: Yttrium.
The definition in ClMind_GateMaterials.db was used.


GATE object:        'systems/cylindricalPET'
Components:

GATE object:        'systems/cylindricalPET/base'
Attached to volume: cylindricalPET
Nb of children:       1

	GATE object:        'systems/cylindricalPET/rsector'
	Attached to volume: module
	Nb of children:       1

		GATE object:        'systems/cylindricalPET/module'
		Attached to volume: unit
		Nb of children:       1

			GATE object:        'systems/cylindricalPET/submodule'
			Attached to volume: block
			Nb of children:       1

				GATE object:        'systems/cylindricalPET/crystal'
				Attached to volume: optical
				Nb of children:       4

					GATE object:        'systems/cylindricalPET/layer0'
					Attached to volume: crystal
					Nb of children:       0

					GATE object:        'systems/cylindricalPET/layer1'
					Attached to volume: ---
					Nb of children:       0

					GATE object:        'systems/cylindricalPET/layer2'
					Attached to volume: ---
					Nb of children:       0

					GATE object:        'systems/cylindricalPET/layer3'
					Attached to volume: ---
					Nb of children:       0
geometrical design type: 1
ring diameter: -3.95 mm 
rsector axial pitch: 0 fm 
rsector azimuthal pitch: 12.8571 degree
rsector tangential size: 2.5 cm 
rsector axial size: 25.04 cm 
module axial size: 4.784 cm 
module tangential size: 2.5 cm 
module axial pitch: 0 fm 
module tangential pitch: 0 fm 
submodule axial size: 4.784 cm 
submodule tangential size: 2.5 cm 
submodule axial pitch: 0 fm 
submodule tangential pitch: 0 fm 
crystal radial size: 1.59 cm 
crystal axial size: 1.59 cm 
crystal tangential size: 2.5 cm 
crystal axial pitch: 0 fm 
crystal tangential pitch: 0 fm 
layer0 radial size: 3.95 mm 
in layer0 interaction length: 1.975 mm 
Axial nb of rsectors: 1
Azimuthal nb of rsectors: 28
Axial nb of modules: 1
Tangential nb of modules: 1
Axial nb of submodules: 1
Tangential nb of submodules: 1
Axial nb of crystals: 1
Tangential nb of crystals: 1
Radial nb of layers: 1
[Physic-0] The following Geant4's physic-list is enabled :emstandard_opt3


List of Enabled processes:




List of initialized processes:


[Core-0] Initialization of geometry
[Core-0] Initialization of physics
[Core-0] Initialization of actors
 <!> *** WARNING *** <!>  The 'energytype' option is DEPRECATED, use 'ene/type' instead!
 <!> *** WARNING *** <!>  The 'energytype' option is DEPRECATED, use 'ene/type' instead!
 <!> *** WARNING *** <!>  The 'energytype' option is DEPRECATED, use 'ene/type' instead!
 <!> *** WARNING *** <!>  The 'energytype' option is DEPRECATED, use 'ene/type' instead!
 <!> *** WARNING *** <!>  The 'energytype' option is DEPRECATED, use 'ene/type' instead!
 <!> *** WARNING *** <!>  The 'energytype' option is DEPRECATED, use 'ene/type' instead!
 <!> *** WARNING *** <!>  The 'energytype' option is DEPRECATED, use 'ene/type' instead!
 <!> *** WARNING *** <!>  The 'energytype' option is DEPRECATED, use 'ene/type' instead!
 <!> *** WARNING *** <!>  The 'energytype' option is DEPRECATED, use 'ene/type' instead!
[Acquisition-0]   
[Acquisition-0] ============= Source initialization =============
[Acquisition-0]   
[Acquisition-0] ============= Acquisition starts! =============
[Acquisition-0] Simulation start time = 0 sec
[Acquisition-0] Simulation end time   = 1 sec
[Acquisition-0] Simulation will have  = 1 run(s)
[Acquisition-0] Slice 0 from 0 to 1 s [slice=1 s]

### ===  Deexcitation model UAtomDeexcitation is activated for 25 regions:
          DefaultRegionForTheWorld  1  1  1
          cylindricalPET  1  1  1
          module  1  1  1
          unit  1  1  1
          block  1  1  1
          optical  1  1  1
          crystal  1  1  1
          capillaire1  1  1  1
          capillaire1_water  1  1  1
          capillaire2  1  1  1
          capillaire2_water  1  1  1
          capillaire3  1  1  1
          capillaire3_water  1  1  1
          capillaire4  1  1  1
          capillaire4_water  1  1  1
          capillaire5  1  1  1
          capillaire5_water  1  1  1
          capillaire_m1  1  1  1
          capillaire_m1_water  1  1  1
          capillaire_m2  1  1  1
          capillaire_m2_water  1  1  1
          capillaire_m3  1  1  1
          capillaire_m3_water  1  1  1
          capillaire_m4  1  1  1
          capillaire_m4_water  1  1  1
### ===  Ignore cuts flag:   0

phot:  for gamma applyCuts:1  SubType=12 BuildTable=0
      LambdaPrime table from 200 keV to 100 TeV in 174 bins 
      ===== EM models for the G4Region  DefaultRegionForTheWorld ======
 LivermorePhElectric : Emin=    0 eV  Emax=  100 TeV  SauterGavrila Fluo

compt:  for gamma applyCuts:1  SubType=13 BuildTable=1
      Lambda table from 10 eV  to 1 MeV, 20 bins/decade, spline: 1
      LambdaPrime table from 1 MeV to 100 TeV in 160 bins 
      ===== EM models for the G4Region  DefaultRegionForTheWorld ======
        KleinNishina : Emin=    0 eV  Emax=  100 TeV Fluo

conv:  for gamma applyCuts:1  SubType=14 BuildTable=1
      Lambda table from 1.022 MeV to 100 TeV, 20 bins/decade, spline: 1
      ===== EM models for the G4Region  DefaultRegionForTheWorld ======
     BetheHeitlerLPM : Emin=    0 eV  Emax=  100 TeV  ModifiedTsai

Rayl:  for gamma applyCuts:1  SubType=11 BuildTable=1
      Lambda table from 10 eV  to 100 keV, 20 bins/decade, spline: 0
      LambdaPrime table from 100 keV to 100 TeV in 180 bins 
      ===== EM models for the G4Region  DefaultRegionForTheWorld ======
   LivermoreRayleigh : Emin=    0 eV  Emax=  100 TeV  CullenGenerator

msc:  for e-  SubType= 10
      ===== EM models for the G4Region  DefaultRegionForTheWorld ======
            UrbanMsc : Emin=    0 eV  Emax=  100 TeV Nbins=240 100 eV  - 100 TeV
              StepLim=DistanceToBoundary Rfact=0.04 Gfact=2.5 Sfact=0.6 DispFlag:1 Skin=1 Llimit=1

eIoni:  for e-  SubType=2
      dE/dx and range tables from 10 eV  to 100 TeV in 260 bins
      Lambda tables from threshold to 100 TeV, 20 bins/decade, spline: 1
      StepFunction=(0.2, 0.1 mm), integ: 1, fluct: 1, linLossLim= 0.01
      ===== EM models for the G4Region  DefaultRegionForTheWorld ======
        MollerBhabha : Emin=    0 eV  Emax=  100 TeV  deltaVI

eBrem:  for e-  SubType=3
      dE/dx and range tables from 10 eV  to 100 TeV in 260 bins
      Lambda tables from threshold to 100 TeV, 20 bins/decade, spline: 1
      LPM flag: 1 for E > 1 GeV,  VertexHighEnergyTh(GeV)= 100000
      ===== EM models for the G4Region  DefaultRegionForTheWorld ======
             eBremSB : Emin=    0 eV  Emax=    1 GeV  AngularGen2BS
            eBremLPM : Emin=    1 GeV Emax=  100 TeV  AngularGen2BS

ePairProd:  for e-  SubType=4
      dE/dx and range tables from 10 eV  to 100 TeV in 260 bins
      Lambda tables from threshold to 100 TeV, 20 bins/decade, spline: 1
      Sampling table 25x1001; from 0.1 GeV to 100 TeV 
      ===== EM models for the G4Region  DefaultRegionForTheWorld ======
           ePairProd : Emin=    0 eV  Emax=  100 TeV  ModifiedMephi

msc:  for e+  SubType= 10
      ===== EM models for the G4Region  DefaultRegionForTheWorld ======
            UrbanMsc : Emin=    0 eV  Emax=  100 TeV Nbins=240 100 eV  - 100 TeV
              StepLim=DistanceToBoundary Rfact=0.04 Gfact=2.5 Sfact=0.6 DispFlag:1 Skin=1 Llimit=1

eIoni:  for e+  SubType=2
      dE/dx and range tables from 10 eV  to 100 TeV in 260 bins
      Lambda tables from threshold to 100 TeV, 20 bins/decade, spline: 1
      StepFunction=(0.2, 0.1 mm), integ: 1, fluct: 1, linLossLim= 0.01
      ===== EM models for the G4Region  DefaultRegionForTheWorld ======
        MollerBhabha : Emin=    0 eV  Emax=  100 TeV  deltaVI

eBrem:  for e+  SubType=3
      dE/dx and range tables from 10 eV  to 100 TeV in 260 bins
      Lambda tables from threshold to 100 TeV, 20 bins/decade, spline: 1
      LPM flag: 1 for E > 1 GeV,  VertexHighEnergyTh(GeV)= 100000
      ===== EM models for the G4Region  DefaultRegionForTheWorld ======
             eBremSB : Emin=    0 eV  Emax=    1 GeV  AngularGen2BS
            eBremLPM : Emin=    1 GeV Emax=  100 TeV  AngularGen2BS

ePairProd:  for e+  SubType=4
      dE/dx and range tables from 10 eV  to 100 TeV in 260 bins
      Lambda tables from threshold to 100 TeV, 20 bins/decade, spline: 1
      Sampling table 25x1001; from 0.1 GeV to 100 TeV 
      ===== EM models for the G4Region  DefaultRegionForTheWorld ======
           ePairProd : Emin=    0 eV  Emax=  100 TeV  ModifiedMephi

annihil:  for e+, integral:1  applyCuts:1  SubType=5 BuildTable=0
      ===== EM models for the G4Region  DefaultRegionForTheWorld ======
            eplus2gg : Emin=    0 eV  Emax=  100 TeV

msc:  for proton  SubType= 10
      ===== EM models for the G4Region  DefaultRegionForTheWorld ======
            UrbanMsc : Emin=    0 eV  Emax=  100 TeV Nbins=240 100 eV  - 100 TeV
              StepLim=Minimal Rfact=0.2 Gfact=2.5 Sfact=0.6 DispFlag:1 Skin=1 Llimit=1

hIoni:  for proton  SubType=2
      dE/dx and range tables from 10 eV  to 100 TeV in 260 bins
      Lambda tables from threshold to 100 TeV, 20 bins/decade, spline: 1
      StepFunction=(0.2, 0.05 mm), integ: 1, fluct: 1, linLossLim= 0.01
      ===== EM models for the G4Region  DefaultRegionForTheWorld ======
               Bragg : Emin=    0 eV  Emax=    2 MeV  deltaVI
          BetheBloch : Emin=    2 MeV Emax=  100 TeV  deltaVI

hBrems:  for proton  SubType=3
      dE/dx and range tables from 10 eV  to 100 TeV in 260 bins
      Lambda tables from threshold to 100 TeV, 20 bins/decade, spline: 1
      ===== EM models for the G4Region  DefaultRegionForTheWorld ======
               hBrem : Emin=    0 eV  Emax=  100 TeV  ModifiedMephi
      ===== Limit on energy threshold has been applied 

hPairProd:  for proton  SubType=4
      dE/dx and range tables from 10 eV  to 100 TeV in 260 bins
      Lambda tables from threshold to 100 TeV, 20 bins/decade, spline: 1
      Sampling table 17x1001; from 7.50618 GeV to 100 TeV 
      ===== EM models for the G4Region  DefaultRegionForTheWorld ======
           hPairProd : Emin=    0 eV  Emax=  100 TeV  ModifiedMephi

nuclearStopping:  for proton applyCuts:1  SubType=8 BuildTable=0
      ===== EM models for the G4Region  DefaultRegionForTheWorld ======
   ICRU49NucStopping : Emin=    0 eV  Emax=    1 MeV

msc:  for GenericIon  SubType= 10
      ===== EM models for the G4Region  DefaultRegionForTheWorld ======
            UrbanMsc : Emin=    0 eV  Emax=  100 TeV
              StepLim=Minimal Rfact=0.2 Gfact=2.5 Sfact=0.6 DispFlag:1 Skin=1 Llimit=1

ionIoni:  for GenericIon  SubType=2
      dE/dx and range tables from 10 eV  to 100 TeV in 260 bins
      Lambda tables from threshold to 100 TeV, 20 bins/decade, spline: 1
      StepFunction=(0.1, 0.02 mm), integ: 1, fluct: 1, linLossLim= 0.02
      ===== EM models for the G4Region  DefaultRegionForTheWorld ======
         ParamICRU73 : Emin=    0 eV  Emax=  100 TeV  deltaVI

nuclearStopping:  for GenericIon applyCuts:1  SubType=8 BuildTable=0
      ===== EM models for the G4Region  DefaultRegionForTheWorld ======
   ICRU49NucStopping : Emin=    0 eV  Emax=    1 MeV

msc:  for alpha  SubType= 10
      ===== EM models for the G4Region  DefaultRegionForTheWorld ======
            UrbanMsc : Emin=    0 eV  Emax=  100 TeV Nbins=240 100 eV  - 100 TeV
              StepLim=Minimal Rfact=0.2 Gfact=2.5 Sfact=0.6 DispFlag:1 Skin=1 Llimit=1

ionIoni:  for alpha  SubType=2
      dE/dx and range tables from 10 eV  to 100 TeV in 260 bins
      Lambda tables from threshold to 100 TeV, 20 bins/decade, spline: 1
      StepFunction=(0.1, 0.02 mm), integ: 1, fluct: 1, linLossLim= 0.02
      ===== EM models for the G4Region  DefaultRegionForTheWorld ======
            BraggIon : Emin=    0 eV  Emax=7.9452 MeV  deltaVI
          BetheBloch : Emin=7.9452 MeV Emax=  100 TeV  deltaVI

nuclearStopping:  for alpha applyCuts:1  SubType=8 BuildTable=0
      ===== EM models for the G4Region  DefaultRegionForTheWorld ======
   ICRU49NucStopping : Emin=    0 eV  Emax=    1 MeV

msc:  for anti_proton  SubType= 10
      ===== EM models for the G4Region  DefaultRegionForTheWorld ======
            UrbanMsc : Emin=    0 eV  Emax=  100 TeV Nbins=240 100 eV  - 100 TeV
              StepLim=Minimal Rfact=0.2 Gfact=2.5 Sfact=0.6 DispFlag:1 Skin=1 Llimit=1

hIoni:  for anti_proton  SubType=2
      dE/dx and range tables from 10 eV  to 100 TeV in 260 bins
      Lambda tables from threshold to 100 TeV, 20 bins/decade, spline: 1
      StepFunction=(0.2, 0.05 mm), integ: 1, fluct: 1, linLossLim= 0.01
      ===== EM models for the G4Region  DefaultRegionForTheWorld ======
            ICRU73QO : Emin=    0 eV  Emax=    2 MeV  deltaVI
          BetheBloch : Emin=    2 MeV Emax=  100 TeV  deltaVI

hBrems:  for anti_proton  SubType=3
      dE/dx and range tables from 10 eV  to 100 TeV in 260 bins
      Lambda tables from threshold to 100 TeV, 20 bins/decade, spline: 1
      ===== EM models for the G4Region  DefaultRegionForTheWorld ======
               hBrem : Emin=    0 eV  Emax=  100 TeV  ModifiedMephi
      ===== Limit on energy threshold has been applied 

hPairProd:  for anti_proton  SubType=4
      dE/dx and range tables from 10 eV  to 100 TeV in 260 bins
      Lambda tables from threshold to 100 TeV, 20 bins/decade, spline: 1
      Sampling table 17x1001; from 7.50618 GeV to 100 TeV 
      ===== EM models for the G4Region  DefaultRegionForTheWorld ======
           hPairProd : Emin=    0 eV  Emax=  100 TeV  ModifiedMephi

msc:  for kaon+  SubType= 10
      ===== EM models for the G4Region  DefaultRegionForTheWorld ======
            UrbanMsc : Emin=    0 eV  Emax=  100 TeV Nbins=240 100 eV  - 100 TeV
              StepLim=Minimal Rfact=0.2 Gfact=2.5 Sfact=0.6 DispFlag:1 Skin=1 Llimit=1

hIoni:  for kaon+  SubType=2
      dE/dx and range tables from 10 eV  to 100 TeV in 260 bins
      Lambda tables from threshold to 100 TeV, 20 bins/decade, spline: 1
      StepFunction=(0.2, 0.05 mm), integ: 1, fluct: 1, linLossLim= 0.01
      ===== EM models for the G4Region  DefaultRegionForTheWorld ======
               Bragg : Emin=    0 eV  Emax=1.05231 MeV  deltaVI
          BetheBloch : Emin=1.05231 MeV Emax=  100 TeV  deltaVI

hBrems:  for kaon+  SubType=3
      dE/dx and range tables from 10 eV  to 100 TeV in 260 bins
      Lambda tables from threshold to 100 TeV, 20 bins/decade, spline: 1
      ===== EM models for the G4Region  DefaultRegionForTheWorld ======
               hBrem : Emin=    0 eV  Emax=  100 TeV  ModifiedMephi
      ===== Limit on energy threshold has been applied 

hPairProd:  for kaon+  SubType=4
      dE/dx and range tables from 10 eV  to 100 TeV in 260 bins
      Lambda tables from threshold to 100 TeV, 20 bins/decade, spline: 1
      Sampling table 18x1001; from 3.94942 GeV to 100 TeV 
      ===== EM models for the G4Region  DefaultRegionForTheWorld ======
           hPairProd : Emin=    0 eV  Emax=  100 TeV  ModifiedMephi

msc:  for kaon-  SubType= 10
      ===== EM models for the G4Region  DefaultRegionForTheWorld ======
            UrbanMsc : Emin=    0 eV  Emax=  100 TeV Nbins=240 100 eV  - 100 TeV
              StepLim=Minimal Rfact=0.2 Gfact=2.5 Sfact=0.6 DispFlag:1 Skin=1 Llimit=1

hIoni:  for kaon-  SubType=2
      dE/dx and range tables from 10 eV  to 100 TeV in 260 bins
      Lambda tables from threshold to 100 TeV, 20 bins/decade, spline: 1
      StepFunction=(0.2, 0.05 mm), integ: 1, fluct: 1, linLossLim= 0.01
      ===== EM models for the G4Region  DefaultRegionForTheWorld ======
            ICRU73QO : Emin=    0 eV  Emax=1.05231 MeV  deltaVI
          BetheBloch : Emin=1.05231 MeV Emax=  100 TeV  deltaVI

hBrems:  for kaon-  SubType=3
      dE/dx and range tables from 10 eV  to 100 TeV in 260 bins
      Lambda tables from threshold to 100 TeV, 20 bins/decade, spline: 1
      ===== EM models for the G4Region  DefaultRegionForTheWorld ======
               hBrem : Emin=    0 eV  Emax=  100 TeV  ModifiedMephi
      ===== Limit on energy threshold has been applied 

hPairProd:  for kaon-  SubType=4
      dE/dx and range tables from 10 eV  to 100 TeV in 260 bins
      Lambda tables from threshold to 100 TeV, 20 bins/decade, spline: 1
      Sampling table 18x1001; from 3.94942 GeV to 100 TeV 
      ===== EM models for the G4Region  DefaultRegionForTheWorld ======
           hPairProd : Emin=    0 eV  Emax=  100 TeV  ModifiedMephi

msc:  for mu+  SubType= 10
      ===== EM models for the G4Region  DefaultRegionForTheWorld ======
            UrbanMsc : Emin=    0 eV  Emax=  100 TeV Nbins=240 100 eV  - 100 TeV
              StepLim=Minimal Rfact=0.2 Gfact=2.5 Sfact=0.6 DispFlag:1 Skin=1 Llimit=1

muIoni:  for mu+  SubType=2
      dE/dx and range tables from 10 eV  to 100 TeV in 260 bins
      Lambda tables from threshold to 100 TeV, 20 bins/decade, spline: 1
      StepFunction=(0.2, 0.05 mm), integ: 1, fluct: 1, linLossLim= 0.01
      ===== EM models for the G4Region  DefaultRegionForTheWorld ======
               Bragg : Emin=    0 eV  Emax=  200 keV  deltaVI
          BetheBloch : Emin=  200 keV Emax=    1 GeV  deltaVI
        MuBetheBloch : Emin=    1 GeV Emax=  100 TeV

muBrems:  for mu+  SubType=3
      dE/dx and range tables from 10 eV  to 100 TeV in 260 bins
      Lambda tables from threshold to 100 TeV, 20 bins/decade, spline: 1
      ===== EM models for the G4Region  DefaultRegionForTheWorld ======
              MuBrem : Emin=    0 eV  Emax=  100 TeV  ModifiedMephi
      ===== Limit on energy threshold has been applied 

muPairProd:  for mu+  SubType=4
      dE/dx and range tables from 10 eV  to 100 TeV in 260 bins
      Lambda tables from threshold to 100 TeV, 20 bins/decade, spline: 1
      Sampling table 21x1001; from 1 GeV to 100 TeV 
      ===== EM models for the G4Region  DefaultRegionForTheWorld ======
          muPairProd : Emin=    0 eV  Emax=  100 TeV  ModifiedMephi

msc:  for mu-  SubType= 10
      ===== EM models for the G4Region  DefaultRegionForTheWorld ======
            UrbanMsc : Emin=    0 eV  Emax=  100 TeV Nbins=240 100 eV  - 100 TeV
              StepLim=Minimal Rfact=0.2 Gfact=2.5 Sfact=0.6 DispFlag:1 Skin=1 Llimit=1

muIoni:  for mu-  SubType=2
      dE/dx and range tables from 10 eV  to 100 TeV in 260 bins
      Lambda tables from threshold to 100 TeV, 20 bins/decade, spline: 1
      StepFunction=(0.2, 0.05 mm), integ: 1, fluct: 1, linLossLim= 0.01
      ===== EM models for the G4Region  DefaultRegionForTheWorld ======
            ICRU73QO : Emin=    0 eV  Emax=  200 keV  deltaVI
          BetheBloch : Emin=  200 keV Emax=    1 GeV  deltaVI
        MuBetheBloch : Emin=    1 GeV Emax=  100 TeV

muBrems:  for mu-  SubType=3
      dE/dx and range tables from 10 eV  to 100 TeV in 260 bins
      Lambda tables from threshold to 100 TeV, 20 bins/decade, spline: 1
      ===== EM models for the G4Region  DefaultRegionForTheWorld ======
              MuBrem : Emin=    0 eV  Emax=  100 TeV  ModifiedMephi
      ===== Limit on energy threshold has been applied 

muPairProd:  for mu-  SubType=4
      dE/dx and range tables from 10 eV  to 100 TeV in 260 bins
      Lambda tables from threshold to 100 TeV, 20 bins/decade, spline: 1
      Sampling table 21x1001; from 1 GeV to 100 TeV 
      ===== EM models for the G4Region  DefaultRegionForTheWorld ======
          muPairProd : Emin=    0 eV  Emax=  100 TeV  ModifiedMephi

msc:  for pi+  SubType= 10
      ===== EM models for the G4Region  DefaultRegionForTheWorld ======
            UrbanMsc : Emin=    0 eV  Emax=  100 TeV Nbins=240 100 eV  - 100 TeV
              StepLim=Minimal Rfact=0.2 Gfact=2.5 Sfact=0.6 DispFlag:1 Skin=1 Llimit=1

hIoni:  for pi+  SubType=2
      dE/dx and range tables from 10 eV  to 100 TeV in 260 bins
      Lambda tables from threshold to 100 TeV, 20 bins/decade, spline: 1
      StepFunction=(0.2, 0.05 mm), integ: 1, fluct: 1, linLossLim= 0.01
      ===== EM models for the G4Region  DefaultRegionForTheWorld ======
               Bragg : Emin=    0 eV  Emax=297.505 keV  deltaVI
          BetheBloch : Emin=297.505 keV Emax=  100 TeV  deltaVI

hBrems:  for pi+  SubType=3
      dE/dx and range tables from 10 eV  to 100 TeV in 260 bins
      Lambda tables from threshold to 100 TeV, 20 bins/decade, spline: 1
      ===== EM models for the G4Region  DefaultRegionForTheWorld ======
               hBrem : Emin=    0 eV  Emax=  100 TeV  ModifiedMephi
      ===== Limit on energy threshold has been applied 

hPairProd:  for pi+  SubType=4
      dE/dx and range tables from 10 eV  to 100 TeV in 260 bins
      Lambda tables from threshold to 100 TeV, 20 bins/decade, spline: 1
      Sampling table 20x1001; from 1.11656 GeV to 100 TeV 
      ===== EM models for the G4Region  DefaultRegionForTheWorld ======
           hPairProd : Emin=    0 eV  Emax=  100 TeV  ModifiedMephi

msc:  for pi-  SubType= 10
      ===== EM models for the G4Region  DefaultRegionForTheWorld ======
            UrbanMsc : Emin=    0 eV  Emax=  100 TeV Nbins=240 100 eV  - 100 TeV
              StepLim=Minimal Rfact=0.2 Gfact=2.5 Sfact=0.6 DispFlag:1 Skin=1 Llimit=1

hIoni:  for pi-  SubType=2
      dE/dx and range tables from 10 eV  to 100 TeV in 260 bins
      Lambda tables from threshold to 100 TeV, 20 bins/decade, spline: 1
      StepFunction=(0.2, 0.05 mm), integ: 1, fluct: 1, linLossLim= 0.01
      ===== EM models for the G4Region  DefaultRegionForTheWorld ======
            ICRU73QO : Emin=    0 eV  Emax=297.505 keV  deltaVI
          BetheBloch : Emin=297.505 keV Emax=  100 TeV  deltaVI

hBrems:  for pi-  SubType=3
      dE/dx and range tables from 10 eV  to 100 TeV in 260 bins
      Lambda tables from threshold to 100 TeV, 20 bins/decade, spline: 1
      ===== EM models for the G4Region  DefaultRegionForTheWorld ======
               hBrem : Emin=    0 eV  Emax=  100 TeV  ModifiedMephi
      ===== Limit on energy threshold has been applied 

hPairProd:  for pi-  SubType=4
      dE/dx and range tables from 10 eV  to 100 TeV in 260 bins
      Lambda tables from threshold to 100 TeV, 20 bins/decade, spline: 1
      Sampling table 20x1001; from 1.11656 GeV to 100 TeV 
      ===== EM models for the G4Region  DefaultRegionForTheWorld ======
           hPairProd : Emin=    0 eV  Emax=  100 TeV  ModifiedMephi
G4VisManager: Using G4TrajectoryDrawByCharge as fallback trajectory model.
See commands in /vis/modeling/trajectories/ for other options.

### ===  Deexcitation model UAtomDeexcitation is activated for 25 regions:
          DefaultRegionForTheWorld  1  1  1
          cylindricalPET  1  1  1
          module  1  1  1
          unit  1  1  1
          block  1  1  1
          optical  1  1  1
          crystal  1  1  1
          capillaire1  1  1  1
          capillaire1_water  1  1  1
          capillaire2  1  1  1
          capillaire2_water  1  1  1
          capillaire3  1  1  1
          capillaire3_water  1  1  1
          capillaire4  1  1  1
          capillaire4_water  1  1  1
          capillaire5  1  1  1
          capillaire5_water  1  1  1
          capillaire_m1  1  1  1
          capillaire_m1_water  1  1  1
          capillaire_m2  1  1  1
          capillaire_m2_water  1  1  1
          capillaire_m3  1  1  1
          capillaire_m3_water  1  1  1
          capillaire_m4  1  1  1
          capillaire_m4_water  1  1  1
### ===  Ignore cuts flag:   0
(297.356,-100.265,111.383)
(297.249,-64.7202,152.562)
(18.9364,-320.319,53.5931)
(-66.4959,-340.029,169.425)
(15.5604,-324.296,52.5066)
(-17.0649,-340.383,98.5448)
(9.38121,-322.296,50.3427)
(111.296,-176.328,88.5885)
(8.00853,-320.904,50.5969)
(-43.6588,-405.537,66.9636)
(79.8257,312.66,-50.6863)
(62.7727,228.066,-21.1012)
(76.4427,316.768,-55.574)
(62.7432,220.362,-44.2427)
(77.5305,312.893,-54.4251)
(115.964,260.166,-6.32403)
(59.7144,-311.813,-121.439)
(95.7123,-260.387,-198.804)
(-97.3196,305.856,-93.0776)
(-74.3924,122.938,-202.356)
(-177.399,-265.554,81.9333)
(-205.892,-216.167,26.0042)
(160.081,-275.283,58.9323)
(85.151,-329.836,48.5448)
(160.961,-274.113,58.5693)
(86.4282,-322.581,47.7737)
(-63.3273,-314.051,-47.7672)
(-36.0109,-301.051,14.3263)
(182,256.004,43.9758)
(250.093,242.781,-16.6975)
(21.4827,-315.595,-50.7347)
(44.4659,-329.965,-80.4359)
(-303.109,-83.0402,-92.1542)
(-243.447,-28.436,-133.258)
(-294.878,-113.08,-45.0265)
(-248.738,-64.0012,21.7644)
(-262.64,-200.625,-54.9622)
(-327.564,-109.686,-61.5947)
(-266.528,-199.024,-57.627)
(-215.835,-163.754,-60.8202)
(118.912,306.393,81.1783)
(106.992,310.727,52.9035)
(222.51,-244.242,115.42)
(288.519,-226.956,22.482)
(290.745,-133.15,80.7758)
(378.056,-141.593,3.04645)
(-304.727,99.1277,-63.1276)
(-245.84,78.0087,42.9389)
(-305.969,99.0032,-66.2369)
(-340.102,41.0291,-139.955)
(-251.718,-197.501,-106.023)
(-170.677,-180.264,-69.0496)
(-258.911,-204.766,-100.028)
(-325.393,-193.747,-30.1216)
(-311.588,-99.9104,85.0193)
(-400.875,-2.45986,131.404)
(306.219,96.0171,-50.555)
(291.143,114.919,-93.9499)
(-272.673,-187.281,91.2142)
(-269.201,-145.167,170.126)
(-276.446,-156.825,-90.4367)
(-235.651,-127.295,-203.419)
(18.3245,314.067,15.3905)
(59.9024,314.277,9.72567)
(315.756,-89.8429,-95.2944)
(324.87,-96.436,-113.75)
(-314.177,-5.42208,-27.064)
(-372.655,-64.081,-12.8757)
(-320.428,-0.894008,-28.5402)
(-372.432,65.4517,116.21)
(90.1731,321.109,13.5853)
(216.741,288.432,61.1493)
(87.0795,320.356,22.3312)
(148.144,286.577,-40.3796)
(53.3684,308.517,18.9047)
(92.2803,381.747,11.0808)
(27.3612,-313.197,-66.9655)
(-71.755,-386.437,22.8404)
(67.2427,305.915,37.0972)
(67.606,359.287,68.6051)
(-49.2011,-311.373,-41.1526)
(-134.012,-378.174,136.31)
(-48.893,-309.632,-43.3413)
(-148.904,-295.257,-100.737)
(-272.832,-179.819,73.9866)
(-309.299,-207.124,21.6891)
(-275.648,-183.681,74.3521)
(-338.702,-216.602,138.598)
(300.904,89.676,-34.3946)
(232.235,182.753,-91.6656)
(300.234,88.8319,-34.3079)
(285.016,-16.4259,-139.813)
(301.582,-128.238,-104.007)
(287.23,-3.05514,-133.669)
(301.013,-128.331,-103.086)
(341.373,-113.313,-215.067)
(287.935,-149.796,-13.6708)
(265.861,-245.241,54.5081)
(288.753,-144.78,-13.7898)
(375.625,-197.307,-9.55969)
(-256.508,193.192,17.3987)
(-318.887,246.349,-97.3136)
(-301.697,95.8263,-82.7897)
(-189.428,156.013,-62.6519)
(-301.835,95.9054,-82.5811)
(-284.738,182.512,-81.3516)
(-302.367,100.569,-72.8432)
(-454.053,193.281,-41.8304)
(-308.944,-67.2424,31.0151)
(-367.437,-119.867,46.54)
(259.398,177.049,77.5753)
(334.227,172.59,78.626)
(-288.116,-137.06,-60.1652)
(-200.399,-162.042,-60.3288)
(-298.152,-139.796,-53.7369)
(-325.339,-255.129,-101.826)
(26.4079,-333.887,-9.74308)
(-15.738,-268.669,86.4649)
(-114.821,-290.809,29.5991)
(-101.047,-249.614,50.0735)
(321.537,-1.9319,46.3909)
(318.51,52.0479,84.7763)
(323.731,0.779315,46.9482)
(399.602,30.7264,91.6369)
(325.033,-2.58075,49.9913)
(359.687,-8.16833,-6.62003)
(-129.219,-300.348,29.1542)
(-233.08,-356.594,-41.3024)
(-250.718,-201.611,115.098)
(-181.704,-181.076,131)
(-250.55,-202.492,114.569)
(-263.504,-174.203,127.035)
(-201.41,-250.686,32.0559)
(-179.147,-353.945,25.7646)
(171.587,261.983,-2.61497)
(171.512,256.804,-110.663)
(-8.89774,-320.177,32.7871)
(23.4915,-354.488,6.17119)
(-280.83,-141.189,71.6603)
(-304.325,-125.584,68.7954)
(-79.4285,305.682,90.4813)
(-144.346,355.814,-24.9134)
(-333.742,-2.82729,-104.454)
(-339.521,-19.9556,-163.388)
(-333.267,0.751629,-102.002)
(-251.726,-43.5434,-141.891)
(-102.007,-302.423,-35.5508)
(-18.1008,-316.662,-1.14737)
(-101.333,-303.602,-37.3451)
(-82.7462,-239.218,-108.468)
(244.094,-196.353,121.126)
(308.651,-97.4252,190.191)
(301.04,118.182,122.07)
(222.93,100.359,108.143)
(311.944,48.5965,-106.365)
(341.428,13.7211,-165.717)
(-332.288,-20.5407,47.0151)
(-382.058,-11.9059,17.448)
(-328.595,-20.0693,48.2923)
(-401.062,-7.32258,65.6684)
(49.1824,-311.278,0.985937)
(118.51,-272.888,24.476)
(307.661,76.9562,-109.682)
(290.529,182.36,-43.0878)
(-327.173,-49.8252,67.5999)
(-264.129,-124.716,45.5164)
(292.798,-134.863,110.862)
(324.208,-131.019,106.016)
(266.93,-175.445,103.27)
(234.762,-226.899,132.449)
(266.99,-180.021,104.542)
(267.82,-184.593,209.658)
(-280.242,137.091,-115.75)
(-324.73,222.081,-9.19075)
(-279.56,139.716,-118.662)
(-192.106,97.6951,-28.7013)
(238.708,212.613,105.89)
(254.959,199.614,61.7248)
(-259.784,-183.009,99.1379)
(-235.396,-181.904,57.681)
(275.043,-157.633,2.11513)
(186.017,-90.249,30.1412)
(-309.704,81.7555,-1.71147)
(-165.227,160.03,-133.098)
(-310.594,78.8431,11.6819)
(-273.186,183.912,130.237)
(-240.744,-202.08,52.4846)
(-258.581,-203.881,74.7748)
(-239.289,-201.609,59.2103)
(-179.801,-156.775,87.8168)
(-82.4236,301.772,-57.0404)
(-83.1628,157.724,-32.8216)
(24.7527,331.684,-82.5024)
(59.1494,483.012,-52.2861)
(305.027,65.5306,-98.3042)
(360.462,128.364,-69.3801)
(-54.992,-311.651,-86.38)
(6.64399,-388.335,-124.218)
(227.783,222.421,62.6084)
(260.72,218.142,175.824)
(230.999,217.612,59.2025)
(104.637,214.652,-26.6208)
(-314.002,-8.15075,-106.627)
(-300.892,-60.0903,-145.782)
(-316.632,0.913236,65.8265)
(-308.617,83.4983,164.723)
(-56.9019,311.859,81.0732)
(6.39265,260.348,90.9802)
(189.48,-249.194,-67.3011)
(151.781,-170.526,-71.7575)
(188.376,-250.14,-67.3375)
(168.873,-171.255,-80.2541)
(-253.365,-185.043,119.719)
(-293.631,-237.004,68.3464)
(-236.302,-220.757,-114.506)
(-281.992,-223.958,-70.1877)
(237.678,204.043,108.37)
(333.505,213.456,102.8)
(239.551,204.318,110.508)
(250.581,84.3947,119.209)
(322.345,-45.6101,36.086)
(308.76,-121.854,6.99939)
(-272.112,-166.134,84.4453)
(-209.977,-169.501,102.833)
(275.245,156.505,-81.1019)
(268.929,125.664,-128.679)
(315.287,-98.381,45.5202)
(388.981,-154.14,54.2285)
(-295.563,128.491,-62.271)
(-307.039,104.379,-142.516)
(-294.282,122.959,-99.9498)
(-186.242,84.4362,-78.0077)
(-288.45,121.592,-98.0032)
(-259.897,125.046,7.82427)
(-211.567,230.619,103.314)
(-202.454,267.061,19.0408)
(291.588,-129.877,-59.0674)
(269.27,-2.89637,-114.125)
(290.707,-129.559,-58.4417)
(228.109,-91.3839,-99.3045)
(30.1455,-334.002,-68.6016)
(49.5721,-294.391,46.3457)
(126.271,311.37,59.9815)
(81.4374,231.171,116.952)
(128.963,311.334,60.144)
(104.647,277.592,43.1934)
(292.388,-118.64,60.7465)
(363.792,-146.779,13.3393)
(-278.616,144.983,-3.6173)
(-257.141,99.3875,-55.7375)
(-284.345,151.449,-3.94829)
(-315.031,278.655,41.4808)
(-285.896,150.413,-0.421607)
(-260.617,164.026,54.8277)
(-98.5641,317.885,-72.1273)
(-70.3566,361.204,-162.902)
(-174.304,-261.695,61.5448)
(-78.9474,-260.788,55.7274)
(-317.651,-23.6438,-42.2291)
(-272.596,-33.4949,-22.6378)
(-319.375,-23.3805,-43.4165)
(-376.349,-77.8626,-21.9825)
(-320.836,-25.5501,-43.1461)
(-347.746,-10.2158,-140.523)
(-317.108,-68.9099,80.954)
(-271.885,-159.82,198.375)
(-322.725,-78.9265,70.8708)
(-258.968,-42.4502,39.2879)
(-323.932,-78.0634,70.9453)
(-255.197,-110.254,51.8107)
(-126.957,289.524,-69.8203)
(-39.2429,348.429,-66.7998)
(-123.799,290.762,-70.2637)
(-143.973,330.707,-58.1794)
(260.148,-183.769,45.3969)
(216.478,-172.903,93.3956)
(123.607,290.828,5.32772)
(116.098,322.42,40.4786)
(191.03,-251.647,5.58926)
(320.044,-295.383,15.4522)
(194.351,-259,3.99983)
(184.031,-271.296,-2.57781)
(-281.475,183.296,-18.1)
(-252.497,168.382,31.1236)
(4.8289,324.326,106.411)
(-116.011,330.374,97.4187)
(-9.58964,329.893,112.898)
(65.3297,346.967,141.999)
(145.415,-284.091,-94.7002)
(259.22,-309.173,-168.812)
(275.221,-178.761,121.772)
(233.607,-230.14,108.855)
(-318.512,95.3478,-64.375)
(-177.984,117.974,-85.1668)
(13.8769,-313.913,29.6944)
(-56.1879,-325.091,-57.3362)
(-112.16,305.404,-31.163)
(-25.4043,256.027,2.70173)
(319.323,91.6549,37.9203)
(385.61,104.955,95.1903)
(-288.446,172.866,-64.7377)
(-309.715,183.927,-35.8817)
(114.543,-297.144,110.191)
(79.4795,-363.922,153.995)
(-99.2647,-304.149,0.264836)
(-145.291,-305.861,-50.6191)
(-62.2915,316.295,1.33896)
(-65.0464,368.137,15.9227)
(-288.415,119.878,84.8933)
(-259.749,107.106,13.3317)
(261.163,199.24,69.2227)
(176.885,293.846,65.4837)
(260.55,197.861,69.6024)
(244.635,49.4496,94.788)
(-278.458,-146.789,-49.8934)
(-339.26,-32.9373,-173.763)
(-278.073,-150.406,-48.2241)
(-213.518,-188.402,-151.848)
(-279.815,-160.297,-39.8387)
(-345.515,-206.918,-122.161)
(-330.087,21.2641,102.55)
(-298.098,-39.1545,176.624)
(-67.488,-324.171,-4.63201)
(-67.0687,-410.803,-20.1574)
(-68.2917,-326.28,-1.27239)
(-30.7429,-383.293,56.8536)
(-31.7432,327.275,2.76452)
(-184.203,271.28,-70.5038)
(-32.2302,327.468,2.40646)
(-26.1661,368.538,22.6465)
(-297.802,146.184,47.9394)
(-262.883,249.279,-31.6284)
(250.973,-186.782,-78.1597)
(258.699,-204.182,48.7216)
(-115.268,297.373,120.567)
(-171.762,282.417,124.594)
(-115.294,295.967,118.669)
(-90.0515,305.901,96.1597)
(307.4,95.5868,-108.571)
(247.711,160.667,-80.7893)
(303.835,101.417,-111.321)
(293.741,209.07,-103.481)
(135.587,297.759,78.2909)
(152.714,299.241,74.6882)
(-311.637,-48.3955,112.701)
(-273.672,85.6128,116.428)
(-312.502,-53.9539,106.2)
(-270.366,-104.342,48.6184)
(-210.073,235.493,54.5461)
(-187.345,169.675,106.373)
(31.5677,-332.766,-78.4687)
(-14.1428,-416.821,-110.333)
(282.093,-147.736,-52.448)
(138.075,-191.193,44.1528)
(281.737,-149.54,-53.4214)
(377.772,-214.764,123.992)
(-188.688,255.436,86.9593)
(-186.753,281.167,59.5162)
(304.328,123.607,-95.0631)
(243.019,143.015,-101.77)
(-288.479,123.354,-77.5105)
(-195.901,122.236,-179.822)
(320.956,-51.8294,30.9016)
(407.714,-34.7157,-3.44942)
(321.312,-55.8293,35.3027)
(307.84,-134.375,69.0162)
(-55.875,-311.285,-35.9135)
(-26.5191,-265.508,-6.49533)
(-55.2225,-312.453,-37.3701)
(-38.6573,-280.571,-5.52243)
(206.699,-251.183,-28.8363)
(176.86,-229.666,-86.0535)
(-12.5821,321.517,36.7919)
(-132.701,302.179,66.9606)
(-16.7422,322.366,37.3267)
(5.76035,285.036,31.6823)
(70.2666,324.837,-63.2022)
(-8.19442,326.148,-88.0821)
(-193.751,-244.662,44.0359)
(-192.417,-246.59,69.1705)
(289.597,-123.577,-29.5312)
(270.258,-131.568,86.2824)
(278.787,-142.835,-17.9009)
(282.965,-93.7536,18.225)
(144.836,-296.61,40.4643)
(161.742,-311.616,55.7442)
(313.197,-11.5648,-48.7962)
(313.591,59.062,-53.0665)
(313.301,-13.8941,-49.5759)
(207.571,38.3794,26.204)
(278.424,147.954,13.4523)
(192.962,196.47,-122.209)
(276.589,150.587,11.1705)
(251.263,225.237,5.78446)
(-288.085,-164.402,-12.6164)
(-221.551,-210.425,13.326)
(157.935,276.279,115.72)
(107.206,197.331,116.956)
(154.504,276.388,118.985)
(109.009,290.008,101.622)
(153.478,274.688,122.478)
(211.42,216.137,101.28)
(-220.065,231.094,36.8768)
(-257.821,208.455,35.5687)
(286.763,-124.04,-17.068)
(360.498,-125.946,-49.2926)
(183.748,259.099,-72.5081)
(154.476,430.778,-41.4149)
(311.918,14.5309,-7.84637)
(202.493,-22.671,-118.342)
(320.885,14.8648,1.9749)
(368.761,-63.1863,67.5113)
(326.313,14.4103,11.3799)
(344.078,-14.059,39.7026)
(-332.224,-27.1363,15.2074)
(-256.544,78.7654,60.7274)
(-336.475,-22.5452,9.12732)
(-369.496,-28.668,-146.111)
(-66.0026,-308.748,18.4729)
(-6.26812,-338.091,-35.7863)
(-59.9131,-327.074,20.8463)
(21.1017,-310.213,-151.165)
(-32.1894,332.28,-21.8797)
(-45.1833,447.233,-28.1686)
(178.582,-274.02,-11.1661)
(166.704,-265.246,20.5741)
(95.9448,322.924,14.1626)
(95.4016,400.09,96.8689)
(-307.746,99.8124,82.923)
(-329.944,119.426,3.44417)
(-25.6105,317.833,-52.8035)
(-58.5246,303.685,-115.121)
(-130.197,-293.481,49.5007)
(-199.828,-308.775,68.706)
(55.0031,-319.074,56.9938)
(102.172,-385.744,7.43038)
(23.5429,-335.064,73.4979)
(26.8849,-355.306,168.351)
(24.488,-333.691,72.7243)
(31.8353,-289.118,108.786)
(157.164,274.786,-46.628)
(205.466,287.468,-3.48636)
(312.04,3.18876,106.15)
(366.618,58.1207,2.90175)
(-323.436,-1.55571,-51.6333)
(-379.916,20.3692,-75.0553)
(-324.351,0.582611,-50.4441)
(-334.597,-36.512,-122.003)
(296.838,-111.974,23.5824)
(334.222,-50.0468,103.073)
(-206.113,246.955,-51.7285)
(-138.867,277.503,57.0517)
(-88.5198,302.614,77.7201)
(-96.4929,275.126,5.43337)
(-91.3511,301.638,74.2686)
(-40.3833,281.338,38.0048)
(-63.04,-322.696,-14.4351)
(-65.9181,-285.29,-15.6361)
(-62.3282,-318.321,-11.5182)
(39.5013,-224.945,-86.4033)
(82.8842,320.041,17.398)
(114.921,374.322,6.06782)
(62.358,-317.279,120.342)
(8.6789,-245.63,117.293)
(300.04,-96.4441,-11.6086)
(327.967,-130.95,-17.6029)
(-50.2203,-317.453,60.6261)
(-64.0228,-319.315,103.802)
(-56.018,-316.599,63.112)
(-87.4323,-347.044,23.7242)
(231.253,239.049,-45.9015)
(270.625,244.158,-17.115)
(322.876,-20.1638,-54.1702)
(404.724,-35.1054,-41.9411)
(-316.994,14.5425,39.0351)
(-346.016,-89.1432,-6.78692)
(-324.995,9.63869,38.1922)
(-236.339,-2.15425,-7.21062)
(-325.711,11.5108,44.4185)
(-333.309,-27.0397,-54.8367)
(209.66,232.855,-113.18)
(206.418,218.473,-58.2398)
(-254.598,-184.944,-118.737)
(-360.618,-230.961,-124.397)
(-310.192,69.7736,10.7199)
(-228.011,55.1522,83.6152)
(-317.7,-60.4968,103.027)
(-301.216,-105.098,131.825)
(305.093,-79.39,-39.1056)
(319.388,-140.105,-82.0089)
(-276.73,156.144,73.7239)
(-228.142,80.2331,171.931)
(-84.0214,300.804,103.829)
(-121.073,363.45,224.677)
(-93.4253,303.45,101.52)
(-32.7312,274.892,103.683)
(250.401,-190.171,-27.895)
(270.841,-187.841,64.9049)
(-324.361,53.5361,-38.8897)
(-347.227,33.7447,10.3827)
(-325.607,51.6485,-39.2185)
(-290.885,9.66921,6.33999)
(307.966,-72.2806,49.0632)
(294.374,-73.1072,47.6423)
(314.918,-67.554,54.2005)
(350.882,62.4184,62.5959)
(312.506,-68.3812,52.7049)
(354.087,-0.436374,32.3124)
(-20.3404,318.332,15.7731)
(43.6945,283.943,-27.4761)
(-39.724,-311.808,-40.666)
(-8.6173,-292.448,-23.2066)
(-316.15,-1.88191,80.2872)
(-298.176,28.4021,38.128)
(-312.025,-8.41905,70.8543)
(-332.085,-22.6966,-14.042)
(-314.873,-28.342,-82.1792)
(-317.809,-84.6097,-17.6846)
(-98.8124,314.294,-35.4911)
(-167.443,238.102,-48.0204)
(-90.0943,315.664,-31.2311)
(-25.1862,259.499,-78.2959)
(-86.1778,317.036,-33.2515)
(-110.166,249.85,-88.7837)
(-0.945394,-315.156,35.1755)
(10.6916,-263.188,164.414)
(308.256,-54.9413,-35.5237)
(456.525,124.601,-61.9401)
(185.071,-253.152,69.5209)
(309.131,-318.619,94.5843)
(-290.943,-127.809,-34.2821)
(-268.183,-136.531,-91.6284)
(230.568,241.157,63.2053)
(280.821,185.707,-44.2668)
(232.295,244.721,64.3191)
(282.1,135.98,82.8626)
(-296.776,127.18,8.77291)
(-216.059,146.402,-5.82799)
(-304.752,138.983,15.8424)
(-374.155,115.442,-54.0368)
(-296.948,149.912,29.2774)
(-244.833,235.368,25.7034)
(-296.216,152.159,28.7118)
(-169.934,177.172,107.321)
(182.985,-261.107,-17.4809)
(188.556,-233.531,-68.3997)
(181.188,-254.429,-26.7627)
(175.923,-246.218,-37.6348)
(-278.771,-152.839,-72.8145)
(-289.159,-52.352,-105.281)
(-294.935,-148.744,-39.2912)
(-322.304,-119.577,-52.0629)
(200.585,250.156,66.4335)
(217.104,229.206,58.7039)
(285.818,-147.389,93.7811)
(401.243,-173.595,188.229)
(-204.323,238.905,118.832)
(-170.552,230.44,51.5821)
(-75.0243,-304.684,-105.407)
(-100.52,-363.959,-199.078)
(263.033,174.249,59.6697)
(235.296,154.526,81.3334)
(264.248,180.618,58.2391)
(296.785,119.053,-1.26756)
(247.892,194.83,-23.0146)
(232.127,213.234,60.6769)
(245.633,213.41,-32.9508)
(151.542,155.394,52.5103)
(-167.059,-287.243,30.6964)
(-84.1155,-219.661,69.9553)
(-7.01503,319.499,107.74)
(52.7585,466.805,72.7074)
(5.91245,319.962,115.129)
(76.8061,340.553,149.577)
(-191.439,-251.572,-86.507)
(-163.924,-226.529,-149.029)
(-194.105,-258.747,-81.1476)
(-227.506,-231.413,-69.4186)
(-186.717,-250.084,16.7995)
(-245.798,-187.322,-11.2926)
(55.3767,317.142,-21.1703)
(146.866,281.386,-51.4775)
(14.948,312.378,44.8408)
(5.49625,342.574,81.3005)
(-325.806,49.4166,-18.0796)
(-383.438,85.3741,-77.4393)
(-323.058,48.8327,-14.8534)
(-250.156,62.0301,-7.93685)
(31.8842,-330.688,122.339)
(38.1938,-383.062,111.383)
(291.236,-153.459,82.9655)
(348.616,-242.143,185.589)
(-296.399,-112.495,8.14382)
(-274.124,-231.481,-29.9491)
(205.699,249.126,-16.7773)
(212.08,192.506,35.7077)
(2.99177,-317.492,18.3706)
(94.8742,-252.785,-26.0893)
(5.52303,-318.474,18.9037)
(13.2512,-248.814,5.59241)
(-277.889,-191.144,66.531)
(-248.661,-161.857,113.827)
(9.16939,-334.44,-80.2552)
(140.192,-348.278,-104.504)
(78.2674,308.417,85.7908)
(113.329,313.964,58.7572)
(86.0239,314.946,85.3873)
(-31.0511,191.355,71.7812)
(44.3623,-310.489,-99.1239)
(-4.75311,-186.69,-153.37)
(-281.176,140.955,108.545)
(-218.32,152.675,141.992)
(-314.01,-12.5998,-113.835)
(-339.478,11.5562,-126.177)
(-314.045,-11.9553,-113.448)
(-364.802,-48.1236,-10.2364)
(320.618,11.7434,113.464)
(421.749,-31.0601,69.1971)
(-321.347,22.1015,28.4775)
(-316.011,115.778,91.4436)
(-321.955,24.5865,28.6501)
(-330.881,3.51143,29.6181)
(332.105,-17.1938,-22.7427)
(334.988,-56.8398,13.4312)
(335.905,-15.3057,-23.8863)
(230.346,31.5608,2.47073)
(117.97,-304.921,74.2454)
(137.586,-409.696,47.5602)
(132.741,-308.953,77.4122)
(207.706,-405.054,98.4251)
(235.423,-219.033,-1.90049)
(280.752,-283.781,21.061)
(244.681,-215.63,-1.27224)
(327.811,-166.426,87.2219)
(-209.039,-260.871,27.5707)
(-95.3472,-210.594,64.6908)
(146.737,276.208,-83.6147)
(164.023,261.44,-51.4904)
(-188.873,248.637,71.7643)
(-196.74,315.814,38.4973)
(309.442,-97.4204,-77.9788)
(307.101,-142.499,-65.0611)
(312.204,-115.306,-80.1166)
(402.47,-141.846,-47.6573)
(150.614,276.606,-57.1456)
(112.759,218.246,25.2964)
(147.136,279.42,-54.8075)
(142.378,249.95,-18.6499)
(-143.987,-278.479,14.4846)
(-108.992,-288.302,104.722)
(-152.154,-293.529,27.0651)
(-123.128,-293.578,37.5509)
(267.307,172.078,-10.0815)
(276.05,108.381,-21.251)
(318.498,-15.2619,-98.0519)
(278.989,73.3133,-129.135)
(325.401,-12.835,-106.011)
(482.706,10.5806,-199.831)
(328.311,-4.97413,-114.139)
(362.967,-95.6944,-41.9352)
(331.169,-5.04724,-122.302)
(427.988,-48.4322,-261.68)
(-327.523,11.6238,72.5711)
(-389.124,70.446,-68.9123)
(-304.733,-112.317,85.8519)
(-355.066,-145.888,98.0985)
(140.013,293.309,-117.01)
(151.72,191.337,-147.312)
(-187.788,-257.081,-29.2)
(-236.224,-179.949,-13.1429)
(-80.6905,324.053,34.0855)
(-87.8901,275.396,74.0154)
(-274.909,159.861,111.216)
(-176.254,104.964,11.5858)
(302.338,-134.174,71.4929)
(185.37,-149.593,-67.8993)
(300.909,-137.975,78.1091)
(298.671,-156.526,147.522)
(306.263,-133.951,70.4877)
(221.406,-177.247,112.154)
(-323.232,69.7879,-35.9336)
(-306.339,76.8548,26.5484)
(312.01,-43.7986,-69.1664)
(353.492,25.7221,22.3552)
(-310.63,72.1374,116.011)
(-300.45,55.9114,191.507)
(-111.424,293.532,-32.6271)
(-179.226,270.856,-140.937)
(23.0999,334.41,-78.0801)
(88.3804,380.229,-110.866)
(-205.439,-238.705,53.6622)
(-213.458,-125.175,-51.5312)
(129.701,303.314,28.1859)
(54.1009,282.32,104.154)
(110.702,299.319,-104.823)
(77.936,303.185,-217.363)
(-94.9911,-308.864,107.853)
(-164.045,-204.521,70.7483)
(312.844,-102.094,79.9226)
(309.159,-18.6228,142.602)
(312.865,-114.95,74.242)
(317.688,-151.102,-32.7479)
(246.673,-204.46,-109.625)
(266.282,-157.556,-47.1006)
(246.101,-210.688,-114.626)
(183.488,-178.324,-102.736)
(207.788,234.942,109.82)
(167.777,140.789,144.173)
(314.886,-25.5955,-45.3003)
(232.97,-34.676,-96.7981)
(-270.605,-159.125,-108.825)
(-291.911,-97.0248,-25.4848)
(-273.362,-186.083,-103.2)
(-277.297,-123.921,-128.583)
(296.972,-127.241,28.2151)
(425.29,-135.419,-18.0618)
(314.989,-72.2972,-65.458)
(211.309,33.2009,-58.8189)
(-315.751,-28.1509,-39.1619)
(-252.8,-14.8325,-27.5424)
(-265.079,-173.358,-26.8463)
(-220.449,-174.538,-50.8992)
(-163.875,272.241,97.8348)
(-145.056,328.439,93.7326)
(-165.981,275.335,99.6089)
(-166.015,279.217,151.215)
(306.432,-69.1671,85.2504)
(238.487,-32.8406,80.7309)
(43.215,-318.576,86.0008)
(155.933,-381.622,76.4395)
(48.9269,-329.602,87.0852)
(-10.9976,-404.729,118.832)
(56.5916,-331.636,88.0527)
(46.5296,-391.525,87.1324)
(169.635,283.237,-78.0119)
(243.281,216.046,-95.0907)
(-239.632,199.707,50.1052)
(-302.527,252.594,110.608)
(327.38,30.9427,46.2904)
(362.172,60.5497,77.0892)
(-314.425,-75.5905,-118.536)
(-289.069,-50.8803,-84.4128)
(239.394,-200.312,-12.4197)
(215.667,-237.435,-77.7323)
(-302.908,110.086,8.18864)
(-289.889,82.7482,-0.214771)
(230.685,-213.716,108.056)
(144.942,-192.292,183.607)
(230.673,-214.793,109.324)
(202.736,-225.612,155.134)
(268.875,192.717,-79.034)
(194.788,250.971,-26.5077)
(-258.078,210.418,-65.9724)
(-240.821,241.4,-59.2768)
(307.931,-132.37,50.6068)
(258.193,-122.928,59.7797)
(224.15,-248.871,-20.2746)
(266.176,-169.954,30.2891)
(223.821,-251.037,-14.2568)
(273.374,-215.53,-87.1652)
(-292.281,133.945,14.616)
(-217.922,147.264,54.5413)
(-46.62,-311.652,69.5423)
(-87.2033,-437.087,122.007)
(227.886,235.998,-52.7112)
(193.942,298.128,-11.1321)
(161.179,286.315,12.5111)
(202.64,285.78,-0.909782)
(-140.611,-285.039,-11.134)
(-112.041,-232.526,-86.223)
(280.992,141.222,64.3936)
(300.389,139.606,44.8953)
(281.13,142.371,63.8003)
(232.275,184.023,107.889)
(280.869,152.177,64.0064)
(248.776,87.2058,50.5363)
(-304.377,-69.7778,-30.7348)
(-383.779,-16.0602,-108.916)
(-308.703,-67.2289,-30.5074)
(-316.133,-51.5145,29.1928)
(69.9019,318.977,30.7093)
(-83.2396,341.425,13.5981)
(69.6631,320.786,34.5995)
(-24.6061,366.036,-66.5662)
(30.6762,-324.924,-30.0134)
(149.6,-284.145,19.5766)
(253.276,189.205,116.429)
(271.782,159.065,200.685)
(10.6921,320.736,51.9843)
(-77.8219,389.149,23.0209)
(134.851,-305.484,123.186)
(91.4305,-293.281,213.94)
(275.381,-156.936,37.0802)
(332.047,-142.518,56.3885)
(-247.263,208.688,-38.8844)
(-208.321,260.929,44.0884)
(-245.915,213.193,-38.9591)
(-260.614,156.706,-68.3952)
(23.2373,-316.466,58.2665)
(-40.2791,-305.477,83.5377)
(-143.695,278.773,-123.208)
(-58.3034,255.349,-130.282)
(243.083,-203.202,88.7168)
(259.942,-126.524,132.922)
(-220.206,233.947,1.71065)
(-192.519,228.971,5.20158)
(-82.8145,302.891,65.7272)
(-76.8032,326.166,41.5529)
(-102.156,317.243,31.6)
(-99.073,375.893,112.484)
(-101.28,320.787,33.7578)
(-203.489,231.388,109.404)
(-117.484,-294.343,-29.9002)
(-113.869,-205.405,104.148)
(-115.152,-299.935,-34.0743)
(-74.0144,-208.028,-87.0482)
(-244.684,199.16,-96.463)
(-192.887,133.722,-129.022)
(-248.363,204.533,-97.8163)
(-168.835,240.333,-130.211)
(-321.368,-19.3858,71.0523)
(-314.332,-46.196,75.3978)
(-319.483,-21.2006,70.9479)
(-301.508,-22.9921,45.634)
(-310.998,44.4776,34.4694)
(-253.213,47.3732,4.97862)
(269.741,187.389,84.3437)
(239.346,310.561,161.266)
(-188.256,-264.504,-114.754)
(-159.51,-256.846,-253.612)
(-232.738,212.79,-10.4417)
(-93.7595,248.204,-35.5985)
(129.48,-292.684,17.1814)
(123.202,-270.665,94.4205)
(135.021,-295.015,11.8414)
(119.382,-274.471,28.1768)
(312.718,-5.74732,119.261)
(235.135,-68.8152,201.475)
(312.484,-7.56248,120.879)
(295.236,59.0441,106.873)
(-113.218,292.543,-32.2058)
(-113.395,278.194,-111.49)
(-43.8176,-314.811,32.3116)
(-92.0974,-285.717,34.3354)
(-42.6792,-314.444,31.1678)
(-19.2416,-305.556,-99.0503)
(-142.49,-293.01,38.2201)
(-180.244,-470.669,41.6373)
(-141.245,-293.725,39.8045)
(-131.673,-287.091,37.707)
(258.646,-211.032,-80.487)
(244.837,-269.957,-52.1398)
(249.593,-220.907,-89.2634)
(221.248,-194.101,-140.323)
(-43.6348,324.31,122.77)
(-21.9468,350.445,74.8968)
(-289.359,128.916,-54.739)
(-375.194,84.9533,20.2308)
(309.224,-98.5513,44.496)
(391.878,-66.577,143.557)
(316.312,-86.2946,20.6532)
(298.048,-84.4322,29.5217)
(-222.19,227.382,-38.4968)
(-199.003,181.438,-20.8192)
(325.864,-17.9155,-86.0648)
(300.532,21.841,-29.3878)
(307.026,88.4718,97.8755)
(370.087,35.0872,-6.64004)
(-264.318,-206.499,70.6456)
(-307.463,-218.87,145.345)
(47.4994,311.006,-109.405)
(71.6683,188.104,-36.6707)
(50.1357,316.249,-121.356)
(-75.1702,371.899,-21.4888)
(267.91,163.15,49.2676)
(323.159,142.021,18.4401)
(-166.297,-285.243,-90.488)
(-184.426,-337.971,-40.2382)
(146.79,279.034,-56.7046)
(106.771,432.07,-78.0245)
(132.294,-300.178,57.988)
(170.874,-215.314,-10.7669)
(133.236,-300.628,59.1157)
(176.649,-380.891,116.159)
(140.991,-301.43,53.2361)
(142.716,-211.012,111.486)
(-314.1,-15.6757,18.552)
(-305.43,-19.9182,-37.6263)
(-312.742,-22.8555,17.8929)
(-318.024,-84.9263,-11.4598)
(313.988,8.20004,-8.44006)
(287.791,-28.954,34.0039)
(-327.197,-65.3523,78.9297)
(-412.847,-134.661,31.6504)
(4.8065,321.72,-117.206)
(-17.4288,264.639,-198.789)
(15.8365,318.814,-115.205)
(99.1352,164.898,-2.55087)
(16.9234,318.654,-116.098)
(2.58877,306.446,-168.678)
(-233.834,-208.735,77.386)
(-205.836,-155.317,59.2283)
(-234.504,-206.902,74.0746)
(-196.48,-240.359,147.023)
(328.81,-31.974,-5.64561)
(339.364,26.0904,120.412)
(-308.619,86.0241,-56.1354)
(-315.215,92.6507,42.7941)
(310.691,-51.0928,34.67)
(265.588,-58.9726,151.885)
(-318.146,-50.1461,-97.4174)
(-289.055,-77.7142,-101.478)
(316.46,19.9323,37.8088)
(284.508,-98.3676,24.262)
(311.858,20.4437,38.1017)
(301.754,36.8164,-59.0783)
(-201.826,-262.303,35.2417)
(-178.818,-257.885,62.7871)
(1.07611,314.951,-43.4082)
(47.4144,294.496,-119.799)
(-247.653,218.919,8.44831)
(-202.991,242.499,11.0706)
(-250.495,221.64,6.54166)
(-208.65,231.501,-91.329)
(-252.917,221.235,11.0078)
(-224.586,262.36,-2.50258)
(18.0459,-322.01,-9.82975)
(-26.5262,-433.987,56.7737)
(305.964,-121.536,120.09)
(326.243,-104.338,154.776)
(-89.6235,-302.696,43.4182)
(-66.7158,-310.345,-31.4319)
(-86.2746,-310.211,38.1753)
(-186.388,-304.261,-43.0947)
(-82.7255,-317.625,20.6568)
(-64.0839,-389.496,-57.8631)
(-86.0007,-314.58,22.81)
(8.14899,-275.171,100.587)
(-137.518,293.788,94.2325)
(-281.512,359.461,96.8743)
(-136.801,294.146,95.7467)
(-196.433,165.921,127.893)
(45.0069,-317.858,-99.3673)
(36.7543,-326.837,-12.1888)
(42.4012,-324.014,-108.55)
(46.5614,-354.662,-145.614)
(-270.806,-159.829,-63.8617)
(-352.955,-186.548,40.9214)
(307.441,128.059,53.1104)
(388.626,26.2848,111.033)
(260.651,173.558,-113.471)
(179.562,86.4506,-79.6009)
(-257.637,195.524,-15.3866)
(-161.496,213.533,4.12646)
(51.2153,-317.082,29.6561)
(55.912,-310.654,-123.269)
(-134.918,-296.411,-46.6404)
(-47.0725,-235.773,-82.3337)
(-142.236,-298.402,-51.2457)
(-157.535,-342.271,-77.4141)
(300.78,132.554,-106.206)
(271.779,209.255,-259.09)
(-320.68,-54.6256,45.4177)
(-285.554,-137.026,-32.5424)
(-19.1676,313.022,51.0183)
(9.6893,292.86,40.0686)
(273.271,167.248,115.746)
(231.581,158.103,74.7619)
(300.907,94.4258,-119.13)
(204.016,129.6,-73.1458)
(300.25,101.184,-119.065)
(292.075,-14.6147,-154.511)
(308.193,-113.398,-30.6938)
(342.159,-136.786,-48.2504)
(307.325,-117.785,-28.8073)
(168.947,-128.329,28.5595)
(-258.907,211.213,58.4061)
(-335.372,241.029,116.604)
(199.465,-243.581,53.8271)
(255.628,-124.718,28.8518)
(-199.724,270.311,-55.5025)
(-173.581,196.532,-77.8277)
(-11.916,312.489,-21.6394)
(-64.0892,462.52,32.6202)
(203.436,255.451,31.4108)
(201.117,277.907,37.0699)
(-15.823,-311.907,-0.258327)
(-38.9804,-419.842,-22.9026)
(207.114,239.85,2.73341)
(119.034,248.099,74.4825)
(207.594,240.419,-3.03456)
(128.573,197.989,-116.986)
(-316.067,-47.0383,85.0504)
(-364.126,-23.6167,72.5714)
(-325.024,-56.1337,84.3578)
(-348.999,-74.9503,-6.80477)
(-278.139,158.791,97.4251)
(-308.438,231.053,189.351)
(-298.321,123.414,86.1501)
(-234.26,102.8,96.8066)
(-157.65,287.509,-43.8656)
(-88.529,229.593,40.6093)
(143.783,-281.611,-89.342)
(175.586,-275.844,-9.37597)
(145.208,-281.31,-86.4911)
(98.5809,-273.096,-112.364)
(-268.982,176.407,52.4682)
(-280.252,107.984,127.23)
(-266.132,179.778,70.6966)
(-282.04,217.593,158.962)
(-269.005,175.195,70.4297)
(-292.759,128.577,-44.256)
(-232.053,219.522,67.34)
(-225.994,178.992,59.8977)
(-230.388,221.777,69.7689)
(-212.827,211.545,144.358)
(-70.5074,-304.637,116.374)
(-52.769,-353.327,75.6663)
(-73.3381,-305.625,122.194)
(-10.792,-243.244,105.381)
(-88.8576,302.655,-116.63)
(-18.6002,212.293,-35.2035)
(-89.2382,308.252,-113.467)
(-85.3176,289.175,-67.5648)
(-95.0439,319.641,-105.29)
(-112.13,271.386,-17.5767)
(153.6,-288.952,-78.5464)
(121.047,-276.705,-4.29919)
(152.908,-291.933,-74.1254)
(107.603,-255.209,-31.6525)
(-0.916785,319.135,85.8834)
(-30.4761,253.886,183.98)
(-5.40816,316.384,94.8141)
(78.2837,305.453,47.3924)
(255.369,-180.023,-33.6131)
(261.743,-224.12,-8.2234)
(-227.885,-221.125,38.6637)
(-163.596,-254.613,64.2939)
(298.439,94.9185,-18.1911)
(267.81,73.3901,-142.983)
(302.44,94.034,-20.3474)
(389.487,106.555,24.2884)
(306.878,96.2009,-30.0438)
(325.501,179.879,11.2908)
(-218.738,-229.15,10.2699)
(-169.562,-285.006,-46.9497)
(-292.194,-117.181,-81.8174)
(-336.564,-116.275,-49.5322)
(-290.525,-120.469,-81.0714)
(-268.465,-64.7174,-130.493)
(-301.895,-86.8169,11.6815)
(-252.79,-122.905,-53.7959)
(-309.336,-85.8714,17.2729)
(-316.105,-137.827,66.9665)
(-313.109,-86.3464,20.4224)
(-321.722,-107.864,44.6056)
(246.046,207.867,-30.7563)
(219.29,209.334,99.8568)
(314.075,96.9067,50.7481)
(274.2,49.9447,53.0266)
(318.316,93.7728,49.9254)
(291.194,94.6097,-48.9062)
(-299.51,-99.0996,-51.7875)
(-339.061,-57.7194,-55.7704)
(-320.689,-1.12789,68.59)
(-220.832,26.835,116.156)
(318,1.14072,-49.669)
(402.023,36.8501,-103.36)
(154.111,272.574,51.4776)
(136.572,282.713,-26.6096)
(125.27,-288.485,-50.8284)
(127.676,-325.204,-61.3935)
(311.759,53.467,-15.5537)
(287.414,34.2872,3.74449)
(-291.006,-133.604,42.0367)
(-277.696,21.861,36.0976)
(230.074,217.319,59.6271)
(223.228,221.174,27.7977)
(231.938,223.101,59.0837)
(361.88,307.43,-5.69639)
(-315.57,-102.185,-27.9837)
(-333.117,-144.388,-24.5984)
(307.648,-88.1363,39.2617)
(258.811,-168.347,48.5356)
(328.02,43.0991,8.38092)
(300.584,-43.5279,85.7656)
(330.929,47.3708,5.68852)
(283.108,-11.7009,-71.202)
(-46.1448,319.988,96.621)
(67.1137,430.117,144.446)
(219.26,-224.129,-66.8083)
(119.072,-280.342,-33.6634)
(215.159,-240.429,-63.2779)
(220.411,-233.777,-123.913)
(214.008,-244.012,-63.8259)
(205.472,-226.837,-60.4967)
(-215.985,235.148,105.826)
(-380.021,309.631,116.126)
(189.918,-250.149,45.1573)
(137.798,-250.981,-33.8136)
(2.41588,335.088,-55.6886)
(25.4354,362.741,-182.27)
0 events have been kept for refreshing and/or reviewing.
  "/vis/reviewKeptEvents" to review them one by one.
  "/vis/enable", then "/vis/viewer/flush" or "/vis/viewer/rebuild" to see them accumulated.
[Core-0] End of macro ./split/.Gate/main132/main1.mac
Graphics systems deleted.
Visualization Manager deleting...
