[G4] 
[G4] **************************************************************
[G4]  Geant4 version Name: geant4-10-07-patch-02    (11-June-2021)
[G4]                        Copyright : Geant4 Collaboration
[G4]                       References : NIM A 506 (2003), 250-303
[G4]                                  : IEEE-TNS 53 (2006), 270-278
[G4]                                  : NIM A 835 (2016), 186-225
[G4]                              WWW : http://geant4.org/
[G4] **************************************************************
[G4] 
[Core-0] Initialization of geometry
[Core-0] Initialization of physics
[Core-0] Initialization of actors
[Core-0] 
[Core-0] *************************************************
[Core-0]  GATE version 9.1 (2021)
[Core-0]  Copyright : OpenGATE Collaboration
[Core-0]  Reference : Phys. Med. Biol. 49 (2004) 4543-4561
[Core-0]  Reference : Phys. Med. Biol. 56 (2011) 881-901
[Core-0]  Reference : Med. Phys. 41(6)    (2014)
[Core-0]  http://www.opengatecollaboration.org        
[Core-0] *************************************************
[Core-0] 
[Core-0] You are using Geant4 version 10.7.2
[Core-0] Starting macro ./split/.Gate/main132/main10.mac
0: RINDEX
1.84e-06   1.00028
4.08e-06   1.00028
9: GROUPVEL
1.84e-06   299.709
4.08e-06   299.709
16: ABSLENGTH
1.84e-06   50000
4.08e-06   50000
 <!> *** WARNING *** <!>  GateMaterialDatabase: Multiple definition of element: Yttrium.
The definition in ClMind_GateMaterials.db was used.


GATE object:        'systems/cylindricalPET'
Components:

GATE object:        'systems/cylindricalPET/base'
Attached to volume: cylindricalPET
Nb of children:       1

	GATE object:        'systems/cylindricalPET/rsector'
	Attached to volume: module
	Nb of children:       1

		GATE object:        'systems/cylindricalPET/module'
		Attached to volume: unit
		Nb of children:       1

			GATE object:        'systems/cylindricalPET/submodule'
			Attached to volume: block
			Nb of children:       1

				GATE object:        'systems/cylindricalPET/crystal'
				Attached to volume: optical
				Nb of children:       4

					GATE object:        'systems/cylindricalPET/layer0'
					Attached to volume: crystal
					Nb of children:       0

					GATE object:        'systems/cylindricalPET/layer1'
					Attached to volume: ---
					Nb of children:       0

					GATE object:        'systems/cylindricalPET/layer2'
					Attached to volume: ---
					Nb of children:       0

					GATE object:        'systems/cylindricalPET/layer3'
					Attached to volume: ---
					Nb of children:       0
geometrical design type: 1
ring diameter: -3.95 mm 
rsector axial pitch: 0 fm 
rsector azimuthal pitch: 12.8571 degree
rsector tangential size: 2.5 cm 
rsector axial size: 25.04 cm 
module axial size: 4.784 cm 
module tangential size: 2.5 cm 
module axial pitch: 0 fm 
module tangential pitch: 0 fm 
submodule axial size: 4.784 cm 
submodule tangential size: 2.5 cm 
submodule axial pitch: 0 fm 
submodule tangential pitch: 0 fm 
crystal radial size: 1.59 cm 
crystal axial size: 1.59 cm 
crystal tangential size: 2.5 cm 
crystal axial pitch: 0 fm 
crystal tangential pitch: 0 fm 
layer0 radial size: 3.95 mm 
in layer0 interaction length: 1.975 mm 
Axial nb of rsectors: 1
Azimuthal nb of rsectors: 28
Axial nb of modules: 1
Tangential nb of modules: 1
Axial nb of submodules: 1
Tangential nb of submodules: 1
Axial nb of crystals: 1
Tangential nb of crystals: 1
Radial nb of layers: 1
[Physic-0] The following Geant4's physic-list is enabled :emstandard_opt3


List of Enabled processes:




List of initialized processes:


[Core-0] Initialization of geometry
[Core-0] Initialization of physics
[Core-0] Initialization of actors
 <!> *** WARNING *** <!>  The 'energytype' option is DEPRECATED, use 'ene/type' instead!
 <!> *** WARNING *** <!>  The 'energytype' option is DEPRECATED, use 'ene/type' instead!
 <!> *** WARNING *** <!>  The 'energytype' option is DEPRECATED, use 'ene/type' instead!
 <!> *** WARNING *** <!>  The 'energytype' option is DEPRECATED, use 'ene/type' instead!
 <!> *** WARNING *** <!>  The 'energytype' option is DEPRECATED, use 'ene/type' instead!
 <!> *** WARNING *** <!>  The 'energytype' option is DEPRECATED, use 'ene/type' instead!
 <!> *** WARNING *** <!>  The 'energytype' option is DEPRECATED, use 'ene/type' instead!
 <!> *** WARNING *** <!>  The 'energytype' option is DEPRECATED, use 'ene/type' instead!
 <!> *** WARNING *** <!>  The 'energytype' option is DEPRECATED, use 'ene/type' instead!
[Acquisition-0]   
[Acquisition-0] ============= Source initialization =============
[Acquisition-0]   
[Acquisition-0] ============= Acquisition starts! =============
[Acquisition-0] Simulation start time = 0 sec
[Acquisition-0] Simulation end time   = 1 sec
[Acquisition-0] Simulation will have  = 1 run(s)
[Acquisition-0] Slice 0 from 0 to 1 s [slice=1 s]

### ===  Deexcitation model UAtomDeexcitation is activated for 25 regions:
          DefaultRegionForTheWorld  1  1  1
          cylindricalPET  1  1  1
          module  1  1  1
          unit  1  1  1
          block  1  1  1
          optical  1  1  1
          crystal  1  1  1
          capillaire1  1  1  1
          capillaire1_water  1  1  1
          capillaire2  1  1  1
          capillaire2_water  1  1  1
          capillaire3  1  1  1
          capillaire3_water  1  1  1
          capillaire4  1  1  1
          capillaire4_water  1  1  1
          capillaire5  1  1  1
          capillaire5_water  1  1  1
          capillaire_m1  1  1  1
          capillaire_m1_water  1  1  1
          capillaire_m2  1  1  1
          capillaire_m2_water  1  1  1
          capillaire_m3  1  1  1
          capillaire_m3_water  1  1  1
          capillaire_m4  1  1  1
          capillaire_m4_water  1  1  1
### ===  Ignore cuts flag:   0

phot:  for gamma applyCuts:1  SubType=12 BuildTable=0
      LambdaPrime table from 200 keV to 100 TeV in 174 bins 
      ===== EM models for the G4Region  DefaultRegionForTheWorld ======
 LivermorePhElectric : Emin=    0 eV  Emax=  100 TeV  SauterGavrila Fluo

compt:  for gamma applyCuts:1  SubType=13 BuildTable=1
      Lambda table from 10 eV  to 1 MeV, 20 bins/decade, spline: 1
      LambdaPrime table from 1 MeV to 100 TeV in 160 bins 
      ===== EM models for the G4Region  DefaultRegionForTheWorld ======
        KleinNishina : Emin=    0 eV  Emax=  100 TeV Fluo

conv:  for gamma applyCuts:1  SubType=14 BuildTable=1
      Lambda table from 1.022 MeV to 100 TeV, 20 bins/decade, spline: 1
      ===== EM models for the G4Region  DefaultRegionForTheWorld ======
     BetheHeitlerLPM : Emin=    0 eV  Emax=  100 TeV  ModifiedTsai

Rayl:  for gamma applyCuts:1  SubType=11 BuildTable=1
      Lambda table from 10 eV  to 100 keV, 20 bins/decade, spline: 0
      LambdaPrime table from 100 keV to 100 TeV in 180 bins 
      ===== EM models for the G4Region  DefaultRegionForTheWorld ======
   LivermoreRayleigh : Emin=    0 eV  Emax=  100 TeV  CullenGenerator

msc:  for e-  SubType= 10
      ===== EM models for the G4Region  DefaultRegionForTheWorld ======
            UrbanMsc : Emin=    0 eV  Emax=  100 TeV Nbins=240 100 eV  - 100 TeV
              StepLim=DistanceToBoundary Rfact=0.04 Gfact=2.5 Sfact=0.6 DispFlag:1 Skin=1 Llimit=1

eIoni:  for e-  SubType=2
      dE/dx and range tables from 10 eV  to 100 TeV in 260 bins
      Lambda tables from threshold to 100 TeV, 20 bins/decade, spline: 1
      StepFunction=(0.2, 0.1 mm), integ: 1, fluct: 1, linLossLim= 0.01
      ===== EM models for the G4Region  DefaultRegionForTheWorld ======
        MollerBhabha : Emin=    0 eV  Emax=  100 TeV  deltaVI

eBrem:  for e-  SubType=3
      dE/dx and range tables from 10 eV  to 100 TeV in 260 bins
      Lambda tables from threshold to 100 TeV, 20 bins/decade, spline: 1
      LPM flag: 1 for E > 1 GeV,  VertexHighEnergyTh(GeV)= 100000
      ===== EM models for the G4Region  DefaultRegionForTheWorld ======
             eBremSB : Emin=    0 eV  Emax=    1 GeV  AngularGen2BS
            eBremLPM : Emin=    1 GeV Emax=  100 TeV  AngularGen2BS

ePairProd:  for e-  SubType=4
      dE/dx and range tables from 10 eV  to 100 TeV in 260 bins
      Lambda tables from threshold to 100 TeV, 20 bins/decade, spline: 1
      Sampling table 25x1001; from 0.1 GeV to 100 TeV 
      ===== EM models for the G4Region  DefaultRegionForTheWorld ======
           ePairProd : Emin=    0 eV  Emax=  100 TeV  ModifiedMephi

msc:  for e+  SubType= 10
      ===== EM models for the G4Region  DefaultRegionForTheWorld ======
            UrbanMsc : Emin=    0 eV  Emax=  100 TeV Nbins=240 100 eV  - 100 TeV
              StepLim=DistanceToBoundary Rfact=0.04 Gfact=2.5 Sfact=0.6 DispFlag:1 Skin=1 Llimit=1

eIoni:  for e+  SubType=2
      dE/dx and range tables from 10 eV  to 100 TeV in 260 bins
      Lambda tables from threshold to 100 TeV, 20 bins/decade, spline: 1
      StepFunction=(0.2, 0.1 mm), integ: 1, fluct: 1, linLossLim= 0.01
      ===== EM models for the G4Region  DefaultRegionForTheWorld ======
        MollerBhabha : Emin=    0 eV  Emax=  100 TeV  deltaVI

eBrem:  for e+  SubType=3
      dE/dx and range tables from 10 eV  to 100 TeV in 260 bins
      Lambda tables from threshold to 100 TeV, 20 bins/decade, spline: 1
      LPM flag: 1 for E > 1 GeV,  VertexHighEnergyTh(GeV)= 100000
      ===== EM models for the G4Region  DefaultRegionForTheWorld ======
             eBremSB : Emin=    0 eV  Emax=    1 GeV  AngularGen2BS
            eBremLPM : Emin=    1 GeV Emax=  100 TeV  AngularGen2BS

ePairProd:  for e+  SubType=4
      dE/dx and range tables from 10 eV  to 100 TeV in 260 bins
      Lambda tables from threshold to 100 TeV, 20 bins/decade, spline: 1
      Sampling table 25x1001; from 0.1 GeV to 100 TeV 
      ===== EM models for the G4Region  DefaultRegionForTheWorld ======
           ePairProd : Emin=    0 eV  Emax=  100 TeV  ModifiedMephi

annihil:  for e+, integral:1  applyCuts:1  SubType=5 BuildTable=0
      ===== EM models for the G4Region  DefaultRegionForTheWorld ======
            eplus2gg : Emin=    0 eV  Emax=  100 TeV

msc:  for proton  SubType= 10
      ===== EM models for the G4Region  DefaultRegionForTheWorld ======
            UrbanMsc : Emin=    0 eV  Emax=  100 TeV Nbins=240 100 eV  - 100 TeV
              StepLim=Minimal Rfact=0.2 Gfact=2.5 Sfact=0.6 DispFlag:1 Skin=1 Llimit=1

hIoni:  for proton  SubType=2
      dE/dx and range tables from 10 eV  to 100 TeV in 260 bins
      Lambda tables from threshold to 100 TeV, 20 bins/decade, spline: 1
      StepFunction=(0.2, 0.05 mm), integ: 1, fluct: 1, linLossLim= 0.01
      ===== EM models for the G4Region  DefaultRegionForTheWorld ======
               Bragg : Emin=    0 eV  Emax=    2 MeV  deltaVI
          BetheBloch : Emin=    2 MeV Emax=  100 TeV  deltaVI

hBrems:  for proton  SubType=3
      dE/dx and range tables from 10 eV  to 100 TeV in 260 bins
      Lambda tables from threshold to 100 TeV, 20 bins/decade, spline: 1
      ===== EM models for the G4Region  DefaultRegionForTheWorld ======
               hBrem : Emin=    0 eV  Emax=  100 TeV  ModifiedMephi
      ===== Limit on energy threshold has been applied 

hPairProd:  for proton  SubType=4
      dE/dx and range tables from 10 eV  to 100 TeV in 260 bins
      Lambda tables from threshold to 100 TeV, 20 bins/decade, spline: 1
      Sampling table 17x1001; from 7.50618 GeV to 100 TeV 
      ===== EM models for the G4Region  DefaultRegionForTheWorld ======
           hPairProd : Emin=    0 eV  Emax=  100 TeV  ModifiedMephi

nuclearStopping:  for proton applyCuts:1  SubType=8 BuildTable=0
      ===== EM models for the G4Region  DefaultRegionForTheWorld ======
   ICRU49NucStopping : Emin=    0 eV  Emax=    1 MeV

msc:  for GenericIon  SubType= 10
      ===== EM models for the G4Region  DefaultRegionForTheWorld ======
            UrbanMsc : Emin=    0 eV  Emax=  100 TeV
              StepLim=Minimal Rfact=0.2 Gfact=2.5 Sfact=0.6 DispFlag:1 Skin=1 Llimit=1

ionIoni:  for GenericIon  SubType=2
      dE/dx and range tables from 10 eV  to 100 TeV in 260 bins
      Lambda tables from threshold to 100 TeV, 20 bins/decade, spline: 1
      StepFunction=(0.1, 0.02 mm), integ: 1, fluct: 1, linLossLim= 0.02
      ===== EM models for the G4Region  DefaultRegionForTheWorld ======
         ParamICRU73 : Emin=    0 eV  Emax=  100 TeV  deltaVI

nuclearStopping:  for GenericIon applyCuts:1  SubType=8 BuildTable=0
      ===== EM models for the G4Region  DefaultRegionForTheWorld ======
   ICRU49NucStopping : Emin=    0 eV  Emax=    1 MeV

msc:  for alpha  SubType= 10
      ===== EM models for the G4Region  DefaultRegionForTheWorld ======
            UrbanMsc : Emin=    0 eV  Emax=  100 TeV Nbins=240 100 eV  - 100 TeV
              StepLim=Minimal Rfact=0.2 Gfact=2.5 Sfact=0.6 DispFlag:1 Skin=1 Llimit=1

ionIoni:  for alpha  SubType=2
      dE/dx and range tables from 10 eV  to 100 TeV in 260 bins
      Lambda tables from threshold to 100 TeV, 20 bins/decade, spline: 1
      StepFunction=(0.1, 0.02 mm), integ: 1, fluct: 1, linLossLim= 0.02
      ===== EM models for the G4Region  DefaultRegionForTheWorld ======
            BraggIon : Emin=    0 eV  Emax=7.9452 MeV  deltaVI
          BetheBloch : Emin=7.9452 MeV Emax=  100 TeV  deltaVI

nuclearStopping:  for alpha applyCuts:1  SubType=8 BuildTable=0
      ===== EM models for the G4Region  DefaultRegionForTheWorld ======
   ICRU49NucStopping : Emin=    0 eV  Emax=    1 MeV

msc:  for anti_proton  SubType= 10
      ===== EM models for the G4Region  DefaultRegionForTheWorld ======
            UrbanMsc : Emin=    0 eV  Emax=  100 TeV Nbins=240 100 eV  - 100 TeV
              StepLim=Minimal Rfact=0.2 Gfact=2.5 Sfact=0.6 DispFlag:1 Skin=1 Llimit=1

hIoni:  for anti_proton  SubType=2
      dE/dx and range tables from 10 eV  to 100 TeV in 260 bins
      Lambda tables from threshold to 100 TeV, 20 bins/decade, spline: 1
      StepFunction=(0.2, 0.05 mm), integ: 1, fluct: 1, linLossLim= 0.01
      ===== EM models for the G4Region  DefaultRegionForTheWorld ======
            ICRU73QO : Emin=    0 eV  Emax=    2 MeV  deltaVI
          BetheBloch : Emin=    2 MeV Emax=  100 TeV  deltaVI

hBrems:  for anti_proton  SubType=3
      dE/dx and range tables from 10 eV  to 100 TeV in 260 bins
      Lambda tables from threshold to 100 TeV, 20 bins/decade, spline: 1
      ===== EM models for the G4Region  DefaultRegionForTheWorld ======
               hBrem : Emin=    0 eV  Emax=  100 TeV  ModifiedMephi
      ===== Limit on energy threshold has been applied 

hPairProd:  for anti_proton  SubType=4
      dE/dx and range tables from 10 eV  to 100 TeV in 260 bins
      Lambda tables from threshold to 100 TeV, 20 bins/decade, spline: 1
      Sampling table 17x1001; from 7.50618 GeV to 100 TeV 
      ===== EM models for the G4Region  DefaultRegionForTheWorld ======
           hPairProd : Emin=    0 eV  Emax=  100 TeV  ModifiedMephi

msc:  for kaon+  SubType= 10
      ===== EM models for the G4Region  DefaultRegionForTheWorld ======
            UrbanMsc : Emin=    0 eV  Emax=  100 TeV Nbins=240 100 eV  - 100 TeV
              StepLim=Minimal Rfact=0.2 Gfact=2.5 Sfact=0.6 DispFlag:1 Skin=1 Llimit=1

hIoni:  for kaon+  SubType=2
      dE/dx and range tables from 10 eV  to 100 TeV in 260 bins
      Lambda tables from threshold to 100 TeV, 20 bins/decade, spline: 1
      StepFunction=(0.2, 0.05 mm), integ: 1, fluct: 1, linLossLim= 0.01
      ===== EM models for the G4Region  DefaultRegionForTheWorld ======
               Bragg : Emin=    0 eV  Emax=1.05231 MeV  deltaVI
          BetheBloch : Emin=1.05231 MeV Emax=  100 TeV  deltaVI

hBrems:  for kaon+  SubType=3
      dE/dx and range tables from 10 eV  to 100 TeV in 260 bins
      Lambda tables from threshold to 100 TeV, 20 bins/decade, spline: 1
      ===== EM models for the G4Region  DefaultRegionForTheWorld ======
               hBrem : Emin=    0 eV  Emax=  100 TeV  ModifiedMephi
      ===== Limit on energy threshold has been applied 

hPairProd:  for kaon+  SubType=4
      dE/dx and range tables from 10 eV  to 100 TeV in 260 bins
      Lambda tables from threshold to 100 TeV, 20 bins/decade, spline: 1
      Sampling table 18x1001; from 3.94942 GeV to 100 TeV 
      ===== EM models for the G4Region  DefaultRegionForTheWorld ======
           hPairProd : Emin=    0 eV  Emax=  100 TeV  ModifiedMephi

msc:  for kaon-  SubType= 10
      ===== EM models for the G4Region  DefaultRegionForTheWorld ======
            UrbanMsc : Emin=    0 eV  Emax=  100 TeV Nbins=240 100 eV  - 100 TeV
              StepLim=Minimal Rfact=0.2 Gfact=2.5 Sfact=0.6 DispFlag:1 Skin=1 Llimit=1

hIoni:  for kaon-  SubType=2
      dE/dx and range tables from 10 eV  to 100 TeV in 260 bins
      Lambda tables from threshold to 100 TeV, 20 bins/decade, spline: 1
      StepFunction=(0.2, 0.05 mm), integ: 1, fluct: 1, linLossLim= 0.01
      ===== EM models for the G4Region  DefaultRegionForTheWorld ======
            ICRU73QO : Emin=    0 eV  Emax=1.05231 MeV  deltaVI
          BetheBloch : Emin=1.05231 MeV Emax=  100 TeV  deltaVI

hBrems:  for kaon-  SubType=3
      dE/dx and range tables from 10 eV  to 100 TeV in 260 bins
      Lambda tables from threshold to 100 TeV, 20 bins/decade, spline: 1
      ===== EM models for the G4Region  DefaultRegionForTheWorld ======
               hBrem : Emin=    0 eV  Emax=  100 TeV  ModifiedMephi
      ===== Limit on energy threshold has been applied 

hPairProd:  for kaon-  SubType=4
      dE/dx and range tables from 10 eV  to 100 TeV in 260 bins
      Lambda tables from threshold to 100 TeV, 20 bins/decade, spline: 1
      Sampling table 18x1001; from 3.94942 GeV to 100 TeV 
      ===== EM models for the G4Region  DefaultRegionForTheWorld ======
           hPairProd : Emin=    0 eV  Emax=  100 TeV  ModifiedMephi

msc:  for mu+  SubType= 10
      ===== EM models for the G4Region  DefaultRegionForTheWorld ======
            UrbanMsc : Emin=    0 eV  Emax=  100 TeV Nbins=240 100 eV  - 100 TeV
              StepLim=Minimal Rfact=0.2 Gfact=2.5 Sfact=0.6 DispFlag:1 Skin=1 Llimit=1

muIoni:  for mu+  SubType=2
      dE/dx and range tables from 10 eV  to 100 TeV in 260 bins
      Lambda tables from threshold to 100 TeV, 20 bins/decade, spline: 1
      StepFunction=(0.2, 0.05 mm), integ: 1, fluct: 1, linLossLim= 0.01
      ===== EM models for the G4Region  DefaultRegionForTheWorld ======
               Bragg : Emin=    0 eV  Emax=  200 keV  deltaVI
          BetheBloch : Emin=  200 keV Emax=    1 GeV  deltaVI
        MuBetheBloch : Emin=    1 GeV Emax=  100 TeV

muBrems:  for mu+  SubType=3
      dE/dx and range tables from 10 eV  to 100 TeV in 260 bins
      Lambda tables from threshold to 100 TeV, 20 bins/decade, spline: 1
      ===== EM models for the G4Region  DefaultRegionForTheWorld ======
              MuBrem : Emin=    0 eV  Emax=  100 TeV  ModifiedMephi
      ===== Limit on energy threshold has been applied 

muPairProd:  for mu+  SubType=4
      dE/dx and range tables from 10 eV  to 100 TeV in 260 bins
      Lambda tables from threshold to 100 TeV, 20 bins/decade, spline: 1
      Sampling table 21x1001; from 1 GeV to 100 TeV 
      ===== EM models for the G4Region  DefaultRegionForTheWorld ======
          muPairProd : Emin=    0 eV  Emax=  100 TeV  ModifiedMephi

msc:  for mu-  SubType= 10
      ===== EM models for the G4Region  DefaultRegionForTheWorld ======
            UrbanMsc : Emin=    0 eV  Emax=  100 TeV Nbins=240 100 eV  - 100 TeV
              StepLim=Minimal Rfact=0.2 Gfact=2.5 Sfact=0.6 DispFlag:1 Skin=1 Llimit=1

muIoni:  for mu-  SubType=2
      dE/dx and range tables from 10 eV  to 100 TeV in 260 bins
      Lambda tables from threshold to 100 TeV, 20 bins/decade, spline: 1
      StepFunction=(0.2, 0.05 mm), integ: 1, fluct: 1, linLossLim= 0.01
      ===== EM models for the G4Region  DefaultRegionForTheWorld ======
            ICRU73QO : Emin=    0 eV  Emax=  200 keV  deltaVI
          BetheBloch : Emin=  200 keV Emax=    1 GeV  deltaVI
        MuBetheBloch : Emin=    1 GeV Emax=  100 TeV

muBrems:  for mu-  SubType=3
      dE/dx and range tables from 10 eV  to 100 TeV in 260 bins
      Lambda tables from threshold to 100 TeV, 20 bins/decade, spline: 1
      ===== EM models for the G4Region  DefaultRegionForTheWorld ======
              MuBrem : Emin=    0 eV  Emax=  100 TeV  ModifiedMephi
      ===== Limit on energy threshold has been applied 

muPairProd:  for mu-  SubType=4
      dE/dx and range tables from 10 eV  to 100 TeV in 260 bins
      Lambda tables from threshold to 100 TeV, 20 bins/decade, spline: 1
      Sampling table 21x1001; from 1 GeV to 100 TeV 
      ===== EM models for the G4Region  DefaultRegionForTheWorld ======
          muPairProd : Emin=    0 eV  Emax=  100 TeV  ModifiedMephi

msc:  for pi+  SubType= 10
      ===== EM models for the G4Region  DefaultRegionForTheWorld ======
            UrbanMsc : Emin=    0 eV  Emax=  100 TeV Nbins=240 100 eV  - 100 TeV
              StepLim=Minimal Rfact=0.2 Gfact=2.5 Sfact=0.6 DispFlag:1 Skin=1 Llimit=1

hIoni:  for pi+  SubType=2
      dE/dx and range tables from 10 eV  to 100 TeV in 260 bins
      Lambda tables from threshold to 100 TeV, 20 bins/decade, spline: 1
      StepFunction=(0.2, 0.05 mm), integ: 1, fluct: 1, linLossLim= 0.01
      ===== EM models for the G4Region  DefaultRegionForTheWorld ======
               Bragg : Emin=    0 eV  Emax=297.505 keV  deltaVI
          BetheBloch : Emin=297.505 keV Emax=  100 TeV  deltaVI

hBrems:  for pi+  SubType=3
      dE/dx and range tables from 10 eV  to 100 TeV in 260 bins
      Lambda tables from threshold to 100 TeV, 20 bins/decade, spline: 1
      ===== EM models for the G4Region  DefaultRegionForTheWorld ======
               hBrem : Emin=    0 eV  Emax=  100 TeV  ModifiedMephi
      ===== Limit on energy threshold has been applied 

hPairProd:  for pi+  SubType=4
      dE/dx and range tables from 10 eV  to 100 TeV in 260 bins
      Lambda tables from threshold to 100 TeV, 20 bins/decade, spline: 1
      Sampling table 20x1001; from 1.11656 GeV to 100 TeV 
      ===== EM models for the G4Region  DefaultRegionForTheWorld ======
           hPairProd : Emin=    0 eV  Emax=  100 TeV  ModifiedMephi

msc:  for pi-  SubType= 10
      ===== EM models for the G4Region  DefaultRegionForTheWorld ======
            UrbanMsc : Emin=    0 eV  Emax=  100 TeV Nbins=240 100 eV  - 100 TeV
              StepLim=Minimal Rfact=0.2 Gfact=2.5 Sfact=0.6 DispFlag:1 Skin=1 Llimit=1

hIoni:  for pi-  SubType=2
      dE/dx and range tables from 10 eV  to 100 TeV in 260 bins
      Lambda tables from threshold to 100 TeV, 20 bins/decade, spline: 1
      StepFunction=(0.2, 0.05 mm), integ: 1, fluct: 1, linLossLim= 0.01
      ===== EM models for the G4Region  DefaultRegionForTheWorld ======
            ICRU73QO : Emin=    0 eV  Emax=297.505 keV  deltaVI
          BetheBloch : Emin=297.505 keV Emax=  100 TeV  deltaVI

hBrems:  for pi-  SubType=3
      dE/dx and range tables from 10 eV  to 100 TeV in 260 bins
      Lambda tables from threshold to 100 TeV, 20 bins/decade, spline: 1
      ===== EM models for the G4Region  DefaultRegionForTheWorld ======
               hBrem : Emin=    0 eV  Emax=  100 TeV  ModifiedMephi
      ===== Limit on energy threshold has been applied 

hPairProd:  for pi-  SubType=4
      dE/dx and range tables from 10 eV  to 100 TeV in 260 bins
      Lambda tables from threshold to 100 TeV, 20 bins/decade, spline: 1
      Sampling table 20x1001; from 1.11656 GeV to 100 TeV 
      ===== EM models for the G4Region  DefaultRegionForTheWorld ======
           hPairProd : Emin=    0 eV  Emax=  100 TeV  ModifiedMephi
G4VisManager: Using G4TrajectoryDrawByCharge as fallback trajectory model.
See commands in /vis/modeling/trajectories/ for other options.

### ===  Deexcitation model UAtomDeexcitation is activated for 25 regions:
          DefaultRegionForTheWorld  1  1  1
          cylindricalPET  1  1  1
          module  1  1  1
          unit  1  1  1
          block  1  1  1
          optical  1  1  1
          crystal  1  1  1
          capillaire1  1  1  1
          capillaire1_water  1  1  1
          capillaire2  1  1  1
          capillaire2_water  1  1  1
          capillaire3  1  1  1
          capillaire3_water  1  1  1
          capillaire4  1  1  1
          capillaire4_water  1  1  1
          capillaire5  1  1  1
          capillaire5_water  1  1  1
          capillaire_m1  1  1  1
          capillaire_m1_water  1  1  1
          capillaire_m2  1  1  1
          capillaire_m2_water  1  1  1
          capillaire_m3  1  1  1
          capillaire_m3_water  1  1  1
          capillaire_m4  1  1  1
          capillaire_m4_water  1  1  1
### ===  Ignore cuts flag:   0
(292.071,-137.487,-68.9916)
(160.575,-116.95,-41.5434)
(-67.3308,-306.859,49.9204)
(-68.553,-368.91,20.5105)
(89.3884,313.973,-49.4061)
(161.749,267.615,-32.1393)
(-135.064,284.604,16.5604)
(-162.625,310.651,105.577)
(-133.357,290.382,11.8015)
(-40.2726,363.337,-24.547)
(-131.324,302.911,15.1962)
(-64.1754,236.849,-75.5859)
(209.898,-244.846,-14.6005)
(274.673,-267.792,-94.2237)
(210.789,-244.885,-14.8128)
(195.886,-266.439,-41.3964)
(-165.18,270.584,112.675)
(-103.026,326.475,14.2671)
(282.769,-170.167,-73.4115)
(322.697,-130.775,-102.058)
(285.892,-168.572,-72.4872)
(344.728,-222.121,30.5382)
(284.844,-128.992,-124.848)
(379.802,-151.196,-213.672)
(-306.686,80.1381,78.0611)
(-332.034,156.962,216.195)
(-281.808,-134.496,-89.124)
(-260.831,-76.7026,-67.3604)
(303.258,-126.781,-78.9299)
(335.161,-148.353,-39.4229)
(301.926,-129.681,-73.4819)
(389.168,-74.9922,-63.4545)
(-252.421,190.524,119.123)
(-242.104,144.997,62.4329)
(-86.576,304.106,-7.67548)
(-165.442,302.151,72.2841)
(-67.0511,326.199,-13.6779)
(-100.773,358.3,-34.1975)
(-12.3088,-318.764,10.2306)
(16.6266,-319.332,-82.7131)
(-10.1871,-318.021,14.3145)
(-27.0809,-348.43,-5.2278)
(-246.419,-191.18,-119.362)
(-323.413,-114.025,-147.108)
(289.966,-123.653,-17.4241)
(316.096,-65.8732,-50.0352)
(128.439,-286.23,-72.9822)
(98.4094,-258.043,-103.274)
(90.4312,300.427,80.825)
(59.7293,421.372,80.7259)
(133.409,-284.907,43.6387)
(74.4021,-325.968,32.0837)
(132.753,-286.652,45.3067)
(71.7818,-287.329,-18.7764)
(137.243,-284.099,46.2168)
(120.117,-255.967,146.781)
(-287.14,152.867,-22.8043)
(-340.989,306.739,-38.7112)
(-239.259,-210.334,120.757)
(-249.642,-232.002,92.2033)
(281.885,169.362,-99.4978)
(294.576,169.47,-177.74)
(284.414,171.89,-86.4591)
(143.135,200.219,-106.671)
(-309.178,50.0722,117.365)
(-286.848,45.5416,105.961)
(-91.6213,-318.228,-83.6615)
(-147.413,-344.795,-96.0499)
(-179.556,267.648,-16.9398)
(-195.451,177.751,-5.82657)
(-27.8451,-314.876,22.8762)
(-9.99786,-340.412,67.1933)
(-20.4178,-315.595,27.4824)
(-69.2251,-292.663,41.9751)
(-312.002,-60.6343,-6.11176)
(-349.757,18.9117,-28.8718)
(-314.539,-63.1622,1.52554)
(-231.118,-2.71778,-89.614)
(303.305,124.534,13.2124)
(318.112,115.027,-11.3869)
(304.249,123.543,12.3355)
(325.588,49.8612,31.1691)
(305.023,111.716,3.82363)
(269.306,66.477,11.73)
(-310.913,-115.951,107.021)
(-359.214,-32.5484,112.099)
(320.621,58.4073,-50.9829)
(368.041,-29.837,-63.7932)
(-190.89,258.303,-103.412)
(-186.64,253.745,-134.942)
(-192.983,260.2,-106.888)
(-247.136,361.713,-126.803)
(234.359,243.149,-91.8094)
(161.261,240.477,0.517923)
(-108.952,-297.673,109.585)
(-105.189,-272.368,73.631)
(72.6174,-316.1,-82.7344)
(152.099,-333.044,-63.5564)
(235.546,-206.113,54.7943)
(102.881,-163.854,51.3349)
(-133.784,282.603,-77.7261)
(-184.857,311.842,13.0467)
(-152.639,280.399,61.9349)
(-126.615,405.68,-12.4872)
(-152.184,282.235,64.0657)
(-125.382,451.983,70.0025)
(-285.71,147.887,120.051)
(-301.442,169.793,124.23)
(-286.558,145.938,119.616)
(-208.351,114.341,17.5395)
(-115.629,297.863,-63.5135)
(-79.4717,320.917,-82.0083)
(-114.707,299.038,-65.4128)
(-132.157,322.684,-116.089)
(308.193,115.792,69.814)
(207.978,171.568,120.6)
(318.454,105.763,52.7973)
(282.717,144.333,-13.4411)
(-248.925,-210.276,-121.591)
(-209.104,-240.81,-232.817)
(-247.891,-211.375,-111.561)
(-137.795,-170.253,-102.99)
(284.672,134.914,-10.9522)
(246.39,147.284,-28.1344)
(-301.56,-101.612,7.71494)
(-196.419,-154.041,-32.3388)
(-67.3971,311.505,64.527)
(-13.6966,351.838,19.3334)
(-65.3433,310.532,66.4913)
(-3.70556,312.869,115.55)
(196.434,-243.869,-54.2557)
(173.973,-181.381,-70.4842)
(-1.98174,-318.41,4.44636)
(-99.8675,-298.339,-14.5962)
(98.3118,297.507,-6.93587)
(42.9299,427.73,-45.2469)
(100.407,299.538,-13.0595)
(137.181,195.564,-18.259)
(101.176,300.919,-15.0563)
(229.685,282.641,-156.787)
(-321.485,-52.4604,111.119)
(-326.372,82.3552,136.188)
(264.696,207.252,49.805)
(212.655,286.374,54.0938)
(-280.823,-151.623,-40.4632)
(-251.727,-212.469,-14.1056)
(44.2157,-317.152,98.8228)
(33.1053,-345.402,39.1458)
(313.679,50.6557,-50.1405)
(422.182,14.9566,-58.7604)
(-312.408,-69.7503,112.966)
(-337.476,-91.4601,71.0583)
(-15.6365,-331.496,2.14572)
(-106.417,-224.121,-19.2615)
(159.959,276.581,1.21816)
(195.824,289.918,45.7098)
(162.133,275.136,0.696994)
(179.185,185.164,-17.0726)
(62.1094,310.943,0.527727)
(41.6342,337.554,-26.8813)
(58.5469,314.791,-1.43494)
(66.4988,392.3,-29.1138)
(57.3964,325.05,-1.56446)
(-17.6918,347.849,94.8596)
(173.498,-264.225,11.9256)
(81.2727,-279.797,-44.9776)
(321.396,11.387,70.8378)
(228.769,-27.8177,147.281)
(-300.823,-109.508,42.3032)
(-292.681,-1.4824,83.6589)
(222.24,247.872,-96.1788)
(221.32,287.782,-71.9233)
(313.302,-14.7614,14.1911)
(254.599,17.8134,-0.62734)
(315.991,-16.8711,9.05114)
(370.951,47.9519,-6.46764)
(325.269,-16.9425,6.66908)
(198.876,-12.7477,23.372)
(281.793,145.79,68.2717)
(303.361,290.059,110.76)
(285.467,157.695,74.2018)
(295.3,108.852,94.9013)
(283.149,164.349,64.7677)
(355.383,260.378,62.893)
(208.481,-241.187,72.0582)
(191.46,-253.393,49.6886)
(-239.361,-200.177,71.4783)
(-184.43,-114.962,116.624)
(163.342,267.413,-94.5817)
(158.38,268.511,-83.1349)
(174.287,260.742,-58.23)
(209.294,206.744,-90.4141)
(30.4642,-313.091,62.3523)
(-35.8963,-463.063,55.7858)
(-124.819,289.496,-54.6586)
(-123.606,350.293,-97.3599)
(-296.288,-108.04,-71.3362)
(-314.228,-84.0695,-142.368)
(-316.411,-0.232049,-83.8682)
(-330.156,80.0628,-154.909)
(-260.155,175.382,60.4706)
(-170.585,178.452,100.35)
(70.2654,-306.275,-106.837)
(50.5168,-259.362,-101.758)
(-179.604,255.717,-19.4632)
(-129.712,101.538,-50.0343)
(-302.844,74.499,-43.764)
(-256.015,134.974,-72.3142)
(-306.302,80.9275,-38.3393)
(-367.134,19.2368,-62.6186)
(294.79,111.279,-113.495)
(378.717,26.8739,-139.674)
(321.683,56.0704,-70.1422)
(301.386,-5.70501,-31.9656)
(-321.832,-92.9317,114.818)
(-327.15,-152.549,92.9322)
(311.04,-39.0028,-73.8244)
(376.051,-31.427,-64.9574)
(-317.955,29.3623,52.3038)
(-270.744,75.3626,73.0887)
(-318.155,27.5504,55.5845)
(-295.327,-40.0547,111.84)
(-301.344,82.0933,68.6525)
(-242.324,-71.447,47.1649)
(223.001,-250.206,94.5209)
(180.617,-323.752,122.283)
(219.482,-254.335,99.288)
(276.153,-242.328,92.8879)
(215.099,-252.006,100.05)
(152.496,-160.051,98.073)
(-95.174,307.678,-113.849)
(-135.258,362.225,-108.618)
(-249.409,-205.917,10.2242)
(-177.716,-230.918,-23.9268)
(302.696,110.009,-3.02245)
(343.202,237.466,45.8943)
(307.518,65.3627,6.03418)
(305.525,164.83,-22.1258)
(-272.02,-161.498,-12.0574)
(-310.885,-183.971,-65.9899)
(225.511,-219.059,-114.232)
(191.182,-100.338,-17.9414)
(-297.666,145.1,38.1034)
(-438.14,114.019,35.7155)
(261.615,-183.117,-49.1046)
(254.525,-168.973,-89.6105)
(263.544,-181.057,-48.0929)
(296.839,-240.128,-37.9853)
(262.51,-181.844,-47.7679)
(314.249,-89.4209,5.9551)
(-160.457,273.845,109.966)
(-174.07,326.723,121.976)
(300.841,93.499,99.9488)
(318.878,130.679,97.6653)
(304.398,98.4522,108.903)
(332.585,102.948,206.812)
(118.841,308.026,-73.8955)
(88.1639,285.245,-49.9162)
(120.004,307.961,-83.07)
(191.696,349.816,-187.273)
(-96.2319,-298.444,70.0886)
(-119.706,-358.389,101.913)
(-331.203,23.7996,-80.8018)
(-285.628,47.5068,-94.6603)
(-336.329,25.1125,-81.787)
(-317.608,43.6953,-159.798)
(-305.624,87.0898,-46.281)
(-277.568,40.9374,79.8678)
(-322.658,89.5295,-46.4855)
(-303.28,111.618,-100.579)
(-46.24,-315.452,-115.471)
(-89.6489,-345.182,-141.849)
(-46.6879,-318.707,-120.387)
(-9.15607,-289.655,-164.869)
(-49.2744,-324.59,-117.975)
(11.1872,-331.569,-106.422)
(294.848,117.862,122.891)
(287.211,26.8083,122.106)
(-309.795,-88.4505,-92.8723)
(-350.58,-136.839,-57.1592)
(-301.287,115.022,62.2314)
(-292.994,77.9712,26.5419)
(-306.597,116.555,64.6009)
(-284.186,73.3566,91.2246)
(-300.24,117.926,-47.2835)
(-425.407,81.7682,-119.393)
(-304.98,117.208,-45.0913)
(-241.388,144.582,5.31392)
(-314.539,98.7905,-36.0157)
(-259.363,138.495,-44.5498)
(266.88,-185.912,77.5448)
(209.561,-186.872,-59.2245)
(-284.343,138.73,32.9038)
(-235.009,295.753,68.1292)
(-288.777,144.798,5.08146)
(-307.47,137.764,37.5328)
(315.968,7.14545,-35.9997)
(364.415,3.66773,-153.535)
(317.862,2.51783,-34.2335)
(247.422,61.0061,-111.809)
(-320.25,-3.04157,12.9896)
(-194.865,13.8623,-38.265)
(-67.2608,305.988,-32.4453)
(-31.9863,295.923,30.782)
(-197.709,-243.506,27.1949)
(-217.107,-179.79,41.7937)
(-279.603,-147.388,71.9423)
(-340.82,-118.234,-11.194)
(294.939,144.928,-66.903)
(343.145,139.77,11.4488)
(293.706,147.587,-65.0381)
(323.122,201.832,-25.8428)
(-249.925,193.803,-7.63849)
(-257.381,137.676,-58.0725)
(-250.929,197.656,-9.01589)
(-189.648,140.048,14.964)
(-320.201,0.540891,-116.309)
(-337.691,62.7865,-183.166)
(-236.166,-228.274,10.4966)
(-217.292,-239.38,49.7393)
(-242.371,-221.407,4.74874)
(-227.132,-274.594,65.9834)
(279.099,144.098,-4.28904)
(333.953,63.4652,-19.7748)
(123.565,306.527,15.1409)
(181.356,238.41,40.8531)
(129.642,302.176,20.1605)
(198.451,344.541,149.183)
(276.488,-159.067,-74.1103)
(216.957,-135.797,-129.241)
(-210.889,235.049,106.958)
(-155.701,235.938,84.7983)
(210.313,239.515,91.6851)
(282.828,289.085,110.736)
(208.282,242.256,90.0243)
(229.609,216.439,9.25364)
(-260.21,-193.682,-71.2933)
(-337.796,-144.636,6.55446)
(-184.982,276.803,117.414)
(-24.8241,267.879,88.3644)
(319.174,13.3026,-39.6511)
(356.762,-61.7771,52.9728)
(-316.234,-54.1397,74.5449)
(-332.04,-91.2479,121.029)
(128.166,287.703,-66.3492)
(193.146,281.929,-104.518)
(139.625,290.891,-66.8221)
(99.1333,215.55,-160.234)
(-260.932,-182.375,45.125)
(-205.866,-143.989,-17.7889)
(-322.901,20.8705,101.53)
(-257.815,74.1748,51.7932)
(-244.577,200.035,22.8066)
(-169.796,205.058,104.673)
(291.645,126.069,-117.218)
(229.482,138.932,-162.778)
(117.912,297.405,-32.7905)
(162.674,295.761,56.9904)
(-99.927,-302.974,34.571)
(-185.194,-294.231,75.991)
(55.298,-317.476,56.4293)
(62.8482,-333.278,95.9388)
(-144.704,284.279,-50.4297)
(-132.134,267.578,-87.7579)
(-141.664,281.236,-58.589)
(-252.124,372.507,-68.5105)
(-141.673,281.213,-58.7703)
(-138.364,250.686,-4.85086)
(28.6922,313.429,-118.809)
(79.028,337.113,-189.454)
(128.049,-296.869,112.607)
(110.615,-373.93,189.814)
(299.385,-128.884,-3.17028)
(306.155,-109.503,-54.6369)
(-227.019,241.822,52.7792)
(-161.028,282.618,75.0535)
(259.17,-183.302,-40.155)
(270.194,-232.476,-73.4697)
(-52.3014,-324.793,20.0137)
(-18.969,-445.88,55.348)
(-76.3488,305.023,124.714)
(-39.4992,251.656,167.2)
(204.19,-242.127,-101.28)
(169.511,-302.592,-134.786)
(202.567,-245.885,-107.616)
(253.283,-371.525,-128.839)
(207.343,-245.214,-111.036)
(154.006,-254.29,-94.7656)
(300.112,-119.788,79.355)
(237.887,-75.3338,95.05)
(297.633,-121.665,78.488)
(279.165,-167.196,62.3493)
(-263.048,187.078,-121.345)
(-206.1,210.391,-118.116)
(155.105,271.696,-92.0956)
(170.187,312.982,-30.6667)
(166.456,276.594,-94.4288)
(162.788,241.83,-157.857)
(-139.214,-280.745,92.8667)
(-83.5929,-256.615,234.215)
(-132.521,-283.578,97.8738)
(-183.247,-305.75,178.191)
(-262.204,-176.325,-35.8398)
(-250.153,-229.976,-73.4972)
(268.782,161.014,103.589)
(219.961,98.835,90.7542)
(268.713,160.743,103.644)
(293.432,150.59,156.542)
(262.418,171.538,108.567)
(388.908,87.6929,138.844)
(322.521,-1.24911,107.246)
(260.47,97.7422,82.691)
(320.276,3.74013,112.527)
(300.162,27.7213,204.397)
(-174.089,266.883,-60.0882)
(-235.989,204.617,-64.0031)
(189.443,-255.997,-84.8685)
(248.972,-316.392,-71.3435)
(-174.919,262.6,86.2804)
(-216.541,315.073,76.2129)
(-193.665,264.667,94.8066)
(-219.79,288.433,85.0418)
(179.646,260.094,92.4272)
(197.892,333.859,149.453)
(252.73,-215.48,-74.0945)
(175.402,-381.98,-82.1892)
(-187.561,252.915,86.3925)
(-157.521,246.13,131.402)
(319.302,-22.9781,-110.086)
(261.629,6.55612,-167.767)
(-323.094,24.6509,122.271)
(-324.213,-89.2805,44.7946)
(-331.716,-25.7929,115.048)
(-342.959,-32.3886,97.4687)
(-189.394,252.452,78.4897)
(-248.507,241.013,195.34)
(-279.501,-138.452,-118.909)
(-304.304,-86.5289,-14.4815)
(307.936,87.6536,73.5809)
(338.389,31.6398,33.9478)
(189.346,-254.826,-61.6781)
(145.084,-190.56,-86.1905)
(-267.763,176.314,41.8313)
(-226.644,150.631,109.868)
(220.463,226.969,105.99)
(225.511,263.393,145.91)
(241.393,231.672,95.5683)
(238.309,236.525,186.348)
(328.546,-49.6868,35.0105)
(282.349,-119.222,105.231)
(185.964,-279.862,-80.4749)
(136.769,-265.052,-118.357)
(90.428,300.562,87.5988)
(74.4744,395.121,134.988)
(92.2317,299.078,88.4286)
(124.845,330.615,83.9664)
(-308.951,47.7203,-17.4187)
(-334.811,74.8041,86.8486)
(290.012,-125.478,51.7083)
(311.615,-267.286,192.501)
(292.661,-136.876,58.0566)
(190.983,-118.845,-122.27)
(-219.303,230.11,-98.3727)
(-296.664,217.279,-87.5551)
(-66.0685,315.265,-47.5803)
(-181.197,374.506,15.8457)
(-158.584,271.929,-115.022)
(-189.452,343.397,-126.349)
(-155.6,273.838,-117.003)
(-51.5373,319.337,-93.9106)
(-64.5707,-310.255,-70.8945)
(22.5875,-257.813,-85.7537)
(-96.0979,309.44,68.1167)
(-129.682,334.501,27.8425)
(256.696,-185.799,-113.948)
(212.578,-157.03,-39.2782)
(260.264,-188.641,-116.941)
(295.64,-168.25,-122.134)
(127.013,293.433,-2.44146)
(151.559,235.357,-20.8317)
(125.06,297.787,0.815786)
(172.54,290.766,-60.7259)
(152.596,-283.747,2.4957)
(115.596,-327.807,123.571)
(154.044,-285.681,-4.09063)
(202.159,-255.928,-123.305)
(-111.052,-296.182,-65.4899)
(-142.591,-310.213,-110.729)
(-99.1672,-307.287,-40.3435)
(-196.098,-295.951,-2.82873)
(170.46,-265.159,-124.503)
(7.41874,-306.661,-165.826)
(-237.795,226.192,102.76)
(-268.339,357.303,150.182)
(-231.685,243.415,117.659)
(-243.022,297.526,185.905)
(322.506,81.5261,-73.3135)
(233.374,95.8766,-138.546)
(311.742,91.3635,-77.4205)
(283.64,122.867,-120.315)
(130.831,309.95,-119.783)
(128.007,299.727,-119.523)
(233.914,-213.401,-111.406)
(277.911,-29.6467,-132.062)
(-276.524,154.364,17.5777)
(-222.518,164.51,-32.9343)
(-279.747,163.696,11.7058)
(-282.245,87.3257,-43.4469)
(183.45,-271.573,-34.2713)
(221.354,-279.503,25.5079)
(183.309,-271.317,-46.5259)
(124.11,-196.526,-36.7846)
(312.213,-16.7046,-17.2709)
(281.56,-23.0447,1.50578)
(-319.086,24.2619,20.7862)
(-262.855,117.4,110.579)
(-320.141,24.3777,20.5815)
(-334.237,99.9729,4.91894)
(-318.685,-11.6322,-49.3834)
(-316.275,-35.1289,-3.51307)
(-326.035,-15.3588,-49.934)
(-214.637,101.42,-174.558)
(327.423,11.7633,47.6435)
(311.143,25.3454,58.3026)
(-302.158,-100.766,-51.349)
(-373.915,-98.0477,-4.83862)
(-306.375,-114.554,-56.3269)
(-327.234,-25.3697,-47.6144)
(316.804,39.9038,17.9914)
(397.192,41.7691,31.3908)
(324.869,47.0436,9.73903)
(293.045,60.7082,-50.6129)
(199.432,-246.528,16.3299)
(124.031,-298.114,-42.9154)
(-90.4222,316.939,-35.9066)
(-99.1364,295.904,5.27912)
(-189.297,258.353,-80.4916)
(-232.545,254.87,-155.272)
(-82.1938,-301.655,95.0579)
(-29.6197,-307.622,268.654)
(278.302,143.863,-113.876)
(203.244,140.322,-91.2202)
(-299.941,-88.5867,69.3382)
(-362.128,-116.814,-1.74523)
(-300.917,-90.4883,68.4975)
(-259.314,-87.5125,70.6519)
(-276.123,161.51,-106.823)
(-375.55,187.254,-108.874)
(-303.01,-87.2513,72.1025)
(-310.266,-62.9781,11.8565)
(-304.69,-95.7521,58.8304)
(-222.26,-79.4224,124.555)
(-254.017,-218.288,81.305)
(-201.464,-160.186,-17.5749)
(26.1683,316.605,-119.461)
(-75.5321,390.246,-164.536)
(-145.459,-294.627,-112.913)
(-314.523,-230.49,-96.1725)
(-246.076,-202.595,122.42)
(-216.555,-171.381,136.886)
(241.573,201.161,-50.912)
(214.314,243.442,-22.9231)
(248.131,201.833,-50.2538)
(333.854,146.951,22.4871)
(-288.93,-131.055,32.3981)
(-375.27,-208.578,-31.0706)
(-288.814,-132.501,30.6745)
(-166.088,-64.885,42.7033)
(-289.448,-153.797,42.501)
(-279.443,-205.266,81.2539)
(190.38,257.66,-66.209)
(131.919,227.222,-76.296)
(-284.459,150.913,-23.069)
(-290.951,165.875,-25.6983)
(-284.103,149.992,-22.5876)
(-348.469,184.212,-80.7463)
(187.766,-257.592,41.6843)
(151.407,-210.436,66.46)
(312.88,-44.7614,53.8167)
(291.452,-115.953,16.8619)
(312.101,-45.6945,51.8369)
(269.02,-32.8502,-37.5344)
(-303.52,90.444,-109.321)
(-273.409,146.333,-80.2142)
(-318.453,21.8392,109.755)
(-315.436,58.9949,38.8863)
(-324.911,28.7521,113.628)
(-368.176,-26.9388,122.166)
(-327.313,26.8031,115.487)
(-429.956,-38.535,181.878)
(-97.6023,-314.047,-109.085)
(-86.6071,-293.741,-23.1171)
(155.179,273.31,6.7356)
(177.932,192.543,-12.8872)
(205.206,-242.866,96.5408)
(209.569,-172.014,123.85)
(-296.156,-142.035,-41.2013)
(-322.941,-249.527,-107.716)
(235.585,206.801,57.9845)
(239.551,153.891,43.2026)
(235.537,206.789,58.6818)
(232.085,168.442,114.304)
(-284.723,-148.821,78.0498)
(-349.218,-177.916,30.1143)
(-301.853,-96.5344,72.7232)
(-288.457,-93.088,-7.693)
(-307.995,89.1717,114.104)
(-315.302,107.753,197.538)
(72.3182,-315.044,-29.4967)
(74.5946,-394.306,-24.6401)
(87.8266,308.919,27.2127)
(0.00726616,263.122,107.683)
(94.9102,310.828,16.4139)
(100.784,352.383,-35.1339)
(-295.412,118.03,68.486)
(-287.339,151.343,62.5464)
(278.432,-162.062,97.0417)
(193.667,-125.448,140.979)
(-257.911,192.077,-116.882)
(-157.369,153.608,-62.3468)
(-261.609,202.393,-112.072)
(-249.046,174.481,-77.6201)
(317.111,4.9798,-53.267)
(334.457,-31.0665,-80.8461)
(317.43,6.23043,-53.598)
(285.03,45.8952,-107.982)
(-315.644,-7.96673,107.325)
(-422.808,-22.4665,79.9187)
(-256.926,-183.423,-40.2294)
(-320.817,-123.397,-82.6485)
(317.479,81.1816,4.78387)
(280.662,-34.3041,-26.0831)
(-255.516,-182.26,-9.75656)
(-217.424,-151.273,8.88074)
(-301.798,91.9562,-104.536)
(-365.26,195.355,-143.63)
(-320.622,-11.2457,92.9611)
(-260.621,-41.4074,145.617)
(-321.886,-13.8351,93.6331)
(-374.513,-66.879,-42.5875)
(139.277,281.335,115.826)
(159.999,249.607,147.958)
(-207.169,-234.912,-97.3167)
(-200.87,-198.477,-91.6693)
(-278.224,-146.164,-10.8707)
(-364.822,-185.514,-21.29)
(-302.913,-132.85,-53.2041)
(-315.936,-86.7232,-245.012)
(-301.915,-134.97,-47.8175)
(-275.568,-274.112,-33.0266)
(-164.039,290.357,74.5211)
(-126.991,372.15,123.358)
(-313.472,70.5944,-116.744)
(-395.889,56.9366,-119.076)
(-321.061,71.2047,-111.279)
(-394.471,186.106,-155.219)
(-145.579,-284.598,-83.1938)
(-91.2532,-316.213,-160.348)
(-5.81347,322.444,90.9995)
(-84.7858,489.225,59.8301)
(229.32,212.581,69.8011)
(245.246,209.173,81.9431)
(232.875,215.108,79.3623)
(232.886,282.135,64.9641)
(242.17,216.711,78.8209)
(274.788,236.089,129.771)
(-267.457,-176.1,94.0172)
(-281.156,-265.26,56.5656)
(-277.39,-168.092,96.3807)
(-207.727,-185.266,98.639)
(-232.009,-218.197,86.8999)
(-293.589,-154.167,19.5428)
(-233.277,-212.444,91.7421)
(-254.918,-295.62,90.3593)
(295.581,117.577,-49.2042)
(336.829,154.088,-44.7976)
(262.857,-204.051,-68.2714)
(237.507,-179.623,-88.4881)
(262.711,-204.334,-68.0934)
(217.988,-215.248,-10.4721)
(-278.419,149.003,49.05)
(-285.845,276.71,113.389)
(-283.712,153.383,44.6424)
(-248.356,127.576,18.3818)
(157.603,276.716,-104.354)
(176.324,333.117,-161.845)
(166.632,274.209,-109.904)
(92.7427,221.856,-193.957)
(-282.873,-131.951,49.5749)
(-205.783,-105.365,57.0838)
(261.655,211.941,-80.5842)
(279.517,357.645,-149.884)
(317.048,57.436,4.60343)
(319.237,82.3808,-94.2511)
(-312.021,-40.5545,-4.90597)
(-225.327,20.0607,17.0435)
(229.479,213.99,-66.8963)
(193.808,176.548,-56.8864)
(176.607,262.628,-41.8464)
(146.234,202.447,-18.2364)
(-231.74,-210.39,32.5909)
(-136.952,-88.5927,-18.015)
(-228.844,-222.467,32.1363)
(-245.686,-278.514,87.2684)
(-228.066,-219.82,28.7729)
(-229.837,-226.343,85.9587)
(109.712,294.1,61.5049)
(57.5788,251.262,168.433)
(97.501,309.286,47.9171)
(110.836,247.322,50.0768)
(-92.6372,-300.586,-59.3319)
(-153.242,-180.56,30.2291)
(254.345,212.669,92.2935)
(262.343,242.985,124.196)
(244.413,228.547,85.6457)
(218.934,207.625,134.144)
(241.855,-218.362,-118.599)
(299.432,-169.612,-84.1118)
(-175.847,263.506,36.9919)
(-128.215,263.25,128.263)
(-177.275,271.758,39.2667)
(-269.184,282.402,115.648)
(-177.282,258.741,-119.847)
(-174.124,254.658,-98.7639)
(-178.968,262.948,-121.028)
(-203.547,313.512,8.75336)
(-179.366,264.272,-121.141)
(-245.626,181.144,-86.2193)
(291.959,127.212,102.641)
(188.201,152.114,128.22)
(292.269,127.154,103.122)
(283.015,145.732,-8.8578)
(248.919,-201.966,10.7179)
(347.546,-150.837,19.8327)
(-195.053,249.189,-15.0531)
(-191.913,319.369,-96.9395)
(-197.619,245.944,-5.3272)
(-214.522,164.815,52.7481)
(-205.351,-247.831,105.21)
(-249.31,-336.409,69.7625)
(-207.547,-245.734,106.673)
(-289.351,-310.599,-39.2093)
(-306.415,138.84,-37.1794)
(-295.22,72.1931,-98.5091)
(265.952,-170.905,47.23)
(366.111,-177.563,171.431)
(54.8393,-322.029,118.697)
(118.765,-365.514,80.4763)
(53.2605,-326.282,118.364)
(-42.5444,-232.673,105.276)
(-327.998,-20.9487,42.9851)
(-323.221,-31.2801,103.449)
(324.371,52.1161,-108.394)
(248.922,140.342,-126.687)
(-55.9536,314.46,-67.009)
(3.43737,306.111,-37.1555)
(74.8272,-314.533,68.1475)
(107.409,-363.707,81.702)
(80.8314,-321.007,79.9041)
(233.724,-419.372,57.8581)
(-300.658,97.0244,-96.8828)
(-242.73,11.544,-217.807)
(-309.54,101.736,-78.7973)
(-259.62,93.1578,-151.054)
(321.957,73.7927,-26.7884)
(305.968,65.8285,-125.245)
(-292.567,-139.792,51.5763)
(-263.448,-190.46,-12.2876)
(-299.079,-139.016,53.5491)
(-220.642,-126.014,116.156)
(-308.723,-56.9859,-41.5875)
(-358.431,-87.0784,-45.4743)
(-309.638,-56.0354,-36.1133)
(-232.607,-53.0028,-32.3538)
(298.773,94.7101,68.3462)
(305.428,36.9105,63.6917)
(264.192,-183.453,123.457)
(219.43,-155.971,70.816)
(-326.071,82.9667,-22.9998)
(-388.21,181.482,-63.3966)
(309.166,-120.062,97.5508)
(369.899,-266.389,61.4665)
(225.009,220.589,88.4842)
(204.428,151.33,111.166)
(-261.561,-188.273,-42.3301)
(-230.403,-206.788,-128.349)
(-273.276,-190.079,-45.1503)
(-364.292,-184.673,-160.962)
(173.355,265.877,63.3957)
(207.54,214.622,17.6538)
(162.465,271.901,88.5877)
(212.489,318.037,107.879)
(161.872,271.027,88.7772)
(87.6598,322.59,42.2334)
(18.0219,-313.502,68.5773)
(-83.4379,-340.869,20.4914)
(17.0509,-313.598,70.1118)
(60.887,-320.936,52.5817)
(-240.447,200.25,-46.047)
(-262.055,176.746,58.4669)
(-247.203,194.79,-47.4818)
(-264.999,177.228,-35.8286)
(271.811,-161.012,-96.7687)
(329.399,-102.422,-29.6348)
(-306.213,82.6665,49.6982)
(-326.375,130.31,-8.51798)
(-233.796,207.628,-110.551)
(-165.597,258.871,-125.199)
(274.008,178.716,-3.76743)
(265.367,220.168,-12.3474)
(268.629,164.4,27.7601)
(313.168,216.842,-22.1524)
(-56.6972,-317.015,90.7236)
(-123.336,-386.701,67.2485)
(-241.904,-210.955,16.392)
(-330.384,-291.116,-15.8588)
(259.726,207.704,-17.8736)
(337.008,331.834,-16.6852)
(259.703,208.383,-12.9743)
(294.244,324.984,51.2316)
(115.737,304.03,36.0391)
(114.546,301.421,33.9378)
(-206.031,251.101,102.015)
(-159.014,227.533,66.6545)
(-210.541,-239.671,92.2201)
(-315.978,-155.945,93.5733)
(-22.5948,334.179,-80.9307)
(61.1853,353.09,-133.945)
(-236.694,-213.312,-71.3319)
(-275.537,-171.494,-44.3696)
(-312.564,-48.0973,45.1897)
(-298.962,-19.9704,114.359)
(-313.863,-45.2484,46.043)
(-347.899,14.1577,30.508)
(-228.171,-217.024,-8.73932)
(-213.028,-254.634,-41.3393)
(-216.978,-227.082,-8.74146)
(-128.341,-138.723,-136.182)
(118.651,291.639,9.01458)
(59.5587,342.876,6.4896)
(195.619,-252.196,15.5222)
(319.63,-260.548,-67.7359)
(192.35,-254.964,12.7137)
(228.549,-239.92,94.0492)
(190.292,-258.5,12.5515)
(74.9121,-279.705,-18.9329)
(-128.845,309.449,-16.0903)
(-172.454,287.68,6.58444)
(-30.443,319.85,96.9818)
(9.48888,296.191,70.5121)
(-27.9004,328.704,100.165)
(-5.14037,264.215,84.002)
(-30.6244,327.881,103.212)
(-62.2117,270.448,47.0464)
(-96.1463,299.37,99.7207)
(-7.94137,386.157,128.651)
(-94.2387,299.299,96.4465)
(-44.2971,273.332,146.469)
(177.778,-259.021,-83.8137)
(129.352,-240.194,-137.481)
(-313.555,45.3294,-33.969)
(-287.844,80.8395,34.5946)
(-314.873,48.8948,-33.0433)
(-324.584,5.37744,24.2515)
(-152.909,273.811,58.0258)
(-138.614,357.493,86.4187)
(-155.537,284.438,48.9563)
(-129.651,313.262,-1.09034)
(-154.785,286.889,45.056)
(-127.754,212.939,98.0829)
(250.433,-200.478,-41.1419)
(256.854,-217.717,-8.69195)
(-314.885,69.4332,6.86518)
(-420.241,-52.7184,95.1296)
(-316.64,67.0302,2.03504)
(-347.416,162.422,-21.7554)
(320.293,-51.5258,-4.73441)
(363.882,-89.6743,-112.527)
(145.651,-280.206,-32.2917)
(74.3472,-325.487,-62.4418)
(-128.451,285.994,29.9209)
(-81.2766,313.17,-58.4315)
(-76.208,302.699,95.8074)
(-64.6476,220.624,103.146)
(205.782,-240.151,-106.17)
(234.71,-195.342,-41.069)
(233.933,218.163,82.6945)
(186.005,152.306,115.869)
(-138.682,301.843,118.829)
(-159.363,307.368,133.017)
(233.58,-212.451,-86.3806)
(154.326,-191.452,-75.5332)
(58.1478,322.629,11.572)
(-33.2395,381.653,-66.3926)
(-129.903,283.574,-43.7331)
(-82.744,282.298,-22.8212)
(-304.214,-76.9949,22.7969)
(-343.835,-60.2251,11.1101)
(327.078,65.5675,-6.17442)
(313.692,30.4536,100.003)
(-279.765,-147.013,13.0016)
(-262.698,-109.223,-21.3313)
(316.792,-46.0848,87.6761)
(430.072,16.5622,151.265)
(320.885,-40.8054,83.8225)
(401.737,-48.4573,40.664)
(311.075,-52.8486,84.475)
(344.265,40.0436,-45.1114)
(313.969,-59.9675,72.8253)
(398.665,-98.5978,118.95)
(57.0325,313.67,93.438)
(89.0165,343.279,143.535)
(-262.331,-192.623,-46.8461)
(-234.807,-175.232,49.3747)
(-262.841,-193.684,-48.2026)
(-271.975,-167.779,-100.573)
(297.946,122.731,27.5852)
(352.642,140.301,41.8603)
(-234.507,-206.439,-83.4251)
(-199.925,-111.65,-87.5551)
(-233,-209.811,-85.0646)
(-354.327,-202.907,-62.0303)
(-309.174,96.5102,-84.2976)
(-369.137,142.086,-98.8631)
(-318.689,-101.217,-112.417)
(-327.195,-122.555,-186.118)
(-312.551,-116.777,-116.043)
(-295.499,-102.383,-123.129)
(315.041,-116.441,-70.5266)
(280.326,-147.096,-16.9971)
(296.405,-125.213,-20.4947)
(338.355,-136.86,29.6551)
(305.798,93.3828,-30.9163)
(271.195,121.436,-85.7819)
(-329.149,25.0571,-78.5944)
(-379.637,8.48838,-207.421)
(-327.63,23.0859,-82.5703)
(-207.074,-45.3306,-51.4821)
(-241.058,-200.38,113.323)
(-240.245,-213.999,116.733)
(213.443,-238.289,-72.5268)
(209.202,-272.456,-96.4612)
(210.619,-238.818,-72.1719)
(174.117,-300.192,-152.08)
(-92.0527,305.348,88.4167)
(-169.032,332.084,56.5585)
(-115.869,304.636,93.8426)
(-75.9245,185.809,93.2397)
(-115.901,307.606,92.1792)
(-138.32,355.956,130.823)
(-304.256,75.5471,-108.172)
(-236.137,-37.435,-98.2873)
(-309.318,78.2233,-119.317)
(-289.614,118.907,-62.2085)
(-309.205,80.8586,-119.331)
(-276.37,32.3638,-104.533)
(143.738,-288.398,113.318)
(209.903,-249.762,37.538)
(-318.017,-26.9503,103.571)
(-411.74,60.6981,-25.547)
(159.543,283.865,-88.6863)
(122.185,237.515,-44.8374)
(-8.90773,-316.419,101.448)
(-11.4636,-385.022,166.282)
(-7.92563,-319.537,103.109)
(57.8292,-321.322,65.9509)
(-7.86699,-319.192,104.443)
(24.5485,-323.795,48.5105)
(-30.9954,-322.742,-28.7689)
(-59.596,-341.847,-47.8001)
(215.725,242.728,20.8538)
(174.573,211.438,104.843)
(-310.366,67.2524,-17.9607)
(-259.775,40.8798,66.6457)
(319.561,-95.3078,27.921)
(257.906,-25.5746,-60.69)
(244.739,-218.124,-0.118118)
(143.575,-262.817,-29.422)
(-137.763,287.012,3.15323)
(-188.009,235.509,-94.4186)
(-138.762,287.623,3.41198)
(-103.6,312.27,103.489)
(-147.538,288.057,6.79262)
(-146.747,335.418,19.6997)
(-159.649,296.749,1.68645)
(-124.283,348.565,37.2771)
(285.579,-141.703,22.9746)
(165.419,-142.674,148.185)
(-254.942,184.276,-29.1766)
(-289.236,205.956,-31.4592)
(-316.699,86.357,-62.1343)
(-281.201,173.17,-55.6885)
(315.363,-18.3904,81.352)
(237.837,-84.4292,101.067)
(-324.439,13.6206,-59.5935)
(-279.696,-129.778,-1.47486)
(-333.703,0.266525,-78.071)
(-299.568,-25.9211,-246.421)
(-249.065,-188.043,-92.4377)
(-262.176,-137.218,-85.9487)
(-259.626,-187.475,-92.2373)
(-328.119,-238.051,-169.888)
(306.861,103.037,51.4442)
(334.965,131.927,113.972)
(-181.347,-272.504,17.9378)
(-240.322,-269.898,71.4307)
(-180.821,-273.44,16.2362)
(-217.809,-287.378,29.8516)
(231.425,213.669,-15.2098)
(263.086,153.85,20.9555)
(229.972,214.83,-15.9816)
(233.884,122.376,68.5663)
(247.397,190.983,27.1029)
(228.772,31.4633,-33.7869)
(-322.201,42.8329,82.2385)
(-315.829,72.7408,170.362)
(186.585,255.447,109.838)
(158.912,267.763,172.7)
(188.489,257.837,107.348)
(160.514,234.708,117.362)
(297.704,-119.597,8.91855)
(281.362,-184.043,94.9785)
(-164.326,275.758,-70.8118)
(-198.303,313.74,-131.88)
(-113.718,-294.173,73.3938)
(-103.53,-256.584,12.9013)
(-108.306,-296.348,70.3733)
(-130.365,-353.604,-1.98564)
(232.513,209.611,-10.3166)
(227.38,228.121,-21.7696)
(-4.29888,-325.679,12.2726)
(-159.158,-374.371,-125.993)
(261.145,197.446,22.8002)
(273.665,136.548,-33.877)
(-211.77,-246.368,-28.4363)
(-131.156,-226.999,-43.3055)
(263.075,-186.69,49.4288)
(252.75,-174.941,125.985)
(-220.179,237.969,-60.8683)
(-204.445,247.477,-106.578)
(269.766,-182.219,-35.6074)
(333.4,-183.616,-69.3164)
(272.518,-178.29,-34.1066)
(175.782,-216.15,-70.0046)
(-297.822,141.706,27.4283)
(-324.146,37.4055,39.9932)
(-157.32,280.206,1.54356)
(-80.0539,341.321,-41.3406)
(-158.291,280.08,-2.38584)
(-276.174,361.072,25.6827)
(-156.755,281.749,-4.27757)
(-124.535,249.586,-17.0624)
(268.086,175.553,-125.107)
(307.565,216.336,-40.729)
(315.491,-63.281,-43.5277)
(320.979,-31.2568,99.5227)
(-312.915,24.0711,16.1776)
(-326.468,86.6973,15.8443)
(-220.845,239.227,90.1533)
(-319.635,207.636,80.7741)
(330.3,57.1922,124.997)
(300.094,-10.4334,60.9253)
(-263.109,-179.433,-120.191)
(-180.861,-235.832,-56.2896)
(-253.823,-185.363,-22.9145)
(-296.649,-203.732,-85.4571)
(-262.623,-189.396,-13.627)
(-380.877,-102.741,-198.214)
(-263.068,-188.833,-13.9698)
(-216.073,-173.664,-0.576332)
(117.947,293.346,35.5453)
(146.775,239.705,12.2763)
(118.458,291.53,36.3152)
(134.43,270.626,43.3022)
(287.912,-130.121,71.285)
(304.674,-152.342,15.0979)
(-301.106,97.1256,-52.5805)
(-330.724,274.197,-43.8377)
(-308.38,99.7706,-44.2985)
(-307.797,118.201,-48.12)
(-311.995,-103.115,43.0273)
(-348.918,-101.289,69.788)
(315.049,98.075,-38.6694)
(371.215,151.234,36.3886)
(-126.202,296.281,77.5909)
(-148.203,339.114,49.6093)
(-184.2,257.65,-111.167)
(-197.218,141.972,-34.154)
(310.338,-88.8958,113.329)
(206.325,-55.6954,13.1369)
(314.06,-49.6362,99.841)
(258.191,-101.828,138.415)
(164.334,270.614,125.157)
(187.96,209.958,145.35)
(-92.9358,300.271,101.251)
(6.33657,238.437,97.9822)
(-92.9829,301.984,106.309)
(-167.621,215.536,282.761)
(-96.2762,309.663,115.07)
(-2.31043,234.535,56.6812)
(-91.6585,310.895,120.96)
(-170.711,310.603,157.148)
(111.17,-295.984,-95.4743)
(104.486,-263.578,-123.309)
(-268.492,-179.794,-17.8499)
(-326.296,-138.683,-110.006)
(198.261,265.09,22.1253)
(188.652,207.238,31.204)
(205.177,246.395,-22.8815)
(269.007,245.326,26.2076)
(207.869,257.557,-23.6935)
(211.374,185.613,-4.92387)
(123.033,-295.787,66.8487)
(185.446,-251.756,50.0344)
(-235.544,207.74,122.909)
(-226.882,297.205,157.708)
(-302.977,-86.1388,-121.481)
(-432.837,26.4684,-97.2024)
(309.148,81.0206,109.762)
(439.022,49.1151,115.107)
(315.03,81.2873,108.094)
(319.544,147.924,218.767)
(-309.327,-115.018,-108.807)
(-294.423,-19.8006,-187.481)
0 events have been kept for refreshing and/or reviewing.
  "/vis/reviewKeptEvents" to review them one by one.
  "/vis/enable", then "/vis/viewer/flush" or "/vis/viewer/rebuild" to see them accumulated.
[Core-0] End of macro ./split/.Gate/main132/main10.mac
Graphics systems deleted.
Visualization Manager deleting...
