[G4] 
[G4] **************************************************************
[G4]  Geant4 version Name: geant4-10-07-patch-02    (11-June-2021)
[G4]                        Copyright : Geant4 Collaboration
[G4]                       References : NIM A 506 (2003), 250-303
[G4]                                  : IEEE-TNS 53 (2006), 270-278
[G4]                                  : NIM A 835 (2016), 186-225
[G4]                              WWW : http://geant4.org/
[G4] **************************************************************
[G4] 
[Core-0] Initialization of geometry
[Core-0] Initialization of physics
[Core-0] Initialization of actors
[Core-0] 
[Core-0] *************************************************
[Core-0]  GATE version 9.1 (2021)
[Core-0]  Copyright : OpenGATE Collaboration
[Core-0]  Reference : Phys. Med. Biol. 49 (2004) 4543-4561
[Core-0]  Reference : Phys. Med. Biol. 56 (2011) 881-901
[Core-0]  Reference : Med. Phys. 41(6)    (2014)
[Core-0]  http://www.opengatecollaboration.org        
[Core-0] *************************************************
[Core-0] 
[Core-0] You are using Geant4 version 10.7.2
[Core-0] Starting macro ./split/.Gate/main132/main5.mac
0: RINDEX
1.84e-06   1.00028
4.08e-06   1.00028
9: GROUPVEL
1.84e-06   299.709
4.08e-06   299.709
16: ABSLENGTH
1.84e-06   50000
4.08e-06   50000
 <!> *** WARNING *** <!>  GateMaterialDatabase: Multiple definition of element: Yttrium.
The definition in ClMind_GateMaterials.db was used.


GATE object:        'systems/cylindricalPET'
Components:

GATE object:        'systems/cylindricalPET/base'
Attached to volume: cylindricalPET
Nb of children:       1

	GATE object:        'systems/cylindricalPET/rsector'
	Attached to volume: module
	Nb of children:       1

		GATE object:        'systems/cylindricalPET/module'
		Attached to volume: unit
		Nb of children:       1

			GATE object:        'systems/cylindricalPET/submodule'
			Attached to volume: block
			Nb of children:       1

				GATE object:        'systems/cylindricalPET/crystal'
				Attached to volume: optical
				Nb of children:       4

					GATE object:        'systems/cylindricalPET/layer0'
					Attached to volume: crystal
					Nb of children:       0

					GATE object:        'systems/cylindricalPET/layer1'
					Attached to volume: ---
					Nb of children:       0

					GATE object:        'systems/cylindricalPET/layer2'
					Attached to volume: ---
					Nb of children:       0

					GATE object:        'systems/cylindricalPET/layer3'
					Attached to volume: ---
					Nb of children:       0
geometrical design type: 1
ring diameter: -3.95 mm 
rsector axial pitch: 0 fm 
rsector azimuthal pitch: 12.8571 degree
rsector tangential size: 2.5 cm 
rsector axial size: 25.04 cm 
module axial size: 4.784 cm 
module tangential size: 2.5 cm 
module axial pitch: 0 fm 
module tangential pitch: 0 fm 
submodule axial size: 4.784 cm 
submodule tangential size: 2.5 cm 
submodule axial pitch: 0 fm 
submodule tangential pitch: 0 fm 
crystal radial size: 1.59 cm 
crystal axial size: 1.59 cm 
crystal tangential size: 2.5 cm 
crystal axial pitch: 0 fm 
crystal tangential pitch: 0 fm 
layer0 radial size: 3.95 mm 
in layer0 interaction length: 1.975 mm 
Axial nb of rsectors: 1
Azimuthal nb of rsectors: 28
Axial nb of modules: 1
Tangential nb of modules: 1
Axial nb of submodules: 1
Tangential nb of submodules: 1
Axial nb of crystals: 1
Tangential nb of crystals: 1
Radial nb of layers: 1
[Physic-0] The following Geant4's physic-list is enabled :emstandard_opt3


List of Enabled processes:




List of initialized processes:


[Core-0] Initialization of geometry
[Core-0] Initialization of physics
[Core-0] Initialization of actors
 <!> *** WARNING *** <!>  The 'energytype' option is DEPRECATED, use 'ene/type' instead!
 <!> *** WARNING *** <!>  The 'energytype' option is DEPRECATED, use 'ene/type' instead!
 <!> *** WARNING *** <!>  The 'energytype' option is DEPRECATED, use 'ene/type' instead!
 <!> *** WARNING *** <!>  The 'energytype' option is DEPRECATED, use 'ene/type' instead!
 <!> *** WARNING *** <!>  The 'energytype' option is DEPRECATED, use 'ene/type' instead!
 <!> *** WARNING *** <!>  The 'energytype' option is DEPRECATED, use 'ene/type' instead!
 <!> *** WARNING *** <!>  The 'energytype' option is DEPRECATED, use 'ene/type' instead!
 <!> *** WARNING *** <!>  The 'energytype' option is DEPRECATED, use 'ene/type' instead!
 <!> *** WARNING *** <!>  The 'energytype' option is DEPRECATED, use 'ene/type' instead!
[Acquisition-0]   
[Acquisition-0] ============= Source initialization =============
[Acquisition-0]   
[Acquisition-0] ============= Acquisition starts! =============
[Acquisition-0] Simulation start time = 0 sec
[Acquisition-0] Simulation end time   = 1 sec
[Acquisition-0] Simulation will have  = 1 run(s)
[Acquisition-0] Slice 0 from 0 to 1 s [slice=1 s]

### ===  Deexcitation model UAtomDeexcitation is activated for 25 regions:
          DefaultRegionForTheWorld  1  1  1
          cylindricalPET  1  1  1
          module  1  1  1
          unit  1  1  1
          block  1  1  1
          optical  1  1  1
          crystal  1  1  1
          capillaire1  1  1  1
          capillaire1_water  1  1  1
          capillaire2  1  1  1
          capillaire2_water  1  1  1
          capillaire3  1  1  1
          capillaire3_water  1  1  1
          capillaire4  1  1  1
          capillaire4_water  1  1  1
          capillaire5  1  1  1
          capillaire5_water  1  1  1
          capillaire_m1  1  1  1
          capillaire_m1_water  1  1  1
          capillaire_m2  1  1  1
          capillaire_m2_water  1  1  1
          capillaire_m3  1  1  1
          capillaire_m3_water  1  1  1
          capillaire_m4  1  1  1
          capillaire_m4_water  1  1  1
### ===  Ignore cuts flag:   0

phot:  for gamma applyCuts:1  SubType=12 BuildTable=0
      LambdaPrime table from 200 keV to 100 TeV in 174 bins 
      ===== EM models for the G4Region  DefaultRegionForTheWorld ======
 LivermorePhElectric : Emin=    0 eV  Emax=  100 TeV  SauterGavrila Fluo

compt:  for gamma applyCuts:1  SubType=13 BuildTable=1
      Lambda table from 10 eV  to 1 MeV, 20 bins/decade, spline: 1
      LambdaPrime table from 1 MeV to 100 TeV in 160 bins 
      ===== EM models for the G4Region  DefaultRegionForTheWorld ======
        KleinNishina : Emin=    0 eV  Emax=  100 TeV Fluo

conv:  for gamma applyCuts:1  SubType=14 BuildTable=1
      Lambda table from 1.022 MeV to 100 TeV, 20 bins/decade, spline: 1
      ===== EM models for the G4Region  DefaultRegionForTheWorld ======
     BetheHeitlerLPM : Emin=    0 eV  Emax=  100 TeV  ModifiedTsai

Rayl:  for gamma applyCuts:1  SubType=11 BuildTable=1
      Lambda table from 10 eV  to 100 keV, 20 bins/decade, spline: 0
      LambdaPrime table from 100 keV to 100 TeV in 180 bins 
      ===== EM models for the G4Region  DefaultRegionForTheWorld ======
   LivermoreRayleigh : Emin=    0 eV  Emax=  100 TeV  CullenGenerator

msc:  for e-  SubType= 10
      ===== EM models for the G4Region  DefaultRegionForTheWorld ======
            UrbanMsc : Emin=    0 eV  Emax=  100 TeV Nbins=240 100 eV  - 100 TeV
              StepLim=DistanceToBoundary Rfact=0.04 Gfact=2.5 Sfact=0.6 DispFlag:1 Skin=1 Llimit=1

eIoni:  for e-  SubType=2
      dE/dx and range tables from 10 eV  to 100 TeV in 260 bins
      Lambda tables from threshold to 100 TeV, 20 bins/decade, spline: 1
      StepFunction=(0.2, 0.1 mm), integ: 1, fluct: 1, linLossLim= 0.01
      ===== EM models for the G4Region  DefaultRegionForTheWorld ======
        MollerBhabha : Emin=    0 eV  Emax=  100 TeV  deltaVI

eBrem:  for e-  SubType=3
      dE/dx and range tables from 10 eV  to 100 TeV in 260 bins
      Lambda tables from threshold to 100 TeV, 20 bins/decade, spline: 1
      LPM flag: 1 for E > 1 GeV,  VertexHighEnergyTh(GeV)= 100000
      ===== EM models for the G4Region  DefaultRegionForTheWorld ======
             eBremSB : Emin=    0 eV  Emax=    1 GeV  AngularGen2BS
            eBremLPM : Emin=    1 GeV Emax=  100 TeV  AngularGen2BS

ePairProd:  for e-  SubType=4
      dE/dx and range tables from 10 eV  to 100 TeV in 260 bins
      Lambda tables from threshold to 100 TeV, 20 bins/decade, spline: 1
      Sampling table 25x1001; from 0.1 GeV to 100 TeV 
      ===== EM models for the G4Region  DefaultRegionForTheWorld ======
           ePairProd : Emin=    0 eV  Emax=  100 TeV  ModifiedMephi

msc:  for e+  SubType= 10
      ===== EM models for the G4Region  DefaultRegionForTheWorld ======
            UrbanMsc : Emin=    0 eV  Emax=  100 TeV Nbins=240 100 eV  - 100 TeV
              StepLim=DistanceToBoundary Rfact=0.04 Gfact=2.5 Sfact=0.6 DispFlag:1 Skin=1 Llimit=1

eIoni:  for e+  SubType=2
      dE/dx and range tables from 10 eV  to 100 TeV in 260 bins
      Lambda tables from threshold to 100 TeV, 20 bins/decade, spline: 1
      StepFunction=(0.2, 0.1 mm), integ: 1, fluct: 1, linLossLim= 0.01
      ===== EM models for the G4Region  DefaultRegionForTheWorld ======
        MollerBhabha : Emin=    0 eV  Emax=  100 TeV  deltaVI

eBrem:  for e+  SubType=3
      dE/dx and range tables from 10 eV  to 100 TeV in 260 bins
      Lambda tables from threshold to 100 TeV, 20 bins/decade, spline: 1
      LPM flag: 1 for E > 1 GeV,  VertexHighEnergyTh(GeV)= 100000
      ===== EM models for the G4Region  DefaultRegionForTheWorld ======
             eBremSB : Emin=    0 eV  Emax=    1 GeV  AngularGen2BS
            eBremLPM : Emin=    1 GeV Emax=  100 TeV  AngularGen2BS

ePairProd:  for e+  SubType=4
      dE/dx and range tables from 10 eV  to 100 TeV in 260 bins
      Lambda tables from threshold to 100 TeV, 20 bins/decade, spline: 1
      Sampling table 25x1001; from 0.1 GeV to 100 TeV 
      ===== EM models for the G4Region  DefaultRegionForTheWorld ======
           ePairProd : Emin=    0 eV  Emax=  100 TeV  ModifiedMephi

annihil:  for e+, integral:1  applyCuts:1  SubType=5 BuildTable=0
      ===== EM models for the G4Region  DefaultRegionForTheWorld ======
            eplus2gg : Emin=    0 eV  Emax=  100 TeV

msc:  for proton  SubType= 10
      ===== EM models for the G4Region  DefaultRegionForTheWorld ======
            UrbanMsc : Emin=    0 eV  Emax=  100 TeV Nbins=240 100 eV  - 100 TeV
              StepLim=Minimal Rfact=0.2 Gfact=2.5 Sfact=0.6 DispFlag:1 Skin=1 Llimit=1

hIoni:  for proton  SubType=2
      dE/dx and range tables from 10 eV  to 100 TeV in 260 bins
      Lambda tables from threshold to 100 TeV, 20 bins/decade, spline: 1
      StepFunction=(0.2, 0.05 mm), integ: 1, fluct: 1, linLossLim= 0.01
      ===== EM models for the G4Region  DefaultRegionForTheWorld ======
               Bragg : Emin=    0 eV  Emax=    2 MeV  deltaVI
          BetheBloch : Emin=    2 MeV Emax=  100 TeV  deltaVI

hBrems:  for proton  SubType=3
      dE/dx and range tables from 10 eV  to 100 TeV in 260 bins
      Lambda tables from threshold to 100 TeV, 20 bins/decade, spline: 1
      ===== EM models for the G4Region  DefaultRegionForTheWorld ======
               hBrem : Emin=    0 eV  Emax=  100 TeV  ModifiedMephi
      ===== Limit on energy threshold has been applied 

hPairProd:  for proton  SubType=4
      dE/dx and range tables from 10 eV  to 100 TeV in 260 bins
      Lambda tables from threshold to 100 TeV, 20 bins/decade, spline: 1
      Sampling table 17x1001; from 7.50618 GeV to 100 TeV 
      ===== EM models for the G4Region  DefaultRegionForTheWorld ======
           hPairProd : Emin=    0 eV  Emax=  100 TeV  ModifiedMephi

nuclearStopping:  for proton applyCuts:1  SubType=8 BuildTable=0
      ===== EM models for the G4Region  DefaultRegionForTheWorld ======
   ICRU49NucStopping : Emin=    0 eV  Emax=    1 MeV

msc:  for GenericIon  SubType= 10
      ===== EM models for the G4Region  DefaultRegionForTheWorld ======
            UrbanMsc : Emin=    0 eV  Emax=  100 TeV
              StepLim=Minimal Rfact=0.2 Gfact=2.5 Sfact=0.6 DispFlag:1 Skin=1 Llimit=1

ionIoni:  for GenericIon  SubType=2
      dE/dx and range tables from 10 eV  to 100 TeV in 260 bins
      Lambda tables from threshold to 100 TeV, 20 bins/decade, spline: 1
      StepFunction=(0.1, 0.02 mm), integ: 1, fluct: 1, linLossLim= 0.02
      ===== EM models for the G4Region  DefaultRegionForTheWorld ======
         ParamICRU73 : Emin=    0 eV  Emax=  100 TeV  deltaVI

nuclearStopping:  for GenericIon applyCuts:1  SubType=8 BuildTable=0
      ===== EM models for the G4Region  DefaultRegionForTheWorld ======
   ICRU49NucStopping : Emin=    0 eV  Emax=    1 MeV

msc:  for alpha  SubType= 10
      ===== EM models for the G4Region  DefaultRegionForTheWorld ======
            UrbanMsc : Emin=    0 eV  Emax=  100 TeV Nbins=240 100 eV  - 100 TeV
              StepLim=Minimal Rfact=0.2 Gfact=2.5 Sfact=0.6 DispFlag:1 Skin=1 Llimit=1

ionIoni:  for alpha  SubType=2
      dE/dx and range tables from 10 eV  to 100 TeV in 260 bins
      Lambda tables from threshold to 100 TeV, 20 bins/decade, spline: 1
      StepFunction=(0.1, 0.02 mm), integ: 1, fluct: 1, linLossLim= 0.02
      ===== EM models for the G4Region  DefaultRegionForTheWorld ======
            BraggIon : Emin=    0 eV  Emax=7.9452 MeV  deltaVI
          BetheBloch : Emin=7.9452 MeV Emax=  100 TeV  deltaVI

nuclearStopping:  for alpha applyCuts:1  SubType=8 BuildTable=0
      ===== EM models for the G4Region  DefaultRegionForTheWorld ======
   ICRU49NucStopping : Emin=    0 eV  Emax=    1 MeV

msc:  for anti_proton  SubType= 10
      ===== EM models for the G4Region  DefaultRegionForTheWorld ======
            UrbanMsc : Emin=    0 eV  Emax=  100 TeV Nbins=240 100 eV  - 100 TeV
              StepLim=Minimal Rfact=0.2 Gfact=2.5 Sfact=0.6 DispFlag:1 Skin=1 Llimit=1

hIoni:  for anti_proton  SubType=2
      dE/dx and range tables from 10 eV  to 100 TeV in 260 bins
      Lambda tables from threshold to 100 TeV, 20 bins/decade, spline: 1
      StepFunction=(0.2, 0.05 mm), integ: 1, fluct: 1, linLossLim= 0.01
      ===== EM models for the G4Region  DefaultRegionForTheWorld ======
            ICRU73QO : Emin=    0 eV  Emax=    2 MeV  deltaVI
          BetheBloch : Emin=    2 MeV Emax=  100 TeV  deltaVI

hBrems:  for anti_proton  SubType=3
      dE/dx and range tables from 10 eV  to 100 TeV in 260 bins
      Lambda tables from threshold to 100 TeV, 20 bins/decade, spline: 1
      ===== EM models for the G4Region  DefaultRegionForTheWorld ======
               hBrem : Emin=    0 eV  Emax=  100 TeV  ModifiedMephi
      ===== Limit on energy threshold has been applied 

hPairProd:  for anti_proton  SubType=4
      dE/dx and range tables from 10 eV  to 100 TeV in 260 bins
      Lambda tables from threshold to 100 TeV, 20 bins/decade, spline: 1
      Sampling table 17x1001; from 7.50618 GeV to 100 TeV 
      ===== EM models for the G4Region  DefaultRegionForTheWorld ======
           hPairProd : Emin=    0 eV  Emax=  100 TeV  ModifiedMephi

msc:  for kaon+  SubType= 10
      ===== EM models for the G4Region  DefaultRegionForTheWorld ======
            UrbanMsc : Emin=    0 eV  Emax=  100 TeV Nbins=240 100 eV  - 100 TeV
              StepLim=Minimal Rfact=0.2 Gfact=2.5 Sfact=0.6 DispFlag:1 Skin=1 Llimit=1

hIoni:  for kaon+  SubType=2
      dE/dx and range tables from 10 eV  to 100 TeV in 260 bins
      Lambda tables from threshold to 100 TeV, 20 bins/decade, spline: 1
      StepFunction=(0.2, 0.05 mm), integ: 1, fluct: 1, linLossLim= 0.01
      ===== EM models for the G4Region  DefaultRegionForTheWorld ======
               Bragg : Emin=    0 eV  Emax=1.05231 MeV  deltaVI
          BetheBloch : Emin=1.05231 MeV Emax=  100 TeV  deltaVI

hBrems:  for kaon+  SubType=3
      dE/dx and range tables from 10 eV  to 100 TeV in 260 bins
      Lambda tables from threshold to 100 TeV, 20 bins/decade, spline: 1
      ===== EM models for the G4Region  DefaultRegionForTheWorld ======
               hBrem : Emin=    0 eV  Emax=  100 TeV  ModifiedMephi
      ===== Limit on energy threshold has been applied 

hPairProd:  for kaon+  SubType=4
      dE/dx and range tables from 10 eV  to 100 TeV in 260 bins
      Lambda tables from threshold to 100 TeV, 20 bins/decade, spline: 1
      Sampling table 18x1001; from 3.94942 GeV to 100 TeV 
      ===== EM models for the G4Region  DefaultRegionForTheWorld ======
           hPairProd : Emin=    0 eV  Emax=  100 TeV  ModifiedMephi

msc:  for kaon-  SubType= 10
      ===== EM models for the G4Region  DefaultRegionForTheWorld ======
            UrbanMsc : Emin=    0 eV  Emax=  100 TeV Nbins=240 100 eV  - 100 TeV
              StepLim=Minimal Rfact=0.2 Gfact=2.5 Sfact=0.6 DispFlag:1 Skin=1 Llimit=1

hIoni:  for kaon-  SubType=2
      dE/dx and range tables from 10 eV  to 100 TeV in 260 bins
      Lambda tables from threshold to 100 TeV, 20 bins/decade, spline: 1
      StepFunction=(0.2, 0.05 mm), integ: 1, fluct: 1, linLossLim= 0.01
      ===== EM models for the G4Region  DefaultRegionForTheWorld ======
            ICRU73QO : Emin=    0 eV  Emax=1.05231 MeV  deltaVI
          BetheBloch : Emin=1.05231 MeV Emax=  100 TeV  deltaVI

hBrems:  for kaon-  SubType=3
      dE/dx and range tables from 10 eV  to 100 TeV in 260 bins
      Lambda tables from threshold to 100 TeV, 20 bins/decade, spline: 1
      ===== EM models for the G4Region  DefaultRegionForTheWorld ======
               hBrem : Emin=    0 eV  Emax=  100 TeV  ModifiedMephi
      ===== Limit on energy threshold has been applied 

hPairProd:  for kaon-  SubType=4
      dE/dx and range tables from 10 eV  to 100 TeV in 260 bins
      Lambda tables from threshold to 100 TeV, 20 bins/decade, spline: 1
      Sampling table 18x1001; from 3.94942 GeV to 100 TeV 
      ===== EM models for the G4Region  DefaultRegionForTheWorld ======
           hPairProd : Emin=    0 eV  Emax=  100 TeV  ModifiedMephi

msc:  for mu+  SubType= 10
      ===== EM models for the G4Region  DefaultRegionForTheWorld ======
            UrbanMsc : Emin=    0 eV  Emax=  100 TeV Nbins=240 100 eV  - 100 TeV
              StepLim=Minimal Rfact=0.2 Gfact=2.5 Sfact=0.6 DispFlag:1 Skin=1 Llimit=1

muIoni:  for mu+  SubType=2
      dE/dx and range tables from 10 eV  to 100 TeV in 260 bins
      Lambda tables from threshold to 100 TeV, 20 bins/decade, spline: 1
      StepFunction=(0.2, 0.05 mm), integ: 1, fluct: 1, linLossLim= 0.01
      ===== EM models for the G4Region  DefaultRegionForTheWorld ======
               Bragg : Emin=    0 eV  Emax=  200 keV  deltaVI
          BetheBloch : Emin=  200 keV Emax=    1 GeV  deltaVI
        MuBetheBloch : Emin=    1 GeV Emax=  100 TeV

muBrems:  for mu+  SubType=3
      dE/dx and range tables from 10 eV  to 100 TeV in 260 bins
      Lambda tables from threshold to 100 TeV, 20 bins/decade, spline: 1
      ===== EM models for the G4Region  DefaultRegionForTheWorld ======
              MuBrem : Emin=    0 eV  Emax=  100 TeV  ModifiedMephi
      ===== Limit on energy threshold has been applied 

muPairProd:  for mu+  SubType=4
      dE/dx and range tables from 10 eV  to 100 TeV in 260 bins
      Lambda tables from threshold to 100 TeV, 20 bins/decade, spline: 1
      Sampling table 21x1001; from 1 GeV to 100 TeV 
      ===== EM models for the G4Region  DefaultRegionForTheWorld ======
          muPairProd : Emin=    0 eV  Emax=  100 TeV  ModifiedMephi

msc:  for mu-  SubType= 10
      ===== EM models for the G4Region  DefaultRegionForTheWorld ======
            UrbanMsc : Emin=    0 eV  Emax=  100 TeV Nbins=240 100 eV  - 100 TeV
              StepLim=Minimal Rfact=0.2 Gfact=2.5 Sfact=0.6 DispFlag:1 Skin=1 Llimit=1

muIoni:  for mu-  SubType=2
      dE/dx and range tables from 10 eV  to 100 TeV in 260 bins
      Lambda tables from threshold to 100 TeV, 20 bins/decade, spline: 1
      StepFunction=(0.2, 0.05 mm), integ: 1, fluct: 1, linLossLim= 0.01
      ===== EM models for the G4Region  DefaultRegionForTheWorld ======
            ICRU73QO : Emin=    0 eV  Emax=  200 keV  deltaVI
          BetheBloch : Emin=  200 keV Emax=    1 GeV  deltaVI
        MuBetheBloch : Emin=    1 GeV Emax=  100 TeV

muBrems:  for mu-  SubType=3
      dE/dx and range tables from 10 eV  to 100 TeV in 260 bins
      Lambda tables from threshold to 100 TeV, 20 bins/decade, spline: 1
      ===== EM models for the G4Region  DefaultRegionForTheWorld ======
              MuBrem : Emin=    0 eV  Emax=  100 TeV  ModifiedMephi
      ===== Limit on energy threshold has been applied 

muPairProd:  for mu-  SubType=4
      dE/dx and range tables from 10 eV  to 100 TeV in 260 bins
      Lambda tables from threshold to 100 TeV, 20 bins/decade, spline: 1
      Sampling table 21x1001; from 1 GeV to 100 TeV 
      ===== EM models for the G4Region  DefaultRegionForTheWorld ======
          muPairProd : Emin=    0 eV  Emax=  100 TeV  ModifiedMephi

msc:  for pi+  SubType= 10
      ===== EM models for the G4Region  DefaultRegionForTheWorld ======
            UrbanMsc : Emin=    0 eV  Emax=  100 TeV Nbins=240 100 eV  - 100 TeV
              StepLim=Minimal Rfact=0.2 Gfact=2.5 Sfact=0.6 DispFlag:1 Skin=1 Llimit=1

hIoni:  for pi+  SubType=2
      dE/dx and range tables from 10 eV  to 100 TeV in 260 bins
      Lambda tables from threshold to 100 TeV, 20 bins/decade, spline: 1
      StepFunction=(0.2, 0.05 mm), integ: 1, fluct: 1, linLossLim= 0.01
      ===== EM models for the G4Region  DefaultRegionForTheWorld ======
               Bragg : Emin=    0 eV  Emax=297.505 keV  deltaVI
          BetheBloch : Emin=297.505 keV Emax=  100 TeV  deltaVI

hBrems:  for pi+  SubType=3
      dE/dx and range tables from 10 eV  to 100 TeV in 260 bins
      Lambda tables from threshold to 100 TeV, 20 bins/decade, spline: 1
      ===== EM models for the G4Region  DefaultRegionForTheWorld ======
               hBrem : Emin=    0 eV  Emax=  100 TeV  ModifiedMephi
      ===== Limit on energy threshold has been applied 

hPairProd:  for pi+  SubType=4
      dE/dx and range tables from 10 eV  to 100 TeV in 260 bins
      Lambda tables from threshold to 100 TeV, 20 bins/decade, spline: 1
      Sampling table 20x1001; from 1.11656 GeV to 100 TeV 
      ===== EM models for the G4Region  DefaultRegionForTheWorld ======
           hPairProd : Emin=    0 eV  Emax=  100 TeV  ModifiedMephi

msc:  for pi-  SubType= 10
      ===== EM models for the G4Region  DefaultRegionForTheWorld ======
            UrbanMsc : Emin=    0 eV  Emax=  100 TeV Nbins=240 100 eV  - 100 TeV
              StepLim=Minimal Rfact=0.2 Gfact=2.5 Sfact=0.6 DispFlag:1 Skin=1 Llimit=1

hIoni:  for pi-  SubType=2
      dE/dx and range tables from 10 eV  to 100 TeV in 260 bins
      Lambda tables from threshold to 100 TeV, 20 bins/decade, spline: 1
      StepFunction=(0.2, 0.05 mm), integ: 1, fluct: 1, linLossLim= 0.01
      ===== EM models for the G4Region  DefaultRegionForTheWorld ======
            ICRU73QO : Emin=    0 eV  Emax=297.505 keV  deltaVI
          BetheBloch : Emin=297.505 keV Emax=  100 TeV  deltaVI

hBrems:  for pi-  SubType=3
      dE/dx and range tables from 10 eV  to 100 TeV in 260 bins
      Lambda tables from threshold to 100 TeV, 20 bins/decade, spline: 1
      ===== EM models for the G4Region  DefaultRegionForTheWorld ======
               hBrem : Emin=    0 eV  Emax=  100 TeV  ModifiedMephi
      ===== Limit on energy threshold has been applied 

hPairProd:  for pi-  SubType=4
      dE/dx and range tables from 10 eV  to 100 TeV in 260 bins
      Lambda tables from threshold to 100 TeV, 20 bins/decade, spline: 1
      Sampling table 20x1001; from 1.11656 GeV to 100 TeV 
      ===== EM models for the G4Region  DefaultRegionForTheWorld ======
           hPairProd : Emin=    0 eV  Emax=  100 TeV  ModifiedMephi
G4VisManager: Using G4TrajectoryDrawByCharge as fallback trajectory model.
See commands in /vis/modeling/trajectories/ for other options.

### ===  Deexcitation model UAtomDeexcitation is activated for 25 regions:
          DefaultRegionForTheWorld  1  1  1
          cylindricalPET  1  1  1
          module  1  1  1
          unit  1  1  1
          block  1  1  1
          optical  1  1  1
          crystal  1  1  1
          capillaire1  1  1  1
          capillaire1_water  1  1  1
          capillaire2  1  1  1
          capillaire2_water  1  1  1
          capillaire3  1  1  1
          capillaire3_water  1  1  1
          capillaire4  1  1  1
          capillaire4_water  1  1  1
          capillaire5  1  1  1
          capillaire5_water  1  1  1
          capillaire_m1  1  1  1
          capillaire_m1_water  1  1  1
          capillaire_m2  1  1  1
          capillaire_m2_water  1  1  1
          capillaire_m3  1  1  1
          capillaire_m3_water  1  1  1
          capillaire_m4  1  1  1
          capillaire_m4_water  1  1  1
### ===  Ignore cuts flag:   0
(273.145,153.111,99.3572)
(245.277,168.34,32.1285)
(281.305,151.211,95.0331)
(290.463,136.41,7.18306)
(-116.457,-291.184,6.29867)
(-148.221,-286.718,81.1773)
(-103.543,308.926,-2.38396)
(40.3663,386.197,104.483)
(-138.672,279.613,34.0726)
(-89.8521,384.577,37.8837)
(-77.8174,-310.391,-38.5986)
(-79.7849,-242.494,-33.9468)
(-80.0682,-309.096,-38.3742)
(45.6752,-436.117,-44.7853)
(-232.127,214.016,-99.6998)
(-173.933,216.336,-221.905)
(280.262,-137.739,64.2592)
(142.465,-104.282,29.966)
(281.848,-140.062,60.5872)
(321.176,-279.269,68.4733)
(-325.51,51.9535,-11.626)
(-358.001,-4.92784,49.9985)
(292.331,-117.56,27.5251)
(254.956,-112.863,2.69843)
(-236.918,219.605,56.873)
(-325.735,193.456,-58.1523)
(-93.1349,299.65,-55.8529)
(-90.188,307.379,-59.2321)
(117.078,-313.016,54.8374)
(155.899,-279.667,31.7741)
(-44.6839,315.588,-92.7326)
(106.124,337.196,-51.5195)
(-54.3462,324.913,-98.7459)
(-162.129,464.358,-68.9166)
(-324.407,88.3985,79.1632)
(-258.955,42.8381,157.559)
(-320.577,-94.5092,-96.7898)
(-287.896,-76.9711,-3.71501)
(-322.519,-95.9556,-93.0923)
(-310.512,-81.2369,-52.3579)
(310.412,-90.3567,-10.5882)
(234.536,-150.016,82.28)
(-310.843,65.3679,6.31315)
(-210.556,76.5381,26.1485)
(-309.005,63.6872,8.25089)
(-185.896,94.8401,-8.96616)
(-170.923,-286.607,73.9232)
(-291.897,-320.588,187.341)
(305.511,66.1415,34.4778)
(277.958,93.0933,12.5727)
(323.398,67.2231,18.297)
(436.129,80.2025,10.1669)
(-287.018,-134.199,-64.8982)
(-348.212,-89.3601,-43.891)
(-192.999,251.36,-64.3417)
(-217.206,194.303,-81.1074)
(-188.038,255.964,-60.716)
(-177.701,160.625,-69.2492)
(-4.06047,-319.989,85.4699)
(64.8,-366.984,53.7131)
(285.014,127.664,-7.0659)
(309.966,23.3826,13.3265)
(285.132,128.745,-6.92659)
(319.481,94.8765,-48.3245)
(-245.382,203.36,-83.9668)
(-244.358,164.121,-100.162)
(-251.105,205.369,-86.0106)
(-200.096,211.047,-54.7083)
(309.46,-113.935,49.0637)
(269.015,-90.5671,99.5301)
(-319.492,-16.5261,-98.4323)
(-287.368,16.0141,-65.9605)
(-323.156,-19.075,-99.7369)
(-433.592,19.3094,-128.162)
(-27.7756,-314.029,-68.6874)
(-84.1081,-356.746,23.3793)
(-45.6136,-324.548,-59.8814)
(-97.3389,-252.932,-104.097)
(47.6579,311.136,69.4462)
(26.2506,257.192,-11.126)
(50.9119,315.464,63.745)
(101.979,358.692,70.8454)
(72.8051,305.77,-67.3805)
(67.0393,319.819,-67.8775)
(25.8145,-313.848,70.2232)
(10.6319,-362.35,-1.31136)
(320.287,-14.2098,97.1005)
(326.113,-9.18723,158.824)
(-205.284,242.982,-119.496)
(-279.897,305.672,-106.375)
(-204.122,244.676,-123.25)
(-286.205,327.678,-106.861)
(-115.82,-292.252,4.74772)
(-131.761,-216.489,24.1158)
(25.2823,333.671,-4.72573)
(63.6103,307.766,12.6087)
(-148.647,280.295,-45.043)
(-177.885,230.834,-18.4297)
(164.775,-273.989,44.5217)
(127.08,-277.066,141.037)
(316.532,-7.7366,113.291)
(279.317,51.922,171.357)
(308.599,79.2551,-78.9496)
(353.923,2.50266,-137.131)
(-298.186,94.8613,-121.954)
(-298.622,52.1878,-216.342)
(294.625,143.855,87.071)
(294.661,91.2879,96.1819)
(-290.245,138.99,42.8919)
(-378.502,122.569,80.9748)
(-290.036,126.788,46.1339)
(-336.507,95.8487,-41.6741)
(-290.19,124.754,48.7815)
(-295.452,188.726,26.2075)
(263.093,-181.023,-55.3694)
(347.081,-138.826,-19.2241)
(-289.723,-139.693,13.647)
(-272.282,-132.905,-6.07727)
(166.806,287.427,-27.8046)
(162.413,255.569,30.4052)
(164.697,-278.535,-91.4305)
(181.557,-318.611,-164.176)
(-205.503,-235.546,12.5543)
(-279.547,-261.057,66.743)
(155.089,-298.422,-74.505)
(115.824,-170.845,-103.831)
(-2.48686,324.341,81.1038)
(-73.7222,352.343,62.4723)
(-118.488,302.732,27.4265)
(-68.3423,351.286,32.3186)
(-287.689,131.189,-87.5446)
(-308.522,161.821,47.152)
(124.909,-288.96,98.1522)
(112.713,-299.266,133.066)
(-303.914,99.9741,93.6549)
(-241.513,27.4689,103.401)
(302.006,-93.3145,-85.8398)
(205.348,-46.2149,-127.191)
(302.947,-94.8045,-85.5603)
(314.019,-109.607,-22.9485)
(301.72,-113.491,-73.5095)
(294.726,-95.2404,-138.012)
(219.307,236.528,106.182)
(200.183,254.402,16.4355)
(221.982,238.338,106.672)
(217.821,226.093,72.4851)
(220.075,240.747,100.527)
(223.598,221.789,138.478)
(283.224,-139.553,58.5446)
(295.399,-170.457,101.492)
(297.608,-142.891,61.7388)
(305.242,-178.076,155.945)
(-197.947,247.264,-105.269)
(-249.925,224.85,-81.7543)
(-199.446,245.297,-100.993)
(-267.532,171.733,-92.4372)
(-271.831,-154.638,-38.4804)
(-255.347,-106.307,-13.8195)
(214.494,237.478,59.3952)
(245.201,308.371,49.2401)
(10.4346,312.191,-74.3338)
(-27.2753,304.452,-75.5373)
(145.322,-298.833,70.1193)
(146.895,-369.334,78.5612)
(26.0619,317.041,96.861)
(27.6948,336.457,158.569)
(24.0806,315.081,98.4475)
(-31.3944,247.742,18.7826)
(130.697,-298.694,-91.4818)
(29.6473,-273.019,-130.701)
(129.349,-299.064,-91.2017)
(98.4465,-326.395,-45.2619)
(-306.109,62.58,-116.609)
(-334.013,19.8046,-107.101)
(-314.957,61.0704,-110.647)
(-377.484,57.258,-102.375)
(195.517,-267.467,47.5804)
(214.076,-152.367,68.0325)
(-246.025,215.135,-34.7797)
(-128.321,175.368,-28.4946)
(315.145,101.371,79.0391)
(300.182,130.788,170.468)
(314.328,102.99,73.6535)
(312.203,160.972,71.9347)
(267.864,174.971,40.0817)
(225.566,150.241,52.6431)
(-217.546,247.906,74.0604)
(-277.124,276.307,88.4421)
(228.04,-237.665,-69.2408)
(220.143,-169.876,-31.9875)
(228.229,-237.888,-69.28)
(197.056,-271.843,-0.888341)
(284.088,-134.328,56.353)
(277.478,-82.6952,18.0979)
(282.117,-137.011,70.3898)
(358.2,-130.177,102.218)
(-202.689,241.32,-101.331)
(-188.543,148.844,-97.0161)
(-202.659,241.052,-100.931)
(-135.662,202.242,-92.7915)
(-200.553,242.214,-97.5943)
(-224.432,216.416,-191.877)
(288.04,-143.781,-47.0559)
(269.642,-164.554,-120.417)
(-306.514,88.0756,27.0289)
(-385.3,184.637,6.53376)
(320.776,19.8615,-93.4413)
(297.888,39.0917,-97.3281)
(326.225,63.3811,-74.5285)
(309.432,71.5335,-140.993)
(-211.737,-241.041,1.71416)
(-291.819,-274.543,127.304)
(-210.083,-246.099,0.721913)
(-197.404,-235.407,51.5454)
(-202.266,-247.254,-5.84533)
(-193.958,-237.067,-56.4821)
(27.0988,326.114,-6.70185)
(105.129,302.016,-96.3134)
(84.3742,-310.098,-89.9551)
(141.186,-325.963,-65.1612)
(75.161,312.336,89.1253)
(131.639,307.515,-71.8669)
(75.8881,321.387,86.5479)
(58.1754,316.59,102.229)
(79.1855,321.337,84.8246)
(134.08,292.509,92.834)
(-139.281,296.045,-9.12477)
(-95.6427,415.513,6.53423)
(-139.358,299.353,-3.27973)
(-121.858,270.467,75.3118)
(-140.555,-299.502,11.0397)
(-74.4341,-293.558,102.411)
(-304.012,99.1984,-96.7474)
(-239.566,145.924,-95.4832)
(-310.458,97.547,-97.5119)
(-348.055,141.03,-63.2201)
(-314.391,96.659,-96.9768)
(-257.901,111.575,-80.8932)
(-313.851,100.256,-102.323)
(-279.524,117.471,-83.97)
(-323.742,28.5895,-72.2306)
(-407.092,-10.2013,0.510365)
(-330.765,21.0707,-80.7454)
(-291.454,18.9963,-130.27)
(299.352,-91.4404,-32.0757)
(260.116,-88.8096,7.15567)
(299.461,-93.4291,-31.6542)
(203.529,-232.579,2.85627)
(-260.932,179.379,59.7928)
(-283.434,70.5208,106.871)
(61.0679,-307.62,-28.3065)
(124.994,-315.58,-33.4245)
(66.1475,-323.885,-33.7294)
(4.96007,-369.313,-145.931)
(49.2457,-332.721,-36.6068)
(117.568,-426.843,-62.4613)
(-247.841,-191.828,104.263)
(-194.011,-213.856,27.4644)
(-141.062,-289.028,116.924)
(-222.631,-274.216,99.0641)
(262.992,175.088,-67.2599)
(285.278,103.372,-122.845)
(-315.694,85.1071,101.079)
(-411.415,104.465,93.4509)
(242.761,-198.323,10.4206)
(206.325,-145.063,17.2707)
(-133.03,290.678,-47.9949)
(-143.713,254.148,44.3646)
(208.195,-250.517,42.3598)
(271.353,-267.346,27.1294)
(210.013,-239.594,45.1987)
(190.117,-173.662,-57.7239)
(-132.559,289.147,20.2522)
(-91.636,234.13,28.7111)
(280.987,-149.228,-13.4986)
(286.739,-230.857,-66.1707)
(282.808,-162.341,-8.25784)
(307.343,-181.872,-34.259)
(46.364,-314.11,47.6001)
(-75.2925,-302.502,31.1269)
(-186.022,260.086,-35.5054)
(-137.483,280.292,15.2453)
(307.961,-67.3378,28.8428)
(363.048,-88.3915,154.336)
(-185.613,-251.79,8.76015)
(-179.417,-305.106,14.5795)
(-184.517,-253.252,5.94104)
(-206.848,-167.742,-60.1074)
(279.987,144.233,-7.30729)
(242.093,133.54,-43.3791)
(284.209,145.145,-9.25161)
(189.113,135.742,85.2762)
(286.114,148.265,-8.51229)
(360.776,58.8471,13.4796)
(2.21036,-325.08,-60.1556)
(43.1451,-354.076,-70.0869)
(195.036,256.951,47.1807)
(254.528,214.712,9.11451)
(-250.721,190.654,-1.2774)
(-218.472,244.28,65.4449)
(-202.357,-246.97,9.26489)
(-382.577,-223.244,29.1985)
(246.446,191.611,-3.9567)
(260.653,297.74,8.66265)
(246.927,196.621,-73.0563)
(244.615,214.666,-105.287)
(315.838,-15.6177,-84.9225)
(295.753,-50.3868,-220.931)
(318.675,-17.6012,-85.7938)
(348.623,6.90485,-71.6931)
(322.94,-19.4799,-88.5923)
(326.339,-71.9881,-128.134)
(325.782,-22.4099,-91.4895)
(263.169,32.8415,-62.5857)
(65.8367,-307.756,-59.0271)
(33.1726,-326.429,-52.3922)
(62.0799,-309.915,-63.2449)
(-26.3609,-254.629,-38.4052)
(67.3907,-309.945,-61.3111)
(204.174,-360.423,15.9628)
(-258.316,176.816,32.4212)
(-279.271,218.708,86.7748)
(-86.6745,302.31,99.7961)
(-52.9474,298.608,64.3762)
(306.821,-84.6434,70.0277)
(256.018,-20.5694,145.611)
(-315.668,51.3562,-44.8415)
(-283.441,47.388,31.3473)
(-241.372,215.659,-119.472)
(-255.563,185.243,-116.525)
(-313.236,87.7187,-113.485)
(-280.897,50.7947,-213.68)
(-307.88,102.725,-107.234)
(-211.294,81.2171,-138.119)
(315.902,-70.7933,68.5524)
(234.492,-26.2406,6.61896)
(314.301,-69.9347,69.4043)
(301.422,-90.5174,55.9238)
(319.522,-75.0323,64.4533)
(318.573,-43.1375,140.948)
(275.632,161.513,-87.0239)
(190.503,280.475,-84.0992)
(-306.04,-102.047,53.1186)
(-237.094,-114.345,58.6269)
(132.75,296.912,70.5615)
(186.596,354.41,73.3236)
(-210.665,-262.155,-65.0086)
(-265.249,-265.748,-86.7553)
(-252.934,-183.999,-120.447)
(-241.441,-156.745,-165.553)
(258.185,-189.505,-87.9404)
(374.677,-169.712,-16.535)
(-306.44,95.705,-52.6167)
(-246.824,100.272,12.8005)
(163.389,-276.668,-20.6432)
(207.66,-218.564,-77.5117)
(170.508,-284.5,-43.1739)
(168.008,-306.609,-102.501)
(211.385,232.743,-28.2447)
(112.561,208.117,-10.7503)
(41.2453,-321.46,38.0383)
(59.2378,-219.553,92.7706)
(301.655,99.8577,-112.609)
(320.59,60.3774,-55.6369)
(300.812,95.2627,-116.506)
(325.557,83.7645,-174.817)
(-243.519,223.984,124.102)
(-277.152,288.375,247.477)
(286.719,-139.735,-77.6517)
(162.373,-166.319,-23.7531)
(-138.21,291.867,95.7198)
(-136.106,283.968,55.16)
(268.054,-183.738,-59.8885)
(392.668,-221.336,-24.6564)
(275.774,-189.598,-68.1481)
(338.845,-185.537,-163.534)
(-247.337,-197.615,-20.6752)
(-272.818,-252.217,49.4736)
(298.942,121.692,-56.0402)
(333.413,99.3237,19.6785)
(-314.419,-91.3267,44.2101)
(-315.259,-191.54,83.7816)
(-284.469,-163.027,-32.0585)
(-419.864,-130.655,-53.6776)
(-284.731,-163.604,-31.931)
(-285.022,-92.8993,42.8635)
(209.624,-246.836,-14.7635)
(227.503,-235.906,47.621)
(-83.491,312.268,18.4876)
(-14.91,302.222,1.93931)
(31.6138,318.659,-12.0963)
(-1.80454,412.457,-76.4866)
(216.58,-226.947,11.5963)
(303.084,-169.024,22.755)
(-227.707,-235.673,-107.233)
(-144.537,-401.634,-101.838)
(254.894,189.79,115.301)
(254.096,87.6095,185.65)
(-269.709,-183.958,-8.57545)
(-277.314,-203.412,104.256)
(300.613,92.5225,4.6548)
(258.332,9.98464,55.98)
(321.172,89.0396,8.31085)
(299.222,48.0209,-78.4377)
(320.987,88.8244,6.94934)
(290.159,63.4255,-24.8175)
(271.448,160.97,-32.5513)
(317.803,197.981,-68.6618)
(193.566,-250.64,-20.339)
(218.008,-222.154,26.3559)
(192.805,-254.88,-14.2004)
(298.364,-307.429,42.0045)
(-85.5059,-312.155,-45.3243)
(-176.433,-268.449,-20.3606)
(-284.906,-145.084,101.069)
(-322.306,-140.128,188.098)
(304.309,88.6201,-61.89)
(244.774,75.4281,-95.4065)
(60.4925,312.124,71.808)
(-28.7148,294.396,184.209)
(294.764,-132.2,-10.4734)
(361.002,-137.649,27.556)
(-184.984,280.125,30.4929)
(-156.18,320.708,22.9679)
(187.953,-251.833,-108.101)
(189.058,-267.115,-12.0385)
(-240.272,201.822,85.6032)
(-298.704,181.147,115.551)
(-158.6,-276.269,-68.5668)
(-119.187,-270.828,-54.0881)
(-303.431,-90.2486,-20.5139)
(-449.165,-193.093,-41.9039)
(-302.859,-94.1175,-23.9059)
(-370.143,-98.1822,-84.5291)
(-305.608,-115.627,-31.4568)
(-326.088,-100.546,-106.938)
(300.186,96.3453,19.6842)
(382.622,187.945,-121.447)
(305.428,95.6832,16.7749)
(364.121,138.516,86.2423)
(-225.245,-220.711,-40.1384)
(-95.7937,-185.874,-95.8282)
(236.591,217.42,-61.6471)
(261.611,300.574,4.51519)
(-262.966,-173.044,-32.9662)
(-266.324,-131.562,12.4542)
(324.521,-89.0872,-2.8693)
(346.66,-41.0642,16.1858)
(-315.98,92.6167,2.7443)
(-315.262,59.5578,-43.2701)
(-122.33,-288.483,-3.51146)
(15.1379,-208.593,43.7283)
(-120.787,-290.103,-0.954941)
(-235.04,-217.17,79.9828)
(121.165,-297.166,100.115)
(154.743,-270.35,146.763)
(-100.107,297.125,-105.619)
(-61.4496,187.703,-109.406)
(-113.074,304.862,-98.1903)
(-17.6934,253.418,-158.17)
(-113.408,305.924,-98.7946)
(-204.038,258.369,-50.6419)
(-257.411,-182.029,39.9867)
(-232.405,-148.847,100.4)
(233.197,213.391,50.9347)
(427.39,161.442,123.8)
(248.041,-194.528,-98.529)
(309.823,-132.623,-11.591)
(178.584,262.458,-50.939)
(154.537,302.935,-19.1287)
(-166.275,-274.387,49.533)
(-219.281,-339.929,56.6814)
(-75.1035,-318.729,44.1905)
(31.1653,-345.441,-24.1758)
(-71.9489,-324.419,43.1942)
(-36.9342,-251.982,171.378)
(265.994,185.891,-27.2264)
(259.267,213.578,-39.8637)
(278.468,190.552,-21.8752)
(365.869,202.982,-54.5502)
(229.45,240.507,-21.636)
(105.651,139.619,-52.8221)
(-123.027,300.566,-121.029)
(-175.459,235.78,-186.624)
(122.914,-290.505,15.7617)
(22.2894,-380.861,-80.2413)
(123.186,-301.138,14.8678)
(102.164,-228.549,-2.28576)
(240.737,204.702,-88.9534)
(209.006,234.079,-77.079)
(-139.111,-279.853,119.306)
(-115.631,-255.165,90.4026)
(-164.402,289.562,-114.976)
(-147.344,303.633,-70.9984)
(-164.384,289.056,-113.751)
(-169.389,319.329,-84.8578)
(-322.398,-52.2594,-27.1717)
(-333.081,-43.3528,36.4622)
(206.224,257.12,66.7797)
(119.039,211.395,78.7877)
(59.484,-312.004,-79.7805)
(61.0103,-187.78,-94.1755)
(58.8622,-309.655,-31.9525)
(25.953,-331.776,60.4444)
(-148.379,279.146,30.9411)
(-134.534,305.582,-26.6621)
(-150.532,281.527,32.5072)
(-162.379,169.086,19.1263)
(-321.433,40.9707,29.3496)
(-254.668,119.399,-32.1736)
(323.079,-82.1517,-59.6854)
(251.392,-75.215,-124.999)
(308.033,78.9637,-63.0405)
(251.254,74.2415,-91.1972)
(-92.0009,-312.479,97.0236)
(-94.9679,-319.464,30.0493)
(-234.953,-225.81,109.705)
(-176.238,-274.006,92.7129)
(278.024,141.775,-67.2914)
(331.485,217.973,-14.505)
(-254.576,-184.478,87.3198)
(-257.238,-163.79,136.501)
(313.801,6.111,-38.1903)
(295.447,46.275,-16.6639)
(-320.849,-14.9358,91.301)
(-331.41,-4.77411,118.593)
(-323.628,-19.3101,89.991)
(-347.122,-20.2583,104.933)
(-230.735,212.407,-87.2484)
(-281.171,247.367,-81.3447)
(-246.947,194.346,-109.83)
(-199.257,228.229,-102.31)
(-246.672,197.067,-111.033)
(-170.599,145.395,-166.698)
(178.488,268.785,18.1424)
(256.744,355.692,-70.2651)
(-166.674,-281.639,-16.6173)
(-141.592,-265.454,-159.601)
(216.802,-249.199,117.776)
(224.902,-185.089,150.632)
(89.8745,-299.889,-119.096)
(43.627,-339.056,-155.743)
(84.4343,-306.063,-123.874)
(19.5814,-414.518,-191.311)
(129.757,285.922,111.726)
(62.4261,330.332,93.2447)
(-241.426,-209.188,12.2531)
(-222.572,-229.514,-36.7433)
(-245.608,-215.059,14.1024)
(-297.825,-239.182,-44.4393)
(-307.448,-56.3459,-61.5436)
(-333.043,-36.7688,-109.47)
(307.009,-66.9627,13.7069)
(282.232,-60.9479,18.4172)
(230.942,245.151,63.0577)
(253.132,246.142,-1.86037)
(232.507,244.871,63.3017)
(246.458,301.049,59.6057)
(-304.651,-77.8784,58.4065)
(-344.571,-24.2919,57.7402)
(-305.64,-78.7827,58.7171)
(-411.839,-110.816,77.0613)
(-319.042,4.24467,107.309)
(-302.728,33.2744,136.085)
(326.929,-2.43556,-51.8606)
(470.279,-7.04903,-4.11979)
(313.334,13.9525,55.9158)
(262.244,-33.2852,66.8113)
(324.213,28.9041,56.0577)
(318.716,-36.8474,9.07841)
(203.605,-266.064,73.9202)
(192.301,-251.682,-6.47142)
(-148.379,-278.834,-52.5124)
(-139.567,-265.851,-54.8959)
(-149.253,-285.145,-53.4823)
(-107.678,-264.273,-124.518)
(280.308,183.416,35.0884)
(329.648,255.268,85.4926)
(-238.551,-202.46,116.751)
(-305.439,-285.672,145.049)
(162.759,-271.81,29.7321)
(221.587,-379.531,-63.0998)
(173.899,-268.545,19.1568)
(257.275,-353.537,105.895)
(45.204,331.251,-36.0992)
(80.5473,315.661,-58.566)
(162.518,-270.601,92.5249)
(146.359,-264.164,122.583)
(-147.463,279.762,-91.8226)
(-225.283,288.469,-46.2218)
(-301.053,-88.5737,-88.357)
(-319.538,-97.1313,-54.7249)
(-310.008,-96.2125,-91.4528)
(-283.886,-86.209,-147.4)
(-321.563,2.37734,-74.1693)
(-260.687,34.7036,-110.168)
(-171.917,265.626,-9.77351)
(-136.872,266.396,-1.36964)
(310.264,65.5264,62.8343)
(314.424,44.076,62.1442)
(315.89,66.879,65.6408)
(303.762,16.5503,149.081)
(-302.067,-88.2156,-87.049)
(-348.741,-81.324,-51.2208)
(-145.581,288.478,-74.3977)
(-197.66,328.099,-7.5363)
(-152.043,285.31,-79.6206)
(-128.318,320.65,-169.584)
(251.106,-218.39,54.6806)
(310.205,-304.312,117.998)
(-152.211,275.848,61.1451)
(-166.491,365.997,73.9732)
(-249.422,-189.05,-78.8905)
(-308.204,-151.172,-56.8354)
(-273.787,-155.326,86.4154)
(-317.845,-141.392,9.19852)
(309.667,64.3875,-36.4575)
(347.667,132.183,-89.8687)
(87.8052,301.668,21.3796)
(184.132,338.253,26.1634)
(-289.322,-119.386,81.457)
(-223.785,-125.649,68.9495)
(-269.068,-199.202,-26.8217)
(-329.678,-285.992,-150.77)
(-268.317,-197.689,-27.1725)
(-333.587,-214.333,51.9066)
(-20.642,-316.206,-92.0459)
(100.923,-372.888,-99.8051)
(-77.3101,303.274,90.8299)
(-131.887,281.523,46.3719)
(263.252,197.808,72.1938)
(295.455,214.647,-36.8118)
(-292.763,-122.575,-46.6463)
(-330.519,-67.8682,5.23213)
(-205.784,-246.132,-71.9878)
(-160.525,-242.349,-42.4191)
(-214.638,-249.475,-70.2614)
(-251.018,-290.163,-61.1391)
(-221.38,-249.111,-71.3792)
(-226.235,-256.2,-90.487)
(-275.159,-178.248,29.668)
(-275.71,-177.678,-98.2305)
(190.565,247.668,-39.2264)
(215.922,292.052,-34.4576)
(194.507,249.508,-40.161)
(173.191,143.143,-78.9452)
(190.455,260.44,-33.852)
(306.606,319.604,24.4867)
(43.0838,332.607,-110.778)
(92.4224,389.12,-94.2977)
(-292.076,-127.665,-29.9045)
(-241.523,-92.5413,-22.5232)
(-301.095,-126.722,-31.9547)
(-270.75,-134.147,-190.892)
(-301.901,-126.726,-32.1965)
(-284.761,-79.1974,-69.0347)
(-307.121,-125.113,-32.4323)
(-258.438,-161.466,-57.4956)
(217.033,228.43,56.8453)
(180.908,265.629,-63.8929)
(-302.041,-95.6027,41.0708)
(-335.596,-126.653,32.7894)
(256.722,182.883,-83.0033)
(178.965,179.219,-70.9459)
(256.234,193.635,-84.0283)
(274.621,109.813,-128.037)
(319.979,-71.8519,-42.1805)
(210.731,48.6121,-16.3054)
(316.118,-72.384,-39.3603)
(357.482,-69.514,38.6652)
(-306.397,75.8059,18.0352)
(-282.58,32.6357,57.3387)
(-318.044,94.2877,32.2892)
(-324.093,48.4734,-33.9316)
(-312.15,82.3244,28.9325)
(-390.017,68.6008,27.0124)
(276.483,-157.651,-51.1754)
(262.723,-68.4529,18.575)
(277.125,-159.913,-57.2206)
(239.72,-145.43,-85.6991)
(277.209,-160.063,-62.0399)
(203.879,-132.108,-147.388)
(295.942,107.593,36.4272)
(275.208,125.899,57.1378)
(297.144,-109.763,96.4094)
(192.987,-94.7775,160.234)
(-200.482,-242.195,-51.2624)
(-213.482,-226.966,41.5861)
(-200.993,239.329,12.1203)
(-196.903,292.379,27.9679)
(213.916,234.091,52.0184)
(195.637,203.934,159.053)
(-54.1347,313.98,-2.35477)
(-20.854,370.343,-20.4805)
(218.362,-229.547,-7.59996)
(149.215,-339.285,2.5965)
(222.706,-233.309,-4.38553)
(205.072,-344.243,-19.9105)
(-40.1091,317.94,11.0271)
(-54.3666,333.889,-19.0364)
(-269.173,-163.497,22.7553)
(-335.991,-77.8999,-135.804)
(300.87,130.7,-16.5898)
(264.93,95.7853,59.8122)
(-18.7501,-318.931,-54.7597)
(36.1379,-258.665,-43.3429)
(-81.7073,305.934,55.7237)
(-10.8126,214.452,-5.14604)
(293.428,110.853,-112.374)
(278.279,-5.0791,-106.208)
(294.752,107.991,-112.264)
(305.856,140.992,-133.116)
(-22.1005,318.417,-111.128)
(-73.3657,255.156,-68.206)
(240.967,-198.41,71.0141)
(240.253,-321.186,61.8305)
(250.063,191.319,88.001)
(204.379,247.859,35.531)
(276.067,184.138,90.1795)
(375.549,156.332,73.2895)
(-13.4041,322.917,-103.932)
(-33.5937,358.188,-34.1898)
(-13.6092,322.455,-103.554)
(7.29352,385.058,-60.3515)
(-119.216,-295.528,-42.2298)
(-89.435,-295.296,-36.0094)
(-122.544,-314.206,-35.9714)
(-57.4805,-365.468,28.1702)
(-28.2505,-312.178,38.9242)
(-82.1979,-356.157,2.17807)
(280.671,-184.486,80.6136)
(270.292,-145.548,171.265)
(-84.699,305.674,67.2057)
(10.9287,327.609,111.424)
(-89.967,305.688,68.3123)
(-99.9742,325.527,65.3084)
(-75.235,-324.215,-71.8181)
(-154.215,-271.054,-147.704)
(259.656,187.334,51.2751)
(217.182,153.99,-35.985)
(-172.111,-264.046,-71.0695)
(-227.225,-232.912,-115.866)
(-49.2062,315.943,-101.487)
(-40.1517,329.369,-72.1213)
(-172.202,-262.525,41.1485)
(-168.646,-295.913,25.3784)
(-172.992,-261.917,41.572)
(-175.709,-225.909,-4.64868)
(261.44,190.219,-30.074)
(123.051,120.239,-12.0564)
(-301.032,-87.2678,20.6171)
(-217.246,-161.428,44.1291)
(323.058,55.8045,-15.1129)
(298.3,111.709,-46.6951)
(-329.578,-44.5211,-55.76)
(-348.413,-97.9332,-25.872)
(-330.164,-44.6504,-52.998)
(-224.546,29.5838,19.6447)
(306.991,69.255,84.1111)
(361.111,53.9523,90.0176)
(316.073,70.0882,80.9326)
(281.91,43.5811,54.3591)
(258.594,-188.166,-15.4697)
(253.955,-131.963,-104.009)
(262.053,-199.652,-22.8373)
(232.443,-189.4,-90.5354)
(-120.772,294.103,28.6736)
(-111.729,259.412,-10.6101)
(119.761,292.619,-0.671867)
(76.6533,278.148,-26.4402)
(118.729,295.79,-0.541216)
(134.353,228.668,60.0803)
(-274.367,-151.079,1.22728)
(-198.015,-86.9527,-11.9439)
(-279.41,-149.557,2.73357)
(-180.97,-94.5767,83.5294)
(57.7163,313.512,50.9394)
(16.9633,279.921,2.53889)
(59.7511,314.364,50.3069)
(32.9072,340.905,34.1149)
(-308.787,-65.5271,-77.9819)
(-379.519,-169.023,-102.162)
(312.363,39.1008,45.5979)
(390.146,154.93,121.736)
(-243.935,202.948,65.4272)
(-195.926,225.04,92.4413)
(-242.786,204.372,61.9334)
(-187.919,226.108,108.589)
(-242.645,205.19,56.3454)
(-192.689,169.503,-13.4398)
(254.61,-196.198,-62.6498)
(127.516,-230.502,-93.9871)
(316.296,-84.3942,-28.4327)
(387.45,-6.85029,-0.740322)
(315.858,-84.7144,-28.9066)
(313.043,-94.3127,12.0291)
(-298.262,148.869,78.2288)
(-355.587,99.5192,-32.0111)
(-62.5333,306.655,-84.4973)
(-61.6598,369.707,-31.7835)
(-153.888,-284.74,80.2077)
(-180.181,-185.865,101.299)
(-291.753,117.087,-2.32222)
(-243.673,108.841,-53.0312)
(257.618,-187.078,-92.0034)
(240.512,-204.89,-94.6566)
(-170.168,264.369,124.238)
(-159.22,268.826,123.729)
(252.847,-214.223,-92.9186)
(340.983,-282.601,-117.602)
(258.245,-212.504,-94.8015)
(273.874,-156.037,-33.9483)
(269.2,-193.192,-58.0731)
(233.571,-159.089,-110.57)
(311.588,-40.3502,37.0558)
(314.881,-158.054,34.6178)
(-316.945,15.5591,-16.2631)
(-344.837,-59.5788,79.6271)
(-314.016,12.6894,-19.5726)
(-393.996,-5.46041,48.5246)
(57.184,324.876,-111.19)
(19.2147,265.297,-248.808)
(-145.999,-291.745,103.709)
(-162.934,-362.787,174.605)
(48.0231,-327.344,-88.2159)
(84.6681,-377.796,-28.6878)
(164.496,290.594,81.0755)
(181.635,252.055,11.4855)
(-85.7144,-312.7,65.2005)
(32.2054,-305.416,131.308)
(-79.6288,-313.913,61.6486)
(-53.0185,-402.113,11.8954)
(-184.821,256.004,-50.7401)
(-188.547,296.133,-48.2287)
(-178.05,260.708,-46.2292)
(-373.47,224.899,-90.1749)
(-281.505,137.166,96.2917)
(-313.97,150.224,197.833)
(-62.3722,-314.842,-68.7699)
(-46.0639,-344.853,-153.176)
(-59.836,-322.416,-64.4812)
(-15.1654,-268.843,-2.31195)
(-54.6701,-322.189,-66.1996)
(-79.3966,-403.736,-31.2047)
(-38.1255,311.883,67.5654)
(-2.1524,386.305,93.0443)
(-40.7921,320.581,-52.3199)
(-44.1614,337.114,-59.7168)
(-116.087,-294.922,47.1424)
(-76.1489,-417.782,-18.34)
(-210.276,245.135,69.779)
(-307.371,117.354,-13.4266)
(10.6871,323.637,115.128)
(74.8844,248.62,189.271)
(-160.09,-283.875,-101.74)
(-139.458,-247.025,-38.9735)
(-23.2447,312.193,120.935)
(46.4354,269.785,132.739)
(-22.4206,313.437,119.285)
(61.6899,312.178,165.47)
(286.174,157.86,72.6632)
(373.361,164.061,54.8453)
(13.9802,318.881,-26.7932)
(-21.4305,307.406,26.1339)
(313.725,-11.0708,69.5761)
(360.917,-3.92222,17.192)
(-312.004,14.6141,-99.4418)
(-283.132,22.948,-10.9393)
(-316.019,14.8356,-108.344)
(-168.513,115.765,-141.239)
(280.282,-169.223,-35.2765)
(255.411,-173.206,52.2596)
(272.923,-177.604,-27.1475)
(318.303,-174.589,-28.5102)
(-265.753,173.099,32.8574)
(-336.062,134.01,88.8498)
(278.513,-147.322,79.9024)
(366.783,-133.137,119.186)
(-312.135,20.2475,-1.83364)
(-279.04,7.79956,58.8914)
(318.632,28.5224,102.482)
(292.676,76.8369,7.3744)
(317.543,27.2504,100.912)
(304.193,27.4261,30.6255)
(185.451,-256.33,-36.2291)
(134.567,-386.246,29.4663)
(12.6318,328.899,47.5243)
(-49.4021,331.48,101.02)
(13.356,329.598,48.3954)
(13.9515,367.269,13.8837)
(-310.915,51.0826,-45.4855)
(-310.146,36.5813,-14.8025)
(306.172,61.1558,116.862)
(259.708,-13.431,113.786)
(312.02,64.704,115.383)
(298.336,-10.3556,58.6908)
(318.816,84.5503,92.2231)
(368.325,49.5227,75.8573)
(-164.552,267.557,26.7263)
(-120.957,255.442,50.1558)
(181.814,-272.43,100.603)
(299.231,-230.811,69.1055)
(183.345,-270.321,98.1193)
(141.263,-291.547,-14.37)
(295.392,-120.887,-3.25878)
(231.685,-54.182,-79.932)
(298.534,-116.524,1.54409)
(211.08,-128.166,-13.2893)
(-272.439,158.883,8.43266)
(-274.374,53.6473,-42.5242)
(-304.858,-100.094,-8.19505)
(-343.582,-27.284,30.3052)
(280.446,160.081,12.029)
(335.486,254.362,-23.8858)
(-309.337,84.5647,77.3936)
(-398.742,-2.36663,-24.8307)
(-135.009,281.489,73.7824)
(-193.226,192.22,24.9006)
(-131.547,292.429,78.2253)
(-49.799,373.919,27.3391)
(-132.254,291.578,78.564)
(-57.3525,329.5,124.832)
(207.773,-240.572,-60.3716)
(289.175,-227.06,-18.3571)
(209.594,-252.146,-82.2627)
(174.251,-308.175,-146.384)
(209.225,-251.909,-83.7224)
(179.59,-297.277,-132.471)
(-268.457,-195.438,90.0051)
(-226.061,-240.687,97.4359)
(-316.385,-3.93978,-115.404)
(-292.577,-89.1949,-77.9987)
(92.4964,324.276,-7.24731)
(207.176,400.566,-110.995)
(67.6619,-312.141,6.8843)
(18.5421,-276.115,-77.2903)
(73.726,-321.349,9.65728)
(183.85,-320.208,15.8862)
(-333.138,-1.15153,1.41582)
(-313.021,-78.6173,5.20143)
(71.7517,-319.021,-5.58214)
(146.172,-206.454,-30.5208)
(-157.023,280.553,1.83465)
(-8.01097,216.2,73.0595)
(-67.0199,304.525,54.0863)
(-105.596,222.209,42.8115)
(-60.3067,306.055,55.5491)
(-44.661,264.25,132.214)
(-61.5278,305.775,63.2918)
(-27.2097,330.518,19.0786)
(292.371,-127.415,96.7301)
(212.018,-110.368,79.055)
(292.221,-125.188,95.6367)
(297.18,-114.909,45.3332)
(-287.325,-125.812,-82.1345)
(-226.113,-86.516,31.6068)
(-271.045,-161.642,-50.894)
(-278.086,-209.023,-64.0725)
(310.906,-57.1521,-36.5171)
(262.697,-91.323,36.0418)
(-242.465,-200.526,-1.47018)
(-181.109,-150.651,-26.6511)
(189.945,250.061,3.29204)
(245.861,165.025,-20.8201)
(244.434,209.308,-87.3498)
(237.833,143.255,-42.6088)
(246.222,209.058,-89.6095)
(206.894,208.979,-36.1876)
(-190.163,-259.448,107.834)
(-181.887,-192.295,209.22)
(-191.306,-258.038,107.634)
(-230.052,-276.549,238.283)
(75.5371,-315.93,-119.463)
(69.277,-283.999,-88.4318)
(75.6689,-316.128,-120.314)
(96.4784,-385.878,-205.321)
(-199.921,241.95,94.3035)
(-138.737,238.277,148.2)
(-198.541,242.631,96.8456)
(-200.14,258.136,74.37)
(-162.208,284.539,87.6517)
(-238.398,258.236,79.1571)
(-197.299,257.034,30.9215)
(-208.203,273.168,4.01392)
(279.312,-141.373,-16.6057)
(300.93,-125.236,86.444)
(280.34,-143.92,-19.4973)
(313.18,-279.852,-136.399)
(274.966,-149.954,-27.1233)
(360.116,-101.239,-36.9702)
(-321.391,42.5451,-7.87755)
(-253.313,111.051,-15.2242)
(313.599,-56.3422,8.42875)
(353.463,12.1503,36.8275)
(163.928,-268.3,19.1108)
(180.138,-302.078,26.0142)
(-234.917,-208.429,-106.588)
(-265.272,-259.716,-83.9876)
(65.5812,-317.481,94.8949)
(-27.116,-432.041,119.248)
(-158.018,296.078,-87.3018)
(-173.871,175.768,84.3554)
(144.695,-288.627,0.353556)
(159.298,-317.56,23.7958)
(149.313,-289.731,-1.7462)
(164.614,-288.15,-7.38236)
(312.108,-6.20824,13.8239)
(356.124,-62.974,-24.1066)
(313.808,-22.0616,-17.1395)
(334.705,2.38608,-2.40718)
(313.8,-20.2864,-16.9581)
(355.498,-44.8921,5.52754)
(-314.54,-118.652,-8.94137)
(-380.382,-0.979837,72.7225)
(220.622,245.279,21.4298)
(246.172,238.847,-49.1489)
(-239.03,224.713,-124.526)
(-194.793,242.789,-131.287)
(-300.801,-125.078,66.9892)
(-285.37,-176.272,116.022)
(314.387,62.3289,-33.4849)
(291.373,17.1855,16.385)
(91.2158,-309.203,105.896)
(-12.8802,-287.205,75.8871)
(181.025,258.751,-91.7328)
(242.122,279.783,-129.588)
(-290.949,-115.715,77.7088)
(-284.078,-44.6605,60.1399)
(-304.214,-123.219,92.4939)
(-211.165,-125.339,127.212)
(-304.278,-125.285,91.7541)
(-206.494,-76.4881,135.686)
(227.583,241.473,78.658)
(204.446,187.483,60.5837)
(24.6188,-319.769,-98.2436)
(41.4288,-239.073,-117.487)
(22.6035,-331.242,-100.403)
(92.1081,-332.88,-125.474)
(105.694,-320.886,-42.97)
(128.171,-298.861,-37.9395)
(170.853,288.428,37.2385)
(152.821,278.701,13.0555)
(-209.485,-239.643,13.9269)
(-172.903,-201.112,-19.0462)
(149.099,299.103,-19.1483)
(170.934,240.666,-52.0786)
(148.448,298.286,-17.8666)
(55.5995,255.239,-54.0439)
(299.071,-99.6323,90.2902)
(325.498,-13.9967,-10.7156)
(302.677,-97.9728,96.7591)
(335.725,-129.06,150.924)
(302.643,-94.54,99.1095)
(305.814,-92.806,163.74)
(-237.077,-218.551,113.17)
(-247.223,-367.365,160.279)
(-238.369,-220.844,116.377)
(-178.973,-108.76,195.777)
(311.61,126.665,-67.937)
(362.275,202.99,-99.4385)
(294.515,130.71,-78.4001)
(242.471,137.721,49.3093)
(261.416,-173.133,-56.2542)
(301.215,-276.055,-84.3526)
(-286.449,131.46,40.8991)
(-289.258,205.475,111.639)
(-289.033,131.392,44.6577)
(-294.746,110.045,-5.83445)
(289.098,129.752,42.4989)
(341.621,160.334,46.1341)
(289.116,130.419,42.5931)
(371.176,89.1781,144.88)
(307.92,135.847,-40.4483)
(286.468,92.1993,32.2769)
(87.692,-306.723,92.0847)
(78.3145,-248.138,64.4537)
(88.2979,-321.584,95.8875)
(93.1806,-434.133,122.465)
(88.707,-300.972,2.19525)
(68.0138,-313.173,40.8569)
(70.8605,304.122,-4.61101)
(39.4723,187.057,-102.03)
(100.728,-315.235,62.4252)
(239.861,-226.08,12.2671)
(-250.476,210.887,-39.5813)
(-183.382,185.006,-48.6978)
(221.082,226.218,-67.2107)
(196.943,189.606,-5.0509)
0 events have been kept for refreshing and/or reviewing.
  "/vis/reviewKeptEvents" to review them one by one.
  "/vis/enable", then "/vis/viewer/flush" or "/vis/viewer/rebuild" to see them accumulated.
[Core-0] End of macro ./split/.Gate/main132/main5.mac
Graphics systems deleted.
Visualization Manager deleting...
