[G4] 
[G4] **************************************************************
[G4]  Geant4 version Name: geant4-10-07-patch-02    (11-June-2021)
[G4]                        Copyright : Geant4 Collaboration
[G4]                       References : NIM A 506 (2003), 250-303
[G4]                                  : IEEE-TNS 53 (2006), 270-278
[G4]                                  : NIM A 835 (2016), 186-225
[G4]                              WWW : http://geant4.org/
[G4] **************************************************************
[G4] 
[Core-0] Initialization of geometry
[Core-0] Initialization of physics
[Core-0] Initialization of actors
[Core-0] 
[Core-0] *************************************************
[Core-0]  GATE version 9.1 (2021)
[Core-0]  Copyright : OpenGATE Collaboration
[Core-0]  Reference : Phys. Med. Biol. 49 (2004) 4543-4561
[Core-0]  Reference : Phys. Med. Biol. 56 (2011) 881-901
[Core-0]  Reference : Med. Phys. 41(6)    (2014)
[Core-0]  http://www.opengatecollaboration.org        
[Core-0] *************************************************
[Core-0] 
[Core-0] You are using Geant4 version 10.7.2
[Core-0] Starting macro ./split/.Gate/main119/main2.mac
0: RINDEX
1.84e-06   1.00028
4.08e-06   1.00028
9: GROUPVEL
1.84e-06   299.709
4.08e-06   299.709
16: ABSLENGTH
1.84e-06   50000
4.08e-06   50000
 <!> *** WARNING *** <!>  GateMaterialDatabase: Multiple definition of element: Yttrium.
The definition in ClMind_GateMaterials.db was used.


GATE object:        'systems/cylindricalPET'
Components:

GATE object:        'systems/cylindricalPET/base'
Attached to volume: cylindricalPET
Nb of children:       1

	GATE object:        'systems/cylindricalPET/rsector'
	Attached to volume: module
	Nb of children:       1

		GATE object:        'systems/cylindricalPET/module'
		Attached to volume: unit
		Nb of children:       1

			GATE object:        'systems/cylindricalPET/submodule'
			Attached to volume: block
			Nb of children:       1

				GATE object:        'systems/cylindricalPET/crystal'
				Attached to volume: optical
				Nb of children:       4

					GATE object:        'systems/cylindricalPET/layer0'
					Attached to volume: crystal
					Nb of children:       0

					GATE object:        'systems/cylindricalPET/layer1'
					Attached to volume: ---
					Nb of children:       0

					GATE object:        'systems/cylindricalPET/layer2'
					Attached to volume: ---
					Nb of children:       0

					GATE object:        'systems/cylindricalPET/layer3'
					Attached to volume: ---
					Nb of children:       0
geometrical design type: 1
ring diameter: -3.95 mm 
rsector axial pitch: 0 fm 
rsector azimuthal pitch: 12.8571 degree
rsector tangential size: 2.5 cm 
rsector axial size: 25.04 cm 
module axial size: 4.784 cm 
module tangential size: 2.5 cm 
module axial pitch: 0 fm 
module tangential pitch: 0 fm 
submodule axial size: 4.784 cm 
submodule tangential size: 2.5 cm 
submodule axial pitch: 0 fm 
submodule tangential pitch: 0 fm 
crystal radial size: 1.59 cm 
crystal axial size: 1.59 cm 
crystal tangential size: 2.5 cm 
crystal axial pitch: 0 fm 
crystal tangential pitch: 0 fm 
layer0 radial size: 3.95 mm 
in layer0 interaction length: 1.975 mm 
Axial nb of rsectors: 1
Azimuthal nb of rsectors: 28
Axial nb of modules: 1
Tangential nb of modules: 1
Axial nb of submodules: 1
Tangential nb of submodules: 1
Axial nb of crystals: 1
Tangential nb of crystals: 1
Radial nb of layers: 1
[Physic-0] The following Geant4's physic-list is enabled :emstandard_opt3


List of Enabled processes:




List of initialized processes:


[Core-0] Initialization of geometry
[Core-0] Initialization of physics
[Core-0] Initialization of actors
 <!> *** WARNING *** <!>  The 'energytype' option is DEPRECATED, use 'ene/type' instead!
 <!> *** WARNING *** <!>  The 'energytype' option is DEPRECATED, use 'ene/type' instead!
 <!> *** WARNING *** <!>  The 'energytype' option is DEPRECATED, use 'ene/type' instead!
 <!> *** WARNING *** <!>  The 'energytype' option is DEPRECATED, use 'ene/type' instead!
 <!> *** WARNING *** <!>  The 'energytype' option is DEPRECATED, use 'ene/type' instead!
 <!> *** WARNING *** <!>  The 'energytype' option is DEPRECATED, use 'ene/type' instead!
 <!> *** WARNING *** <!>  The 'energytype' option is DEPRECATED, use 'ene/type' instead!
 <!> *** WARNING *** <!>  The 'energytype' option is DEPRECATED, use 'ene/type' instead!
 <!> *** WARNING *** <!>  The 'energytype' option is DEPRECATED, use 'ene/type' instead!
[Acquisition-0]   
[Acquisition-0] ============= Source initialization =============
[Acquisition-0]   
[Acquisition-0] ============= Acquisition starts! =============
[Acquisition-0] Simulation start time = 0 sec
[Acquisition-0] Simulation end time   = 1 sec
[Acquisition-0] Simulation will have  = 1 run(s)
[Acquisition-0] Slice 0 from 0 to 1 s [slice=1 s]

### ===  Deexcitation model UAtomDeexcitation is activated for 25 regions:
          DefaultRegionForTheWorld  1  1  1
          cylindricalPET  1  1  1
          module  1  1  1
          unit  1  1  1
          block  1  1  1
          optical  1  1  1
          crystal  1  1  1
          capillaire1  1  1  1
          capillaire1_water  1  1  1
          capillaire2  1  1  1
          capillaire2_water  1  1  1
          capillaire3  1  1  1
          capillaire3_water  1  1  1
          capillaire4  1  1  1
          capillaire4_water  1  1  1
          capillaire5  1  1  1
          capillaire5_water  1  1  1
          capillaire_m1  1  1  1
          capillaire_m1_water  1  1  1
          capillaire_m2  1  1  1
          capillaire_m2_water  1  1  1
          capillaire_m3  1  1  1
          capillaire_m3_water  1  1  1
          capillaire_m4  1  1  1
          capillaire_m4_water  1  1  1
### ===  Ignore cuts flag:   0

phot:  for gamma applyCuts:1  SubType=12 BuildTable=0
      LambdaPrime table from 200 keV to 100 TeV in 174 bins 
      ===== EM models for the G4Region  DefaultRegionForTheWorld ======
 LivermorePhElectric : Emin=    0 eV  Emax=  100 TeV  SauterGavrila Fluo

compt:  for gamma applyCuts:1  SubType=13 BuildTable=1
      Lambda table from 10 eV  to 1 MeV, 20 bins/decade, spline: 1
      LambdaPrime table from 1 MeV to 100 TeV in 160 bins 
      ===== EM models for the G4Region  DefaultRegionForTheWorld ======
        KleinNishina : Emin=    0 eV  Emax=  100 TeV Fluo

conv:  for gamma applyCuts:1  SubType=14 BuildTable=1
      Lambda table from 1.022 MeV to 100 TeV, 20 bins/decade, spline: 1
      ===== EM models for the G4Region  DefaultRegionForTheWorld ======
     BetheHeitlerLPM : Emin=    0 eV  Emax=  100 TeV  ModifiedTsai

Rayl:  for gamma applyCuts:1  SubType=11 BuildTable=1
      Lambda table from 10 eV  to 100 keV, 20 bins/decade, spline: 0
      LambdaPrime table from 100 keV to 100 TeV in 180 bins 
      ===== EM models for the G4Region  DefaultRegionForTheWorld ======
   LivermoreRayleigh : Emin=    0 eV  Emax=  100 TeV  CullenGenerator

msc:  for e-  SubType= 10
      ===== EM models for the G4Region  DefaultRegionForTheWorld ======
            UrbanMsc : Emin=    0 eV  Emax=  100 TeV Nbins=240 100 eV  - 100 TeV
              StepLim=DistanceToBoundary Rfact=0.04 Gfact=2.5 Sfact=0.6 DispFlag:1 Skin=1 Llimit=1

eIoni:  for e-  SubType=2
      dE/dx and range tables from 10 eV  to 100 TeV in 260 bins
      Lambda tables from threshold to 100 TeV, 20 bins/decade, spline: 1
      StepFunction=(0.2, 0.1 mm), integ: 1, fluct: 1, linLossLim= 0.01
      ===== EM models for the G4Region  DefaultRegionForTheWorld ======
        MollerBhabha : Emin=    0 eV  Emax=  100 TeV  deltaVI

eBrem:  for e-  SubType=3
      dE/dx and range tables from 10 eV  to 100 TeV in 260 bins
      Lambda tables from threshold to 100 TeV, 20 bins/decade, spline: 1
      LPM flag: 1 for E > 1 GeV,  VertexHighEnergyTh(GeV)= 100000
      ===== EM models for the G4Region  DefaultRegionForTheWorld ======
             eBremSB : Emin=    0 eV  Emax=    1 GeV  AngularGen2BS
            eBremLPM : Emin=    1 GeV Emax=  100 TeV  AngularGen2BS

ePairProd:  for e-  SubType=4
      dE/dx and range tables from 10 eV  to 100 TeV in 260 bins
      Lambda tables from threshold to 100 TeV, 20 bins/decade, spline: 1
      Sampling table 25x1001; from 0.1 GeV to 100 TeV 
      ===== EM models for the G4Region  DefaultRegionForTheWorld ======
           ePairProd : Emin=    0 eV  Emax=  100 TeV  ModifiedMephi

msc:  for e+  SubType= 10
      ===== EM models for the G4Region  DefaultRegionForTheWorld ======
            UrbanMsc : Emin=    0 eV  Emax=  100 TeV Nbins=240 100 eV  - 100 TeV
              StepLim=DistanceToBoundary Rfact=0.04 Gfact=2.5 Sfact=0.6 DispFlag:1 Skin=1 Llimit=1

eIoni:  for e+  SubType=2
      dE/dx and range tables from 10 eV  to 100 TeV in 260 bins
      Lambda tables from threshold to 100 TeV, 20 bins/decade, spline: 1
      StepFunction=(0.2, 0.1 mm), integ: 1, fluct: 1, linLossLim= 0.01
      ===== EM models for the G4Region  DefaultRegionForTheWorld ======
        MollerBhabha : Emin=    0 eV  Emax=  100 TeV  deltaVI

eBrem:  for e+  SubType=3
      dE/dx and range tables from 10 eV  to 100 TeV in 260 bins
      Lambda tables from threshold to 100 TeV, 20 bins/decade, spline: 1
      LPM flag: 1 for E > 1 GeV,  VertexHighEnergyTh(GeV)= 100000
      ===== EM models for the G4Region  DefaultRegionForTheWorld ======
             eBremSB : Emin=    0 eV  Emax=    1 GeV  AngularGen2BS
            eBremLPM : Emin=    1 GeV Emax=  100 TeV  AngularGen2BS

ePairProd:  for e+  SubType=4
      dE/dx and range tables from 10 eV  to 100 TeV in 260 bins
      Lambda tables from threshold to 100 TeV, 20 bins/decade, spline: 1
      Sampling table 25x1001; from 0.1 GeV to 100 TeV 
      ===== EM models for the G4Region  DefaultRegionForTheWorld ======
           ePairProd : Emin=    0 eV  Emax=  100 TeV  ModifiedMephi

annihil:  for e+, integral:1  applyCuts:1  SubType=5 BuildTable=0
      ===== EM models for the G4Region  DefaultRegionForTheWorld ======
            eplus2gg : Emin=    0 eV  Emax=  100 TeV

msc:  for proton  SubType= 10
      ===== EM models for the G4Region  DefaultRegionForTheWorld ======
            UrbanMsc : Emin=    0 eV  Emax=  100 TeV Nbins=240 100 eV  - 100 TeV
              StepLim=Minimal Rfact=0.2 Gfact=2.5 Sfact=0.6 DispFlag:1 Skin=1 Llimit=1

hIoni:  for proton  SubType=2
      dE/dx and range tables from 10 eV  to 100 TeV in 260 bins
      Lambda tables from threshold to 100 TeV, 20 bins/decade, spline: 1
      StepFunction=(0.2, 0.05 mm), integ: 1, fluct: 1, linLossLim= 0.01
      ===== EM models for the G4Region  DefaultRegionForTheWorld ======
               Bragg : Emin=    0 eV  Emax=    2 MeV  deltaVI
          BetheBloch : Emin=    2 MeV Emax=  100 TeV  deltaVI

hBrems:  for proton  SubType=3
      dE/dx and range tables from 10 eV  to 100 TeV in 260 bins
      Lambda tables from threshold to 100 TeV, 20 bins/decade, spline: 1
      ===== EM models for the G4Region  DefaultRegionForTheWorld ======
               hBrem : Emin=    0 eV  Emax=  100 TeV  ModifiedMephi
      ===== Limit on energy threshold has been applied 

hPairProd:  for proton  SubType=4
      dE/dx and range tables from 10 eV  to 100 TeV in 260 bins
      Lambda tables from threshold to 100 TeV, 20 bins/decade, spline: 1
      Sampling table 17x1001; from 7.50618 GeV to 100 TeV 
      ===== EM models for the G4Region  DefaultRegionForTheWorld ======
           hPairProd : Emin=    0 eV  Emax=  100 TeV  ModifiedMephi

nuclearStopping:  for proton applyCuts:1  SubType=8 BuildTable=0
      ===== EM models for the G4Region  DefaultRegionForTheWorld ======
   ICRU49NucStopping : Emin=    0 eV  Emax=    1 MeV

msc:  for GenericIon  SubType= 10
      ===== EM models for the G4Region  DefaultRegionForTheWorld ======
            UrbanMsc : Emin=    0 eV  Emax=  100 TeV
              StepLim=Minimal Rfact=0.2 Gfact=2.5 Sfact=0.6 DispFlag:1 Skin=1 Llimit=1

ionIoni:  for GenericIon  SubType=2
      dE/dx and range tables from 10 eV  to 100 TeV in 260 bins
      Lambda tables from threshold to 100 TeV, 20 bins/decade, spline: 1
      StepFunction=(0.1, 0.02 mm), integ: 1, fluct: 1, linLossLim= 0.02
      ===== EM models for the G4Region  DefaultRegionForTheWorld ======
         ParamICRU73 : Emin=    0 eV  Emax=  100 TeV  deltaVI

nuclearStopping:  for GenericIon applyCuts:1  SubType=8 BuildTable=0
      ===== EM models for the G4Region  DefaultRegionForTheWorld ======
   ICRU49NucStopping : Emin=    0 eV  Emax=    1 MeV

msc:  for alpha  SubType= 10
      ===== EM models for the G4Region  DefaultRegionForTheWorld ======
            UrbanMsc : Emin=    0 eV  Emax=  100 TeV Nbins=240 100 eV  - 100 TeV
              StepLim=Minimal Rfact=0.2 Gfact=2.5 Sfact=0.6 DispFlag:1 Skin=1 Llimit=1

ionIoni:  for alpha  SubType=2
      dE/dx and range tables from 10 eV  to 100 TeV in 260 bins
      Lambda tables from threshold to 100 TeV, 20 bins/decade, spline: 1
      StepFunction=(0.1, 0.02 mm), integ: 1, fluct: 1, linLossLim= 0.02
      ===== EM models for the G4Region  DefaultRegionForTheWorld ======
            BraggIon : Emin=    0 eV  Emax=7.9452 MeV  deltaVI
          BetheBloch : Emin=7.9452 MeV Emax=  100 TeV  deltaVI

nuclearStopping:  for alpha applyCuts:1  SubType=8 BuildTable=0
      ===== EM models for the G4Region  DefaultRegionForTheWorld ======
   ICRU49NucStopping : Emin=    0 eV  Emax=    1 MeV

msc:  for anti_proton  SubType= 10
      ===== EM models for the G4Region  DefaultRegionForTheWorld ======
            UrbanMsc : Emin=    0 eV  Emax=  100 TeV Nbins=240 100 eV  - 100 TeV
              StepLim=Minimal Rfact=0.2 Gfact=2.5 Sfact=0.6 DispFlag:1 Skin=1 Llimit=1

hIoni:  for anti_proton  SubType=2
      dE/dx and range tables from 10 eV  to 100 TeV in 260 bins
      Lambda tables from threshold to 100 TeV, 20 bins/decade, spline: 1
      StepFunction=(0.2, 0.05 mm), integ: 1, fluct: 1, linLossLim= 0.01
      ===== EM models for the G4Region  DefaultRegionForTheWorld ======
            ICRU73QO : Emin=    0 eV  Emax=    2 MeV  deltaVI
          BetheBloch : Emin=    2 MeV Emax=  100 TeV  deltaVI

hBrems:  for anti_proton  SubType=3
      dE/dx and range tables from 10 eV  to 100 TeV in 260 bins
      Lambda tables from threshold to 100 TeV, 20 bins/decade, spline: 1
      ===== EM models for the G4Region  DefaultRegionForTheWorld ======
               hBrem : Emin=    0 eV  Emax=  100 TeV  ModifiedMephi
      ===== Limit on energy threshold has been applied 

hPairProd:  for anti_proton  SubType=4
      dE/dx and range tables from 10 eV  to 100 TeV in 260 bins
      Lambda tables from threshold to 100 TeV, 20 bins/decade, spline: 1
      Sampling table 17x1001; from 7.50618 GeV to 100 TeV 
      ===== EM models for the G4Region  DefaultRegionForTheWorld ======
           hPairProd : Emin=    0 eV  Emax=  100 TeV  ModifiedMephi

msc:  for kaon+  SubType= 10
      ===== EM models for the G4Region  DefaultRegionForTheWorld ======
            UrbanMsc : Emin=    0 eV  Emax=  100 TeV Nbins=240 100 eV  - 100 TeV
              StepLim=Minimal Rfact=0.2 Gfact=2.5 Sfact=0.6 DispFlag:1 Skin=1 Llimit=1

hIoni:  for kaon+  SubType=2
      dE/dx and range tables from 10 eV  to 100 TeV in 260 bins
      Lambda tables from threshold to 100 TeV, 20 bins/decade, spline: 1
      StepFunction=(0.2, 0.05 mm), integ: 1, fluct: 1, linLossLim= 0.01
      ===== EM models for the G4Region  DefaultRegionForTheWorld ======
               Bragg : Emin=    0 eV  Emax=1.05231 MeV  deltaVI
          BetheBloch : Emin=1.05231 MeV Emax=  100 TeV  deltaVI

hBrems:  for kaon+  SubType=3
      dE/dx and range tables from 10 eV  to 100 TeV in 260 bins
      Lambda tables from threshold to 100 TeV, 20 bins/decade, spline: 1
      ===== EM models for the G4Region  DefaultRegionForTheWorld ======
               hBrem : Emin=    0 eV  Emax=  100 TeV  ModifiedMephi
      ===== Limit on energy threshold has been applied 

hPairProd:  for kaon+  SubType=4
      dE/dx and range tables from 10 eV  to 100 TeV in 260 bins
      Lambda tables from threshold to 100 TeV, 20 bins/decade, spline: 1
      Sampling table 18x1001; from 3.94942 GeV to 100 TeV 
      ===== EM models for the G4Region  DefaultRegionForTheWorld ======
           hPairProd : Emin=    0 eV  Emax=  100 TeV  ModifiedMephi

msc:  for kaon-  SubType= 10
      ===== EM models for the G4Region  DefaultRegionForTheWorld ======
            UrbanMsc : Emin=    0 eV  Emax=  100 TeV Nbins=240 100 eV  - 100 TeV
              StepLim=Minimal Rfact=0.2 Gfact=2.5 Sfact=0.6 DispFlag:1 Skin=1 Llimit=1

hIoni:  for kaon-  SubType=2
      dE/dx and range tables from 10 eV  to 100 TeV in 260 bins
      Lambda tables from threshold to 100 TeV, 20 bins/decade, spline: 1
      StepFunction=(0.2, 0.05 mm), integ: 1, fluct: 1, linLossLim= 0.01
      ===== EM models for the G4Region  DefaultRegionForTheWorld ======
            ICRU73QO : Emin=    0 eV  Emax=1.05231 MeV  deltaVI
          BetheBloch : Emin=1.05231 MeV Emax=  100 TeV  deltaVI

hBrems:  for kaon-  SubType=3
      dE/dx and range tables from 10 eV  to 100 TeV in 260 bins
      Lambda tables from threshold to 100 TeV, 20 bins/decade, spline: 1
      ===== EM models for the G4Region  DefaultRegionForTheWorld ======
               hBrem : Emin=    0 eV  Emax=  100 TeV  ModifiedMephi
      ===== Limit on energy threshold has been applied 

hPairProd:  for kaon-  SubType=4
      dE/dx and range tables from 10 eV  to 100 TeV in 260 bins
      Lambda tables from threshold to 100 TeV, 20 bins/decade, spline: 1
      Sampling table 18x1001; from 3.94942 GeV to 100 TeV 
      ===== EM models for the G4Region  DefaultRegionForTheWorld ======
           hPairProd : Emin=    0 eV  Emax=  100 TeV  ModifiedMephi

msc:  for mu+  SubType= 10
      ===== EM models for the G4Region  DefaultRegionForTheWorld ======
            UrbanMsc : Emin=    0 eV  Emax=  100 TeV Nbins=240 100 eV  - 100 TeV
              StepLim=Minimal Rfact=0.2 Gfact=2.5 Sfact=0.6 DispFlag:1 Skin=1 Llimit=1

muIoni:  for mu+  SubType=2
      dE/dx and range tables from 10 eV  to 100 TeV in 260 bins
      Lambda tables from threshold to 100 TeV, 20 bins/decade, spline: 1
      StepFunction=(0.2, 0.05 mm), integ: 1, fluct: 1, linLossLim= 0.01
      ===== EM models for the G4Region  DefaultRegionForTheWorld ======
               Bragg : Emin=    0 eV  Emax=  200 keV  deltaVI
          BetheBloch : Emin=  200 keV Emax=    1 GeV  deltaVI
        MuBetheBloch : Emin=    1 GeV Emax=  100 TeV

muBrems:  for mu+  SubType=3
      dE/dx and range tables from 10 eV  to 100 TeV in 260 bins
      Lambda tables from threshold to 100 TeV, 20 bins/decade, spline: 1
      ===== EM models for the G4Region  DefaultRegionForTheWorld ======
              MuBrem : Emin=    0 eV  Emax=  100 TeV  ModifiedMephi
      ===== Limit on energy threshold has been applied 

muPairProd:  for mu+  SubType=4
      dE/dx and range tables from 10 eV  to 100 TeV in 260 bins
      Lambda tables from threshold to 100 TeV, 20 bins/decade, spline: 1
      Sampling table 21x1001; from 1 GeV to 100 TeV 
      ===== EM models for the G4Region  DefaultRegionForTheWorld ======
          muPairProd : Emin=    0 eV  Emax=  100 TeV  ModifiedMephi

msc:  for mu-  SubType= 10
      ===== EM models for the G4Region  DefaultRegionForTheWorld ======
            UrbanMsc : Emin=    0 eV  Emax=  100 TeV Nbins=240 100 eV  - 100 TeV
              StepLim=Minimal Rfact=0.2 Gfact=2.5 Sfact=0.6 DispFlag:1 Skin=1 Llimit=1

muIoni:  for mu-  SubType=2
      dE/dx and range tables from 10 eV  to 100 TeV in 260 bins
      Lambda tables from threshold to 100 TeV, 20 bins/decade, spline: 1
      StepFunction=(0.2, 0.05 mm), integ: 1, fluct: 1, linLossLim= 0.01
      ===== EM models for the G4Region  DefaultRegionForTheWorld ======
            ICRU73QO : Emin=    0 eV  Emax=  200 keV  deltaVI
          BetheBloch : Emin=  200 keV Emax=    1 GeV  deltaVI
        MuBetheBloch : Emin=    1 GeV Emax=  100 TeV

muBrems:  for mu-  SubType=3
      dE/dx and range tables from 10 eV  to 100 TeV in 260 bins
      Lambda tables from threshold to 100 TeV, 20 bins/decade, spline: 1
      ===== EM models for the G4Region  DefaultRegionForTheWorld ======
              MuBrem : Emin=    0 eV  Emax=  100 TeV  ModifiedMephi
      ===== Limit on energy threshold has been applied 

muPairProd:  for mu-  SubType=4
      dE/dx and range tables from 10 eV  to 100 TeV in 260 bins
      Lambda tables from threshold to 100 TeV, 20 bins/decade, spline: 1
      Sampling table 21x1001; from 1 GeV to 100 TeV 
      ===== EM models for the G4Region  DefaultRegionForTheWorld ======
          muPairProd : Emin=    0 eV  Emax=  100 TeV  ModifiedMephi

msc:  for pi+  SubType= 10
      ===== EM models for the G4Region  DefaultRegionForTheWorld ======
            UrbanMsc : Emin=    0 eV  Emax=  100 TeV Nbins=240 100 eV  - 100 TeV
              StepLim=Minimal Rfact=0.2 Gfact=2.5 Sfact=0.6 DispFlag:1 Skin=1 Llimit=1

hIoni:  for pi+  SubType=2
      dE/dx and range tables from 10 eV  to 100 TeV in 260 bins
      Lambda tables from threshold to 100 TeV, 20 bins/decade, spline: 1
      StepFunction=(0.2, 0.05 mm), integ: 1, fluct: 1, linLossLim= 0.01
      ===== EM models for the G4Region  DefaultRegionForTheWorld ======
               Bragg : Emin=    0 eV  Emax=297.505 keV  deltaVI
          BetheBloch : Emin=297.505 keV Emax=  100 TeV  deltaVI

hBrems:  for pi+  SubType=3
      dE/dx and range tables from 10 eV  to 100 TeV in 260 bins
      Lambda tables from threshold to 100 TeV, 20 bins/decade, spline: 1
      ===== EM models for the G4Region  DefaultRegionForTheWorld ======
               hBrem : Emin=    0 eV  Emax=  100 TeV  ModifiedMephi
      ===== Limit on energy threshold has been applied 

hPairProd:  for pi+  SubType=4
      dE/dx and range tables from 10 eV  to 100 TeV in 260 bins
      Lambda tables from threshold to 100 TeV, 20 bins/decade, spline: 1
      Sampling table 20x1001; from 1.11656 GeV to 100 TeV 
      ===== EM models for the G4Region  DefaultRegionForTheWorld ======
           hPairProd : Emin=    0 eV  Emax=  100 TeV  ModifiedMephi

msc:  for pi-  SubType= 10
      ===== EM models for the G4Region  DefaultRegionForTheWorld ======
            UrbanMsc : Emin=    0 eV  Emax=  100 TeV Nbins=240 100 eV  - 100 TeV
              StepLim=Minimal Rfact=0.2 Gfact=2.5 Sfact=0.6 DispFlag:1 Skin=1 Llimit=1

hIoni:  for pi-  SubType=2
      dE/dx and range tables from 10 eV  to 100 TeV in 260 bins
      Lambda tables from threshold to 100 TeV, 20 bins/decade, spline: 1
      StepFunction=(0.2, 0.05 mm), integ: 1, fluct: 1, linLossLim= 0.01
      ===== EM models for the G4Region  DefaultRegionForTheWorld ======
            ICRU73QO : Emin=    0 eV  Emax=297.505 keV  deltaVI
          BetheBloch : Emin=297.505 keV Emax=  100 TeV  deltaVI

hBrems:  for pi-  SubType=3
      dE/dx and range tables from 10 eV  to 100 TeV in 260 bins
      Lambda tables from threshold to 100 TeV, 20 bins/decade, spline: 1
      ===== EM models for the G4Region  DefaultRegionForTheWorld ======
               hBrem : Emin=    0 eV  Emax=  100 TeV  ModifiedMephi
      ===== Limit on energy threshold has been applied 

hPairProd:  for pi-  SubType=4
      dE/dx and range tables from 10 eV  to 100 TeV in 260 bins
      Lambda tables from threshold to 100 TeV, 20 bins/decade, spline: 1
      Sampling table 20x1001; from 1.11656 GeV to 100 TeV 
      ===== EM models for the G4Region  DefaultRegionForTheWorld ======
           hPairProd : Emin=    0 eV  Emax=  100 TeV  ModifiedMephi
G4VisManager: Using G4TrajectoryDrawByCharge as fallback trajectory model.
See commands in /vis/modeling/trajectories/ for other options.

### ===  Deexcitation model UAtomDeexcitation is activated for 25 regions:
          DefaultRegionForTheWorld  1  1  1
          cylindricalPET  1  1  1
          module  1  1  1
          unit  1  1  1
          block  1  1  1
          optical  1  1  1
          crystal  1  1  1
          capillaire1  1  1  1
          capillaire1_water  1  1  1
          capillaire2  1  1  1
          capillaire2_water  1  1  1
          capillaire3  1  1  1
          capillaire3_water  1  1  1
          capillaire4  1  1  1
          capillaire4_water  1  1  1
          capillaire5  1  1  1
          capillaire5_water  1  1  1
          capillaire_m1  1  1  1
          capillaire_m1_water  1  1  1
          capillaire_m2  1  1  1
          capillaire_m2_water  1  1  1
          capillaire_m3  1  1  1
          capillaire_m3_water  1  1  1
          capillaire_m4  1  1  1
          capillaire_m4_water  1  1  1
### ===  Ignore cuts flag:   0
(-276.483,156.804,-65.8489)
(-210.914,122.452,-49.6592)
(-281.899,168.17,-64.1032)
(-267.25,151.183,-152.085)
(115.85,-290.918,79.4913)
(142.36,-207.363,-14.5242)
(81.5738,-306.022,103.023)
(16.7936,-287.38,133.653)
 <!> *** WARNING *** <!>  Event is earlier than earliest event in coincidence presort buffer. Consider using a larger buffer.
(-20.4656,328.412,-87.4849)
(-68.9928,331.734,-165.472)
(-21.3863,327.963,-89.3749)
(-105.633,237.262,-72.5397)
(117.645,-316.773,82.9701)
(86.2225,-254.978,95.1222)
(-311.87,13.7393,103.365)
(-299.098,69.4823,68.7362)
(-332.509,-12.2694,103.359)
(-352.759,108.44,174.583)
(-314.032,25.5888,72.2152)
(-334.906,-32.0354,11.4976)
(214.91,-229.589,10.3823)
(164.334,-230.149,32.2777)
(222.717,-228.182,4.63029)
(265.646,-359.58,8.27409)
(133.022,-287.498,-34.9063)
(100.14,-241.953,-97.101)
(19.3854,324.261,42.2216)
(-19.7687,313.117,-53.5981)
(19.0885,335.295,44.7378)
(48.4208,410.196,14.218)
(-255.922,179.866,38.7514)
(-323.483,175.796,53.873)
(-159.67,-281.913,3.85774)
(-128.787,-224.438,18.5357)
(-160.857,-287.754,2.27883)
(-173.427,-285.543,-23.7623)
(-160.485,-288.144,2.99484)
(-105.849,-308.655,7.29693)
(2.87273,316.4,-15.1794)
(98.4212,364.803,-19.2366)
(-100.553,-298.45,16.8764)
(-15.2405,-201.241,14.257)
(-163.412,-272.399,2.35412)
(-251.644,-267.943,-65.5789)
(80.9468,313.277,-6.81231)
(10.4065,377.058,93.5789)
(-325.239,-6.82697,102.732)
(-282.91,-22.6656,134.658)
(-288.496,148.001,-20.6009)
(-227.94,130.445,-65.5496)
(-290.887,160.252,-16.289)
(-241.325,103.22,-18.7328)
(-290.228,163.564,-16.8874)
(-316.493,176.209,-47.9248)
(226.802,-217.143,32.6836)
(261.104,-192.047,27.6186)
(-195.266,252.896,81.1308)
(-156.059,154.731,-0.497639)
(-203.359,257.52,71.265)
(-276.287,239.024,54.3271)
(59.6903,-306.513,-102.907)
(67.0388,-299.811,-70.0173)
(59.3318,-307.417,-106.51)
(92.098,-282.248,27.2884)
(-324.746,50.2754,-41.2162)
(-250.006,54.2999,-36.2009)
(291.563,-118.26,91.2798)
(291.251,-120.001,83.0811)
(299.626,-120.676,97.1111)
(257.08,-23.4777,-2.88419)
(295.766,-126.383,105.187)
(317.893,-108.183,120.149)
(279.775,-151.172,-94.3805)
(345.26,-158.227,-194.012)
(-276.055,-185.332,-22.3942)
(-295.536,-225.022,-59.7795)
(83.4437,305.261,37.8353)
(195.383,372.231,17.5204)
(82.8471,304.579,37.2461)
(54.044,294.45,124.789)
(46.354,-314.391,109.671)
(47.9276,-307.739,117.647)
(112.51,303.483,-109.35)
(119.078,316.517,-113.449)
(-29.1654,-334.926,-67.2966)
(-110.967,-410.112,-76.8594)
(-25.5195,-334.229,-65.8117)
(74.4552,-440.214,-85.2682)
(-17.4737,316.911,47.3152)
(23.6379,344.023,30.3171)
(62.0079,-313.535,-14.6721)
(150.797,-339.626,-10.5108)
(300.74,-88.8514,4.80463)
(401.752,-92.4565,117.855)
(301.681,-96.7161,10.8023)
(179.002,-72.9969,-16.5161)
(-238.547,208.735,-16.8234)
(-146.637,259.741,-49.9393)
(31.1117,-324.742,118.485)
(24.3605,-253.128,228.464)
(-251.196,211.985,-79.3198)
(-210.686,137.614,-95.6128)
(-253.533,211.346,-79.966)
(-268.509,268.199,4.80262)
(310.028,-43.8904,-15.5705)
(203.935,-65.0434,-76.9721)
(319.567,-48.1374,-17.8806)
(420.858,-25.7853,-86.3573)
(-318.28,47.6281,13.1414)
(-347.29,62.7291,47.0272)
(-325.967,52.8667,14.7968)
(-262.713,46.8589,-45.469)
(-325.177,57.2032,16.7662)
(-313.283,140.123,56.1197)
(206.676,-245.933,-119.315)
(86.3514,-233.205,-88.3773)
(205.75,-261.644,-124.552)
(151.179,-250.764,-176.72)
(-329.578,30.5384,38.8835)
(-313.885,66.5991,118.231)
(-114.709,292.109,-15.0738)
(-172.897,289.943,-71.5606)
(253.402,-188.093,7.58794)
(217.555,-181.787,-32.4001)
(252.341,-188.224,8.40762)
(289.078,-110.899,-74.7195)
(308.071,-56.2848,-98.3168)
(258.998,85.8036,-78.3869)
(315.242,-48.8114,-93.9631)
(390.299,16.2231,-51.9155)
(176.407,-265.061,30.2664)
(274.354,-302.625,116.208)
(178.507,-269.809,28.6687)
(191.2,-389.346,53.6527)
(-310.82,-67.0452,89.9926)
(-397.989,13.0258,61.5919)
(318.461,41.0522,-52.3116)
(344.229,138.367,-108.756)
(-53.0963,-308.166,-50.5759)
(-43.1969,-199.129,-14.4734)
(-46.2294,314.615,49.4551)
(-16.1667,306.944,140.13)
(-311.366,84.426,21.8533)
(-348.407,187.802,95.7532)
(322.582,-43.4452,-11.8877)
(383.643,-37.2225,14.7708)
(-321.649,45.2942,-51.8319)
(-373.333,42.3651,-58.9543)
(-322.581,41.9135,-50.7854)
(-239.511,128.024,-115.856)
(312.503,-32.2276,39.1118)
(269.522,30.9988,43.4867)
(283.553,-132.489,80.8881)
(352.876,-144.214,79.2449)
(-180.579,-268.81,-15.3845)
(-198.38,-362.742,1.35601)
(-179.579,-276.062,-8.86583)
(-178.243,-328.898,8.76854)
(82.5667,320.493,11.3562)
(111.692,309.934,22.8302)
(-162.269,-272.431,-12.3684)
(-163.431,-296.929,-89.5731)
(308.42,68.9544,-88.2607)
(356.607,37.7629,-41.4331)
(317.397,63.0562,-99.5017)
(425.662,8.83499,-164.273)
(-312.529,-96.7174,120.081)
(-371.088,-34.0058,248.72)
(-312.687,-96.8753,119.253)
(-301.98,-103.18,202.409)
(-292.091,120.901,106.055)
(-372.049,110.2,71.4642)
(-302.493,96.7351,116.231)
(-413.188,54.2269,204.489)
(-30.2427,-336.091,55.9112)
(53.8409,-407.83,57.5024)
(91.5722,-300.508,15.1197)
(90.7093,-298.39,-70.0338)
(95.5026,-302.682,19.9968)
(47.8391,-202.748,4.57847)
(-175.168,265.929,-16.4422)
(-191.475,249.459,91.9999)
(-174.364,265.523,-20.9149)
(-234.973,198.735,-50.1351)
(-280.036,-163.612,95.0302)
(-286.039,-194.287,27.2755)
(-82.1514,306.123,-110.709)
(30.6884,324.76,-74.6624)
(-79.733,307.086,-107.244)
(-219.482,338.794,29.6022)
(239.511,-205.904,71.5384)
(262.167,-158.101,-0.677358)
(-328.739,-32.1984,49.4619)
(-353.775,-89.6046,66.243)
(-325.731,-41.5545,59.112)
(-314.444,127.378,151.677)
(313.309,40.5622,-61.631)
(344.194,23.8537,-129.342)
(317.559,39.9418,-58.2883)
(245.499,16.0047,-154.686)
(-324.341,28.5238,29.8653)
(-270.454,110.096,4.35742)
(309.107,-70.1861,-78.2877)
(330.359,-80.4901,-90.5735)
(307.454,-71.8643,-77.4115)
(311.467,4.50567,-30.3432)
(-149.603,-281.283,11.7199)
(-154.908,-380.205,69.4983)
(-149.242,-282.131,9.17753)
(-90.1042,-235.731,-36.2125)
(273.31,177.376,-6.48968)
(236.389,210.854,-27.5681)
(-158.155,-271.944,122.344)
(-128.864,-245.926,87.2267)
(243.518,-216.658,106.656)
(282.244,-192.219,84.1573)
(246.466,-220.184,124.442)
(273.774,-250.039,160.96)
(191.378,-257.149,-23.2676)
(200.252,-184.244,-60.6691)
(190.361,-258.47,-22.3898)
(260.187,-190.488,2.22658)
(186.151,-268.048,-19.9204)
(218.925,-207.025,-54.5979)
(-290.194,116.059,11.9215)
(-302.643,157.939,-0.333596)
(-293.666,124.618,12.5041)
(-325.202,105.239,19.0644)
(-198.906,-244.614,51.4314)
(-233.71,-161.461,148.508)
(2.88419,312.58,-68.0133)
(116.977,390.568,-44.2534)
(17.9508,313.663,-61.8754)
(-10.0096,332.8,-79.3288)
(315.889,-92.2142,31.5592)
(391.568,-125.725,-31.4071)
(-308.334,96.2809,-33.0371)
(-365.844,100.792,14.8429)
(-136.499,-285.926,42.362)
(-59.0627,-263.91,56.0718)
(-135.46,-287.024,43.909)
(-100.148,-329.103,-1.7377)
(-18.1066,312.83,-46.672)
(49.6771,236.334,16.2792)
(-10.6065,321.964,-46.301)
(-11.1392,231.931,-121.446)
(269.445,181.829,-43.4827)
(238.182,212.691,-162.668)
(293.156,113.118,96.6118)
(310.075,194.892,73.3266)
(299.637,116.75,103.537)
(347.48,86.2932,167.045)
(222.79,-235.589,13.8562)
(231.434,-218.684,-31.1841)
(221.043,-236.019,11.598)
(299.696,-223.626,10.2178)
(-151.729,274.478,-13.9023)
(-112.259,286.48,-83.541)
(174.102,260.455,-2.94743)
(236.295,254.147,-63.5579)
(-233.497,-212.539,-0.52582)
(-283.281,-298.401,28.5049)
(263.359,-170.185,32.1912)
(209.817,-83.349,74.4008)
(-187.168,-273.568,58.5275)
(-291.067,-278.916,-1.24638)
(-21.3166,312.856,-65.3361)
(88.2346,207.248,-4.9735)
(10.679,-331.68,-8.07309)
(-25.9805,-422.801,92.5714)
(11.8043,-331.826,-4.82215)
(-72.6258,-296.817,-33.4878)
(-173.637,-261.654,-103.699)
(-185.989,-336.832,-199.673)
(270.297,195.75,79.8495)
(352.103,170.771,57.4049)
(263.375,187.61,81.6306)
(340.525,266.502,91.37)
(314.9,-72.8459,-96.9585)
(318.301,-6.7208,-1.33423)
(120.894,290.062,9.20445)
(92.4251,299.043,-33.4858)
(98.6888,-303.852,-9.8259)
(42.6923,-319.332,-72.9824)
(110.131,-298.213,-16.3478)
(135.075,-291.227,87.0564)
(-205.345,-250.476,-117.425)
(-259.339,-200.538,-75.2572)
(335.607,-16.756,57.5473)
(299.855,-7.9522,42.5997)
(-321.793,21.678,-71.0505)
(-364.758,-11.4296,-213.38)
(63.421,-308.191,96.5224)
(56.1299,-269.795,28.4129)
(27.7274,-312.532,-70.4723)
(-57.3628,-348.372,-173.508)
(31.2982,-326.509,-78.6354)
(148.862,-316.381,46.3866)
(-279.232,188.099,54.9543)
(-226.555,235.504,51.136)
(211.236,-239.632,-9.30841)
(37.4987,-333.461,-6.0182)
(211.492,-236.212,-8.49837)
(199.539,-100.011,137.387)
(41.9709,327.985,16.5854)
(55.4889,364.13,26.5238)
(-278.545,-145.794,57.4011)
(-397.747,-151.703,42.9055)
(137.261,290.631,-118.56)
(216.115,293.195,-39.6879)
(-306.226,-73.488,-102.91)
(-390.345,-28.6218,-76.6796)
(312.511,-28.8202,-115.611)
(323.529,39.9937,-140.151)
(147.496,285.838,77.5442)
(68.8255,302.909,111.46)
(149.212,289.713,69.2263)
(114.061,370.755,110.846)
(-236.622,-215.769,47.2769)
(-235.739,-314.203,143.305)
(-250.379,-219.862,51.7544)
(-117.495,-279.532,27.3192)
(312.664,126.74,-27.215)
(329.201,202.095,-61.5128)
(-90.3196,310.31,-5.1624)
(-64.0542,343.357,34.4762)
(-129.518,-303.201,8.47066)
(-241.796,-296.355,-29.9175)
(267.846,197.14,60.6936)
(183.626,189.299,-18.4485)
(274.558,155.467,-41.325)
(362.027,208.323,-85.5824)
(275.502,155.456,-42.7197)
(201.453,225.846,-51.9248)
(277.2,153.241,-43.7694)
(392.135,169.155,-92.2689)
(-319.908,-67.0306,16.5684)
(-345.884,-146.074,66.7992)
(304.723,-98.8243,-65.9691)
(317.164,-148.176,-216.198)
(303.854,-98.1773,-65.1883)
(328.612,-112.61,-47.6634)
(-277.977,-142.627,-96.0835)
(-223.629,-215.187,-118.502)
(-125.541,288.868,-93.3684)
(-166.137,310.893,-122.167)
(-128.64,298.118,-87.402)
(-39.2563,374.933,-96.1845)
(231.084,-212.548,66.9533)
(211.346,-287.465,-13.8827)
(315.67,5.68318,83.4677)
(265.731,63.3361,92.1975)
(312.782,-15.1169,85.8809)
(342.291,50.7603,35.7238)
(66.7515,-321.201,70.2741)
(89.2837,-204.703,26.3082)
(66.9732,-323.514,69.0597)
(97.1186,-319.119,94.7684)
(-150.582,277.704,-64.9998)
(-180.276,275.826,-63.9371)
(-294.837,-131.897,-123.004)
(-311.734,-260.663,-146.232)
(-130.315,-299.821,40.7544)
(-144.427,-216.603,32.5045)
(-83.6852,-310.811,-78.6099)
(39.7066,-368.378,-56.0095)
(-82.2908,-309.919,-68.9151)
(-24.0856,-373.18,-49.2037)
(-76.1684,306.012,78.0162)
(-75.4811,271.094,23.8374)
(-78.707,302.943,80.8965)
(-99.663,362.574,-23.9957)
(285.464,-127.783,-15.4826)
(341.404,-59.2403,46.4914)
(-258.895,-187.882,16.7527)
(-313.474,-296.149,106.779)
(-236.054,222.719,-57.9679)
(-289.077,263.985,-20.8483)
(-238.424,220.632,-63.1922)
(-259.782,278.538,-15.6242)
(113.172,-295.652,-77.9857)
(81.6591,-296.304,-101.155)
(106.68,-295.121,-72.0083)
(62.3915,-353.695,-40.462)
(-17.7201,319.033,82.0814)
(-62.2868,313.427,-50.9416)
(281.254,-143.007,-35.0415)
(173.148,-82.2589,-106.749)
(290.838,-133.745,-48.3142)
(362.161,-219.245,-94.8126)
(-322.434,63.285,14.0628)
(-321.973,169.591,102.812)
(-252.575,193.459,-4.84611)
(-270.659,177.889,2.25759)
(-315.964,-48.2647,-34.0214)
(-355.841,33.4163,87.5752)
(305.18,78.2164,60.4295)
(353.746,85.7379,159.107)
(182.188,254.958,4.68359)
(200.325,286.121,-64.3431)
(12.9919,313.874,122.758)
(-4.80247,327.322,236.545)
(84.5896,-304.918,-119.233)
(7.82878,-261.838,-217.596)
(89.9528,-309.566,-114.222)
(88.149,-341.752,-214.864)
(-252.159,-186.049,-97.5653)
(-132.806,-177.395,-149.63)
(327.921,-23.7486,-34.6784)
(383.791,-87.9533,-8.71297)
(-312.292,56.0661,89.7072)
(-335.588,50.3968,195.451)
(184.287,275.36,73.2271)
(139.011,217.37,147.409)
(-285.957,-165.144,-46.1552)
(-347.571,-210.257,14.9375)
(-31.1667,317.411,-40.8134)
(-125.465,327.285,-137.638)
(-21.6652,323.811,-55.1598)
(-82.7404,263.048,-15.3544)
(239.036,207.152,-29.1179)
(288.301,160.405,-46.0386)
(-303.516,-89.7685,12.9002)
(-209.098,41.692,-93.9891)
(-313.344,-85.578,14.239)
(-382.762,-84.4823,163.546)
(-312.909,-41.3966,71.1391)
(-336.19,23.9135,-9.66629)
(-311.498,-43.0151,67.7804)
(-131.418,-92.2886,163.643)
(275.898,-155.875,89.6372)
(250.678,-192.031,57.0308)
(-68.6407,-312.38,115.76)
(-103.875,-364.399,169.74)
(-303.739,-86.6794,-65.0897)
(-431.117,-26.9746,-15.8288)
(234.61,223.017,-27.1294)
(174.988,249.017,43.8932)
(240.171,217.915,-20.4134)
(175.108,264.299,-35.2506)
(-127.086,-297.616,32.7767)
(-158.832,-309.187,8.59125)
(-324.71,-58.4641,-1.95922)
(-410.255,-119.756,14.3755)
(289.554,139.198,3.85564)
(389.433,185.855,-11.0461)
(288.244,139.527,3.49549)
(239.931,183.916,106.677)
(-7.68624,320.451,34.3207)
(-71.2559,565.452,-88.9582)
(26.6945,-315.044,-32.6331)
(-39.7343,-342.044,-98.0214)
(85.792,-300.559,64.8494)
(152.528,-232.095,142.471)
(13.2981,312.326,-65.2092)
(27.0946,239.682,-45.0452)
(-295.913,133.057,1.9927)
(-335.832,139.194,-17.3246)
(-295.998,129.968,-4.77541)
(-347.746,123.063,-44.0263)
(213.178,-233.05,-4.36142)
(226.548,-163.679,1.64017)
(-286.933,-126.767,110.46)
(-305.478,-229.368,154.877)
(-208.567,-249.587,31.6225)
(-199.737,-304.678,28.2224)
(135.882,291.912,-35.2065)
(118.294,293.545,-45.0756)
(324.557,63.4004,72.6039)
(274.927,83.39,45.7293)
(320.964,60.8079,70.7383)
(249.909,152.207,165.913)
(173.472,-287.796,-36.1919)
(124.846,-314.65,-42.4246)
(247.943,-206.545,73.2973)
(249.332,-174.789,88.3089)
(245.166,-209.95,78.9777)
(147.608,-182.995,44.7211)
(284.124,130.709,-114.786)
(287.282,150.894,28.5397)
(282.683,131.676,-114.688)
(353.328,89.9745,-42.3011)
(-173.308,-262.797,73.0367)
(-197.811,-190.975,115.728)
(-173.897,-261.456,69.2201)
(-181.69,-315.369,109.714)
(187.04,254.255,-67.0744)
(130.612,276.96,-118.67)
(195.402,254.059,-65.5179)
(238.606,252.233,-92.7746)
(-250.749,-193.542,-29.6196)
(-272.886,-266.812,71.4796)
(-250.165,-203.682,-38.2373)
(-268.429,-146.795,5.83209)
(-250.496,-206.536,-43.8441)
(-181.378,-167.95,-7.44876)
(-252.857,-204.471,-45.8057)
(-241.143,-90.1784,1.03421)
(48.0548,330.143,50.3041)
(-2.73802,219.049,40.1541)
(313.99,-81.7324,-111.778)
(319.026,-97.5824,-118.672)
(-327.346,-20.698,104.901)
(-344.143,-5.00906,36.8186)
(-304.374,76.5741,-12.8654)
(-343.61,41.0973,-85.9942)
(-314.587,75.6552,-19.9337)
(-427.617,62.9686,23.5985)
(-322.242,77.3871,-26.7926)
(-333.995,-4.84573,-36.9745)
(-322.442,78.2594,-27.5993)
(-365.305,-9.12937,-17.0032)
(324.774,-52.3541,33.6284)
(337.329,-23.7809,51.2965)
(-287.419,135.48,-61.7635)
(-158.596,124.3,-108.17)
(-291.034,131.678,-59.6704)
(-218.808,51.1661,-25.0374)
(-290.579,131.997,-58.39)
(-243.136,-9.87958,-88.0762)
(328.232,6.08545,115.487)
(295.498,-23.675,204.617)
(290.358,120.83,-120.466)
(421.687,157.78,-170.36)
(289.568,-130.342,70.423)
(203.377,-98.8412,38.2602)
(288.755,-130.463,70.6144)
(407.138,-149.774,80.0847)
(-252.236,206.358,-109.012)
(-244.709,188.084,-179.08)
(-262.676,203.608,-105.793)
(-255.014,276.573,-154.135)
(187.91,-263.355,28.6035)
(143.161,-236.998,61.6334)
(-149.407,282.556,-56.2325)
(-118.884,355.226,68.4205)
(-150.9,283.05,-48.7584)
(-189.876,218.139,-11.5741)
(67.2724,-313.472,-92.3436)
(-29.3307,-409.558,-201.98)
(55.4192,-313.035,-88.0651)
(84.5903,-383.673,-181.271)
(55.3372,-313.61,-87.7583)
(26.3757,-299.032,-49.2853)
(314.922,13.6465,34.1854)
(269.156,-74.2029,-80.9321)
(156.429,-291.288,-67.6751)
(165.365,-286.977,-75.6362)
(-281.739,139.362,31.5147)
(-269.744,226.692,-7.34918)
(-311.093,-73.4233,-92.5692)
(-338.475,-133.597,-99.1106)
(300.099,98.7274,123.114)
(282.329,111.193,78.2807)
(-287.78,128.519,-22.501)
(-183.057,90.1724,-16.0227)
(-234.419,-227.311,71.7323)
(-228.747,-283.071,23.2335)
(234.413,209.025,-65.7252)
(281.973,163.066,-38.8205)
(239.2,215.681,-58.2037)
(284.869,272.93,-1.59495)
(240.037,214.851,-60.0385)
(221.6,97.1285,-110.279)
(177.058,-258.106,-105.08)
(148.556,-269.142,-209.947)
(-290.235,123.676,49.8138)
(-308.803,149.146,31.3163)
(-239.428,201.738,-118.819)
(-331.102,190.903,-144.616)
(-10.1583,-311.923,71.3914)
(7.09162,-380.261,77.3733)
(-12.4744,-335.207,61.193)
(-22.3928,-371.849,60.377)
(-95.4008,311.155,111.367)
(-113.91,291.605,86.8632)
(-179.114,-270.573,-93.1255)
(-180.563,-341.929,-67.8409)
(-300.725,97.3888,59.6329)
(-266.572,49.7139,-49.0307)
(-280.579,-142.036,-119.324)
(-324.327,-72.1322,-51.8297)
(-281.707,-137.123,-119.574)
(-153.982,-113.318,-55.6554)
(-174.597,-259.774,112.898)
(-268.189,-309.23,202.759)
(53.8771,313.447,124.676)
(2.54256,319.551,56.9178)
(-206.091,-259.515,17.6868)
(-328.659,-146.725,-24.4987)
(287.779,145.781,-11.0057)
(406.47,88.7967,-50.2181)
(289.533,144.59,-14.7753)
(303.489,184.886,47.5093)
(311.676,50.3409,14.9939)
(159.329,33.2184,85.5966)
(313.865,50.2216,13.9922)
(381.534,31.6911,30.321)
(282.814,135.225,82.9381)
(404.199,46.8988,126.64)
(-319.493,87.58,46.1232)
(-346.754,128.634,85.3998)
(306.209,68.7473,8.32935)
(369.977,88.6207,-14.3179)
(329.799,66.7318,35.7645)
(388.998,135.638,28.1551)
(323.524,58.5753,38.5014)
(356.727,51.0026,-6.86818)
(-314.71,-11.3257,-19.1217)
(-372.911,-64.0054,-55.7371)
(-318.744,-7.8626,-19.3181)
(-341.066,47.4901,58.6916)
(-287.296,-149.816,58.1508)
(-427.252,-125.804,91.2957)
(322.98,63.0693,-22.1836)
(329.53,87.9375,-78.0089)
(326.656,61.7599,-19.8575)
(444.982,63.302,37.2256)
(-284.74,-138.168,-29.4364)
(-380.962,-173.643,-29.9143)
(257.002,181.346,37.1488)
(237.714,118.57,59.932)
(-53.3613,317.458,-86.6365)
(-39.6689,263.725,-107.075)
(254.944,-188.785,49.9482)
(227.467,-132.447,73.8079)
(-142.234,284.327,40.7517)
(-154.571,394.121,-28.3121)
(-139.363,281.383,27.5271)
(-47.1548,298.505,145.539)
(-3.88697,-336.65,-51.1027)
(32.6874,-370.463,-17.0011)
(29.7617,-316.925,-79.6229)
(29.7447,-265.875,27.4087)
(27.3227,-315.905,-78.9706)
(219.504,-257.529,-48.8992)
(-10.6561,319.847,78.0385)
(-16.4827,330.292,196.848)
(-5.98287,327.67,86.6056)
(55.5515,361.292,88.1279)
(-5.29194,334.827,96.1683)
(-96.0984,245.037,44.4135)
(313.403,2.11744,-55.1625)
(290.098,7.96547,-155.379)
(293.335,-117.022,87.1571)
(289.391,-231.383,27.9412)
(289.826,-172.42,-92.16)
(274.501,-228.271,-65.4015)
(-265.455,175.882,-65.4724)
(-227.393,177.377,-113.168)
(142.733,-285.895,111.039)
(48.388,-262.788,59.5224)
(-280.469,161.5,109.653)
(-197.453,129.28,141.746)
(-277.834,162.59,110.099)
(-228.932,174.07,226.879)
(-304.115,-117.762,44.3597)
(-293.438,-156.943,-1.76753)
(-131.393,-301.689,71.7105)
(-165.315,-351.288,72.1292)
(255.257,180.537,-45.3249)
(240.973,291.63,20.6859)
(-313.536,-5.06049,95.1771)
(-324.764,-12.1287,66.1804)
(-313.998,-4.06737,104.645)
(-303.203,-71.8337,70.189)
(319.575,3.45597,-71.4637)
(311.233,-24.4696,-164.439)
(332.618,-2.99996,-65.1665)
(396.345,-66.3805,-152.332)
(335.182,1.34071,-65.9576)
(281.642,91.9701,-23.0516)
(-70.365,-305.643,-95.3779)
(68.3236,-290.613,0.748762)
(-65.284,-305.9,-97.6136)
(-116.544,-328.481,-178.927)
(-146.136,281.223,84.451)
(-179.052,224.096,68.1966)
(-148.007,280.956,81.967)
(-94.1028,250.037,136.641)
(-303.219,-83.5744,101.339)
(-368.827,-41.1564,28.9734)
(325.855,-9.13604,-66.5085)
(413.399,54.3402,-61.4179)
(-317.832,9.10647,72.5055)
(-346.432,2.08223,53.5349)
(-175.017,267.676,-87.5035)
(-208.603,235.29,-170.474)
(259.601,-189.189,59.7837)
(371.593,-183.374,41.3829)
(244.647,-205.296,91.0205)
(268.124,-233.646,175.91)
(-188.337,251.164,-113.972)
(-155.034,194.418,-83.5213)
(-230.29,215.337,111.154)
(-213.625,134.853,38.0196)
(327.011,-13.1683,-66.4204)
(344.257,-87.4037,-176.837)
(-273.02,-160.193,117.263)
(-303.381,-85.8377,164.66)
(-268.903,-164.664,117.568)
(-214.538,-97.7385,100.749)
(305.304,70.7354,-73.7788)
(320.735,118.976,-14.425)
(313.545,67.7642,-78.1633)
(301.211,114.099,-31.0209)
(310.763,64.6759,-78.7818)
(324.407,104.504,-243.748)
(-327.808,-50.7977,-46.831)
(-307.234,69.8565,-47.8632)
(-331.416,-56.3054,-46.8033)
(-364.886,-49.6973,-93.4897)
(293.988,117.007,102.494)
(262.31,5.49916,116.025)
(-325.542,27.5252,74.2389)
(-311.487,67.883,78.1938)
(-322.191,23.5457,78.7584)
(-354.255,93.4289,184.608)
(199.13,253.581,-104.204)
(211.054,246.926,-111.672)
(198.119,252.189,-97.3572)
(128.426,195.28,-29.1957)
(-253.741,200.939,118.806)
(-316.763,205.204,95.729)
(-252.018,204.191,120.922)
(-300.275,191.521,100.683)
(-276.348,-147.98,106.369)
(-227.626,-123.786,54.5349)
(-287.904,-166.376,105.322)
(-251.924,-201.852,41.0696)
(307.155,71.4607,105.931)
(347.557,32.7159,96.9425)
(-315.227,-43.7184,-63.2174)
(-375.754,-56.7406,-121.591)
(-314.352,-42.4769,-62.4762)
(-297.678,-14.9981,-55.0376)
(-318.057,-13.1164,-108.597)
(-143.295,17.7839,-97.7909)
(-318.082,-11.9039,-109.355)
(-206.251,2.40984,-163.766)
(-70.035,327.709,19.1421)
(-111.645,251.32,64.6144)
(-70.4322,326.882,18.0332)
(-62.4706,239.504,16.8015)
(-30.2108,-336.299,-17.1196)
(-120.587,-324.458,-54.1496)
(313.785,78.2032,-112.827)
(259.232,108.78,-40.5448)
(315.012,82.115,-115.45)
(390.336,122.731,-143.252)
(301.473,-87.6953,-28.1553)
(243.854,-90.3718,-166.752)
(299.859,-89.8561,-28.7287)
(288.18,-71.9668,-72.8178)
(-269.78,192.356,46.5648)
(-298.479,131.798,180.678)
(-267.91,194.297,46.6175)
(-353.168,166.905,-14.0634)
(304.034,-123.152,-27.1597)
(368.406,-231.775,4.44798)
(99.7345,313.214,-39.5503)
(43.9111,275.758,-94.9023)
(174.542,-267.617,37.111)
(225.887,-255.596,74.7012)
(164.887,-271.216,52.0831)
(146.765,-259.204,32.2393)
(-65.0114,-306.909,-54.5806)
(-38.0289,-325.927,100.876)
(83.1558,301.138,53.3965)
(136.468,244.063,3.66467)
(-277.857,-162.754,-81.7637)
(-236.006,-124.054,-88.3495)
(-290.025,-163.563,-90.2164)
(-262.694,-234.282,-0.556092)
(-292.273,-162.457,-93.7688)
(-118.904,-145.297,-1.49055)
(-318.067,74.5046,-47.5614)
(-324.86,108.443,-15.4028)
(-315.439,54.287,79.4155)
(-425.135,70.5689,-1.38631)
(-318.142,44.2927,71.6218)
(-286.192,77.0385,-35.2057)
(241.498,198.616,-56.2243)
(216.256,212.363,-165.092)
(-190.851,-250.197,73.3741)
(-138.105,-253.283,14.1052)
(-325.404,-21.2445,48.1134)
(-353.546,-28.8789,5.11183)
(-315.795,-56.0882,53.1605)
(-278.714,-79.8452,36.0859)
(-317.93,-55.6304,58.7055)
(-265.968,-247.013,11.2954)
(309.809,93.0832,-91.1054)
(352.341,85.4041,-163.348)
(-277.542,-164.731,-18.3078)
(-196.828,-234.133,-86.4637)
(-273.087,-165.091,-18.0899)
(-219.732,-231.425,-50.8124)
(322.017,-51.2078,38.9801)
(273.768,121.678,73.8776)
(325.84,-48.5532,36.9481)
(217.432,-54.4755,-5.53301)
(-315.037,19.4002,-17.2417)
(-307.171,-16.1877,-78.1196)
(-329.863,17.7305,-8.24007)
(-397.26,-16.3928,26.5238)
(-156.94,275.151,108.043)
(-131.271,189.286,140.608)
(-148.192,276.793,106.498)
(-18.9042,328.874,109.119)
(227.761,-237.23,-95.8743)
(178.648,-277.415,-86.5788)
(6.96034,-323.67,-77.8184)
(52.2339,-251.43,-22.6462)
(-200.639,250.856,57.4444)
(-198.067,315.835,75.3792)
(-204.706,255.594,52.4096)
(-176.882,246.265,59.8413)
(318.443,9.61504,-115.016)
(332.02,-57.505,-111.873)
(-310.388,-49.6165,14.539)
(-368.024,-107.138,77.8948)
(300.805,130.325,-39.1358)
(342.971,90.3419,-66.6334)
(312.788,22.0822,67.1523)
(269.31,36.1094,54.5867)
(-313.81,-30.9625,-89.2779)
(-326.93,-30.427,-171.1)
(-267.892,187.488,-34.762)
(-209.457,127.406,-43.5319)
(228.305,-236.996,39.118)
(169.711,-239.886,100.209)
(-261.343,178.472,-101.916)
(-236.401,181.14,-19.0991)
(-260.372,183.65,-103.31)
(-277.07,219.754,-67.2265)
(-272.807,167.002,-117.419)
(-429.576,230.844,-68.2939)
(311.964,60.9371,-23.8198)
(368.309,-27.2403,-12.739)
(-312.812,-84.5583,33.4845)
(-388.392,-53.1485,65.2217)
(-314.6,-82.4908,33.5012)
(-313.552,-14.1439,155.871)
(-125.495,292.401,41.0604)
(-97.7756,353.951,-10.8092)
(186.077,262.881,-99.0985)
(239.955,323.241,-67.034)
(196.83,269.973,-112.659)
(159.114,235.087,-103.65)
(194.594,265.935,-117.039)
(239.695,323.992,-164.988)
(-289.03,-119.786,44.6195)
(-345.754,-90.1853,138.208)
(298.506,-94.8201,-30.6487)
(189.445,-62.4427,4.97846)
(180.863,255.47,-12.5461)
(164.748,308.402,-51.1174)
(-43.5286,-310.913,14.2393)
(-73.9445,-330.714,-9.51746)
(-76.1013,-307.436,-18.6035)
(-57.8435,-279.5,-56.5657)
(-299.514,118.41,26.7785)
(-254.632,183.096,37.4216)
(-298.982,113.931,30.2936)
(-309.323,161.455,72.0633)
(315.318,-21.7148,110.888)
(195.589,49.9894,43.6595)
(312.43,-89.1288,-18.6906)
(272.418,-70.0445,91.5127)
(316.14,-91.5972,-18.5537)
(331.777,-62.5728,-98.3512)
(-126.997,-307.236,77.791)
(-20.6603,-287.894,87.8014)
(255.673,188.642,-48.2564)
(345.696,244.482,-8.74541)
(207.675,238.926,-5.41322)
(217.464,211.072,-10.5618)
(208.702,243.68,-6.25468)
(202.518,119.462,91.2098)
(48.5281,-320.8,4.67673)
(14.2027,-357.786,127.258)
(247.801,-205.197,-69.3115)
(372.24,-151.84,-11.8956)
(245.342,-204.13,-62.4807)
(435.965,-225.646,-63.6873)
(-29.6321,321.547,105.322)
(77.1137,257.872,226.315)
(-28.1702,321.691,106.657)
(-34.2077,267.644,55.4303)
(317.335,-48.4199,95.6939)
(279.188,-106.624,153.592)
(280.222,146.699,-43.6613)
(323.904,268.964,85.3222)
(-137.367,-289.915,91.7986)
(-149.299,-287.759,28.709)
(-312.164,-14.9131,28.2841)
(-310.803,-21.6285,-23.7493)
(331.737,21.2972,-43.323)
(394.978,39.7055,-2.98069)
(328.58,12.9819,-44.364)
(386.493,63.5141,-18.8847)
(-142.561,278.686,-20.6929)
(-171.309,324.797,-36.0727)
(-146.061,283.047,-12.8213)
(-174.959,345.437,-18.2839)
(-3.75383,-316.145,1.85338)
(46.4884,-239.889,32.5868)
(-313.539,53.9915,9.20206)
(-288.445,119.37,84.8092)
(-313.523,23.3637,108.958)
(-247.827,-14.865,86.0128)
(-313.024,15.6613,101.473)
(-324.172,-33.5522,87.2088)
(-305.63,-67.8698,-119.698)
(-381.92,-0.306943,-62.2773)
(-134.449,-294.904,-44.7577)
(-88.9039,-331.03,-34.016)
(41.0762,320.509,46.3074)
(-30.4327,201.923,-3.27002)
(-178.468,-256.508,23.5964)
(-227.002,-290.014,39.6852)
(161.287,272.708,-95.9157)
(115.95,314.526,18.8231)
(-311.886,21.2938,-121.925)
(-257.498,-70.2485,-183.787)
(-300.201,-129.109,-114.991)
(-320.839,-195.983,-85.0832)
(-87.582,-305.683,90.8889)
(-43.6899,-237.271,68.1705)
(-83.8687,-305.607,88.2121)
(-94.1283,-321.089,84.4152)
(247.73,213.749,-63.0962)
(205.422,223.731,-109.822)
(248,222.933,-63.2222)
(300.091,235.008,-103.145)
(250.379,222.78,-57.3068)
(202.368,314.528,-21.7718)
(-237.02,212.988,18.6946)
(-260.439,261.093,80.83)
(-236.988,212.67,17.7823)
(-193.157,256.442,-40.9846)
(273.322,-161.434,-102.821)
(142.889,-187.07,-72.4642)
(100.5,-303.349,-22.1075)
(152.797,-349.472,43.8483)
(125.31,-308.633,-42.075)
(-33.1199,-346.566,-98.6204)
(297.851,123.41,-9.17509)
(316.994,111.304,-116.687)
(299.712,120.343,-8.48153)
(285.404,66.9692,-98.8508)
(-311.274,-48.6218,2.70889)
(-357.188,36.2318,-26.4261)
(-317.656,-54.2968,5.15719)
(-362.188,-22.3924,49.9604)
(-317.342,-51.9721,10.3793)
(-290.472,-48.9713,-77.708)
(25.5062,327.019,-5.86806)
(11.1961,401.318,2.52237)
(227.42,-242.899,23.3021)
(317.507,-214.704,120.627)
(-100.881,298.962,-32.4768)
(-113.828,267.908,-7.68537)
(55.0722,318.62,10.9397)
(0.0387547,319.095,-33.5699)
(54.8207,315.673,15.2146)
(104.992,268.499,1.37227)
(169.229,277.939,-15.5791)
(140.003,294.638,-94.9434)
(174.25,263.598,3.48745)
(16.8014,215.895,9.75291)
(174.315,265.082,2.47772)
(115.587,218.26,-106.216)
(-249.678,-194.271,-83.759)
(-308.697,-206.403,-169.654)
(283.403,151.549,67.8706)
(273.446,115.681,225.799)
(283.464,169.175,-16.8846)
(334.794,219.737,-60.6023)
(-307.964,-55.768,101.26)
(-316.52,-19.1492,37.1713)
(326.563,-77.3809,-90.2)
(265.636,-42.4041,-21.3575)
(56.7954,312.462,-17.7448)
(80.0694,250.059,-21.8095)
(59.5819,312.327,-18.7411)
(11.1183,305.605,99.5606)
(65.0529,315.797,-20.6829)
(144.484,345.013,61.1379)
(103.988,-311.672,13.6363)
(125.597,-230.981,66.6863)
(104.335,-312.273,19.1334)
(42.6154,-345.388,16.366)
(301.837,88.4585,-34.5331)
(344.225,-17.7894,-84.625)
(308.85,92.4259,-48.7538)
(371.186,140.396,-89.7839)
(-312.028,-43.6805,16.6187)
(-275.02,0.471903,-13.1999)
(-306.103,-86.9641,1.437)
(-341.684,-25.4602,-0.723032)
(324.151,86.2793,0.821084)
(206.793,3.3712,26.3823)
(180.001,261.821,120.093)
(75.8552,297.295,107.935)
(180.619,266.024,116.097)
(150.323,297.946,7.13142)
(-115.082,293.662,27.9509)
(-57.2353,238.92,90.2324)
(80.2121,-317.364,46.9423)
(150.966,-292.999,28.4259)
(136.366,287.965,-42.2334)
(116.219,216.18,-14.9702)
(-321.308,-29.4054,-64.2119)
(-271.525,21.4138,-59.2375)
(-275.908,-147.012,17.1433)
(-202.755,-286.158,37.7215)
(312.75,76.9487,-8.37836)
(369.121,28.6686,39.6834)
(320.498,75.5884,-12.5556)
(341.882,148.451,67.4408)
(40.2727,318.313,-48.9122)
(100.526,324.206,-15.7307)
(-134.564,-295.87,48.76)
(-192.613,-311.929,82.3528)
(-184.243,-258.838,-41.6955)
(-226.783,-260.403,11.3621)
(-179.758,-260.756,-51.5943)
(-174.428,-254.737,-10.4946)
(162.464,-282.181,-81.0462)
(80.4141,-333.49,-99.795)
(117.053,291.576,85.9806)
(191.045,152.397,83.9655)
(193.607,265.596,-105.078)
(303.2,327.029,-73.6848)
(-176.249,-269.283,108.005)
(-139.722,-257.662,188.553)
(314.017,6.24665,36.3321)
(276.567,-31.1993,-11.911)
(317.66,17.7275,41.4891)
(360.467,22.9847,100.772)
(-317.292,-12.7596,-79.4503)
(-396.816,111.178,-33.5528)
(-318.531,-14.5404,-68.9504)
(-196.828,-17.7908,-24.2117)
(-317.201,-16.5914,-67.2153)
(-326.932,-95.7546,-51.8393)
(-218.991,-239.735,61.6616)
(-91.2475,-237.108,59.4522)
(253.939,183.529,-45.398)
(211.235,183.813,-72.4381)
(256.938,180.674,-44.4604)
(253.102,191.137,-118.434)
(309.336,47.311,94.505)
(353.99,55.8021,116.575)
(314.055,-65.4597,-81.6409)
(307.213,-41.3089,22.6216)
(-147.051,-276.192,-73.3434)
(-215.899,-236.967,-53.9167)
(-3.87264,315.563,82.6512)
(43.7357,310.936,66.3692)
0 events have been kept for refreshing and/or reviewing.
  "/vis/reviewKeptEvents" to review them one by one.
  "/vis/enable", then "/vis/viewer/flush" or "/vis/viewer/rebuild" to see them accumulated.
[Core-0] End of macro ./split/.Gate/main119/main2.mac
Graphics systems deleted.
Visualization Manager deleting...
