[G4] 
[G4] **************************************************************
[G4]  Geant4 version Name: geant4-10-07-patch-02    (11-June-2021)
[G4]                        Copyright : Geant4 Collaboration
[G4]                       References : NIM A 506 (2003), 250-303
[G4]                                  : IEEE-TNS 53 (2006), 270-278
[G4]                                  : NIM A 835 (2016), 186-225
[G4]                              WWW : http://geant4.org/
[G4] **************************************************************
[G4] 
[Core-0] Initialization of geometry
[Core-0] Initialization of physics
[Core-0] Initialization of actors
[Core-0] 
[Core-0] *************************************************
[Core-0]  GATE version 9.1 (2021)
[Core-0]  Copyright : OpenGATE Collaboration
[Core-0]  Reference : Phys. Med. Biol. 49 (2004) 4543-4561
[Core-0]  Reference : Phys. Med. Biol. 56 (2011) 881-901
[Core-0]  Reference : Med. Phys. 41(6)    (2014)
[Core-0]  http://www.opengatecollaboration.org        
[Core-0] *************************************************
[Core-0] 
[Core-0] You are using Geant4 version 10.7.2
[Core-0] Starting macro ./split/.Gate/main119/main7.mac
0: RINDEX
1.84e-06   1.00028
4.08e-06   1.00028
9: GROUPVEL
1.84e-06   299.709
4.08e-06   299.709
16: ABSLENGTH
1.84e-06   50000
4.08e-06   50000
 <!> *** WARNING *** <!>  GateMaterialDatabase: Multiple definition of element: Yttrium.
The definition in ClMind_GateMaterials.db was used.


GATE object:        'systems/cylindricalPET'
Components:

GATE object:        'systems/cylindricalPET/base'
Attached to volume: cylindricalPET
Nb of children:       1

	GATE object:        'systems/cylindricalPET/rsector'
	Attached to volume: module
	Nb of children:       1

		GATE object:        'systems/cylindricalPET/module'
		Attached to volume: unit
		Nb of children:       1

			GATE object:        'systems/cylindricalPET/submodule'
			Attached to volume: block
			Nb of children:       1

				GATE object:        'systems/cylindricalPET/crystal'
				Attached to volume: optical
				Nb of children:       4

					GATE object:        'systems/cylindricalPET/layer0'
					Attached to volume: crystal
					Nb of children:       0

					GATE object:        'systems/cylindricalPET/layer1'
					Attached to volume: ---
					Nb of children:       0

					GATE object:        'systems/cylindricalPET/layer2'
					Attached to volume: ---
					Nb of children:       0

					GATE object:        'systems/cylindricalPET/layer3'
					Attached to volume: ---
					Nb of children:       0
geometrical design type: 1
ring diameter: -3.95 mm 
rsector axial pitch: 0 fm 
rsector azimuthal pitch: 12.8571 degree
rsector tangential size: 2.5 cm 
rsector axial size: 25.04 cm 
module axial size: 4.784 cm 
module tangential size: 2.5 cm 
module axial pitch: 0 fm 
module tangential pitch: 0 fm 
submodule axial size: 4.784 cm 
submodule tangential size: 2.5 cm 
submodule axial pitch: 0 fm 
submodule tangential pitch: 0 fm 
crystal radial size: 1.59 cm 
crystal axial size: 1.59 cm 
crystal tangential size: 2.5 cm 
crystal axial pitch: 0 fm 
crystal tangential pitch: 0 fm 
layer0 radial size: 3.95 mm 
in layer0 interaction length: 1.975 mm 
Axial nb of rsectors: 1
Azimuthal nb of rsectors: 28
Axial nb of modules: 1
Tangential nb of modules: 1
Axial nb of submodules: 1
Tangential nb of submodules: 1
Axial nb of crystals: 1
Tangential nb of crystals: 1
Radial nb of layers: 1
[Physic-0] The following Geant4's physic-list is enabled :emstandard_opt3


List of Enabled processes:




List of initialized processes:


[Core-0] Initialization of geometry
[Core-0] Initialization of physics
[Core-0] Initialization of actors
 <!> *** WARNING *** <!>  The 'energytype' option is DEPRECATED, use 'ene/type' instead!
 <!> *** WARNING *** <!>  The 'energytype' option is DEPRECATED, use 'ene/type' instead!
 <!> *** WARNING *** <!>  The 'energytype' option is DEPRECATED, use 'ene/type' instead!
 <!> *** WARNING *** <!>  The 'energytype' option is DEPRECATED, use 'ene/type' instead!
 <!> *** WARNING *** <!>  The 'energytype' option is DEPRECATED, use 'ene/type' instead!
 <!> *** WARNING *** <!>  The 'energytype' option is DEPRECATED, use 'ene/type' instead!
 <!> *** WARNING *** <!>  The 'energytype' option is DEPRECATED, use 'ene/type' instead!
 <!> *** WARNING *** <!>  The 'energytype' option is DEPRECATED, use 'ene/type' instead!
 <!> *** WARNING *** <!>  The 'energytype' option is DEPRECATED, use 'ene/type' instead!
[Acquisition-0]   
[Acquisition-0] ============= Source initialization =============
[Acquisition-0]   
[Acquisition-0] ============= Acquisition starts! =============
[Acquisition-0] Simulation start time = 0 sec
[Acquisition-0] Simulation end time   = 1 sec
[Acquisition-0] Simulation will have  = 1 run(s)
[Acquisition-0] Slice 0 from 0 to 1 s [slice=1 s]

### ===  Deexcitation model UAtomDeexcitation is activated for 25 regions:
          DefaultRegionForTheWorld  1  1  1
          cylindricalPET  1  1  1
          module  1  1  1
          unit  1  1  1
          block  1  1  1
          optical  1  1  1
          crystal  1  1  1
          capillaire1  1  1  1
          capillaire1_water  1  1  1
          capillaire2  1  1  1
          capillaire2_water  1  1  1
          capillaire3  1  1  1
          capillaire3_water  1  1  1
          capillaire4  1  1  1
          capillaire4_water  1  1  1
          capillaire5  1  1  1
          capillaire5_water  1  1  1
          capillaire_m1  1  1  1
          capillaire_m1_water  1  1  1
          capillaire_m2  1  1  1
          capillaire_m2_water  1  1  1
          capillaire_m3  1  1  1
          capillaire_m3_water  1  1  1
          capillaire_m4  1  1  1
          capillaire_m4_water  1  1  1
### ===  Ignore cuts flag:   0

phot:  for gamma applyCuts:1  SubType=12 BuildTable=0
      LambdaPrime table from 200 keV to 100 TeV in 174 bins 
      ===== EM models for the G4Region  DefaultRegionForTheWorld ======
 LivermorePhElectric : Emin=    0 eV  Emax=  100 TeV  SauterGavrila Fluo

compt:  for gamma applyCuts:1  SubType=13 BuildTable=1
      Lambda table from 10 eV  to 1 MeV, 20 bins/decade, spline: 1
      LambdaPrime table from 1 MeV to 100 TeV in 160 bins 
      ===== EM models for the G4Region  DefaultRegionForTheWorld ======
        KleinNishina : Emin=    0 eV  Emax=  100 TeV Fluo

conv:  for gamma applyCuts:1  SubType=14 BuildTable=1
      Lambda table from 1.022 MeV to 100 TeV, 20 bins/decade, spline: 1
      ===== EM models for the G4Region  DefaultRegionForTheWorld ======
     BetheHeitlerLPM : Emin=    0 eV  Emax=  100 TeV  ModifiedTsai

Rayl:  for gamma applyCuts:1  SubType=11 BuildTable=1
      Lambda table from 10 eV  to 100 keV, 20 bins/decade, spline: 0
      LambdaPrime table from 100 keV to 100 TeV in 180 bins 
      ===== EM models for the G4Region  DefaultRegionForTheWorld ======
   LivermoreRayleigh : Emin=    0 eV  Emax=  100 TeV  CullenGenerator

msc:  for e-  SubType= 10
      ===== EM models for the G4Region  DefaultRegionForTheWorld ======
            UrbanMsc : Emin=    0 eV  Emax=  100 TeV Nbins=240 100 eV  - 100 TeV
              StepLim=DistanceToBoundary Rfact=0.04 Gfact=2.5 Sfact=0.6 DispFlag:1 Skin=1 Llimit=1

eIoni:  for e-  SubType=2
      dE/dx and range tables from 10 eV  to 100 TeV in 260 bins
      Lambda tables from threshold to 100 TeV, 20 bins/decade, spline: 1
      StepFunction=(0.2, 0.1 mm), integ: 1, fluct: 1, linLossLim= 0.01
      ===== EM models for the G4Region  DefaultRegionForTheWorld ======
        MollerBhabha : Emin=    0 eV  Emax=  100 TeV  deltaVI

eBrem:  for e-  SubType=3
      dE/dx and range tables from 10 eV  to 100 TeV in 260 bins
      Lambda tables from threshold to 100 TeV, 20 bins/decade, spline: 1
      LPM flag: 1 for E > 1 GeV,  VertexHighEnergyTh(GeV)= 100000
      ===== EM models for the G4Region  DefaultRegionForTheWorld ======
             eBremSB : Emin=    0 eV  Emax=    1 GeV  AngularGen2BS
            eBremLPM : Emin=    1 GeV Emax=  100 TeV  AngularGen2BS

ePairProd:  for e-  SubType=4
      dE/dx and range tables from 10 eV  to 100 TeV in 260 bins
      Lambda tables from threshold to 100 TeV, 20 bins/decade, spline: 1
      Sampling table 25x1001; from 0.1 GeV to 100 TeV 
      ===== EM models for the G4Region  DefaultRegionForTheWorld ======
           ePairProd : Emin=    0 eV  Emax=  100 TeV  ModifiedMephi

msc:  for e+  SubType= 10
      ===== EM models for the G4Region  DefaultRegionForTheWorld ======
            UrbanMsc : Emin=    0 eV  Emax=  100 TeV Nbins=240 100 eV  - 100 TeV
              StepLim=DistanceToBoundary Rfact=0.04 Gfact=2.5 Sfact=0.6 DispFlag:1 Skin=1 Llimit=1

eIoni:  for e+  SubType=2
      dE/dx and range tables from 10 eV  to 100 TeV in 260 bins
      Lambda tables from threshold to 100 TeV, 20 bins/decade, spline: 1
      StepFunction=(0.2, 0.1 mm), integ: 1, fluct: 1, linLossLim= 0.01
      ===== EM models for the G4Region  DefaultRegionForTheWorld ======
        MollerBhabha : Emin=    0 eV  Emax=  100 TeV  deltaVI

eBrem:  for e+  SubType=3
      dE/dx and range tables from 10 eV  to 100 TeV in 260 bins
      Lambda tables from threshold to 100 TeV, 20 bins/decade, spline: 1
      LPM flag: 1 for E > 1 GeV,  VertexHighEnergyTh(GeV)= 100000
      ===== EM models for the G4Region  DefaultRegionForTheWorld ======
             eBremSB : Emin=    0 eV  Emax=    1 GeV  AngularGen2BS
            eBremLPM : Emin=    1 GeV Emax=  100 TeV  AngularGen2BS

ePairProd:  for e+  SubType=4
      dE/dx and range tables from 10 eV  to 100 TeV in 260 bins
      Lambda tables from threshold to 100 TeV, 20 bins/decade, spline: 1
      Sampling table 25x1001; from 0.1 GeV to 100 TeV 
      ===== EM models for the G4Region  DefaultRegionForTheWorld ======
           ePairProd : Emin=    0 eV  Emax=  100 TeV  ModifiedMephi

annihil:  for e+, integral:1  applyCuts:1  SubType=5 BuildTable=0
      ===== EM models for the G4Region  DefaultRegionForTheWorld ======
            eplus2gg : Emin=    0 eV  Emax=  100 TeV

msc:  for proton  SubType= 10
      ===== EM models for the G4Region  DefaultRegionForTheWorld ======
            UrbanMsc : Emin=    0 eV  Emax=  100 TeV Nbins=240 100 eV  - 100 TeV
              StepLim=Minimal Rfact=0.2 Gfact=2.5 Sfact=0.6 DispFlag:1 Skin=1 Llimit=1

hIoni:  for proton  SubType=2
      dE/dx and range tables from 10 eV  to 100 TeV in 260 bins
      Lambda tables from threshold to 100 TeV, 20 bins/decade, spline: 1
      StepFunction=(0.2, 0.05 mm), integ: 1, fluct: 1, linLossLim= 0.01
      ===== EM models for the G4Region  DefaultRegionForTheWorld ======
               Bragg : Emin=    0 eV  Emax=    2 MeV  deltaVI
          BetheBloch : Emin=    2 MeV Emax=  100 TeV  deltaVI

hBrems:  for proton  SubType=3
      dE/dx and range tables from 10 eV  to 100 TeV in 260 bins
      Lambda tables from threshold to 100 TeV, 20 bins/decade, spline: 1
      ===== EM models for the G4Region  DefaultRegionForTheWorld ======
               hBrem : Emin=    0 eV  Emax=  100 TeV  ModifiedMephi
      ===== Limit on energy threshold has been applied 

hPairProd:  for proton  SubType=4
      dE/dx and range tables from 10 eV  to 100 TeV in 260 bins
      Lambda tables from threshold to 100 TeV, 20 bins/decade, spline: 1
      Sampling table 17x1001; from 7.50618 GeV to 100 TeV 
      ===== EM models for the G4Region  DefaultRegionForTheWorld ======
           hPairProd : Emin=    0 eV  Emax=  100 TeV  ModifiedMephi

nuclearStopping:  for proton applyCuts:1  SubType=8 BuildTable=0
      ===== EM models for the G4Region  DefaultRegionForTheWorld ======
   ICRU49NucStopping : Emin=    0 eV  Emax=    1 MeV

msc:  for GenericIon  SubType= 10
      ===== EM models for the G4Region  DefaultRegionForTheWorld ======
            UrbanMsc : Emin=    0 eV  Emax=  100 TeV
              StepLim=Minimal Rfact=0.2 Gfact=2.5 Sfact=0.6 DispFlag:1 Skin=1 Llimit=1

ionIoni:  for GenericIon  SubType=2
      dE/dx and range tables from 10 eV  to 100 TeV in 260 bins
      Lambda tables from threshold to 100 TeV, 20 bins/decade, spline: 1
      StepFunction=(0.1, 0.02 mm), integ: 1, fluct: 1, linLossLim= 0.02
      ===== EM models for the G4Region  DefaultRegionForTheWorld ======
         ParamICRU73 : Emin=    0 eV  Emax=  100 TeV  deltaVI

nuclearStopping:  for GenericIon applyCuts:1  SubType=8 BuildTable=0
      ===== EM models for the G4Region  DefaultRegionForTheWorld ======
   ICRU49NucStopping : Emin=    0 eV  Emax=    1 MeV

msc:  for alpha  SubType= 10
      ===== EM models for the G4Region  DefaultRegionForTheWorld ======
            UrbanMsc : Emin=    0 eV  Emax=  100 TeV Nbins=240 100 eV  - 100 TeV
              StepLim=Minimal Rfact=0.2 Gfact=2.5 Sfact=0.6 DispFlag:1 Skin=1 Llimit=1

ionIoni:  for alpha  SubType=2
      dE/dx and range tables from 10 eV  to 100 TeV in 260 bins
      Lambda tables from threshold to 100 TeV, 20 bins/decade, spline: 1
      StepFunction=(0.1, 0.02 mm), integ: 1, fluct: 1, linLossLim= 0.02
      ===== EM models for the G4Region  DefaultRegionForTheWorld ======
            BraggIon : Emin=    0 eV  Emax=7.9452 MeV  deltaVI
          BetheBloch : Emin=7.9452 MeV Emax=  100 TeV  deltaVI

nuclearStopping:  for alpha applyCuts:1  SubType=8 BuildTable=0
      ===== EM models for the G4Region  DefaultRegionForTheWorld ======
   ICRU49NucStopping : Emin=    0 eV  Emax=    1 MeV

msc:  for anti_proton  SubType= 10
      ===== EM models for the G4Region  DefaultRegionForTheWorld ======
            UrbanMsc : Emin=    0 eV  Emax=  100 TeV Nbins=240 100 eV  - 100 TeV
              StepLim=Minimal Rfact=0.2 Gfact=2.5 Sfact=0.6 DispFlag:1 Skin=1 Llimit=1

hIoni:  for anti_proton  SubType=2
      dE/dx and range tables from 10 eV  to 100 TeV in 260 bins
      Lambda tables from threshold to 100 TeV, 20 bins/decade, spline: 1
      StepFunction=(0.2, 0.05 mm), integ: 1, fluct: 1, linLossLim= 0.01
      ===== EM models for the G4Region  DefaultRegionForTheWorld ======
            ICRU73QO : Emin=    0 eV  Emax=    2 MeV  deltaVI
          BetheBloch : Emin=    2 MeV Emax=  100 TeV  deltaVI

hBrems:  for anti_proton  SubType=3
      dE/dx and range tables from 10 eV  to 100 TeV in 260 bins
      Lambda tables from threshold to 100 TeV, 20 bins/decade, spline: 1
      ===== EM models for the G4Region  DefaultRegionForTheWorld ======
               hBrem : Emin=    0 eV  Emax=  100 TeV  ModifiedMephi
      ===== Limit on energy threshold has been applied 

hPairProd:  for anti_proton  SubType=4
      dE/dx and range tables from 10 eV  to 100 TeV in 260 bins
      Lambda tables from threshold to 100 TeV, 20 bins/decade, spline: 1
      Sampling table 17x1001; from 7.50618 GeV to 100 TeV 
      ===== EM models for the G4Region  DefaultRegionForTheWorld ======
           hPairProd : Emin=    0 eV  Emax=  100 TeV  ModifiedMephi

msc:  for kaon+  SubType= 10
      ===== EM models for the G4Region  DefaultRegionForTheWorld ======
            UrbanMsc : Emin=    0 eV  Emax=  100 TeV Nbins=240 100 eV  - 100 TeV
              StepLim=Minimal Rfact=0.2 Gfact=2.5 Sfact=0.6 DispFlag:1 Skin=1 Llimit=1

hIoni:  for kaon+  SubType=2
      dE/dx and range tables from 10 eV  to 100 TeV in 260 bins
      Lambda tables from threshold to 100 TeV, 20 bins/decade, spline: 1
      StepFunction=(0.2, 0.05 mm), integ: 1, fluct: 1, linLossLim= 0.01
      ===== EM models for the G4Region  DefaultRegionForTheWorld ======
               Bragg : Emin=    0 eV  Emax=1.05231 MeV  deltaVI
          BetheBloch : Emin=1.05231 MeV Emax=  100 TeV  deltaVI

hBrems:  for kaon+  SubType=3
      dE/dx and range tables from 10 eV  to 100 TeV in 260 bins
      Lambda tables from threshold to 100 TeV, 20 bins/decade, spline: 1
      ===== EM models for the G4Region  DefaultRegionForTheWorld ======
               hBrem : Emin=    0 eV  Emax=  100 TeV  ModifiedMephi
      ===== Limit on energy threshold has been applied 

hPairProd:  for kaon+  SubType=4
      dE/dx and range tables from 10 eV  to 100 TeV in 260 bins
      Lambda tables from threshold to 100 TeV, 20 bins/decade, spline: 1
      Sampling table 18x1001; from 3.94942 GeV to 100 TeV 
      ===== EM models for the G4Region  DefaultRegionForTheWorld ======
           hPairProd : Emin=    0 eV  Emax=  100 TeV  ModifiedMephi

msc:  for kaon-  SubType= 10
      ===== EM models for the G4Region  DefaultRegionForTheWorld ======
            UrbanMsc : Emin=    0 eV  Emax=  100 TeV Nbins=240 100 eV  - 100 TeV
              StepLim=Minimal Rfact=0.2 Gfact=2.5 Sfact=0.6 DispFlag:1 Skin=1 Llimit=1

hIoni:  for kaon-  SubType=2
      dE/dx and range tables from 10 eV  to 100 TeV in 260 bins
      Lambda tables from threshold to 100 TeV, 20 bins/decade, spline: 1
      StepFunction=(0.2, 0.05 mm), integ: 1, fluct: 1, linLossLim= 0.01
      ===== EM models for the G4Region  DefaultRegionForTheWorld ======
            ICRU73QO : Emin=    0 eV  Emax=1.05231 MeV  deltaVI
          BetheBloch : Emin=1.05231 MeV Emax=  100 TeV  deltaVI

hBrems:  for kaon-  SubType=3
      dE/dx and range tables from 10 eV  to 100 TeV in 260 bins
      Lambda tables from threshold to 100 TeV, 20 bins/decade, spline: 1
      ===== EM models for the G4Region  DefaultRegionForTheWorld ======
               hBrem : Emin=    0 eV  Emax=  100 TeV  ModifiedMephi
      ===== Limit on energy threshold has been applied 

hPairProd:  for kaon-  SubType=4
      dE/dx and range tables from 10 eV  to 100 TeV in 260 bins
      Lambda tables from threshold to 100 TeV, 20 bins/decade, spline: 1
      Sampling table 18x1001; from 3.94942 GeV to 100 TeV 
      ===== EM models for the G4Region  DefaultRegionForTheWorld ======
           hPairProd : Emin=    0 eV  Emax=  100 TeV  ModifiedMephi

msc:  for mu+  SubType= 10
      ===== EM models for the G4Region  DefaultRegionForTheWorld ======
            UrbanMsc : Emin=    0 eV  Emax=  100 TeV Nbins=240 100 eV  - 100 TeV
              StepLim=Minimal Rfact=0.2 Gfact=2.5 Sfact=0.6 DispFlag:1 Skin=1 Llimit=1

muIoni:  for mu+  SubType=2
      dE/dx and range tables from 10 eV  to 100 TeV in 260 bins
      Lambda tables from threshold to 100 TeV, 20 bins/decade, spline: 1
      StepFunction=(0.2, 0.05 mm), integ: 1, fluct: 1, linLossLim= 0.01
      ===== EM models for the G4Region  DefaultRegionForTheWorld ======
               Bragg : Emin=    0 eV  Emax=  200 keV  deltaVI
          BetheBloch : Emin=  200 keV Emax=    1 GeV  deltaVI
        MuBetheBloch : Emin=    1 GeV Emax=  100 TeV

muBrems:  for mu+  SubType=3
      dE/dx and range tables from 10 eV  to 100 TeV in 260 bins
      Lambda tables from threshold to 100 TeV, 20 bins/decade, spline: 1
      ===== EM models for the G4Region  DefaultRegionForTheWorld ======
              MuBrem : Emin=    0 eV  Emax=  100 TeV  ModifiedMephi
      ===== Limit on energy threshold has been applied 

muPairProd:  for mu+  SubType=4
      dE/dx and range tables from 10 eV  to 100 TeV in 260 bins
      Lambda tables from threshold to 100 TeV, 20 bins/decade, spline: 1
      Sampling table 21x1001; from 1 GeV to 100 TeV 
      ===== EM models for the G4Region  DefaultRegionForTheWorld ======
          muPairProd : Emin=    0 eV  Emax=  100 TeV  ModifiedMephi

msc:  for mu-  SubType= 10
      ===== EM models for the G4Region  DefaultRegionForTheWorld ======
            UrbanMsc : Emin=    0 eV  Emax=  100 TeV Nbins=240 100 eV  - 100 TeV
              StepLim=Minimal Rfact=0.2 Gfact=2.5 Sfact=0.6 DispFlag:1 Skin=1 Llimit=1

muIoni:  for mu-  SubType=2
      dE/dx and range tables from 10 eV  to 100 TeV in 260 bins
      Lambda tables from threshold to 100 TeV, 20 bins/decade, spline: 1
      StepFunction=(0.2, 0.05 mm), integ: 1, fluct: 1, linLossLim= 0.01
      ===== EM models for the G4Region  DefaultRegionForTheWorld ======
            ICRU73QO : Emin=    0 eV  Emax=  200 keV  deltaVI
          BetheBloch : Emin=  200 keV Emax=    1 GeV  deltaVI
        MuBetheBloch : Emin=    1 GeV Emax=  100 TeV

muBrems:  for mu-  SubType=3
      dE/dx and range tables from 10 eV  to 100 TeV in 260 bins
      Lambda tables from threshold to 100 TeV, 20 bins/decade, spline: 1
      ===== EM models for the G4Region  DefaultRegionForTheWorld ======
              MuBrem : Emin=    0 eV  Emax=  100 TeV  ModifiedMephi
      ===== Limit on energy threshold has been applied 

muPairProd:  for mu-  SubType=4
      dE/dx and range tables from 10 eV  to 100 TeV in 260 bins
      Lambda tables from threshold to 100 TeV, 20 bins/decade, spline: 1
      Sampling table 21x1001; from 1 GeV to 100 TeV 
      ===== EM models for the G4Region  DefaultRegionForTheWorld ======
          muPairProd : Emin=    0 eV  Emax=  100 TeV  ModifiedMephi

msc:  for pi+  SubType= 10
      ===== EM models for the G4Region  DefaultRegionForTheWorld ======
            UrbanMsc : Emin=    0 eV  Emax=  100 TeV Nbins=240 100 eV  - 100 TeV
              StepLim=Minimal Rfact=0.2 Gfact=2.5 Sfact=0.6 DispFlag:1 Skin=1 Llimit=1

hIoni:  for pi+  SubType=2
      dE/dx and range tables from 10 eV  to 100 TeV in 260 bins
      Lambda tables from threshold to 100 TeV, 20 bins/decade, spline: 1
      StepFunction=(0.2, 0.05 mm), integ: 1, fluct: 1, linLossLim= 0.01
      ===== EM models for the G4Region  DefaultRegionForTheWorld ======
               Bragg : Emin=    0 eV  Emax=297.505 keV  deltaVI
          BetheBloch : Emin=297.505 keV Emax=  100 TeV  deltaVI

hBrems:  for pi+  SubType=3
      dE/dx and range tables from 10 eV  to 100 TeV in 260 bins
      Lambda tables from threshold to 100 TeV, 20 bins/decade, spline: 1
      ===== EM models for the G4Region  DefaultRegionForTheWorld ======
               hBrem : Emin=    0 eV  Emax=  100 TeV  ModifiedMephi
      ===== Limit on energy threshold has been applied 

hPairProd:  for pi+  SubType=4
      dE/dx and range tables from 10 eV  to 100 TeV in 260 bins
      Lambda tables from threshold to 100 TeV, 20 bins/decade, spline: 1
      Sampling table 20x1001; from 1.11656 GeV to 100 TeV 
      ===== EM models for the G4Region  DefaultRegionForTheWorld ======
           hPairProd : Emin=    0 eV  Emax=  100 TeV  ModifiedMephi

msc:  for pi-  SubType= 10
      ===== EM models for the G4Region  DefaultRegionForTheWorld ======
            UrbanMsc : Emin=    0 eV  Emax=  100 TeV Nbins=240 100 eV  - 100 TeV
              StepLim=Minimal Rfact=0.2 Gfact=2.5 Sfact=0.6 DispFlag:1 Skin=1 Llimit=1

hIoni:  for pi-  SubType=2
      dE/dx and range tables from 10 eV  to 100 TeV in 260 bins
      Lambda tables from threshold to 100 TeV, 20 bins/decade, spline: 1
      StepFunction=(0.2, 0.05 mm), integ: 1, fluct: 1, linLossLim= 0.01
      ===== EM models for the G4Region  DefaultRegionForTheWorld ======
            ICRU73QO : Emin=    0 eV  Emax=297.505 keV  deltaVI
          BetheBloch : Emin=297.505 keV Emax=  100 TeV  deltaVI

hBrems:  for pi-  SubType=3
      dE/dx and range tables from 10 eV  to 100 TeV in 260 bins
      Lambda tables from threshold to 100 TeV, 20 bins/decade, spline: 1
      ===== EM models for the G4Region  DefaultRegionForTheWorld ======
               hBrem : Emin=    0 eV  Emax=  100 TeV  ModifiedMephi
      ===== Limit on energy threshold has been applied 

hPairProd:  for pi-  SubType=4
      dE/dx and range tables from 10 eV  to 100 TeV in 260 bins
      Lambda tables from threshold to 100 TeV, 20 bins/decade, spline: 1
      Sampling table 20x1001; from 1.11656 GeV to 100 TeV 
      ===== EM models for the G4Region  DefaultRegionForTheWorld ======
           hPairProd : Emin=    0 eV  Emax=  100 TeV  ModifiedMephi
G4VisManager: Using G4TrajectoryDrawByCharge as fallback trajectory model.
See commands in /vis/modeling/trajectories/ for other options.

### ===  Deexcitation model UAtomDeexcitation is activated for 25 regions:
          DefaultRegionForTheWorld  1  1  1
          cylindricalPET  1  1  1
          module  1  1  1
          unit  1  1  1
          block  1  1  1
          optical  1  1  1
          crystal  1  1  1
          capillaire1  1  1  1
          capillaire1_water  1  1  1
          capillaire2  1  1  1
          capillaire2_water  1  1  1
          capillaire3  1  1  1
          capillaire3_water  1  1  1
          capillaire4  1  1  1
          capillaire4_water  1  1  1
          capillaire5  1  1  1
          capillaire5_water  1  1  1
          capillaire_m1  1  1  1
          capillaire_m1_water  1  1  1
          capillaire_m2  1  1  1
          capillaire_m2_water  1  1  1
          capillaire_m3  1  1  1
          capillaire_m3_water  1  1  1
          capillaire_m4  1  1  1
          capillaire_m4_water  1  1  1
### ===  Ignore cuts flag:   0
(-195.886,-249.66,68.4443)
(-235.049,-209.441,-22.6931)
(-297.421,-111.534,-119.314)
(-357.638,-119.492,-80.3783)
(-319.825,-98.6681,-106.042)
(-374.932,-93.6998,10.771)
(-316.491,-13.8741,-116.569)
(-373.101,-5.27098,-35.5787)
(-322.456,-17.2198,-117.872)
(-384.55,-31.6461,-195.701)
(322.955,10.8011,-96.456)
(291.036,-113.747,-137.029)
(272.705,163.305,90.8661)
(325.792,131.456,158.964)
(309.666,81.8097,66.983)
(405.451,110.785,158.49)
(-300.744,-89.7045,-54.7346)
(-226.475,-10.5092,-132.713)
(-309.925,-89.2877,-49.3637)
(-274.031,-128.249,-66.7371)
(-154.766,287.545,83.7291)
(-48.3153,312.49,119.577)
(252.852,-211.735,-60.0225)
(215.863,-216.971,-127.761)
(-289.476,-127.702,124.228)
(-264.631,-94.5956,90.5561)
(199.467,-263.685,-124.291)
(248.235,-271.067,-161.332)
(208.512,-255.966,-123.336)
(273.941,-325.613,-133.455)
(-176.712,260.202,124.927)
(-213.156,230.153,139.946)
(-303.97,137.895,-30.218)
(-302.697,115.082,-139.415)
(89.3259,-306.721,-81.9617)
(78.8426,-408.976,-74.5918)
(300.713,144.123,2.51108)
(363.343,174.96,-36.926)
(301.479,146.792,0.398531)
(298.258,126.993,48.8053)
(250.309,-195.823,-112.688)
(321.146,-177.578,-114.151)
(303.763,-78.6766,-60.1536)
(189.249,-82.0097,-18.1848)
(313.425,-94.64,-83.3412)
(274.912,-122.317,-80.598)
(206.809,-237.284,-112.368)
(180.267,-248.549,-235.515)
(210.703,-232.055,97.7316)
(139.649,-171.834,159.352)
(211.996,-233.622,98.6866)
(87.1292,-136.31,112.452)
(-125.962,291.603,-104.317)
(-204.051,190.601,-26.2263)
(-129.93,293.308,-105.789)
(-169.402,201.174,-86.4719)
(-29.5423,-321.86,113.362)
(-183.541,-436.374,86.4375)
(131.761,297.251,97.6394)
(11.0985,363.913,118.065)
(123.298,299.332,95.8942)
(163.543,243.255,102.273)
(22.3505,-328.77,-103.541)
(32.3269,-340.765,-176.537)
(-68.6336,326.977,-87.6948)
(-125.781,288.817,-27.152)
(-146.332,-293.95,80.9322)
(-104.685,-273.664,109.847)
(-319.643,-20.0478,97.2742)
(-393.322,-36.3495,138.966)
(-320.66,-21.3016,98.9251)
(-357.533,-88.2934,114.157)
(283.562,137.128,34.4775)
(378.846,163.956,-1.9086)
(-145.589,-286.798,122.37)
(-164.655,-234.001,85.8916)
(-139.643,-285.228,119.895)
(-112.889,-207.945,91.8076)
(-43.4269,-309.966,97.0579)
(-144.161,-324.286,117.696)
(-56.3161,316.398,-103.224)
(-101.596,398.469,-79.3433)
(-76.5687,302.404,29.8855)
(-141.474,310.956,-17.2764)
(-79.4669,305.004,28.4626)
(-12.2088,510.868,-44.1437)
(-83.7959,302.663,27.3812)
(-57.8069,212.223,-12.7766)
(265.546,-177.822,-16.0694)
(298.78,-170.843,-33.1384)
(-296.726,131.126,-107.667)
(-257.535,206.234,-121.38)
(-308.369,85.3615,94.7856)
(-357.414,125.098,175.728)
(-312.518,83.9029,102.44)
(-273.418,87.9826,111.655)
(-244.698,194.317,64.4381)
(-227.165,199.195,42.8239)
(289.012,-125.5,-41.9964)
(258.944,-89.387,-152.765)
(-218.636,229.084,-2.14311)
(-175.406,193.581,94.8986)
(-200.533,240.647,81.9186)
(-198.062,143.797,115.363)
(-309.223,-46.8957,110.576)
(-358.583,-199.366,175.587)
(14.6904,-324.928,-116.398)
(-114.989,-289.133,-158.728)
(55.0694,317.47,42.0368)
(-28.2434,314.434,92.2253)
(56.2554,315.211,42.1248)
(0.0491094,140.795,86.6681)
(-143.881,-283.561,-36.9461)
(-147.407,-248.773,-156.65)
(-244.03,-194.253,56.1071)
(-198.303,-192.53,129.647)
(-244.321,-200.681,72.6363)
(-223.151,-208.442,81.3163)
(-50.8636,-314.342,-87.5117)
(-22.543,-188.175,-64.1658)
(-59.572,-319.833,-97.4275)
(-26.3723,-376.388,-51.0736)
(-240.869,210.832,65.1618)
(-180.648,201.409,75.3458)
(-247.192,215.703,70.2654)
(-332.404,297.915,133.547)
(10.0235,-312.186,-99.3256)
(26.1861,-229.239,-180.767)
(11.6096,-312.689,-95.4619)
(23.8844,-407.866,-163.369)
(-333.19,-16.976,-43.2289)
(-267.877,-36.9216,-79.5536)
(130.604,307.207,-78.7616)
(7.02019,254.069,-157.973)
(-275.722,-155.063,37.5152)
(-285.11,-187.244,-78.3544)
(-276.797,-152.315,46.787)
(-297.84,-228.073,119.931)
(196.731,-242.43,-82.2769)
(302.8,-224.838,-92.8524)
(210.607,-238.381,-83.1387)
(232.154,-155.38,-65.6847)
(238.445,-202.468,-9.82114)
(308.11,-242.922,7.22138)
(-14.8164,319.426,15.1494)
(107.175,351.051,5.52385)
(-314.765,54.4991,95.1861)
(-291.873,35.9369,167.12)
(-323.926,52.3173,95.6717)
(-280.427,67.1768,64.4659)
(311.178,-50.2093,-88.2552)
(283.245,-138.512,-112.153)
(54.876,-324.462,65.3627)
(90.3561,-323.133,94.5139)
(54.8076,-327.847,58.2626)
(54.0944,-340.689,32.419)
(-142.142,288.167,-62.5926)
(-73.3851,191.359,-68.0467)
(224.117,-238.74,-39.9084)
(223.815,-292.064,-11.5324)
(163.963,290.418,5.17445)
(155.572,266.726,-25.3905)
(-11.3158,-316.563,-9.28009)
(-89.8729,-286.663,-24.5938)
(128.198,290.779,12.0961)
(153.724,325.869,-4.01593)
(-199.644,244.425,-82.3774)
(-235.579,299.22,-8.14808)
(326.062,29.772,59.8899)
(266.43,49.2632,90.7716)
(-325.959,-76.0468,-61.6685)
(-444.59,-122.553,-71.4976)
(-253.051,200.499,115.662)
(-245.57,134.649,106.69)
(-249.115,203.694,116.022)
(-315.331,317.659,50.3346)
(-248.732,203.822,116.852)
(-169.059,196.467,37.5833)
(-323.807,-18.4992,81.5646)
(-405.872,38.0193,74.9029)
(-214.211,233.832,71.8094)
(-147.422,300.274,60.5501)
(270.454,164.054,-96.486)
(213.704,156.75,-93.0574)
(206.87,-255.045,115.888)
(201.39,-208.496,123.061)
(206.492,-254.024,113.125)
(254.261,-223.356,92.2665)
(-139.668,-287.976,-48.8895)
(-209.146,-242.963,-76.161)
(-13.4713,321.677,59.1748)
(-13.6749,347.908,85.309)
(-14.0168,326.184,57.661)
(24.2128,310.837,18.3791)
(305.186,122.468,-84.5161)
(378.723,163.682,-72.5432)
(-320.552,61.7157,-114.967)
(-357.719,54.6337,-98.3743)
(-320.527,60.2075,-113.73)
(-348.862,77.7633,-78.2884)
(-307.057,-90.8937,-103.666)
(-215.924,-56.6547,-202.377)
(-307.024,-92.072,-102.816)
(-322.87,-105.465,-109.497)
(313.123,66.651,77.8051)
(356.042,60.2375,183.081)
(319.506,64.7215,-38.8571)
(319.926,149.025,-136.79)
(320.047,68.887,-46.4255)
(277.042,266.586,-22.0669)
(-317.859,31.1842,18.6907)
(-333.336,-72.7778,-41.8331)
(325.386,-15.5047,-10.4358)
(336.699,-37.1928,-136.431)
(-258.51,-186.809,121.365)
(-213.218,-173.568,201.968)
(-258.574,176.791,-65.7374)
(-192.762,84.5118,12.8828)
(68.0792,-308.723,113.507)
(80.9928,-302.754,61.3652)
(-152.966,278.11,-39.9401)
(-156.754,311.681,-67.3287)
(246.134,-206.735,19.4465)
(359.577,-192.877,9.52077)
(-312.516,92.0552,-7.28753)
(-373.753,97.3008,-23.2515)
(-310.986,93.4161,-5.55477)
(-294.686,54.9913,-78.8834)
(-268.039,191.677,-79.5332)
(-177.398,196.808,-71.708)
(-267.619,194.059,-85.0619)
(-236.181,256.831,-35.4235)
(138.306,-301.727,119.162)
(210.668,-332.718,128.716)
(259.042,194.803,66.3044)
(239.983,308.311,62.3506)
(-49.9559,-312.882,-109.977)
(36.5938,-271.885,-121.199)
(225.521,-241.907,-87.2805)
(219.156,-270.49,-148.565)
(-99.9137,297.468,108.562)
(-118.807,320.989,42.9068)
(282.474,138.12,-84.719)
(259.749,107.807,-80.8473)
(282.822,143.488,-85.4729)
(180.283,223.111,-143.845)
(-310.177,57.6984,-14.1216)
(-310.519,110.965,9.41669)
(-310.051,58.1523,-13.3007)
(-376.9,48.3635,-5.38401)
(280.097,-143.34,29.5377)
(214.086,-142.69,105.264)
(277.435,-144.836,29.5973)
(312.234,-126.059,75.6162)
(-276.376,-150.538,47.3482)
(-168.703,-197.887,-62.9162)
(-279.369,-141.882,40.9149)
(-230.061,-92.2723,-2.76348)
(-53.0214,308.123,48.972)
(-67.7326,332.894,128.8)
(186.806,268.159,-80.7634)
(169.968,148.377,24.8249)
(188.479,267.576,-82.9304)
(119.17,183.058,-109.886)
(305.872,-70.6432,-29.3764)
(260.801,-8.0751,-39.0629)
(-268.156,174.071,73.7617)
(-317.071,13.4667,140.929)
(75.5572,-304.163,86.686)
(166.072,-338.164,-27.9691)
(72.3132,-303.443,85.4803)
(15.6703,-370.59,20.9523)
(-58.7456,317.925,-92.0187)
(-34.9494,353.976,-27.3474)
(-60.9436,323.85,-111.04)
(-114.055,279.262,-159.336)
(274.39,-162.733,-111.038)
(360.669,-120.426,12.4961)
(-296.427,124.108,84.8119)
(-243.7,125.324,40.4039)
(-45.1461,-330.819,77.9813)
(-134.337,-398.124,150.084)
(-164.378,277.685,-67.4846)
(-151.832,237.422,-88.3704)
(152.295,-277.289,47.4281)
(273.203,-115.485,6.18116)
(-138.936,288.145,-51.8113)
(-177.531,349.525,44.4779)
(-135.743,282.264,-48.6645)
(-21.7883,261.593,-107.891)
(9.92455,334.311,-78.7382)
(-35.3535,335.02,-56.3269)
(-199.336,-247.926,56.6309)
(-207.397,-187.263,83.6569)
(-211.407,-255.11,62.6771)
(-179.823,-303.454,59.9565)
(-208.685,-257.467,59.1126)
(-353.391,-308.45,249.938)
(-257.193,-183.592,50.2435)
(-291.068,-138.283,214.616)
(58.7663,311.46,-86.8175)
(143.161,317.349,-98.1521)
(65.1274,309.966,-86.4662)
(110.899,284.447,-153.602)
(-138.963,284.816,3.75862)
(-96.2239,383.361,-3.36259)
(289.57,-153.31,-2.06037)
(241.883,-177.857,-92.8017)
(-318.58,11.8281,40.0785)
(-272.377,12.5235,94.1297)
(-133.339,296.085,-86.8021)
(-158.924,397.028,-98.925)
(200.544,-243.592,69.6374)
(180.292,-204.089,105.253)
(-115.195,-290.638,-124.34)
(-129.214,-263.819,-182.238)
(7.99392,312.45,11.1614)
(25.3013,336.883,-35.0776)
(145.375,-283.905,-10.9906)
(170.399,-304.272,-177.193)
(158.343,-285.729,-20.7198)
(124.284,-294.077,-57.8891)
(251.081,-191.102,116.831)
(328.102,-222.222,114.687)
(-280.583,136.146,-79.1979)
(-326.913,115.214,-75.2054)
(-181.571,255.306,94.8842)
(-162.913,287.997,88.0327)
(-163.271,-278.766,-82.3075)
(-181.673,-267.624,-17.0402)
(-252.882,-190.469,-54.4827)
(-292.035,-177.017,-5.67233)
(-253.731,-192.257,-53.9088)
(-262.734,-258.398,17.2084)
(-241.58,222.139,-83.797)
(-264.933,178.062,-109.417)
(301.733,-121.131,45.7709)
(322.888,-88.5297,-24.6363)
(307.507,-113.663,45.1201)
(244.575,-213.538,40.3316)
(-80.5397,-310.823,38.8617)
(-103.428,-330.431,30.5433)
(100.926,312.592,-40.8129)
(50.9652,330.21,-104.502)
(98.3995,314.261,-38.0432)
(144.157,399.873,18.5706)
(19.4123,321.11,-41.8765)
(-24.5814,344.609,-61.244)
(23.4351,324.283,-42.0707)
(-18.6059,398.263,-74.7696)
(182.559,-257.632,31.0673)
(103.597,-235.155,-30.1871)
(-313.215,-71.1448,0.732709)
(-304.676,-105.34,-8.78987)
(-311.419,-71.6143,0.0565651)
(-317.824,-64.0552,-116.18)
(315.651,45.9139,105.025)
(278.358,97.7258,92.6048)
(314.165,42.3956,107.002)
(355.999,110.336,175.7)
(301.834,-98.6862,-38.4257)
(330.927,-170.63,-13.4646)
(313.495,-103.895,-45.73)
(340.565,-13.3524,-45.7747)
(-0.825557,-322.599,-52.711)
(-55.4591,-299.991,-77.9652)
(239.257,226.573,35.5267)
(350.124,279.743,53.2974)
(-289.449,-124.961,-90.456)
(-298.468,-145.866,-13.4543)
(115.438,292.491,-111.75)
(175.729,350.224,-90.9573)
(298.21,94.783,121.978)
(282.513,140.95,176.13)
(307.735,90.5001,124.909)
(347.328,106.419,73.2787)
(-127.355,286.271,-8.84532)
(-87.7176,292.187,20.1282)
(-308.147,62.2441,-59.7988)
(-335.884,37.0976,-85.8859)
(-324.54,74.5361,-34.7775)
(-320.046,-18.6012,-27.2053)
(-248.511,-199.577,86.7537)
(-298.596,-168.74,173.003)
(266.764,197.561,-85.0259)
(258.694,99.0133,-68.8253)
(-274.63,161.165,-7.59052)
(-263.298,158.802,10.8983)
(236.868,-206.614,5.96937)
(336.709,-212.02,138.503)
(-308.363,-62.8551,105.612)
(-293.352,-54.2862,90.8286)
(-313.642,-61.6561,104.953)
(-252.214,-12.1961,49.3342)
(279.211,-154.66,-97.3027)
(426.906,-188.276,-73.2315)
(312.651,22.5348,122.632)
(298.091,80.8691,171.086)
(-314.861,-6.74636,-96.7824)
(-354.613,28.7858,-59.4119)
(-312.684,-10.2241,-98.9216)
(-353.109,-53.2981,-38.6323)
(-40.1534,311.821,77.3973)
(3.99226,359.861,6.75949)
(-46.5689,315.494,82.1693)
(-4.52226,308.346,42.6071)
(-277.398,180.29,-98.1192)
(-260.241,211.121,-85.5069)
(-284.161,170.413,-86.0148)
(-210.338,299.971,-65.2716)
(-148.45,-279.964,-17.5884)
(-68.6424,-283.714,60.7331)
(-153.09,-285.644,-29.8775)
(-123.779,-260.661,-74.8974)
(-154.666,-289.177,-32.9126)
(-137.144,-211.155,40.6845)
(-157.898,-287.075,-34.1009)
(-150.211,-245.937,-88.1871)
(278.104,182.602,11.8959)
(198.821,278.556,59.4537)
(81.4402,-305.571,-33.4629)
(157.41,-421.451,-144.774)
(136.523,287.646,34.3145)
(38.0981,263.631,52.7467)
(242.589,-213.134,-113.566)
(227.07,-224.369,-109.01)
(320.063,29.7796,-42.067)
(409.547,123.027,-87.1276)
(291.834,119.155,111.32)
(396.951,208.915,71.6698)
(-306.425,-83.9818,-52.7866)
(-310.592,-77.2858,-35.2772)
(-313.625,-94.2972,-38.602)
(-371.712,-14.9988,-33.2943)
(-314.77,-98.4003,-33.2961)
(-406.807,-88.3962,44.9675)
(279.18,167.087,99.9302)
(387.559,171.933,134.4)
(-235.48,210.18,18.7557)
(-262.138,173.997,43.7921)
(138.191,-296.266,-28.3358)
(124.139,-338.146,-28.8893)
(203.927,-251.732,-39.6233)
(188.571,-244.483,-23.4284)
(-10.6158,323.847,51.3778)
(-19.4233,275.448,61.5276)
(-60.039,-313.305,-2.07607)
(-6.06618,-351.864,-69.9942)
(-325.606,20.9617,2.88482)
(-268.235,28.8412,45.0249)
(-328.804,13.489,-9.94529)
(-410.681,52.637,-26.5363)
(-334.396,9.55757,-13.7843)
(-445.801,-35.135,87.2898)
(315.565,-18.469,-6.11144)
(323.619,61.2977,-97.6591)
(316.646,-21.7502,-7.22843)
(248.601,-115.214,-53.9724)
(322.256,-42.338,34.531)
(303.396,57.4421,37.6082)
(323.341,-30.4691,29.8847)
(421.066,77.2951,-36.9377)
(-181.406,265.637,-3.2372)
(-177.487,220.849,62.8658)
(236.66,-214.219,3.18279)
(216.196,-231.81,-53.9113)
(234.459,-214.067,4.34502)
(249.506,-185.999,-27.6778)
(212.868,230.629,-10.9265)
(205.611,149.885,-85.1325)
(207.212,235.968,-9.71497)
(176.78,191.254,18.3398)
(266.043,191.892,-30.1252)
(303.077,270.638,-148.144)
(-63.0752,-309.172,53.1039)
(57.7097,-249.713,56.485)
(335.245,-17.8043,-107.928)
(340.991,-23.819,-25.3378)
(-277.717,186.444,-65.4766)
(-273.546,260.803,-64.5139)
(-274.428,189.735,-65.4724)
(-295.518,147.84,-161.717)
(92.6436,-320.72,116.394)
(66.7974,-284.743,23.4)
(-260.571,-177.699,-91.3525)
(-310.866,-177.69,-108.417)
(-320.265,100.842,80.0349)
(-368.383,32.0315,188.05)
(286.575,140.742,90.2494)
(338.371,132.758,95.9735)
(-205.223,-265.247,104.602)
(-106.756,-302.628,116.641)
(296.149,127.218,-49.288)
(288.374,98.129,41.1939)
(279.317,142.086,-108.28)
(360.672,141.566,-119.714)
(-153.708,282.769,-55.4762)
(-226.762,336.533,47.474)
(-157.216,279.04,-46.6312)
(-136.855,258.771,53.0968)
(-124.956,-303.333,61.4688)
(-103.376,-365.487,24.9169)
(-124.039,-306.887,61.1823)
(-137.568,-291.951,95.2155)
(230.521,244.12,-50.9791)
(164.741,222.763,-121.219)
(282.193,171.613,43.4067)
(324.516,266.405,72.0274)
(-302.327,-84.1222,-19.4954)
(-296.378,-116.725,-98.4819)
(-23.8953,314.097,-40.4443)
(25.9572,264.175,19.7297)
(-287.181,-128.234,-56.5313)
(-242.635,-219.088,-95.9925)
(-296.197,-146.19,-57.1338)
(-308.216,-164.926,-135.231)
(-299.62,-148.199,-50.3052)
(-230.869,-120.214,-48.7673)
(219.326,239.037,103.453)
(220.743,351.656,178.064)
(317.174,27.1929,21.8224)
(363.76,67.001,-28.7515)
(-309.208,47.2579,-79.3997)
(-357.502,110.595,-2.03919)
(-47.8305,312.295,-70.7544)
(-174.964,302.839,-28.2802)
(-81.0459,-308.732,63.2998)
(-84.2893,-340.976,44.8799)
(-260.139,-179.996,-123.723)
(-250.204,-228.7,-75.4451)
(-320.773,2.16631,80.5461)
(-406.654,-152.948,133.208)
(-319.046,4.41834,82.6551)
(-418.051,89.0128,132.853)
(127.719,300.012,-54.7169)
(150.413,355.423,-15.8265)
(-31.9636,-315.044,54.8636)
(-46.8323,-301.118,-26.7022)
(-92.2254,-313.658,-95.2629)
(-122.532,-363.617,-113.72)
(-66.6575,311.47,92.2614)
(-58.7428,242.676,72.4532)
(296.381,135.174,-47.2768)
(249.23,129.535,-193.445)
(-180.964,-277.747,94.172)
(-250.109,-251.967,105.231)
(-171.29,-281.761,91.7479)
(-254.068,-324.522,89.5176)
(291.231,-120.699,-92.4962)
(227.556,-100.34,21.2156)
(-289.424,-147.024,-22.4923)
(-245.66,-174.592,21.3984)
(-285.98,-144.304,-27.0392)
(-216.106,-7.19205,-164.239)
(297.092,-109.141,-61.9712)
(345.66,-51.8531,-9.27839)
(293.607,-111.952,-61.1451)
(368.104,-145.081,-125.358)
(226.318,232.596,60.4088)
(247.174,293.284,122.464)
(-109.637,-301.619,-81.5106)
(-91.6117,-314.046,-82.2236)
(186.559,271.829,-53.5844)
(245.257,252.522,3.04449)
(-305.028,-137.742,28.587)
(-276.818,-205.476,63.735)
(-174.114,-262.258,-16.5009)
(-221.752,-224.591,11.307)
(252.094,202.542,-124.041)
(309.978,163.872,-132.564)
(-292.611,-118.973,78.5446)
(-285.42,-192.047,105.361)
(247.721,-189.916,21.2232)
(188.134,-184.228,103.91)
(-219.497,230.134,-7.93648)
(-215.434,125.181,-60.1734)
(-317.301,87.1356,-11.8785)
(-302.844,69.5971,-68.9465)
(-291.38,-161.085,-89.5677)
(-284.05,-200.908,-79.9603)
(331.173,-45.0972,-79.4607)
(266.545,50.9595,-142.53)
(325.698,-31.4042,-62.9438)
(288.653,-60.5506,-47.3309)
(-313.689,45.1258,79.9004)
(-291.514,95.0951,47.7751)
(130.09,295.439,-68.0559)
(115.156,206.859,-32.5508)
(-245.527,197.267,-64.1099)
(-187.162,253.827,-40.4733)
(94.3,-298.6,93.2522)
(88.9661,-377.085,8.25881)
(-153.726,290.128,-2.39302)
(-118.353,375.632,-99.6375)
(-166.287,291.302,6.52357)
(-281.198,323.935,64.172)
(-167.383,292.858,9.77694)
(-200.259,249.527,80.6934)
(303.399,99.5064,18.1072)
(308.337,114.657,52.405)
(-307.255,-58.4409,-8.89307)
(-290.203,-48.8057,-31.9849)
(253.686,-188.349,115.108)
(213.685,-189.65,55.9314)
(295.973,141.926,39.9397)
(407.968,30.7237,27.8634)
(295.554,134.188,39.1303)
(292.151,103.371,113.723)
(306.008,-78.6232,-91.1628)
(192.534,-27.9639,-204.019)
(301.854,145.74,80.8073)
(270.891,125.56,44.8418)
(26.7996,334.638,52.068)
(16.4684,446.938,15.8106)
(125.588,-290.669,-42.6131)
(209.12,-323.222,-107.392)
(-277.438,-156.619,-17.3767)
(-248.134,-220.789,116.835)
(-276.123,-159.355,-19.1414)
(-100.283,-214.341,-45.4113)
(-276.711,-163.247,-19.6832)
(-362.084,-116.938,9.90147)
(290.101,149.42,9.47824)
(279.037,125.166,-34.8976)
(290.162,151.799,7.3852)
(307.231,152.578,-8.7979)
(315.941,-53.0409,-86.7339)
(250.842,-40.015,-52.7969)
(313.485,-67.1419,-97.7643)
(293.749,-10.2722,-54.7834)
(-328.197,23.6487,-68.021)
(-333.189,0.835552,-119.665)
(311.978,-11.3064,31.243)
(326.553,-123.398,17.7307)
(-303.975,-98.0647,-32.6976)
(-312.729,-43.7059,141.113)
(-304.341,-99.07,-31.5447)
(-261.506,-138.75,-1.80942)
(235.774,-207.552,-83.7388)
(366.755,-263.218,-30.3752)
(-15.4195,330.275,-21.3691)
(-36.5854,398.57,15.8886)
(158.47,-274.111,15.5505)
(191,-142.363,25.0894)
(56.5506,312.784,-94.5862)
(38.8801,278.225,-54.6958)
(52.9435,314.323,-96.4093)
(90.3245,349.435,-59.8389)
(209.193,-258.768,78.0878)
(166.058,-330.007,160.9)
(-137.385,282.325,122.917)
(-5.34594,305.078,77.6647)
(322.174,84.0374,-30.6934)
(319.024,-17.5657,-9.34824)
(-129.394,286.315,125.006)
(-205.791,359.468,95.6144)
(176.888,264.428,-60.6791)
(172.061,270.482,10.6069)
(180.492,270.072,-55.5404)
(173.959,322.705,17.01)
(98.8966,-298.72,72.2591)
(196.514,-425.909,83.0782)
(-66.6423,306.349,48.8629)
(-117.256,326.274,46.1667)
(-57.4574,-322.361,27.1172)
(-58.5056,-325.237,77.6526)
(-51.6244,-324.673,29.7771)
(-22.5102,-211.431,128.938)
(90.7163,300.473,-85.2731)
(145.138,342.423,-123.005)
(181.753,-256.213,71.7034)
(93.6345,-262.218,71.3405)
(186.098,-255.669,69.938)
(165.437,-192.233,51.0687)
(188.583,-254.661,69.4137)
(189.48,-259.967,131.354)
(192.561,253.663,110.665)
(169.344,246.486,84.8191)
(-273.997,-181.259,-81.3176)
(-206.994,-70.6928,-113.811)
(-267.166,-172.552,-87.9293)
(-327.038,-190.941,9.05291)
(-253.366,-193.991,8.72674)
(-310.063,-198.905,54.498)
(-260.059,-193.483,8.26159)
(-226.836,-133.671,121.191)
(166.988,277.33,-13.7499)
(116.197,283.37,11.5192)
(169.305,280.746,-6.68443)
(100.215,268.738,2.62402)
(313.451,-19.8289,67.7007)
(347.183,-96.3528,59.388)
(313.328,-21.371,67.4065)
(302.043,-9.04488,103.021)
(-92.2764,-302.578,57.8875)
(-114.711,-166.793,97.5779)
(-92.7211,-303.538,59.1803)
(-109.745,-274.98,8.24416)
(-4.39287,324.599,-63.362)
(46.4541,321.592,-70.5113)
(274.879,-183.651,-70.513)
(374.676,-141.368,-108.551)
(-141.653,280.874,110.437)
(-153.735,331.233,196.313)
(-255.538,-200.628,-95.5208)
(-271.45,-81.2744,-57.4627)
(304.041,83.4029,34.0308)
(295.471,155.769,-29.2684)
(324.56,3.02005,-99.8481)
(319.696,31.5836,-57.692)
(294.686,139.163,-111.721)
(210.914,88.2392,-99.2705)
(293.864,135.11,-111.554)
(239.307,-3.44487,-237.659)
(118.512,289.116,28.43)
(-23.0028,217.857,9.25193)
(268.834,160.486,101.931)
(363.648,142.675,180.691)
(274.156,166.776,101.77)
(180.387,37.0492,111.623)
(-138.151,283.85,52.5928)
(-137.762,446.044,117.052)
(154.418,-276.67,-50.8184)
(136.168,-221.929,-68.5426)
(148.127,-279.505,-47.0748)
(211.939,-232.779,-97.4055)
(14.3263,312.625,36.4039)
(12.6735,416.025,-36.4151)
(112.081,299.141,-72.7767)
(60.7492,229.668,56.9604)
(113.04,302.424,-66.5786)
(154.912,273.837,-90.6499)
(-191.666,-260.876,61.4783)
(-214,-265.736,-23.7637)
(-189.123,-263.817,61.0431)
(-139.87,-355.652,35.9914)
(311.846,43.2789,-116.237)
(373.573,35.9899,-113.167)
(305.748,-71.9522,44.8405)
(238.312,-122.318,123.239)
(-306.058,89.8918,-49.0102)
(-268.195,97.5412,-15.5334)
(203.043,-255.033,-31.1766)
(239.091,-284.796,82.9082)
(-65.7246,305.292,60.07)
(-43.8628,322.088,59.0858)
(-95.0243,-302.891,-57.778)
(-77.5852,-370.824,-74.5901)
(-198.662,-247.076,33.1625)
(-230.558,-285.641,52.4935)
(-305.317,94.5622,73.3226)
(-346.624,102.889,80.2597)
(95.9735,299.593,-36.9962)
(-6.91699,373.49,22.6302)
(123.666,-301.27,40.1744)
(97.6765,-244.801,25.87)
(122.582,-303.89,39.4656)
(84.9204,-300.009,57.1843)
(237.364,-212.106,122.185)
(102.626,-167.277,153.365)
(-218.783,-246.652,-14.9088)
(-224.256,-236.003,72.0454)
(-224.573,-246.101,-13.8544)
(-194.254,-218.061,34.4519)
(-218.758,-243.189,-12.6108)
(-96.2157,-291.642,-4.2515)
(251.911,184.811,13.7928)
(282.159,196.777,48.7966)
(-132.341,289.982,-58.4153)
(-135.68,234.698,27.7813)
(150.069,-286.235,54.0128)
(244.137,-177.323,121.481)
(150.166,-285.318,52.9721)
(255.585,-293.933,109.871)
(-98.681,298.932,119.956)
(-121.405,231.926,145.215)
(-98.5285,301.525,119.151)
(-67.9803,294.157,184.644)
(-234.554,212.764,-9.53645)
(-272.783,178.27,-19.5493)
(-113.023,296.106,101.692)
(-140.142,378.334,68.4939)
(278.237,-162.299,-54.6443)
(332.163,-134.778,56.8928)
(151.389,300.132,70.3185)
(143.351,334.51,126.418)
(128.158,-289.05,-69.0533)
(249.827,-414.088,25.9167)
(-47.7095,312.437,-59.663)
(-113.363,199.401,10.4252)
(254.124,-190.4,33.2104)
(211.201,-161.303,-3.43117)
(288.486,137.848,122.734)
(242.042,136.379,111.49)
(-322.44,-6.79707,85.2899)
(-338.724,-78.8977,141.999)
(307.359,-71.939,102.702)
(339.365,12.5535,66.6408)
(303.793,81.7769,40.3274)
(288.149,206.773,164.517)
(-136.511,-284.864,87.7362)
(-66.1038,-307.922,157.107)
(-138.21,-284.508,85.4414)
(-213.064,-274.186,111.528)
(296.373,118.614,-44.7498)
(333.437,178.54,-123.14)
(-319.557,-15.4625,22.9305)
(-363.833,-130.21,41.5687)
(246.545,218.373,20.8095)
(358.351,254.395,-15.7588)
(245.094,208.925,17.6957)
(320.026,139.027,37.4929)
(-181.337,-256.588,-22.501)
(-248.276,-235.926,31.2519)
(-76.658,-308.075,40.3626)
(-140.78,-309.494,32.6197)
(-73.647,-309.776,46.6335)
(-89.4891,-400.824,-13.5877)
(236.363,208.594,-27.8887)
(187.346,230.618,-3.43934)
(114.427,-291.808,105.88)
(98.2263,-353.311,130.09)
(-288.502,-169.044,-70.6751)
(-314.808,-157.052,24.6578)
(302.809,126.597,54.6335)
(275.717,185.563,43.0372)
(-304.187,-70.4312,-58.3611)
(-206.249,-1.73018,-15.0948)
(-183.907,256.228,-53.7315)
(-350.235,191.105,-50.5565)
(192.96,264.675,44.0234)
(196.833,205.208,38.6071)
(191.514,264.258,41.3995)
(194.198,254.452,60.2896)
(-260.705,-175.375,-30.0959)
(-178.032,-228.847,54.6249)
(135.897,284.246,-102.416)
(155.553,379.015,-113.932)
(-78.8293,-307.536,-4.90704)
(-222.904,-307.132,-77.594)
(168.112,283.12,3.42555)
(211.153,265.061,-110.451)
(246.675,-200.965,-91.3563)
(243.594,-167.985,-93.098)
(-315.052,66.6493,68.4526)
(-293.503,179.624,45.7411)
(-308.666,-95.0647,115.31)
(-368.012,-80.9534,112.901)
(311.99,-85.0344,100.57)
(294.378,-53.066,51.5869)
(314.317,-79.7695,108.496)
(286.667,-228.687,168.927)
(-315.537,41.6282,-50.8241)
(-312.911,-10.7658,-98.4426)
(-60.416,310.961,-81.3705)
(-126.258,358.517,-112.33)
(-73.3481,322.144,-88.4105)
(-66.2118,264.4,-107.489)
(232.947,-223.574,60.7493)
(325.198,-200.887,-2.32431)
(232.061,-239.702,48.4098)
(153.8,-237.682,87.1621)
(114.841,296.889,88.1818)
(62.7082,262.93,157.092)
(114.374,296.518,86.9341)
(104.404,281.418,38.8129)
(-277.665,-160.873,-49.788)
(-242.081,-218.526,-9.53147)
(299.233,-91.4651,7.58277)
(240.079,-80.5491,10.1966)
(302.497,-96.9716,1.91699)
(287.965,-144.996,28.4685)
(-231.733,213.154,-17.3795)
(-123.805,268.824,-75.7021)
(90.4583,300.964,-6.53749)
(22.7875,361.216,-14.8047)
(263.954,-169.973,-45.0707)
(292.424,-153.25,-65.7587)
(-204.55,262.699,73.6671)
(-125.852,213.69,158.448)
(-203.83,262.702,73.5999)
(-151.33,406.468,101.47)
(213.86,-240.364,71.5638)
(243.046,-187.187,81.6961)
(211.446,-242.469,64.3651)
(244.247,-154.22,81.1966)
(308.406,-52.1343,123.556)
(284.981,-24.4963,123.619)
(322.672,-44.4559,119.448)
(183.668,-17.207,143.651)
(334.801,15.5027,-36.5024)
(406.043,40.36,38.4699)
(280.923,-142.144,-17.8443)
(397.228,-75.6294,-58.9555)
(-199.559,257.949,29.044)
(-283.355,224.783,45.2863)
(-267.332,-182.497,44.1587)
(-407.455,-238.173,151)
(138.452,288.872,-72.8726)
(222.747,335.984,-23.9435)
(297.787,-97.3984,40.6978)
(273.046,-74.5511,-6.05768)
(302.702,-85.4943,14.3988)
(357.566,-103.837,68.451)
(273.435,167.474,122.378)
(242.878,186.652,166.641)
(269.291,173.504,114.835)
(229.207,90.6289,28.9373)
0 events have been kept for refreshing and/or reviewing.
  "/vis/reviewKeptEvents" to review them one by one.
  "/vis/enable", then "/vis/viewer/flush" or "/vis/viewer/rebuild" to see them accumulated.
[Core-0] End of macro ./split/.Gate/main119/main7.mac
Graphics systems deleted.
Visualization Manager deleting...
