[G4] 
[G4] **************************************************************
[G4]  Geant4 version Name: geant4-10-07-patch-02    (11-June-2021)
[G4]                        Copyright : Geant4 Collaboration
[G4]                       References : NIM A 506 (2003), 250-303
[G4]                                  : IEEE-TNS 53 (2006), 270-278
[G4]                                  : NIM A 835 (2016), 186-225
[G4]                              WWW : http://geant4.org/
[G4] **************************************************************
[G4] 
[Core-0] Initialization of geometry
[Core-0] Initialization of physics
[Core-0] Initialization of actors
[Core-0] 
[Core-0] *************************************************
[Core-0]  GATE version 9.1 (2021)
[Core-0]  Copyright : OpenGATE Collaboration
[Core-0]  Reference : Phys. Med. Biol. 49 (2004) 4543-4561
[Core-0]  Reference : Phys. Med. Biol. 56 (2011) 881-901
[Core-0]  Reference : Med. Phys. 41(6)    (2014)
[Core-0]  http://www.opengatecollaboration.org        
[Core-0] *************************************************
[Core-0] 
[Core-0] You are using Geant4 version 10.7.2
[Core-0] Starting macro ./split/.Gate/main119/main13.mac
0: RINDEX
1.84e-06   1.00028
4.08e-06   1.00028
9: GROUPVEL
1.84e-06   299.709
4.08e-06   299.709
16: ABSLENGTH
1.84e-06   50000
4.08e-06   50000
 <!> *** WARNING *** <!>  GateMaterialDatabase: Multiple definition of element: Yttrium.
The definition in ClMind_GateMaterials.db was used.


GATE object:        'systems/cylindricalPET'
Components:

GATE object:        'systems/cylindricalPET/base'
Attached to volume: cylindricalPET
Nb of children:       1

	GATE object:        'systems/cylindricalPET/rsector'
	Attached to volume: module
	Nb of children:       1

		GATE object:        'systems/cylindricalPET/module'
		Attached to volume: unit
		Nb of children:       1

			GATE object:        'systems/cylindricalPET/submodule'
			Attached to volume: block
			Nb of children:       1

				GATE object:        'systems/cylindricalPET/crystal'
				Attached to volume: optical
				Nb of children:       4

					GATE object:        'systems/cylindricalPET/layer0'
					Attached to volume: crystal
					Nb of children:       0

					GATE object:        'systems/cylindricalPET/layer1'
					Attached to volume: ---
					Nb of children:       0

					GATE object:        'systems/cylindricalPET/layer2'
					Attached to volume: ---
					Nb of children:       0

					GATE object:        'systems/cylindricalPET/layer3'
					Attached to volume: ---
					Nb of children:       0
geometrical design type: 1
ring diameter: -3.95 mm 
rsector axial pitch: 0 fm 
rsector azimuthal pitch: 12.8571 degree
rsector tangential size: 2.5 cm 
rsector axial size: 25.04 cm 
module axial size: 4.784 cm 
module tangential size: 2.5 cm 
module axial pitch: 0 fm 
module tangential pitch: 0 fm 
submodule axial size: 4.784 cm 
submodule tangential size: 2.5 cm 
submodule axial pitch: 0 fm 
submodule tangential pitch: 0 fm 
crystal radial size: 1.59 cm 
crystal axial size: 1.59 cm 
crystal tangential size: 2.5 cm 
crystal axial pitch: 0 fm 
crystal tangential pitch: 0 fm 
layer0 radial size: 3.95 mm 
in layer0 interaction length: 1.975 mm 
Axial nb of rsectors: 1
Azimuthal nb of rsectors: 28
Axial nb of modules: 1
Tangential nb of modules: 1
Axial nb of submodules: 1
Tangential nb of submodules: 1
Axial nb of crystals: 1
Tangential nb of crystals: 1
Radial nb of layers: 1
[Physic-0] The following Geant4's physic-list is enabled :emstandard_opt3


List of Enabled processes:




List of initialized processes:


[Core-0] Initialization of geometry
[Core-0] Initialization of physics
[Core-0] Initialization of actors
 <!> *** WARNING *** <!>  The 'energytype' option is DEPRECATED, use 'ene/type' instead!
 <!> *** WARNING *** <!>  The 'energytype' option is DEPRECATED, use 'ene/type' instead!
 <!> *** WARNING *** <!>  The 'energytype' option is DEPRECATED, use 'ene/type' instead!
 <!> *** WARNING *** <!>  The 'energytype' option is DEPRECATED, use 'ene/type' instead!
 <!> *** WARNING *** <!>  The 'energytype' option is DEPRECATED, use 'ene/type' instead!
 <!> *** WARNING *** <!>  The 'energytype' option is DEPRECATED, use 'ene/type' instead!
 <!> *** WARNING *** <!>  The 'energytype' option is DEPRECATED, use 'ene/type' instead!
 <!> *** WARNING *** <!>  The 'energytype' option is DEPRECATED, use 'ene/type' instead!
 <!> *** WARNING *** <!>  The 'energytype' option is DEPRECATED, use 'ene/type' instead!
[Acquisition-0]   
[Acquisition-0] ============= Source initialization =============
[Acquisition-0]   
[Acquisition-0] ============= Acquisition starts! =============
[Acquisition-0] Simulation start time = 0 sec
[Acquisition-0] Simulation end time   = 1 sec
[Acquisition-0] Simulation will have  = 1 run(s)
[Acquisition-0] Slice 0 from 0 to 1 s [slice=1 s]

### ===  Deexcitation model UAtomDeexcitation is activated for 25 regions:
          DefaultRegionForTheWorld  1  1  1
          cylindricalPET  1  1  1
          module  1  1  1
          unit  1  1  1
          block  1  1  1
          optical  1  1  1
          crystal  1  1  1
          capillaire1  1  1  1
          capillaire1_water  1  1  1
          capillaire2  1  1  1
          capillaire2_water  1  1  1
          capillaire3  1  1  1
          capillaire3_water  1  1  1
          capillaire4  1  1  1
          capillaire4_water  1  1  1
          capillaire5  1  1  1
          capillaire5_water  1  1  1
          capillaire_m1  1  1  1
          capillaire_m1_water  1  1  1
          capillaire_m2  1  1  1
          capillaire_m2_water  1  1  1
          capillaire_m3  1  1  1
          capillaire_m3_water  1  1  1
          capillaire_m4  1  1  1
          capillaire_m4_water  1  1  1
### ===  Ignore cuts flag:   0

phot:  for gamma applyCuts:1  SubType=12 BuildTable=0
      LambdaPrime table from 200 keV to 100 TeV in 174 bins 
      ===== EM models for the G4Region  DefaultRegionForTheWorld ======
 LivermorePhElectric : Emin=    0 eV  Emax=  100 TeV  SauterGavrila Fluo

compt:  for gamma applyCuts:1  SubType=13 BuildTable=1
      Lambda table from 10 eV  to 1 MeV, 20 bins/decade, spline: 1
      LambdaPrime table from 1 MeV to 100 TeV in 160 bins 
      ===== EM models for the G4Region  DefaultRegionForTheWorld ======
        KleinNishina : Emin=    0 eV  Emax=  100 TeV Fluo

conv:  for gamma applyCuts:1  SubType=14 BuildTable=1
      Lambda table from 1.022 MeV to 100 TeV, 20 bins/decade, spline: 1
      ===== EM models for the G4Region  DefaultRegionForTheWorld ======
     BetheHeitlerLPM : Emin=    0 eV  Emax=  100 TeV  ModifiedTsai

Rayl:  for gamma applyCuts:1  SubType=11 BuildTable=1
      Lambda table from 10 eV  to 100 keV, 20 bins/decade, spline: 0
      LambdaPrime table from 100 keV to 100 TeV in 180 bins 
      ===== EM models for the G4Region  DefaultRegionForTheWorld ======
   LivermoreRayleigh : Emin=    0 eV  Emax=  100 TeV  CullenGenerator

msc:  for e-  SubType= 10
      ===== EM models for the G4Region  DefaultRegionForTheWorld ======
            UrbanMsc : Emin=    0 eV  Emax=  100 TeV Nbins=240 100 eV  - 100 TeV
              StepLim=DistanceToBoundary Rfact=0.04 Gfact=2.5 Sfact=0.6 DispFlag:1 Skin=1 Llimit=1

eIoni:  for e-  SubType=2
      dE/dx and range tables from 10 eV  to 100 TeV in 260 bins
      Lambda tables from threshold to 100 TeV, 20 bins/decade, spline: 1
      StepFunction=(0.2, 0.1 mm), integ: 1, fluct: 1, linLossLim= 0.01
      ===== EM models for the G4Region  DefaultRegionForTheWorld ======
        MollerBhabha : Emin=    0 eV  Emax=  100 TeV  deltaVI

eBrem:  for e-  SubType=3
      dE/dx and range tables from 10 eV  to 100 TeV in 260 bins
      Lambda tables from threshold to 100 TeV, 20 bins/decade, spline: 1
      LPM flag: 1 for E > 1 GeV,  VertexHighEnergyTh(GeV)= 100000
      ===== EM models for the G4Region  DefaultRegionForTheWorld ======
             eBremSB : Emin=    0 eV  Emax=    1 GeV  AngularGen2BS
            eBremLPM : Emin=    1 GeV Emax=  100 TeV  AngularGen2BS

ePairProd:  for e-  SubType=4
      dE/dx and range tables from 10 eV  to 100 TeV in 260 bins
      Lambda tables from threshold to 100 TeV, 20 bins/decade, spline: 1
      Sampling table 25x1001; from 0.1 GeV to 100 TeV 
      ===== EM models for the G4Region  DefaultRegionForTheWorld ======
           ePairProd : Emin=    0 eV  Emax=  100 TeV  ModifiedMephi

msc:  for e+  SubType= 10
      ===== EM models for the G4Region  DefaultRegionForTheWorld ======
            UrbanMsc : Emin=    0 eV  Emax=  100 TeV Nbins=240 100 eV  - 100 TeV
              StepLim=DistanceToBoundary Rfact=0.04 Gfact=2.5 Sfact=0.6 DispFlag:1 Skin=1 Llimit=1

eIoni:  for e+  SubType=2
      dE/dx and range tables from 10 eV  to 100 TeV in 260 bins
      Lambda tables from threshold to 100 TeV, 20 bins/decade, spline: 1
      StepFunction=(0.2, 0.1 mm), integ: 1, fluct: 1, linLossLim= 0.01
      ===== EM models for the G4Region  DefaultRegionForTheWorld ======
        MollerBhabha : Emin=    0 eV  Emax=  100 TeV  deltaVI

eBrem:  for e+  SubType=3
      dE/dx and range tables from 10 eV  to 100 TeV in 260 bins
      Lambda tables from threshold to 100 TeV, 20 bins/decade, spline: 1
      LPM flag: 1 for E > 1 GeV,  VertexHighEnergyTh(GeV)= 100000
      ===== EM models for the G4Region  DefaultRegionForTheWorld ======
             eBremSB : Emin=    0 eV  Emax=    1 GeV  AngularGen2BS
            eBremLPM : Emin=    1 GeV Emax=  100 TeV  AngularGen2BS

ePairProd:  for e+  SubType=4
      dE/dx and range tables from 10 eV  to 100 TeV in 260 bins
      Lambda tables from threshold to 100 TeV, 20 bins/decade, spline: 1
      Sampling table 25x1001; from 0.1 GeV to 100 TeV 
      ===== EM models for the G4Region  DefaultRegionForTheWorld ======
           ePairProd : Emin=    0 eV  Emax=  100 TeV  ModifiedMephi

annihil:  for e+, integral:1  applyCuts:1  SubType=5 BuildTable=0
      ===== EM models for the G4Region  DefaultRegionForTheWorld ======
            eplus2gg : Emin=    0 eV  Emax=  100 TeV

msc:  for proton  SubType= 10
      ===== EM models for the G4Region  DefaultRegionForTheWorld ======
            UrbanMsc : Emin=    0 eV  Emax=  100 TeV Nbins=240 100 eV  - 100 TeV
              StepLim=Minimal Rfact=0.2 Gfact=2.5 Sfact=0.6 DispFlag:1 Skin=1 Llimit=1

hIoni:  for proton  SubType=2
      dE/dx and range tables from 10 eV  to 100 TeV in 260 bins
      Lambda tables from threshold to 100 TeV, 20 bins/decade, spline: 1
      StepFunction=(0.2, 0.05 mm), integ: 1, fluct: 1, linLossLim= 0.01
      ===== EM models for the G4Region  DefaultRegionForTheWorld ======
               Bragg : Emin=    0 eV  Emax=    2 MeV  deltaVI
          BetheBloch : Emin=    2 MeV Emax=  100 TeV  deltaVI

hBrems:  for proton  SubType=3
      dE/dx and range tables from 10 eV  to 100 TeV in 260 bins
      Lambda tables from threshold to 100 TeV, 20 bins/decade, spline: 1
      ===== EM models for the G4Region  DefaultRegionForTheWorld ======
               hBrem : Emin=    0 eV  Emax=  100 TeV  ModifiedMephi
      ===== Limit on energy threshold has been applied 

hPairProd:  for proton  SubType=4
      dE/dx and range tables from 10 eV  to 100 TeV in 260 bins
      Lambda tables from threshold to 100 TeV, 20 bins/decade, spline: 1
      Sampling table 17x1001; from 7.50618 GeV to 100 TeV 
      ===== EM models for the G4Region  DefaultRegionForTheWorld ======
           hPairProd : Emin=    0 eV  Emax=  100 TeV  ModifiedMephi

nuclearStopping:  for proton applyCuts:1  SubType=8 BuildTable=0
      ===== EM models for the G4Region  DefaultRegionForTheWorld ======
   ICRU49NucStopping : Emin=    0 eV  Emax=    1 MeV

msc:  for GenericIon  SubType= 10
      ===== EM models for the G4Region  DefaultRegionForTheWorld ======
            UrbanMsc : Emin=    0 eV  Emax=  100 TeV
              StepLim=Minimal Rfact=0.2 Gfact=2.5 Sfact=0.6 DispFlag:1 Skin=1 Llimit=1

ionIoni:  for GenericIon  SubType=2
      dE/dx and range tables from 10 eV  to 100 TeV in 260 bins
      Lambda tables from threshold to 100 TeV, 20 bins/decade, spline: 1
      StepFunction=(0.1, 0.02 mm), integ: 1, fluct: 1, linLossLim= 0.02
      ===== EM models for the G4Region  DefaultRegionForTheWorld ======
         ParamICRU73 : Emin=    0 eV  Emax=  100 TeV  deltaVI

nuclearStopping:  for GenericIon applyCuts:1  SubType=8 BuildTable=0
      ===== EM models for the G4Region  DefaultRegionForTheWorld ======
   ICRU49NucStopping : Emin=    0 eV  Emax=    1 MeV

msc:  for alpha  SubType= 10
      ===== EM models for the G4Region  DefaultRegionForTheWorld ======
            UrbanMsc : Emin=    0 eV  Emax=  100 TeV Nbins=240 100 eV  - 100 TeV
              StepLim=Minimal Rfact=0.2 Gfact=2.5 Sfact=0.6 DispFlag:1 Skin=1 Llimit=1

ionIoni:  for alpha  SubType=2
      dE/dx and range tables from 10 eV  to 100 TeV in 260 bins
      Lambda tables from threshold to 100 TeV, 20 bins/decade, spline: 1
      StepFunction=(0.1, 0.02 mm), integ: 1, fluct: 1, linLossLim= 0.02
      ===== EM models for the G4Region  DefaultRegionForTheWorld ======
            BraggIon : Emin=    0 eV  Emax=7.9452 MeV  deltaVI
          BetheBloch : Emin=7.9452 MeV Emax=  100 TeV  deltaVI

nuclearStopping:  for alpha applyCuts:1  SubType=8 BuildTable=0
      ===== EM models for the G4Region  DefaultRegionForTheWorld ======
   ICRU49NucStopping : Emin=    0 eV  Emax=    1 MeV

msc:  for anti_proton  SubType= 10
      ===== EM models for the G4Region  DefaultRegionForTheWorld ======
            UrbanMsc : Emin=    0 eV  Emax=  100 TeV Nbins=240 100 eV  - 100 TeV
              StepLim=Minimal Rfact=0.2 Gfact=2.5 Sfact=0.6 DispFlag:1 Skin=1 Llimit=1

hIoni:  for anti_proton  SubType=2
      dE/dx and range tables from 10 eV  to 100 TeV in 260 bins
      Lambda tables from threshold to 100 TeV, 20 bins/decade, spline: 1
      StepFunction=(0.2, 0.05 mm), integ: 1, fluct: 1, linLossLim= 0.01
      ===== EM models for the G4Region  DefaultRegionForTheWorld ======
            ICRU73QO : Emin=    0 eV  Emax=    2 MeV  deltaVI
          BetheBloch : Emin=    2 MeV Emax=  100 TeV  deltaVI

hBrems:  for anti_proton  SubType=3
      dE/dx and range tables from 10 eV  to 100 TeV in 260 bins
      Lambda tables from threshold to 100 TeV, 20 bins/decade, spline: 1
      ===== EM models for the G4Region  DefaultRegionForTheWorld ======
               hBrem : Emin=    0 eV  Emax=  100 TeV  ModifiedMephi
      ===== Limit on energy threshold has been applied 

hPairProd:  for anti_proton  SubType=4
      dE/dx and range tables from 10 eV  to 100 TeV in 260 bins
      Lambda tables from threshold to 100 TeV, 20 bins/decade, spline: 1
      Sampling table 17x1001; from 7.50618 GeV to 100 TeV 
      ===== EM models for the G4Region  DefaultRegionForTheWorld ======
           hPairProd : Emin=    0 eV  Emax=  100 TeV  ModifiedMephi

msc:  for kaon+  SubType= 10
      ===== EM models for the G4Region  DefaultRegionForTheWorld ======
            UrbanMsc : Emin=    0 eV  Emax=  100 TeV Nbins=240 100 eV  - 100 TeV
              StepLim=Minimal Rfact=0.2 Gfact=2.5 Sfact=0.6 DispFlag:1 Skin=1 Llimit=1

hIoni:  for kaon+  SubType=2
      dE/dx and range tables from 10 eV  to 100 TeV in 260 bins
      Lambda tables from threshold to 100 TeV, 20 bins/decade, spline: 1
      StepFunction=(0.2, 0.05 mm), integ: 1, fluct: 1, linLossLim= 0.01
      ===== EM models for the G4Region  DefaultRegionForTheWorld ======
               Bragg : Emin=    0 eV  Emax=1.05231 MeV  deltaVI
          BetheBloch : Emin=1.05231 MeV Emax=  100 TeV  deltaVI

hBrems:  for kaon+  SubType=3
      dE/dx and range tables from 10 eV  to 100 TeV in 260 bins
      Lambda tables from threshold to 100 TeV, 20 bins/decade, spline: 1
      ===== EM models for the G4Region  DefaultRegionForTheWorld ======
               hBrem : Emin=    0 eV  Emax=  100 TeV  ModifiedMephi
      ===== Limit on energy threshold has been applied 

hPairProd:  for kaon+  SubType=4
      dE/dx and range tables from 10 eV  to 100 TeV in 260 bins
      Lambda tables from threshold to 100 TeV, 20 bins/decade, spline: 1
      Sampling table 18x1001; from 3.94942 GeV to 100 TeV 
      ===== EM models for the G4Region  DefaultRegionForTheWorld ======
           hPairProd : Emin=    0 eV  Emax=  100 TeV  ModifiedMephi

msc:  for kaon-  SubType= 10
      ===== EM models for the G4Region  DefaultRegionForTheWorld ======
            UrbanMsc : Emin=    0 eV  Emax=  100 TeV Nbins=240 100 eV  - 100 TeV
              StepLim=Minimal Rfact=0.2 Gfact=2.5 Sfact=0.6 DispFlag:1 Skin=1 Llimit=1

hIoni:  for kaon-  SubType=2
      dE/dx and range tables from 10 eV  to 100 TeV in 260 bins
      Lambda tables from threshold to 100 TeV, 20 bins/decade, spline: 1
      StepFunction=(0.2, 0.05 mm), integ: 1, fluct: 1, linLossLim= 0.01
      ===== EM models for the G4Region  DefaultRegionForTheWorld ======
            ICRU73QO : Emin=    0 eV  Emax=1.05231 MeV  deltaVI
          BetheBloch : Emin=1.05231 MeV Emax=  100 TeV  deltaVI

hBrems:  for kaon-  SubType=3
      dE/dx and range tables from 10 eV  to 100 TeV in 260 bins
      Lambda tables from threshold to 100 TeV, 20 bins/decade, spline: 1
      ===== EM models for the G4Region  DefaultRegionForTheWorld ======
               hBrem : Emin=    0 eV  Emax=  100 TeV  ModifiedMephi
      ===== Limit on energy threshold has been applied 

hPairProd:  for kaon-  SubType=4
      dE/dx and range tables from 10 eV  to 100 TeV in 260 bins
      Lambda tables from threshold to 100 TeV, 20 bins/decade, spline: 1
      Sampling table 18x1001; from 3.94942 GeV to 100 TeV 
      ===== EM models for the G4Region  DefaultRegionForTheWorld ======
           hPairProd : Emin=    0 eV  Emax=  100 TeV  ModifiedMephi

msc:  for mu+  SubType= 10
      ===== EM models for the G4Region  DefaultRegionForTheWorld ======
            UrbanMsc : Emin=    0 eV  Emax=  100 TeV Nbins=240 100 eV  - 100 TeV
              StepLim=Minimal Rfact=0.2 Gfact=2.5 Sfact=0.6 DispFlag:1 Skin=1 Llimit=1

muIoni:  for mu+  SubType=2
      dE/dx and range tables from 10 eV  to 100 TeV in 260 bins
      Lambda tables from threshold to 100 TeV, 20 bins/decade, spline: 1
      StepFunction=(0.2, 0.05 mm), integ: 1, fluct: 1, linLossLim= 0.01
      ===== EM models for the G4Region  DefaultRegionForTheWorld ======
               Bragg : Emin=    0 eV  Emax=  200 keV  deltaVI
          BetheBloch : Emin=  200 keV Emax=    1 GeV  deltaVI
        MuBetheBloch : Emin=    1 GeV Emax=  100 TeV

muBrems:  for mu+  SubType=3
      dE/dx and range tables from 10 eV  to 100 TeV in 260 bins
      Lambda tables from threshold to 100 TeV, 20 bins/decade, spline: 1
      ===== EM models for the G4Region  DefaultRegionForTheWorld ======
              MuBrem : Emin=    0 eV  Emax=  100 TeV  ModifiedMephi
      ===== Limit on energy threshold has been applied 

muPairProd:  for mu+  SubType=4
      dE/dx and range tables from 10 eV  to 100 TeV in 260 bins
      Lambda tables from threshold to 100 TeV, 20 bins/decade, spline: 1
      Sampling table 21x1001; from 1 GeV to 100 TeV 
      ===== EM models for the G4Region  DefaultRegionForTheWorld ======
          muPairProd : Emin=    0 eV  Emax=  100 TeV  ModifiedMephi

msc:  for mu-  SubType= 10
      ===== EM models for the G4Region  DefaultRegionForTheWorld ======
            UrbanMsc : Emin=    0 eV  Emax=  100 TeV Nbins=240 100 eV  - 100 TeV
              StepLim=Minimal Rfact=0.2 Gfact=2.5 Sfact=0.6 DispFlag:1 Skin=1 Llimit=1

muIoni:  for mu-  SubType=2
      dE/dx and range tables from 10 eV  to 100 TeV in 260 bins
      Lambda tables from threshold to 100 TeV, 20 bins/decade, spline: 1
      StepFunction=(0.2, 0.05 mm), integ: 1, fluct: 1, linLossLim= 0.01
      ===== EM models for the G4Region  DefaultRegionForTheWorld ======
            ICRU73QO : Emin=    0 eV  Emax=  200 keV  deltaVI
          BetheBloch : Emin=  200 keV Emax=    1 GeV  deltaVI
        MuBetheBloch : Emin=    1 GeV Emax=  100 TeV

muBrems:  for mu-  SubType=3
      dE/dx and range tables from 10 eV  to 100 TeV in 260 bins
      Lambda tables from threshold to 100 TeV, 20 bins/decade, spline: 1
      ===== EM models for the G4Region  DefaultRegionForTheWorld ======
              MuBrem : Emin=    0 eV  Emax=  100 TeV  ModifiedMephi
      ===== Limit on energy threshold has been applied 

muPairProd:  for mu-  SubType=4
      dE/dx and range tables from 10 eV  to 100 TeV in 260 bins
      Lambda tables from threshold to 100 TeV, 20 bins/decade, spline: 1
      Sampling table 21x1001; from 1 GeV to 100 TeV 
      ===== EM models for the G4Region  DefaultRegionForTheWorld ======
          muPairProd : Emin=    0 eV  Emax=  100 TeV  ModifiedMephi

msc:  for pi+  SubType= 10
      ===== EM models for the G4Region  DefaultRegionForTheWorld ======
            UrbanMsc : Emin=    0 eV  Emax=  100 TeV Nbins=240 100 eV  - 100 TeV
              StepLim=Minimal Rfact=0.2 Gfact=2.5 Sfact=0.6 DispFlag:1 Skin=1 Llimit=1

hIoni:  for pi+  SubType=2
      dE/dx and range tables from 10 eV  to 100 TeV in 260 bins
      Lambda tables from threshold to 100 TeV, 20 bins/decade, spline: 1
      StepFunction=(0.2, 0.05 mm), integ: 1, fluct: 1, linLossLim= 0.01
      ===== EM models for the G4Region  DefaultRegionForTheWorld ======
               Bragg : Emin=    0 eV  Emax=297.505 keV  deltaVI
          BetheBloch : Emin=297.505 keV Emax=  100 TeV  deltaVI

hBrems:  for pi+  SubType=3
      dE/dx and range tables from 10 eV  to 100 TeV in 260 bins
      Lambda tables from threshold to 100 TeV, 20 bins/decade, spline: 1
      ===== EM models for the G4Region  DefaultRegionForTheWorld ======
               hBrem : Emin=    0 eV  Emax=  100 TeV  ModifiedMephi
      ===== Limit on energy threshold has been applied 

hPairProd:  for pi+  SubType=4
      dE/dx and range tables from 10 eV  to 100 TeV in 260 bins
      Lambda tables from threshold to 100 TeV, 20 bins/decade, spline: 1
      Sampling table 20x1001; from 1.11656 GeV to 100 TeV 
      ===== EM models for the G4Region  DefaultRegionForTheWorld ======
           hPairProd : Emin=    0 eV  Emax=  100 TeV  ModifiedMephi

msc:  for pi-  SubType= 10
      ===== EM models for the G4Region  DefaultRegionForTheWorld ======
            UrbanMsc : Emin=    0 eV  Emax=  100 TeV Nbins=240 100 eV  - 100 TeV
              StepLim=Minimal Rfact=0.2 Gfact=2.5 Sfact=0.6 DispFlag:1 Skin=1 Llimit=1

hIoni:  for pi-  SubType=2
      dE/dx and range tables from 10 eV  to 100 TeV in 260 bins
      Lambda tables from threshold to 100 TeV, 20 bins/decade, spline: 1
      StepFunction=(0.2, 0.05 mm), integ: 1, fluct: 1, linLossLim= 0.01
      ===== EM models for the G4Region  DefaultRegionForTheWorld ======
            ICRU73QO : Emin=    0 eV  Emax=297.505 keV  deltaVI
          BetheBloch : Emin=297.505 keV Emax=  100 TeV  deltaVI

hBrems:  for pi-  SubType=3
      dE/dx and range tables from 10 eV  to 100 TeV in 260 bins
      Lambda tables from threshold to 100 TeV, 20 bins/decade, spline: 1
      ===== EM models for the G4Region  DefaultRegionForTheWorld ======
               hBrem : Emin=    0 eV  Emax=  100 TeV  ModifiedMephi
      ===== Limit on energy threshold has been applied 

hPairProd:  for pi-  SubType=4
      dE/dx and range tables from 10 eV  to 100 TeV in 260 bins
      Lambda tables from threshold to 100 TeV, 20 bins/decade, spline: 1
      Sampling table 20x1001; from 1.11656 GeV to 100 TeV 
      ===== EM models for the G4Region  DefaultRegionForTheWorld ======
           hPairProd : Emin=    0 eV  Emax=  100 TeV  ModifiedMephi
G4VisManager: Using G4TrajectoryDrawByCharge as fallback trajectory model.
See commands in /vis/modeling/trajectories/ for other options.

### ===  Deexcitation model UAtomDeexcitation is activated for 25 regions:
          DefaultRegionForTheWorld  1  1  1
          cylindricalPET  1  1  1
          module  1  1  1
          unit  1  1  1
          block  1  1  1
          optical  1  1  1
          crystal  1  1  1
          capillaire1  1  1  1
          capillaire1_water  1  1  1
          capillaire2  1  1  1
          capillaire2_water  1  1  1
          capillaire3  1  1  1
          capillaire3_water  1  1  1
          capillaire4  1  1  1
          capillaire4_water  1  1  1
          capillaire5  1  1  1
          capillaire5_water  1  1  1
          capillaire_m1  1  1  1
          capillaire_m1_water  1  1  1
          capillaire_m2  1  1  1
          capillaire_m2_water  1  1  1
          capillaire_m3  1  1  1
          capillaire_m3_water  1  1  1
          capillaire_m4  1  1  1
          capillaire_m4_water  1  1  1
### ===  Ignore cuts flag:   0
(319.418,46.5019,-102.792)
(348.699,128.205,-27.7096)
(322.984,44.8776,-104.754)
(167.891,80.1023,-140.678)
(323.425,52.2578,-115.355)
(328.056,27.6251,-185.325)
(227.702,-215.814,54.1507)
(287.599,-226.92,42.9875)
(-231.696,239.882,-62.6023)
(-108.011,172.175,-43.8113)
(14.4255,-329.14,13.2784)
(32.2862,-304.56,27.3462)
(8.42041,-333.458,15.3063)
(40.3039,-284.273,83.3002)
(82.2831,302.457,-12.841)
(60.8528,351.587,-6.88637)
(286.052,-132.577,-122.624)
(350.482,-119.999,-59.0336)
(285.485,-134.619,-122.819)
(230.69,-93.5012,-143.507)
(160.294,269.286,43.3698)
(57.4157,245.407,110.032)
(84.9592,-302.356,-55.8105)
(34.2464,-373.539,-115.947)
(159.597,-273.214,70.4218)
(101.987,-274.358,93.0905)
(-3.46239,-317.607,-3.43561)
(-18.9695,-361.305,39.2336)
(-147.123,276.425,5.57461)
(-171.131,375.489,35.3165)
(-165.596,291.291,2.29952)
(-188.453,345.41,15.7215)
(300.046,-89.2903,-0.250367)
(366.887,-71.5406,38.0629)
(-86.9473,301.896,60.8934)
(-177.37,232.587,47.7001)
(-316.44,-45.8131,124.658)
(-447.691,-70.5691,249.593)
(83.3114,-301.482,69.2129)
(115.58,-307.937,103.305)
(83.7836,-302.292,72.6098)
(96.9093,-399.734,139.744)
(194.447,252.598,22.4813)
(114.787,156.922,5.22524)
(-295.385,134.927,124.396)
(-285.338,217.271,150.974)
(323.84,-50.7187,28.3019)
(375.474,-47.5148,-20.8193)
(-315.261,102.147,-61.2433)
(-394.468,127.117,-187.153)
(248.949,-192.468,-119.23)
(178.906,-168.841,-71.6541)
(265.897,-182.487,-103.582)
(254.185,-133.538,-187.555)
(269.8,-188.007,-94.554)
(345.203,-219.834,-57.5248)
(-303.57,89.5185,-65.2777)
(-334.198,70.3226,43.5995)
(199.935,268.118,120.412)
(200.737,371.113,42.6392)
(-239.313,-202.531,-92.8689)
(-140.352,-140.748,-109.798)
(185.394,-270.446,-79.5279)
(191.098,-301.229,-149.301)
(-99.4052,297.678,86.8784)
(24.8669,341.52,72.2265)
(-99.2731,305.086,97.9584)
(-53.9973,249.509,150.416)
(-65.4867,-323.189,-114.814)
(2.00935,-378.374,-167.05)
(312.109,12.8949,31.7898)
(345.133,32.3781,6.82753)
(315.346,11.1723,32.6073)
(356.292,14.9791,68.3507)
(-326.711,-28.3054,-67.1096)
(-278.227,-21.2625,-79.5178)
(323.719,-80.0414,80.077)
(339.347,30.6547,76.2111)
(295.876,-129.223,-47.0552)
(277.907,-45.8966,-41.9191)
(294.907,-128.305,-44.6718)
(306.334,-81.132,14.4712)
(136.115,292.984,81.2991)
(175.182,334.374,213.804)
(82.6312,-306.921,-86.5137)
(47.7256,-258.015,-165.158)
(-2.08985,323.697,102.269)
(-88.1236,322.139,255.554)
(-7.49949,323.2,106.078)
(31.5198,311.214,176.975)
(151.791,-282.824,-91.276)
(128.959,-289.388,-130.189)
(198.741,241.586,101.885)
(168.595,181.037,160.633)
(5.32444,-313.966,-86.945)
(72.8003,-285.953,-100.165)
(236.756,225.439,64.4121)
(314.37,262.56,111.16)
(331.705,15.6371,84.5354)
(319.56,-7.51746,83.5372)
(313.809,-28.3981,-109.319)
(317.859,-83.3885,-138.967)
(317.672,-26.0138,-92.9738)
(372.178,19.3285,-113.13)
(-232.722,-211.791,6.58691)
(-159.933,-190.708,-12.2459)
(-234.502,-208.34,8.55706)
(-252.843,-257.027,11.6249)
(253.011,212.638,-3.04352)
(274.371,239.691,-123.888)
(-146.699,283.246,-45.144)
(-148.03,222.251,-80.0164)
(-142.608,288.641,-44.0265)
(-118.238,251.44,-87.199)
(-67.6655,-322.279,55.209)
(-142.369,-177.751,126.392)
(-66.445,-323.904,65.4722)
(-73.5305,-435.422,31.6481)
(194.891,-269.101,-60.2965)
(163.87,-257.636,-1.44043)
(-235.821,204.383,43.955)
(-202.633,82.4938,-26.9877)
(-237.364,204.78,49.5251)
(-165.013,307.39,69.7175)
(-240.855,203.993,50.9605)
(-140.895,287.574,9.35001)
(180.788,264.303,-69.2496)
(204.515,329.868,-72.0616)
(187.511,278.137,-67.8448)
(238.066,322.351,-106.035)
(-164.628,-269.697,73.0592)
(-84.2274,-314.428,119.759)
(303.069,137.373,56.3723)
(304.166,271.798,66.474)
(-320.312,-55.7906,-23.2089)
(-324.022,-33.174,8.51298)
(-323.924,-62.7228,-32.6722)
(-259.423,8.76659,-16.9773)
(285.566,130.623,70.5994)
(257.433,55.2419,106.185)
(-149.356,286.781,12.1623)
(-207.399,359.159,61.0631)
(-271.713,163.986,100.643)
(-247.133,169.968,211.389)
(-276.035,161.707,99.8047)
(-243.248,201.04,101.804)
(47.6098,-333.921,-111.211)
(21.8557,-257.289,-77.303)
(161.389,276.2,92.5132)
(73.958,327.589,148.645)
(-232.39,-217.197,72.0327)
(-177.812,-155.502,91.8289)
(68.6282,316.213,-99.2778)
(203.789,320.963,-84.486)
(69.9358,317.646,-97.445)
(78.1217,379.095,-104.861)
(-281.534,134.561,19.3083)
(-282.18,152.238,28.3278)
(95.06,-314.386,1.38042)
(41.6499,-410.707,144.24)
(4.28483,320.228,0.297431)
(-25.5496,370.939,-55.3239)
(-310.98,74.8489,79.5078)
(-315.001,64.2009,151.029)
(246.046,-210.287,70.9028)
(175.445,-311.653,31.6344)
(-287.574,172.49,121.509)
(-228.768,72.5312,28.1621)
(-308.409,50.8375,4.0607)
(-304.276,37.7809,74.7157)
(-312.124,60.0214,11.9777)
(-359.79,147.147,-31.6271)
(-268.24,161.981,-65.9914)
(-198.922,196.991,-25.2159)
(328.07,-74.2924,33.8195)
(354.9,-43.8936,57.8917)
(306.955,-97.2371,-0.651941)
(327.285,-125.107,-103.653)
(305.885,-101.173,-4.74652)
(217.895,-28.3295,-5.52065)
(287.945,-133.227,-6.4579)
(353.366,-135.336,0.184966)
(-232.057,215.649,7.15542)
(-154.944,280.664,70.377)
(-205.49,239.527,-45.7047)
(-185.491,275.892,-81.5784)
(-207.5,248.009,-46.5301)
(-103.08,314.712,29.9733)
(271.693,-159.786,26.8033)
(276.921,-225.059,51.7716)
(-274.46,183.62,62.8502)
(-278.126,106.669,116.041)
(-274.192,178.05,67.4525)
(-320.621,144.735,114.609)
(-287.525,172.962,79.2857)
(-271.825,198.189,76.7403)
(311.817,-76.0309,-26.8683)
(292.209,-180.787,86.291)
(212.901,-254.503,72.4473)
(107.869,-308.649,143.112)
(215.931,-257.021,81.1203)
(233.13,-212.666,-25.1088)
(192.297,-246.89,-120.066)
(167.2,-199.451,-93.9692)
(191.917,-246.754,-119.737)
(141.712,-227.966,-72.3283)
(-289.502,146.705,70.0511)
(-369.238,108.604,80.9266)
(-121.805,-287.935,33.8986)
(-168.942,-348.888,134.994)
(-127.324,-288.183,38.7047)
(-196.715,-175.372,-7.34635)
(205.627,260.922,-27.7954)
(107.013,151.263,-96.6724)
(-208.871,-239.209,-60.9797)
(-244.162,-253.973,-90.8388)
(-208.7,-241.935,-54.5598)
(-165.086,-211.263,-84.8535)
(142.159,290.052,70.1626)
(134.875,338.153,96.0303)
(-320.096,-8.9163,-119.396)
(-429.363,31.6815,-148.698)
(-323.667,-8.89054,-120.556)
(-364.281,-119.619,-143.003)
(-329.87,-9.16265,-109.091)
(-319.111,-9.47101,-191.119)
(289.383,-118.274,41.1123)
(266.815,-111.582,165.328)
(292.853,-116.481,40.4342)
(271.849,-223.2,40.4541)
(-183.719,257.526,-86.6194)
(-253.152,301.412,-70.5424)
(240.679,207.356,-52.2142)
(249.544,144.333,-110.196)
(240.706,207.299,-53.8605)
(274.792,171.473,-131.67)
(275.138,-150.963,-123.072)
(285.965,-100.623,-67.621)
(147.805,293.253,-87.9512)
(60.5333,395.46,-29.1648)
(4.39607,-325.735,93.9786)
(24.2894,-326.793,36.1333)
(1.7906,-326.63,97.8978)
(46.2499,-285.947,248.649)
(310.006,56.4739,73.1697)
(234.029,14.8057,-2.59366)
(-32.0938,-313.62,115.63)
(63.6407,-142.199,131.229)
(278.944,-156.138,62.8064)
(296.905,-117.444,-42.9152)
(277.472,-157.349,59.906)
(266.333,-198.568,-6.44935)
(-132.212,306.787,-121.118)
(-166.066,339.289,-119.132)
(-307.428,121.718,-79.9698)
(-365.496,252.712,-81.6107)
(-211.096,-231.747,-107.013)
(-321.848,-256.784,-181.168)
(310.278,100.086,-72.4024)
(300.095,136.181,-184.051)
(310.292,98.1155,-71.9172)
(302.52,172.224,-3.54287)
(311.984,96.0975,-69.7837)
(275.142,129.543,-52.7539)
(-255.877,-189.071,-33.7999)
(-326.041,-21.3617,66.3479)
(-249.028,-190.188,-35.6603)
(-213.901,-126.819,-74.1243)
(268.991,184.516,30.4304)
(282.925,211.457,83.0486)
(279.927,186.276,31.9495)
(263.012,150.606,-33.4161)
(82.3049,-304.354,-35.9485)
(141.588,-353.926,-22.0106)
(-254.516,197.814,13.5249)
(-199.054,175.297,-33.3058)
(-256.313,198.309,13.7915)
(-114.725,247.614,-5.59091)
(-253.943,182.244,8.39412)
(-254.585,184.855,60.0765)
(289.703,-143.596,-3.69909)
(258.11,-175.116,37.5013)
(291.85,-148.094,-6.97307)
(378.677,-165.479,-11.2494)
(-59.8139,-318.558,23.4845)
(7.61665,-303.086,65.1398)
(191.136,254.214,-18.7381)
(150.616,215.344,-1.10535)
(-114.828,311.141,45.9793)
(-57.212,298.125,54.6603)
(186.104,-257.754,-34.782)
(145.691,-246.166,-24.3896)
(315.281,-70.1711,70.7025)
(414.407,-13.8006,-5.32009)
(262.291,172.643,5.70344)
(226.982,236.78,-54.7045)
(-76.6807,-305.785,-11.2452)
(-48.6265,-301.381,-6.43391)
(-303.01,-101.922,49.0652)
(-320.377,-99.9855,50.0377)
(251.344,192.391,-90.3995)
(216.348,193.124,-76.7848)
(75.7145,-310.003,21.9939)
(59.4224,-249.583,-48.7734)
(84.5892,310.072,-23.0204)
(158.443,258.635,-45.9259)
(28.1891,-314.604,39.729)
(-20.8582,-338.338,-29.4024)
(314.663,26.4722,-60.7038)
(375.788,95.3093,37.9431)
(125.749,295.788,-91.0951)
(140.78,238.622,-142.407)
(331.348,25.9668,-34.8443)
(280.123,13.9697,72.5693)
(-308.403,80.8261,32.7726)
(-193.548,111.5,17.3118)
(124.04,286.904,36.73)
(133.372,314.118,57.2074)
(94.5127,-314.911,-37.9491)
(28.8631,-282.56,-88.3013)
(-300.514,-96.47,-1.84801)
(-279.818,-63.7594,4.64447)
(314.614,-90.6643,-53.4472)
(462.29,-270.948,4.91129)
(313.225,-92.0753,-50.6275)
(279.096,-73.6405,-88.1072)
(297.312,99.6993,-17.1793)
(297.473,145.646,54.537)
(-306.066,-60.8965,-48.1554)
(-198.604,-94.2121,-25.0511)
(-317.768,-70.5707,-40.1396)
(-263.911,-52.2365,-8.40651)
(280.843,154.493,116.527)
(280.501,214.248,130.319)
(286.946,152.61,120.124)
(251.75,134.038,171.855)
(-6.87712,322.099,2.11985)
(-31.6909,300.562,60.4003)
(-90.8289,-302.218,-4.08724)
(-229.575,-283.924,29.7151)
(321.03,63.3481,115.095)
(356.043,28.005,177.288)
(-277.379,191.991,17.1046)
(-281.162,152.816,-55.1343)
(309.905,-78.2388,-8.67901)
(263.185,-91.66,-8.95067)
(307.203,-77.3663,-7.61354)
(390.706,-12.1405,-58.4449)
(211.426,-230.424,-119.094)
(268.011,-145.012,-170.949)
(216.901,-232.815,-123.702)
(206.185,-298.936,-225.125)
(-135.923,284.57,111.101)
(-153.221,390.321,207.85)
(44.6063,-309.752,-119.609)
(34.3845,-263.424,-112.353)
(-290.732,-117.824,-11.3179)
(-249.246,-260.842,-29.6712)
(134.98,283.613,55.7268)
(38.756,402.514,19.6803)
(139.636,286.875,54.8419)
(122.591,256.588,-4.58972)
(-283.994,-149.499,-29.0504)
(-269.321,-131.337,12.7412)
(-291.656,-155.812,-16.3856)
(-227.122,-212.986,21.263)
(-246.987,190.508,-99.3949)
(-315.106,221.548,26.1473)
(-251.766,199.258,-106.162)
(-242.813,254.364,-115.306)
(-62.3669,307.699,-63.8552)
(-146.926,299.678,-141.736)
(-60.0122,312.679,-68.6982)
(-114.357,374.405,41.806)
(-153.073,-276.535,53.9774)
(-152.274,-305.471,107.117)
(-244.493,-233.016,120.897)
(-238.727,-210.857,154.652)
(285.947,147.993,-78.9256)
(367.504,143.66,1.94254)
(305.177,-126.018,-66.4321)
(297.249,-112.62,-44.7756)
(-183.691,254.187,-43.1181)
(-218.188,323.753,2.36886)
(-302.698,-84.5747,83.1914)
(-322.012,-182.956,171.544)
(289.86,156.284,124.122)
(291.668,70.3455,139.889)
(-296.565,-111.925,-90.3791)
(-137.874,-130.842,-150.51)
(126.907,292.65,74.0218)
(97.6164,287.308,-53.0991)
(129.46,293.11,71.4997)
(169.318,280.028,75.2321)
(124.293,298.885,65.8952)
(88.227,228.006,72.2553)
(-317.09,46.2564,-63.061)
(-291.417,36.3181,-36.389)
(30.8255,320.253,66.3076)
(157.213,301.69,34.8622)
(300.786,123.684,108.273)
(338.337,243.054,79.6511)
(-2.05014,323.432,96.2099)
(-62.6064,265.562,3.1483)
(-148.406,-286.585,-85.4117)
(-156.418,-229.594,-71.1637)
(-156.836,272.997,-31.9397)
(-212.652,280.366,-9.57348)
(9.2325,-316.797,38.5759)
(-58.7741,-293.609,6.50023)
(83.5185,303.933,21.9394)
(18.2715,305.227,92.405)
(84.0268,311.919,27.2805)
(231.589,341.768,52.0294)
(-302.659,-82.6382,27.1868)
(-291.961,-144.308,-68.724)
(304.363,142.414,-51.0278)
(362.805,140.999,-0.641512)
(-233.606,-243.513,93.3346)
(-70.0062,-218.61,47.3176)
(-232.882,-243.419,93.1057)
(-202.285,-204.769,134.076)
(-15.4762,323.822,-120.59)
(39.1372,219.674,-158.79)
(-15.7515,323.864,-119.751)
(71.751,430.231,11.6576)
(306.309,67.4174,-103.35)
(336.145,68.1448,-95.142)
(-310.055,-52.5067,21.4646)
(-309.367,-87.5712,78.3274)
(-2.25475,321.243,50.5396)
(34.2789,439.362,72.8173)
(199.926,-257.621,-44.0359)
(147.197,-242.224,-135.551)
(206.685,242.005,-113.869)
(265.503,221.419,-32.9603)
(209.21,244.888,-117.147)
(163.981,216.929,-239.637)
(-143.155,285.09,-105.652)
(-6.06632,230.558,-140.088)
(-143.563,294.787,-112.865)
(-121.244,217.47,-133.037)
(53.8494,-317.389,118.917)
(108.419,-261.955,120.28)
(57.5977,-320.304,118.144)
(25.094,-341.179,5.09091)
(61.7984,-324.219,113.891)
(60.5663,-428.032,157.369)
(-305.937,60.8292,85.42)
(-291.468,131.516,60.913)
(313.914,-2.7486,26.76)
(305.686,57.5192,-27.4949)
(251.325,201.559,107.464)
(255.782,229.039,82.4695)
(253.108,200.367,105.769)
(302.947,123.939,61.2052)
(-237.043,-206.287,-109.079)
(-211.285,-282.346,-165.681)
(258.376,177.869,109.916)
(125.606,222.723,16.2204)
(-25.1938,-320.941,30.8029)
(-50.9737,-255.849,106.636)
(-209.027,-234.4,-69.2312)
(-178.215,-227.464,36.4533)
(-47.1026,314.573,90.7714)
(-116.661,238.676,182.274)
(-45.6417,317.14,93.6672)
(56.0897,306.589,91.942)
(275.289,161.677,106.248)
(279.292,230.747,165.758)
(252.276,193.357,77.7616)
(292.913,108.604,126.273)
(256.235,210.748,70.9682)
(246.998,176.534,131.766)
(-287.293,-152.217,-64.2324)
(-227.274,-174.438,-51.3392)
(-296.637,-159.041,-57.9939)
(-257.617,-68.0714,-138.089)
(-267.466,189.996,95.318)
(-241.552,89.3921,131.537)
(-260.778,184.664,92.8549)
(-254.45,189.345,0.0770183)
(-55.9407,-314.63,-91.188)
(-88.9365,-390.123,-59.8417)
(-157.118,270.899,80.2248)
(-141.2,300.363,38.5782)
(-160.817,273.585,79.7358)
(-168.793,270.655,-13.727)
(57.3043,-307.252,59.2506)
(92.2456,-326.723,117.003)
(59.2971,-308.901,68.1062)
(40.8577,-311.808,85.769)
(243.675,209.082,7.67125)
(309.293,164.896,-1.59167)
(240.855,212.094,8.05675)
(273.455,135.744,-151.072)
(-17.1745,-318.55,-9.94786)
(-11.0188,-401.606,-13.8017)
(332.844,23.6584,37.0501)
(326.339,-1.4972,68.3324)
(45.0451,-315.802,105.941)
(-65.3721,-332.57,46.0583)
(51.1588,-314.358,108.766)
(69.0041,-370.318,180.504)
(50.8372,-314.757,108.835)
(19.9728,-301.471,88.8446)
(-140.424,299.665,-103.805)
(-164.204,219.364,-53.8662)
(273.006,-156.956,94.9116)
(229.602,-153.82,115.042)
(47.9581,309.332,-7.47027)
(-71.6633,301.022,31.9723)
(50.245,312.268,-8.95187)
(-0.0170539,363.711,-49.9013)
(111.277,-297.931,7.80234)
(41.1494,-274.925,64.0464)
(111.23,-298.363,8.88876)
(63.929,-391.351,-138.046)
(151.963,288.439,-90.6629)
(48.7233,217.488,-92.0154)
(155.453,290.488,-96.1824)
(194.982,317.318,-17.9359)
(-284.081,-146.42,113.498)
(-301.884,-107.857,113.87)
(-286.932,-147.089,110.178)
(-158.618,-108.285,195.857)
(-287.84,-146.626,109.226)
(-334.287,-130.566,44.1336)
(-315.205,53.4532,-65.7871)
(-377.386,42.3333,-61.4979)
(-325.18,51.0157,-67.5826)
(-347.961,66.5561,-110.016)
(231.89,221.691,112.816)
(207.873,286.31,174.278)
(-296.229,-107.228,26.813)
(-240.808,-107.334,106.182)
(-294.425,-109.519,34.1281)
(-222.682,-222.778,-34.4661)
(-18.1654,315.728,4.21828)
(-35.2424,322.141,-67.2344)
(213.147,-251.45,-4.92681)
(131.778,-191.696,12.9786)
(303.403,90.6789,82.4569)
(313.275,102.33,18.1749)
(-255.233,180.879,-64.626)
(-193.069,225.34,-66.4612)
(-259.098,180.576,-65.6642)
(-189.118,177.752,-152.036)
(59.9811,-313.994,112.276)
(-43.1168,-329.097,123.24)
(-333.417,24.8796,-110.194)
(-277.769,-25.4198,-120.944)
(-123.703,296.188,-33.7263)
(-172.013,304.216,-59.523)
(274.365,-151.366,17.44)
(190.876,-161.722,-10.0713)
(272.808,-157.059,4.53479)
(284.059,-101.497,-49.4006)
(274.412,-156.926,2.52246)
(307.52,-81.4399,55.933)
(-13.4025,-331.708,109.977)
(39.9581,-373.122,55.0623)
(-83.5555,307.671,-98.5267)
(-96.8898,331.218,-191.426)
(-276.547,-147.622,120.832)
(-341.798,-171.366,136.881)
(309.2,75.6135,-62.241)
(338.978,17.1414,-73.1514)
(298.714,-100.868,-45.5497)
(251.834,-137.328,-8.62686)
(288.402,-155.514,81.1126)
(256.834,-84.5176,53.6583)
(262.877,172.151,73.6471)
(253.44,266.347,15.5626)
(265.3,175.328,77.6376)
(297.886,160.335,86.404)
(-301.857,96.558,-74.228)
(-242.663,34.8592,-201.223)
(308.576,-92.9982,72.4209)
(438.858,-93.7726,176.834)
(-7.06735,-318.877,-107.439)
(-11.5797,-302.677,-120.69)
(-4.5396,-322.279,-102.98)
(1.99964,-338.823,-118.495)
(-1.26906,-326.877,-99.2163)
(5.17688,-261.163,-206.035)
(-143.187,277.404,93.8929)
(-121.021,329.805,38.3986)
(-148.521,282.937,92.5976)
(-258.563,292.665,229.051)
(-318.655,-25.7807,101.81)
(-322.197,-81.2271,150.302)
(-309.572,128.217,-7.39632)
(-324.529,208.53,32.28)
(191.558,-251.847,12.8214)
(220.763,-192.022,68.6142)
(190.557,-250.196,13.3856)
(153.35,-263.526,-28.2461)
(-313.729,-61.6022,90.2966)
(-272.715,-36.8846,-6.52185)
(237.023,229.849,-48.5871)
(178.527,204.146,-100.81)
(-45.7092,-314.056,63.7719)
(-70.5187,-333.537,-50.2317)
(244.45,-229.22,9.83514)
(268.97,-167.959,-50.1605)
(-67.3587,304.587,-10.5818)
(-135.184,388.412,-59.2812)
(-318.908,31.3193,-21.9754)
(-364.009,12.4946,-81.001)
(315.593,-69.0686,54.7692)
(225.315,-78.5308,142.428)
(-307.387,56.9229,20.8818)
(-270.412,101.654,128.238)
(330.516,-56.2369,-20.8718)
(285.208,-1.40731,-126.697)
(-312.248,-40.6995,-109.648)
(-326.818,-94.1813,-20.8466)
(205.527,236.87,-106.005)
(208.077,204.209,-226.354)
(-273.015,-160.393,68.8697)
(-124.904,-146.374,64.5493)
(-270.573,-158.807,70.7091)
(-295.909,-156.637,56.51)
(212.592,237.927,92.5423)
(109.165,229.732,116.681)
(-307.465,118.195,-40.2747)
(-267.222,157.582,-22.9444)
(238.263,-208.98,70.794)
(264.723,-262.184,69.1053)
(235.828,-212.633,73.3012)
(212.899,-203.37,130.354)
(-108.107,-294.826,72.2012)
(-243.633,-376.529,52.7215)
(-111.847,304.656,-78.6222)
(-70.2824,316.743,-48.0681)
(-27.7125,-333.773,99.7363)
(-75.1142,-313.238,52.9052)
(172.264,286.035,-85.17)
(192.337,322.055,31.1577)
(323.026,-55.2541,-38.8578)
(297.102,-2.57557,-37.8791)
(316.567,-56.8607,-44.307)
(278.329,60.592,3.67222)
(316.978,-55.396,-45.1547)
(358.169,-80.5428,-116.457)
(-293.355,130.622,89.4773)
(-293.246,216.487,115.58)
(319.096,94.4838,11.4162)
(314.679,17.3203,-8.33339)
(-279.853,-142.204,-23.4712)
(-294.068,-130.448,0.504974)
(-275.128,151.666,-73.4013)
(-346.084,256.276,-94.7923)
(-309.716,-58.5411,99.4849)
(-359.803,-119.518,142.556)
(-307.008,-57.0501,99.6033)
(-364.204,-39.1909,105.864)
(211.509,-233.203,92.5858)
(396.088,-230.781,111.575)
(-28.1269,316.072,-122.484)
(33.817,378.42,-153.791)
(-39.922,319.57,-105.034)
(-41.2596,408.61,-250.041)
(335.445,4.6551,64.2918)
(347.053,18.7726,148.753)
(177.571,257.749,-120.527)
(172.544,283.464,-85.9942)
(-233.806,222.19,23.0421)
(-274.561,279.772,20.0217)
(129.306,-302.802,-32.229)
(117.796,-331.698,-88.3599)
(129.267,-303.019,-31.5902)
(126.174,-186.029,50.9681)
(-27.6047,-312.905,44.83)
(-61.8306,-246.931,41.4574)
(-45.0786,-328.793,36.2665)
(22.6621,-348.958,167.611)
(-48.6387,-331.884,37.1485)
(-46.7448,-413.552,67.4926)
(-206.833,234.935,35.2262)
(-285.604,221,44.1907)
(-216.857,256.78,35.3741)
(-106.709,304.537,-68.8005)
(-192.551,268.358,51.0939)
(-166.393,295.944,87.9967)
(-182.433,271.233,51.6055)
(-240.19,235.626,15.8976)
(51.8586,-315.054,-57.3107)
(19.2546,-382.221,-15.6399)
(53.2079,-314.191,-61.3432)
(9.89156,-343.383,-85.1301)
(-320.148,-80.071,-8.18059)
(-259.992,-95.6158,-30.9261)
(-321.784,-73.7561,-0.226288)
(-285.64,-103.681,25.007)
(-295.294,-114.828,19.6694)
(-231.505,-44.5425,154.392)
(292.201,-116.294,-117.428)
(293.163,-87.6652,-73.0815)
(-319.865,-5.00759,43.8171)
(-324.686,-31.6522,8.19487)
(315.559,10.0797,-84.5345)
(410.423,-61.1958,-111.112)
(-269.994,164.453,48.355)
(-280.626,154.783,-0.0732947)
(-270.328,180.453,46.2249)
(-279.896,155.541,101.692)
(-116.386,-295.832,-90.9718)
(-65.4739,-333.693,-80.2594)
(-312.714,-3.75218,-40.5059)
(-273.507,91.3705,-86.3113)
(326.691,69.9434,-79.7353)
(289.337,40.869,-144.65)
(-309.367,-71.156,79.1061)
(-249.565,-16.5599,135.049)
(-318.489,-74.8898,94.9798)
(-331.555,-102.786,101.294)
(-312.929,-27.5073,107.091)
(-314.593,-18.1814,-4.68579)
(-311.917,-24.1863,108.103)
(-263.863,83.254,179.379)
(322.249,26.656,-106.514)
(393.395,75.6883,-70.9793)
(323.32,29.2198,-108.977)
(363.005,113.481,-51.1498)
(-318.548,-94.7971,60.3854)
(-361.312,-0.295195,28.6295)
(-318.98,-97.3852,79.2834)
(-432.777,-39.6953,55.5448)
(163.059,278.818,-55.3157)
(125.999,351.514,44.8982)
(-289.569,-135.949,30.4106)
(-305.419,-117.967,-4.90809)
(-288.299,-133.889,29.2827)
(-391.508,-132.226,151.761)
(-244.045,-199.564,111.463)
(-224.823,-214.932,80.5734)
(287.933,127.224,7.32433)
(342.891,108.991,15.058)
(309.08,129.251,4.89512)
(297.772,134.426,70.3931)
(-218.637,-238.166,-5.81014)
(-192.641,-224.636,-46.3042)
(-219.034,-230.607,-2.01355)
(-186.53,-231.361,24.0007)
(-114.86,309.618,71.3593)
(-106.28,439.853,15.5887)
(275.486,-164.259,-37.5781)
(306.671,-98.759,-81.1795)
(327.629,52.5223,79.3211)
(374.601,151.872,80.8156)
(-316.475,-31.2247,-45.2445)
(-352.327,-51.0068,-30.2918)
(163.739,-277.863,89.7688)
(154.44,-377.257,178.028)
(332.823,7.55276,43.0962)
(383.311,55.0867,-56.9068)
(-315.336,-2.551,-16.6208)
(-327.639,-48.8117,51.9469)
(-318.29,-40.0037,96.0298)
(-272.004,-41.4472,-28.1506)
(-302.377,-87.3461,-23.5646)
(-327.243,-69.8676,-4.72002)
(310.457,42.2567,10.6774)
(256.984,46.7677,97.1316)
(311.316,41.7119,10.1307)
(255.353,-1.0968,24.5648)
(-61.2364,-307.725,-47.356)
(-89.7963,-301.946,-46.8795)
(-61.9439,-309.908,-55.9842)
(-78.9216,-303.855,0.3913)
(-64.7548,-307.457,-62.1195)
(-41.2177,-329.72,-94.6686)
(-14.8284,322.198,61.7883)
(40.8025,335.689,53.638)
(-16.3727,323.743,60.517)
(14.4386,353.542,48.2372)
(321.035,68.4505,-119.818)
(262.749,64.3998,-93.2705)
(-312.931,-40.1748,69.4553)
(-360.803,-81.039,160.414)
(-325.987,-41.8843,-6.44867)
(-201.372,68.5769,-176.793)
(326.62,69.9281,13.1213)
(307.908,160,-18.2045)
(-118.7,299.745,-51.2337)
(-104.946,317.303,-143.657)
(-116.195,303.183,-47.5949)
(-143.596,316.168,-39.1936)
(140.924,-304.803,49.8302)
(203.271,-332.457,36.8774)
(314.512,-84.5868,105.906)
(284.843,3.82186,65.0529)
(-194.755,269.74,-123.405)
(-177.015,151.646,-89.8403)
(317.24,-92.2355,13.033)
(317.997,-26.3643,122.502)
(-287.249,-126.973,-92.3946)
(-345.781,-46.9319,-147.441)
(-292.201,-125.767,-89.8439)
(-340.313,-85.8101,-5.88437)
(308.615,97.0368,67.2646)
(308.524,167.992,116.288)
(315.805,85.1612,69.2796)
(304.647,96.0844,44.4544)
(58.9298,309.798,-61.8824)
(30.5111,250.095,-107.461)
(59.1954,307.987,-65.7226)
(142.544,161.013,-59.8875)
(296.528,110.21,101.444)
(329.815,172.75,101.058)
(155.029,-275.547,17.3713)
(134.38,-364.366,-18.3687)
(156.395,-276.522,13.753)
(167.513,-396.855,-15.1162)
(-295.859,145.632,-11.351)
(-370.325,191.505,118.875)
(-307.413,-55.0886,-90.1428)
(-380.418,-33.8117,-87.2526)
(-308.883,-51.0901,-87.9407)
(-226.7,-42.9947,-5.68814)
(324.341,22.7962,37.5067)
(389.89,82.64,75.89)
(183.5,-265.591,71.2361)
(235.016,-238.726,93.1905)
(184.08,-266.955,55.7245)
(165.982,-292.364,11.7256)
(-46.1237,323.345,-85.8478)
(-13.3405,329.499,-93.5923)
(-257.917,-191.469,108.274)
(-277.857,-260.266,15.4426)
(269.543,184.373,-103.015)
(288.871,126.22,-46.1658)
(163.904,-269.723,42.5721)
(316.98,-177.235,56.8238)
(113.86,296.357,-48.2281)
(133.681,319.401,-163.202)
(112.452,299.355,-48.1713)
(150.331,217.773,16.5126)
(-260.303,-197.354,37.6812)
(-302.391,-289.792,2.19881)
(-261.218,-197.317,35.3336)
(-181.86,-154.082,-124.689)
(278.952,146.094,-30.5047)
(196.936,169.431,-45.9795)
(-308.273,50.9779,-22.4132)
(-364.921,138.438,73.6477)
(289.531,-130.907,51.2576)
(348.023,-52.2078,80.038)
(63.9588,313.233,-112.44)
(152.81,249.733,-129.984)
(-236.463,-226.947,79.8036)
(-296.994,-183.021,156.832)
(-245.16,-231.51,79.089)
(-162.792,-223.561,17.2934)
(-274.038,-161.127,119.217)
(-303.007,-183.722,125.742)
(134.628,296.523,-29.3521)
(175.999,377.492,47.831)
(135.723,295.99,-33.7525)
(24.4966,262.672,-114.874)
(-205.119,-249.957,22.137)
(-262.021,-288.949,138.381)
(81.1506,304.146,-18.3984)
(109.617,329.438,-42.0254)
(15.433,-333.344,20.8529)
(85.9872,-345.062,-62.6821)
(21.6546,-332.895,28.4083)
(93.8359,-357.338,-82.5794)
(-297.639,-99.5471,59.9109)
(-404.417,-139.948,-17.9363)
(-313.118,63.8038,65.234)
(-202.576,113.626,36.2907)
(-303.374,-75.7623,-104.21)
(-253.857,-60.306,-145.52)
(263.58,204.869,-27.2264)
(258.341,123.916,-59.547)
(-119.242,292.622,-118.742)
(-156.624,217.218,-101.859)
(-116.513,294.158,-117.903)
(-56.9871,293.987,-33.524)
(221.464,232.702,21.66)
(357.656,270.904,19.4926)
(172.503,265.166,111.991)
(-10.0031,238.275,82.331)
(164.68,-283.375,45.2439)
(235.698,-183.374,138.829)
(169.542,-282.486,46.2524)
(134.156,-360.24,172.802)
(-294.933,122.256,-77.6569)
(-294.833,205.794,-86.0953)
(252.61,-188.564,121.024)
(222.371,-206.196,55.5607)
(278.201,166.211,36.2813)
(369.93,246.821,-21.5688)
(265.552,194.66,-5.92412)
(311.779,224.633,52.8234)
(-248.409,-196.641,5.33788)
(-250.889,-138.498,-35.8267)
(-247.28,-199.582,8.81363)
(-116.72,-247.27,-56.5264)
(-92.3439,298.758,-38.1088)
(-21.2763,344.189,-85.135)
(-273.062,159.679,-98.8435)
(-249.512,219.406,-88.2582)
(-109.453,295.256,-101.285)
(-37.2769,290.974,-125.662)
(-327.802,-63.3074,83.0851)
(-298.486,-44.5461,109.008)
(-274.099,151.243,69.6408)
(-253.711,184.72,47.0348)
(-315.142,1.78558,26.9941)
(-301.19,-112.578,57.1291)
(-315.996,3.59672,19.5644)
(-144.905,-57.4736,22.253)
(331.977,-0.82771,-14.2556)
(305.431,51.6207,66.3385)
(-134.473,286.727,118.092)
(-79.354,264.565,145.241)
(-136.314,290.825,121.111)
(-301.86,276.069,90.4905)
(197.081,-244.956,91.1855)
(257.222,-214.737,163.549)
(-293.523,111.428,-39.9779)
(-223.725,176.724,5.65807)
(-295.666,114.63,-37.0118)
(-284.988,150.278,5.4386)
(246.322,199.83,111.027)
(133.361,100.268,69.7242)
(-320.224,-31.168,35.0172)
(-389.291,-87.3007,12.2661)
(326.671,68.5476,-72.9978)
(316.154,154.834,-28.4656)
(-244.169,-211.178,93.5836)
(-246.003,-285.433,49.126)
(-257.813,-189.631,60.5574)
(-361.404,-167.471,59.6808)
(195.125,-253.926,-85.0974)
(77.8099,-214.337,-91.8714)
(197.419,-252.603,-86.3156)
(210.717,-178.701,-33.44)
(-59.1706,308.472,103.21)
(-20.4106,426.097,43.5154)
(-56.4575,307.99,121.185)
(-37.2938,222.284,194.001)
(322.166,-72.4971,11.7111)
(344.416,-106.257,125.973)
(327.414,-70.1518,14.1517)
(257.117,-18.8949,67.2525)
(-298.824,113.41,-20.0267)
(-291.956,40.5093,30.1034)
(-301.437,129.317,-22.5829)
(-490.078,116.89,-11.5377)
(-98.1126,-297.955,-38.0007)
(-120.795,-281.417,-101.54)
(-177.89,268.814,31.596)
(-192.016,290.589,50.2132)
(-179.71,267.565,32.6977)
(-156.38,283.281,23.968)
(50.9224,-322.297,26.9463)
(-20.6301,-238.024,62.6983)
(261.278,194.25,113.175)
(219.467,154.069,57.2014)
(-241.516,-220.57,-8.304)
(-338.572,-197.602,21.1317)
(186.558,269.383,14.739)
(152.475,290.573,103.059)
(278.235,-180.918,119.024)
(257.36,-188.324,199.532)
(279.388,-170.099,112.884)
(436.953,-236.711,190.561)
(-137.269,-299.864,98.5613)
(-146.824,-336.328,35.2295)
(-82.011,306.681,-99.4765)
(5.47936,230.834,-138.704)
(-199.269,255.212,-123.549)
(-157.764,195.762,-158.968)
(238.881,-224.168,-124.721)
(276.438,-236.025,-46.765)
(290.109,-137.191,111.057)
(423.151,-169.878,85.5816)
(314.024,53.9567,44.0399)
(313.225,5.13615,30.4821)
(318.433,51.8997,55.4574)
(383.811,120.507,18.8164)
(317.336,50.6452,54.3298)
(323.901,-6.89459,-1.16334)
(-297.068,-107.87,-94.4123)
(-308.561,-59.9099,-74.7402)
(22.8999,321.281,-12.5703)
(30.9315,410.023,-51.3019)
(-214.197,-253.173,8.50151)
(-308.49,-336.769,-36.1223)
(-224.447,229.734,-0.940189)
(-312.791,235.122,-49.7051)
(229.459,-216.324,-2.47837)
(185.788,-192.957,-60.1169)
(-17.0168,-323.861,-77.4757)
(8.35177,-346.773,-127.921)
(2.46283,-327.305,-70.6084)
(35.4503,-409.088,-105.005)
(-289.763,167.803,-44.8066)
(-369.493,172.556,-46.6873)
(240.576,-203.445,56.3957)
(238.377,-215.596,98.0544)
(237.165,-221.571,59.6382)
(295.606,-248.367,70.9252)
(238.363,-223.947,57.2248)
(178.115,-228.822,172.441)
0 events have been kept for refreshing and/or reviewing.
  "/vis/reviewKeptEvents" to review them one by one.
  "/vis/enable", then "/vis/viewer/flush" or "/vis/viewer/rebuild" to see them accumulated.
[Core-0] End of macro ./split/.Gate/main119/main13.mac
Graphics systems deleted.
Visualization Manager deleting...
