[G4] 
[G4] **************************************************************
[G4]  Geant4 version Name: geant4-10-07-patch-02    (11-June-2021)
[G4]                        Copyright : Geant4 Collaboration
[G4]                       References : NIM A 506 (2003), 250-303
[G4]                                  : IEEE-TNS 53 (2006), 270-278
[G4]                                  : NIM A 835 (2016), 186-225
[G4]                              WWW : http://geant4.org/
[G4] **************************************************************
[G4] 
[Core-0] Initialization of geometry
[Core-0] Initialization of physics
[Core-0] Initialization of actors
[Core-0] 
[Core-0] *************************************************
[Core-0]  GATE version 9.1 (2021)
[Core-0]  Copyright : OpenGATE Collaboration
[Core-0]  Reference : Phys. Med. Biol. 49 (2004) 4543-4561
[Core-0]  Reference : Phys. Med. Biol. 56 (2011) 881-901
[Core-0]  Reference : Med. Phys. 41(6)    (2014)
[Core-0]  http://www.opengatecollaboration.org        
[Core-0] *************************************************
[Core-0] 
[Core-0] You are using Geant4 version 10.7.2
[Core-0] Starting macro ./split/.Gate/main119/main8.mac
0: RINDEX
1.84e-06   1.00028
4.08e-06   1.00028
9: GROUPVEL
1.84e-06   299.709
4.08e-06   299.709
16: ABSLENGTH
1.84e-06   50000
4.08e-06   50000
 <!> *** WARNING *** <!>  GateMaterialDatabase: Multiple definition of element: Yttrium.
The definition in ClMind_GateMaterials.db was used.


GATE object:        'systems/cylindricalPET'
Components:

GATE object:        'systems/cylindricalPET/base'
Attached to volume: cylindricalPET
Nb of children:       1

	GATE object:        'systems/cylindricalPET/rsector'
	Attached to volume: module
	Nb of children:       1

		GATE object:        'systems/cylindricalPET/module'
		Attached to volume: unit
		Nb of children:       1

			GATE object:        'systems/cylindricalPET/submodule'
			Attached to volume: block
			Nb of children:       1

				GATE object:        'systems/cylindricalPET/crystal'
				Attached to volume: optical
				Nb of children:       4

					GATE object:        'systems/cylindricalPET/layer0'
					Attached to volume: crystal
					Nb of children:       0

					GATE object:        'systems/cylindricalPET/layer1'
					Attached to volume: ---
					Nb of children:       0

					GATE object:        'systems/cylindricalPET/layer2'
					Attached to volume: ---
					Nb of children:       0

					GATE object:        'systems/cylindricalPET/layer3'
					Attached to volume: ---
					Nb of children:       0
geometrical design type: 1
ring diameter: -3.95 mm 
rsector axial pitch: 0 fm 
rsector azimuthal pitch: 12.8571 degree
rsector tangential size: 2.5 cm 
rsector axial size: 25.04 cm 
module axial size: 4.784 cm 
module tangential size: 2.5 cm 
module axial pitch: 0 fm 
module tangential pitch: 0 fm 
submodule axial size: 4.784 cm 
submodule tangential size: 2.5 cm 
submodule axial pitch: 0 fm 
submodule tangential pitch: 0 fm 
crystal radial size: 1.59 cm 
crystal axial size: 1.59 cm 
crystal tangential size: 2.5 cm 
crystal axial pitch: 0 fm 
crystal tangential pitch: 0 fm 
layer0 radial size: 3.95 mm 
in layer0 interaction length: 1.975 mm 
Axial nb of rsectors: 1
Azimuthal nb of rsectors: 28
Axial nb of modules: 1
Tangential nb of modules: 1
Axial nb of submodules: 1
Tangential nb of submodules: 1
Axial nb of crystals: 1
Tangential nb of crystals: 1
Radial nb of layers: 1
[Physic-0] The following Geant4's physic-list is enabled :emstandard_opt3


List of Enabled processes:




List of initialized processes:


[Core-0] Initialization of geometry
[Core-0] Initialization of physics
[Core-0] Initialization of actors
 <!> *** WARNING *** <!>  The 'energytype' option is DEPRECATED, use 'ene/type' instead!
 <!> *** WARNING *** <!>  The 'energytype' option is DEPRECATED, use 'ene/type' instead!
 <!> *** WARNING *** <!>  The 'energytype' option is DEPRECATED, use 'ene/type' instead!
 <!> *** WARNING *** <!>  The 'energytype' option is DEPRECATED, use 'ene/type' instead!
 <!> *** WARNING *** <!>  The 'energytype' option is DEPRECATED, use 'ene/type' instead!
 <!> *** WARNING *** <!>  The 'energytype' option is DEPRECATED, use 'ene/type' instead!
 <!> *** WARNING *** <!>  The 'energytype' option is DEPRECATED, use 'ene/type' instead!
 <!> *** WARNING *** <!>  The 'energytype' option is DEPRECATED, use 'ene/type' instead!
 <!> *** WARNING *** <!>  The 'energytype' option is DEPRECATED, use 'ene/type' instead!
[Acquisition-0]   
[Acquisition-0] ============= Source initialization =============
[Acquisition-0]   
[Acquisition-0] ============= Acquisition starts! =============
[Acquisition-0] Simulation start time = 0 sec
[Acquisition-0] Simulation end time   = 1 sec
[Acquisition-0] Simulation will have  = 1 run(s)
[Acquisition-0] Slice 0 from 0 to 1 s [slice=1 s]

### ===  Deexcitation model UAtomDeexcitation is activated for 25 regions:
          DefaultRegionForTheWorld  1  1  1
          cylindricalPET  1  1  1
          module  1  1  1
          unit  1  1  1
          block  1  1  1
          optical  1  1  1
          crystal  1  1  1
          capillaire1  1  1  1
          capillaire1_water  1  1  1
          capillaire2  1  1  1
          capillaire2_water  1  1  1
          capillaire3  1  1  1
          capillaire3_water  1  1  1
          capillaire4  1  1  1
          capillaire4_water  1  1  1
          capillaire5  1  1  1
          capillaire5_water  1  1  1
          capillaire_m1  1  1  1
          capillaire_m1_water  1  1  1
          capillaire_m2  1  1  1
          capillaire_m2_water  1  1  1
          capillaire_m3  1  1  1
          capillaire_m3_water  1  1  1
          capillaire_m4  1  1  1
          capillaire_m4_water  1  1  1
### ===  Ignore cuts flag:   0

phot:  for gamma applyCuts:1  SubType=12 BuildTable=0
      LambdaPrime table from 200 keV to 100 TeV in 174 bins 
      ===== EM models for the G4Region  DefaultRegionForTheWorld ======
 LivermorePhElectric : Emin=    0 eV  Emax=  100 TeV  SauterGavrila Fluo

compt:  for gamma applyCuts:1  SubType=13 BuildTable=1
      Lambda table from 10 eV  to 1 MeV, 20 bins/decade, spline: 1
      LambdaPrime table from 1 MeV to 100 TeV in 160 bins 
      ===== EM models for the G4Region  DefaultRegionForTheWorld ======
        KleinNishina : Emin=    0 eV  Emax=  100 TeV Fluo

conv:  for gamma applyCuts:1  SubType=14 BuildTable=1
      Lambda table from 1.022 MeV to 100 TeV, 20 bins/decade, spline: 1
      ===== EM models for the G4Region  DefaultRegionForTheWorld ======
     BetheHeitlerLPM : Emin=    0 eV  Emax=  100 TeV  ModifiedTsai

Rayl:  for gamma applyCuts:1  SubType=11 BuildTable=1
      Lambda table from 10 eV  to 100 keV, 20 bins/decade, spline: 0
      LambdaPrime table from 100 keV to 100 TeV in 180 bins 
      ===== EM models for the G4Region  DefaultRegionForTheWorld ======
   LivermoreRayleigh : Emin=    0 eV  Emax=  100 TeV  CullenGenerator

msc:  for e-  SubType= 10
      ===== EM models for the G4Region  DefaultRegionForTheWorld ======
            UrbanMsc : Emin=    0 eV  Emax=  100 TeV Nbins=240 100 eV  - 100 TeV
              StepLim=DistanceToBoundary Rfact=0.04 Gfact=2.5 Sfact=0.6 DispFlag:1 Skin=1 Llimit=1

eIoni:  for e-  SubType=2
      dE/dx and range tables from 10 eV  to 100 TeV in 260 bins
      Lambda tables from threshold to 100 TeV, 20 bins/decade, spline: 1
      StepFunction=(0.2, 0.1 mm), integ: 1, fluct: 1, linLossLim= 0.01
      ===== EM models for the G4Region  DefaultRegionForTheWorld ======
        MollerBhabha : Emin=    0 eV  Emax=  100 TeV  deltaVI

eBrem:  for e-  SubType=3
      dE/dx and range tables from 10 eV  to 100 TeV in 260 bins
      Lambda tables from threshold to 100 TeV, 20 bins/decade, spline: 1
      LPM flag: 1 for E > 1 GeV,  VertexHighEnergyTh(GeV)= 100000
      ===== EM models for the G4Region  DefaultRegionForTheWorld ======
             eBremSB : Emin=    0 eV  Emax=    1 GeV  AngularGen2BS
            eBremLPM : Emin=    1 GeV Emax=  100 TeV  AngularGen2BS

ePairProd:  for e-  SubType=4
      dE/dx and range tables from 10 eV  to 100 TeV in 260 bins
      Lambda tables from threshold to 100 TeV, 20 bins/decade, spline: 1
      Sampling table 25x1001; from 0.1 GeV to 100 TeV 
      ===== EM models for the G4Region  DefaultRegionForTheWorld ======
           ePairProd : Emin=    0 eV  Emax=  100 TeV  ModifiedMephi

msc:  for e+  SubType= 10
      ===== EM models for the G4Region  DefaultRegionForTheWorld ======
            UrbanMsc : Emin=    0 eV  Emax=  100 TeV Nbins=240 100 eV  - 100 TeV
              StepLim=DistanceToBoundary Rfact=0.04 Gfact=2.5 Sfact=0.6 DispFlag:1 Skin=1 Llimit=1

eIoni:  for e+  SubType=2
      dE/dx and range tables from 10 eV  to 100 TeV in 260 bins
      Lambda tables from threshold to 100 TeV, 20 bins/decade, spline: 1
      StepFunction=(0.2, 0.1 mm), integ: 1, fluct: 1, linLossLim= 0.01
      ===== EM models for the G4Region  DefaultRegionForTheWorld ======
        MollerBhabha : Emin=    0 eV  Emax=  100 TeV  deltaVI

eBrem:  for e+  SubType=3
      dE/dx and range tables from 10 eV  to 100 TeV in 260 bins
      Lambda tables from threshold to 100 TeV, 20 bins/decade, spline: 1
      LPM flag: 1 for E > 1 GeV,  VertexHighEnergyTh(GeV)= 100000
      ===== EM models for the G4Region  DefaultRegionForTheWorld ======
             eBremSB : Emin=    0 eV  Emax=    1 GeV  AngularGen2BS
            eBremLPM : Emin=    1 GeV Emax=  100 TeV  AngularGen2BS

ePairProd:  for e+  SubType=4
      dE/dx and range tables from 10 eV  to 100 TeV in 260 bins
      Lambda tables from threshold to 100 TeV, 20 bins/decade, spline: 1
      Sampling table 25x1001; from 0.1 GeV to 100 TeV 
      ===== EM models for the G4Region  DefaultRegionForTheWorld ======
           ePairProd : Emin=    0 eV  Emax=  100 TeV  ModifiedMephi

annihil:  for e+, integral:1  applyCuts:1  SubType=5 BuildTable=0
      ===== EM models for the G4Region  DefaultRegionForTheWorld ======
            eplus2gg : Emin=    0 eV  Emax=  100 TeV

msc:  for proton  SubType= 10
      ===== EM models for the G4Region  DefaultRegionForTheWorld ======
            UrbanMsc : Emin=    0 eV  Emax=  100 TeV Nbins=240 100 eV  - 100 TeV
              StepLim=Minimal Rfact=0.2 Gfact=2.5 Sfact=0.6 DispFlag:1 Skin=1 Llimit=1

hIoni:  for proton  SubType=2
      dE/dx and range tables from 10 eV  to 100 TeV in 260 bins
      Lambda tables from threshold to 100 TeV, 20 bins/decade, spline: 1
      StepFunction=(0.2, 0.05 mm), integ: 1, fluct: 1, linLossLim= 0.01
      ===== EM models for the G4Region  DefaultRegionForTheWorld ======
               Bragg : Emin=    0 eV  Emax=    2 MeV  deltaVI
          BetheBloch : Emin=    2 MeV Emax=  100 TeV  deltaVI

hBrems:  for proton  SubType=3
      dE/dx and range tables from 10 eV  to 100 TeV in 260 bins
      Lambda tables from threshold to 100 TeV, 20 bins/decade, spline: 1
      ===== EM models for the G4Region  DefaultRegionForTheWorld ======
               hBrem : Emin=    0 eV  Emax=  100 TeV  ModifiedMephi
      ===== Limit on energy threshold has been applied 

hPairProd:  for proton  SubType=4
      dE/dx and range tables from 10 eV  to 100 TeV in 260 bins
      Lambda tables from threshold to 100 TeV, 20 bins/decade, spline: 1
      Sampling table 17x1001; from 7.50618 GeV to 100 TeV 
      ===== EM models for the G4Region  DefaultRegionForTheWorld ======
           hPairProd : Emin=    0 eV  Emax=  100 TeV  ModifiedMephi

nuclearStopping:  for proton applyCuts:1  SubType=8 BuildTable=0
      ===== EM models for the G4Region  DefaultRegionForTheWorld ======
   ICRU49NucStopping : Emin=    0 eV  Emax=    1 MeV

msc:  for GenericIon  SubType= 10
      ===== EM models for the G4Region  DefaultRegionForTheWorld ======
            UrbanMsc : Emin=    0 eV  Emax=  100 TeV
              StepLim=Minimal Rfact=0.2 Gfact=2.5 Sfact=0.6 DispFlag:1 Skin=1 Llimit=1

ionIoni:  for GenericIon  SubType=2
      dE/dx and range tables from 10 eV  to 100 TeV in 260 bins
      Lambda tables from threshold to 100 TeV, 20 bins/decade, spline: 1
      StepFunction=(0.1, 0.02 mm), integ: 1, fluct: 1, linLossLim= 0.02
      ===== EM models for the G4Region  DefaultRegionForTheWorld ======
         ParamICRU73 : Emin=    0 eV  Emax=  100 TeV  deltaVI

nuclearStopping:  for GenericIon applyCuts:1  SubType=8 BuildTable=0
      ===== EM models for the G4Region  DefaultRegionForTheWorld ======
   ICRU49NucStopping : Emin=    0 eV  Emax=    1 MeV

msc:  for alpha  SubType= 10
      ===== EM models for the G4Region  DefaultRegionForTheWorld ======
            UrbanMsc : Emin=    0 eV  Emax=  100 TeV Nbins=240 100 eV  - 100 TeV
              StepLim=Minimal Rfact=0.2 Gfact=2.5 Sfact=0.6 DispFlag:1 Skin=1 Llimit=1

ionIoni:  for alpha  SubType=2
      dE/dx and range tables from 10 eV  to 100 TeV in 260 bins
      Lambda tables from threshold to 100 TeV, 20 bins/decade, spline: 1
      StepFunction=(0.1, 0.02 mm), integ: 1, fluct: 1, linLossLim= 0.02
      ===== EM models for the G4Region  DefaultRegionForTheWorld ======
            BraggIon : Emin=    0 eV  Emax=7.9452 MeV  deltaVI
          BetheBloch : Emin=7.9452 MeV Emax=  100 TeV  deltaVI

nuclearStopping:  for alpha applyCuts:1  SubType=8 BuildTable=0
      ===== EM models for the G4Region  DefaultRegionForTheWorld ======
   ICRU49NucStopping : Emin=    0 eV  Emax=    1 MeV

msc:  for anti_proton  SubType= 10
      ===== EM models for the G4Region  DefaultRegionForTheWorld ======
            UrbanMsc : Emin=    0 eV  Emax=  100 TeV Nbins=240 100 eV  - 100 TeV
              StepLim=Minimal Rfact=0.2 Gfact=2.5 Sfact=0.6 DispFlag:1 Skin=1 Llimit=1

hIoni:  for anti_proton  SubType=2
      dE/dx and range tables from 10 eV  to 100 TeV in 260 bins
      Lambda tables from threshold to 100 TeV, 20 bins/decade, spline: 1
      StepFunction=(0.2, 0.05 mm), integ: 1, fluct: 1, linLossLim= 0.01
      ===== EM models for the G4Region  DefaultRegionForTheWorld ======
            ICRU73QO : Emin=    0 eV  Emax=    2 MeV  deltaVI
          BetheBloch : Emin=    2 MeV Emax=  100 TeV  deltaVI

hBrems:  for anti_proton  SubType=3
      dE/dx and range tables from 10 eV  to 100 TeV in 260 bins
      Lambda tables from threshold to 100 TeV, 20 bins/decade, spline: 1
      ===== EM models for the G4Region  DefaultRegionForTheWorld ======
               hBrem : Emin=    0 eV  Emax=  100 TeV  ModifiedMephi
      ===== Limit on energy threshold has been applied 

hPairProd:  for anti_proton  SubType=4
      dE/dx and range tables from 10 eV  to 100 TeV in 260 bins
      Lambda tables from threshold to 100 TeV, 20 bins/decade, spline: 1
      Sampling table 17x1001; from 7.50618 GeV to 100 TeV 
      ===== EM models for the G4Region  DefaultRegionForTheWorld ======
           hPairProd : Emin=    0 eV  Emax=  100 TeV  ModifiedMephi

msc:  for kaon+  SubType= 10
      ===== EM models for the G4Region  DefaultRegionForTheWorld ======
            UrbanMsc : Emin=    0 eV  Emax=  100 TeV Nbins=240 100 eV  - 100 TeV
              StepLim=Minimal Rfact=0.2 Gfact=2.5 Sfact=0.6 DispFlag:1 Skin=1 Llimit=1

hIoni:  for kaon+  SubType=2
      dE/dx and range tables from 10 eV  to 100 TeV in 260 bins
      Lambda tables from threshold to 100 TeV, 20 bins/decade, spline: 1
      StepFunction=(0.2, 0.05 mm), integ: 1, fluct: 1, linLossLim= 0.01
      ===== EM models for the G4Region  DefaultRegionForTheWorld ======
               Bragg : Emin=    0 eV  Emax=1.05231 MeV  deltaVI
          BetheBloch : Emin=1.05231 MeV Emax=  100 TeV  deltaVI

hBrems:  for kaon+  SubType=3
      dE/dx and range tables from 10 eV  to 100 TeV in 260 bins
      Lambda tables from threshold to 100 TeV, 20 bins/decade, spline: 1
      ===== EM models for the G4Region  DefaultRegionForTheWorld ======
               hBrem : Emin=    0 eV  Emax=  100 TeV  ModifiedMephi
      ===== Limit on energy threshold has been applied 

hPairProd:  for kaon+  SubType=4
      dE/dx and range tables from 10 eV  to 100 TeV in 260 bins
      Lambda tables from threshold to 100 TeV, 20 bins/decade, spline: 1
      Sampling table 18x1001; from 3.94942 GeV to 100 TeV 
      ===== EM models for the G4Region  DefaultRegionForTheWorld ======
           hPairProd : Emin=    0 eV  Emax=  100 TeV  ModifiedMephi

msc:  for kaon-  SubType= 10
      ===== EM models for the G4Region  DefaultRegionForTheWorld ======
            UrbanMsc : Emin=    0 eV  Emax=  100 TeV Nbins=240 100 eV  - 100 TeV
              StepLim=Minimal Rfact=0.2 Gfact=2.5 Sfact=0.6 DispFlag:1 Skin=1 Llimit=1

hIoni:  for kaon-  SubType=2
      dE/dx and range tables from 10 eV  to 100 TeV in 260 bins
      Lambda tables from threshold to 100 TeV, 20 bins/decade, spline: 1
      StepFunction=(0.2, 0.05 mm), integ: 1, fluct: 1, linLossLim= 0.01
      ===== EM models for the G4Region  DefaultRegionForTheWorld ======
            ICRU73QO : Emin=    0 eV  Emax=1.05231 MeV  deltaVI
          BetheBloch : Emin=1.05231 MeV Emax=  100 TeV  deltaVI

hBrems:  for kaon-  SubType=3
      dE/dx and range tables from 10 eV  to 100 TeV in 260 bins
      Lambda tables from threshold to 100 TeV, 20 bins/decade, spline: 1
      ===== EM models for the G4Region  DefaultRegionForTheWorld ======
               hBrem : Emin=    0 eV  Emax=  100 TeV  ModifiedMephi
      ===== Limit on energy threshold has been applied 

hPairProd:  for kaon-  SubType=4
      dE/dx and range tables from 10 eV  to 100 TeV in 260 bins
      Lambda tables from threshold to 100 TeV, 20 bins/decade, spline: 1
      Sampling table 18x1001; from 3.94942 GeV to 100 TeV 
      ===== EM models for the G4Region  DefaultRegionForTheWorld ======
           hPairProd : Emin=    0 eV  Emax=  100 TeV  ModifiedMephi

msc:  for mu+  SubType= 10
      ===== EM models for the G4Region  DefaultRegionForTheWorld ======
            UrbanMsc : Emin=    0 eV  Emax=  100 TeV Nbins=240 100 eV  - 100 TeV
              StepLim=Minimal Rfact=0.2 Gfact=2.5 Sfact=0.6 DispFlag:1 Skin=1 Llimit=1

muIoni:  for mu+  SubType=2
      dE/dx and range tables from 10 eV  to 100 TeV in 260 bins
      Lambda tables from threshold to 100 TeV, 20 bins/decade, spline: 1
      StepFunction=(0.2, 0.05 mm), integ: 1, fluct: 1, linLossLim= 0.01
      ===== EM models for the G4Region  DefaultRegionForTheWorld ======
               Bragg : Emin=    0 eV  Emax=  200 keV  deltaVI
          BetheBloch : Emin=  200 keV Emax=    1 GeV  deltaVI
        MuBetheBloch : Emin=    1 GeV Emax=  100 TeV

muBrems:  for mu+  SubType=3
      dE/dx and range tables from 10 eV  to 100 TeV in 260 bins
      Lambda tables from threshold to 100 TeV, 20 bins/decade, spline: 1
      ===== EM models for the G4Region  DefaultRegionForTheWorld ======
              MuBrem : Emin=    0 eV  Emax=  100 TeV  ModifiedMephi
      ===== Limit on energy threshold has been applied 

muPairProd:  for mu+  SubType=4
      dE/dx and range tables from 10 eV  to 100 TeV in 260 bins
      Lambda tables from threshold to 100 TeV, 20 bins/decade, spline: 1
      Sampling table 21x1001; from 1 GeV to 100 TeV 
      ===== EM models for the G4Region  DefaultRegionForTheWorld ======
          muPairProd : Emin=    0 eV  Emax=  100 TeV  ModifiedMephi

msc:  for mu-  SubType= 10
      ===== EM models for the G4Region  DefaultRegionForTheWorld ======
            UrbanMsc : Emin=    0 eV  Emax=  100 TeV Nbins=240 100 eV  - 100 TeV
              StepLim=Minimal Rfact=0.2 Gfact=2.5 Sfact=0.6 DispFlag:1 Skin=1 Llimit=1

muIoni:  for mu-  SubType=2
      dE/dx and range tables from 10 eV  to 100 TeV in 260 bins
      Lambda tables from threshold to 100 TeV, 20 bins/decade, spline: 1
      StepFunction=(0.2, 0.05 mm), integ: 1, fluct: 1, linLossLim= 0.01
      ===== EM models for the G4Region  DefaultRegionForTheWorld ======
            ICRU73QO : Emin=    0 eV  Emax=  200 keV  deltaVI
          BetheBloch : Emin=  200 keV Emax=    1 GeV  deltaVI
        MuBetheBloch : Emin=    1 GeV Emax=  100 TeV

muBrems:  for mu-  SubType=3
      dE/dx and range tables from 10 eV  to 100 TeV in 260 bins
      Lambda tables from threshold to 100 TeV, 20 bins/decade, spline: 1
      ===== EM models for the G4Region  DefaultRegionForTheWorld ======
              MuBrem : Emin=    0 eV  Emax=  100 TeV  ModifiedMephi
      ===== Limit on energy threshold has been applied 

muPairProd:  for mu-  SubType=4
      dE/dx and range tables from 10 eV  to 100 TeV in 260 bins
      Lambda tables from threshold to 100 TeV, 20 bins/decade, spline: 1
      Sampling table 21x1001; from 1 GeV to 100 TeV 
      ===== EM models for the G4Region  DefaultRegionForTheWorld ======
          muPairProd : Emin=    0 eV  Emax=  100 TeV  ModifiedMephi

msc:  for pi+  SubType= 10
      ===== EM models for the G4Region  DefaultRegionForTheWorld ======
            UrbanMsc : Emin=    0 eV  Emax=  100 TeV Nbins=240 100 eV  - 100 TeV
              StepLim=Minimal Rfact=0.2 Gfact=2.5 Sfact=0.6 DispFlag:1 Skin=1 Llimit=1

hIoni:  for pi+  SubType=2
      dE/dx and range tables from 10 eV  to 100 TeV in 260 bins
      Lambda tables from threshold to 100 TeV, 20 bins/decade, spline: 1
      StepFunction=(0.2, 0.05 mm), integ: 1, fluct: 1, linLossLim= 0.01
      ===== EM models for the G4Region  DefaultRegionForTheWorld ======
               Bragg : Emin=    0 eV  Emax=297.505 keV  deltaVI
          BetheBloch : Emin=297.505 keV Emax=  100 TeV  deltaVI

hBrems:  for pi+  SubType=3
      dE/dx and range tables from 10 eV  to 100 TeV in 260 bins
      Lambda tables from threshold to 100 TeV, 20 bins/decade, spline: 1
      ===== EM models for the G4Region  DefaultRegionForTheWorld ======
               hBrem : Emin=    0 eV  Emax=  100 TeV  ModifiedMephi
      ===== Limit on energy threshold has been applied 

hPairProd:  for pi+  SubType=4
      dE/dx and range tables from 10 eV  to 100 TeV in 260 bins
      Lambda tables from threshold to 100 TeV, 20 bins/decade, spline: 1
      Sampling table 20x1001; from 1.11656 GeV to 100 TeV 
      ===== EM models for the G4Region  DefaultRegionForTheWorld ======
           hPairProd : Emin=    0 eV  Emax=  100 TeV  ModifiedMephi

msc:  for pi-  SubType= 10
      ===== EM models for the G4Region  DefaultRegionForTheWorld ======
            UrbanMsc : Emin=    0 eV  Emax=  100 TeV Nbins=240 100 eV  - 100 TeV
              StepLim=Minimal Rfact=0.2 Gfact=2.5 Sfact=0.6 DispFlag:1 Skin=1 Llimit=1

hIoni:  for pi-  SubType=2
      dE/dx and range tables from 10 eV  to 100 TeV in 260 bins
      Lambda tables from threshold to 100 TeV, 20 bins/decade, spline: 1
      StepFunction=(0.2, 0.05 mm), integ: 1, fluct: 1, linLossLim= 0.01
      ===== EM models for the G4Region  DefaultRegionForTheWorld ======
            ICRU73QO : Emin=    0 eV  Emax=297.505 keV  deltaVI
          BetheBloch : Emin=297.505 keV Emax=  100 TeV  deltaVI

hBrems:  for pi-  SubType=3
      dE/dx and range tables from 10 eV  to 100 TeV in 260 bins
      Lambda tables from threshold to 100 TeV, 20 bins/decade, spline: 1
      ===== EM models for the G4Region  DefaultRegionForTheWorld ======
               hBrem : Emin=    0 eV  Emax=  100 TeV  ModifiedMephi
      ===== Limit on energy threshold has been applied 

hPairProd:  for pi-  SubType=4
      dE/dx and range tables from 10 eV  to 100 TeV in 260 bins
      Lambda tables from threshold to 100 TeV, 20 bins/decade, spline: 1
      Sampling table 20x1001; from 1.11656 GeV to 100 TeV 
      ===== EM models for the G4Region  DefaultRegionForTheWorld ======
           hPairProd : Emin=    0 eV  Emax=  100 TeV  ModifiedMephi
G4VisManager: Using G4TrajectoryDrawByCharge as fallback trajectory model.
See commands in /vis/modeling/trajectories/ for other options.

### ===  Deexcitation model UAtomDeexcitation is activated for 25 regions:
          DefaultRegionForTheWorld  1  1  1
          cylindricalPET  1  1  1
          module  1  1  1
          unit  1  1  1
          block  1  1  1
          optical  1  1  1
          crystal  1  1  1
          capillaire1  1  1  1
          capillaire1_water  1  1  1
          capillaire2  1  1  1
          capillaire2_water  1  1  1
          capillaire3  1  1  1
          capillaire3_water  1  1  1
          capillaire4  1  1  1
          capillaire4_water  1  1  1
          capillaire5  1  1  1
          capillaire5_water  1  1  1
          capillaire_m1  1  1  1
          capillaire_m1_water  1  1  1
          capillaire_m2  1  1  1
          capillaire_m2_water  1  1  1
          capillaire_m3  1  1  1
          capillaire_m3_water  1  1  1
          capillaire_m4  1  1  1
          capillaire_m4_water  1  1  1
### ===  Ignore cuts flag:   0
(312.168,10.1203,80.6746)
(239.556,-38.7547,61.4861)
(-318.544,-10.5161,-84.9519)
(-414.882,24.9048,-81.5923)
(239.354,224.173,-47.6926)
(264.484,214.264,-94.3309)
(86.7993,-301.533,93.1486)
(120.924,-253.527,49.2794)
(90.2034,-301.222,103.686)
(184,-302.44,117.913)
(-217.353,-230.278,109.434)
(-230.347,-180.983,135.458)
(-224.401,-231.912,111.633)
(-141.593,-236.028,69.4159)
(-249.924,222.956,-95.5793)
(-252.246,188.591,-27.5837)
(-49.5162,-325.047,110.741)
(15.6369,-261.586,35.8004)
(-160.899,274.059,-96.5416)
(-171.404,244.405,-193.5)
(-158.313,273.27,-95.586)
(-111.282,172.024,-24.8551)
(-9.62828,330.491,-31.9905)
(-23.6488,366.75,60.3782)
(-141.274,-288.826,28.1033)
(-162.887,-375.193,133.582)
(120.437,-302.288,-80.7949)
(179.704,-300.409,-98.299)
(310.221,-79.7618,94.6)
(378.76,-0.843624,12.9295)
(-302.306,82.8252,-95.1789)
(-357.501,93.7733,-89.9901)
(-116.192,307.864,30.5321)
(-177.387,251.662,-15.3682)
(-105.158,321.153,46.2537)
(-160.053,358.954,-19.6482)
(-313.142,-102.16,-6.78538)
(-214.845,-90.2395,66.2334)
(-86.7276,-309.032,-90.9573)
(-139.285,-200.787,-78.9527)
(-183.694,254.826,71.6171)
(-241.881,227.942,-52.0364)
(-306.428,-82.6985,-17.9473)
(-333.366,-55.2573,-14.4827)
(319.633,51.6788,11.5202)
(299.566,40.7816,58.3077)
(309.971,73.3347,27.523)
(222.961,84.8867,119.872)
(-260.995,-173.092,-59.3267)
(-203.521,-162.508,-51.0216)
(306.035,63.6072,-103.87)
(216.17,23.8094,-153.151)
(147.463,278.925,108.19)
(205.782,351.023,105.684)
(150.729,280.877,110.228)
(115.961,254.307,98.6446)
(-212.342,-229.974,-91.2391)
(-190.067,-267.884,-157.891)
(-224.41,-244.273,-93.4602)
(-264.144,-179.858,-48.7389)
(-230.128,-243.614,-89.8288)
(-257.139,-264.884,-87.0145)
(-40.2935,317.096,65.8322)
(44.2438,377.6,13.5796)
(-40.4398,318.671,69.3997)
(48.1118,436.207,66.5148)
(254.388,-201.833,-41.7396)
(120.09,-210.652,81.8282)
(254.912,-199.938,-42.8538)
(341.172,-238.011,-33.7612)
(-68.2719,308.973,74.3583)
(-105.12,264.252,173.359)
(-71.3621,304.729,78.776)
(-118.969,174.112,30.169)
(328.22,-22.0218,-9.59167)
(484.438,-8.15064,-56.767)
(332.239,-22.5253,-14.907)
(274.66,-44.1725,-44.2135)
(-325.717,9.20354,5.99002)
(-271.138,107.508,50.3029)
(20.6621,319.868,-4.41609)
(36.7492,286.465,-24.9297)
(227.662,-235.164,2.32057)
(233.984,-192.132,3.77438)
(255.624,187.926,-12.2746)
(328.991,121.353,-129.154)
(-292.121,-119.127,6.57981)
(-212.652,-86.2647,139.964)
(302.976,137.636,79.5865)
(388.474,113.131,-26.3475)
(206.646,-239.869,-101.215)
(208.226,-212.434,-51.8715)
(207.618,-238.669,-101.192)
(357.271,-211.685,-139.606)
(302.289,90.556,2.75501)
(318.34,128.896,-82.3135)
(304.172,85.0244,-9.76735)
(363.44,91.8597,92.3159)
(-287.333,-149.67,0.467686)
(-271.97,-114.111,-22.8514)
(318.102,-25.0982,-106.682)
(294.804,38.3881,-43.3611)
(318.069,27.1099,99.107)
(329.357,62.4446,219.613)
(-242.583,-206.549,53.4055)
(-223.25,-263.711,98.6322)
(-243.877,-205.18,51.1091)
(-255.43,-215.39,-42.3651)
(301.963,87.0665,-21.8735)
(388.182,106.346,53.2899)
(313.996,97.0874,-21.7484)
(358.626,69.7711,-42.4386)
(313.352,102.073,-19.6903)
(297.469,187.635,-88.0919)
(299.958,113.58,-41.2681)
(332.558,42.8239,-34.7714)
(302.486,112.014,-43.2547)
(229.546,46.8223,-54.9571)
(304.403,101.841,-46.8993)
(405.107,38.3825,-118.813)
(-198.643,-240.795,81.5705)
(-194.946,-222.717,33.2285)
(-208.004,-236.545,78.0317)
(-274.187,-209.274,118.807)
(-118.948,-295.067,73.3975)
(-81.0642,-221.4,76.7124)
(308.825,-51.2671,116.938)
(304.759,-70.9008,149.663)
(-74.9041,303.845,-70.2811)
(-39.7996,289.735,-101.04)
(-76.0919,305.729,-67.6558)
(-84.9117,428.501,-85.9332)
(167.55,-288.574,63.9872)
(254.215,-222.074,5.03565)
(167.892,-288.679,63.5709)
(173.461,-146.71,43.6876)
(-291.62,-132.037,-113.521)
(-311.216,-70.7866,-183.048)
(249.824,-190,-63.4683)
(186.838,-275.381,-122.057)
(256.276,-188.694,-58.5191)
(354.217,-152.002,-96.9394)
(272.373,-161.633,29.6698)
(242.017,-119.902,-86.5662)
(278.037,-167.853,39.016)
(237.726,-196.393,208.133)
(-115.798,313.192,-53.6581)
(-136.768,311.723,-73.1998)
(79.2614,-315.842,92.4195)
(53.2664,-317.585,5.74861)
(-236.251,210.246,-63.8084)
(-241.47,175.908,39.8111)
(323.736,41.2982,-82.2514)
(399.325,-9.18967,-72.5435)
(308.156,-96.7151,60.376)
(337.945,-120.014,46.4166)
(-281.58,152.118,-97.24)
(-243.615,134.94,-113.994)
(317.253,72.6782,73.6881)
(232.552,129.938,55.2616)
(165.801,-270.968,-49.508)
(227.541,-338.238,64.6816)
(163.846,-275.388,-47.7264)
(160.08,-150.592,8.85091)
(161.893,-276.546,-49.2485)
(163.069,-268.276,-115.587)
(-85.1015,316.084,53.8593)
(8.22329,249.072,50.8868)
(-83.5506,321.117,50.8054)
(-37.4762,349.287,-58.5013)
(311.083,125.123,100.004)
(290.07,235.142,147.464)
(42.8741,-317.49,41.4638)
(-24.1808,-331.61,123.968)
(44.0624,-320.729,43.0583)
(-3.63268,-333.442,70.9137)
(44.5651,-317.361,42.3318)
(38.3541,-293.603,33.8193)
(-240.526,-198.818,-94.2483)
(-129.796,-216.493,-201.856)
(-246.317,-198.378,-96.4869)
(-321.604,-309.703,-119.289)
(253.248,192.774,95.7308)
(262.081,160.83,73.7702)
(252.324,189.742,100.734)
(210.399,165.66,214.666)
(-306.01,66.3584,70.0246)
(-406.855,71.6151,-5.67536)
(91.8835,302.007,-4.75799)
(102.823,227.434,-69.085)
(90.2762,300.452,-1.89903)
(10.7084,347.647,61.1984)
(7.2509,-311.993,7.78922)
(-9.88556,-306.922,138.019)
(61.2247,312.502,96.8096)
(139.527,275.786,74.3259)
(-283.907,-150.17,-37.6964)
(-358.067,-103.477,-13.2453)
(-288.332,-150.365,-38.3521)
(-371.416,-140.053,6.54606)
(-316.874,-44.7029,-50.1884)
(-404.673,-46.6673,-90.7568)
(-320.357,-41.944,-51.664)
(-396.154,-77.7627,-80.3621)
(309.811,60.4358,63.679)
(370.865,-9.23872,93.8999)
(261.847,-182.271,62.7715)
(253.834,-245.832,76.9667)
(263.328,-184.673,65.642)
(123.896,-147.909,-0.286778)
(-130.215,288.141,-97.4916)
(-111.959,229.074,-142.964)
(-276.102,-151.176,-105.084)
(-269.343,-149.461,-202.584)
(65.6899,-310.375,108.086)
(86.2936,-336.427,131.402)
(64.6858,-311.851,111.352)
(134.232,-235.723,1.69426)
(150.245,297.955,-108.162)
(79.124,290.198,-122.559)
(-88.2622,309.966,104.369)
(-121.888,302.853,98.3675)
(-11.841,-317.16,-106.587)
(23.8122,-347.824,-109.161)
(-12.6755,-315.071,-104.774)
(72.6399,-322.321,-128.295)
(191.268,276.236,-28.5619)
(99.3365,322.659,-14.7212)
(-259.652,-182.063,21.2822)
(-326.438,-229.17,82.3334)
(-263.608,-198.002,10.3115)
(-253.288,-229.341,121.664)
(17.9629,312.618,63.4424)
(-31.392,334.023,246.918)
(191.678,-276.045,-58.7997)
(100.152,-290.102,-107.304)
(192.287,-276.7,-58.1132)
(229.646,-274.448,-64.8415)
(-316.399,94.3678,-53.5632)
(-328.582,134.325,-91.9073)
(-318.386,95.9056,-50.5193)
(-335.615,117.538,23.9176)
(-336.346,-22.5921,-35.3378)
(-325.745,-47.9952,-76.6247)
(-334.392,-25.9813,-38.6536)
(-351.325,-52.5224,-27.6596)
(327.366,29.8405,46.7485)
(340.392,43.6224,-53.2508)
(316.621,25.5784,50.3103)
(233.096,31.9013,-44.6757)
(-296.967,-118.166,-44.1782)
(-306.357,-84.8896,-136.319)
(298.477,111.756,37.2878)
(388.906,139.292,96.6866)
(292.133,123.189,38.7093)
(270.631,170.109,72.8757)
(-236.774,-210.459,-40.5251)
(-299.904,-270.888,41.3499)
(-230.549,-212.247,-38.2632)
(-224.06,-349.26,-157.532)
(206.913,237.523,-2.07036)
(241.057,233.519,9.86665)
(207.431,239.507,-2.68149)
(185.11,134.229,-23.4937)
(-58.2696,316.665,-36.4109)
(-163.002,202.662,-10.9556)
(-54.9808,320.42,-35.5669)
(-4.97142,408.606,-28.6983)
(302.087,-83.1489,124.688)
(340.602,-92.3505,111.152)
(308.383,-92.2884,118.416)
(332.083,-158.901,214.197)
(-307.139,56.6207,97.6851)
(-353.196,-54.1879,93.5816)
(101.731,309.63,29.5579)
(117.094,409.283,54.0564)
(-247.844,-201.866,-20.956)
(-280.059,-258.034,8.25214)
(-246.705,-203.809,-20.3408)
(-273.14,-218.722,-8.05923)
(101.549,-315.577,-49.6005)
(118.449,-360.602,-50.1517)
(173.24,267.811,39.0764)
(184.639,290.987,93.1404)
(272.789,176.784,41.9885)
(255.652,224.825,-6.48989)
(-259.79,-182.055,-39.9115)
(-329.256,-171.226,-24.3316)
(-256.704,-180.061,-36.4596)
(-232.088,-143.128,-134.619)
(-156.486,296.551,-27.5859)
(-105.051,295.855,24.0557)
(217.138,-240.356,22.7633)
(286.976,-221.496,85.5851)
(115.377,294.64,38.2653)
(173.437,302.958,83.498)
(-257.645,-182.487,-36.0546)
(-338.985,-201.488,25.86)
(-320.302,-32.2376,-109.531)
(-229.122,11.4551,-219.879)
(-91.638,304.128,-70.1881)
(-23.7116,317.962,-56.4075)
(113.074,-306.982,73.3048)
(156.211,-434.182,75.3259)
(-228.374,-220.592,101.629)
(-246.932,-244.775,153.66)
(290.271,117.283,-56.8868)
(318.52,73.7582,-62.531)
(293.85,113.575,-55.8253)
(332.36,174.477,-142.996)
(288.46,-128.639,-110.329)
(318.541,-122.336,-76.1727)
(284.928,-128.713,-108.579)
(315.381,-111.483,-84.5278)
(319.604,-22.8933,14.397)
(324.802,-88.0526,40.8373)
(-307.443,58.2642,-28.6662)
(-224.491,54.3783,4.09001)
(-320.75,51.3297,-51.9063)
(-151.859,45.6278,9.01042)
(261.213,-175.522,-89.3303)
(372.393,-163.051,-98.3117)
(267.17,-178.73,-86.8162)
(306.153,-128.585,-67.1005)
(-318.361,78.0273,40.1847)
(-373.012,39.0207,67.512)
(-152.475,278.225,99.7199)
(-99.4317,192.936,52.9721)
(-142.955,-294.751,86.7058)
(-147.923,-343.589,19.3212)
(-231.962,213.618,123.151)
(-266.699,185.159,187.653)
(240.523,-203.709,-116.725)
(277.408,-230.755,2.11147)
(-143.852,-286.755,45.2485)
(-132.984,-350.657,74.9781)
(-140.345,-301.672,43.2684)
(-147.427,-314.741,111.073)
(-141.007,-301.21,43.4431)
(-205.609,-328.727,-14.1215)
(-8.3144,318.956,-47.1675)
(-15.6317,230.002,-123.691)
(188.866,258.797,-36.601)
(221.307,273.011,-80.7368)
(191.615,261.25,-38.5975)
(208.824,183.544,-123.159)
(-173.613,-266.267,37.5349)
(-217.523,-341.008,-27.7322)
(297.168,-114.429,-122.979)
(282.936,-134.858,-31.4526)
(304.596,-113.502,-121.068)
(274.444,-156.794,-36.3025)
(-305.889,85.004,-58.4708)
(-289.277,58.3052,-127.453)
(-305.433,82.7369,-58.7054)
(-354.765,59.9285,-59.4493)
(85.1978,323.681,-3.80413)
(102.437,274.454,35.4787)
(81.9689,325.385,-1.56851)
(48.2189,393.042,16.3149)
(75.503,-303.088,7.04073)
(76.4401,-285.118,64.055)
(314.507,-87.3638,-48.2194)
(290.077,-63.1461,18.9234)
(318.92,1.27143,-81.8749)
(337.927,-35.7865,-23.2817)
(329.015,2.40085,-110.616)
(367.374,-67.6588,-48.7092)
(-323.427,46.5075,-20.5702)
(-379.21,40.3093,-25.5043)
(-306.117,-77.2423,-77.7262)
(-340.571,-158.545,-29.9123)
(-318.205,-82.9165,-72.7432)
(-314.268,-86.6876,-63.7184)
(-72.5016,310.364,-2.15592)
(-87.8955,252.606,-100.211)
(160.542,-279.66,3.69894)
(182.615,-328.026,-19.6518)
(299.174,-90.7707,13.2945)
(363.729,-170.51,-87.8836)
(312.707,-117.67,18.0853)
(370.939,-193.591,-67.3295)
(-285.634,-136.172,73.5548)
(-420.073,-146.178,49.9699)
(-291.614,-149.003,86.2483)
(-242.385,-54.8237,71.2006)
(-136.462,291.314,61.6798)
(-175.701,361.09,77.6872)
(-147.009,300.087,67.1667)
(-115.916,280.539,106.759)
(175.679,263.218,79.5936)
(14.5678,200.929,26.9739)
(-274.245,-151.005,-44.4491)
(-258.289,-53.7434,-60.7554)
(-275.584,-153.295,-36.2164)
(-176.433,-128.965,-1.9882)
(-305.844,-94.4939,82.5022)
(-298.386,-194.528,140.85)
(-307.214,-95.7912,81.3539)
(-240.603,-76.8782,74.4011)
(276.537,-160.293,-114.828)
(309.789,-128.464,-138.697)
(286.322,-159.142,-105.265)
(300.231,-180.601,-65.9822)
(-320.638,-81.2488,-84.5103)
(-259.589,-54.8734,-34.5806)
(278.078,-141.35,-62.4299)
(295.94,-132.235,96.1536)
(280.585,-137.064,-63.8729)
(279.078,-164.833,-108.135)
(-233.397,222.829,101.72)
(-291.122,344.95,102.275)
(19.0575,-316.899,79.7795)
(50.2089,-324.44,81.121)
(-120.129,-296.986,-97.3491)
(-162.757,-266.498,-121.788)
(-261.284,178.608,72.6999)
(-305.053,194.957,131.513)
(193.813,-269.727,-110.363)
(225.369,-281.517,-95.2455)
(-319.855,-77.3974,87.1283)
(-326.408,15.6619,155.397)
(-319.585,-77.0005,86.9947)
(-306.463,-180.835,165.474)
(145.816,-300.647,121.582)
(107.66,-325,145.584)
(57.0708,320.825,22.3988)
(67.7431,291.038,88.4179)
(54.4837,323.535,22.541)
(-14.4917,323.505,-6.94973)
(154.603,-272.023,-18.4316)
(223.31,-324.169,-2.41747)
(163.046,-276.324,-27.3485)
(107.64,-312.194,-32.6566)
(138.621,279.354,58.5789)
(163.036,317.714,105.056)
(-315.949,27.4538,-99.6211)
(-345.167,75.465,-137.625)
(-189.027,-254.374,57.7866)
(-176.306,-201.033,78.8227)
(-56.0116,315.448,30.0388)
(-5.29518,359.112,-56.301)
(260.254,-193.816,-18.3627)
(257.782,-166.949,81.6412)
(-310.159,67.5632,119.67)
(-366.545,56.3409,194.545)
(-311.328,65.0986,120.01)
(-329.454,157.777,32.4408)
(317.494,-65.3935,-116.801)
(304.894,-15.9614,-142.308)
(315.135,-62.9115,-111.047)
(314.732,5.53549,-172.536)
(283.303,144.175,10.5451)
(375.08,176.453,-31.8119)
(-80.0134,-321.149,21.9623)
(-113.972,-322.57,48.8484)
(264.845,178.496,-11.3383)
(285.932,165.139,-50.7254)
(237.321,-217.978,67.2432)
(251.282,-299.842,105.368)
(-173.39,261.784,-79.0862)
(-229.95,280.365,-73.5783)
(-179.725,256.566,-85.8691)
(-327.078,216.924,-131.713)
(97.923,-317.433,-27.5288)
(211.433,-397.905,-159.699)
(-285.222,-131.611,-86.4295)
(-374.338,-183.289,-13.2037)
(-249.655,-222.936,18.6356)
(-312.269,-164.978,33.6361)
(-249.451,-221.985,16.4329)
(-179.833,-150.609,-5.26226)
(136.656,284.518,-23.4917)
(118.686,235.855,115.06)
(248.853,190.892,110.996)
(211.47,213.526,95.8982)
(-278.93,146.152,-33.1538)
(-155.685,204.345,-105.825)
(194.094,-266.118,57.6948)
(203.658,-292.753,57.5121)
(-126.221,-296.812,-36.4373)
(-115.79,-199.696,-65.5731)
(-202.859,243.702,100.336)
(-148.752,176.817,62.4301)
(-290.377,150.865,-63.4726)
(-365.936,114.647,-137.958)
(-85.9251,-308.95,81.1311)
(-88.5959,-338.387,93.3423)
(-89.7088,-311.122,82.1826)
(29.1492,-347.365,41.2143)
(-202.546,-245.547,-52.8044)
(-307.432,-195.832,-189.227)
(317.39,53.9803,51.85)
(309.985,46.9627,69.0164)
(327.825,58.7879,56.7379)
(310.144,66.8317,40.445)
(146.55,-278.15,84.5723)
(170.786,-350.813,119.83)
(-270.895,174.891,-51.7691)
(-249.778,244.502,-16.4263)
(150.782,274.512,-3.90055)
(157.425,224.039,40.382)
(147.444,285.458,-2.396)
(169.288,302.017,14.0729)
(-64.1983,-312.572,6.87871)
(-18.2475,-296.648,13.1686)
(-62.352,-318.664,9.8943)
(-21.3864,-530.589,87.1267)
(-235.878,-207.7,-112.548)
(-282.829,-257.064,-120.981)
(-234.802,-214.203,-114.586)
(-210.199,-234.472,-20.1977)
(299.634,-139.079,-62.4291)
(205.247,-169.88,0.824587)
(304.193,-141.861,-65.8953)
(359.531,-61.0866,-127.641)
(-183.087,281.272,121.816)
(-103.028,276.749,132.995)
(262.881,-198.231,-56.7727)
(208.093,-188.424,-12.4003)
(-211.773,241.815,70.3749)
(-222.3,245.069,113.307)
(-313.66,-59.0466,-110.061)
(-276.386,-62.6755,-29.3829)
(-323.456,-43.2067,-112.985)
(-362.268,-101.919,-242.559)
(65.7573,305.355,-13.5504)
(73.4609,295.365,-25.5112)
(94.4065,-316.565,13.7072)
(87.7658,-211.244,31.3941)
(260.668,-177.04,-94.8582)
(190.115,-172.065,-25.6329)
(116.311,299.042,-46.4584)
(62.6266,346.277,-29.9577)
(-94.1861,317.281,89.1488)
(-99.4141,359.245,75.7659)
(-92.9972,322.582,97.6348)
(-33.1657,400.124,105.151)
(-94.1887,320.916,102.353)
(-74.1734,204.48,19.4502)
(-5.70911,-316.932,-86.635)
(-62.3246,-294.648,-32.7922)
(-325.569,56.4936,86.4395)
(-359.181,49.6496,168.8)
(-276.371,145.306,20.4551)
(-259.932,226.682,119.215)
(-289.55,150.522,27.2972)
(-278.411,141.285,103.448)
(297.724,-111.328,-12.7638)
(279.823,-65.5973,-51.2131)
(-223.531,-237.816,53.6049)
(-229.015,-294.615,63.0437)
(328.604,-31.9375,122.006)
(267.446,-84.5697,111.608)
(-294.32,-110.234,-124.488)
(-291.106,-179.294,-75.821)
(255.097,-191.728,123.579)
(321.298,-145.223,63.7076)
(299.692,-137.062,-114.894)
(255.409,-36.8685,-149.897)
(302.249,-136.065,-114.587)
(269.476,-120.005,-188.368)
(-214.027,-234.341,-1.81723)
(-148.379,-161.359,3.09763)
(-234.479,-224.152,16.2793)
(-231.689,-293.222,95.0482)
(269.465,194.678,2.14675)
(216.713,153.329,79.4899)
(272.095,197.933,5.56997)
(150.404,200.081,-57.2285)
(50.6632,-311.709,-101.092)
(10.5547,-225.986,-267.985)
(298.037,-99.3785,71.3534)
(248.503,-122.51,61.3857)
(-100.015,-299.003,-36.2482)
(-180.052,-351.997,32.78)
(249.493,198.758,22.6628)
(290.679,186.273,16.5979)
(247.798,201.137,22.2094)
(247.643,202.685,122.976)
(156.818,-271.487,72.9782)
(98.8798,-216.157,126.36)
(-282.065,-133.683,47.831)
(-214.652,-232.126,119.358)
(287.897,127.619,-43.9829)
(319.327,89.8713,-0.895193)
(292.148,146.906,-58.3969)
(245.375,121.513,-8.75526)
(45.592,325.09,35.8542)
(68.5689,296.794,-66.0425)
(27.8857,323.269,33.1184)
(21.2525,396.183,30.8834)
(-24.8392,-320.267,-32.7714)
(-62.7941,-288.006,12.9138)
(297.886,111.353,-123.171)
(264.613,148.786,-80.0954)
(320.582,22.9268,-6.83552)
(279.738,-6.13094,-75.6171)
(-298.368,110.122,19.8255)
(-362.267,90.4392,64.248)
(-258.86,-181.061,-78.0915)
(-220.296,-158.645,-131.508)
(-314.535,-27.0346,16.84)
(-340.59,-97.2668,68.5091)
(-323.116,-26.1016,6.91381)
(-258.967,14.2501,74.5133)
(-322.444,-75.5528,-123.533)
(-358.182,-55.5886,-235.903)
(202.641,240.268,21.3871)
(152.803,185.703,48.4396)
(-275.61,-151.888,52.8254)
(-292.057,-42.4648,132.575)
(176.223,-263.529,67.031)
(307.008,-253.886,63.7416)
(-161.114,270.252,-63.3467)
(-208.929,222.328,-24.0318)
(314.064,46.4839,40.0553)
(341.309,15.6822,80.7381)
(-314.004,-17.6249,-16.4757)
(-334.275,-5.67314,-34.8742)
(-7.3405,-314.388,-84.9421)
(-95.8021,-227.055,-157.569)
(-3.81357,-314.159,-83.2386)
(-32.2308,-377.348,-109.838)
(231.214,-218.651,62.0541)
(288.663,-222.559,101.07)
(-278.889,140.314,-41.1228)
(-288.697,83.5217,50.0362)
(325.962,83.7196,9.13219)
(336.43,-29.067,-43.3848)
(301.218,98.4072,40.0199)
(335.553,177.381,75.1323)
(306.779,126.479,40.5998)
(306.301,244.417,91.0597)
(-251.326,-186.425,-74.2663)
(-117.78,-176.951,-101.046)
(-254.126,-185.22,-79.4779)
(-317.103,-255.543,20.3846)
(-257.649,179.598,-12.7557)
(-260.673,96.8622,86.2085)
(-259.185,178.806,-12.5554)
(-202.327,192.889,50.5891)
(-192.88,262.102,-21.5866)
(-214.738,318.781,57.1)
(272.255,-183.977,16.6001)
(265.734,-203.43,24.1817)
(276.169,-187.692,18.8078)
(331.431,-260.833,-38.1168)
(304.743,-75.9404,34.4621)
(308.224,-77.8309,-35.0823)
(306.923,-74.0453,30.7944)
(289.79,-97.4139,9.45693)
(-285.399,-126.943,73.724)
(-322.128,-122.193,165.487)
(-284.989,-128.29,73.4906)
(-304.956,-38.4556,192.206)
(270.187,160.349,-3.45779)
(306.92,124.693,80.0214)
(270.289,165.377,-6.49109)
(305.608,228.399,17.6984)
(179.785,-276.376,-103.181)
(152.735,-246.129,-191.42)
(-230.453,217.426,80.2502)
(-194.289,288.715,105.85)
(-231.164,219.845,82.7166)
(-221.067,230.809,109.618)
(-230.946,224.892,91.7223)
(-239.838,193.852,99.7695)
(321.923,-3.80258,15.5668)
(264.642,-0.174149,-7.27688)
(-324.206,7.99978,-32.478)
(-346.035,-0.113367,0.655735)
(309.148,-51.5867,97.09)
(341.395,-45.9605,233.85)
(-53.1677,-313.898,-112.195)
(-23.0525,-266.792,-78.6305)
(-54.0274,-313.64,-114.755)
(64.6335,-287.295,-54.6809)
(-49.1152,-317.751,-107.871)
(-10.8862,-299.196,-36.5823)
(-47.4678,-317.666,-106.285)
(-77.1478,-356.351,-77.2864)
(144.946,284.416,103.409)
(256.716,279.687,56.8816)
(144.872,283.557,104.497)
(110.241,304.061,157.93)
(40.897,-322.102,120.291)
(101.496,-323.553,144.595)
(28.6081,-319.774,119.908)
(-43.5825,-295.536,175.377)
(-176.927,258.498,-94.6572)
(-277.472,264.443,-85.6582)
(-177.3,265.741,-97.1066)
(-246.492,362.804,-59.6179)
(-14.2985,-313.084,-90.6894)
(-67.2229,-325.759,-120.762)
(-301.653,-86.3931,-74.4261)
(-323.539,-57.9929,-120.817)
(251.752,207.807,-58.1726)
(267.508,188.443,-32.0517)
(254.196,205.89,-61.954)
(237.495,303.671,13.9012)
(-152.798,-282.444,78.9478)
(-217.3,-272.252,158.196)
(-165.392,-288.99,91.4894)
(-163.034,-255.217,112.831)
(-161.9,-292.578,91.5173)
(-42.6683,-364.974,106.456)
(148.938,-290.495,68.2825)
(224.931,-271.525,57.8095)
(301.549,85.9452,65.4781)
(291.115,103.454,114.605)
(-155.349,273.736,-73.1049)
(-143.091,240.971,-120.052)
(164.297,-286.473,-123.654)
(79.7793,-287.383,-128.166)
(-316.274,-50.2897,79.7256)
(-382.783,-61.176,138.792)
(-329.748,-48.9006,71.9422)
(-301.096,51.0941,17.1133)
(174.25,-269.159,83.3924)
(114.378,-260.749,-46.6385)
(-253.889,184.027,-59.7769)
(-329.398,216.723,-13.586)
(-311.739,121.365,34.0546)
(-266.044,40.1725,96.2274)
(229.999,-211.717,-52.3214)
(334.811,-162.585,-174.551)
(299.1,-92.6176,-2.33638)
(229.605,-58.0483,-17.1134)
(306.015,-99.4617,-1.85655)
(274.115,-165.059,-85.296)
(220.589,-227.939,-59.1232)
(216.061,-198.458,-89.7254)
(-42.3844,316.263,-66.4994)
(-74.0066,199.345,-83.4711)
(134.28,-287.593,59.8246)
(181.942,-160.304,76.827)
(-125.051,296.33,88.8204)
(-199.196,380.192,69.7487)
(-162.033,291.762,-90.8118)
(-184.369,230.388,-86.2354)
(68.1741,-307.836,93.1362)
(63.7701,-255.85,190.805)
(74.0379,-316.172,87.8155)
(118.784,-363.882,148.429)
(311.822,11.7871,102.669)
(265.964,74.0119,114.173)
(168.155,-288.221,97.1908)
(217.016,-341.052,68.1976)
(-286.847,137.513,-43.3967)
(-184.417,84.5974,-65.6011)
(182.211,-276.373,54.8042)
(220.894,-250.581,127.634)
(181.291,-278.2,62.9618)
(149.295,-250.595,53.3452)
(-158.155,276.248,61.7919)
(-104.025,213.346,159.122)
(71.5069,-309.303,-66.462)
(49.3514,-236.556,-71.9523)
(-10.5197,336.229,46.2426)
(-62.4835,248.544,62.4892)
(-86.1628,-308.221,-38.9842)
(-98.3029,-237.213,9.87331)
(225.131,219.373,15.1742)
(221.007,267.312,24.4472)
(317.714,-52.1121,92.9501)
(301.379,-17.9974,54.1092)
(-309.393,45.7856,-118.746)
(-365.112,32.4504,-158.374)
(302.792,76.7904,-33.2769)
(339.978,38.6873,-54.6961)
(-136.863,-281.004,71.3813)
(-77.5015,-275.55,2.02844)
(155.552,-274.13,-107.213)
(69.6244,-248.356,-95.518)
(-239.118,219.061,-21.4722)
(-281.017,247.551,-111.371)
(71.4298,-306.986,32.4155)
(121.553,-296.762,37.0323)
(-278.33,-160.38,-102.256)
(-270.944,-170.868,54.2503)
(309.385,82.439,55.2493)
(324.681,75.6235,-52.881)
(-251.812,-184.328,92.6754)
(-269.051,-211.203,51.7704)
(-290.331,-154.979,48.1613)
(-243.437,-181.135,76.3178)
(-295.28,-148.758,36.8202)
(-280.302,-234.681,-21.6362)
(-293.282,-145.638,34.7173)
(-285.917,-148.699,-42.676)
(319.862,51.0329,117.539)
(338.602,-66.3848,126.581)
(303.119,94.9047,-51.215)
(334.771,112.27,-152.313)
(-276.878,-190.218,95.0727)
(-235.175,-171.54,80.7961)
(-230.56,211.079,-69.9154)
(-106.369,284.129,56.6123)
(-5.05419,-313.97,107.43)
(73.6644,-282.547,152.868)
(-2.42944,-314.958,105.807)
(-38.892,-402.277,108.273)
(303.238,88.7266,-15.0859)
(357.664,-35.9229,110.883)
(305.05,86.517,-8.58478)
(336.564,4.51995,-30.2249)
(279.684,-158.462,31.5218)
(265.202,-120.949,-55.5091)
(-179.778,269.493,-53.4636)
(-287.055,236.66,13.0836)
(-180.014,268.231,-53.0964)
(-210.075,289.575,-19.4435)
(155.376,-286.101,1.43252)
(134.053,-245.067,156.22)
(153.442,-285.31,4.74509)
(60.8175,-416.016,-43.2566)
(310.809,62.1414,-50.5435)
(186.686,155.036,-113.037)
(308.634,65.6367,-46.4472)
(406.926,33.5282,-40.4577)
(-313.086,30.8274,6.97078)
(-261.755,26.7715,-48.6516)
(312.837,-81.8241,-11.4207)
(246.103,-12.1671,35.6245)
(72.9794,324.805,46.7066)
(0.114169,260.451,-3.83214)
(27.8356,-314.951,-46.2872)
(-88.3889,-252.175,17.8449)
(234.665,-214.597,106.765)
(336.133,-105.786,91.5954)
(-160.383,-293.961,-66.9693)
(-188.79,-319.9,-15.6023)
(224.091,237.162,-116.14)
(278.943,235.772,-128.717)
(-261.881,-183.216,88.3455)
(-239.743,-200.936,82.4319)
(253.581,-212.298,-35.0389)
(286.863,-182.078,34.3675)
(-99.2376,307.319,50.5397)
(-76.7563,265.635,-5.27656)
(203.606,244.39,-18.0332)
(255.766,331.677,-45.8124)
(206.973,242.105,-21.1483)
(238.83,257.027,-39.8698)
(-191.833,-255.313,22.5324)
(-211.717,-243.047,14.7533)
(315.938,-82.0749,-37.882)
(359.845,-85.3375,-24.4242)
(320.699,-86.7001,-39.2328)
(361.005,-209.035,9.30893)
(320.407,-90.6403,-41.1937)
(312.449,-102.768,39.6504)
(-307.317,134.368,63.8918)
(-281.119,158.875,13.6754)
(-116.973,-307.343,63.62)
(-243.509,-219.801,87.1393)
(-160.261,272.771,-54.6299)
(-125.056,136.304,-77.1004)
(-162.531,274.881,-51.9577)
(-149.411,260.131,-129.659)
(-280.015,139.466,-67.5238)
(-250.326,144.293,-153.387)
(231.415,-217.745,107.285)
(145.793,-151.657,84.5129)
(-205.84,-238.963,-118.729)
(-176.636,-238.527,-149.561)
(239.367,215.898,104.503)
(266.778,192.612,101.034)
(231.143,216.023,109.138)
(153.433,220.084,72.1028)
(-159.363,270.03,67.0073)
(-144.382,354.174,95.1762)
(308.315,66.4171,-6.59477)
(374.275,114.268,12.8247)
(307.986,72.6578,-0.892131)
(200.271,-4.69701,149.302)
(-288.872,-169.073,12.994)
(-219.283,-141.845,10.3654)
(-289.567,-169.908,13.4597)
(-282.01,-149.369,-71.7927)
(-287.211,-170.569,12.8045)
(-254.967,-165.538,141.334)
(297.48,-131.154,-83.1149)
(307.991,-148.589,-99.2978)
(298.318,-130.065,-85.7701)
(294.455,-231.805,-167.46)
(-294.356,-138.359,72.6993)
(-264.639,-126.22,92.6777)
(239.186,206.399,-108.254)
(173.626,117.858,-76.943)
(-289.262,-118.187,-122.17)
(-271.9,-115.978,-161.536)
(-81.8571,-308.508,65.773)
(-80.3615,-310.602,29.383)
(211.844,252.32,-56.2396)
(232.386,352.25,-132.291)
(-306.225,-82.6001,-52.9674)
(-293.774,-37.5746,90.2817)
(-307.473,-76.7166,-42.5403)
(-379.553,-137.775,-47.0336)
(-323.368,-30.3704,38.594)
(-388.117,-116.696,72.366)
(311.89,16.8084,-18.5576)
(191.676,45.7258,40.5418)
(-307.587,60.1828,35.9758)
(-317.492,-8.27747,-84.7263)
(-312.167,-19.6905,7.68358)
(-361.731,-25.6951,10.7625)
(-318.916,-16.3734,8.36864)
(-284.662,-75.9102,76.0299)
(-320.001,-15.4462,7.1887)
(-257.484,63.7051,35.7986)
(-267.575,190.162,65.1065)
(-327.766,171.644,81.0391)
(249.352,213.629,12.193)
(177.343,205.451,45.0719)
(250.48,216.838,13.8404)
(351.322,160.638,124.23)
(248.683,223.177,14.4634)
(298.613,237.901,-5.16915)
(-18.7698,-312.248,-12.986)
(-47.6253,-349.148,17.4976)
(-15.5293,-313.123,-16.4466)
(29.3242,-344.071,-79.182)
(181.642,-259.051,-85.9394)
(269.329,-359.116,-39.5676)
(190.34,-266.944,-96.9654)
(231.4,-246.9,-35.4134)
(189.981,-276.796,-93.6195)
(186.109,-296.4,-154.042)
(-43.7742,316.636,107.075)
(-19.6193,289.811,91.0609)
(-264.61,184.201,-61.215)
(-336.033,227.711,-77.5952)
(73.351,-315.497,105.144)
(73.1994,-332.136,74.3822)
(-312.671,4.90927,39.9549)
(-218.576,-41.4184,51.4885)
(-315.621,9.10287,43.2136)
(-263.391,171.28,15.0232)
(321.925,-12.1161,-99.9285)
(302.751,69.6188,-65.0287)
(-222.316,233.672,-110.723)
(-224.338,185.671,-75.3051)
(-222.704,233.715,-110.756)
(-256.553,298.718,-153.68)
(307.572,-57.4871,-86.8048)
(441.852,-16.9881,-201.257)
(309.157,-55.7767,-87.9794)
(289.473,-81.9136,-66.7157)
(-307.43,61.0233,94.6371)
(-223.709,79.3532,107.789)
(-187.175,277.016,-71.3028)
(-213.602,259.442,27.6682)
(-21.9354,-315.704,83.1307)
(-39.6111,-293.194,105.358)
(-18.6411,-318.952,81.4194)
(-81.6132,-354.694,161.414)
(147.321,302.407,-14.7234)
(66.0409,237.453,28.307)
(-205.835,261.572,16.4582)
(-301.569,336.391,-25.8585)
(-206.129,257.064,17.2704)
(-189.791,310.955,-42.5105)
(-266.473,200.381,110.419)
(-163.401,361.65,28.0065)
(-303.732,-102.109,-71.2102)
(-258.324,-13.7659,-62.1799)
(-300.047,-110.753,-64.7431)
(-295.167,-222.625,-116.058)
(285.58,135.206,92.0676)
(289.15,90.9897,130.275)
(289.152,131.39,90.8465)
(301.14,110.916,141.823)
(289.177,153.908,81.5127)
(239.068,124.581,60.2137)
(295.913,157.454,86.3034)
(229.512,165.284,92.7418)
(297.408,149.139,85.8408)
(289.393,79.838,23.9883)
(314.436,-25.6329,-73.7946)
(297.588,30.8074,-13.7995)
(322.347,-29.3774,-66.7658)
(283.659,-105.714,-86.3116)
(-66.7051,306.614,-18.4997)
(-75.0548,393.879,82.196)
(-82.5364,308.142,-22.2429)
(-123.194,386.255,30.057)
(261.348,-180.194,12.9699)
(370.08,-263.594,-47.4275)
(258.626,-185.282,20.4469)
(235.619,-185.579,35.8901)
(76.3986,314.772,121.077)
(88.5775,152.197,96.399)
(83.3068,321.736,119.389)
(-57.3365,345.286,161.578)
(320.085,-104.096,-81.1078)
(419.363,-145.711,-76.4393)
(-118.892,300.586,51.3407)
(-23.2231,308.901,60.6658)
(-120.677,306.749,45.9986)
(-67.9767,347.813,103.588)
(-100.621,-297.375,-51.774)
(-126.468,-330.183,-162.225)
(290.83,149.812,-35.1484)
(257.343,51.6504,-6.82163)
(-290.711,-159.399,40.2879)
(-334.929,-115.444,-12.6186)
(-292.468,143.223,108.509)
(-316.24,231.581,208.912)
(-304.736,140.341,115.472)
(-409.833,134.257,144.845)
(-312.586,53.0154,-115.569)
(-289.65,112.188,-46.728)
(320.173,-26.0656,59.046)
(293.09,-5.05021,-0.299667)
(-304.324,78.7094,-115.665)
(-385.558,70.8086,-97.4509)
(-305.69,81.4396,-113.184)
(-325.881,68.1758,-73.0792)
(-303.059,83.5364,-108.738)
(-358.869,50.3931,-133.35)
(-320.288,-45.9794,115.124)
(-356.082,-70.0139,93.292)
(308.581,-81.9646,-65.9841)
(351.807,-68.4762,-90.7807)
(309.333,-82.7306,-70.3083)
(340.561,-31.5285,-75.1612)
(312.41,41.1753,108.211)
(377.168,43.548,75.6992)
(101.189,307.88,-16.3611)
(41.8565,259.128,-16.2165)
(131.581,287.959,-124.995)
(98.013,341.527,-52.8927)
(-276.643,-145.356,64.1888)
(-300.082,-187.378,140.886)
(-292.568,-129.353,66.5093)
(-353.926,-93.1572,221.262)
(218.301,-225.856,105.402)
(201.626,-264.608,166.963)
(312.608,65.848,78.9654)
(326.807,24.853,103.964)
(314.953,68.0765,79.5307)
(394.698,77.4896,82.1179)
(313.341,67.5506,82.7809)
(296.352,22.081,37.5887)
(303.016,82.5438,-58.0461)
(308.27,125.627,-98.4369)
(305.774,82.0809,-58.8446)
(311.678,25.5899,-79.0725)
(-136.024,302.19,50.4533)
(-175.575,304.294,11.9417)
(-136.518,301.716,48.5984)
(-107.194,462.097,-0.896262)
(-138.115,302.286,47.5197)
(-68.9345,317.666,-50.9239)
(256.705,-180.571,-29.428)
(290.404,-167.426,22.7986)
(266.333,-179.391,-37.2352)
(238.423,-224.64,59.6208)
(-266.176,-204.316,-10.4885)
(-346.556,-146.652,41.4918)
(116.279,296.537,19.7197)
(169.478,442.488,29.9672)
(-289.71,136.513,-91.0138)
(-362.878,117.773,-99.8028)
(45.5698,312.965,31.1987)
(6.10105,297.502,-28.2409)
(48.2221,312.334,30.9178)
(-22.6542,250.587,39.6667)
(-44.3981,-315.607,-8.31505)
(41.8218,-377.067,-16.377)
(-50.3612,-320.615,-10.9724)
(-169.086,-306.015,45.4806)
(187.479,272.965,5.90834)
(299.382,254.109,62.7761)
(187.813,274.871,7.10007)
(114.404,169.565,-94.4014)
(324.923,-11.1258,36.0535)
(315.436,-22.2796,42.7951)
(325.586,-6.66902,35.7471)
(186.282,35.1931,47.7957)
(-314.23,27.0955,-88.8824)
(-298.934,18.4992,-62.4372)
(-269.272,174.766,-55.7196)
(-335.812,245.242,-231.593)
(-273.41,186.36,-52.2382)
(-244.161,145.698,-29.9318)
(-275.066,191.32,-54.1734)
(-305.766,209.511,-23.5404)
(145.538,-279.304,87.5334)
(213.976,-262.251,64.9817)
(148.272,-285.492,89.4367)
(48.72,-360.686,94.9)
(152.545,-282.673,87.6958)
(120.768,-262.398,85.5206)
(-137.478,304.671,-18.7018)
(-166.06,261.114,-47.4688)
(-139.818,304.028,-19.0411)
(-198.453,318.713,43.4033)
(313.428,1.69618,-9.47813)
(347.27,99.1043,-17.6435)
(321.347,6.41736,-12.7134)
(365.312,131.197,-115.556)
(323.883,9.80276,-14.0592)
(366.247,37.0057,36.7817)
(-314.982,-1.74769,19.3645)
(-339.324,9.70915,-8.37423)
(-256.516,181.384,-108.735)
(-229.172,275.34,-158.364)
(212.304,-237.708,40.176)
(214.292,-156.734,-30.0119)
(-322.315,50.4733,124.726)
(-266.626,60.5487,141.632)
(-176.927,259.936,-108.277)
(-192.89,152.223,-32.4277)
0 events have been kept for refreshing and/or reviewing.
  "/vis/reviewKeptEvents" to review them one by one.
  "/vis/enable", then "/vis/viewer/flush" or "/vis/viewer/rebuild" to see them accumulated.
[Core-0] End of macro ./split/.Gate/main119/main8.mac
Graphics systems deleted.
Visualization Manager deleting...
