[G4] 
[G4] **************************************************************
[G4]  Geant4 version Name: geant4-10-07-patch-02    (11-June-2021)
[G4]                        Copyright : Geant4 Collaboration
[G4]                       References : NIM A 506 (2003), 250-303
[G4]                                  : IEEE-TNS 53 (2006), 270-278
[G4]                                  : NIM A 835 (2016), 186-225
[G4]                              WWW : http://geant4.org/
[G4] **************************************************************
[G4] 
[Core-0] Initialization of geometry
[Core-0] Initialization of physics
[Core-0] Initialization of actors
[Core-0] 
[Core-0] *************************************************
[Core-0]  GATE version 9.1 (2021)
[Core-0]  Copyright : OpenGATE Collaboration
[Core-0]  Reference : Phys. Med. Biol. 49 (2004) 4543-4561
[Core-0]  Reference : Phys. Med. Biol. 56 (2011) 881-901
[Core-0]  Reference : Med. Phys. 41(6)    (2014)
[Core-0]  http://www.opengatecollaboration.org        
[Core-0] *************************************************
[Core-0] 
[Core-0] You are using Geant4 version 10.7.2
[Core-0] Starting macro ./split/.Gate/main121/main15.mac
0: RINDEX
1.84e-06   1.00028
4.08e-06   1.00028
9: GROUPVEL
1.84e-06   299.709
4.08e-06   299.709
16: ABSLENGTH
1.84e-06   50000
4.08e-06   50000
 <!> *** WARNING *** <!>  GateMaterialDatabase: Multiple definition of element: Yttrium.
The definition in ClMind_GateMaterials.db was used.


GATE object:        'systems/cylindricalPET'
Components:

GATE object:        'systems/cylindricalPET/base'
Attached to volume: cylindricalPET
Nb of children:       1

	GATE object:        'systems/cylindricalPET/rsector'
	Attached to volume: module
	Nb of children:       1

		GATE object:        'systems/cylindricalPET/module'
		Attached to volume: unit
		Nb of children:       1

			GATE object:        'systems/cylindricalPET/submodule'
			Attached to volume: block
			Nb of children:       1

				GATE object:        'systems/cylindricalPET/crystal'
				Attached to volume: optical
				Nb of children:       4

					GATE object:        'systems/cylindricalPET/layer0'
					Attached to volume: crystal
					Nb of children:       0

					GATE object:        'systems/cylindricalPET/layer1'
					Attached to volume: ---
					Nb of children:       0

					GATE object:        'systems/cylindricalPET/layer2'
					Attached to volume: ---
					Nb of children:       0

					GATE object:        'systems/cylindricalPET/layer3'
					Attached to volume: ---
					Nb of children:       0
geometrical design type: 1
ring diameter: -3.95 mm 
rsector axial pitch: 0 fm 
rsector azimuthal pitch: 12.8571 degree
rsector tangential size: 2.5 cm 
rsector axial size: 25.04 cm 
module axial size: 4.784 cm 
module tangential size: 2.5 cm 
module axial pitch: 0 fm 
module tangential pitch: 0 fm 
submodule axial size: 4.784 cm 
submodule tangential size: 2.5 cm 
submodule axial pitch: 0 fm 
submodule tangential pitch: 0 fm 
crystal radial size: 1.59 cm 
crystal axial size: 1.59 cm 
crystal tangential size: 2.5 cm 
crystal axial pitch: 0 fm 
crystal tangential pitch: 0 fm 
layer0 radial size: 3.95 mm 
in layer0 interaction length: 1.975 mm 
Axial nb of rsectors: 1
Azimuthal nb of rsectors: 28
Axial nb of modules: 1
Tangential nb of modules: 1
Axial nb of submodules: 1
Tangential nb of submodules: 1
Axial nb of crystals: 1
Tangential nb of crystals: 1
Radial nb of layers: 1
[Physic-0] The following Geant4's physic-list is enabled :emstandard_opt3


List of Enabled processes:




List of initialized processes:


[Core-0] Initialization of geometry
[Core-0] Initialization of physics
[Core-0] Initialization of actors
 <!> *** WARNING *** <!>  The 'energytype' option is DEPRECATED, use 'ene/type' instead!
 <!> *** WARNING *** <!>  The 'energytype' option is DEPRECATED, use 'ene/type' instead!
 <!> *** WARNING *** <!>  The 'energytype' option is DEPRECATED, use 'ene/type' instead!
 <!> *** WARNING *** <!>  The 'energytype' option is DEPRECATED, use 'ene/type' instead!
 <!> *** WARNING *** <!>  The 'energytype' option is DEPRECATED, use 'ene/type' instead!
 <!> *** WARNING *** <!>  The 'energytype' option is DEPRECATED, use 'ene/type' instead!
 <!> *** WARNING *** <!>  The 'energytype' option is DEPRECATED, use 'ene/type' instead!
 <!> *** WARNING *** <!>  The 'energytype' option is DEPRECATED, use 'ene/type' instead!
 <!> *** WARNING *** <!>  The 'energytype' option is DEPRECATED, use 'ene/type' instead!
[Acquisition-0]   
[Acquisition-0] ============= Source initialization =============
[Acquisition-0]   
[Acquisition-0] ============= Acquisition starts! =============
[Acquisition-0] Simulation start time = 0 sec
[Acquisition-0] Simulation end time   = 1 sec
[Acquisition-0] Simulation will have  = 1 run(s)
[Acquisition-0] Slice 0 from 0 to 1 s [slice=1 s]

### ===  Deexcitation model UAtomDeexcitation is activated for 25 regions:
          DefaultRegionForTheWorld  1  1  1
          cylindricalPET  1  1  1
          module  1  1  1
          unit  1  1  1
          block  1  1  1
          optical  1  1  1
          crystal  1  1  1
          capillaire1  1  1  1
          capillaire1_water  1  1  1
          capillaire2  1  1  1
          capillaire2_water  1  1  1
          capillaire3  1  1  1
          capillaire3_water  1  1  1
          capillaire4  1  1  1
          capillaire4_water  1  1  1
          capillaire5  1  1  1
          capillaire5_water  1  1  1
          capillaire_m1  1  1  1
          capillaire_m1_water  1  1  1
          capillaire_m2  1  1  1
          capillaire_m2_water  1  1  1
          capillaire_m3  1  1  1
          capillaire_m3_water  1  1  1
          capillaire_m4  1  1  1
          capillaire_m4_water  1  1  1
### ===  Ignore cuts flag:   0

phot:  for gamma applyCuts:1  SubType=12 BuildTable=0
      LambdaPrime table from 200 keV to 100 TeV in 174 bins 
      ===== EM models for the G4Region  DefaultRegionForTheWorld ======
 LivermorePhElectric : Emin=    0 eV  Emax=  100 TeV  SauterGavrila Fluo

compt:  for gamma applyCuts:1  SubType=13 BuildTable=1
      Lambda table from 10 eV  to 1 MeV, 20 bins/decade, spline: 1
      LambdaPrime table from 1 MeV to 100 TeV in 160 bins 
      ===== EM models for the G4Region  DefaultRegionForTheWorld ======
        KleinNishina : Emin=    0 eV  Emax=  100 TeV Fluo

conv:  for gamma applyCuts:1  SubType=14 BuildTable=1
      Lambda table from 1.022 MeV to 100 TeV, 20 bins/decade, spline: 1
      ===== EM models for the G4Region  DefaultRegionForTheWorld ======
     BetheHeitlerLPM : Emin=    0 eV  Emax=  100 TeV  ModifiedTsai

Rayl:  for gamma applyCuts:1  SubType=11 BuildTable=1
      Lambda table from 10 eV  to 100 keV, 20 bins/decade, spline: 0
      LambdaPrime table from 100 keV to 100 TeV in 180 bins 
      ===== EM models for the G4Region  DefaultRegionForTheWorld ======
   LivermoreRayleigh : Emin=    0 eV  Emax=  100 TeV  CullenGenerator

msc:  for e-  SubType= 10
      ===== EM models for the G4Region  DefaultRegionForTheWorld ======
            UrbanMsc : Emin=    0 eV  Emax=  100 TeV Nbins=240 100 eV  - 100 TeV
              StepLim=DistanceToBoundary Rfact=0.04 Gfact=2.5 Sfact=0.6 DispFlag:1 Skin=1 Llimit=1

eIoni:  for e-  SubType=2
      dE/dx and range tables from 10 eV  to 100 TeV in 260 bins
      Lambda tables from threshold to 100 TeV, 20 bins/decade, spline: 1
      StepFunction=(0.2, 0.1 mm), integ: 1, fluct: 1, linLossLim= 0.01
      ===== EM models for the G4Region  DefaultRegionForTheWorld ======
        MollerBhabha : Emin=    0 eV  Emax=  100 TeV  deltaVI

eBrem:  for e-  SubType=3
      dE/dx and range tables from 10 eV  to 100 TeV in 260 bins
      Lambda tables from threshold to 100 TeV, 20 bins/decade, spline: 1
      LPM flag: 1 for E > 1 GeV,  VertexHighEnergyTh(GeV)= 100000
      ===== EM models for the G4Region  DefaultRegionForTheWorld ======
             eBremSB : Emin=    0 eV  Emax=    1 GeV  AngularGen2BS
            eBremLPM : Emin=    1 GeV Emax=  100 TeV  AngularGen2BS

ePairProd:  for e-  SubType=4
      dE/dx and range tables from 10 eV  to 100 TeV in 260 bins
      Lambda tables from threshold to 100 TeV, 20 bins/decade, spline: 1
      Sampling table 25x1001; from 0.1 GeV to 100 TeV 
      ===== EM models for the G4Region  DefaultRegionForTheWorld ======
           ePairProd : Emin=    0 eV  Emax=  100 TeV  ModifiedMephi

msc:  for e+  SubType= 10
      ===== EM models for the G4Region  DefaultRegionForTheWorld ======
            UrbanMsc : Emin=    0 eV  Emax=  100 TeV Nbins=240 100 eV  - 100 TeV
              StepLim=DistanceToBoundary Rfact=0.04 Gfact=2.5 Sfact=0.6 DispFlag:1 Skin=1 Llimit=1

eIoni:  for e+  SubType=2
      dE/dx and range tables from 10 eV  to 100 TeV in 260 bins
      Lambda tables from threshold to 100 TeV, 20 bins/decade, spline: 1
      StepFunction=(0.2, 0.1 mm), integ: 1, fluct: 1, linLossLim= 0.01
      ===== EM models for the G4Region  DefaultRegionForTheWorld ======
        MollerBhabha : Emin=    0 eV  Emax=  100 TeV  deltaVI

eBrem:  for e+  SubType=3
      dE/dx and range tables from 10 eV  to 100 TeV in 260 bins
      Lambda tables from threshold to 100 TeV, 20 bins/decade, spline: 1
      LPM flag: 1 for E > 1 GeV,  VertexHighEnergyTh(GeV)= 100000
      ===== EM models for the G4Region  DefaultRegionForTheWorld ======
             eBremSB : Emin=    0 eV  Emax=    1 GeV  AngularGen2BS
            eBremLPM : Emin=    1 GeV Emax=  100 TeV  AngularGen2BS

ePairProd:  for e+  SubType=4
      dE/dx and range tables from 10 eV  to 100 TeV in 260 bins
      Lambda tables from threshold to 100 TeV, 20 bins/decade, spline: 1
      Sampling table 25x1001; from 0.1 GeV to 100 TeV 
      ===== EM models for the G4Region  DefaultRegionForTheWorld ======
           ePairProd : Emin=    0 eV  Emax=  100 TeV  ModifiedMephi

annihil:  for e+, integral:1  applyCuts:1  SubType=5 BuildTable=0
      ===== EM models for the G4Region  DefaultRegionForTheWorld ======
            eplus2gg : Emin=    0 eV  Emax=  100 TeV

msc:  for proton  SubType= 10
      ===== EM models for the G4Region  DefaultRegionForTheWorld ======
            UrbanMsc : Emin=    0 eV  Emax=  100 TeV Nbins=240 100 eV  - 100 TeV
              StepLim=Minimal Rfact=0.2 Gfact=2.5 Sfact=0.6 DispFlag:1 Skin=1 Llimit=1

hIoni:  for proton  SubType=2
      dE/dx and range tables from 10 eV  to 100 TeV in 260 bins
      Lambda tables from threshold to 100 TeV, 20 bins/decade, spline: 1
      StepFunction=(0.2, 0.05 mm), integ: 1, fluct: 1, linLossLim= 0.01
      ===== EM models for the G4Region  DefaultRegionForTheWorld ======
               Bragg : Emin=    0 eV  Emax=    2 MeV  deltaVI
          BetheBloch : Emin=    2 MeV Emax=  100 TeV  deltaVI

hBrems:  for proton  SubType=3
      dE/dx and range tables from 10 eV  to 100 TeV in 260 bins
      Lambda tables from threshold to 100 TeV, 20 bins/decade, spline: 1
      ===== EM models for the G4Region  DefaultRegionForTheWorld ======
               hBrem : Emin=    0 eV  Emax=  100 TeV  ModifiedMephi
      ===== Limit on energy threshold has been applied 

hPairProd:  for proton  SubType=4
      dE/dx and range tables from 10 eV  to 100 TeV in 260 bins
      Lambda tables from threshold to 100 TeV, 20 bins/decade, spline: 1
      Sampling table 17x1001; from 7.50618 GeV to 100 TeV 
      ===== EM models for the G4Region  DefaultRegionForTheWorld ======
           hPairProd : Emin=    0 eV  Emax=  100 TeV  ModifiedMephi

nuclearStopping:  for proton applyCuts:1  SubType=8 BuildTable=0
      ===== EM models for the G4Region  DefaultRegionForTheWorld ======
   ICRU49NucStopping : Emin=    0 eV  Emax=    1 MeV

msc:  for GenericIon  SubType= 10
      ===== EM models for the G4Region  DefaultRegionForTheWorld ======
            UrbanMsc : Emin=    0 eV  Emax=  100 TeV
              StepLim=Minimal Rfact=0.2 Gfact=2.5 Sfact=0.6 DispFlag:1 Skin=1 Llimit=1

ionIoni:  for GenericIon  SubType=2
      dE/dx and range tables from 10 eV  to 100 TeV in 260 bins
      Lambda tables from threshold to 100 TeV, 20 bins/decade, spline: 1
      StepFunction=(0.1, 0.02 mm), integ: 1, fluct: 1, linLossLim= 0.02
      ===== EM models for the G4Region  DefaultRegionForTheWorld ======
         ParamICRU73 : Emin=    0 eV  Emax=  100 TeV  deltaVI

nuclearStopping:  for GenericIon applyCuts:1  SubType=8 BuildTable=0
      ===== EM models for the G4Region  DefaultRegionForTheWorld ======
   ICRU49NucStopping : Emin=    0 eV  Emax=    1 MeV

msc:  for alpha  SubType= 10
      ===== EM models for the G4Region  DefaultRegionForTheWorld ======
            UrbanMsc : Emin=    0 eV  Emax=  100 TeV Nbins=240 100 eV  - 100 TeV
              StepLim=Minimal Rfact=0.2 Gfact=2.5 Sfact=0.6 DispFlag:1 Skin=1 Llimit=1

ionIoni:  for alpha  SubType=2
      dE/dx and range tables from 10 eV  to 100 TeV in 260 bins
      Lambda tables from threshold to 100 TeV, 20 bins/decade, spline: 1
      StepFunction=(0.1, 0.02 mm), integ: 1, fluct: 1, linLossLim= 0.02
      ===== EM models for the G4Region  DefaultRegionForTheWorld ======
            BraggIon : Emin=    0 eV  Emax=7.9452 MeV  deltaVI
          BetheBloch : Emin=7.9452 MeV Emax=  100 TeV  deltaVI

nuclearStopping:  for alpha applyCuts:1  SubType=8 BuildTable=0
      ===== EM models for the G4Region  DefaultRegionForTheWorld ======
   ICRU49NucStopping : Emin=    0 eV  Emax=    1 MeV

msc:  for anti_proton  SubType= 10
      ===== EM models for the G4Region  DefaultRegionForTheWorld ======
            UrbanMsc : Emin=    0 eV  Emax=  100 TeV Nbins=240 100 eV  - 100 TeV
              StepLim=Minimal Rfact=0.2 Gfact=2.5 Sfact=0.6 DispFlag:1 Skin=1 Llimit=1

hIoni:  for anti_proton  SubType=2
      dE/dx and range tables from 10 eV  to 100 TeV in 260 bins
      Lambda tables from threshold to 100 TeV, 20 bins/decade, spline: 1
      StepFunction=(0.2, 0.05 mm), integ: 1, fluct: 1, linLossLim= 0.01
      ===== EM models for the G4Region  DefaultRegionForTheWorld ======
            ICRU73QO : Emin=    0 eV  Emax=    2 MeV  deltaVI
          BetheBloch : Emin=    2 MeV Emax=  100 TeV  deltaVI

hBrems:  for anti_proton  SubType=3
      dE/dx and range tables from 10 eV  to 100 TeV in 260 bins
      Lambda tables from threshold to 100 TeV, 20 bins/decade, spline: 1
      ===== EM models for the G4Region  DefaultRegionForTheWorld ======
               hBrem : Emin=    0 eV  Emax=  100 TeV  ModifiedMephi
      ===== Limit on energy threshold has been applied 

hPairProd:  for anti_proton  SubType=4
      dE/dx and range tables from 10 eV  to 100 TeV in 260 bins
      Lambda tables from threshold to 100 TeV, 20 bins/decade, spline: 1
      Sampling table 17x1001; from 7.50618 GeV to 100 TeV 
      ===== EM models for the G4Region  DefaultRegionForTheWorld ======
           hPairProd : Emin=    0 eV  Emax=  100 TeV  ModifiedMephi

msc:  for kaon+  SubType= 10
      ===== EM models for the G4Region  DefaultRegionForTheWorld ======
            UrbanMsc : Emin=    0 eV  Emax=  100 TeV Nbins=240 100 eV  - 100 TeV
              StepLim=Minimal Rfact=0.2 Gfact=2.5 Sfact=0.6 DispFlag:1 Skin=1 Llimit=1

hIoni:  for kaon+  SubType=2
      dE/dx and range tables from 10 eV  to 100 TeV in 260 bins
      Lambda tables from threshold to 100 TeV, 20 bins/decade, spline: 1
      StepFunction=(0.2, 0.05 mm), integ: 1, fluct: 1, linLossLim= 0.01
      ===== EM models for the G4Region  DefaultRegionForTheWorld ======
               Bragg : Emin=    0 eV  Emax=1.05231 MeV  deltaVI
          BetheBloch : Emin=1.05231 MeV Emax=  100 TeV  deltaVI

hBrems:  for kaon+  SubType=3
      dE/dx and range tables from 10 eV  to 100 TeV in 260 bins
      Lambda tables from threshold to 100 TeV, 20 bins/decade, spline: 1
      ===== EM models for the G4Region  DefaultRegionForTheWorld ======
               hBrem : Emin=    0 eV  Emax=  100 TeV  ModifiedMephi
      ===== Limit on energy threshold has been applied 

hPairProd:  for kaon+  SubType=4
      dE/dx and range tables from 10 eV  to 100 TeV in 260 bins
      Lambda tables from threshold to 100 TeV, 20 bins/decade, spline: 1
      Sampling table 18x1001; from 3.94942 GeV to 100 TeV 
      ===== EM models for the G4Region  DefaultRegionForTheWorld ======
           hPairProd : Emin=    0 eV  Emax=  100 TeV  ModifiedMephi

msc:  for kaon-  SubType= 10
      ===== EM models for the G4Region  DefaultRegionForTheWorld ======
            UrbanMsc : Emin=    0 eV  Emax=  100 TeV Nbins=240 100 eV  - 100 TeV
              StepLim=Minimal Rfact=0.2 Gfact=2.5 Sfact=0.6 DispFlag:1 Skin=1 Llimit=1

hIoni:  for kaon-  SubType=2
      dE/dx and range tables from 10 eV  to 100 TeV in 260 bins
      Lambda tables from threshold to 100 TeV, 20 bins/decade, spline: 1
      StepFunction=(0.2, 0.05 mm), integ: 1, fluct: 1, linLossLim= 0.01
      ===== EM models for the G4Region  DefaultRegionForTheWorld ======
            ICRU73QO : Emin=    0 eV  Emax=1.05231 MeV  deltaVI
          BetheBloch : Emin=1.05231 MeV Emax=  100 TeV  deltaVI

hBrems:  for kaon-  SubType=3
      dE/dx and range tables from 10 eV  to 100 TeV in 260 bins
      Lambda tables from threshold to 100 TeV, 20 bins/decade, spline: 1
      ===== EM models for the G4Region  DefaultRegionForTheWorld ======
               hBrem : Emin=    0 eV  Emax=  100 TeV  ModifiedMephi
      ===== Limit on energy threshold has been applied 

hPairProd:  for kaon-  SubType=4
      dE/dx and range tables from 10 eV  to 100 TeV in 260 bins
      Lambda tables from threshold to 100 TeV, 20 bins/decade, spline: 1
      Sampling table 18x1001; from 3.94942 GeV to 100 TeV 
      ===== EM models for the G4Region  DefaultRegionForTheWorld ======
           hPairProd : Emin=    0 eV  Emax=  100 TeV  ModifiedMephi

msc:  for mu+  SubType= 10
      ===== EM models for the G4Region  DefaultRegionForTheWorld ======
            UrbanMsc : Emin=    0 eV  Emax=  100 TeV Nbins=240 100 eV  - 100 TeV
              StepLim=Minimal Rfact=0.2 Gfact=2.5 Sfact=0.6 DispFlag:1 Skin=1 Llimit=1

muIoni:  for mu+  SubType=2
      dE/dx and range tables from 10 eV  to 100 TeV in 260 bins
      Lambda tables from threshold to 100 TeV, 20 bins/decade, spline: 1
      StepFunction=(0.2, 0.05 mm), integ: 1, fluct: 1, linLossLim= 0.01
      ===== EM models for the G4Region  DefaultRegionForTheWorld ======
               Bragg : Emin=    0 eV  Emax=  200 keV  deltaVI
          BetheBloch : Emin=  200 keV Emax=    1 GeV  deltaVI
        MuBetheBloch : Emin=    1 GeV Emax=  100 TeV

muBrems:  for mu+  SubType=3
      dE/dx and range tables from 10 eV  to 100 TeV in 260 bins
      Lambda tables from threshold to 100 TeV, 20 bins/decade, spline: 1
      ===== EM models for the G4Region  DefaultRegionForTheWorld ======
              MuBrem : Emin=    0 eV  Emax=  100 TeV  ModifiedMephi
      ===== Limit on energy threshold has been applied 

muPairProd:  for mu+  SubType=4
      dE/dx and range tables from 10 eV  to 100 TeV in 260 bins
      Lambda tables from threshold to 100 TeV, 20 bins/decade, spline: 1
      Sampling table 21x1001; from 1 GeV to 100 TeV 
      ===== EM models for the G4Region  DefaultRegionForTheWorld ======
          muPairProd : Emin=    0 eV  Emax=  100 TeV  ModifiedMephi

msc:  for mu-  SubType= 10
      ===== EM models for the G4Region  DefaultRegionForTheWorld ======
            UrbanMsc : Emin=    0 eV  Emax=  100 TeV Nbins=240 100 eV  - 100 TeV
              StepLim=Minimal Rfact=0.2 Gfact=2.5 Sfact=0.6 DispFlag:1 Skin=1 Llimit=1

muIoni:  for mu-  SubType=2
      dE/dx and range tables from 10 eV  to 100 TeV in 260 bins
      Lambda tables from threshold to 100 TeV, 20 bins/decade, spline: 1
      StepFunction=(0.2, 0.05 mm), integ: 1, fluct: 1, linLossLim= 0.01
      ===== EM models for the G4Region  DefaultRegionForTheWorld ======
            ICRU73QO : Emin=    0 eV  Emax=  200 keV  deltaVI
          BetheBloch : Emin=  200 keV Emax=    1 GeV  deltaVI
        MuBetheBloch : Emin=    1 GeV Emax=  100 TeV

muBrems:  for mu-  SubType=3
      dE/dx and range tables from 10 eV  to 100 TeV in 260 bins
      Lambda tables from threshold to 100 TeV, 20 bins/decade, spline: 1
      ===== EM models for the G4Region  DefaultRegionForTheWorld ======
              MuBrem : Emin=    0 eV  Emax=  100 TeV  ModifiedMephi
      ===== Limit on energy threshold has been applied 

muPairProd:  for mu-  SubType=4
      dE/dx and range tables from 10 eV  to 100 TeV in 260 bins
      Lambda tables from threshold to 100 TeV, 20 bins/decade, spline: 1
      Sampling table 21x1001; from 1 GeV to 100 TeV 
      ===== EM models for the G4Region  DefaultRegionForTheWorld ======
          muPairProd : Emin=    0 eV  Emax=  100 TeV  ModifiedMephi

msc:  for pi+  SubType= 10
      ===== EM models for the G4Region  DefaultRegionForTheWorld ======
            UrbanMsc : Emin=    0 eV  Emax=  100 TeV Nbins=240 100 eV  - 100 TeV
              StepLim=Minimal Rfact=0.2 Gfact=2.5 Sfact=0.6 DispFlag:1 Skin=1 Llimit=1

hIoni:  for pi+  SubType=2
      dE/dx and range tables from 10 eV  to 100 TeV in 260 bins
      Lambda tables from threshold to 100 TeV, 20 bins/decade, spline: 1
      StepFunction=(0.2, 0.05 mm), integ: 1, fluct: 1, linLossLim= 0.01
      ===== EM models for the G4Region  DefaultRegionForTheWorld ======
               Bragg : Emin=    0 eV  Emax=297.505 keV  deltaVI
          BetheBloch : Emin=297.505 keV Emax=  100 TeV  deltaVI

hBrems:  for pi+  SubType=3
      dE/dx and range tables from 10 eV  to 100 TeV in 260 bins
      Lambda tables from threshold to 100 TeV, 20 bins/decade, spline: 1
      ===== EM models for the G4Region  DefaultRegionForTheWorld ======
               hBrem : Emin=    0 eV  Emax=  100 TeV  ModifiedMephi
      ===== Limit on energy threshold has been applied 

hPairProd:  for pi+  SubType=4
      dE/dx and range tables from 10 eV  to 100 TeV in 260 bins
      Lambda tables from threshold to 100 TeV, 20 bins/decade, spline: 1
      Sampling table 20x1001; from 1.11656 GeV to 100 TeV 
      ===== EM models for the G4Region  DefaultRegionForTheWorld ======
           hPairProd : Emin=    0 eV  Emax=  100 TeV  ModifiedMephi

msc:  for pi-  SubType= 10
      ===== EM models for the G4Region  DefaultRegionForTheWorld ======
            UrbanMsc : Emin=    0 eV  Emax=  100 TeV Nbins=240 100 eV  - 100 TeV
              StepLim=Minimal Rfact=0.2 Gfact=2.5 Sfact=0.6 DispFlag:1 Skin=1 Llimit=1

hIoni:  for pi-  SubType=2
      dE/dx and range tables from 10 eV  to 100 TeV in 260 bins
      Lambda tables from threshold to 100 TeV, 20 bins/decade, spline: 1
      StepFunction=(0.2, 0.05 mm), integ: 1, fluct: 1, linLossLim= 0.01
      ===== EM models for the G4Region  DefaultRegionForTheWorld ======
            ICRU73QO : Emin=    0 eV  Emax=297.505 keV  deltaVI
          BetheBloch : Emin=297.505 keV Emax=  100 TeV  deltaVI

hBrems:  for pi-  SubType=3
      dE/dx and range tables from 10 eV  to 100 TeV in 260 bins
      Lambda tables from threshold to 100 TeV, 20 bins/decade, spline: 1
      ===== EM models for the G4Region  DefaultRegionForTheWorld ======
               hBrem : Emin=    0 eV  Emax=  100 TeV  ModifiedMephi
      ===== Limit on energy threshold has been applied 

hPairProd:  for pi-  SubType=4
      dE/dx and range tables from 10 eV  to 100 TeV in 260 bins
      Lambda tables from threshold to 100 TeV, 20 bins/decade, spline: 1
      Sampling table 20x1001; from 1.11656 GeV to 100 TeV 
      ===== EM models for the G4Region  DefaultRegionForTheWorld ======
           hPairProd : Emin=    0 eV  Emax=  100 TeV  ModifiedMephi
G4VisManager: Using G4TrajectoryDrawByCharge as fallback trajectory model.
See commands in /vis/modeling/trajectories/ for other options.

### ===  Deexcitation model UAtomDeexcitation is activated for 25 regions:
          DefaultRegionForTheWorld  1  1  1
          cylindricalPET  1  1  1
          module  1  1  1
          unit  1  1  1
          block  1  1  1
          optical  1  1  1
          crystal  1  1  1
          capillaire1  1  1  1
          capillaire1_water  1  1  1
          capillaire2  1  1  1
          capillaire2_water  1  1  1
          capillaire3  1  1  1
          capillaire3_water  1  1  1
          capillaire4  1  1  1
          capillaire4_water  1  1  1
          capillaire5  1  1  1
          capillaire5_water  1  1  1
          capillaire_m1  1  1  1
          capillaire_m1_water  1  1  1
          capillaire_m2  1  1  1
          capillaire_m2_water  1  1  1
          capillaire_m3  1  1  1
          capillaire_m3_water  1  1  1
          capillaire_m4  1  1  1
          capillaire_m4_water  1  1  1
### ===  Ignore cuts flag:   0
(-280.822,152.707,32.8246)
(-252.519,92.4712,90.3498)
(216.904,-226.134,-50.409)
(180.858,-174.671,-70.3523)
(296.029,139.09,97.7896)
(348.08,181.524,-27.3133)
(-198.461,242.531,-90.2757)
(-158.782,355.222,-182.228)
(153.584,278.476,-103.213)
(20.549,261.229,-147.321)
(-140.291,-287.257,111.014)
(-229.306,-270.766,175.241)
(-287.18,123.702,-0.447552)
(-275.529,-36.7269,-28.8841)
(175.441,-262.888,-1.07797)
(229.439,-197.2,-6.77194)
(184.854,-265.631,-14.0047)
(257.442,-284.358,-2.40136)
(262.449,-176.56,-124.956)
(323.576,-214.529,8.03287)
(316.177,-59.9916,-98.3138)
(393.65,-4.08299,-185.475)
(85.5533,300.514,29.0043)
(16.514,207.96,-34.9189)
(220.199,-226.525,42.4)
(244.656,-249.945,26.3472)
(313.621,-21.466,43.2532)
(387.455,13.2731,94.2517)
(-311.825,57.3351,-111.029)
(-268.271,89.8945,-125.058)
(-209.818,-235.117,-32.4906)
(-274.393,-252.252,-35.9972)
(-218.729,-252.375,-33.3636)
(-318.819,-288.039,-48.9914)
(288.106,133.285,21.2426)
(326.808,66.5367,-7.13714)
(-314.857,10.4773,3.10222)
(-419.416,-36.4875,-69.6169)
(312.648,-15.6982,-4.7055)
(481.182,-75.4696,4.30699)
(11.4671,-328.561,0.366219)
(48.8491,-279.967,77.4517)
(6.79117,-325.666,-0.786015)
(113.108,-455.364,-6.91929)
(-239.222,210.739,4.12927)
(-208.203,263.742,-48.3547)
(-209.379,-233.86,-70.526)
(-262.327,-131.652,-102.191)
(-204.613,-238.656,-80.7127)
(-149.918,-307.199,-35.5641)
(-199.178,-240.71,-81.3703)
(-195.64,-259.775,0.171052)
(-313.341,72.4233,64.6086)
(-407.131,78.8953,-8.31089)
(284.799,-140.572,-119.632)
(337.237,-286.15,-63.0223)
(283.973,-139.429,-120.168)
(193.711,-138.906,-125.957)
(-283.924,147.458,73.0049)
(-274.372,172.136,215.475)
(-215.12,-241.802,-98.8888)
(-247.548,-219.566,-164.547)
(-313.753,-11.7506,59.5248)
(-237.108,-16.5216,19.6389)
(299.028,-129.183,-80.4139)
(237.881,-106.105,-86.2002)
(86.8949,311.979,110.989)
(266.493,291.08,144.09)
(44.5693,-315.474,-8.24582)
(16.8979,-395.195,1.7616)
(43.8061,-330.578,-1.5336)
(59.2519,-287.387,-36.9553)
(214.873,247.548,4.65792)
(244.838,158.445,-49.747)
(-293.075,-117.875,-23.0859)
(-175.553,-139.925,15.4182)
(232.553,-224.135,1.91783)
(299.088,-294.097,127.521)
(63.9823,-310.062,-53.2624)
(136.34,-387.914,21.9791)
(63.8675,-310.018,-53.3514)
(18.0711,-275.346,-92.4475)
(-230.217,245.212,32.0926)
(-254.88,307.068,-17.4664)
(-306.601,-58.5163,-55.9102)
(-199.079,-49.0378,-32.3296)
(291.563,119.193,115.195)
(320.023,158.789,131.264)
(304.989,115.917,116.537)
(148.606,16.5555,108.65)
(317.299,-15.4312,16.8954)
(376.637,-118.009,-26.4787)
(-312.702,-49.298,-101.419)
(-217.823,-75.4479,-103.43)
(-322.748,-57.4851,-107.505)
(-343.978,0.935773,-115.768)
(312.998,46.4469,94.8012)
(298.298,72.2342,-16.1673)
(-312.687,-40.2775,-11.7614)
(-219.206,-156.643,-77.0985)
(-65.5611,-319.536,-9.08659)
(-110.621,-408.336,-41.404)
(-70.8264,-315.725,-7.46946)
(-85.5472,-347.533,-84.9473)
(84.0665,312.771,9.81884)
(85.0575,293.692,70.0902)
(-326.201,19.4855,-112.573)
(-370.992,65.3004,-122.926)
(-54.6993,319.457,42.5691)
(-31.0421,316.94,164.252)
(-159.394,-283.845,-35.2518)
(-179.411,-350.228,34.573)
(225.038,231.202,-81.4332)
(145.75,246.338,-127.212)
(25.0401,-313.064,110.897)
(35.0752,-408.289,23.9885)
(126.694,-296.127,84.2695)
(174.861,-368.296,64.564)
(-234.6,222.232,-62.7436)
(-247.45,305.889,-63.4148)
(-233.757,220.241,-64.4761)
(-340.909,112.359,-36.5121)
(239.677,-208.717,-98.7224)
(199.57,-200.028,-134.904)
(243.028,-221.465,-92.3286)
(271.934,-203.569,-183.757)
(90.9538,-300.075,105.372)
(110.103,-325.547,120.855)
(84.1783,-306.025,100.646)
(95.1992,-269.85,31.6193)
(-322.058,16.6286,-11.1381)
(-314.328,29.0694,-49.7044)
(207.129,256.426,100.036)
(216.184,312.301,100.769)
(210.246,260.035,94.1708)
(180.535,219.154,210.973)
(64.0156,-305.904,-100.583)
(67.114,-280.096,-33.2523)
(111.247,292.746,-10.5622)
(106.557,342.181,38.417)
(-200.669,253.812,80.682)
(-195.212,288.756,165.454)
(102.006,304.818,-120.942)
(145.855,174.061,-81.3572)
(-80.5321,-303.571,122.234)
(-75.1962,-273.055,110.457)
(327.813,0.352368,72.2503)
(260.658,62.904,169.862)
(-193.937,246.529,-55.9439)
(-185.007,267.902,-41.5565)
(-1.69959,-317.268,67.3465)
(58.979,-424.998,215.506)
(-48.6503,-330.116,70.8532)
(-31.4427,-391.209,35.8109)
(-206.48,241.751,-51.8074)
(-112.647,303.572,16.4972)
(154.347,274.097,-50.4139)
(63.8794,322.127,-43.273)
(-139.035,-282.248,54.6974)
(-141.786,-317.549,3.53039)
(289.255,150.15,34.8251)
(330.23,114.538,15.1808)
(285.276,152.041,32.7112)
(259.762,118.552,-36.112)
(-225.904,-219.777,-51.0052)
(-160.53,-218.16,-4.65165)
(248.353,199.826,-19.3503)
(270.272,170.213,74.1523)
(253.916,201.717,-20.6809)
(207.339,177.881,16.4108)
(253,200.215,-18.453)
(267.57,137.932,-92.177)
(-286.645,-125.852,12.7123)
(-174.755,-155.398,-48.5472)
(-283.395,-135.505,12.6144)
(-240.011,-143.718,-44.1485)
(330.151,-59.223,58.6729)
(261.842,20.5192,54.3437)
(317.309,-5.18703,-123.995)
(402.717,-91.2416,-143.821)
(313.72,-18.2203,118.872)
(286.347,-6.73731,112.995)
(313.206,-22.9645,120.039)
(213.777,-87.4121,131.82)
(314.594,-22.567,119.248)
(282.607,-48.2139,151.036)
(60.1142,-307.542,104.041)
(14.0574,-246.509,158.238)
(-257.071,178.673,-59.0137)
(-287.979,173.713,-182.497)
(335.163,-22.5186,-11.7838)
(328.582,-12.1233,-22.3888)
(-201.87,-239.11,123.355)
(-149.82,-311.864,57.341)
(-312.59,72.0537,103.417)
(-376.401,-23.2143,39.1464)
(302.212,-77.7522,-104.964)
(244.317,21.0421,-222.005)
(-323.295,48.8472,70.4592)
(-327.548,0.996158,120.948)
(-323.731,49.8264,69.592)
(-286.05,30.8894,68.1397)
(-161.317,-277.281,-48.5814)
(-138.119,-319.769,3.44229)
(15.2953,316.039,58.9833)
(-22.4297,197.175,86.9247)
(-232.439,-243.548,16.0817)
(-248.443,-237.07,-9.45631)
(-229.615,-244.041,13.5341)
(-136.187,-217.811,-95.5099)
(72.7513,-325.29,-42.8759)
(103.247,-412.858,-24.8689)
(-232.755,218.963,30.9476)
(-214.795,205.549,20.8856)
(209.776,237.58,105.856)
(186.523,245.526,24.5229)
(203.303,239.86,112.2)
(132.622,312.822,78.8237)
(205.329,237.424,114.423)
(230.845,261.38,207.626)
(-299.516,115.198,-72.0165)
(-209.894,104.841,-161.764)
(319.174,-71.8092,117.97)
(277.555,-165.64,204.081)
(323.326,-74.3993,115.096)
(297.559,-101.476,76.8021)
(162.984,-289.819,28.0593)
(183.898,-191.097,127.921)
(161.212,-292.033,27.0058)
(164.372,-410.172,-31.2788)
(162.733,-292.206,23.5041)
(209.443,-254.402,-7.59915)
(-30.1316,316.557,-54.5793)
(10.3471,340.343,-46.6717)
(177.926,262.777,-10.6491)
(256.984,210.905,124.995)
(180.842,268.039,-16.0349)
(235.562,257.544,-79.0813)
(-100.326,-308.297,14.5982)
(-150.016,-348.642,43.8775)
(-96.2127,-307.852,15.1263)
(-106.668,-237.238,-60.374)
(-232.975,208.177,-71.696)
(-306.66,294.625,-3.1785)
(4.82503,-322.597,116.307)
(-58.4109,-381.816,102.882)
(-289.95,119.026,64.0653)
(-286.383,81.9002,15.9943)
(-294.606,127.102,60.9289)
(-430.368,142.163,78.5885)
(-130.734,-294.199,-5.72452)
(-172.83,-369.004,13.1061)
(-87.9257,318.661,2.72835)
(-95.051,347.831,42.7738)
(297.812,-118.494,35.5387)
(316.786,-124.993,44.0259)
(-306.865,-72.444,-49.2874)
(-313.433,-144.771,-43.6999)
(307.868,101.996,65.4393)
(323.862,53.9358,124.725)
(-308.78,52.0011,8.25457)
(-359.736,-53.1757,36.4789)
(285.664,-131.821,-13.5863)
(307.178,-15.2786,-85.3818)
(301.231,-148.023,-7.04242)
(367.547,-112.723,-0.199878)
(329.706,65.9638,-72.4123)
(285.1,114.422,-19.2194)
(214.39,-227.844,-7.00197)
(161.134,-279.093,-5.18707)
(-126.295,-291.232,-108.853)
(-87.2384,-261.34,-114.353)
(-127.244,-299.088,-113.175)
(-49.9814,-347.106,-117.706)
(247.918,-221.604,3.02068)
(309.497,-138.28,111.116)
(-259.638,187.607,-87.5181)
(-241.177,101.992,-158.828)
(-92.1767,300.068,-82.077)
(-27.9675,303.618,-35.5148)
(-299.801,114.101,72.7734)
(-212.378,47.7286,172.011)
(274.85,156.196,-94.3551)
(171.292,134.331,-117.706)
(14.0053,-318.119,-2.86244)
(65.9368,-338.756,98.4435)
(-162.081,275.284,5.20511)
(-164.556,412.079,64.069)
(316.843,-64.3221,63.2453)
(375.653,8.86904,59.259)
(315.103,-61.4905,64.3219)
(369.501,-31.024,50.5846)
(-313.08,46.3991,-43.3849)
(-305.882,-57.2654,37.3306)
(-312.366,46.8488,-43.0406)
(-293.008,-62.1251,-128.038)
(-294.214,-134.847,-42.4582)
(-251.528,-62.1516,58.653)
(-303.778,-142.101,-39.7408)
(-360.167,-119.029,-22.2629)
(254.593,197.792,18.5939)
(220.822,180.472,-29.142)
(263.839,200.737,14.8281)
(406.954,188.346,136.289)
(-254.38,205.736,-92.4136)
(-354.04,206.806,-98.2435)
(304.038,75.0865,-46.0545)
(296.887,20.7998,-69.1199)
(-284.407,-132.291,-99.5967)
(-280.571,-170.058,-149.86)
(-257.088,-181.595,115.123)
(-276.253,-197.675,91.1622)
(257.678,-182.84,-26.7433)
(281.351,-153.391,-15.6698)
(-297.26,117.829,13.8392)
(-244.688,61.9757,-20.1005)
(-303.449,124.065,34.6)
(-281.448,92.3094,27.7844)
(-304.135,122.82,34.8527)
(-355.09,105.675,-83.8365)
(-12.3193,-328.419,32.0367)
(2.65359,-302.206,43.0137)
(160.039,283.219,-26.9201)
(176.744,295.988,28.0813)
(178.746,258.445,-102.024)
(162.993,306.057,-57.337)
(-121.531,288.324,-36.502)
(-39.1519,304.499,-57.9819)
(-294.562,-137.091,36.1669)
(-349.159,-86.9427,1.29665)
(-295.775,-141.42,32.9559)
(-348.698,-158.909,-70.6073)
(249.377,212.099,-50.3932)
(230.162,192.184,-35.8063)
(-96.3273,-303.383,107)
(-130.467,-241.31,117.997)
(125.713,-286.062,49.1889)
(58.8727,-332.313,53.0182)
(-315.032,-94.3928,-64.4605)
(-246.653,-123.804,-151.92)
(-155.175,282.446,72.5113)
(-100.524,215.937,-46.6339)
(-171.156,-263.223,117.621)
(-226.459,-257.573,203.89)
(181.608,256.41,56.2278)
(247.381,261.91,30.7345)
(196.568,270.488,54.8534)
(161.131,266.029,73.0059)
(87.6607,-325.287,-67.7664)
(174.339,-221.627,-61.0562)
(-219.072,-230.049,-66.4708)
(-156.743,-238.114,-131.085)
(23.7375,320.06,32.3278)
(-20.6719,366.824,46.4282)
(27.0017,325.558,29.9104)
(-20.7278,337.421,43.1114)
(-296.298,131.766,-62.3394)
(-219.848,158.618,9.62139)
(307.149,-79.9668,35.9754)
(252.575,-151.334,51.7902)
(316.4,-77.0514,33.0977)
(319.754,-101.318,40.6964)
(-218.956,-224.983,-102.758)
(-213.66,-262.8,-99.4332)
(110.536,302.741,-78.7099)
(163.655,366.681,-18.3169)
(104.346,315.301,-73.644)
(-28.7742,328.529,19.3383)
(69.5617,313.658,-48.9936)
(127.443,334.955,-14.7759)
(77.6938,314.546,-48.2932)
(206.371,310.291,-149.136)
(197.081,-254.855,36.8485)
(97.7686,-211.036,84.763)
(317.754,-76.8701,-47.2964)
(398.503,-50.8225,-123.973)
(278.876,143.018,-97.6272)
(266.363,62.0402,44.0721)
(287.705,143.506,-105.503)
(276.601,104.09,-75.3954)
(287.913,149.103,-109.305)
(256.249,68.5407,-107.915)
(-312.018,65.6474,-31.1675)
(-285.695,12.9167,28.3797)
(-311.07,65.4718,-33.4482)
(-354.894,39.5219,-2.93633)
(-283.411,148.644,-17.3171)
(-265.022,118.069,-11.56)
(-288.274,147.169,-17.3568)
(-266.39,65.7368,-36.8233)
(-226.543,220.992,-108.243)
(-419.832,241.558,54.3718)
(-238.256,228.647,-112.797)
(-198.471,229.361,-40.3108)
(-252.942,-192.808,29.9892)
(-306.932,-208.929,-54.5038)
(-253.618,-191.435,29.2489)
(-306.628,-176.046,8.29899)
(51.5094,329.862,-59.0163)
(-32.7836,302.164,-86.1045)
(45.0294,327.834,-61.0178)
(-0.705769,233.351,-104.882)
(256.226,-188.93,5.82323)
(248.505,-182.545,1.04254)
(185.158,-256.321,79.1137)
(237.957,-252.888,33.276)
(195.44,-252.12,70.1712)
(196.726,-294.572,8.05474)
(196.856,-252.824,69.7831)
(171.264,-120.473,53.0377)
(-173.286,268.402,-80.6596)
(-219.8,331.577,-1.52167)
(181.914,259.74,-45.8706)
(218.17,210.291,-20.0762)
(177.846,269.285,-49.389)
(169.836,219.13,-101.697)
(175.214,269.298,-47.8458)
(217.215,170.968,-5.55859)
(21.0645,-324.881,59.7939)
(89.3281,-406.598,95.4283)
(130.497,286.667,62.2592)
(95.3338,299.083,8.78704)
(137.272,290.606,69.9356)
(189.655,265.153,67.267)
(-144.013,285.782,-89.2026)
(-146.647,246.961,31.7545)
(-9.63836,-312.773,94.1429)
(-37.4435,-306.587,110.218)
(-11.2887,-317.965,92.2382)
(114.647,-334.415,214.412)
(259.046,-189.91,-111.736)
(233.957,-84.2376,-175.646)
(311.676,-38.1601,-102.557)
(313.783,-33.2116,-262.109)
(320.623,-29.1761,-124.998)
(423.33,40.4333,-130.357)
(-248.58,-191.492,-93.6357)
(-284.421,-212.142,-87.1088)
(321.463,-45.4674,-97.8542)
(286.965,33.6697,-64.4225)
(330.484,-50.9044,-105.056)
(344.134,-13.7433,-82.9111)
(204.043,262.285,54.1107)
(213.305,347.69,34.2553)
(202.779,261.153,55.1132)
(240.299,238.019,89.233)
(156.288,284.777,120.128)
(87.1562,265.552,175.885)
(-260.27,-206.637,-34.8692)
(-273.995,-277.87,-107.054)
(-261.184,-182.816,114.277)
(-176.066,-184.143,79.3901)
(-260.527,-183.237,115.235)
(-250.94,-153.97,27.5854)
(152.769,272.962,-8.84523)
(145.53,261.98,-26.6388)
(-229.037,-240.619,5.38148)
(-213.857,-257.482,-89.5417)
(313.2,45.7735,-95.3561)
(304.065,29.174,-67.4707)
(-332.014,-23.3729,53.7601)
(-257.143,-29.0289,-42.6282)
(-167.99,283.004,22.6862)
(-213.32,305.922,-65.8427)
(-168.262,287.161,39.1233)
(-124.817,296.707,64.7943)
(20.6575,-321.991,-29.7005)
(-74.8989,-306.16,-84.8487)
(201.501,253.185,101.428)
(118.509,330.216,57.0672)
(203.523,252.048,97.8751)
(104.972,157.452,18.5681)
(-49.1512,-312.628,-73.5233)
(-52.119,-266.957,-153.042)
(308.224,-62.9552,68.4005)
(271.36,-113.303,71.836)
(-319.943,25.3266,-27.4238)
(-336.346,21.3828,-107.394)
(-314.707,29.1326,-28.0314)
(-346.849,96.0047,-38.4888)
(122.038,302.785,31.507)
(254.672,229.264,70.5932)
(-306.228,-95.9988,103.669)
(-437.829,-51.4738,147.022)
(-301.259,-95.288,96.5921)
(-344.633,-193.681,100.512)
(279.209,-190.021,101.387)
(326.755,-162.13,58.4482)
(-322.405,3.2052,122.174)
(-372.793,-69.1669,101.472)
(234.631,-212.227,18.2615)
(289.125,-351.734,-0.199694)
(232.354,-212.878,19.3316)
(247.875,-250.188,105.712)
(-13.1925,-313.093,82.0429)
(-37.5823,-279.162,85.3376)
(-290.063,141.919,-12.8737)
(-362.83,95.3783,-45.9131)
(-19.3933,-324.439,-50.9753)
(-68.2327,-254.305,-66.4646)
(204.058,236.334,39.6313)
(182.331,232.813,91.8553)
(204.474,237.432,39.743)
(166.791,227.858,-30.304)
(212.128,238.704,41.0027)
(172.183,273.297,97.5608)
(306.973,80.4178,-59.1981)
(406.688,49.9866,-50.4657)
(-272.544,-155.876,111.291)
(-280.027,-123.953,150.519)
(328.217,-25.6336,-70.021)
(317.298,-92.0872,-94.6014)
(328.142,-22.7477,-66.8631)
(231.829,65.3685,-104.927)
(-331.901,12.6128,34.845)
(-314.001,25.064,-15.3581)
(-334.378,-2.53051,49.0854)
(-348.595,73.5198,112.83)
(55.6133,-317.739,84.1861)
(75.9227,-282.268,12.3184)
(312.283,65.7162,-15.2609)
(412.993,-73.1548,-27.2987)
(320.66,74.683,-16.4026)
(262.056,78.1834,-153.817)
(321.353,74.8076,-19.263)
(318.907,45.3703,-116.026)
(-199.71,-243.798,87.1449)
(-221.096,-273.82,226.443)
(-198.237,-247.153,79.8424)
(-153.692,-212.015,27.9077)
(-329.168,31.2972,-1.44443)
(-274.642,72.6093,69.8314)
(318.086,-74.6798,2.01958)
(334.478,-39.4512,34.3317)
(312.949,-57.689,45.4094)
(238.148,-13.5366,-21.6807)
(-83.5174,-307.595,-70.3603)
(-43.6964,-201.823,-196.562)
(-75.6684,-322.352,-57.7486)
(-126.743,-250.762,-104.605)
(-188.457,264.53,61.2391)
(-254.319,382.492,123.675)
(289.311,125.238,73.007)
(342.645,172.347,102.384)
(-312.926,-63.4616,-38.875)
(-358.422,-134.772,70.8019)
(325.851,-26.4577,81.264)
(456.08,-37.6285,52.6809)
(-325.038,27.1124,-83.1288)
(-361.142,-116.437,-6.15869)
(304.921,73.9189,-120.671)
(258.042,60.3712,-123.1)
(-315.814,-44.982,77.4934)
(-310.249,20.3746,58.0951)
(221.152,254.2,59.7961)
(308.133,323.016,-12.0324)
(-276.116,154.113,100.855)
(-307.636,119.274,133.23)
(283.635,-140.54,-124.912)
(243.96,-90.8358,-76.8924)
(-271.375,155.298,-61.4436)
(-228.029,198.739,-45.8595)
(-268.259,162.901,-57.4871)
(-217.379,185.816,-161.837)
(-43.4194,-329.202,27.2081)
(-75.9048,-353.966,46.651)
(302.178,91.953,-11.8373)
(327.833,128.249,-11.3512)
(209.124,256.278,47.7719)
(340.382,328.938,40.0524)
(-78.8203,-314.817,-62.3775)
(-63.6724,-258.205,1.51339)
(-248.529,-202.486,-83.0256)
(-218.205,-208.314,-74.7134)
(320.109,-21.5328,18.457)
(279.849,-8.87268,1.03806)
(319.813,-20.7646,18.8846)
(394.278,68.6014,23.5367)
(-311.708,51.2621,-50.737)
(-370.027,125.945,-49.4567)
(15.3345,-315.8,-39.5211)
(22.2336,-383.129,-39.8869)
(12.0201,-316.322,-41.8704)
(-38.5696,-515.275,-105.001)
(188.09,259.459,30.2456)
(220.77,295.699,59.6456)
(186.56,263.09,32.2969)
(120.883,374.908,42.9625)
(189.96,275.282,35.9935)
(126.927,349.963,3.04255)
(185.16,251.317,82.4754)
(325.063,185.899,51.5338)
(181.848,273.984,93.2501)
(150.409,247.118,142.927)
(-51.288,-312.83,-102.56)
(2.7856,-386.093,-48.8857)
(247.129,215.118,117.142)
(224.78,127.792,28.4817)
(-334.29,-15.9458,19.2678)
(-278.412,8.72233,110.836)
(-334.056,-15.7692,18.4741)
(-271.087,-38.4485,15.5597)
(-198.438,240.625,-49.1555)
(-269.652,242.368,161.631)
(312.38,-27.8471,0.69823)
(342.226,-85.4017,-17.7781)
(312.492,-28.4331,0.403466)
(350.963,-88.096,18.6147)
(-308.302,72.696,-6.60813)
(-292.273,86.7156,-18.1089)
(-312.456,49.434,-73.0144)
(-329.34,-8.89231,-87.8963)
(316.683,-117.833,23.3028)
(276.962,-159.166,-54.5582)
(-210.693,234.002,-40.9725)
(-163.7,274.041,-89.2197)
(-319.424,26.9402,-64.5026)
(-244.805,103.147,75.7665)
(-317.79,28.3276,-63.4675)
(-220.967,152.571,-54.1814)
(248.47,195.897,-109.085)
(163.382,272.86,-123.607)
(247.659,195.215,-110.615)
(123.357,221.821,-117.297)
(-149.79,-287.861,7.18921)
(-180.772,-279.529,24.2254)
(-146.359,-302.002,15.9916)
(-214.571,-362.223,-8.85536)
(217.544,241.024,-6.29677)
(101.662,254.905,-77.4373)
(-306.887,-58.0918,-46.6941)
(-300.302,-54.5026,70.9667)
(-246.076,-195.597,41.8825)
(-251.49,-266.61,20.8682)
(-251.667,-195.252,42.2098)
(-248.446,-299.685,104.205)
(258.022,189.342,-38.8284)
(260.445,138.798,46.0734)
(256.688,197.556,-39.7532)
(302.154,140.853,-106.308)
(-125.069,-299.615,-74.4223)
(-176.517,-298.366,-19.8038)
(313.002,21.8395,-115.582)
(320.085,58.605,-34.638)
(281.053,-135.165,-60.0271)
(305.944,-191.321,-54.6845)
(288.751,-133.66,-63.8963)
(356.988,-205.257,-138.675)
(-65.9147,-306.945,-51.1307)
(5.63823,-422.374,-41.1303)
(-65.2067,-310.371,-50.5149)
(-89.6615,-341.608,-88.0591)
(-199.891,244.736,42.2295)
(-211.672,293.084,-86.1612)
(178.078,-264.328,50.3324)
(49.9961,-204.947,136.938)
(-277.843,-153.274,45.7967)
(-249.611,-149.191,-8.64616)
(-287.673,-150.508,37.6128)
(-342.463,-153.735,-43.4886)
(129.158,299.64,-86.4493)
(141.064,236.176,-17.5225)
(139.043,293.088,-84.9973)
(96.5066,260.486,-88.5077)
(-292.174,-168.203,-91.7659)
(-280.996,-38.4221,-57.1665)
(-311.069,82.8092,-27.5636)
(-252.896,45.6547,-80.763)
(-301.641,86.5674,-22.507)
(-329.921,60.6976,-100.684)
(312.677,-48.3078,17.0534)
(321.532,36.3084,92.1086)
(168.501,285.474,-123.794)
(172.805,314.389,-158.034)
(-292.808,-141.74,60.64)
(-233.036,-252.476,95.0099)
(-53.6589,320.966,-44.618)
(20.7475,307.65,-25.4587)
(-52.2598,323.757,-43.9414)
(0.545137,224.497,-77.3914)
(-295.535,-125.53,116.938)
(-274.153,-273.962,117.545)
(-161.299,-279.412,1.91309)
(-218.269,-270.917,4.60201)
(173.154,265.956,-3.18255)
(307.22,236.753,-8.18586)
(191.516,275.577,-12.1363)
(160.566,332.86,151.417)
(262.794,-178.795,92.6757)
(390.609,-130.226,87.0319)
(265.048,-178.694,92.2202)
(339.641,-56.048,122.051)
(-232.653,209.694,-57.4504)
(-295.568,403.693,16.0588)
(242.725,-201.831,55.7722)
(313.037,-255.378,80.3085)
(304.519,-67.4849,-0.00182468)
(208.358,-86.0474,3.05862)
(-302.029,109.731,81.7623)
(-315.524,62.2792,68.6006)
(-316.889,103.134,103.017)
(-338.123,98.8617,88.2739)
(-320.551,101.074,97.9899)
(-270.64,40.3852,120.244)
(-130.431,-309.19,58.1049)
(-141.597,-359.005,21.294)
(-130.519,-309.783,61.8996)
(-125.599,-296.931,-1.7182)
(257.097,189.304,-36.6339)
(191.487,59.9595,-4.00079)
(278.334,190.41,-41.7401)
(274.184,249.465,-149.878)
(145.894,276.202,85.1447)
(147.959,356.717,-17.7092)
(-219.59,-237.668,-72.1005)
(-200.958,-211.676,-95.0238)
(136.747,293.757,120.142)
(199.919,252.58,75.3994)
(142.453,292.833,120.745)
(40.8409,314.468,100.54)
(-187.77,-264.393,-17.0126)
(-229.194,-213.137,-15.9478)
(-186.069,-266.615,-16.2917)
(-135.725,-295.704,-75.31)
(-82.5289,318.987,23.6339)
(-151.118,297.028,78.151)
(-3.84072,-318.537,-3.99063)
(-20.9776,-202.594,-51.9082)
(100.922,299.908,1.74375)
(17.8739,226.496,91.6807)
(226.92,-234.266,-94.7135)
(251.09,-229.105,-139.39)
(226.206,-239.002,-94.5693)
(291.9,-329.442,-119.856)
(160.927,-286.425,64.3496)
(161.539,-319.518,48.5647)
(-249.426,197.46,-49.4253)
(-215.623,225.122,-22.4181)
(275.975,-157.065,-5.21349)
(269.426,-78.2224,-34.4012)
(-253.937,210.293,10.3541)
(-252.337,181.043,77.156)
(-251.691,208.589,6.89423)
(-169.98,242.53,117.965)
(300.293,101.429,95.1165)
(250.646,125.14,85.4246)
(-306.467,101.872,73.1217)
(-252.119,-8.61844,107.366)
(56.7925,313.415,14.8377)
(2.64054,364.352,70.0339)
(58.3096,307.74,13.1399)
(54.2943,402.571,21.7695)
(-193.709,-267.541,-8.74121)
(-241.005,-250.753,4.47278)
(330.629,-5.90523,-21.1723)
(413.42,105.972,-37.7654)
(-312.158,11.5053,35.7881)
(-300.224,-8.28941,174.867)
(-330.593,4.45071,55.6067)
(-299.327,71.2075,55.5161)
(-330.043,-1.39851,58.9908)
(-368.299,41.1888,60.3917)
(-268.518,161.537,-107.732)
(-154.3,211.257,-169.341)
(-271.223,164.561,-110.76)
(-327.028,109.684,-189.735)
(-299.962,-90.1603,72.9722)
(-359.482,-205.596,31.2692)
(-268.719,174.41,-4.46628)
(-345.694,206.961,-14.823)
(198.568,241.702,-101.888)
(220.175,214.374,-95.4277)
(-298.846,-147.157,61.674)
(-378.72,-115.022,-42.4495)
(52.3209,315.649,-29.1284)
(71.5722,388.011,92.7538)
(57.0887,321.64,-36.4357)
(54.3003,341.676,-62.0489)
(141.359,-278.45,-124.849)
(65.7597,-413.132,-144.954)
(-280.156,137.998,59.4966)
(-325.4,123.158,75.1527)
(286.988,124.588,40.5269)
(345.132,170.434,71.9327)
(284.558,131.522,46.3624)
(255.623,222.202,66.448)
(-16.8986,312.426,-96.4899)
(-8.41385,324.168,-23.5358)
(-14.6052,315,-99.9102)
(-60.2791,178.459,-191.207)
(-17.3218,316.319,-104.66)
(5.43672,313.554,-219.478)
(-20.4141,315.402,-103.547)
(-56.2782,314.932,-230.539)
(51.8284,317.846,-22.0462)
(81.1461,376.468,-66.909)
(62.2217,320.208,-15.255)
(20.4622,361.942,-28.8906)
(151.649,287.998,38.4909)
(204.964,289.841,90.7972)
(-246.67,-207.826,-26.8367)
(-134.759,-225.776,45.3857)
(252.688,-186,-23.7331)
(153.264,-330.371,-16.1573)
(266.253,-193.88,-13.4418)
(292.159,-167.815,26.6799)
(-197.222,243.429,-13.1468)
(-194.725,239.058,-47.0317)
(-197.17,244.092,-14.6041)
(-154.217,369.339,-26.7858)
(304.972,-119.597,6.83068)
(283.338,-172.399,84.7461)
(305.146,-120.368,6.70118)
(299.971,-218.213,-67.0932)
(304.997,-117.766,8.03561)
(305.452,-121.79,18.128)
(257.092,-194.462,-88.0424)
(310.94,-204.232,-78.9745)
(274.109,-188.116,-83.6922)
(266.591,-169.215,-81.177)
(275.111,-187.211,-82.1269)
(240.488,-239.706,-118.472)
(-247.471,201.23,93.7528)
(-213.354,313.169,123.924)
(315.81,76.0778,68.5267)
(272.372,215.559,77.9847)
(-169.31,284.449,-72.5447)
(-76.6435,269.64,-61.4664)
(-109.632,-296.824,77.7418)
(-147.938,-290.126,144.706)
(301.727,85.1314,106.41)
(356.504,54.1724,106.534)
(312.371,94.8011,-31.6969)
(305.346,122.762,-122.264)
(-290.24,-122.727,39.4393)
(-346.956,-208.887,-10.028)
(253.659,218.292,-61.8602)
(246.6,253.92,-66.2643)
(-151.711,-292.07,82.1673)
(-96.4892,-261.5,42.7452)
(-19.4177,-317.236,-68.3014)
(-43.026,-378.306,-217.903)
(-27.7571,-325.057,-68.7838)
(-20.7564,-351.537,-100.446)
(164.409,273.102,57.6698)
(198.643,358.174,42.8881)
(-207.483,-247.891,-22.8606)
(-248.913,-174.585,43.1469)
(-202.898,-248.287,-23.2321)
(-246.396,-232.229,0.114655)
(81.0714,311.565,28.7499)
(154.844,400.549,2.54469)
(77.6125,310.174,27.9615)
(68.1767,271.769,49.3767)
(315.473,-30.3682,-108.353)
(311.73,-109.988,-80.9978)
(51.9864,324.777,115.89)
(79.732,341.29,103.581)
(304.498,74.5857,-10.2159)
(268.365,27.0869,37.5196)
(306.179,73.8338,-16.2181)
(404.298,110.062,45.9453)
(306.471,74.528,-17.0413)
(264.899,-3.98234,89.3581)
(-273.762,151.479,-88.583)
(-246.612,215.565,-39.6558)
(240.918,-198.379,117.062)
(179.095,-224.577,95.9091)
(-284.881,-134.339,-109.352)
(-379.589,-65.2892,-11.9576)
(-285.614,-129.781,-103.651)
(-375.923,-101.969,-123.12)
(87.2354,305.06,60.3348)
(28.3182,291.494,39.3995)
(-239.354,-200.047,-40.0161)
(-188.362,-193.011,8.52082)
(-78.1394,-304.787,68.5547)
(-46.5059,-242.285,-9.80338)
(-84.2041,-314.334,63.3269)
(-14.1417,-364.918,75.0694)
(-20.6877,334.91,-71.3956)
(-101.21,208.653,-93.0802)
(252.453,-194.38,-79.4253)
(229.69,-228.19,-120.098)
(254.92,-197.726,-83.2655)
(250.428,-147.372,-112.118)
(-111.942,305.396,115.436)
(-154.078,245.08,176.164)
(317.344,19.2932,124.612)
(409.822,2.55992,189.166)
(283.325,144.069,96.7562)
(386.859,49.3281,21.0096)
(292.877,148.378,102.723)
(233.027,174.094,98.322)
(147.13,292.414,9.51491)
(155.824,288.362,-85.1251)
(-54.5786,-317.946,-8.68196)
(-131.78,-351.316,-55.5742)
(46.3162,-312.968,72.6953)
(100.199,-329.952,-44.6533)
(26.6681,-326.695,119.845)
(2.19714,-309.283,187.795)
(26.4744,-326.367,120.85)
(50.1251,-336.175,187.411)
(212.063,236.34,-53.9333)
(144.019,196.466,-202.034)
(-248.683,-190.776,92.106)
(-201.499,-194.972,26.394)
(311.131,-58.1984,73.1499)
(236.762,-109.758,39.358)
(-277.723,144.67,100.035)
(-277.925,153.149,157.062)
(-70.0847,313.905,59.1036)
(-36.2287,236.607,30.5081)
(200.318,-252.64,-50.1543)
(235.488,-361.531,-159.478)
(-92.5522,-299.536,-92.8274)
(-77.7992,-304.608,-66.4429)
(92.9778,-299.073,-99.3953)
(111.933,-224.641,-165.461)
(-127.481,299.534,92.3102)
(-130.408,260.542,89.5386)
(-127.146,296.619,93.3505)
(-141.127,283.787,69.2233)
(-215.48,251.81,78.7925)
(-138.903,239.895,92.5542)
(-284.619,-135.605,66.9162)
(-283.863,-173.351,160.571)
(-94.6769,303.935,-104.55)
(-167.876,298.67,-35.2343)
(254.85,-216.114,71.7251)
(261.677,-178.787,143.631)
(249.096,-220.727,74.1188)
(182.639,-303.286,39.8617)
(-229.201,-220.952,83.1812)
(-269.75,-179.407,80.179)
(278.247,141.589,-52.6641)
(277.517,257.114,-65.5082)
(-243.243,-195.867,-17.5264)
(-215.793,-224.494,79.243)
(86.3216,301.397,98.0272)
(18.3578,193.48,-52.1662)
(-69.8402,-310.191,-97.5876)
(-52.4339,-301.145,-179.201)
(87.6869,303.556,93.8958)
(83.6283,387.717,60.7099)
(90.502,303.632,97.0134)
(50.4849,287.637,161.361)
(92.5331,310.915,90.4158)
(47.0413,261.315,107.204)
(-196.208,-244.55,-49.2762)
(-112.554,-273.502,-74.3299)
(-237.959,-202.593,-110.444)
(-170.983,-174.523,-45.918)
(-246.228,-205.898,-113.258)
(-275.756,-206.357,-190.683)
(92.4595,298.738,-72.6153)
(38.4109,237.098,-18.653)
(303.559,121.884,-77.9891)
(449.196,170.529,-225.119)
(28.4462,319.172,56.0129)
(126.609,297.247,-33.9049)
(24.9917,318.221,56.6194)
(20.3629,288.832,-22.8816)
(177.049,-261.107,-46.7096)
(134.516,-252.264,-50.7027)
(-138.639,281.69,10.5569)
(-106.094,217.387,-41.9617)
(-140.348,280.511,-1.35225)
(-150.369,402.242,-59.7861)
(-140.879,-280.186,-11.6388)
(-110.485,-361.864,2.84696)
(187.434,-263.323,-46.0542)
(127.317,-335.851,-62.7449)
(183.156,-269.919,-40.0378)
(196.299,-218.273,40.5844)
(13.3323,328.612,61.1136)
(34.8956,257.382,25.3045)
(-202.639,-259.712,100.725)
(-253.132,-269.668,32.6322)
(-65.6794,312.116,-118.388)
(-75.196,336.358,-155.371)
(-65.2726,318.551,-123.874)
(-183.545,218.633,-239.367)
(-323.583,50.0447,95.2848)
(-278.236,87.2397,42.4252)
(-129.025,290.573,-9.83907)
(-120.856,280.754,-40.0422)
(-131.271,293.629,-6.38665)
(-157.319,299.026,-6.70911)
(240.624,-223.181,8.8516)
(228.21,-231.463,-17.8859)
(313.07,-2.68624,19.7461)
(329.736,-29.1798,-102.772)
(-332.031,5.34581,-47.096)
(-398.275,-108.815,-48.9115)
(132.157,-306.824,-81.7553)
(116.824,-458.798,-58.9711)
(147.096,295.655,79.2271)
(88.2467,255.206,-15.1696)
(147.4,296.71,79.0231)
(165.069,332.427,77.2706)
(241.048,225.925,6.31865)
(300.771,172.417,74.8874)
(-75.6045,-320.36,-4.36374)
(-99.5976,-388.178,111.662)
(286.096,-158.099,101.99)
(234.793,-136.604,101.243)
(100.868,-300.915,43.0258)
(98.9765,-254.61,73.4007)
(-3.28132,314.768,-48.779)
(-96.9489,286.881,-13.5273)
(-24.5442,-312.079,2.15969)
(-52.4562,-271.983,-99.2388)
(-23.7987,-312.618,1.37345)
(40.9219,-308.094,-21.2001)
(-19.9716,-316.079,-83.0096)
(67.064,-419.273,-123.009)
(-17.1988,-319.703,-77.4299)
(-15.8071,-419.28,11.5122)
(-15.7298,-316.276,-69.8998)
(-83.8307,-259.399,68.6219)
(-132.17,290.091,28.2896)
(-76.2967,365.395,-34.0651)
(39.8345,-315.518,-28.8497)
(36.7562,-342.068,-88.3087)
(-323.038,26.849,-91.2073)
(-356.113,-14.0777,-118.252)
(-315.187,26.1651,-86.935)
(-387.17,-36.426,-40.0742)
(320.473,-20.8742,67.3036)
(345.784,24.2069,6.92639)
(246.102,-206.261,-43.791)
(348.298,-194.387,-51.5255)
(-262.443,173.479,-100.145)
(-238.341,132.228,-111.773)
(-274.109,190.481,-114.611)
(-305.788,127.221,-194.448)
(-272.995,191.045,-110.535)
(-213.834,267.632,-119.223)
(68.6629,-321.508,5.12815)
(-11.1665,-224.591,-22.8619)
(70.0986,-320.867,5.85788)
(62.3303,-299.297,-37.5972)
(75.7797,-317.554,14.2171)
(104.372,-283.483,43.1547)
(78.1859,-318.85,14.5087)
(7.15944,-305.022,108.659)
(146.887,287.977,-1.34482)
(150.176,297.712,-46.9602)
(137.94,295.301,78.6843)
(88.444,295.065,65.2258)
(-115.691,-291.041,-74.2405)
(-133.507,-284.823,-81.1018)
(317.919,-12.4142,-31.6714)
(317.967,59.9042,-23.0342)
(327.763,-17.3928,-21.809)
(311.286,-119.433,-110.488)
(-315.484,6.49471,19.7685)
(-391.592,33.2708,-66.2341)
(292.144,116.333,21.3174)
(308.076,179.565,22.3121)
(295.312,120.325,19.525)
(269.496,160.276,-18.1655)
(294.602,127.432,16.1479)
(260.417,149.233,18.2233)
(-283.263,-160.259,-26.9563)
(-274.917,-238.885,-62.7283)
(-279.344,-159.357,-23.1098)
(-331.424,-105.879,-93.4929)
0 events have been kept for refreshing and/or reviewing.
  "/vis/reviewKeptEvents" to review them one by one.
  "/vis/enable", then "/vis/viewer/flush" or "/vis/viewer/rebuild" to see them accumulated.
[Core-0] End of macro ./split/.Gate/main121/main15.mac
Graphics systems deleted.
Visualization Manager deleting...
