[G4] 
[G4] **************************************************************
[G4]  Geant4 version Name: geant4-10-07-patch-02    (11-June-2021)
[G4]                        Copyright : Geant4 Collaboration
[G4]                       References : NIM A 506 (2003), 250-303
[G4]                                  : IEEE-TNS 53 (2006), 270-278
[G4]                                  : NIM A 835 (2016), 186-225
[G4]                              WWW : http://geant4.org/
[G4] **************************************************************
[G4] 
[Core-0] Initialization of geometry
[Core-0] Initialization of physics
[Core-0] Initialization of actors
[Core-0] 
[Core-0] *************************************************
[Core-0]  GATE version 9.1 (2021)
[Core-0]  Copyright : OpenGATE Collaboration
[Core-0]  Reference : Phys. Med. Biol. 49 (2004) 4543-4561
[Core-0]  Reference : Phys. Med. Biol. 56 (2011) 881-901
[Core-0]  Reference : Med. Phys. 41(6)    (2014)
[Core-0]  http://www.opengatecollaboration.org        
[Core-0] *************************************************
[Core-0] 
[Core-0] You are using Geant4 version 10.7.2
[Core-0] Starting macro ./split/.Gate/main121/main2.mac
0: RINDEX
1.84e-06   1.00028
4.08e-06   1.00028
9: GROUPVEL
1.84e-06   299.709
4.08e-06   299.709
16: ABSLENGTH
1.84e-06   50000
4.08e-06   50000
 <!> *** WARNING *** <!>  GateMaterialDatabase: Multiple definition of element: Yttrium.
The definition in ClMind_GateMaterials.db was used.


GATE object:        'systems/cylindricalPET'
Components:

GATE object:        'systems/cylindricalPET/base'
Attached to volume: cylindricalPET
Nb of children:       1

	GATE object:        'systems/cylindricalPET/rsector'
	Attached to volume: module
	Nb of children:       1

		GATE object:        'systems/cylindricalPET/module'
		Attached to volume: unit
		Nb of children:       1

			GATE object:        'systems/cylindricalPET/submodule'
			Attached to volume: block
			Nb of children:       1

				GATE object:        'systems/cylindricalPET/crystal'
				Attached to volume: optical
				Nb of children:       4

					GATE object:        'systems/cylindricalPET/layer0'
					Attached to volume: crystal
					Nb of children:       0

					GATE object:        'systems/cylindricalPET/layer1'
					Attached to volume: ---
					Nb of children:       0

					GATE object:        'systems/cylindricalPET/layer2'
					Attached to volume: ---
					Nb of children:       0

					GATE object:        'systems/cylindricalPET/layer3'
					Attached to volume: ---
					Nb of children:       0
geometrical design type: 1
ring diameter: -3.95 mm 
rsector axial pitch: 0 fm 
rsector azimuthal pitch: 12.8571 degree
rsector tangential size: 2.5 cm 
rsector axial size: 25.04 cm 
module axial size: 4.784 cm 
module tangential size: 2.5 cm 
module axial pitch: 0 fm 
module tangential pitch: 0 fm 
submodule axial size: 4.784 cm 
submodule tangential size: 2.5 cm 
submodule axial pitch: 0 fm 
submodule tangential pitch: 0 fm 
crystal radial size: 1.59 cm 
crystal axial size: 1.59 cm 
crystal tangential size: 2.5 cm 
crystal axial pitch: 0 fm 
crystal tangential pitch: 0 fm 
layer0 radial size: 3.95 mm 
in layer0 interaction length: 1.975 mm 
Axial nb of rsectors: 1
Azimuthal nb of rsectors: 28
Axial nb of modules: 1
Tangential nb of modules: 1
Axial nb of submodules: 1
Tangential nb of submodules: 1
Axial nb of crystals: 1
Tangential nb of crystals: 1
Radial nb of layers: 1
[Physic-0] The following Geant4's physic-list is enabled :emstandard_opt3


List of Enabled processes:




List of initialized processes:


[Core-0] Initialization of geometry
[Core-0] Initialization of physics
[Core-0] Initialization of actors
 <!> *** WARNING *** <!>  The 'energytype' option is DEPRECATED, use 'ene/type' instead!
 <!> *** WARNING *** <!>  The 'energytype' option is DEPRECATED, use 'ene/type' instead!
 <!> *** WARNING *** <!>  The 'energytype' option is DEPRECATED, use 'ene/type' instead!
 <!> *** WARNING *** <!>  The 'energytype' option is DEPRECATED, use 'ene/type' instead!
 <!> *** WARNING *** <!>  The 'energytype' option is DEPRECATED, use 'ene/type' instead!
 <!> *** WARNING *** <!>  The 'energytype' option is DEPRECATED, use 'ene/type' instead!
 <!> *** WARNING *** <!>  The 'energytype' option is DEPRECATED, use 'ene/type' instead!
 <!> *** WARNING *** <!>  The 'energytype' option is DEPRECATED, use 'ene/type' instead!
 <!> *** WARNING *** <!>  The 'energytype' option is DEPRECATED, use 'ene/type' instead!
[Acquisition-0]   
[Acquisition-0] ============= Source initialization =============
[Acquisition-0]   
[Acquisition-0] ============= Acquisition starts! =============
[Acquisition-0] Simulation start time = 0 sec
[Acquisition-0] Simulation end time   = 1 sec
[Acquisition-0] Simulation will have  = 1 run(s)
[Acquisition-0] Slice 0 from 0 to 1 s [slice=1 s]

### ===  Deexcitation model UAtomDeexcitation is activated for 25 regions:
          DefaultRegionForTheWorld  1  1  1
          cylindricalPET  1  1  1
          module  1  1  1
          unit  1  1  1
          block  1  1  1
          optical  1  1  1
          crystal  1  1  1
          capillaire1  1  1  1
          capillaire1_water  1  1  1
          capillaire2  1  1  1
          capillaire2_water  1  1  1
          capillaire3  1  1  1
          capillaire3_water  1  1  1
          capillaire4  1  1  1
          capillaire4_water  1  1  1
          capillaire5  1  1  1
          capillaire5_water  1  1  1
          capillaire_m1  1  1  1
          capillaire_m1_water  1  1  1
          capillaire_m2  1  1  1
          capillaire_m2_water  1  1  1
          capillaire_m3  1  1  1
          capillaire_m3_water  1  1  1
          capillaire_m4  1  1  1
          capillaire_m4_water  1  1  1
### ===  Ignore cuts flag:   0

phot:  for gamma applyCuts:1  SubType=12 BuildTable=0
      LambdaPrime table from 200 keV to 100 TeV in 174 bins 
      ===== EM models for the G4Region  DefaultRegionForTheWorld ======
 LivermorePhElectric : Emin=    0 eV  Emax=  100 TeV  SauterGavrila Fluo

compt:  for gamma applyCuts:1  SubType=13 BuildTable=1
      Lambda table from 10 eV  to 1 MeV, 20 bins/decade, spline: 1
      LambdaPrime table from 1 MeV to 100 TeV in 160 bins 
      ===== EM models for the G4Region  DefaultRegionForTheWorld ======
        KleinNishina : Emin=    0 eV  Emax=  100 TeV Fluo

conv:  for gamma applyCuts:1  SubType=14 BuildTable=1
      Lambda table from 1.022 MeV to 100 TeV, 20 bins/decade, spline: 1
      ===== EM models for the G4Region  DefaultRegionForTheWorld ======
     BetheHeitlerLPM : Emin=    0 eV  Emax=  100 TeV  ModifiedTsai

Rayl:  for gamma applyCuts:1  SubType=11 BuildTable=1
      Lambda table from 10 eV  to 100 keV, 20 bins/decade, spline: 0
      LambdaPrime table from 100 keV to 100 TeV in 180 bins 
      ===== EM models for the G4Region  DefaultRegionForTheWorld ======
   LivermoreRayleigh : Emin=    0 eV  Emax=  100 TeV  CullenGenerator

msc:  for e-  SubType= 10
      ===== EM models for the G4Region  DefaultRegionForTheWorld ======
            UrbanMsc : Emin=    0 eV  Emax=  100 TeV Nbins=240 100 eV  - 100 TeV
              StepLim=DistanceToBoundary Rfact=0.04 Gfact=2.5 Sfact=0.6 DispFlag:1 Skin=1 Llimit=1

eIoni:  for e-  SubType=2
      dE/dx and range tables from 10 eV  to 100 TeV in 260 bins
      Lambda tables from threshold to 100 TeV, 20 bins/decade, spline: 1
      StepFunction=(0.2, 0.1 mm), integ: 1, fluct: 1, linLossLim= 0.01
      ===== EM models for the G4Region  DefaultRegionForTheWorld ======
        MollerBhabha : Emin=    0 eV  Emax=  100 TeV  deltaVI

eBrem:  for e-  SubType=3
      dE/dx and range tables from 10 eV  to 100 TeV in 260 bins
      Lambda tables from threshold to 100 TeV, 20 bins/decade, spline: 1
      LPM flag: 1 for E > 1 GeV,  VertexHighEnergyTh(GeV)= 100000
      ===== EM models for the G4Region  DefaultRegionForTheWorld ======
             eBremSB : Emin=    0 eV  Emax=    1 GeV  AngularGen2BS
            eBremLPM : Emin=    1 GeV Emax=  100 TeV  AngularGen2BS

ePairProd:  for e-  SubType=4
      dE/dx and range tables from 10 eV  to 100 TeV in 260 bins
      Lambda tables from threshold to 100 TeV, 20 bins/decade, spline: 1
      Sampling table 25x1001; from 0.1 GeV to 100 TeV 
      ===== EM models for the G4Region  DefaultRegionForTheWorld ======
           ePairProd : Emin=    0 eV  Emax=  100 TeV  ModifiedMephi

msc:  for e+  SubType= 10
      ===== EM models for the G4Region  DefaultRegionForTheWorld ======
            UrbanMsc : Emin=    0 eV  Emax=  100 TeV Nbins=240 100 eV  - 100 TeV
              StepLim=DistanceToBoundary Rfact=0.04 Gfact=2.5 Sfact=0.6 DispFlag:1 Skin=1 Llimit=1

eIoni:  for e+  SubType=2
      dE/dx and range tables from 10 eV  to 100 TeV in 260 bins
      Lambda tables from threshold to 100 TeV, 20 bins/decade, spline: 1
      StepFunction=(0.2, 0.1 mm), integ: 1, fluct: 1, linLossLim= 0.01
      ===== EM models for the G4Region  DefaultRegionForTheWorld ======
        MollerBhabha : Emin=    0 eV  Emax=  100 TeV  deltaVI

eBrem:  for e+  SubType=3
      dE/dx and range tables from 10 eV  to 100 TeV in 260 bins
      Lambda tables from threshold to 100 TeV, 20 bins/decade, spline: 1
      LPM flag: 1 for E > 1 GeV,  VertexHighEnergyTh(GeV)= 100000
      ===== EM models for the G4Region  DefaultRegionForTheWorld ======
             eBremSB : Emin=    0 eV  Emax=    1 GeV  AngularGen2BS
            eBremLPM : Emin=    1 GeV Emax=  100 TeV  AngularGen2BS

ePairProd:  for e+  SubType=4
      dE/dx and range tables from 10 eV  to 100 TeV in 260 bins
      Lambda tables from threshold to 100 TeV, 20 bins/decade, spline: 1
      Sampling table 25x1001; from 0.1 GeV to 100 TeV 
      ===== EM models for the G4Region  DefaultRegionForTheWorld ======
           ePairProd : Emin=    0 eV  Emax=  100 TeV  ModifiedMephi

annihil:  for e+, integral:1  applyCuts:1  SubType=5 BuildTable=0
      ===== EM models for the G4Region  DefaultRegionForTheWorld ======
            eplus2gg : Emin=    0 eV  Emax=  100 TeV

msc:  for proton  SubType= 10
      ===== EM models for the G4Region  DefaultRegionForTheWorld ======
            UrbanMsc : Emin=    0 eV  Emax=  100 TeV Nbins=240 100 eV  - 100 TeV
              StepLim=Minimal Rfact=0.2 Gfact=2.5 Sfact=0.6 DispFlag:1 Skin=1 Llimit=1

hIoni:  for proton  SubType=2
      dE/dx and range tables from 10 eV  to 100 TeV in 260 bins
      Lambda tables from threshold to 100 TeV, 20 bins/decade, spline: 1
      StepFunction=(0.2, 0.05 mm), integ: 1, fluct: 1, linLossLim= 0.01
      ===== EM models for the G4Region  DefaultRegionForTheWorld ======
               Bragg : Emin=    0 eV  Emax=    2 MeV  deltaVI
          BetheBloch : Emin=    2 MeV Emax=  100 TeV  deltaVI

hBrems:  for proton  SubType=3
      dE/dx and range tables from 10 eV  to 100 TeV in 260 bins
      Lambda tables from threshold to 100 TeV, 20 bins/decade, spline: 1
      ===== EM models for the G4Region  DefaultRegionForTheWorld ======
               hBrem : Emin=    0 eV  Emax=  100 TeV  ModifiedMephi
      ===== Limit on energy threshold has been applied 

hPairProd:  for proton  SubType=4
      dE/dx and range tables from 10 eV  to 100 TeV in 260 bins
      Lambda tables from threshold to 100 TeV, 20 bins/decade, spline: 1
      Sampling table 17x1001; from 7.50618 GeV to 100 TeV 
      ===== EM models for the G4Region  DefaultRegionForTheWorld ======
           hPairProd : Emin=    0 eV  Emax=  100 TeV  ModifiedMephi

nuclearStopping:  for proton applyCuts:1  SubType=8 BuildTable=0
      ===== EM models for the G4Region  DefaultRegionForTheWorld ======
   ICRU49NucStopping : Emin=    0 eV  Emax=    1 MeV

msc:  for GenericIon  SubType= 10
      ===== EM models for the G4Region  DefaultRegionForTheWorld ======
            UrbanMsc : Emin=    0 eV  Emax=  100 TeV
              StepLim=Minimal Rfact=0.2 Gfact=2.5 Sfact=0.6 DispFlag:1 Skin=1 Llimit=1

ionIoni:  for GenericIon  SubType=2
      dE/dx and range tables from 10 eV  to 100 TeV in 260 bins
      Lambda tables from threshold to 100 TeV, 20 bins/decade, spline: 1
      StepFunction=(0.1, 0.02 mm), integ: 1, fluct: 1, linLossLim= 0.02
      ===== EM models for the G4Region  DefaultRegionForTheWorld ======
         ParamICRU73 : Emin=    0 eV  Emax=  100 TeV  deltaVI

nuclearStopping:  for GenericIon applyCuts:1  SubType=8 BuildTable=0
      ===== EM models for the G4Region  DefaultRegionForTheWorld ======
   ICRU49NucStopping : Emin=    0 eV  Emax=    1 MeV

msc:  for alpha  SubType= 10
      ===== EM models for the G4Region  DefaultRegionForTheWorld ======
            UrbanMsc : Emin=    0 eV  Emax=  100 TeV Nbins=240 100 eV  - 100 TeV
              StepLim=Minimal Rfact=0.2 Gfact=2.5 Sfact=0.6 DispFlag:1 Skin=1 Llimit=1

ionIoni:  for alpha  SubType=2
      dE/dx and range tables from 10 eV  to 100 TeV in 260 bins
      Lambda tables from threshold to 100 TeV, 20 bins/decade, spline: 1
      StepFunction=(0.1, 0.02 mm), integ: 1, fluct: 1, linLossLim= 0.02
      ===== EM models for the G4Region  DefaultRegionForTheWorld ======
            BraggIon : Emin=    0 eV  Emax=7.9452 MeV  deltaVI
          BetheBloch : Emin=7.9452 MeV Emax=  100 TeV  deltaVI

nuclearStopping:  for alpha applyCuts:1  SubType=8 BuildTable=0
      ===== EM models for the G4Region  DefaultRegionForTheWorld ======
   ICRU49NucStopping : Emin=    0 eV  Emax=    1 MeV

msc:  for anti_proton  SubType= 10
      ===== EM models for the G4Region  DefaultRegionForTheWorld ======
            UrbanMsc : Emin=    0 eV  Emax=  100 TeV Nbins=240 100 eV  - 100 TeV
              StepLim=Minimal Rfact=0.2 Gfact=2.5 Sfact=0.6 DispFlag:1 Skin=1 Llimit=1

hIoni:  for anti_proton  SubType=2
      dE/dx and range tables from 10 eV  to 100 TeV in 260 bins
      Lambda tables from threshold to 100 TeV, 20 bins/decade, spline: 1
      StepFunction=(0.2, 0.05 mm), integ: 1, fluct: 1, linLossLim= 0.01
      ===== EM models for the G4Region  DefaultRegionForTheWorld ======
            ICRU73QO : Emin=    0 eV  Emax=    2 MeV  deltaVI
          BetheBloch : Emin=    2 MeV Emax=  100 TeV  deltaVI

hBrems:  for anti_proton  SubType=3
      dE/dx and range tables from 10 eV  to 100 TeV in 260 bins
      Lambda tables from threshold to 100 TeV, 20 bins/decade, spline: 1
      ===== EM models for the G4Region  DefaultRegionForTheWorld ======
               hBrem : Emin=    0 eV  Emax=  100 TeV  ModifiedMephi
      ===== Limit on energy threshold has been applied 

hPairProd:  for anti_proton  SubType=4
      dE/dx and range tables from 10 eV  to 100 TeV in 260 bins
      Lambda tables from threshold to 100 TeV, 20 bins/decade, spline: 1
      Sampling table 17x1001; from 7.50618 GeV to 100 TeV 
      ===== EM models for the G4Region  DefaultRegionForTheWorld ======
           hPairProd : Emin=    0 eV  Emax=  100 TeV  ModifiedMephi

msc:  for kaon+  SubType= 10
      ===== EM models for the G4Region  DefaultRegionForTheWorld ======
            UrbanMsc : Emin=    0 eV  Emax=  100 TeV Nbins=240 100 eV  - 100 TeV
              StepLim=Minimal Rfact=0.2 Gfact=2.5 Sfact=0.6 DispFlag:1 Skin=1 Llimit=1

hIoni:  for kaon+  SubType=2
      dE/dx and range tables from 10 eV  to 100 TeV in 260 bins
      Lambda tables from threshold to 100 TeV, 20 bins/decade, spline: 1
      StepFunction=(0.2, 0.05 mm), integ: 1, fluct: 1, linLossLim= 0.01
      ===== EM models for the G4Region  DefaultRegionForTheWorld ======
               Bragg : Emin=    0 eV  Emax=1.05231 MeV  deltaVI
          BetheBloch : Emin=1.05231 MeV Emax=  100 TeV  deltaVI

hBrems:  for kaon+  SubType=3
      dE/dx and range tables from 10 eV  to 100 TeV in 260 bins
      Lambda tables from threshold to 100 TeV, 20 bins/decade, spline: 1
      ===== EM models for the G4Region  DefaultRegionForTheWorld ======
               hBrem : Emin=    0 eV  Emax=  100 TeV  ModifiedMephi
      ===== Limit on energy threshold has been applied 

hPairProd:  for kaon+  SubType=4
      dE/dx and range tables from 10 eV  to 100 TeV in 260 bins
      Lambda tables from threshold to 100 TeV, 20 bins/decade, spline: 1
      Sampling table 18x1001; from 3.94942 GeV to 100 TeV 
      ===== EM models for the G4Region  DefaultRegionForTheWorld ======
           hPairProd : Emin=    0 eV  Emax=  100 TeV  ModifiedMephi

msc:  for kaon-  SubType= 10
      ===== EM models for the G4Region  DefaultRegionForTheWorld ======
            UrbanMsc : Emin=    0 eV  Emax=  100 TeV Nbins=240 100 eV  - 100 TeV
              StepLim=Minimal Rfact=0.2 Gfact=2.5 Sfact=0.6 DispFlag:1 Skin=1 Llimit=1

hIoni:  for kaon-  SubType=2
      dE/dx and range tables from 10 eV  to 100 TeV in 260 bins
      Lambda tables from threshold to 100 TeV, 20 bins/decade, spline: 1
      StepFunction=(0.2, 0.05 mm), integ: 1, fluct: 1, linLossLim= 0.01
      ===== EM models for the G4Region  DefaultRegionForTheWorld ======
            ICRU73QO : Emin=    0 eV  Emax=1.05231 MeV  deltaVI
          BetheBloch : Emin=1.05231 MeV Emax=  100 TeV  deltaVI

hBrems:  for kaon-  SubType=3
      dE/dx and range tables from 10 eV  to 100 TeV in 260 bins
      Lambda tables from threshold to 100 TeV, 20 bins/decade, spline: 1
      ===== EM models for the G4Region  DefaultRegionForTheWorld ======
               hBrem : Emin=    0 eV  Emax=  100 TeV  ModifiedMephi
      ===== Limit on energy threshold has been applied 

hPairProd:  for kaon-  SubType=4
      dE/dx and range tables from 10 eV  to 100 TeV in 260 bins
      Lambda tables from threshold to 100 TeV, 20 bins/decade, spline: 1
      Sampling table 18x1001; from 3.94942 GeV to 100 TeV 
      ===== EM models for the G4Region  DefaultRegionForTheWorld ======
           hPairProd : Emin=    0 eV  Emax=  100 TeV  ModifiedMephi

msc:  for mu+  SubType= 10
      ===== EM models for the G4Region  DefaultRegionForTheWorld ======
            UrbanMsc : Emin=    0 eV  Emax=  100 TeV Nbins=240 100 eV  - 100 TeV
              StepLim=Minimal Rfact=0.2 Gfact=2.5 Sfact=0.6 DispFlag:1 Skin=1 Llimit=1

muIoni:  for mu+  SubType=2
      dE/dx and range tables from 10 eV  to 100 TeV in 260 bins
      Lambda tables from threshold to 100 TeV, 20 bins/decade, spline: 1
      StepFunction=(0.2, 0.05 mm), integ: 1, fluct: 1, linLossLim= 0.01
      ===== EM models for the G4Region  DefaultRegionForTheWorld ======
               Bragg : Emin=    0 eV  Emax=  200 keV  deltaVI
          BetheBloch : Emin=  200 keV Emax=    1 GeV  deltaVI
        MuBetheBloch : Emin=    1 GeV Emax=  100 TeV

muBrems:  for mu+  SubType=3
      dE/dx and range tables from 10 eV  to 100 TeV in 260 bins
      Lambda tables from threshold to 100 TeV, 20 bins/decade, spline: 1
      ===== EM models for the G4Region  DefaultRegionForTheWorld ======
              MuBrem : Emin=    0 eV  Emax=  100 TeV  ModifiedMephi
      ===== Limit on energy threshold has been applied 

muPairProd:  for mu+  SubType=4
      dE/dx and range tables from 10 eV  to 100 TeV in 260 bins
      Lambda tables from threshold to 100 TeV, 20 bins/decade, spline: 1
      Sampling table 21x1001; from 1 GeV to 100 TeV 
      ===== EM models for the G4Region  DefaultRegionForTheWorld ======
          muPairProd : Emin=    0 eV  Emax=  100 TeV  ModifiedMephi

msc:  for mu-  SubType= 10
      ===== EM models for the G4Region  DefaultRegionForTheWorld ======
            UrbanMsc : Emin=    0 eV  Emax=  100 TeV Nbins=240 100 eV  - 100 TeV
              StepLim=Minimal Rfact=0.2 Gfact=2.5 Sfact=0.6 DispFlag:1 Skin=1 Llimit=1

muIoni:  for mu-  SubType=2
      dE/dx and range tables from 10 eV  to 100 TeV in 260 bins
      Lambda tables from threshold to 100 TeV, 20 bins/decade, spline: 1
      StepFunction=(0.2, 0.05 mm), integ: 1, fluct: 1, linLossLim= 0.01
      ===== EM models for the G4Region  DefaultRegionForTheWorld ======
            ICRU73QO : Emin=    0 eV  Emax=  200 keV  deltaVI
          BetheBloch : Emin=  200 keV Emax=    1 GeV  deltaVI
        MuBetheBloch : Emin=    1 GeV Emax=  100 TeV

muBrems:  for mu-  SubType=3
      dE/dx and range tables from 10 eV  to 100 TeV in 260 bins
      Lambda tables from threshold to 100 TeV, 20 bins/decade, spline: 1
      ===== EM models for the G4Region  DefaultRegionForTheWorld ======
              MuBrem : Emin=    0 eV  Emax=  100 TeV  ModifiedMephi
      ===== Limit on energy threshold has been applied 

muPairProd:  for mu-  SubType=4
      dE/dx and range tables from 10 eV  to 100 TeV in 260 bins
      Lambda tables from threshold to 100 TeV, 20 bins/decade, spline: 1
      Sampling table 21x1001; from 1 GeV to 100 TeV 
      ===== EM models for the G4Region  DefaultRegionForTheWorld ======
          muPairProd : Emin=    0 eV  Emax=  100 TeV  ModifiedMephi

msc:  for pi+  SubType= 10
      ===== EM models for the G4Region  DefaultRegionForTheWorld ======
            UrbanMsc : Emin=    0 eV  Emax=  100 TeV Nbins=240 100 eV  - 100 TeV
              StepLim=Minimal Rfact=0.2 Gfact=2.5 Sfact=0.6 DispFlag:1 Skin=1 Llimit=1

hIoni:  for pi+  SubType=2
      dE/dx and range tables from 10 eV  to 100 TeV in 260 bins
      Lambda tables from threshold to 100 TeV, 20 bins/decade, spline: 1
      StepFunction=(0.2, 0.05 mm), integ: 1, fluct: 1, linLossLim= 0.01
      ===== EM models for the G4Region  DefaultRegionForTheWorld ======
               Bragg : Emin=    0 eV  Emax=297.505 keV  deltaVI
          BetheBloch : Emin=297.505 keV Emax=  100 TeV  deltaVI

hBrems:  for pi+  SubType=3
      dE/dx and range tables from 10 eV  to 100 TeV in 260 bins
      Lambda tables from threshold to 100 TeV, 20 bins/decade, spline: 1
      ===== EM models for the G4Region  DefaultRegionForTheWorld ======
               hBrem : Emin=    0 eV  Emax=  100 TeV  ModifiedMephi
      ===== Limit on energy threshold has been applied 

hPairProd:  for pi+  SubType=4
      dE/dx and range tables from 10 eV  to 100 TeV in 260 bins
      Lambda tables from threshold to 100 TeV, 20 bins/decade, spline: 1
      Sampling table 20x1001; from 1.11656 GeV to 100 TeV 
      ===== EM models for the G4Region  DefaultRegionForTheWorld ======
           hPairProd : Emin=    0 eV  Emax=  100 TeV  ModifiedMephi

msc:  for pi-  SubType= 10
      ===== EM models for the G4Region  DefaultRegionForTheWorld ======
            UrbanMsc : Emin=    0 eV  Emax=  100 TeV Nbins=240 100 eV  - 100 TeV
              StepLim=Minimal Rfact=0.2 Gfact=2.5 Sfact=0.6 DispFlag:1 Skin=1 Llimit=1

hIoni:  for pi-  SubType=2
      dE/dx and range tables from 10 eV  to 100 TeV in 260 bins
      Lambda tables from threshold to 100 TeV, 20 bins/decade, spline: 1
      StepFunction=(0.2, 0.05 mm), integ: 1, fluct: 1, linLossLim= 0.01
      ===== EM models for the G4Region  DefaultRegionForTheWorld ======
            ICRU73QO : Emin=    0 eV  Emax=297.505 keV  deltaVI
          BetheBloch : Emin=297.505 keV Emax=  100 TeV  deltaVI

hBrems:  for pi-  SubType=3
      dE/dx and range tables from 10 eV  to 100 TeV in 260 bins
      Lambda tables from threshold to 100 TeV, 20 bins/decade, spline: 1
      ===== EM models for the G4Region  DefaultRegionForTheWorld ======
               hBrem : Emin=    0 eV  Emax=  100 TeV  ModifiedMephi
      ===== Limit on energy threshold has been applied 

hPairProd:  for pi-  SubType=4
      dE/dx and range tables from 10 eV  to 100 TeV in 260 bins
      Lambda tables from threshold to 100 TeV, 20 bins/decade, spline: 1
      Sampling table 20x1001; from 1.11656 GeV to 100 TeV 
      ===== EM models for the G4Region  DefaultRegionForTheWorld ======
           hPairProd : Emin=    0 eV  Emax=  100 TeV  ModifiedMephi
G4VisManager: Using G4TrajectoryDrawByCharge as fallback trajectory model.
See commands in /vis/modeling/trajectories/ for other options.

### ===  Deexcitation model UAtomDeexcitation is activated for 25 regions:
          DefaultRegionForTheWorld  1  1  1
          cylindricalPET  1  1  1
          module  1  1  1
          unit  1  1  1
          block  1  1  1
          optical  1  1  1
          crystal  1  1  1
          capillaire1  1  1  1
          capillaire1_water  1  1  1
          capillaire2  1  1  1
          capillaire2_water  1  1  1
          capillaire3  1  1  1
          capillaire3_water  1  1  1
          capillaire4  1  1  1
          capillaire4_water  1  1  1
          capillaire5  1  1  1
          capillaire5_water  1  1  1
          capillaire_m1  1  1  1
          capillaire_m1_water  1  1  1
          capillaire_m2  1  1  1
          capillaire_m2_water  1  1  1
          capillaire_m3  1  1  1
          capillaire_m3_water  1  1  1
          capillaire_m4  1  1  1
          capillaire_m4_water  1  1  1
### ===  Ignore cuts flag:   0
(-293.527,-126.713,-64.2928)
(-297.208,-115.007,46.4497)
(-298.374,-130.497,-65.3992)
(-300.065,-65.9376,-23.9654)
(292.999,118.354,63.4212)
(317.039,277.773,3.06021)
 <!> *** WARNING *** <!>  Event is earlier than earliest event in coincidence presort buffer. Consider using a larger buffer.
(-268.537,176.821,-39.3461)
(-319.934,68.2114,-86.3763)
(305.064,-91.077,21.4524)
(348.25,-101.357,5.15436)
(309.213,-90.1291,22.8051)
(137.361,-129.124,-23.7535)
(313.223,-89.097,27.3646)
(299.421,-63.4782,-1.92943)
(150.759,-278.676,-14.9006)
(187.283,-371.267,52.1237)
(-285.917,161.578,-7.93941)
(-325.965,179.365,-69.6098)
(-283.796,166.485,-13.4901)
(-289.692,179.622,15.8283)
(189.662,-274.26,9.83852)
(239.754,-341.184,81.824)
(-248.422,-202.376,-0.874291)
(-248.538,-253.145,65.6375)
(-301.104,-83.2802,100.219)
(-391.757,-150.549,146.895)
(305.51,127.762,16.6935)
(354.375,229.079,100.993)
(-292.273,-130.753,-17.6409)
(-338.182,-117.905,-152.636)
(-296.744,-127.525,-16.2917)
(-280.311,-176.165,50.656)
(-246.978,-205.088,85.9808)
(-163.306,-159.286,201.665)
(-304.789,-65.926,-58.3704)
(-216.38,-71.563,-28.4505)
(-314.091,-48.34,-50.9649)
(-370.083,-73.6254,39.3611)
(-315.328,-28.7321,-56.023)
(-356.297,95.5779,42.5265)
(325.02,-52.2409,-63.6401)
(332.734,-29.7638,-55.4924)
(-309.186,83.8368,96.928)
(-192.488,118.437,144.925)
(-309.164,82.0296,97.1063)
(-340.964,35.1874,33.3041)
(-154.064,-285.928,66.7765)
(-137.227,-277.76,53.1123)
(306.968,66.1304,54.9525)
(312.195,104.686,6.66434)
(308.147,62.2093,64.9867)
(297.406,-53.2045,81.9303)
(250.642,-193.349,57.4551)
(219.622,-48.3218,195.05)
(260.739,-201.952,61.2547)
(307.022,-193.652,56.0892)
(257.176,-204.708,61.4129)
(272.532,-312.93,63.5246)
(-296.525,-107.006,-11.1147)
(-338.278,-197.318,82.3769)
(-313.716,-32.2496,-3.17988)
(-297.969,60.1326,25.3885)
(-316.126,21.0311,-21.5945)
(-414.235,-1.61473,18.4682)
(-289.532,-144.789,78.2255)
(-291.319,-102.481,-6.3258)
(-273.736,150.516,-4.10647)
(-298.518,174.943,90.7614)
(-275.729,149.457,-6.46725)
(-354.781,180.343,-42.5591)
(126.121,285.956,83.1608)
(160.715,392.541,67.0523)
(129.899,284.97,80.7809)
(16.6437,238.049,141.309)
(28.7058,-318.619,-89.7723)
(27.5944,-329.768,-73.575)
(89.0784,299.78,-120.385)
(86.4675,292.787,-196.398)
(70.3629,-305.064,123.252)
(44.3931,-402.34,108.324)
(-299.887,-116.434,7.33705)
(-173.176,-47.6966,50.6584)
(313.084,71.0672,-5.11896)
(355.339,116.574,-18.6989)
(316.802,73.0106,-19.8447)
(268.333,90.3477,-99.1284)
(317.915,72.001,-19.908)
(221.29,77.8437,-63.1814)
(252.671,187.521,-45.0322)
(272.22,134.748,-128.179)
(-55.9755,-323.928,79.8385)
(-80.3491,-314.2,71.4798)
(-53.4982,-326.429,86.4457)
(-46.1404,-303.407,33.5155)
(236.978,-222.101,13.7608)
(192.29,-354.804,-64.2478)
(312.328,-31.9356,114.073)
(337.188,103.868,23.2571)
(24.9559,-312.335,-31.4293)
(-9.91105,-261.96,-29.0135)
(215.057,233.929,-41.3754)
(163.284,147.249,-69.4482)
(163.915,278.592,-54.5075)
(196.029,176.931,-100.446)
(-250.314,193.819,-107.145)
(-168.72,182.51,-199.875)
(-238.767,217.385,-23.5951)
(-252.768,180.954,-58.4605)
(-243.692,209.652,-26.8532)
(-198.597,249.206,35.0011)
(-244.081,210.224,-33.1807)
(-256.44,165.748,33.5084)
(-247.911,209.602,-34.7443)
(-176.955,214.508,-118.618)
(270.438,-165.501,17.7756)
(283.856,-225.181,39.5498)
(279.73,-167.156,19.1465)
(177.265,-120.138,23.9693)
(197.957,259.715,-64.6717)
(178.402,353.082,-148.832)
(-276.207,-161.855,121.096)
(-265.099,-218.781,186.939)
(-281.343,-162.126,121.105)
(-262.879,-206.13,127.233)
(280.46,141.019,-90.7203)
(247.736,96.2949,-47.0824)
(278.453,142.347,-86.63)
(352.469,25.5464,-125.031)
(-300.167,95.8415,17.0013)
(-260.216,83.255,77.097)
(-299.792,100.761,27.7664)
(-295.84,63.4321,33.1343)
(291.508,-130.906,-26.8757)
(358.923,-110.737,72.2147)
(293.118,-121.236,-23.1236)
(310.128,-120.098,-21.9621)
(140.586,-285.17,-9.80085)
(180.456,-323.76,-12.5156)
(-50.7382,316.157,11.4545)
(20.3833,411.891,-33.4855)
(-55.9694,325.744,14.1092)
(73.7534,343.443,-47.289)
(201.611,269.438,109.725)
(168.179,314.905,79.0302)
(67.6352,318.497,20.0054)
(115.688,299.367,52.9187)
(76.109,309.784,17.575)
(57.2365,284.21,29.9009)
(73.3415,311.169,17.6268)
(97.1437,326.013,61.3728)
(-48.8179,-322.655,-21.6228)
(34.9836,-238.118,-41.7455)
(122.779,-287.02,-107.857)
(79.541,-337.843,-155.5)
(30.2007,328.088,124.478)
(8.29585,363.027,124.332)
(-161.561,-280.377,119.502)
(-258.206,-265.393,122.64)
(-10.5376,312.778,38.9082)
(2.38081,217.047,2.87784)
(242.256,-209.023,-23.6601)
(238.662,-162.442,-45.3759)
(216.728,226.116,87.2376)
(291.55,191.868,14.5953)
(218.297,229.159,87.282)
(245.777,179.145,99.693)
(288.392,167.618,-11.6932)
(228.862,233.66,-31.5873)
(-238.304,-203.365,14.73)
(-268.911,-257.714,-25.4867)
(-301.37,-98.06,41.3505)
(-140.39,-110.51,25.9779)
(-262.53,178.443,-50.7818)
(-254.839,77.3218,-30.8682)
(70.5069,-305.907,88.493)
(54.3409,-264.083,99.939)
(280.581,-154.592,-116.733)
(281.049,-135.334,-95.4738)
(-218.158,251.002,72.4831)
(-156.716,287.653,21.2882)
(249.888,-187.042,-57.0426)
(293.896,-119.887,-186.213)
(-309.714,-127.085,31.0827)
(-254.092,-221.372,47.5921)
(-213.944,-231.067,42.7302)
(-229.937,-229.491,174.034)
(287.501,128.597,108.145)
(284.065,91.9071,131.558)
(293.667,134.246,112.653)
(321.395,48.2131,170.079)
(280.763,145.642,-66.9602)
(335.018,128.058,-108.442)
(283.393,146.65,-62.0617)
(332.343,166.989,-104.239)
(-321.331,-78.3239,37.3284)
(-358.692,-153.333,-93.9913)
(-321.551,-78.3859,37.2857)
(-322.088,-71.4421,-15.172)
(-320.465,-81.7236,40.4011)
(-267.285,17.0057,56.6077)
(95.3947,-315.664,-43.513)
(92.6233,-362.468,-36.6821)
(97.7232,-312.559,-35.6751)
(81.0637,-169.804,-28.1108)
(-48.257,312.529,39.2651)
(-119.364,394.043,101.238)
(254.834,-191.03,-21.2981)
(328.979,-217.373,-41.4814)
(-311.99,-8.07297,-111.041)
(-193.314,-40.3143,-47.0356)
(-313.23,-8.52813,-113.63)
(-326.117,-18.6484,-193.867)
(-229.145,-238.271,112.503)
(-330.324,-226.186,133.972)
(-117.577,-292.477,-19.9185)
(-146.658,-296.068,43.6662)
(278.673,156.243,12.9276)
(492.897,-11.5361,-17.4688)
(-85.8987,-301.44,-8.36618)
(-164.597,-378.951,48.9461)
(-97.4361,299.555,117.723)
(-96.4946,367.468,66.6722)
(-61.3372,-324.402,41.5181)
(-61.8645,-365.007,-58.349)
(65.1055,-326.744,-83.1882)
(102.985,-344.762,-131.106)
(234.194,211.041,96.1767)
(303.421,309.11,78.9627)
(307.68,-96.3641,8.79786)
(366.531,-105.301,8.43379)
(-274.207,149.564,-17.8179)
(-263.174,105.194,-43.1031)
(-286.836,145.999,-28.7212)
(-268.906,35.5126,17.3551)
(-287.606,141.828,-21.8062)
(-237.353,182.24,-0.0545308)
(-81.87,306.486,42.7933)
(-84.2669,259.504,-7.50839)
(-78.9269,318.533,44.6678)
(-17.6738,221.84,-13.4549)
(-78.4649,323.288,52.215)
(-87.2775,309.22,75.7375)
(-76.9596,324.754,52.6017)
(-73.302,235.466,6.7804)
(-19.5267,-323.235,-41.1201)
(-20.2413,-224.163,-82.7611)
(-20.7615,-323.867,-40.9322)
(-34.5769,-327.345,-163.072)
(-316.807,95.4754,111.203)
(-416.698,105.655,121.948)
(67.5087,-326.197,88.8873)
(169.734,-330.388,21.9156)
(231.704,211.158,-91.1287)
(168.991,220.545,-55.3437)
(321.891,16.3799,-43.2269)
(309.034,27.299,-35.1467)
(-324.707,-6.5015,16.1425)
(-381.733,-30.1654,22.3131)
(269.662,-190.957,-92.32)
(353.344,-187.568,24.7833)
(315.089,87.1962,-13.4433)
(283.832,82.7292,63.6206)
(317.038,88.1595,-13.0446)
(301.232,128.171,-42.9418)
(-248.058,-193.697,23.5212)
(-210.612,-188.346,63.7232)
(294.327,112.343,-102.343)
(296.255,109.463,-39.627)
(-317.008,60.4191,93.0448)
(-311.87,52.1088,292.03)
(-311.606,61.3576,106.744)
(-283.576,38.245,57.5515)
(312.86,-29.6688,9.74282)
(320.179,-27.7871,-19.2489)
(327.128,-43.0333,-40.6954)
(352.081,48.5458,-50.9735)
(-317.992,48.6208,-16.6172)
(-316.1,138.734,-52.1766)
(306.79,75.3596,34.4359)
(372.787,-2.69283,120.726)
(307.162,72.6789,34.9494)
(341.679,93.9869,-25.0614)
(201.414,265.219,-121.109)
(325.409,188.908,-163.322)
(-246.39,-206.739,94.478)
(-202.951,-165.385,76.5308)
(-251.979,-207.464,92.866)
(-149.023,-200.658,103.388)
(-251.898,-204.714,88.3314)
(-165.135,-156.621,151.797)
(263.252,-178.173,-57.1262)
(283.897,-289.385,-49.6875)
(-72.7032,308.157,97.2531)
(-62.0603,311.279,41.6512)
(-52.7451,-315.115,116.987)
(22.0317,-279.602,100.512)
(-208.137,246.069,-92.149)
(-331.698,273.002,-52.6522)
(-211.948,258.114,-107.4)
(-221.074,342.338,-136.777)
(241.345,-210.736,-20.356)
(174.553,-235.34,-52.1596)
(-84.4602,311.171,32.3833)
(21.9036,286.791,115.232)
(-84.9401,308.174,29.5574)
(-93.6782,203.513,13.6931)
(-270.098,159.201,-38.6967)
(-267.778,135.863,-26.8534)
(168.008,-277.209,64.1838)
(312.596,-312.819,75.8902)
(309.457,-88.3472,-57.0669)
(287.373,-98.1139,-94.9866)
(122.067,295.447,54.6065)
(99.011,333.514,7.61511)
(-298.551,98.2813,98.0943)
(-305.753,60.1376,51.9078)
(-204.941,-264.884,-11.8316)
(-193.59,-247.469,-30.4805)
(-61.0073,321.986,12.2978)
(5.85518,277.545,91.7208)
(-298.857,114.235,91.0535)
(-382.669,64.8667,96.037)
(-301.403,122.258,87.1601)
(-303.962,116.399,-39.427)
(-236.278,-218.36,118.612)
(-82.5641,-275.038,66.558)
(315.037,13.7839,108.27)
(354.895,-68.3435,199.724)
(313.753,15.6446,100.119)
(384.961,-36.3129,127.118)
(-241.185,-221.84,19.6798)
(-264.29,-233.324,-63.185)
(237.983,-223.869,-81.7463)
(180.829,-224.77,-23.1653)
(-4.44023,329.094,123.758)
(-1.68536,384.699,39.2332)
(-64.8561,329.447,-11.8442)
(17.1381,382.472,64.8142)
(-197.723,-252.969,10.1822)
(-134.255,-274.361,9.08041)
(-204.814,-252.728,6.02455)
(-342.19,-198.807,-220.794)
(318.261,-64.8898,-11.6101)
(316.084,-63.6218,148.128)
(-291.227,157.606,33.6934)
(-353.212,142.896,-33.5458)
(-289.684,159.053,34.2966)
(-267.446,67.7378,-5.43474)
(-295.633,-122.711,91.5566)
(-248.768,-226.4,51.4925)
(-294.001,-121.033,87.6222)
(-232.598,-109.667,86.9199)
(292.941,113.161,-87.3852)
(259.404,87.4663,-12.2655)
(296.554,121.9,-86.1867)
(342.051,142.55,-97.56)
(-301.879,98.5385,39.7801)
(-401.932,24.4219,236.095)
(-316.847,104.474,46.0634)
(-347.629,49.8229,67.8333)
(241.315,203.267,33.9815)
(208.324,165.392,5.77121)
(-16.5488,-315.489,-48.6068)
(-108.389,-374.331,-65.2209)
(243.333,-210.465,2.90395)
(262.825,-161.975,7.17233)
(-296.745,111.62,0.254151)
(-382.609,172.047,63.2329)
(190.645,278.714,102.301)
(215.841,238.836,50.7064)
(-286.918,-137.198,120.611)
(-278.304,-155.731,153.724)
(-282.905,-150.326,109.019)
(-211.917,-127.775,129.171)
(310.234,51.1047,-88.6883)
(341.569,59.682,-28.3342)
(-309.816,45.1614,-17.7829)
(-346.292,20.5809,-49.8636)
(305.381,-93.6944,41.2302)
(281.436,-101.7,126.05)
(317.293,6.2896,-55.0687)
(324.357,-1.9164,-103.063)
(-138.542,-295.211,-102.097)
(-4.35779,-265.162,-164.192)
(-79.2616,316.486,107.47)
(-82.779,386.457,130.006)
(13.3858,313.959,-107.3)
(-89.3527,412.758,-147.931)
(23.2959,329.048,-104.406)
(81.776,367.63,-114.745)
(6.39684,-323.554,111.018)
(-65.1652,-288.076,76.4984)
(55.6918,310.712,-3.98051)
(0.235854,348.547,-4.69079)
(53.5122,310.743,-3.61872)
(115.864,298.96,56.026)
(103.968,-314.427,2.93985)
(145.676,-212.749,54.892)
(299.047,95.2641,65.3643)
(309.702,54.0018,67.5076)
(302.425,92.4799,64.1097)
(168.219,129.902,115.736)
(203.127,237.75,-2.90072)
(275.314,279.807,62.3622)
(-131.797,-282.885,3.57771)
(-142.283,-266.687,48.7925)
(-190.828,-248.008,-20.4549)
(-187.884,-250.954,-45.5954)
(283.636,134.886,-0.902468)
(396.483,171.301,-20.9341)
(-317.706,-14.2182,7.16317)
(-308.689,22.2282,14.8705)
(-322.13,-11.2648,7.17066)
(-302.953,-48.7419,-57.2607)
(-164.879,273.022,-104.539)
(-145.475,359.666,44.8474)
(-311.998,-9.63182,-98.457)
(-328.824,29.2542,-142.799)
(-44.234,-325.455,124.238)
(2.13458,-358.864,238.346)
(-52.9726,-308.728,14.1691)
(-44.7089,-273.656,4.18865)
(60.3609,309.722,102.524)
(66.6353,178,127.781)
(99.0855,-304.509,-99.6256)
(45.1496,-306.312,-59.2126)
(98.1552,-303.488,-98.1354)
(127.025,-270.957,-23.1367)
(-50.327,311.982,-121.809)
(96.1876,266.98,-135.063)
(185.398,-254.482,97.3289)
(219.438,-285.484,8.11007)
(-187.992,264.107,-63.5937)
(-146.113,227.325,-45.2876)
(-190.088,269.307,-70.6379)
(-232.857,236.629,-101.906)
(313.419,-90.1136,54.1612)
(377.017,-12.3521,97.1648)
(304.618,-95.2758,53.0478)
(284.119,-106.838,6.08295)
(311.242,75.8468,17.6303)
(329.772,179.983,81.3021)
(306.563,-78.0918,-40.4745)
(307.229,-125,-19.1562)
(307.895,-77.902,-45.7215)
(315.127,-72.1889,-65.364)
(198.177,-251.761,103.847)
(214.354,-144.632,152.899)
(-316.974,-11.0694,-18.139)
(-245.291,-23.307,-38.2801)
(-333.963,-9.04398,-7.22136)
(-341.507,-80.9081,17.3209)
(312.129,18.2308,33.3327)
(382.483,-45.8258,-9.73606)
(305.993,-73.8501,-96.1898)
(213.598,-91.2288,-109.854)
(304.557,-74.6925,-100.54)
(180.333,-43.5511,-102.264)
(57.7411,-312.028,59.539)
(-7.28818,-241.812,81.4647)
(-258.169,187.476,-38.4943)
(-173.77,128.5,-92.6736)
(-256.53,209.411,-19.8954)
(-272.334,215.566,21.7279)
(97.6662,-304.845,124.009)
(75.3515,-357.745,132.234)
(98.6912,-303.718,122.319)
(88.5635,-212.797,73.3814)
(175.969,260.356,-108.169)
(186.175,271.423,-169.364)
(179.701,268.828,-103.551)
(135.071,221.645,17.0618)
(-265.55,-187.96,78.2813)
(-272.94,-190.81,176.458)
(-156.238,-272.729,12.5098)
(-244.419,-254.181,43.9192)
(7.80837,313.457,-11.638)
(124.267,366.396,-47.0567)
(5.95854,315.264,-19.174)
(-19.7459,382.531,-26.8518)
(-326.001,-59.1252,-123.202)
(-404.57,-22.2803,21.7405)
(-316.741,-68.789,-121.93)
(-379.621,-64.8988,-97.8856)
(-310.933,-60.936,27.9709)
(-209.885,-109.519,57.7617)
(324.523,60.5724,65.3128)
(332.185,114.819,28.6051)
(-312.74,-27.1751,-28.7417)
(-244.997,-30.7946,41.1974)
(152.893,-273.111,-13.7232)
(104.843,-231.542,-81.5178)
(-251.43,201.963,9.57066)
(-245.959,98.6891,79.6562)
(-257.697,-186.154,-86.1122)
(-253.678,-155.612,-96.566)
(260.541,174.25,80.3353)
(287.584,76.9547,128.407)
(-300.855,121.067,-52.3188)
(-284.785,160.204,-74.113)
(309.437,-58.5294,21.7674)
(234.452,-134.389,6.48691)
(46.916,-317.992,15.3941)
(-11.7024,-375.86,-4.91449)
(-187.667,269.352,-12.6519)
(-241.044,292.649,-19.9591)
(-310.487,76.2105,2.49507)
(-263.246,43.9511,6.06733)
(-313.931,74.9674,-0.332988)
(-289.865,80.7237,34.7111)
(261.048,-179.865,-1.51218)
(297.316,-102.285,-131.676)
(306.13,65.5546,-79.6153)
(282.901,-10.7142,-66.4063)
(315.977,-18.8803,-80.399)
(306.322,-36.2436,-186.912)
(-319.479,-3.68987,-107.42)
(-192.686,-87.8201,-163.963)
(295.503,-125.809,-1.82243)
(225.762,-18.8333,29.6446)
(291.995,-128.237,2.15115)
(253.175,-150.796,7.9469)
(-119.443,301.195,-93.0773)
(-67.5275,405.089,-98.1643)
(-119.573,300.473,-94.2476)
(-84.9363,395.5,-190.479)
(-159.213,-274.136,85.98)
(-136.397,-193.422,17.2962)
(75.6537,304.3,-20.3801)
(84.7224,384.122,-40.7157)
(-167.674,-286.422,22.1077)
(-108.244,-361.374,-34.2799)
(220.338,-229.461,-86.9613)
(238.06,-203.889,15.2818)
(217.989,-229.65,-88.3793)
(129.485,-314.102,-68.0901)
(271.154,177.482,-97.6867)
(291.304,279.426,-69.9121)
(-162.564,-278.222,-27.5591)
(-72.0982,-301.089,-14.6042)
(-158.778,-277.857,-28.7477)
(-119.705,-368.283,42.2052)
(-153.231,-284.467,-27.812)
(-169.797,-298.073,-70.2014)
(183.875,-281.965,-60.2416)
(101.225,-172.972,76.2657)
(-54.812,-315.792,-99.0264)
(-46.2302,-290.744,-99.0527)
(229.808,246.326,-3.68473)
(233.459,181.585,35.4125)
(24.0995,-314.913,4.24989)
(42.131,-174.068,64.6383)
(-262.441,-185.264,-77.6452)
(-219.153,-227.305,-57.8831)
(306.679,122.954,54.6891)
(249.851,192.69,-68.2604)
(305.233,127.847,48.7525)
(432.656,109.728,-90.3379)
(-135.148,-306.612,60.7144)
(-110.341,-156.49,38.8652)
(-137.042,-306.322,57.8916)
(-63.8468,-203.781,-45.5864)
(242.522,231.745,-45.5964)
(208.721,173.723,2.08313)
(244.118,231.736,-50.1791)
(224.15,176.154,-15.9959)
(-325.707,-8.43973,1.492)
(-395.87,-54.8311,-39.4913)
(-325.909,-6.21647,3.55873)
(-328.558,-123.806,15.6508)
(330.263,11.1791,0.5907)
(349.923,6.87066,74.8014)
(329.682,4.90715,-0.963183)
(368.633,58.2834,-87.6139)
(-312.533,-3.13142,63.5831)
(-212.897,-22.2255,58.2762)
(-159.333,-280.644,-94.0788)
(-152.676,-380.493,-100.883)
(300.345,109.85,-62.5354)
(180.929,213.847,-140.848)
(301.071,113.074,-68.6455)
(307.41,102.033,-39.0952)
(-276.721,-144.018,77.8858)
(-263.793,-17.876,42.4543)
(117.162,306.68,84.4222)
(213.496,364.257,5.59847)
(-97.7471,-308.467,-87.4939)
(-4.70351,-141.368,57.8223)
(-96.821,-315.086,-90.3961)
(-144.653,-329.02,-76.5218)
(-92.2168,-315.595,-90.5562)
(-132.738,-231.305,-70.8342)
(-320.787,-30.672,61.9611)
(-236.878,-78.6147,158.686)
(117.95,296.216,-112.779)
(112.566,236.041,-208.702)
(127.733,306.687,-120.198)
(88.3214,339.179,-94.7366)
(40.1619,-314.215,119.162)
(44.0581,-367.249,110.434)
(-205.949,235.06,-35.7121)
(-342.314,243.871,-4.70072)
(-172.783,267.813,19.7078)
(-114.625,190.434,6.74815)
(315.997,58.0711,-85.4544)
(259.471,10.9059,-81.4661)
(-307.216,-79.0495,-94.3174)
(-328.727,-54.3225,-45.1045)
(-296.546,-110.097,-38.3398)
(-390.451,-71.8173,-34.4791)
(-294.971,-112.351,-37.6093)
(-268.636,-49.3311,36.8552)
(199.322,240.025,82.9079)
(117.67,219.952,118.668)
(200.114,241.287,81.8986)
(166.511,301.219,116.493)
(-277.723,-145.33,-60.183)
(-330.294,-128.128,-70.3697)
(-280.75,-143.086,-62.8388)
(-302.505,-212.159,28.678)
(266.792,-175.189,-107.244)
(293.448,-118.548,-214.429)
(-11.1059,334.4,-79.6895)
(-100.786,328.726,48.3536)
(-6.5467,331.422,-82.155)
(-14.204,357.8,-48.2874)
(-4.61161,331.57,-83.1734)
(-49.705,404.08,-84.0362)
(-316.208,50.2042,43.7347)
(-400.18,-13.6535,33.5382)
(-314.274,60.4901,43.8489)
(-434.729,74.152,72.7555)
(312.724,-18.6091,-18.4478)
(261.849,42.9516,-27.2167)
(312.294,-18.8893,-18.6645)
(277.812,-63.9348,-45.848)
(326.135,-52.1514,105.179)
(274.089,-68.0351,152.738)
(332.56,-50.0647,101.624)
(241.984,-123.531,22.8894)
(310.441,-56.0478,-35.8345)
(398.774,-94.6239,-49.1254)
(-259.917,-184.418,116.574)
(-176.492,-181.977,111.588)
(-266.539,-190.013,114.354)
(-292.142,-304.619,75.2168)
(-297.863,114.204,95.8188)
(-221.631,155.42,206.184)
(-220.173,235.091,30.5876)
(-143.276,247.584,-17.026)
(248.352,-195.404,-88.7169)
(242.537,-201.099,-94.5628)
(214.529,-246.997,14.8522)
(245.441,-359.029,-70.4802)
(214.075,-257.427,21.3474)
(108.586,-317.484,57.3495)
(-26.3854,322.301,-22.4264)
(-11.3011,324.188,-84.1569)
(68.2016,-313.949,-43.8798)
(137.608,-272.021,-28.223)
(149.67,285.879,40.5429)
(217.106,450.987,-12.1875)
(146.559,288.884,41.9493)
(80.6259,178.344,96.6422)
(-102.178,318.354,-84.3335)
(-31.7708,339.674,-124.854)
(-215.169,-245.529,-120.29)
(-186.254,-311.381,-123.08)
(-213.534,-247.554,-117.988)
(-238.995,-367.256,-156.683)
(247.282,-200.71,94.1564)
(267.009,-238.298,133.442)
(-312.178,81.7743,-90.9725)
(-216.166,12.9001,-195.907)
(-268.465,161.19,-101.945)
(-284.722,119.905,-122.572)
(-293.73,144.765,-91.5955)
(-271.584,53.1449,-141.062)
(-197.918,-243.488,21.8711)
(-254.698,-254.974,63.0409)
(-205.033,-262.81,36.8939)
(-269.363,-185.208,55.9813)
(122.861,-294.316,-49.8234)
(113.071,-249.541,-31.2175)
(123.867,296.258,65.6537)
(140.48,340.226,83.7257)
(-254.181,196.206,60.8391)
(-325.81,191.287,-32.0188)
(309.485,-90.7986,30.8762)
(330.263,-22.7113,-68.8046)
(308.519,-92.4303,29.312)
(421.906,-91.2966,-44.7577)
(-241.571,204.114,-65.2754)
(-108.673,185.934,-109.442)
(-247.5,218.811,-70.0906)
(-240.235,180.405,-125.276)
(-142.981,277.22,-41.4367)
(-182.036,247.367,-138.855)
(-135.89,292.742,-29.9845)
(-192.358,293.159,66.2932)
(-136.548,289.709,-22.1872)
(-152.55,231.728,-52.7517)
(24.359,327.52,-29.152)
(26.3455,314.088,-20.1554)
(-4.38855,-327.693,30.6558)
(-5.38393,-224.826,71.1108)
(-281.747,-149.237,-0.154539)
(-221.638,-246.368,-25.1032)
(-283.532,-147.492,-0.474051)
(-326.633,-104.618,49.3917)
(147.258,302.199,-5.41031)
(134.434,449.761,-75.2565)
(-224.908,-235.441,43.6882)
(-213.874,-233.087,100.436)
(-210.531,-246.591,42.4442)
(-245.442,-240.801,82.2042)
(-215.254,-239.95,31.5716)
(-211.842,-178.377,95.8674)
(139.432,290.762,-47.3161)
(124.055,310.109,-50.6408)
(324.412,14.4096,-3.10752)
(299.42,18.3341,-72.6277)
(287.397,-163.41,44.1307)
(279.83,-206.64,96.8511)
(287.047,-163.227,41.7862)
(295.749,-278.689,-2.90979)
(-274.274,-158.068,27.1827)
(-206.063,-163.292,51.792)
(-280.864,-187.276,18.2522)
(-216.398,-274.725,12.6668)
(118.535,303.287,-55.6865)
(53.4318,419.568,-134.865)
(-274.671,151.728,-94.495)
(-282.21,91.7023,-130.628)
(-289.689,158.358,-105.609)
(-319.358,-8.49923,1.30926)
(-285.706,156.485,65.3327)
(-397.211,179.596,17.5116)
(302.067,134.935,-104.487)
(287.054,98.5906,-77.3978)
(299.877,135.386,-103.257)
(147.201,234.127,-59.3382)
(-315.423,49.4635,-88.5121)
(-211.418,24.1471,-65.3588)
(-327.766,49.9517,-93.8993)
(-335.081,34.4959,-195.325)
(-327.025,43.8281,-98.2591)
(-377.54,133.434,-108.76)
(-270.209,-185.087,102.559)
(-231.897,-214.301,134.368)
(-267.929,-186.244,106.038)
(-238.947,-199.848,96.9399)
(-296.967,-100.129,-103.556)
(-257.543,-165.377,-103.479)
(-297.624,-115.791,-115.498)
(-399.486,-130.045,-128.066)
(-298.756,-131.46,-120.968)
(-294.798,-73.8231,-99.7867)
(-287.5,128.062,70.4459)
(-357.811,-3.27166,26.5111)
(61.6319,-313.111,-98.3018)
(47.5514,-315.847,-41.7723)
(69.665,-329.033,-101.656)
(54.1788,-327.078,-109.113)
(97.5508,300.494,98.2289)
(204.546,299.995,147.913)
(-255.813,203.035,-81.2336)
(-208.222,195.245,-14.5032)
(105.329,-317.674,106.274)
(94.7944,-442.302,101.209)
(-127.561,-299.211,-106.351)
(-146.764,-311.325,-94.8658)
(-92.3512,311.73,114.076)
(-98.2304,305.855,117.772)
(207.76,233.464,72.7984)
(181.046,184.458,29.0409)
(223.217,242.548,82.3443)
(215.231,254.809,144.76)
(-24.919,-322.687,-96.3579)
(-82.1472,-295.302,-71.1773)
(-311.345,78.9949,54.4387)
(-293.16,84.1048,77.119)
(-310.372,80.7482,54.2475)
(-331.172,62.1117,19.9209)
(-191.816,-250.533,90.6465)
(-143.258,-237.37,150.817)
(295.866,117.204,-41.039)
(219.998,132.468,-83.4059)
(302.119,94.9198,-119.313)
(220.555,89.4906,-92.6938)
(315.006,-26.8063,118.406)
(283.769,-13.2785,219.918)
(319.494,-27.3041,120.811)
(307.112,10.532,68.1342)
(-284.262,-163.351,43.7582)
(-287.986,-74.9587,24.1068)
(214.542,235.184,-60.8916)
(239.411,186.965,-38.6204)
(62.2219,311.104,84.849)
(115.817,356.069,201.02)
(204.826,-258.281,-68.9461)
(272.69,-236.241,29.1858)
(204.305,-258.46,-70.4132)
(223.502,-214.288,-111.883)
(311.487,-40.1086,68.4643)
(263.628,50.3973,126.564)
(122.135,-305.217,-81.9969)
(81.6347,-302.258,-8.48203)
(-26.5494,316.841,89.2294)
(-0.238315,317.606,103.431)
(314.349,-44.1512,-69.3048)
(289.735,7.83576,12.9045)
(316.573,-57.3462,-71.0016)
(315.535,-148.253,-20.2794)
(311.456,-58.3146,-78.6467)
(231.236,-38.5256,-85.9538)
(-310.564,46.3655,69.6976)
(-261.33,4.00839,72.2578)
(292.523,163.673,-98.5105)
(236.22,207.597,-61.2873)
(-323.673,-69.0564,41.4604)
(-174.119,-21.0542,72.1189)
(307.241,89.1373,79.8354)
(320.657,87.3373,144.934)
(315.4,84.5848,80.7596)
(401.903,126.125,184.734)
(-60.6396,-317.026,-117.793)
(-103.971,-326.934,-115.293)
(-38.8072,312.918,118.558)
(27.2151,350.759,167.482)
(-310.29,-65.2003,-20.4951)
(-310.539,15.7676,41.1959)
(-258.668,185.887,-107.516)
(-359.255,146.228,-117.906)
(-260.505,186.832,-107.373)
(-290.021,167.918,-51.824)
(-263.649,189.781,-111.94)
(-265.623,138.428,-143.684)
(-47.992,-311.984,105.818)
(-70.4958,-297.678,123.609)
(255.815,192.67,-64.8745)
(197.588,208.846,-55.2636)
(262.993,200.98,-67.4951)
(207.632,228.331,-37.6432)
(-318.654,-2.07878,47.5825)
(-272.943,35.8797,60.8868)
(-317.069,1.01045,46.4409)
(-297.956,28.9897,148.573)
(324.373,4.76285,-117.935)
(266.476,40.5592,-94.7055)
(335.106,10.3018,-119.4)
(252.652,5.31476,-193.693)
(-160.942,283.956,9.78702)
(-175.52,310.646,-50.3395)
(-167.431,289.435,-73.7189)
(-76.1854,285.145,-64.1324)
(-4.25215,-315.03,113.641)
(62.1955,-376.061,131.444)
(-272.01,-155.127,27.7315)
(-355.658,-223.444,-28.8685)
(288.672,-141.168,-19.9146)
(357.641,-161.489,-0.98773)
(330.337,9.19044,-21.8603)
(304.368,-111.59,-21.976)
(331.38,5.12905,-6.10464)
(313.948,-80.9323,-79.3495)
(-325.874,-9.62334,26.9735)
(-341.755,16.3485,-26.8871)
(-324.349,-10.54,20.1706)
(-282.903,-82.2833,100.133)
(-326.449,-52.6277,7.36536)
(-321.357,-32.1002,29.2942)
(-327.741,-51.9722,8.76882)
(-423.165,-34.8023,-32.5852)
(-328.76,-54.3263,10.3724)
(-382.104,-146.733,-62.596)
(303.445,81.708,-7.58291)
(210.842,54.3358,16.7356)
(317.685,-42.5083,64.8964)
(386.891,-98.4991,67.2319)
(321.542,13.4663,23.3352)
(275.487,14.802,-12.8508)
(202.932,240.97,102.605)
(216.941,187.904,16.1836)
(199.701,243.718,104.053)
(208.299,353.719,135.227)
(259.608,177.241,56.056)
(246.69,189.203,150.696)
(269.325,177.468,52.7942)
(344.551,75.2888,90.758)
(-111.537,-292.845,35.7312)
(-82.3696,-295.463,46.5669)
(193.546,251.932,-27.0089)
(158.239,319.542,-86.7262)
(-220.203,247.802,31.8013)
(-238.48,209.714,59.6546)
(-226.95,246.935,36.1661)
(-299.982,196.962,51.9524)
(-305.339,-83.9065,114.638)
(-394.144,-179.458,89.5046)
(317.421,50.9792,94.2402)
(323.054,148.218,102.26)
(316.195,66.6784,86.8745)
(204.283,63.5258,81.4014)
(311.018,71.4001,86.918)
(334.24,52.5931,16.804)
(-299.027,96.778,-31.0205)
(-273.373,59.6097,-5.50609)
(-313.425,88.324,-18.8402)
(-316.417,71.4785,-106.356)
(272.538,-156.262,54.4708)
(293.056,-159.979,198)
(-203.65,241.416,-95.1101)
(-192.06,290.662,-42.4924)
(-193.623,-244.784,30.3365)
(-180.031,-360.155,-31.0595)
(-71.8609,308.566,-38.9352)
(51.8258,231.883,55.4363)
(328.953,44.4356,-107.315)
(295.792,76.7426,-80.1983)
(330.914,43.8958,-110.76)
(206.477,84.3447,-42.2636)
(237.696,204.862,114.605)
(205.948,25.2261,84.601)
(238.066,205.685,113.43)
(222.526,275.715,64.9109)
(-302.359,-113.048,-65.5004)
(-157.808,-42.9997,-35.7949)
(-309.487,76.1385,7.45047)
(-261.746,70.0656,-3.52709)
(60.7644,-314.79,-8.64432)
(-75.5118,-404.767,-15.6965)
(283.544,-131.307,1.2188)
(280.745,-122.231,3.5305)
(297.293,-145.461,1.04959)
(388.975,-225.604,-6.72605)
(295.071,-145.408,5.2727)
(175.896,-123.974,-1.7933)
(-254.128,215.868,0.126916)
(-275.592,331.79,-51.7797)
(188.119,-272.129,43.3595)
(179.152,-238.816,-37.2188)
(-49.1035,325.739,-56.6639)
(-39.6607,351.865,-46.2168)
(249.074,189.777,-8.58902)
(241.092,251.352,-65.5832)
(-113.429,-304.62,12.6099)
(-140.686,-394.16,-111.977)
(-320.661,46.3995,-100.689)
(-371.909,96.3248,-102.153)
(-317.961,44.8906,-104.401)
(-319.242,-6.0765,-130.387)
0 events have been kept for refreshing and/or reviewing.
  "/vis/reviewKeptEvents" to review them one by one.
  "/vis/enable", then "/vis/viewer/flush" or "/vis/viewer/rebuild" to see them accumulated.
[Core-0] End of macro ./split/.Gate/main121/main2.mac
Graphics systems deleted.
Visualization Manager deleting...
