[G4] 
[G4] **************************************************************
[G4]  Geant4 version Name: geant4-10-07-patch-02    (11-June-2021)
[G4]                        Copyright : Geant4 Collaboration
[G4]                       References : NIM A 506 (2003), 250-303
[G4]                                  : IEEE-TNS 53 (2006), 270-278
[G4]                                  : NIM A 835 (2016), 186-225
[G4]                              WWW : http://geant4.org/
[G4] **************************************************************
[G4] 
[Core-0] Initialization of geometry
[Core-0] Initialization of physics
[Core-0] Initialization of actors
[Core-0] 
[Core-0] *************************************************
[Core-0]  GATE version 9.1 (2021)
[Core-0]  Copyright : OpenGATE Collaboration
[Core-0]  Reference : Phys. Med. Biol. 49 (2004) 4543-4561
[Core-0]  Reference : Phys. Med. Biol. 56 (2011) 881-901
[Core-0]  Reference : Med. Phys. 41(6)    (2014)
[Core-0]  http://www.opengatecollaboration.org        
[Core-0] *************************************************
[Core-0] 
[Core-0] You are using Geant4 version 10.7.2
[Core-0] Starting macro ./split/.Gate/main121/main10.mac
0: RINDEX
1.84e-06   1.00028
4.08e-06   1.00028
9: GROUPVEL
1.84e-06   299.709
4.08e-06   299.709
16: ABSLENGTH
1.84e-06   50000
4.08e-06   50000
 <!> *** WARNING *** <!>  GateMaterialDatabase: Multiple definition of element: Yttrium.
The definition in ClMind_GateMaterials.db was used.


GATE object:        'systems/cylindricalPET'
Components:

GATE object:        'systems/cylindricalPET/base'
Attached to volume: cylindricalPET
Nb of children:       1

	GATE object:        'systems/cylindricalPET/rsector'
	Attached to volume: module
	Nb of children:       1

		GATE object:        'systems/cylindricalPET/module'
		Attached to volume: unit
		Nb of children:       1

			GATE object:        'systems/cylindricalPET/submodule'
			Attached to volume: block
			Nb of children:       1

				GATE object:        'systems/cylindricalPET/crystal'
				Attached to volume: optical
				Nb of children:       4

					GATE object:        'systems/cylindricalPET/layer0'
					Attached to volume: crystal
					Nb of children:       0

					GATE object:        'systems/cylindricalPET/layer1'
					Attached to volume: ---
					Nb of children:       0

					GATE object:        'systems/cylindricalPET/layer2'
					Attached to volume: ---
					Nb of children:       0

					GATE object:        'systems/cylindricalPET/layer3'
					Attached to volume: ---
					Nb of children:       0
geometrical design type: 1
ring diameter: -3.95 mm 
rsector axial pitch: 0 fm 
rsector azimuthal pitch: 12.8571 degree
rsector tangential size: 2.5 cm 
rsector axial size: 25.04 cm 
module axial size: 4.784 cm 
module tangential size: 2.5 cm 
module axial pitch: 0 fm 
module tangential pitch: 0 fm 
submodule axial size: 4.784 cm 
submodule tangential size: 2.5 cm 
submodule axial pitch: 0 fm 
submodule tangential pitch: 0 fm 
crystal radial size: 1.59 cm 
crystal axial size: 1.59 cm 
crystal tangential size: 2.5 cm 
crystal axial pitch: 0 fm 
crystal tangential pitch: 0 fm 
layer0 radial size: 3.95 mm 
in layer0 interaction length: 1.975 mm 
Axial nb of rsectors: 1
Azimuthal nb of rsectors: 28
Axial nb of modules: 1
Tangential nb of modules: 1
Axial nb of submodules: 1
Tangential nb of submodules: 1
Axial nb of crystals: 1
Tangential nb of crystals: 1
Radial nb of layers: 1
[Physic-0] The following Geant4's physic-list is enabled :emstandard_opt3


List of Enabled processes:




List of initialized processes:


[Core-0] Initialization of geometry
[Core-0] Initialization of physics
[Core-0] Initialization of actors
 <!> *** WARNING *** <!>  The 'energytype' option is DEPRECATED, use 'ene/type' instead!
 <!> *** WARNING *** <!>  The 'energytype' option is DEPRECATED, use 'ene/type' instead!
 <!> *** WARNING *** <!>  The 'energytype' option is DEPRECATED, use 'ene/type' instead!
 <!> *** WARNING *** <!>  The 'energytype' option is DEPRECATED, use 'ene/type' instead!
 <!> *** WARNING *** <!>  The 'energytype' option is DEPRECATED, use 'ene/type' instead!
 <!> *** WARNING *** <!>  The 'energytype' option is DEPRECATED, use 'ene/type' instead!
 <!> *** WARNING *** <!>  The 'energytype' option is DEPRECATED, use 'ene/type' instead!
 <!> *** WARNING *** <!>  The 'energytype' option is DEPRECATED, use 'ene/type' instead!
 <!> *** WARNING *** <!>  The 'energytype' option is DEPRECATED, use 'ene/type' instead!
[Acquisition-0]   
[Acquisition-0] ============= Source initialization =============
[Acquisition-0]   
[Acquisition-0] ============= Acquisition starts! =============
[Acquisition-0] Simulation start time = 0 sec
[Acquisition-0] Simulation end time   = 1 sec
[Acquisition-0] Simulation will have  = 1 run(s)
[Acquisition-0] Slice 0 from 0 to 1 s [slice=1 s]

### ===  Deexcitation model UAtomDeexcitation is activated for 25 regions:
          DefaultRegionForTheWorld  1  1  1
          cylindricalPET  1  1  1
          module  1  1  1
          unit  1  1  1
          block  1  1  1
          optical  1  1  1
          crystal  1  1  1
          capillaire1  1  1  1
          capillaire1_water  1  1  1
          capillaire2  1  1  1
          capillaire2_water  1  1  1
          capillaire3  1  1  1
          capillaire3_water  1  1  1
          capillaire4  1  1  1
          capillaire4_water  1  1  1
          capillaire5  1  1  1
          capillaire5_water  1  1  1
          capillaire_m1  1  1  1
          capillaire_m1_water  1  1  1
          capillaire_m2  1  1  1
          capillaire_m2_water  1  1  1
          capillaire_m3  1  1  1
          capillaire_m3_water  1  1  1
          capillaire_m4  1  1  1
          capillaire_m4_water  1  1  1
### ===  Ignore cuts flag:   0

phot:  for gamma applyCuts:1  SubType=12 BuildTable=0
      LambdaPrime table from 200 keV to 100 TeV in 174 bins 
      ===== EM models for the G4Region  DefaultRegionForTheWorld ======
 LivermorePhElectric : Emin=    0 eV  Emax=  100 TeV  SauterGavrila Fluo

compt:  for gamma applyCuts:1  SubType=13 BuildTable=1
      Lambda table from 10 eV  to 1 MeV, 20 bins/decade, spline: 1
      LambdaPrime table from 1 MeV to 100 TeV in 160 bins 
      ===== EM models for the G4Region  DefaultRegionForTheWorld ======
        KleinNishina : Emin=    0 eV  Emax=  100 TeV Fluo

conv:  for gamma applyCuts:1  SubType=14 BuildTable=1
      Lambda table from 1.022 MeV to 100 TeV, 20 bins/decade, spline: 1
      ===== EM models for the G4Region  DefaultRegionForTheWorld ======
     BetheHeitlerLPM : Emin=    0 eV  Emax=  100 TeV  ModifiedTsai

Rayl:  for gamma applyCuts:1  SubType=11 BuildTable=1
      Lambda table from 10 eV  to 100 keV, 20 bins/decade, spline: 0
      LambdaPrime table from 100 keV to 100 TeV in 180 bins 
      ===== EM models for the G4Region  DefaultRegionForTheWorld ======
   LivermoreRayleigh : Emin=    0 eV  Emax=  100 TeV  CullenGenerator

msc:  for e-  SubType= 10
      ===== EM models for the G4Region  DefaultRegionForTheWorld ======
            UrbanMsc : Emin=    0 eV  Emax=  100 TeV Nbins=240 100 eV  - 100 TeV
              StepLim=DistanceToBoundary Rfact=0.04 Gfact=2.5 Sfact=0.6 DispFlag:1 Skin=1 Llimit=1

eIoni:  for e-  SubType=2
      dE/dx and range tables from 10 eV  to 100 TeV in 260 bins
      Lambda tables from threshold to 100 TeV, 20 bins/decade, spline: 1
      StepFunction=(0.2, 0.1 mm), integ: 1, fluct: 1, linLossLim= 0.01
      ===== EM models for the G4Region  DefaultRegionForTheWorld ======
        MollerBhabha : Emin=    0 eV  Emax=  100 TeV  deltaVI

eBrem:  for e-  SubType=3
      dE/dx and range tables from 10 eV  to 100 TeV in 260 bins
      Lambda tables from threshold to 100 TeV, 20 bins/decade, spline: 1
      LPM flag: 1 for E > 1 GeV,  VertexHighEnergyTh(GeV)= 100000
      ===== EM models for the G4Region  DefaultRegionForTheWorld ======
             eBremSB : Emin=    0 eV  Emax=    1 GeV  AngularGen2BS
            eBremLPM : Emin=    1 GeV Emax=  100 TeV  AngularGen2BS

ePairProd:  for e-  SubType=4
      dE/dx and range tables from 10 eV  to 100 TeV in 260 bins
      Lambda tables from threshold to 100 TeV, 20 bins/decade, spline: 1
      Sampling table 25x1001; from 0.1 GeV to 100 TeV 
      ===== EM models for the G4Region  DefaultRegionForTheWorld ======
           ePairProd : Emin=    0 eV  Emax=  100 TeV  ModifiedMephi

msc:  for e+  SubType= 10
      ===== EM models for the G4Region  DefaultRegionForTheWorld ======
            UrbanMsc : Emin=    0 eV  Emax=  100 TeV Nbins=240 100 eV  - 100 TeV
              StepLim=DistanceToBoundary Rfact=0.04 Gfact=2.5 Sfact=0.6 DispFlag:1 Skin=1 Llimit=1

eIoni:  for e+  SubType=2
      dE/dx and range tables from 10 eV  to 100 TeV in 260 bins
      Lambda tables from threshold to 100 TeV, 20 bins/decade, spline: 1
      StepFunction=(0.2, 0.1 mm), integ: 1, fluct: 1, linLossLim= 0.01
      ===== EM models for the G4Region  DefaultRegionForTheWorld ======
        MollerBhabha : Emin=    0 eV  Emax=  100 TeV  deltaVI

eBrem:  for e+  SubType=3
      dE/dx and range tables from 10 eV  to 100 TeV in 260 bins
      Lambda tables from threshold to 100 TeV, 20 bins/decade, spline: 1
      LPM flag: 1 for E > 1 GeV,  VertexHighEnergyTh(GeV)= 100000
      ===== EM models for the G4Region  DefaultRegionForTheWorld ======
             eBremSB : Emin=    0 eV  Emax=    1 GeV  AngularGen2BS
            eBremLPM : Emin=    1 GeV Emax=  100 TeV  AngularGen2BS

ePairProd:  for e+  SubType=4
      dE/dx and range tables from 10 eV  to 100 TeV in 260 bins
      Lambda tables from threshold to 100 TeV, 20 bins/decade, spline: 1
      Sampling table 25x1001; from 0.1 GeV to 100 TeV 
      ===== EM models for the G4Region  DefaultRegionForTheWorld ======
           ePairProd : Emin=    0 eV  Emax=  100 TeV  ModifiedMephi

annihil:  for e+, integral:1  applyCuts:1  SubType=5 BuildTable=0
      ===== EM models for the G4Region  DefaultRegionForTheWorld ======
            eplus2gg : Emin=    0 eV  Emax=  100 TeV

msc:  for proton  SubType= 10
      ===== EM models for the G4Region  DefaultRegionForTheWorld ======
            UrbanMsc : Emin=    0 eV  Emax=  100 TeV Nbins=240 100 eV  - 100 TeV
              StepLim=Minimal Rfact=0.2 Gfact=2.5 Sfact=0.6 DispFlag:1 Skin=1 Llimit=1

hIoni:  for proton  SubType=2
      dE/dx and range tables from 10 eV  to 100 TeV in 260 bins
      Lambda tables from threshold to 100 TeV, 20 bins/decade, spline: 1
      StepFunction=(0.2, 0.05 mm), integ: 1, fluct: 1, linLossLim= 0.01
      ===== EM models for the G4Region  DefaultRegionForTheWorld ======
               Bragg : Emin=    0 eV  Emax=    2 MeV  deltaVI
          BetheBloch : Emin=    2 MeV Emax=  100 TeV  deltaVI

hBrems:  for proton  SubType=3
      dE/dx and range tables from 10 eV  to 100 TeV in 260 bins
      Lambda tables from threshold to 100 TeV, 20 bins/decade, spline: 1
      ===== EM models for the G4Region  DefaultRegionForTheWorld ======
               hBrem : Emin=    0 eV  Emax=  100 TeV  ModifiedMephi
      ===== Limit on energy threshold has been applied 

hPairProd:  for proton  SubType=4
      dE/dx and range tables from 10 eV  to 100 TeV in 260 bins
      Lambda tables from threshold to 100 TeV, 20 bins/decade, spline: 1
      Sampling table 17x1001; from 7.50618 GeV to 100 TeV 
      ===== EM models for the G4Region  DefaultRegionForTheWorld ======
           hPairProd : Emin=    0 eV  Emax=  100 TeV  ModifiedMephi

nuclearStopping:  for proton applyCuts:1  SubType=8 BuildTable=0
      ===== EM models for the G4Region  DefaultRegionForTheWorld ======
   ICRU49NucStopping : Emin=    0 eV  Emax=    1 MeV

msc:  for GenericIon  SubType= 10
      ===== EM models for the G4Region  DefaultRegionForTheWorld ======
            UrbanMsc : Emin=    0 eV  Emax=  100 TeV
              StepLim=Minimal Rfact=0.2 Gfact=2.5 Sfact=0.6 DispFlag:1 Skin=1 Llimit=1

ionIoni:  for GenericIon  SubType=2
      dE/dx and range tables from 10 eV  to 100 TeV in 260 bins
      Lambda tables from threshold to 100 TeV, 20 bins/decade, spline: 1
      StepFunction=(0.1, 0.02 mm), integ: 1, fluct: 1, linLossLim= 0.02
      ===== EM models for the G4Region  DefaultRegionForTheWorld ======
         ParamICRU73 : Emin=    0 eV  Emax=  100 TeV  deltaVI

nuclearStopping:  for GenericIon applyCuts:1  SubType=8 BuildTable=0
      ===== EM models for the G4Region  DefaultRegionForTheWorld ======
   ICRU49NucStopping : Emin=    0 eV  Emax=    1 MeV

msc:  for alpha  SubType= 10
      ===== EM models for the G4Region  DefaultRegionForTheWorld ======
            UrbanMsc : Emin=    0 eV  Emax=  100 TeV Nbins=240 100 eV  - 100 TeV
              StepLim=Minimal Rfact=0.2 Gfact=2.5 Sfact=0.6 DispFlag:1 Skin=1 Llimit=1

ionIoni:  for alpha  SubType=2
      dE/dx and range tables from 10 eV  to 100 TeV in 260 bins
      Lambda tables from threshold to 100 TeV, 20 bins/decade, spline: 1
      StepFunction=(0.1, 0.02 mm), integ: 1, fluct: 1, linLossLim= 0.02
      ===== EM models for the G4Region  DefaultRegionForTheWorld ======
            BraggIon : Emin=    0 eV  Emax=7.9452 MeV  deltaVI
          BetheBloch : Emin=7.9452 MeV Emax=  100 TeV  deltaVI

nuclearStopping:  for alpha applyCuts:1  SubType=8 BuildTable=0
      ===== EM models for the G4Region  DefaultRegionForTheWorld ======
   ICRU49NucStopping : Emin=    0 eV  Emax=    1 MeV

msc:  for anti_proton  SubType= 10
      ===== EM models for the G4Region  DefaultRegionForTheWorld ======
            UrbanMsc : Emin=    0 eV  Emax=  100 TeV Nbins=240 100 eV  - 100 TeV
              StepLim=Minimal Rfact=0.2 Gfact=2.5 Sfact=0.6 DispFlag:1 Skin=1 Llimit=1

hIoni:  for anti_proton  SubType=2
      dE/dx and range tables from 10 eV  to 100 TeV in 260 bins
      Lambda tables from threshold to 100 TeV, 20 bins/decade, spline: 1
      StepFunction=(0.2, 0.05 mm), integ: 1, fluct: 1, linLossLim= 0.01
      ===== EM models for the G4Region  DefaultRegionForTheWorld ======
            ICRU73QO : Emin=    0 eV  Emax=    2 MeV  deltaVI
          BetheBloch : Emin=    2 MeV Emax=  100 TeV  deltaVI

hBrems:  for anti_proton  SubType=3
      dE/dx and range tables from 10 eV  to 100 TeV in 260 bins
      Lambda tables from threshold to 100 TeV, 20 bins/decade, spline: 1
      ===== EM models for the G4Region  DefaultRegionForTheWorld ======
               hBrem : Emin=    0 eV  Emax=  100 TeV  ModifiedMephi
      ===== Limit on energy threshold has been applied 

hPairProd:  for anti_proton  SubType=4
      dE/dx and range tables from 10 eV  to 100 TeV in 260 bins
      Lambda tables from threshold to 100 TeV, 20 bins/decade, spline: 1
      Sampling table 17x1001; from 7.50618 GeV to 100 TeV 
      ===== EM models for the G4Region  DefaultRegionForTheWorld ======
           hPairProd : Emin=    0 eV  Emax=  100 TeV  ModifiedMephi

msc:  for kaon+  SubType= 10
      ===== EM models for the G4Region  DefaultRegionForTheWorld ======
            UrbanMsc : Emin=    0 eV  Emax=  100 TeV Nbins=240 100 eV  - 100 TeV
              StepLim=Minimal Rfact=0.2 Gfact=2.5 Sfact=0.6 DispFlag:1 Skin=1 Llimit=1

hIoni:  for kaon+  SubType=2
      dE/dx and range tables from 10 eV  to 100 TeV in 260 bins
      Lambda tables from threshold to 100 TeV, 20 bins/decade, spline: 1
      StepFunction=(0.2, 0.05 mm), integ: 1, fluct: 1, linLossLim= 0.01
      ===== EM models for the G4Region  DefaultRegionForTheWorld ======
               Bragg : Emin=    0 eV  Emax=1.05231 MeV  deltaVI
          BetheBloch : Emin=1.05231 MeV Emax=  100 TeV  deltaVI

hBrems:  for kaon+  SubType=3
      dE/dx and range tables from 10 eV  to 100 TeV in 260 bins
      Lambda tables from threshold to 100 TeV, 20 bins/decade, spline: 1
      ===== EM models for the G4Region  DefaultRegionForTheWorld ======
               hBrem : Emin=    0 eV  Emax=  100 TeV  ModifiedMephi
      ===== Limit on energy threshold has been applied 

hPairProd:  for kaon+  SubType=4
      dE/dx and range tables from 10 eV  to 100 TeV in 260 bins
      Lambda tables from threshold to 100 TeV, 20 bins/decade, spline: 1
      Sampling table 18x1001; from 3.94942 GeV to 100 TeV 
      ===== EM models for the G4Region  DefaultRegionForTheWorld ======
           hPairProd : Emin=    0 eV  Emax=  100 TeV  ModifiedMephi

msc:  for kaon-  SubType= 10
      ===== EM models for the G4Region  DefaultRegionForTheWorld ======
            UrbanMsc : Emin=    0 eV  Emax=  100 TeV Nbins=240 100 eV  - 100 TeV
              StepLim=Minimal Rfact=0.2 Gfact=2.5 Sfact=0.6 DispFlag:1 Skin=1 Llimit=1

hIoni:  for kaon-  SubType=2
      dE/dx and range tables from 10 eV  to 100 TeV in 260 bins
      Lambda tables from threshold to 100 TeV, 20 bins/decade, spline: 1
      StepFunction=(0.2, 0.05 mm), integ: 1, fluct: 1, linLossLim= 0.01
      ===== EM models for the G4Region  DefaultRegionForTheWorld ======
            ICRU73QO : Emin=    0 eV  Emax=1.05231 MeV  deltaVI
          BetheBloch : Emin=1.05231 MeV Emax=  100 TeV  deltaVI

hBrems:  for kaon-  SubType=3
      dE/dx and range tables from 10 eV  to 100 TeV in 260 bins
      Lambda tables from threshold to 100 TeV, 20 bins/decade, spline: 1
      ===== EM models for the G4Region  DefaultRegionForTheWorld ======
               hBrem : Emin=    0 eV  Emax=  100 TeV  ModifiedMephi
      ===== Limit on energy threshold has been applied 

hPairProd:  for kaon-  SubType=4
      dE/dx and range tables from 10 eV  to 100 TeV in 260 bins
      Lambda tables from threshold to 100 TeV, 20 bins/decade, spline: 1
      Sampling table 18x1001; from 3.94942 GeV to 100 TeV 
      ===== EM models for the G4Region  DefaultRegionForTheWorld ======
           hPairProd : Emin=    0 eV  Emax=  100 TeV  ModifiedMephi

msc:  for mu+  SubType= 10
      ===== EM models for the G4Region  DefaultRegionForTheWorld ======
            UrbanMsc : Emin=    0 eV  Emax=  100 TeV Nbins=240 100 eV  - 100 TeV
              StepLim=Minimal Rfact=0.2 Gfact=2.5 Sfact=0.6 DispFlag:1 Skin=1 Llimit=1

muIoni:  for mu+  SubType=2
      dE/dx and range tables from 10 eV  to 100 TeV in 260 bins
      Lambda tables from threshold to 100 TeV, 20 bins/decade, spline: 1
      StepFunction=(0.2, 0.05 mm), integ: 1, fluct: 1, linLossLim= 0.01
      ===== EM models for the G4Region  DefaultRegionForTheWorld ======
               Bragg : Emin=    0 eV  Emax=  200 keV  deltaVI
          BetheBloch : Emin=  200 keV Emax=    1 GeV  deltaVI
        MuBetheBloch : Emin=    1 GeV Emax=  100 TeV

muBrems:  for mu+  SubType=3
      dE/dx and range tables from 10 eV  to 100 TeV in 260 bins
      Lambda tables from threshold to 100 TeV, 20 bins/decade, spline: 1
      ===== EM models for the G4Region  DefaultRegionForTheWorld ======
              MuBrem : Emin=    0 eV  Emax=  100 TeV  ModifiedMephi
      ===== Limit on energy threshold has been applied 

muPairProd:  for mu+  SubType=4
      dE/dx and range tables from 10 eV  to 100 TeV in 260 bins
      Lambda tables from threshold to 100 TeV, 20 bins/decade, spline: 1
      Sampling table 21x1001; from 1 GeV to 100 TeV 
      ===== EM models for the G4Region  DefaultRegionForTheWorld ======
          muPairProd : Emin=    0 eV  Emax=  100 TeV  ModifiedMephi

msc:  for mu-  SubType= 10
      ===== EM models for the G4Region  DefaultRegionForTheWorld ======
            UrbanMsc : Emin=    0 eV  Emax=  100 TeV Nbins=240 100 eV  - 100 TeV
              StepLim=Minimal Rfact=0.2 Gfact=2.5 Sfact=0.6 DispFlag:1 Skin=1 Llimit=1

muIoni:  for mu-  SubType=2
      dE/dx and range tables from 10 eV  to 100 TeV in 260 bins
      Lambda tables from threshold to 100 TeV, 20 bins/decade, spline: 1
      StepFunction=(0.2, 0.05 mm), integ: 1, fluct: 1, linLossLim= 0.01
      ===== EM models for the G4Region  DefaultRegionForTheWorld ======
            ICRU73QO : Emin=    0 eV  Emax=  200 keV  deltaVI
          BetheBloch : Emin=  200 keV Emax=    1 GeV  deltaVI
        MuBetheBloch : Emin=    1 GeV Emax=  100 TeV

muBrems:  for mu-  SubType=3
      dE/dx and range tables from 10 eV  to 100 TeV in 260 bins
      Lambda tables from threshold to 100 TeV, 20 bins/decade, spline: 1
      ===== EM models for the G4Region  DefaultRegionForTheWorld ======
              MuBrem : Emin=    0 eV  Emax=  100 TeV  ModifiedMephi
      ===== Limit on energy threshold has been applied 

muPairProd:  for mu-  SubType=4
      dE/dx and range tables from 10 eV  to 100 TeV in 260 bins
      Lambda tables from threshold to 100 TeV, 20 bins/decade, spline: 1
      Sampling table 21x1001; from 1 GeV to 100 TeV 
      ===== EM models for the G4Region  DefaultRegionForTheWorld ======
          muPairProd : Emin=    0 eV  Emax=  100 TeV  ModifiedMephi

msc:  for pi+  SubType= 10
      ===== EM models for the G4Region  DefaultRegionForTheWorld ======
            UrbanMsc : Emin=    0 eV  Emax=  100 TeV Nbins=240 100 eV  - 100 TeV
              StepLim=Minimal Rfact=0.2 Gfact=2.5 Sfact=0.6 DispFlag:1 Skin=1 Llimit=1

hIoni:  for pi+  SubType=2
      dE/dx and range tables from 10 eV  to 100 TeV in 260 bins
      Lambda tables from threshold to 100 TeV, 20 bins/decade, spline: 1
      StepFunction=(0.2, 0.05 mm), integ: 1, fluct: 1, linLossLim= 0.01
      ===== EM models for the G4Region  DefaultRegionForTheWorld ======
               Bragg : Emin=    0 eV  Emax=297.505 keV  deltaVI
          BetheBloch : Emin=297.505 keV Emax=  100 TeV  deltaVI

hBrems:  for pi+  SubType=3
      dE/dx and range tables from 10 eV  to 100 TeV in 260 bins
      Lambda tables from threshold to 100 TeV, 20 bins/decade, spline: 1
      ===== EM models for the G4Region  DefaultRegionForTheWorld ======
               hBrem : Emin=    0 eV  Emax=  100 TeV  ModifiedMephi
      ===== Limit on energy threshold has been applied 

hPairProd:  for pi+  SubType=4
      dE/dx and range tables from 10 eV  to 100 TeV in 260 bins
      Lambda tables from threshold to 100 TeV, 20 bins/decade, spline: 1
      Sampling table 20x1001; from 1.11656 GeV to 100 TeV 
      ===== EM models for the G4Region  DefaultRegionForTheWorld ======
           hPairProd : Emin=    0 eV  Emax=  100 TeV  ModifiedMephi

msc:  for pi-  SubType= 10
      ===== EM models for the G4Region  DefaultRegionForTheWorld ======
            UrbanMsc : Emin=    0 eV  Emax=  100 TeV Nbins=240 100 eV  - 100 TeV
              StepLim=Minimal Rfact=0.2 Gfact=2.5 Sfact=0.6 DispFlag:1 Skin=1 Llimit=1

hIoni:  for pi-  SubType=2
      dE/dx and range tables from 10 eV  to 100 TeV in 260 bins
      Lambda tables from threshold to 100 TeV, 20 bins/decade, spline: 1
      StepFunction=(0.2, 0.05 mm), integ: 1, fluct: 1, linLossLim= 0.01
      ===== EM models for the G4Region  DefaultRegionForTheWorld ======
            ICRU73QO : Emin=    0 eV  Emax=297.505 keV  deltaVI
          BetheBloch : Emin=297.505 keV Emax=  100 TeV  deltaVI

hBrems:  for pi-  SubType=3
      dE/dx and range tables from 10 eV  to 100 TeV in 260 bins
      Lambda tables from threshold to 100 TeV, 20 bins/decade, spline: 1
      ===== EM models for the G4Region  DefaultRegionForTheWorld ======
               hBrem : Emin=    0 eV  Emax=  100 TeV  ModifiedMephi
      ===== Limit on energy threshold has been applied 

hPairProd:  for pi-  SubType=4
      dE/dx and range tables from 10 eV  to 100 TeV in 260 bins
      Lambda tables from threshold to 100 TeV, 20 bins/decade, spline: 1
      Sampling table 20x1001; from 1.11656 GeV to 100 TeV 
      ===== EM models for the G4Region  DefaultRegionForTheWorld ======
           hPairProd : Emin=    0 eV  Emax=  100 TeV  ModifiedMephi
G4VisManager: Using G4TrajectoryDrawByCharge as fallback trajectory model.
See commands in /vis/modeling/trajectories/ for other options.

### ===  Deexcitation model UAtomDeexcitation is activated for 25 regions:
          DefaultRegionForTheWorld  1  1  1
          cylindricalPET  1  1  1
          module  1  1  1
          unit  1  1  1
          block  1  1  1
          optical  1  1  1
          crystal  1  1  1
          capillaire1  1  1  1
          capillaire1_water  1  1  1
          capillaire2  1  1  1
          capillaire2_water  1  1  1
          capillaire3  1  1  1
          capillaire3_water  1  1  1
          capillaire4  1  1  1
          capillaire4_water  1  1  1
          capillaire5  1  1  1
          capillaire5_water  1  1  1
          capillaire_m1  1  1  1
          capillaire_m1_water  1  1  1
          capillaire_m2  1  1  1
          capillaire_m2_water  1  1  1
          capillaire_m3  1  1  1
          capillaire_m3_water  1  1  1
          capillaire_m4  1  1  1
          capillaire_m4_water  1  1  1
### ===  Ignore cuts flag:   0
(-260.221,174.707,111.748)
(-276.543,184.353,56.3102)
(-262.856,176.209,115.978)
(-246.035,305.304,249.383)
(288.919,-121.402,-118.366)
(220.798,-39.6327,-23.6903)
(-6.03665,-312.368,104.901)
(6.50763,-368.328,154.854)
(-5.3419,-314.29,103.356)
(-58.4,-253.857,96.9291)
(27.2276,325.926,-106.331)
(24.8082,373.006,-20.0628)
(-29.6671,-316.842,39.2363)
(-112.63,-331.408,-18.3854)
(-70.1412,308.292,-40.3184)
(-111.142,263.98,-31.2653)
(325.772,65.3174,-9.45888)
(244.762,62.8824,-11.5837)
(-316.598,-13.0922,-3.74089)
(-337.668,22.3888,-40.7155)
(-241.255,-204.591,26.909)
(-141.419,-209.287,108.484)
(-242.55,-205.716,22.9837)
(-206.893,-167.559,97.8413)
(188.639,255.069,-31.2318)
(181.26,384.826,-37.6269)
(-330.003,-27.9415,90.8857)
(-359.412,74.7362,171.817)
(-329.77,-29.7533,91.4875)
(-331.253,30.1838,161.318)
(288.755,-127.495,66.9678)
(409.655,-210.841,58.9508)
(-196.026,247.055,-104.836)
(-166.59,329.14,-213.85)
(-204.296,264.68,-107.325)
(-168.672,178.697,-153.671)
(-305.803,120.195,109.913)
(-152.181,128.442,153.796)
(-319.584,100.787,104.66)
(-213.018,187.267,7.91484)
(326.632,58.7586,-41.659)
(247.367,-79.7207,-25.1288)
(-322.582,-90.8628,70.0292)
(-199.998,-202.997,58.1034)
(295.624,115.788,-89.0716)
(251.659,97.8857,-76.7017)
(145.816,-286.782,-78.4405)
(210.502,-301.794,26.041)
(133.724,287.416,78.0489)
(169.337,258.393,116.688)
(-312.096,-89.4203,111.406)
(-453.397,-44.2138,111.322)
(200.847,247.149,-15.2747)
(238.276,438.656,25.7486)
(-4.3049,-312.54,18.7988)
(28.7223,-328.108,-15.1077)
(257.42,-177.946,-49.6342)
(323.945,-232.357,-35.4203)
(-202.084,-238.965,-60.6101)
(-195.441,-277.749,10.0436)
(-185.571,266.078,77.9202)
(-67.2045,189.825,67.5574)
(-183.836,261.835,70.9216)
(-223.979,149.23,161.593)
(-234.258,211.574,-61.9125)
(-120.175,248.95,-88.6479)
(-233.985,213.618,-60.0253)
(-109.912,259.325,-51.9433)
(309.807,63.9935,-8.46336)
(338.553,44.7794,-113.345)
(-145.553,-289.873,83.39)
(-126.442,-378.099,41.5008)
(289.186,151.793,-43.4341)
(320.262,181.134,-6.99818)
(-206.523,258.531,78.3595)
(-239.883,204.061,-12.5504)
(284.078,-141.926,-46.1408)
(290.939,-246.655,-100.251)
(306.337,-102.717,65.8751)
(250.413,-194.258,64.7838)
(-281.677,161.712,-105.598)
(-355.361,152.312,-54.8462)
(-277.217,151.925,-102.723)
(-380.438,156.949,-44.4881)
(-2.68026,313.522,-121.994)
(1.9257,342.013,-276.246)
(249.427,212.755,-51.6191)
(245.268,248.762,-88.2822)
(-98.2236,-321.3,82.2435)
(-140.552,-378.071,126.709)
(-98.7394,-321.153,82.5869)
(1.16935,-227.785,200.289)
(249.56,194.547,-117.893)
(307.1,138.819,11.1474)
(-291.661,123.167,53.5685)
(-333.914,84.2561,46.1106)
(-291.703,123.082,52.7325)
(-259.275,238.005,7.16622)
(-135.164,281.308,57.9707)
(-109.697,196.341,119.629)
(-310.013,44.4914,-34.3092)
(-349.202,-6.28084,42.0165)
(253.781,211.409,107.002)
(305.941,275.257,162.494)
(-313.443,-116.399,-57.3435)
(-335.696,-135.371,-85.4467)
(242.72,215.079,-114.887)
(171.247,264.476,-146.857)
(246.004,212.98,-113.663)
(183.461,183.678,-80.1006)
(-290.834,-147.07,101.066)
(-358.364,-272.682,155.087)
(-185.839,-250.988,60.9271)
(-285.114,-265.48,47.8699)
(-106.649,-294.83,98.4114)
(-58.8982,-145.715,155.61)
(202.105,245.82,-63.5334)
(320.578,269.825,-18.6572)
(201.661,245.736,-64.6248)
(128.589,314.662,-83.0826)
(-128.913,-284.277,92.0218)
(-188.66,-301.214,111.826)
(-127.907,-284.594,90.5255)
(-168.053,-174.647,-21.5549)
(256.479,192.755,-22.9856)
(259.244,131.977,-51.9658)
(258.157,197.387,-21.0841)
(206.669,179.21,-50.9032)
(108.932,-297.932,-39.4413)
(123.568,-290.083,40.4752)
(101.872,-303.591,-42.1646)
(57.6579,-242.055,73.4318)
(96.0016,-312.187,-47.2629)
(83.7618,-362.269,-91.7375)
(169.477,281.687,38.7786)
(145.652,305.127,62.3267)
(-296.53,123.518,-58.235)
(-347.33,153.792,-105.299)
(197.389,-245.599,-121.662)
(301.214,-250.132,-84.4102)
(199.835,-245.992,-117.256)
(291.502,-374.144,84.9008)
(-322.914,72.9421,-57.5427)
(-262.275,-58.149,-51.6012)
(-147.813,299.756,-99.2983)
(-64.2069,210.921,-122.203)
(-150.031,301.304,-97.5618)
(-84.7164,362.219,-28.1023)
(41.2098,-321.566,-73.158)
(103.441,-322.973,-62.9918)
(43.4438,-324.676,-78.8717)
(-28.8089,-277.468,-92.8254)
(-197.454,241.489,-88.5425)
(-116.34,192.782,-135.533)
(-198.374,241.984,-88.2769)
(-211.612,250.329,-119.704)
(-202.345,260.464,-93.1766)
(-250.972,174.176,-23.2421)
(133.338,-300.221,109.061)
(141.318,-388.088,167.378)
(132.391,-296.477,112.048)
(184.554,-360.959,116.947)
(160.489,277.299,8.04652)
(43.3378,300.485,-54.0733)
(156.422,284.134,4.47413)
(154.273,296.434,75.5982)
(329.792,-6.70317,-59.883)
(374.569,3.70847,-85.7825)
(-329.485,3.87001,32.0782)
(-429.832,20.4188,45.0772)
(-311.543,118.519,-70.4122)
(-318.728,69.1429,-128.323)
(-216.302,-247.045,121.806)
(-285.007,-240.737,82.3654)
(-312.478,-68.3569,-114.13)
(-400.55,-77.0802,-184.504)
(-26.835,-311.882,31.5967)
(-105.862,-279.366,-75.9019)
(288.61,124.128,-8.51005)
(326.583,211.261,45.2126)
(172.587,285.322,78.1387)
(76.8552,201.42,131.058)
(-22.873,-317.675,-91.3918)
(-80.6645,-415.773,67.4036)
(-21.8861,-323.524,-94.6941)
(-54.7147,-223.506,26.5844)
(204.678,-238,67.0344)
(257.072,-207.66,63.8441)
(-85.7421,314.696,-84.3588)
(-18.2164,346.762,-107.969)
(-85.2331,320.745,-81.314)
(23.6066,360.205,-161.82)
(284.246,133.014,118.311)
(254.049,162.13,50.3479)
(50.9646,317.376,98.309)
(-9.79994,379.119,256.018)
(-139.279,-279.182,-84.9294)
(-53.7898,-265.424,-211.948)
(270.685,-163.076,38.7281)
(296.276,-175.811,74.8333)
(-163.591,273.305,-44.5809)
(-205.528,315.655,-103.221)
(-164.227,269.667,-49.0692)
(-159.353,247.391,11.0635)
(-305,93.6348,-27.8693)
(-321.595,103.684,66.4712)
(294.398,-126.046,40.9456)
(328.938,-71.2193,103.128)
(-62.8459,324.437,48.5809)
(-121.047,393.685,99.3974)
(-67.2903,327.937,49.5774)
(-18.0386,326.745,61.5634)
(22.6754,-313.65,-120.401)
(1.6802,-325.988,-150.81)
(296.012,119.243,69.0628)
(315.435,170.584,103.551)
(290.822,-150.256,-122.692)
(368.903,-163.344,-149.223)
(-287.986,-132.059,67.7)
(-330.589,-139.741,16.1426)
(-286.506,-128.472,66.6122)
(-247.969,-141.286,7.77788)
(207.687,235.158,-118.39)
(254.189,232.787,-93.8246)
(205.513,238.893,-117.24)
(175.304,255.41,-108.762)
(199.678,242.621,-117.224)
(216.88,228.454,26.1622)
(198.379,245.075,-112.975)
(138.535,180.441,-163.617)
(-17.5538,312.303,104.344)
(-19.7955,263.574,27.828)
(246.901,-212.683,-71.0129)
(175.133,-166.327,-53.7507)
(52.9962,328.102,-32.8177)
(93.7555,360.659,-29.45)
(314.431,-19.1744,-78.3228)
(354.202,54.0475,-145.987)
(293.28,-163.439,-103.876)
(276.573,-321.746,-122.691)
(-317.823,-42.6848,-106.374)
(-274.049,12.2624,-162.137)
(-145.33,-278.082,-11.8014)
(-112.513,-290.224,-96.5409)
(-146.956,-276.635,-11.961)
(-72.9379,-272.526,-86.0838)
(-122.358,289.132,-36.8758)
(-7.37505,235.027,-9.66882)
(273.15,163.833,-19.3044)
(306.693,163.498,-70.4151)
(276.292,163.451,-18.5165)
(278.191,163.328,55.4467)
(-208.31,-243.502,29.6397)
(-221.201,-211.69,28.6794)
(322.39,95.6001,124.852)
(346.273,130.045,90.9858)
(304.347,-73.1487,-18.3464)
(275.491,-172.429,-13.2338)
(314.902,-93.6218,-31.4202)
(347.493,-99.1957,-0.331939)
(255.504,197.077,-95.2947)
(192.807,189.194,-139.148)
(64.1549,309.292,36.5105)
(109.887,315.713,131.029)
(96.0425,-304.21,-35.9035)
(96.5441,-318.337,-10.9586)
(89.302,-322.627,-36.0232)
(40.5468,-196.399,-8.02719)
(314.376,77.0636,120.829)
(337.43,73.469,26.5619)
(32.1783,332.387,34.79)
(5.4675,275.705,-99.8918)
(123.28,-303.632,-30.9377)
(163.274,-324.096,7.17171)
(123.722,-304.757,-33.1424)
(118.211,-256.575,-121.749)
(-78.8079,311.039,-106.149)
(-17.2739,293.073,-86.4236)
(-79.7156,311.615,-106.193)
(-66.8957,228.625,-129.641)
(245.307,-223.357,78.5673)
(222.177,-145.363,16.1902)
(294.166,-108.71,-89.9423)
(367.762,-130.882,-101.703)
(-320.488,45.3268,37.3953)
(-311.198,-8.44046,-29.9501)
(-9.85507,316.38,-78.6774)
(19.7155,299.036,-129.455)
(243.108,-217.558,53.9963)
(138.75,-218.37,11.2614)
(233.432,-215.933,54.6359)
(188.517,-144.686,115.512)
(319.498,9.57945,-15.3501)
(377.13,-12.3456,-61.5953)
(229.507,224.131,-67.0105)
(275.624,194.496,19.41)
(227.553,237.79,-67.7602)
(205.247,118.6,-33.9254)
(13.6291,-316.21,98.0388)
(24.3919,-295.452,106.904)
(-31.6758,-317.828,96.6889)
(-68.5878,-344.008,167.902)
(228.09,-220.274,10.3549)
(249.88,-109.196,-76.2543)
(-123.402,302.126,-18.8975)
(-131.932,288.133,14.3394)
(98.6552,319.348,58.8636)
(8.93839,315.559,45.0638)
(104.552,320.312,59.3637)
(116.402,302.436,67.961)
(-73.7377,-303.294,-57.8426)
(-25.7536,-294.786,2.09744)
(-317.825,81.063,-37.4905)
(-304.361,142.211,-109.729)
(-325.83,80.5099,-38.7777)
(-393.007,161.485,-46.6278)
(-325.244,87.6675,-37.8538)
(-353.449,118.166,-116.78)
(305.134,-72.5227,33.932)
(264.22,-15.0311,78.128)
(-19.0399,318.293,87.3189)
(-50.7361,279.349,80.7881)
(-183.466,-257.228,-68.2437)
(-189.321,-235.03,-161.216)
(-188.898,-269.941,-74.0226)
(-84.1787,-329.418,-49.5086)
(-319.559,41.912,-115.303)
(-290.659,19.4255,-164.322)
(-324.591,44.3005,-121.485)
(-204.899,91.9,-143.243)
(243.225,-202.389,77.3669)
(281.441,-206.206,65.6096)
(251.474,-201.327,74.5594)
(146.511,-203.703,70.8953)
(248.151,-199.59,77.3602)
(244.162,-247.916,135.503)
(243.794,-200.776,74.5599)
(252.272,-229.005,-29.9844)
(239.043,-208.662,74.5597)
(216.878,-270.019,30.8765)
(231.428,-212.083,74.5596)
(148.613,-142.628,128.915)
(229.712,-213.114,77.3642)
(221.361,-301.353,82.5452)
(238.957,-226.244,71.4738)
(379.831,-212.986,130.47)
(-259.275,180.586,-45.7176)
(-220.375,9.13001,-133.996)
(175.852,-258.639,61.0795)
(168.431,-346.649,41.2901)
(237.024,-203.372,71.1975)
(196.604,-239.323,48.9052)
(-88.2635,318.053,-115.602)
(-129.44,403.66,-108.746)
(-153.527,282.719,-26.7906)
(-120.061,318.581,110.735)
(295.36,-143.395,11.819)
(248.41,-246.669,-111.85)
(-307.306,85.8928,-85.2511)
(-235.539,20.1111,-27.5)
(-200.456,-257.887,-79.7562)
(-98.2644,-277.823,-129.569)
(-325.823,15.6357,-100.026)
(-293.584,89.157,-75.2754)
(-192.191,-245.562,111.035)
(-292.55,-208.844,141.242)
(-192.392,-247.064,109.002)
(-222.564,-190.974,184.486)
(207.204,240.002,-106.163)
(151.71,253.467,-109.247)
(206.006,240.666,-106.723)
(177.106,195.63,-163.793)
(-311.758,-60.8079,52.4069)
(-335.362,-9.42786,-28.2781)
(-315.074,-72.3255,61.7155)
(-333.807,-88.2633,30.6869)
(262.578,-188.105,18.6772)
(299.484,-261.422,93.1246)
(265.276,-184.815,17.2234)
(240.539,-181.814,38.0035)
(-297.681,119.516,-14.4075)
(-322.519,108.243,-38.4381)
(-306.899,115.877,-10.1396)
(-221.452,109.288,42.427)
(-315.947,97.4814,-18.8129)
(-386.161,107.373,-105.957)
(-227.77,239.979,-113.152)
(-229.479,223.427,-170.141)
(164.569,275.927,-43.3965)
(217.207,253.971,-138.067)
(162.299,274.956,-43.3999)
(75.1388,282.98,43.683)
(-78.3695,-307.346,49.5271)
(-206.162,-389.19,85.6338)
(141.516,283.859,-58.15)
(190.182,262.855,-17.9274)
(-54.6421,-325.075,69.7173)
(36.7672,-249.374,23.8692)
(290.55,-164.298,-95.5661)
(410.873,-140.138,-153.66)
(288.345,-170.68,-91.9596)
(263.33,-144.54,-78.607)
(-3.80724,-328.526,-67.9906)
(18.1261,-377.617,-116.935)
(-5.20794,-327.032,-69.4761)
(120.575,-429.687,-87.103)
(-192.972,254.588,54.0297)
(-173.844,198.028,-70.8438)
(282.452,155.625,122.207)
(343.54,197.501,145.674)
(-310.569,-62.9429,-49.9831)
(-408.217,-119.772,20.7134)
(-315.529,-68.9861,-48.7652)
(-399.685,-154.684,-13.9748)
(196.065,247.081,-85.644)
(154.63,298.947,-47.6604)
(194.845,252.761,-85.7743)
(215.364,212.204,-115.447)
(-63.2419,-305.781,102.84)
(-138.299,-328.782,87.1735)
(-64.123,-314.973,107.981)
(-34.2725,-318.975,35.5702)
(-63.2771,-313.829,107.756)
(-19.1419,-271.142,35.095)
(-278.74,141.252,-7.03382)
(-211.468,87.7649,-69.0858)
(-59.2956,-313.534,19.4163)
(-86.9199,-307.251,-12.1552)
(-277.882,-155.941,48.895)
(-344.878,-201.581,145.519)
(-70.665,317.146,-62.7298)
(-128.298,371.295,-95.9964)
(-69.2446,316.503,-65.0895)
(-27.693,338.615,-136.276)
(-158.547,278.262,-81.7638)
(-88.07,386.498,-121.259)
(230.632,-241.663,72.3116)
(196.938,-225.33,2.8206)
(-101.592,-307.327,35.9361)
(-98.8963,-227.844,31.8118)
(-98.2394,-311.374,36.4419)
(-108.132,-345.783,-30.3447)
(-117.738,296.666,-36.8874)
(-196.713,397.275,-13.8637)
(-207.058,238.995,-30.8326)
(-239.312,369.832,-6.20405)
(-207.656,238.815,-32.409)
(-248.842,241.425,-123.636)
(82.7958,-306.881,40.3735)
(183.848,-259.857,126.132)
(92.4251,-300.541,43.4404)
(133.798,-292.151,-8.09669)
(288.85,-143.46,-95.9174)
(263.892,-238.989,-116.974)
(238.176,209.221,7.15362)
(262.809,119.67,-58.6001)
(-302.469,-89.1396,-0.844586)
(-273.631,-135.62,-18.2312)
(-309.333,-116.047,-29.2005)
(-137.209,-16.0738,-2.08638)
(-180.085,261.072,81.6267)
(-189.817,294.602,-14.6596)
(-92.5123,-319.146,-98.11)
(-101.725,-273.625,-67.1397)
(134.837,-299.054,-96.9522)
(175.608,-332.159,-21.6091)
(-250.193,-189.552,-118.977)
(-280.432,-176.546,-219.639)
(-313.4,56.0908,34.2927)
(-425.663,80.0328,33.0297)
(305.607,-91.6133,-62.513)
(278.559,-73.6174,-128.99)
(259.558,-180.442,29.0965)
(218.048,-231.868,-10.9801)
(-259.44,194.481,-34.9936)
(-316.644,220.213,28.1669)
(202.922,-244.383,59.3247)
(278.823,-223.024,-13.9946)
(-118.677,-301.279,80.5655)
(-85.8781,-305.194,47.4339)
(-130.37,-305.741,65.1451)
(-132.364,-233.365,-16.0491)
(253.113,-203.021,46.7619)
(227.626,-189.413,82.6085)
(-277.871,-148.977,69.3872)
(-275.413,-113.732,120.425)
(-299.816,112.452,86.2388)
(-351.669,249.897,21.0152)
(2.10404,317.323,64.2529)
(-122.388,333.772,88.4872)
(-101.643,-312.266,-65.4421)
(-44.3524,-253.631,-30.7574)
(-88.0657,-316.949,-70.1199)
(-156.607,-246.46,-91.1433)
(324.231,-83.2778,-15.3547)
(300.974,-35.4206,-6.16652)
(-314.652,48.4121,6.64671)
(-269.019,107.013,-0.636872)
(-320.724,47.7382,11.6585)
(-349.776,59.8905,35.1764)
(296.075,-115.512,112.483)
(232.369,-94.8317,189.578)
(281.74,-146.263,-6.99348)
(228.755,-147.311,-80.2266)
(205.811,-236.105,95.6018)
(214.279,-252.661,59.3265)
(213.725,236.387,-44.8493)
(117.407,251.005,-93.6234)
(302.447,99.7051,18.9083)
(217.817,210.248,59.9508)
(247.084,-197.477,-62.1701)
(201.648,-188.546,-66.4202)
(263.454,-197.475,-58.8432)
(288.718,-186.426,17.7841)
(262.579,-197.876,-57.3349)
(322.902,-173.75,44.7687)
(261.957,-199.277,-55.2327)
(282.779,-217.306,11.1296)
(-276.67,150.837,44.035)
(-229.922,100.94,21.1624)
(293.325,152.486,48.8097)
(222.038,198.647,-11.8315)
(287.534,151.012,43.095)
(269.205,94.9425,72.3278)
(-228.236,223.236,-103.603)
(-242.627,154.891,-78.7034)
(72.05,-309.563,-67.8131)
(87.4369,-219.988,-134.368)
(75.4983,-311.059,-66.5827)
(65.6516,-366.628,-79.2908)
(309.329,68.3031,-34.3415)
(293.446,100.823,-178.996)
(282.151,-154.551,122.1)
(344.562,-173.41,131.687)
(282.572,-153.753,121.091)
(362.013,-205.452,115.793)
(286.098,139.669,-5.58728)
(199.071,108.667,100.772)
(287.097,139.588,-2.55278)
(351.346,247.024,-53.5649)
(-56.184,-314.149,9.6646)
(-45.637,-292.777,9.74681)
(193.88,246.181,-86.9014)
(60.4685,187.065,-188.665)
(70.1662,-315.716,114.431)
(43.2438,-369.92,155.29)
(-2.47314,323.069,3.87116)
(78.4099,248.641,26.3961)
(-146.719,-276.01,-2.72892)
(-58.9894,-243.076,-96.6854)
(-162.686,-279.378,0.915755)
(-89.9277,-309.676,25.732)
(-71.6405,310.122,-77.5573)
(-181.629,200.672,-151.503)
(-67.7671,308.075,-71.7098)
(-72.7815,272.414,-152.102)
(-171.073,262.469,-105.051)
(-237.059,241.339,-152.916)
(-168.819,279.871,-122.597)
(-156.796,269.037,-107.522)
(313.809,56.0926,-40.1879)
(317.131,33.9508,-88.9843)
(-312.498,-59.8711,38.2759)
(-278.597,-43.5272,-32.34)
(279.396,161.283,-66.127)
(274.454,205.816,-75.9646)
(287.561,164.303,-73.2705)
(361.963,217.513,-103.424)
(-178.451,-274.844,113.97)
(-116.65,-308.121,124.188)
(-178.32,-273.177,114.736)
(-317.657,-303.079,189.629)
(-309.036,83.9271,47.6918)
(-291.543,69.9131,-11.2522)
(-303.907,82.601,39.2763)
(-324.791,85.717,-65.3218)
(-132.002,285.95,-53.496)
(-181.308,419.182,-15.5555)
(280.87,-148.855,26.7294)
(249.679,-177.817,-4.45964)
(242.959,-207.762,38.2297)
(276.054,-214.586,75.8782)
(55.2658,-326.138,104.595)
(98.0925,-371.437,118.298)
(201.582,238.142,-73.4008)
(157.759,266.436,30.23)
(-71.7504,318.028,56.4559)
(-199.768,318.131,0.547777)
(158.571,-284.939,-47.7017)
(128.493,-336.544,-66.5934)
(155.205,-286.535,-48.0767)
(88.9348,-277.543,-48.6744)
(-227.487,247.588,-80.4835)
(-282.165,321.736,-122.201)
(302.268,-128.829,13.0023)
(235.506,-234.525,81.8689)
(302.591,-129.846,19.4213)
(250.81,-65.7218,86.9669)
(-290.017,-159.346,99.7504)
(-284.737,-218.265,40.7475)
(312.26,72.8583,-74.0897)
(412.101,93.5237,-62.9034)
(299.799,-119.221,102.934)
(333.968,-100.259,129.248)
(-301.083,85.6104,-73.4621)
(-277.396,169.833,-67.2758)
(-301.783,84.9955,-77.4435)
(-304.55,14.7826,-30.2282)
(145.913,-276.346,-111.197)
(164.085,-179.96,-221.942)
(-269.012,188.679,41.0214)
(-364.374,182.675,44.5077)
(321.071,22.7934,80.7524)
(235.949,99.7778,64.1779)
(-313.729,-60.6137,92.3055)
(-263.452,-61.2303,16.2047)
(73.4221,310.897,21.086)
(119.922,327.927,-13.5563)
(-202.32,-247.392,-13.6503)
(-195.102,-238.578,74.5867)
(-196.494,-249.923,-5.88309)
(-160.619,-240.862,-5.48881)
(54.0468,314.216,-26.9848)
(97.0597,297.029,-68.415)
(58.8269,313.098,-20.3325)
(46.5673,375.088,-81.084)
(-281.243,135.731,109.415)
(-292.76,193.557,111.402)
(-285.452,136.219,109.211)
(-243.37,204.726,85.0662)
(-298.71,133.382,115.214)
(-256.311,175.997,187.441)
(-308.42,-89.0171,-121.14)
(-356.327,-203.227,-80.4716)
(323.675,29.8962,55.9658)
(325.393,63.3779,5.23582)
(-312.102,-60.3742,-108.6)
(-281.836,-90.0002,-90.8956)
(-314.815,-54.7969,-112.899)
(-339.7,53.9221,-193.088)
(-311.838,-55.8546,-114.257)
(-248.974,-53.0061,-105.487)
(-15.2248,326.453,-93.2581)
(-7.66,305.851,-36.8185)
(-183.598,-255.41,72.194)
(-185.698,-96.257,-8.50074)
(-325.318,28.5476,-33.9765)
(-351.032,77.6651,5.98023)
(313.68,-70.1421,88.1953)
(273.801,-79.9245,44.1548)
(-131.771,298.421,-30.8145)
(-104.693,280.513,-163.959)
(-131.316,302.072,-33.0135)
(41.5111,238.769,-21.3201)
(-87.0263,-303.108,28.1775)
(-134.915,-343.105,41.2995)
(332.464,26.7679,-67.6345)
(302.502,-149.395,-179.358)
(-303.479,77.8246,104.713)
(-389.866,-0.0694681,58.6611)
(310.893,-74.673,-103.162)
(296.347,-112.655,-80.4759)
(-270.999,-183.148,50.4899)
(-312.581,-251.997,102.906)
(287.687,135.885,-34.4575)
(266.819,93.7577,-41.1629)
(300.509,142.715,-42.1742)
(321.526,92.3931,-107.117)
(300.726,138.728,-39.297)
(271.068,116.843,95.042)
(279.559,-138.122,53.2892)
(349.557,-70.8452,38.2096)
(279.575,-138.112,53.3101)
(293.127,-71.3723,207.806)
(204.691,252.676,12.5498)
(227.332,287.898,52.7594)
(283.872,-160.43,55.6792)
(266.845,-194.85,11.2373)
(283.481,-164.291,55.3478)
(265.397,-154.693,26.1949)
(-246.354,-223.623,34.4816)
(-223.519,-241.391,55.0245)
(-250.012,-225.31,37.6344)
(-285.866,-221.188,49.0315)
(182.953,264.816,-43.5042)
(214.126,246.215,-39.6359)
(-203.278,252.041,88.8899)
(-228.938,290.964,64.0609)
(-203.268,252.468,87.2684)
(-249.559,222.524,107.269)
(247.943,-196.419,-71.6364)
(254.38,-193.644,-99.6618)
(182.224,253.809,1.50685)
(183.539,234.85,-26.0643)
(179.747,258.287,0.500268)
(145.218,261.093,75.1055)
(180.056,257.274,0.103141)
(254.456,111.211,11.22)
(-288.881,-128.8,-39.0643)
(-298.731,-189.515,-88.4624)
(-312.068,-118.987,-46.4955)
(-306.332,-165.683,-88.9939)
(264.874,170.37,47.3773)
(231.355,312.111,66.2399)
(260.558,177.044,46.2487)
(319.63,221.011,168.215)
(-312.995,42.1368,-12.7823)
(-364.112,-44.0122,36.8925)
(111.439,296.215,-112.478)
(72.837,273.778,-93.7377)
(110.744,296.445,-112.724)
(130.094,274.173,-72.6441)
(166.47,-277.903,108.086)
(246.108,-142.678,153.152)
(-209.786,232.545,4.2728)
(-147.149,286.139,-55.0129)
(-301.703,91.611,118.492)
(-326.17,65.6355,134.951)
(-263.998,195.876,50.152)
(-245.352,136.863,6.77996)
(258.277,-177.499,-43.5123)
(302.633,-176.028,45.2921)
(257.988,-179.951,-39.6395)
(341.241,-156.875,-115.298)
(139.085,279.678,48.9525)
(67.9756,308.32,66.9205)
(141.06,-284.098,-44.9216)
(86.3023,-292.592,37.0114)
(142.636,-283.254,-43.576)
(48.5153,-225.698,10.3494)
(-188.84,266.491,-93.4498)
(-158.88,256.216,35.7054)
(-186.922,275.039,-100.537)
(-134.502,325.956,-159.438)
(-188.384,273.758,-99.8423)
(-233.397,95.0865,-81.7845)
(281.688,-147.469,-72.6548)
(345.154,-108.529,-33.5995)
(-279.324,156.398,78.947)
(-180.922,62.714,30.6865)
(130.561,293.676,-105.789)
(180.698,149.503,-55.4141)
(-198.887,-241.123,89.63)
(-252.509,-290.177,196.631)
(195.307,243.529,34.3553)
(153.396,246.497,129.901)
(-188.911,-261.138,-37.5986)
(-217.218,-288.686,-127.157)
(-187.626,-263.035,-37.5468)
(-187.627,-313.873,50.5858)
(208.488,233.149,-33.9766)
(198.467,367.832,18.4933)
(208.537,239.394,-16.6076)
(179.712,336.54,-52.1458)
(-295.198,-111.403,1.86717)
(-199.299,-133.614,-46.2014)
(-312.587,-124.255,-0.862142)
(-439.258,-146.036,43.4329)
(319.973,46.2288,-1.16282)
(382.363,-0.716027,-94.9371)
(253.873,194.906,-11.7285)
(281.602,286.5,12.0196)
(251.369,199.777,-10.2029)
(116.627,268.319,13.4967)
(-254.742,-210.984,13.7982)
(-242.795,-169.927,-39.8601)
(-249.899,-207.379,9.72496)
(-223.996,-185.911,46.4231)
(-52.5307,-321.874,-46.0511)
(-62.1291,-369.681,26.4992)
(188.67,263.317,37.6061)
(102.294,374.513,-25.7421)
(-255.626,181.767,72.1085)
(-242.405,202.216,48.9294)
(277.16,-182.765,-73.2139)
(309.395,-249.898,-115.625)
(275.22,-186.84,-78.5439)
(248.982,-193.525,-96.0414)
(235.71,-221.554,-40.5407)
(346.485,-203.144,-23.8129)
(-132.702,300.985,56.6237)
(-113.882,381.216,59.5049)
(125.997,309.911,-47.0608)
(153.631,308.584,-17.6341)
(324.078,-29.9559,-95.7607)
(239.32,-54.5925,-79.106)
(324.782,-28.1707,-96.4653)
(373.211,-64.1703,-27.7748)
(-226.046,-238.483,-0.702133)
(-307.46,-211.224,-3.84935)
(-21.0917,315.538,-15.3307)
(-37.2267,281.471,-64.5099)
(-25.45,313.64,-13.8565)
(41.0084,349.712,16.189)
(-229.938,213.197,49.9428)
(-226.892,214.141,64.9954)
(166.06,-271.216,10.9738)
(185.972,-197.325,-61.4435)
(163.301,-287.544,14.1821)
(252.364,-285.775,6.21641)
(-303.29,116.195,37.5029)
(-226.41,95.0646,3.25246)
(198.247,-240.773,-74.5548)
(93.764,-237.723,-87.992)
(119.36,303.454,19.8561)
(113.294,217.18,-58.4903)
(119.063,305.544,18.8311)
(0.605538,298.262,-15.7956)
(-191.393,-252.176,-17.2828)
(-218.253,-254.05,-1.28333)
(-191.12,-253.314,-17.7279)
(-147.209,-221.043,-33.3724)
(-80.4313,-312.884,43.4057)
(1.45312,-193.163,145.834)
(314.247,38.6528,-83.6257)
(281.022,122.798,22.072)
(-336.728,-16.5146,36.7282)
(-287.368,-9.39947,82.0919)
(114.982,-296.391,58.8152)
(143.171,-229.973,21.832)
(102.994,-311.376,54.9254)
(148.01,-226.749,95.6841)
(98.2465,-319.762,56.8877)
(23.2503,-291.164,31.8115)
(42.6655,316.081,-64.8438)
(47.015,331.518,-91.0456)
(84.1943,321.331,-65.2125)
(135.637,237.029,-199.243)
(86.9174,320.085,-63.6002)
(137.725,367.787,-58.4642)
(250.327,191.001,10.946)
(159.475,117.99,89.7921)
(-295.219,-125.028,-7.1293)
(-324.437,-129.841,-50.6247)
(-294.649,-121.769,-8.72256)
(-301.324,-17.0351,-42.2027)
(-108.032,-295.659,45.0443)
(-159.643,-328.221,44.6611)
(-52.664,320.691,-43.0818)
(-112.809,251.626,-66.9594)
(-50.399,322.874,-41.5936)
(-22.6152,326.791,-106.534)
(64.4512,-316.456,-83.4686)
(19.2391,-272.824,-81.5356)
(64.1527,-321.419,-78.5776)
(86.9881,-403.513,-107.189)
(-193.376,247.703,66.6576)
(-186.899,284.167,-41.2694)
(141.949,-278.006,-65.105)
(156.477,-237.12,-20.5559)
(-265.206,171.599,40.651)
(-208.93,151.535,112.511)
(-264.387,171.398,43.0533)
(-345.776,152.999,77.958)
(279.802,-154.003,-44.5291)
(356.912,-60.0061,-29.6033)
(288.449,-154.696,-48.4195)
(297.103,-138.482,-112.119)
(-250.441,201.526,56.5755)
(-194.244,247.692,-75.8845)
(241.979,-207.53,-91.2294)
(183.807,-199.616,-24.813)
(321.629,-56.3596,27.9245)
(264.703,-69.2021,-34.9898)
(4.93314,-323.08,37.3563)
(-2.7993,-347.262,104.287)
(-198.083,248.936,-29.8937)
(-203.619,283.09,-63.2004)
(-225.845,-236.682,38.1599)
(-71.1801,-195.099,178.225)
(-226.577,-237.795,37.0447)
(-308.416,-203.434,53.6251)
(-25.5414,314.765,-53.3125)
(-69.0371,325.101,-99.8647)
(-63.4787,-308.845,120.859)
(-93.1797,-354.991,140.707)
(96.4046,313.09,-95.3572)
(1.55944,360.503,-90.2122)
(96.1498,315.279,-91.5145)
(166.649,336.479,-104.99)
(63.6393,-309.383,95.4454)
(58.5261,-378.492,104.182)
(65.7845,-313.293,92.581)
(60.7009,-306.86,122.711)
(128.668,-284.672,27.4746)
(225.935,-172.296,21.6391)
(131.07,-304.226,23.7416)
(2.70075,-262.373,-35.5292)
(-289.149,126.164,-58.4216)
(-216.822,39.7251,-1.49517)
(-287.729,121.713,-57.1859)
(-333.595,60.1199,-91.9333)
(-247.723,192.741,87.5811)
(-94.2025,136.8,115.346)
(-124.642,288.851,-77.4547)
(-250.571,303.365,-44.4381)
(282.973,-155.898,38.5691)
(245,-141.142,125.396)
(317.714,9.7592,-80.5607)
(366.061,75.4628,-29.4919)
(-86.4658,319.023,39.4757)
(-30.6832,337.183,120.819)
(298.865,127.767,-9.22713)
(293.318,99.3572,145.052)
(301.8,120.025,-17.6361)
(328.677,157.29,50.7205)
(-268.166,-203.387,11.0173)
(-273.272,-159.381,83.5072)
(-306.454,69.7455,77.6767)
(-310.443,166.772,114.286)
(-308.38,75.6698,73.6312)
(-275.598,152.964,14.5226)
(-307.045,78.7894,68.1858)
(-299.022,107.46,16.7822)
(315.1,-116.448,-70.7808)
(327.211,-94.5467,-88.3463)
(-27.0567,311.968,-68.2131)
(-138.894,317.093,-81.3139)
(246.197,-194.876,55.9002)
(385.418,-175.339,46.5305)
(245.926,-196.652,55.924)
(235.82,-255.194,20.8798)
(336.356,20.2846,-29.1673)
(338.767,-2.70424,71.0626)
(-316.366,-11.4367,14.246)
(-266.988,22.3274,53.0622)
(154.074,-274.991,71.9485)
(199.382,-251.097,109.812)
(-71.0447,320.18,-84.6122)
(-128.78,313.421,-16.9395)
(-66.5306,326.46,-79.9889)
(-111.782,236.722,-81.5508)
(296.901,140.509,-125.029)
(259.333,246.573,-78.3543)
(-166.481,-275.41,-61.4726)
(-218.294,-196.718,-80.0322)
(-111.113,300.786,68.5884)
(-169.111,349.491,203.124)
(310.633,66.5793,94.8763)
(328.638,27.2324,84.6993)
(-122.681,-293.496,-41.6584)
(-129,-333.807,-42.9084)
(-127.875,-295.21,-39.664)
(-147.03,-338.888,-68.8249)
(316.185,-45.012,62.8409)
(364.09,19.791,-5.77308)
(-317.013,17.7663,-22.6379)
(-370.652,-99.616,-121.845)
(-318.684,10.7072,-13.4651)
(-415.987,-117.834,-56.5737)
(-324.769,4.93859,-14.658)
(-406.666,-113.196,-48.2839)
(-333.211,19.4194,42.012)
(-437.072,137.723,21.0824)
(312.805,-25.678,-49.97)
(216.933,-62.9981,-15.4153)
(315.73,-23.0137,-47.1694)
(294.45,-112.509,-17.6913)
(317.053,-12.9899,-42.748)
(363.375,-129.633,-13.4214)
(314.003,-14.6242,-39.7723)
(229.719,-33.1782,-63.8818)
(-313.376,22.193,-40.2096)
(-387.033,45.1091,-150.513)
(145.144,276.184,-65.0431)
(246.861,275.562,-116.486)
(158.631,288.625,-119.083)
(28.3006,220.888,-9.4129)
(183.466,273.817,-65.043)
(186.224,272.335,-159.765)
(182.936,-255.923,-100.796)
(178.266,-277.704,-168.759)
(181.839,-268.081,-110.112)
(159.919,-228.531,-149.661)
(260.014,174.076,-47.7806)
(263.196,252.543,-38.0707)
(-182.599,-254.608,74.3799)
(-96.0606,-224.332,133.199)
(-153.042,274.444,-0.873076)
(-182.433,246.714,158.58)
(289.394,-139.797,2.95691)
(216.065,-129.508,-135.846)
(293.943,-143.338,2.18059)
(387.073,-203.521,-11.7679)
(285.623,-132.388,-51.1699)
(330.968,-173.933,-7.66299)
(-166.857,280.419,106.859)
(-186.179,224.361,104.622)
(-167.519,282.748,108.197)
(-91.2871,207.57,93.1298)
(-207.24,239.181,-80.3279)
(-251.343,183.975,-73.1956)
(-220.51,242.204,-77.6797)
(-268.83,227.477,-57.3521)
(-214.395,229.486,-73.7107)
(-135.594,282.276,-65.8906)
(312.12,13.3611,56.8391)
(238.51,5.63092,118.221)
(316.221,-55.883,59.4061)
(290.534,-151.911,66.564)
(324.873,-57.3085,67.6726)
(344.162,-78.3801,71.9203)
(-141.267,-284.816,104.726)
(-144.505,-315.358,158.425)
(-139.125,-297.209,98.5298)
(-120.57,-207.61,134.649)
(-137.06,-307.262,99.7776)
(-112.809,-283.086,116.771)
(-242.685,-201.389,-71.5686)
(-252.656,-223.711,-199.461)
(282.059,-151.279,6.5377)
(286.924,-135.534,44.7924)
(-68.6773,308.23,-34.1686)
(-34.9625,413.045,21.8224)
(317.656,-20.9407,-50.7848)
(297.454,-4.4634,12.5252)
(-315.061,54.1239,123.94)
(-378.189,87.6789,65.6456)
(262.447,-180.849,82.1223)
(260.677,-123.613,99.8333)
(264.663,-183.472,83.3695)
(156.522,-246.411,79.3373)
(-222.954,236.656,-100.818)
(-128.715,318.339,-72.5641)
(-218.771,253.922,-97.8969)
(-211.416,133.731,-140.688)
(-280.369,160.961,-57.9512)
(-217.178,181.584,-109.414)
(-283.287,163.975,-59.2001)
(-305.389,248.147,-45.9887)
(-303.669,82.3698,-47.0445)
(-252.512,-20.1138,-166.039)
(-309.119,79.9591,-46.0002)
(-340.12,136.975,98.0728)
(247.927,-195.166,111.622)
(244.672,-150.967,103.285)
(-156.321,-276.538,-122.667)
(-87.6441,-255.886,-121.471)
(-187.087,-275.897,-114.899)
(-181.897,-268.673,-113.731)
(257.597,206.308,89.1489)
(304.411,170.813,161.1)
(256.841,202.312,87.7994)
(234.151,230.901,72.2995)
(114.578,296.817,14.2191)
(34.783,268.862,-1.36147)
(249.6,-189.797,42.7088)
(282.009,-157.054,21.4045)
(-171.224,281.825,-60.2142)
(-151.196,376.685,-92.5489)
(-175.773,-258.723,15.5629)
(-140.563,-158.573,47.9493)
(-294.895,-120.536,88.7562)
(-389.768,-76.6227,33.6456)
(219.974,-224.43,98.5533)
(142.011,-229.324,54.1817)
(267.574,-174.084,37.848)
(365.569,-240.858,84.4786)
(306.342,-70.5169,122.702)
(382.447,-24.8372,103.743)
(47.4608,-325.322,-41.453)
(40.8458,-338.411,147.267)
(266.86,-182.055,-100.814)
(187.828,-102.445,-134.262)
(-251.045,-191.496,13.4642)
(-195.667,-189.506,-57.3306)
(262.574,184.518,-13.0823)
(233.113,103.282,-2.95048)
(260.662,183.494,-15.8545)
(185.671,126.743,40.6151)
(293.739,122.154,39.694)
(218.597,67.6865,180.928)
(297.674,124.851,51.1669)
(287.661,73.5335,7.26467)
(-187.511,-259.83,-87.7304)
(-188.492,-112.411,-75.9255)
(-192.696,-264.941,-97.1255)
(-134.806,-274.164,-98.2297)
(-192.759,-264.769,-100.46)
(-168.735,-163.701,-39.0894)
(-196.817,-260.072,-105.433)
(-220.051,-216.908,-112.245)
(-322.286,88.0045,102.031)
(-266.793,7.56208,106.029)
(315.999,44.5783,66.247)
(286.212,21.4592,195.895)
(283.056,-144.787,-68.5538)
(253.5,-139.214,-81.2075)
(305.747,-117.553,-7.78544)
(375.849,-129.277,-7.81776)
(305.365,-118.254,-0.337994)
(282.241,-232.806,-93.8413)
(-318.146,75.0523,5.13319)
(-257.397,28.1604,-6.73301)
(282.664,168.494,-34.0214)
(341.779,235.283,3.78713)
(-318.764,-89.83,18.44)
(-215.852,-116.218,-20.7846)
(-318.28,-88.9626,23.0554)
(-345.769,64.9033,97.2654)
(266.724,182.243,-58.3701)
(201.564,198.605,14.5952)
(-217.978,-225.352,68.5337)
(-199.84,-257.284,106.357)
(331.844,-5.10739,35.5059)
(386.074,44.6372,31.3114)
(336.335,-6.58654,31.4647)
(304.066,48.8175,-36.5535)
(-161.257,280.431,-97.0329)
(-202.583,302.198,-29.0349)
(-154.526,287.992,-101.738)
(-288.814,225.469,-104.463)
(-155.603,289.313,-96.4765)
(-168.132,314.755,-141.572)
(209.313,-244.437,-68.9201)
(139.046,-205.891,-150.285)
(-87.1169,315.375,85.687)
(-64.3567,313.74,116.451)
(-96.2883,322.096,86.454)
(-107.283,362.486,74.2086)
(-321.407,52.9475,96.1077)
(-353.747,117.185,207.582)
(-321.416,51.5153,100.79)
(-294.154,41.6204,138.23)
(-135.769,298.548,95.1261)
(-108.291,309.48,103.705)
(39.7752,-314.064,-100.964)
(-19.59,-300.1,-123.239)
(57.7422,-321.052,-99.9221)
(65.0414,-285.903,-70.9864)
(58.948,-320.997,-104.112)
(-9.74549,-289.948,-67.7311)
(270.584,157.888,-22.9549)
(203.196,143.483,-60.0591)
(277.387,166.139,-7.3829)
(335.394,151.792,7.87732)
(-135.588,299.659,-23.8216)
(-129.629,382.867,-183.185)
(149.191,-284.603,55.3871)
(204.19,-298.044,5.9223)
(149.465,-298.357,51.2108)
(59.7091,-214.55,11.5407)
(147.282,-298.257,48.3608)
(138.218,-330.576,37.863)
(140.088,-306.214,38.1615)
(113.536,-280.097,48.7291)
(230.233,-219.718,-20.1242)
(226.677,-268.208,21.7179)
(-288.918,132.339,-48.1928)
(-272.932,187.775,4.65166)
(-288.629,126.366,-49.8535)
(-181.225,94.1505,-110.049)
(312.056,-52.4158,101.95)
(351.257,5.34323,47.5765)
(252.792,-189.043,69.2218)
(281.409,-191.271,-10.4093)
(250.824,-186.638,72.7818)
(247.842,-201.764,0.327771)
(-204.858,238.312,-84.5441)
(-277.828,245.121,16.8069)
(-215.122,239.247,-88.1849)
(-268.736,142.995,-118.271)
(150.144,276.81,103.143)
(159.056,296.681,32.9023)
(148.335,285.364,107.517)
(141.906,239.193,92.879)
(0.76047,-312.193,-119.141)
(38.0726,-266.008,-200.79)
(197.567,-246.405,110.94)
(223.095,-224.549,71.7391)
(-181.709,259.78,-4.42956)
(-148.26,188.711,-52.7762)
(195.055,-250.665,7.76786)
(143.627,-295.426,-11.9356)
(196.305,-248.052,1.52605)
(196.707,-193.094,-115.506)
(312.126,-21.4511,-91.5377)
(343.512,-40.8228,-111.003)
(-50.5624,-314.979,51.8089)
(40.0072,-382.669,85.3016)
(141.184,285.729,-48.9898)
(205.977,253.768,-117.066)
(-280.035,-148.579,-90.0378)
(-368.036,-126.862,-197.285)
(-279.9,-149.503,-101.159)
(-237.169,-233.231,-106.274)
(266.822,-182.957,15.4619)
(351.586,-141.819,-10.2297)
(268.305,-180.135,16.5333)
(235.914,-207.338,-4.50599)
(-313.197,-5.50028,51.8811)
(-317.024,103.035,1.21824)
(-61.5391,314.997,-4.24563)
(-10.3987,321.574,126.468)
(-61.6547,315.386,4.35384)
(-46.4491,309.663,-0.15776)
(237.561,-228.63,1.89278)
(255.891,-185.255,28.4189)
(68.4298,306.481,93.1613)
(114.635,324.386,125.781)
(199.372,240.372,-28.6711)
(218.159,180.176,-19.0578)
(-157.415,-279.08,-88.1038)
(-120.065,-224.12,-4.04247)
(-113.97,299.508,-95.114)
(28.9586,210.881,59.1396)
(188.082,-251.816,80.881)
(175.463,-241.766,61.3909)
(178.909,256.333,-3.43374)
(188.258,254.987,25.2167)
(100.424,298.111,61.7985)
(160.332,260.429,63.6888)
(269.145,-185.92,-58.4899)
(317.712,-201.819,-90.5075)
(266.08,-187.009,-62.8423)
(245.861,-226.985,-29.1218)
(-294.903,114.356,37.6244)
(-340.575,137.101,90.5033)
(-296.413,116.686,34.2396)
(-304.431,92.7617,173.905)
0 events have been kept for refreshing and/or reviewing.
  "/vis/reviewKeptEvents" to review them one by one.
  "/vis/enable", then "/vis/viewer/flush" or "/vis/viewer/rebuild" to see them accumulated.
[Core-0] End of macro ./split/.Gate/main121/main10.mac
Graphics systems deleted.
Visualization Manager deleting...
