[G4] 
[G4] **************************************************************
[G4]  Geant4 version Name: geant4-10-07-patch-02    (11-June-2021)
[G4]                        Copyright : Geant4 Collaboration
[G4]                       References : NIM A 506 (2003), 250-303
[G4]                                  : IEEE-TNS 53 (2006), 270-278
[G4]                                  : NIM A 835 (2016), 186-225
[G4]                              WWW : http://geant4.org/
[G4] **************************************************************
[G4] 
[Core-0] Initialization of geometry
[Core-0] Initialization of physics
[Core-0] Initialization of actors
[Core-0] 
[Core-0] *************************************************
[Core-0]  GATE version 9.1 (2021)
[Core-0]  Copyright : OpenGATE Collaboration
[Core-0]  Reference : Phys. Med. Biol. 49 (2004) 4543-4561
[Core-0]  Reference : Phys. Med. Biol. 56 (2011) 881-901
[Core-0]  Reference : Med. Phys. 41(6)    (2014)
[Core-0]  http://www.opengatecollaboration.org        
[Core-0] *************************************************
[Core-0] 
[Core-0] You are using Geant4 version 10.7.2
[Core-0] Starting macro ./split/.Gate/main121/main3.mac
0: RINDEX
1.84e-06   1.00028
4.08e-06   1.00028
9: GROUPVEL
1.84e-06   299.709
4.08e-06   299.709
16: ABSLENGTH
1.84e-06   50000
4.08e-06   50000
 <!> *** WARNING *** <!>  GateMaterialDatabase: Multiple definition of element: Yttrium.
The definition in ClMind_GateMaterials.db was used.


GATE object:        'systems/cylindricalPET'
Components:

GATE object:        'systems/cylindricalPET/base'
Attached to volume: cylindricalPET
Nb of children:       1

	GATE object:        'systems/cylindricalPET/rsector'
	Attached to volume: module
	Nb of children:       1

		GATE object:        'systems/cylindricalPET/module'
		Attached to volume: unit
		Nb of children:       1

			GATE object:        'systems/cylindricalPET/submodule'
			Attached to volume: block
			Nb of children:       1

				GATE object:        'systems/cylindricalPET/crystal'
				Attached to volume: optical
				Nb of children:       4

					GATE object:        'systems/cylindricalPET/layer0'
					Attached to volume: crystal
					Nb of children:       0

					GATE object:        'systems/cylindricalPET/layer1'
					Attached to volume: ---
					Nb of children:       0

					GATE object:        'systems/cylindricalPET/layer2'
					Attached to volume: ---
					Nb of children:       0

					GATE object:        'systems/cylindricalPET/layer3'
					Attached to volume: ---
					Nb of children:       0
geometrical design type: 1
ring diameter: -3.95 mm 
rsector axial pitch: 0 fm 
rsector azimuthal pitch: 12.8571 degree
rsector tangential size: 2.5 cm 
rsector axial size: 25.04 cm 
module axial size: 4.784 cm 
module tangential size: 2.5 cm 
module axial pitch: 0 fm 
module tangential pitch: 0 fm 
submodule axial size: 4.784 cm 
submodule tangential size: 2.5 cm 
submodule axial pitch: 0 fm 
submodule tangential pitch: 0 fm 
crystal radial size: 1.59 cm 
crystal axial size: 1.59 cm 
crystal tangential size: 2.5 cm 
crystal axial pitch: 0 fm 
crystal tangential pitch: 0 fm 
layer0 radial size: 3.95 mm 
in layer0 interaction length: 1.975 mm 
Axial nb of rsectors: 1
Azimuthal nb of rsectors: 28
Axial nb of modules: 1
Tangential nb of modules: 1
Axial nb of submodules: 1
Tangential nb of submodules: 1
Axial nb of crystals: 1
Tangential nb of crystals: 1
Radial nb of layers: 1
[Physic-0] The following Geant4's physic-list is enabled :emstandard_opt3


List of Enabled processes:




List of initialized processes:


[Core-0] Initialization of geometry
[Core-0] Initialization of physics
[Core-0] Initialization of actors
 <!> *** WARNING *** <!>  The 'energytype' option is DEPRECATED, use 'ene/type' instead!
 <!> *** WARNING *** <!>  The 'energytype' option is DEPRECATED, use 'ene/type' instead!
 <!> *** WARNING *** <!>  The 'energytype' option is DEPRECATED, use 'ene/type' instead!
 <!> *** WARNING *** <!>  The 'energytype' option is DEPRECATED, use 'ene/type' instead!
 <!> *** WARNING *** <!>  The 'energytype' option is DEPRECATED, use 'ene/type' instead!
 <!> *** WARNING *** <!>  The 'energytype' option is DEPRECATED, use 'ene/type' instead!
 <!> *** WARNING *** <!>  The 'energytype' option is DEPRECATED, use 'ene/type' instead!
 <!> *** WARNING *** <!>  The 'energytype' option is DEPRECATED, use 'ene/type' instead!
 <!> *** WARNING *** <!>  The 'energytype' option is DEPRECATED, use 'ene/type' instead!
[Acquisition-0]   
[Acquisition-0] ============= Source initialization =============
[Acquisition-0]   
[Acquisition-0] ============= Acquisition starts! =============
[Acquisition-0] Simulation start time = 0 sec
[Acquisition-0] Simulation end time   = 1 sec
[Acquisition-0] Simulation will have  = 1 run(s)
[Acquisition-0] Slice 0 from 0 to 1 s [slice=1 s]

### ===  Deexcitation model UAtomDeexcitation is activated for 25 regions:
          DefaultRegionForTheWorld  1  1  1
          cylindricalPET  1  1  1
          module  1  1  1
          unit  1  1  1
          block  1  1  1
          optical  1  1  1
          crystal  1  1  1
          capillaire1  1  1  1
          capillaire1_water  1  1  1
          capillaire2  1  1  1
          capillaire2_water  1  1  1
          capillaire3  1  1  1
          capillaire3_water  1  1  1
          capillaire4  1  1  1
          capillaire4_water  1  1  1
          capillaire5  1  1  1
          capillaire5_water  1  1  1
          capillaire_m1  1  1  1
          capillaire_m1_water  1  1  1
          capillaire_m2  1  1  1
          capillaire_m2_water  1  1  1
          capillaire_m3  1  1  1
          capillaire_m3_water  1  1  1
          capillaire_m4  1  1  1
          capillaire_m4_water  1  1  1
### ===  Ignore cuts flag:   0

phot:  for gamma applyCuts:1  SubType=12 BuildTable=0
      LambdaPrime table from 200 keV to 100 TeV in 174 bins 
      ===== EM models for the G4Region  DefaultRegionForTheWorld ======
 LivermorePhElectric : Emin=    0 eV  Emax=  100 TeV  SauterGavrila Fluo

compt:  for gamma applyCuts:1  SubType=13 BuildTable=1
      Lambda table from 10 eV  to 1 MeV, 20 bins/decade, spline: 1
      LambdaPrime table from 1 MeV to 100 TeV in 160 bins 
      ===== EM models for the G4Region  DefaultRegionForTheWorld ======
        KleinNishina : Emin=    0 eV  Emax=  100 TeV Fluo

conv:  for gamma applyCuts:1  SubType=14 BuildTable=1
      Lambda table from 1.022 MeV to 100 TeV, 20 bins/decade, spline: 1
      ===== EM models for the G4Region  DefaultRegionForTheWorld ======
     BetheHeitlerLPM : Emin=    0 eV  Emax=  100 TeV  ModifiedTsai

Rayl:  for gamma applyCuts:1  SubType=11 BuildTable=1
      Lambda table from 10 eV  to 100 keV, 20 bins/decade, spline: 0
      LambdaPrime table from 100 keV to 100 TeV in 180 bins 
      ===== EM models for the G4Region  DefaultRegionForTheWorld ======
   LivermoreRayleigh : Emin=    0 eV  Emax=  100 TeV  CullenGenerator

msc:  for e-  SubType= 10
      ===== EM models for the G4Region  DefaultRegionForTheWorld ======
            UrbanMsc : Emin=    0 eV  Emax=  100 TeV Nbins=240 100 eV  - 100 TeV
              StepLim=DistanceToBoundary Rfact=0.04 Gfact=2.5 Sfact=0.6 DispFlag:1 Skin=1 Llimit=1

eIoni:  for e-  SubType=2
      dE/dx and range tables from 10 eV  to 100 TeV in 260 bins
      Lambda tables from threshold to 100 TeV, 20 bins/decade, spline: 1
      StepFunction=(0.2, 0.1 mm), integ: 1, fluct: 1, linLossLim= 0.01
      ===== EM models for the G4Region  DefaultRegionForTheWorld ======
        MollerBhabha : Emin=    0 eV  Emax=  100 TeV  deltaVI

eBrem:  for e-  SubType=3
      dE/dx and range tables from 10 eV  to 100 TeV in 260 bins
      Lambda tables from threshold to 100 TeV, 20 bins/decade, spline: 1
      LPM flag: 1 for E > 1 GeV,  VertexHighEnergyTh(GeV)= 100000
      ===== EM models for the G4Region  DefaultRegionForTheWorld ======
             eBremSB : Emin=    0 eV  Emax=    1 GeV  AngularGen2BS
            eBremLPM : Emin=    1 GeV Emax=  100 TeV  AngularGen2BS

ePairProd:  for e-  SubType=4
      dE/dx and range tables from 10 eV  to 100 TeV in 260 bins
      Lambda tables from threshold to 100 TeV, 20 bins/decade, spline: 1
      Sampling table 25x1001; from 0.1 GeV to 100 TeV 
      ===== EM models for the G4Region  DefaultRegionForTheWorld ======
           ePairProd : Emin=    0 eV  Emax=  100 TeV  ModifiedMephi

msc:  for e+  SubType= 10
      ===== EM models for the G4Region  DefaultRegionForTheWorld ======
            UrbanMsc : Emin=    0 eV  Emax=  100 TeV Nbins=240 100 eV  - 100 TeV
              StepLim=DistanceToBoundary Rfact=0.04 Gfact=2.5 Sfact=0.6 DispFlag:1 Skin=1 Llimit=1

eIoni:  for e+  SubType=2
      dE/dx and range tables from 10 eV  to 100 TeV in 260 bins
      Lambda tables from threshold to 100 TeV, 20 bins/decade, spline: 1
      StepFunction=(0.2, 0.1 mm), integ: 1, fluct: 1, linLossLim= 0.01
      ===== EM models for the G4Region  DefaultRegionForTheWorld ======
        MollerBhabha : Emin=    0 eV  Emax=  100 TeV  deltaVI

eBrem:  for e+  SubType=3
      dE/dx and range tables from 10 eV  to 100 TeV in 260 bins
      Lambda tables from threshold to 100 TeV, 20 bins/decade, spline: 1
      LPM flag: 1 for E > 1 GeV,  VertexHighEnergyTh(GeV)= 100000
      ===== EM models for the G4Region  DefaultRegionForTheWorld ======
             eBremSB : Emin=    0 eV  Emax=    1 GeV  AngularGen2BS
            eBremLPM : Emin=    1 GeV Emax=  100 TeV  AngularGen2BS

ePairProd:  for e+  SubType=4
      dE/dx and range tables from 10 eV  to 100 TeV in 260 bins
      Lambda tables from threshold to 100 TeV, 20 bins/decade, spline: 1
      Sampling table 25x1001; from 0.1 GeV to 100 TeV 
      ===== EM models for the G4Region  DefaultRegionForTheWorld ======
           ePairProd : Emin=    0 eV  Emax=  100 TeV  ModifiedMephi

annihil:  for e+, integral:1  applyCuts:1  SubType=5 BuildTable=0
      ===== EM models for the G4Region  DefaultRegionForTheWorld ======
            eplus2gg : Emin=    0 eV  Emax=  100 TeV

msc:  for proton  SubType= 10
      ===== EM models for the G4Region  DefaultRegionForTheWorld ======
            UrbanMsc : Emin=    0 eV  Emax=  100 TeV Nbins=240 100 eV  - 100 TeV
              StepLim=Minimal Rfact=0.2 Gfact=2.5 Sfact=0.6 DispFlag:1 Skin=1 Llimit=1

hIoni:  for proton  SubType=2
      dE/dx and range tables from 10 eV  to 100 TeV in 260 bins
      Lambda tables from threshold to 100 TeV, 20 bins/decade, spline: 1
      StepFunction=(0.2, 0.05 mm), integ: 1, fluct: 1, linLossLim= 0.01
      ===== EM models for the G4Region  DefaultRegionForTheWorld ======
               Bragg : Emin=    0 eV  Emax=    2 MeV  deltaVI
          BetheBloch : Emin=    2 MeV Emax=  100 TeV  deltaVI

hBrems:  for proton  SubType=3
      dE/dx and range tables from 10 eV  to 100 TeV in 260 bins
      Lambda tables from threshold to 100 TeV, 20 bins/decade, spline: 1
      ===== EM models for the G4Region  DefaultRegionForTheWorld ======
               hBrem : Emin=    0 eV  Emax=  100 TeV  ModifiedMephi
      ===== Limit on energy threshold has been applied 

hPairProd:  for proton  SubType=4
      dE/dx and range tables from 10 eV  to 100 TeV in 260 bins
      Lambda tables from threshold to 100 TeV, 20 bins/decade, spline: 1
      Sampling table 17x1001; from 7.50618 GeV to 100 TeV 
      ===== EM models for the G4Region  DefaultRegionForTheWorld ======
           hPairProd : Emin=    0 eV  Emax=  100 TeV  ModifiedMephi

nuclearStopping:  for proton applyCuts:1  SubType=8 BuildTable=0
      ===== EM models for the G4Region  DefaultRegionForTheWorld ======
   ICRU49NucStopping : Emin=    0 eV  Emax=    1 MeV

msc:  for GenericIon  SubType= 10
      ===== EM models for the G4Region  DefaultRegionForTheWorld ======
            UrbanMsc : Emin=    0 eV  Emax=  100 TeV
              StepLim=Minimal Rfact=0.2 Gfact=2.5 Sfact=0.6 DispFlag:1 Skin=1 Llimit=1

ionIoni:  for GenericIon  SubType=2
      dE/dx and range tables from 10 eV  to 100 TeV in 260 bins
      Lambda tables from threshold to 100 TeV, 20 bins/decade, spline: 1
      StepFunction=(0.1, 0.02 mm), integ: 1, fluct: 1, linLossLim= 0.02
      ===== EM models for the G4Region  DefaultRegionForTheWorld ======
         ParamICRU73 : Emin=    0 eV  Emax=  100 TeV  deltaVI

nuclearStopping:  for GenericIon applyCuts:1  SubType=8 BuildTable=0
      ===== EM models for the G4Region  DefaultRegionForTheWorld ======
   ICRU49NucStopping : Emin=    0 eV  Emax=    1 MeV

msc:  for alpha  SubType= 10
      ===== EM models for the G4Region  DefaultRegionForTheWorld ======
            UrbanMsc : Emin=    0 eV  Emax=  100 TeV Nbins=240 100 eV  - 100 TeV
              StepLim=Minimal Rfact=0.2 Gfact=2.5 Sfact=0.6 DispFlag:1 Skin=1 Llimit=1

ionIoni:  for alpha  SubType=2
      dE/dx and range tables from 10 eV  to 100 TeV in 260 bins
      Lambda tables from threshold to 100 TeV, 20 bins/decade, spline: 1
      StepFunction=(0.1, 0.02 mm), integ: 1, fluct: 1, linLossLim= 0.02
      ===== EM models for the G4Region  DefaultRegionForTheWorld ======
            BraggIon : Emin=    0 eV  Emax=7.9452 MeV  deltaVI
          BetheBloch : Emin=7.9452 MeV Emax=  100 TeV  deltaVI

nuclearStopping:  for alpha applyCuts:1  SubType=8 BuildTable=0
      ===== EM models for the G4Region  DefaultRegionForTheWorld ======
   ICRU49NucStopping : Emin=    0 eV  Emax=    1 MeV

msc:  for anti_proton  SubType= 10
      ===== EM models for the G4Region  DefaultRegionForTheWorld ======
            UrbanMsc : Emin=    0 eV  Emax=  100 TeV Nbins=240 100 eV  - 100 TeV
              StepLim=Minimal Rfact=0.2 Gfact=2.5 Sfact=0.6 DispFlag:1 Skin=1 Llimit=1

hIoni:  for anti_proton  SubType=2
      dE/dx and range tables from 10 eV  to 100 TeV in 260 bins
      Lambda tables from threshold to 100 TeV, 20 bins/decade, spline: 1
      StepFunction=(0.2, 0.05 mm), integ: 1, fluct: 1, linLossLim= 0.01
      ===== EM models for the G4Region  DefaultRegionForTheWorld ======
            ICRU73QO : Emin=    0 eV  Emax=    2 MeV  deltaVI
          BetheBloch : Emin=    2 MeV Emax=  100 TeV  deltaVI

hBrems:  for anti_proton  SubType=3
      dE/dx and range tables from 10 eV  to 100 TeV in 260 bins
      Lambda tables from threshold to 100 TeV, 20 bins/decade, spline: 1
      ===== EM models for the G4Region  DefaultRegionForTheWorld ======
               hBrem : Emin=    0 eV  Emax=  100 TeV  ModifiedMephi
      ===== Limit on energy threshold has been applied 

hPairProd:  for anti_proton  SubType=4
      dE/dx and range tables from 10 eV  to 100 TeV in 260 bins
      Lambda tables from threshold to 100 TeV, 20 bins/decade, spline: 1
      Sampling table 17x1001; from 7.50618 GeV to 100 TeV 
      ===== EM models for the G4Region  DefaultRegionForTheWorld ======
           hPairProd : Emin=    0 eV  Emax=  100 TeV  ModifiedMephi

msc:  for kaon+  SubType= 10
      ===== EM models for the G4Region  DefaultRegionForTheWorld ======
            UrbanMsc : Emin=    0 eV  Emax=  100 TeV Nbins=240 100 eV  - 100 TeV
              StepLim=Minimal Rfact=0.2 Gfact=2.5 Sfact=0.6 DispFlag:1 Skin=1 Llimit=1

hIoni:  for kaon+  SubType=2
      dE/dx and range tables from 10 eV  to 100 TeV in 260 bins
      Lambda tables from threshold to 100 TeV, 20 bins/decade, spline: 1
      StepFunction=(0.2, 0.05 mm), integ: 1, fluct: 1, linLossLim= 0.01
      ===== EM models for the G4Region  DefaultRegionForTheWorld ======
               Bragg : Emin=    0 eV  Emax=1.05231 MeV  deltaVI
          BetheBloch : Emin=1.05231 MeV Emax=  100 TeV  deltaVI

hBrems:  for kaon+  SubType=3
      dE/dx and range tables from 10 eV  to 100 TeV in 260 bins
      Lambda tables from threshold to 100 TeV, 20 bins/decade, spline: 1
      ===== EM models for the G4Region  DefaultRegionForTheWorld ======
               hBrem : Emin=    0 eV  Emax=  100 TeV  ModifiedMephi
      ===== Limit on energy threshold has been applied 

hPairProd:  for kaon+  SubType=4
      dE/dx and range tables from 10 eV  to 100 TeV in 260 bins
      Lambda tables from threshold to 100 TeV, 20 bins/decade, spline: 1
      Sampling table 18x1001; from 3.94942 GeV to 100 TeV 
      ===== EM models for the G4Region  DefaultRegionForTheWorld ======
           hPairProd : Emin=    0 eV  Emax=  100 TeV  ModifiedMephi

msc:  for kaon-  SubType= 10
      ===== EM models for the G4Region  DefaultRegionForTheWorld ======
            UrbanMsc : Emin=    0 eV  Emax=  100 TeV Nbins=240 100 eV  - 100 TeV
              StepLim=Minimal Rfact=0.2 Gfact=2.5 Sfact=0.6 DispFlag:1 Skin=1 Llimit=1

hIoni:  for kaon-  SubType=2
      dE/dx and range tables from 10 eV  to 100 TeV in 260 bins
      Lambda tables from threshold to 100 TeV, 20 bins/decade, spline: 1
      StepFunction=(0.2, 0.05 mm), integ: 1, fluct: 1, linLossLim= 0.01
      ===== EM models for the G4Region  DefaultRegionForTheWorld ======
            ICRU73QO : Emin=    0 eV  Emax=1.05231 MeV  deltaVI
          BetheBloch : Emin=1.05231 MeV Emax=  100 TeV  deltaVI

hBrems:  for kaon-  SubType=3
      dE/dx and range tables from 10 eV  to 100 TeV in 260 bins
      Lambda tables from threshold to 100 TeV, 20 bins/decade, spline: 1
      ===== EM models for the G4Region  DefaultRegionForTheWorld ======
               hBrem : Emin=    0 eV  Emax=  100 TeV  ModifiedMephi
      ===== Limit on energy threshold has been applied 

hPairProd:  for kaon-  SubType=4
      dE/dx and range tables from 10 eV  to 100 TeV in 260 bins
      Lambda tables from threshold to 100 TeV, 20 bins/decade, spline: 1
      Sampling table 18x1001; from 3.94942 GeV to 100 TeV 
      ===== EM models for the G4Region  DefaultRegionForTheWorld ======
           hPairProd : Emin=    0 eV  Emax=  100 TeV  ModifiedMephi

msc:  for mu+  SubType= 10
      ===== EM models for the G4Region  DefaultRegionForTheWorld ======
            UrbanMsc : Emin=    0 eV  Emax=  100 TeV Nbins=240 100 eV  - 100 TeV
              StepLim=Minimal Rfact=0.2 Gfact=2.5 Sfact=0.6 DispFlag:1 Skin=1 Llimit=1

muIoni:  for mu+  SubType=2
      dE/dx and range tables from 10 eV  to 100 TeV in 260 bins
      Lambda tables from threshold to 100 TeV, 20 bins/decade, spline: 1
      StepFunction=(0.2, 0.05 mm), integ: 1, fluct: 1, linLossLim= 0.01
      ===== EM models for the G4Region  DefaultRegionForTheWorld ======
               Bragg : Emin=    0 eV  Emax=  200 keV  deltaVI
          BetheBloch : Emin=  200 keV Emax=    1 GeV  deltaVI
        MuBetheBloch : Emin=    1 GeV Emax=  100 TeV

muBrems:  for mu+  SubType=3
      dE/dx and range tables from 10 eV  to 100 TeV in 260 bins
      Lambda tables from threshold to 100 TeV, 20 bins/decade, spline: 1
      ===== EM models for the G4Region  DefaultRegionForTheWorld ======
              MuBrem : Emin=    0 eV  Emax=  100 TeV  ModifiedMephi
      ===== Limit on energy threshold has been applied 

muPairProd:  for mu+  SubType=4
      dE/dx and range tables from 10 eV  to 100 TeV in 260 bins
      Lambda tables from threshold to 100 TeV, 20 bins/decade, spline: 1
      Sampling table 21x1001; from 1 GeV to 100 TeV 
      ===== EM models for the G4Region  DefaultRegionForTheWorld ======
          muPairProd : Emin=    0 eV  Emax=  100 TeV  ModifiedMephi

msc:  for mu-  SubType= 10
      ===== EM models for the G4Region  DefaultRegionForTheWorld ======
            UrbanMsc : Emin=    0 eV  Emax=  100 TeV Nbins=240 100 eV  - 100 TeV
              StepLim=Minimal Rfact=0.2 Gfact=2.5 Sfact=0.6 DispFlag:1 Skin=1 Llimit=1

muIoni:  for mu-  SubType=2
      dE/dx and range tables from 10 eV  to 100 TeV in 260 bins
      Lambda tables from threshold to 100 TeV, 20 bins/decade, spline: 1
      StepFunction=(0.2, 0.05 mm), integ: 1, fluct: 1, linLossLim= 0.01
      ===== EM models for the G4Region  DefaultRegionForTheWorld ======
            ICRU73QO : Emin=    0 eV  Emax=  200 keV  deltaVI
          BetheBloch : Emin=  200 keV Emax=    1 GeV  deltaVI
        MuBetheBloch : Emin=    1 GeV Emax=  100 TeV

muBrems:  for mu-  SubType=3
      dE/dx and range tables from 10 eV  to 100 TeV in 260 bins
      Lambda tables from threshold to 100 TeV, 20 bins/decade, spline: 1
      ===== EM models for the G4Region  DefaultRegionForTheWorld ======
              MuBrem : Emin=    0 eV  Emax=  100 TeV  ModifiedMephi
      ===== Limit on energy threshold has been applied 

muPairProd:  for mu-  SubType=4
      dE/dx and range tables from 10 eV  to 100 TeV in 260 bins
      Lambda tables from threshold to 100 TeV, 20 bins/decade, spline: 1
      Sampling table 21x1001; from 1 GeV to 100 TeV 
      ===== EM models for the G4Region  DefaultRegionForTheWorld ======
          muPairProd : Emin=    0 eV  Emax=  100 TeV  ModifiedMephi

msc:  for pi+  SubType= 10
      ===== EM models for the G4Region  DefaultRegionForTheWorld ======
            UrbanMsc : Emin=    0 eV  Emax=  100 TeV Nbins=240 100 eV  - 100 TeV
              StepLim=Minimal Rfact=0.2 Gfact=2.5 Sfact=0.6 DispFlag:1 Skin=1 Llimit=1

hIoni:  for pi+  SubType=2
      dE/dx and range tables from 10 eV  to 100 TeV in 260 bins
      Lambda tables from threshold to 100 TeV, 20 bins/decade, spline: 1
      StepFunction=(0.2, 0.05 mm), integ: 1, fluct: 1, linLossLim= 0.01
      ===== EM models for the G4Region  DefaultRegionForTheWorld ======
               Bragg : Emin=    0 eV  Emax=297.505 keV  deltaVI
          BetheBloch : Emin=297.505 keV Emax=  100 TeV  deltaVI

hBrems:  for pi+  SubType=3
      dE/dx and range tables from 10 eV  to 100 TeV in 260 bins
      Lambda tables from threshold to 100 TeV, 20 bins/decade, spline: 1
      ===== EM models for the G4Region  DefaultRegionForTheWorld ======
               hBrem : Emin=    0 eV  Emax=  100 TeV  ModifiedMephi
      ===== Limit on energy threshold has been applied 

hPairProd:  for pi+  SubType=4
      dE/dx and range tables from 10 eV  to 100 TeV in 260 bins
      Lambda tables from threshold to 100 TeV, 20 bins/decade, spline: 1
      Sampling table 20x1001; from 1.11656 GeV to 100 TeV 
      ===== EM models for the G4Region  DefaultRegionForTheWorld ======
           hPairProd : Emin=    0 eV  Emax=  100 TeV  ModifiedMephi

msc:  for pi-  SubType= 10
      ===== EM models for the G4Region  DefaultRegionForTheWorld ======
            UrbanMsc : Emin=    0 eV  Emax=  100 TeV Nbins=240 100 eV  - 100 TeV
              StepLim=Minimal Rfact=0.2 Gfact=2.5 Sfact=0.6 DispFlag:1 Skin=1 Llimit=1

hIoni:  for pi-  SubType=2
      dE/dx and range tables from 10 eV  to 100 TeV in 260 bins
      Lambda tables from threshold to 100 TeV, 20 bins/decade, spline: 1
      StepFunction=(0.2, 0.05 mm), integ: 1, fluct: 1, linLossLim= 0.01
      ===== EM models for the G4Region  DefaultRegionForTheWorld ======
            ICRU73QO : Emin=    0 eV  Emax=297.505 keV  deltaVI
          BetheBloch : Emin=297.505 keV Emax=  100 TeV  deltaVI

hBrems:  for pi-  SubType=3
      dE/dx and range tables from 10 eV  to 100 TeV in 260 bins
      Lambda tables from threshold to 100 TeV, 20 bins/decade, spline: 1
      ===== EM models for the G4Region  DefaultRegionForTheWorld ======
               hBrem : Emin=    0 eV  Emax=  100 TeV  ModifiedMephi
      ===== Limit on energy threshold has been applied 

hPairProd:  for pi-  SubType=4
      dE/dx and range tables from 10 eV  to 100 TeV in 260 bins
      Lambda tables from threshold to 100 TeV, 20 bins/decade, spline: 1
      Sampling table 20x1001; from 1.11656 GeV to 100 TeV 
      ===== EM models for the G4Region  DefaultRegionForTheWorld ======
           hPairProd : Emin=    0 eV  Emax=  100 TeV  ModifiedMephi
G4VisManager: Using G4TrajectoryDrawByCharge as fallback trajectory model.
See commands in /vis/modeling/trajectories/ for other options.

### ===  Deexcitation model UAtomDeexcitation is activated for 25 regions:
          DefaultRegionForTheWorld  1  1  1
          cylindricalPET  1  1  1
          module  1  1  1
          unit  1  1  1
          block  1  1  1
          optical  1  1  1
          crystal  1  1  1
          capillaire1  1  1  1
          capillaire1_water  1  1  1
          capillaire2  1  1  1
          capillaire2_water  1  1  1
          capillaire3  1  1  1
          capillaire3_water  1  1  1
          capillaire4  1  1  1
          capillaire4_water  1  1  1
          capillaire5  1  1  1
          capillaire5_water  1  1  1
          capillaire_m1  1  1  1
          capillaire_m1_water  1  1  1
          capillaire_m2  1  1  1
          capillaire_m2_water  1  1  1
          capillaire_m3  1  1  1
          capillaire_m3_water  1  1  1
          capillaire_m4  1  1  1
          capillaire_m4_water  1  1  1
### ===  Ignore cuts flag:   0
(-230.035,212.339,4.09276)
(-300.311,277.465,18.7132)
(-302.798,-98.1446,-8.88446)
(-294.569,-71.067,-9.25735)
(-309.975,58.9859,59.3759)
(-300.825,28.1641,-30.1506)
(-283.563,-132.974,94.8953)
(-241.26,-157.002,60.64)
(-289.419,-138.153,92.0961)
(-307.817,-138.405,41.8017)
(67.3818,-305.759,38.369)
(214.471,-337.48,55.7601)
(-49.3527,316.574,-34.4535)
(-61.1645,402.168,-61.5533)
(-320.753,-10.0101,-33.4759)
(-278.789,10.3424,19.9125)
(-323.476,-22.0275,-40.5821)
(-388.938,23.286,-78.3324)
(-324.851,-24.3439,-41.1009)
(-230.153,2.88282,-135.111)
(314.558,26.5397,84.054)
(377.516,-0.929391,36.3518)
(-278.705,153.664,107.281)
(-124.661,144.732,77.1642)
(-279.418,163.769,108.545)
(-171.256,180.46,98.5238)
(236.937,209.158,-87.9743)
(206.953,155,-76.9195)
(237.031,208.799,-87.7357)
(134.696,261.445,-94.4003)
(264.217,177.029,59.9862)
(160.715,219.198,10.8982)
(-283.317,-131.252,-41.7629)
(-271.809,-167.633,11.3161)
(-283.99,-130.887,-43.7329)
(-294.28,-138.349,-28.4926)
(-139.157,-282.851,31.9101)
(-111.748,-244.856,109.678)
(-142.316,-285.889,28.7865)
(-138.072,-332.945,11.8565)
(-148.403,-291.06,23.9147)
(-226.148,-384.411,71.7072)
(-152.303,-294.43,22.3331)
(-150.616,-255.715,33.5918)
(320.654,27.6479,-19.7128)
(329.242,-98.075,-109.743)
(-319.012,-58.2393,61.0884)
(-302.046,-197.971,-81.4762)
(-315.709,-52.1888,64.8857)
(-348.938,-36.4943,143.841)
(-314.989,-55.5865,65.9324)
(-301.557,-17.1907,17.9933)
(62.1692,311.076,60.3524)
(25.3095,338.344,1.17982)
(64.9669,312.965,63.1442)
(27.6835,404.295,37.3511)
(-159.322,-273.402,122.781)
(-216.795,-267.789,117.009)
(242.684,-198.761,17.9106)
(291.596,-219.895,-7.50081)
(242.924,-204.73,14.8831)
(320.349,-166.227,23.3042)
(103.576,-317.443,8.82941)
(65.6479,-289.9,-36.2618)
(99.2262,-317.204,11.9247)
(2.66163,-266.011,-96.2089)
(114.311,-292.203,-35.0117)
(232.862,-302.672,-34.1511)
(115.94,-300.093,-27.9611)
(158.018,-346.759,-6.34954)
(-255.462,190.529,22.4838)
(-226.863,217.42,-75.5404)
(-253.712,193.413,21.6348)
(-140.327,172.28,25.0115)
(325.615,1.07866,106.905)
(326.005,-79.0701,78.935)
(-314.234,23.6111,-6.00536)
(-337.373,-99.3593,2.23874)
(-315.969,26.5094,-5.71107)
(-329.28,-61.8577,29.9441)
(306.41,-61.2383,9.06079)
(324.936,1.48757,44.4574)
(305.828,-61.7734,6.62655)
(246.591,11.3321,-2.41011)
(-217.843,-234.826,-78.0702)
(-216.796,-213.222,-185.996)
(-218.061,-234.016,-77.6906)
(-268.075,-239.242,-179.438)
(42.8399,332.582,115.081)
(32.3156,354.123,171.436)
(275.962,146.69,22.6496)
(377.353,36.9081,62.9463)
(-197.15,-271.438,-44.1974)
(-262.095,-146.465,23.4674)
(-184.318,-276.362,-16.2786)
(-121.658,-279.628,-4.89409)
(300.722,136.086,8.52856)
(316.293,154.529,20.6232)
(312.876,8.38892,-89.1808)
(407.333,45.8133,-83.8882)
(-318.797,-9.13385,95.4162)
(-342.505,-15.7054,114.9)
(130.054,-296.233,-79.1896)
(107.848,-246.038,-54.1915)
(-233.202,216.834,60.3218)
(-142.324,213.247,-0.876641)
(-233.085,217.626,59.4505)
(-185.899,241.411,22.4736)
(191.379,250.842,-87.2104)
(142.898,209.192,81.8956)
(-316.802,-117.434,67.9114)
(-286.528,-14.6558,56.6038)
(-120.808,-302.686,106.083)
(-195.062,-342.738,15.292)
(-260.94,203.018,-86.349)
(-276.03,207.962,-54.5891)
(-318.713,67.4095,73.9819)
(-284.49,92.3663,59.4407)
(323.662,-65.1064,-70.5825)
(291.681,-52.6491,-219.041)
(323.92,-65.6946,-70.4054)
(292.327,15.2599,31.4925)
(317.087,-83.8964,29.5453)
(465.453,-71.4977,27.0473)
(-281.649,160.478,-56.4939)
(-145.716,237.346,-14.5744)
(-243.337,197.497,111.269)
(-223.577,204.948,142.977)
(-257.904,-178.756,-68.1785)
(-215.971,-221.958,-130.037)
(-263.525,-183.735,-71.261)
(-201.791,-161.427,-32.5846)
(-111.727,293.709,61.9609)
(-88.4988,236.359,102.366)
(288.87,125.035,57.2392)
(306.58,131.586,43.3783)
(-229.701,-238.395,-105.936)
(-274.468,-262.829,-61.3816)
(-229.245,-237.996,-100.995)
(-94.8887,-259.895,-111.358)
(-224.955,-234.275,15.6222)
(-167.701,-180.234,69.6102)
(-225.75,-234.973,21.1743)
(-243.772,-284.369,23.0476)
(159.369,279.787,-17.2018)
(125.185,224.334,33.7037)
(293.331,-116.741,-93.4156)
(298.05,-25.5925,-108.495)
(299.175,-116.798,-95.9395)
(346.442,-204.485,-131.91)
(-311.228,-75.1574,-77.5599)
(-371.329,-61.2889,-57.8765)
(-318.735,-70.8718,-80.1687)
(-201.016,-75.0777,-92.4605)
(291.009,119.849,123.911)
(208.722,-1.47345,168.711)
(-41.5427,-313.224,0.851872)
(-55.2539,-356.282,-51.143)
(-32.209,-318.569,7.56993)
(-97.8081,-412.358,109.685)
(227.779,234.006,111.121)
(180.349,304.089,90.2881)
(280.85,147.988,7.64632)
(301.264,135.893,54.7653)
(87.2497,301.236,-84.9106)
(-49.9244,225.149,-48.7345)
(-276.649,-144.231,-53.856)
(-262.306,-172.295,13.9909)
(275.141,-148.017,-60.8792)
(192.647,-273.626,-76.7043)
(-272.092,156.907,-33.8353)
(-206.247,122.997,28.3759)
(279.122,-149.598,35.3005)
(183.586,-147.131,-8.84028)
(-276.837,-154.116,23.3415)
(-279.317,-154.65,53.2029)
(177.713,265.4,-39.0449)
(111.564,227.716,26.4614)
(316.058,-2.59113,-16.4579)
(290.195,20.7202,-36.0242)
(318.41,-6.2696,-18.1212)
(267.613,7.34394,-44.7049)
(275.593,183.26,79.6239)
(322.899,210.263,24.9318)
(275.626,189.233,79.3633)
(220.356,140.222,105.882)
(-118.171,289.272,-44.1717)
(-39.0742,307.943,-58.2094)
(-313.229,-13.2144,56.1018)
(-256.31,-101.476,-0.128163)
(231.833,210.356,-2.55644)
(245.9,214.217,-48.7653)
(231.233,210.275,-2.91688)
(169.394,249.735,18.9812)
(-199.174,-251.869,-8.99426)
(-262.264,-345.278,-47.8542)
(-199.291,-250.587,-7.22923)
(-282.176,-266.909,37.9204)
(302.889,86.6709,107.384)
(247.504,194.524,148.753)
(303.453,81.4084,110.763)
(318.427,120.423,117.343)
(-306.525,-94.3981,-113.079)
(-326.569,-111.55,-83.3523)
(189.515,-252.152,38.3535)
(215.123,-208.317,39.4065)
(-266.378,174.554,-27.3467)
(-206.214,211.843,-10.6024)
(-128.667,-289.831,-85.8687)
(-136.627,-192.005,-139.649)
(-26.2298,319.343,91.4679)
(-33.1474,387.232,64.9269)
(-285.118,-165.565,-117.681)
(-274.28,-103.103,-87.1714)
(316.912,5.70623,-91.2832)
(421.689,-88.6138,-70.9328)
(314.92,9.56445,-99.7008)
(328.811,98.7068,-13.6536)
(209.851,-260.437,39.7518)
(174.645,-383.486,-70.1771)
(-137.085,305.492,-43.3164)
(-250.854,366.442,-88.3358)
(-300.913,-124.573,121.298)
(-281.918,-145.89,166.598)
(283.627,-161.917,124.443)
(267.606,-98.7807,111.618)
(-82.1585,308.526,-31.6314)
(-116.416,256.425,-92.3369)
(-135.609,-285.38,32.6362)
(-209.558,-182.298,-41.4646)
(307.559,-96.5901,-4.06126)
(329.001,-171.999,-35.1923)
(-287.186,155.198,10.8678)
(-387.325,69.6592,108.145)
(-287.413,157.756,11.6874)
(-329.911,158.709,28.2436)
(-278.909,183.562,-35.229)
(-246.036,165.629,-35.2347)
(87.6671,-299.896,61.3504)
(33.1823,-253.402,26.5028)
(113.75,298.527,-110.243)
(109.585,354.078,-198.808)
(44.2686,-316.109,114.303)
(69.6841,-316.303,181.639)
(308.135,91.9774,-51.359)
(344.603,109.035,-90.2223)
(309.149,91.102,-51.3749)
(272.748,102.47,-76.2456)
(-318.206,25.5478,-70.8756)
(-287.684,-47.4278,-101.377)
(299.961,128.627,-118.239)
(332.199,167.19,-149.286)
(-271.08,156.743,79.7671)
(-191.95,162.711,42.6156)
(214.271,256.827,-12.4806)
(219.484,177.357,-26.5653)
(-285.139,-138.252,8.03922)
(-253.874,-138.577,73.7118)
(-184.611,-280.253,78.7014)
(-180.007,-153.724,114.689)
(246.284,-193.39,-79.8834)
(218.532,-218.961,-154.648)
(132.509,296.857,82.0236)
(161.235,216.483,177.884)
(-235.494,-217.68,-58.8811)
(-224.438,-237.872,-81.8357)
(-120.69,291.238,30.9795)
(-180.682,356.244,-9.65441)
(139.333,-287.762,-28.1878)
(89.2934,-217.314,58.4073)
(325.263,0.591939,-46.338)
(320.459,-50.3591,-163.873)
(-333.357,-1.49554,79.9909)
(-383.271,-81.8749,138.134)
(-327.085,-53.4739,-77.8726)
(-404.262,-80.9569,28.9391)
(313.876,24.8241,33.8254)
(369.974,41.8138,-0.817374)
(-276.566,-152.305,-121.247)
(-248.176,-141.838,-132.067)
(-280.129,-162.684,-118.721)
(-267.347,-203.06,-139.962)
(280.812,150.572,4.08877)
(219.45,223.913,-3.2384)
(286.226,148.878,3.00202)
(327.985,166.691,-25.4859)
(286.291,147.721,1.94048)
(235.546,209.071,14.6122)
(-21.7549,312.519,72.1897)
(19.5295,379.726,33.0506)
(-18.0712,312.491,69.7908)
(-48.5823,363.55,125.64)
(-78.428,-310.641,-71.554)
(-130.467,-426.26,34.372)
(-76.3571,-306.228,-78.2134)
(-155.522,-371.86,-229.824)
(273.57,181.727,79.7036)
(356.067,190.974,-53.4676)
(271.312,186.368,72.9846)
(317.078,226.262,69.3159)
(-295.505,-138.111,-58.1008)
(-318.139,-183.85,-103.39)
(53.1986,-313.99,94.1218)
(32.9164,-177.66,171.696)
(50.5831,314.969,-71.6303)
(57.5321,232.701,22.7132)
(-140.276,283.424,30.6803)
(-158.16,282.447,42.9216)
(-141.276,280.038,33.223)
(-113.116,214.024,-17.1254)
(53.1926,-324.737,-32.8587)
(69.6288,-359.152,-172.692)
(-69.9321,320.892,58.9016)
(-91.3667,356.899,-33.0249)
(-196.349,-259.812,-48.0738)
(-226.787,-329.798,-71.8228)
(-196.936,-258.577,-48.0141)
(-154.871,-376.385,10.5748)
(276.837,-184.877,-1.2132)
(251.865,-327.725,14.1027)
(269.341,-189.281,-2.8202)
(250.384,-269.48,104.009)
(-82.3708,301.474,6.09155)
(-145.692,329.878,28.9131)
(-85.0761,301.376,8.65477)
(-47.638,202.201,-48.9909)
(312.593,-9.62667,83.7987)
(337.272,-30.2165,9.9032)
(-120.534,315.018,-62.0671)
(-71.0831,288.227,-104.297)
(277.297,-166.25,33.1405)
(195.86,-224.319,24.078)
(144.349,-278.987,51.7562)
(153.48,-335.066,2.23908)
(137.435,-289.091,47.0805)
(207.539,-353.536,45.2994)
(-243.928,202.911,-36.4006)
(-310.815,186.237,-48.0792)
(-243.071,208.285,-49.4095)
(-244.957,200.062,0.740829)
(279.715,-160.659,31.8819)
(251.745,-23.0291,-30.6034)
(-310.516,82.2022,-15.2728)
(-365.355,135.2,-46.4216)
(-311.717,85.813,-10.5101)
(-423.478,71.135,-45.3292)
(-312.814,97.6835,-3.71065)
(-288.613,132.977,-23.4916)
(263.243,173.492,45.7167)
(297.544,172.55,49.7532)
(-74.6507,-303.07,-78.7423)
(-74.5898,-268.23,-113.703)
(-15.1202,-317.421,28.2707)
(-65.645,-436.518,31.5286)
(-17.6383,-320.286,30.4164)
(75.3486,-375.043,-72.9011)
(314.353,-120.517,-19.7164)
(364.207,-258.055,-2.69951)
(-254.395,-185.702,54.3594)
(-245.421,-66.7698,92.0127)
(-253.121,-186.935,56.0656)
(-343.105,-248.997,68.3588)
(247.914,-204.171,112.174)
(218.754,-208.689,295.455)
(-307.754,112.861,-59.7208)
(-274.686,140.241,-177.77)
(79.9522,301.634,30.5215)
(40.3376,208.668,84.8309)
(-238.31,-204.083,-20.5942)
(-254.468,-179.984,-18.6237)
(-238.24,-206.532,-19.7388)
(-338.956,-202.64,5.63444)
(-236.148,-207.548,-16.2021)
(-250.713,-138.738,-58.5419)
(-242.932,203.308,111.475)
(-256.283,139.06,76.8321)
(-294.326,-116.338,77.367)
(-360.6,-159.855,31.6483)
(-149.282,-275.237,-38.0679)
(-71.923,-283.389,-120.989)
(143.54,-277.793,15.2747)
(42.3356,-226.91,-35.3222)
(-302.404,-110.849,-44.1076)
(-328.018,-33.9913,-94.6697)
(-304.609,-71.39,-84.4262)
(-392.016,-77.1051,-28.8904)
(311.279,-80.9638,-17.9773)
(326.229,-79.7444,11.3932)
(-251.863,184.285,37.1002)
(-230.977,260.733,-18.8228)
(-260.751,185.876,35.6665)
(-288.827,190.422,39.6268)
(135.08,-281.391,21.3703)
(206.516,-209.034,-3.46522)
(-219.31,-225.859,92.9461)
(-210.031,-189.836,180.814)
(-323.572,11.4421,-1.3128)
(-320.466,8.43089,-3.33813)
(-324.383,12.6781,0.328657)
(-284.293,49.9713,22.7447)
(-329.529,20.6537,0.672978)
(-288.583,19.4509,61.1075)
(-187.216,256.409,-46.0834)
(-206.867,94.8464,5.28537)
(-85.0784,-306.074,56.7276)
(-73.8521,-294.038,120.709)
(-84.1667,-305.641,58.9632)
(-143.195,-313.576,80.7995)
(-141.046,-291.643,66.2422)
(-203.014,-350.244,6.3836)
(309.94,61.2739,-96.5392)
(288.322,42.3946,-135.35)
(319.428,-90.7895,-40.2208)
(268.035,-134.001,-102.822)
(-247.256,195.895,92.4985)
(-290.6,222.816,70.3101)
(241.811,209.721,106.348)
(272.139,281.107,165.934)
(242.622,202.19,110.602)
(344.949,142.116,146.024)
(-299.249,-112.9,-56.4833)
(-280.214,-69.9777,-24.9394)
(-297.362,-113.527,-59.1353)
(-319.816,-160.488,-110.65)
(313.126,57.3802,-81.2985)
(234.562,8.35166,-201.828)
(-65.0959,310.036,-1.18051)
(-78.4734,318.933,-60.3586)
(-202.262,-257.317,-0.876689)
(-300.517,-346.871,-29.6187)
(326.536,10.0451,119.046)
(363.078,-5.70352,165.622)
(324.632,11.4905,121.046)
(179.48,110.196,179.195)
(114.574,-299.25,82.6489)
(137.043,-301.418,71.1946)
(120.916,-305.275,80.0071)
(19.3467,-298.647,118.178)
(-316.994,-50.332,-98.8354)
(-393.087,-2.98953,-183.784)
(-302.453,86.0379,36.4413)
(-329.596,123.142,-13.2438)
(95.4432,-303.959,-85.551)
(-28.7713,-267.628,-195.282)
(135.757,-308.067,-107.756)
(146.07,-330.383,-248.004)
(124.467,297.353,86.624)
(103.669,348.244,172.175)
(239.154,203.534,12.7325)
(251.326,170.471,54.564)
(310.054,-52.848,-118.213)
(299.305,-72.7013,-163.48)
(-318.861,-76.236,-62.2329)
(-364.796,-80.6525,-94.3028)
(313.101,28.4672,22.7811)
(358.98,22.7038,54.9394)
(320.361,29.8975,31.3891)
(314.943,-70.0175,118.61)
(-39.1726,312.925,-32.4017)
(-35.7687,267.369,76.9322)
(134.058,-293.558,27.1245)
(157.17,-270.615,76.3354)
(-324.398,10.3111,48.5785)
(-261.251,73.0424,24.254)
(-335.354,19.3559,39.3003)
(-337.136,120.834,35.3081)
(313.668,-6.83736,-27.2777)
(299.669,-67.5769,74.0462)
(188.789,-266.206,-91.3548)
(208.627,-270.397,-86.4395)
(-249.531,220.871,78.1511)
(-343.889,219.59,86.575)
(-41.4524,-315.476,-45.1089)
(112.555,-368.852,-1.07239)
(184.285,270.648,35.5353)
(217.976,154.131,33.2833)
(-80.5661,319.589,4.94963)
(-54.3496,332.917,42.3335)
(-62.9196,306.172,89.4421)
(-101.059,276.042,39.347)
(-154.622,-291.743,-85.8844)
(-109.122,-48.0899,-141.164)
(-311.806,-8.7334,-93.6949)
(-339.997,-40.0636,-46.5552)
(199.458,-245.347,63.8648)
(328.384,-199.366,-10.011)
(242.515,210.256,2.21672)
(196.721,219.275,-18.9708)
(153.884,-285.016,9.79489)
(142.85,-211.809,-37.7887)
(-62.7867,309.296,-13.7883)
(-57.4185,298.745,-28.3625)
(-61.903,315.778,-18.64)
(3.3852,360.746,-10.9184)
(72.3179,309.019,-35.7025)
(61.9625,269.933,4.28669)
(74.27,306.171,-34.7966)
(-0.216486,216.386,-119.35)
(145.629,-290.539,31.337)
(161.931,-368.028,-21.9736)
(-325.374,-42.7423,-50.6941)
(-348.984,-30.413,-58.3585)
(319.662,69.2479,83.4537)
(283.27,-31.6261,81.8782)
(-31.56,-313.093,38.6156)
(16.0006,-336.016,82.5371)
(314.136,-14.227,45.4186)
(256,150.778,10.5504)
(320.273,-22.138,42.5916)
(220.655,38.2965,28.2278)
(307.148,112.627,93.058)
(318.395,65.7528,140.677)
(-303.798,117.746,56.3198)
(-314.88,70.1185,67.1925)
(-287.145,139.577,35.3636)
(-299.042,153.402,7.18305)
(154.257,-278.336,-72.3477)
(141.47,-248.756,-59.6873)
(120.713,-298.241,4.40609)
(61.1447,-337.99,56.7974)
(125.841,-303.407,7.03236)
(130.791,-232.579,-21.9942)
(312.392,-1.29325,-51.7759)
(278.725,-52.1767,-60.8078)
(334.32,7.05923,-52.0124)
(316.695,-76.9683,-127.524)
(-287.864,-129.518,-78.3562)
(-353.184,-210.816,-53.4428)
(-295.548,-140.104,-107.908)
(-371.27,-99.807,-67.9882)
(-313.081,2.10957,35.1011)
(-369.22,-0.131763,-113.46)
(318.684,-7.23371,-92.4069)
(353.44,38.4238,-55.943)
(-291.123,-122.513,-77.6929)
(-283.685,-155.503,-19.1258)
(-289.869,-120.36,-79.7654)
(-211.503,-180.368,-185.098)
(320.595,64.2554,38.8335)
(357.266,68.0774,63.0042)
(319.511,70.403,37.2795)
(284.389,111.262,82.4994)
(-112.139,-292.533,-41.9125)
(-84.1322,-357.523,-86.5688)
(209.969,235.307,-60.665)
(310.173,314.199,0.288615)
(216.563,242.586,-64.604)
(189.839,274.344,-29.2692)
(-140.811,-281.684,70.3773)
(-145.561,-410.503,104.947)
(289.984,-143.064,68.7578)
(284.6,-124.922,136.121)
(288.821,-144.073,67.5557)
(347.809,-131.225,65.2598)
(-294.845,116.728,89.5095)
(-420.989,81.7707,158.323)
(-312.327,121.699,94.1846)
(-345.313,138.581,162.277)
(-59.7913,314.952,82.8231)
(-86.5884,326.946,114.998)
(-254.266,-191.678,84.5406)
(-193.177,-278.94,50.0638)
(203.373,238.558,-107.785)
(228.877,217.337,-74.4312)
(-318.311,-96.7204,98.6789)
(-305.435,-127.639,106.512)
(-329.401,23.002,87.4619)
(-357.823,134.429,84.3717)
(-333.719,20.4175,88.8154)
(-368.142,-50.378,79.7975)
(-334.666,19.8622,90.0872)
(-284.984,-9.12944,79.2842)
(-317.261,44.3908,113.048)
(-344.528,73.9278,86.6226)
(22.0118,-335.49,-44.7324)
(-16.6067,-352.157,7.90518)
(130.373,295.696,37.5937)
(79.8978,294.488,159.553)
(211.193,238.465,-26.7775)
(155.993,194.154,-8.98799)
(-293.344,-134.087,16.3416)
(-341.28,-142.684,37.1841)
(-315.887,-81.4248,-64.8689)
(-349.553,-81.8606,-81.6998)
(258.895,175.747,44.3903)
(329.47,239.347,-6.38421)
(-127.416,303.234,-41.5989)
(-103.817,239.377,74.8236)
(233.608,-223.552,32.5205)
(324.66,-305.451,8.60952)
(-281.51,-148.266,-12.374)
(-175.761,-211.374,-26.9818)
(-291.436,-161.066,-10.2069)
(-424.093,-151.717,89.9339)
(43.3737,312.863,-19.6254)
(28.7151,371.583,-48.3673)
(44.588,311.621,-18.3638)
(42.8679,306.294,-14.8122)
(171.244,-286.402,15.7974)
(305.325,-263.827,-94.1706)
(-136.44,288.355,-57.0533)
(-42.8074,324.766,7.54802)
(281.569,-146.325,28.7203)
(374.008,-26.4791,15.7083)
(-231.026,219.258,-43.4833)
(-243.08,137.338,-167.286)
(-232.605,220.842,-53.4396)
(-166.779,235.719,-78.5326)
(176.841,-272.52,54.9863)
(103.737,-312.321,150.929)
(217.327,232.687,28.2768)
(244.51,143.584,54.0265)
(226.189,236.828,35.1994)
(266.807,186.465,94.8368)
(30.9583,-330.815,-40.3908)
(105.803,-338.015,-36.4335)
(-17.4589,-315.435,81.915)
(-66.579,-359.971,130.245)
(-311.962,29.2486,44.4605)
(-442.136,-45.8891,44.4311)
(323.209,-51.0172,-77.766)
(380.884,-63.5979,28.299)
(314.927,-40.1955,-72.3893)
(219.504,-3.53759,-111.476)
(-27.4314,-332.742,84.5824)
(-56.527,-318.969,135.325)
(-28.3155,-331.262,85.0624)
(-130.349,-444.619,148.523)
(119.703,302.013,-78.9967)
(114.303,256.996,-36.7531)
(-287.787,-147.06,-77.8428)
(-398.041,-32.2599,-60.5905)
(-297.926,-139.411,-72.9056)
(-376.009,-161.277,-97.5202)
(265.8,196.949,98.2236)
(279.21,272.775,126.439)
(145.84,-286.935,-97.0305)
(58.298,-236.834,-109.009)
(148.333,-286.625,-90.5639)
(138.186,-330.905,-61.7058)
(134.313,296.875,98.7149)
(158.804,315.937,161.834)
(134.45,296.696,97.5431)
(122.113,315.394,51.1565)
(139.878,299.734,97.2692)
(177.96,360.458,89.7999)
(300.563,88.82,16.9417)
(230.002,59.3644,50.6242)
(-250.861,-214.696,-40.9121)
(-172.815,-312.174,-94.8351)
(248.021,-207.231,37.8421)
(322.619,-264.182,-2.81784)
(101.191,-310.953,20.5162)
(112.444,-346.827,75.9555)
(173.451,262.772,-18.9096)
(313.986,229.847,14.3563)
(-38.8549,314.434,-46.8971)
(-68.8373,302.982,5.09894)
(-29.8717,321.37,-51.127)
(11.4187,392.43,-172.381)
(132.199,-289.863,42.0419)
(215.957,-338.846,51.0037)
(-239.987,-212.461,-121.021)
(-211.762,-181.218,-207.887)
(242.822,197.388,112.406)
(174.997,217.04,46.2979)
(-140.187,289.919,112.183)
(-157.39,329.882,66.6573)
(-136.048,290.652,116.523)
(-128.633,270.626,122.363)
(205.824,-237.163,-93.623)
(207.115,-220.565,-46.3278)
(212.082,233.498,-60.2476)
(169.391,243.204,8.21933)
(-298.356,-136.576,-43.8781)
(-253.22,-94.2952,52.1672)
(-292.735,-139.451,-39.9593)
(-197.726,-208.516,-70.1618)
(333.036,25.7835,80.0664)
(339.361,65.4422,193.245)
(331.26,-3.89942,-102.818)
(249.731,-1.77026,-82.6074)
(-161.435,-282.405,-1.13421)
(-77.3918,-334.4,-6.15977)
(-143.119,-293.187,3.51118)
(-210.183,-282.055,12.6529)
(215.639,250.722,-5.38062)
(238.904,226.013,96.4724)
(-276.321,-149.637,-120.585)
(-282.644,-211.124,-40.7055)
(-278.849,-140.351,-117.418)
(-333.974,-46.4895,-208.557)
(145.028,284.775,-44.6008)
(155.769,317.583,-108.666)
(-242.303,-206.513,28.6251)
(-236.679,-197.65,116.789)
(-324.948,-26.7838,105.731)
(-331.296,-34.7371,81.7071)
(-313.93,-7.88361,-53.6632)
(-383.789,-7.01934,35.2953)
(110.872,299.306,74.2954)
(100.975,173.681,109.371)
(-16.6475,-329.539,-83.0481)
(-222.815,-355.73,-63.3745)
(-18.2197,-332.409,-81.7842)
(6.24226,-265.55,-44.866)
(-21.8697,-333.619,-78.8173)
(-54.0851,-399.599,-102.652)
(-112.374,294.648,-23.366)
(-68.0229,157.631,1.86275)
(-112.586,306.788,-32.2998)
(-52.4985,351.991,-105.543)
(310.052,43.5991,122.689)
(314.064,66.3367,114.994)
(30.9614,-315.263,16.3949)
(-32.2925,-288.861,-2.78805)
(-172.91,263.874,-16.5862)
(-155.519,190.483,-61.1907)
(164.28,-272.788,116.166)
(80.3911,-257.529,19.3946)
(-181.848,-279,119.899)
(-241.136,-297.422,92.0964)
(184.759,254.309,-31.3529)
(142.395,193.037,-97.1871)
(-75.2461,-303.535,32.6183)
(-147.161,-268.404,34.2397)
(209.435,251.945,-28.4296)
(211.911,125.693,27.6708)
(207.437,255.369,-20.5219)
(145.097,145.413,-120.799)
(-10.6591,-319.706,123.81)
(9.39326,-371.466,91.9802)
(-95.1097,307.707,-6.8206)
(-153.896,286.074,41.0541)
(-1.01682,-315.645,64.4636)
(31.1996,-362.218,50.5401)
(-316.171,-0.907903,51.8859)
(-310.035,87.5162,115.685)
(-324.229,3.6823,57.2955)
(-358.376,-14.9404,97.4255)
(-325.762,5.47462,58.4107)
(-287.311,-80.2742,60.5736)
(314.622,3.10808,-70.5483)
(328.565,-7.86079,-122.511)
(312.84,31.5442,119.375)
(359.924,-22.6085,52.0258)
(317.834,44.7588,-13.3111)
(253.703,54.0095,-22.5321)
(334.551,17.9282,123.511)
(359.783,-42.5866,157.233)
(-318.584,46.8763,65.2743)
(-353.14,105.718,124.594)
(-319.618,41.6413,62.6465)
(-384.609,75.4775,102.692)
(209.066,-243.681,117.734)
(295.794,-418.752,166.662)
(299.646,-91.8019,115.393)
(296.915,-20.3287,-5.75413)
(-72.7046,316.274,56.6571)
(-202.07,287.568,107.547)
(-69.0779,314.246,52.8007)
(-18.4416,361.528,-5.48634)
(-26.7378,-312.94,-58.694)
(3.98066,-292.041,-81.5887)
(314.948,-4.81665,-70.0668)
(353.322,-30.559,-81.4838)
(318.216,-5.52218,-65.583)
(358.347,-49.5245,-2.15254)
(325.417,-3.44604,-47.8712)
(427.453,14.8863,-46.4713)
(324.877,-2.09006,-49.1143)
(464.881,22.3602,-25.2047)
(276.363,-154.168,-5.40704)
(227.441,-138.312,144.309)
(271.386,-155.344,-4.7637)
(237.109,-179.238,-20.3906)
(315.95,-29.4007,67.8409)
(408.997,-23.6056,95.5068)
(-248.464,221.083,-40.5424)
(-265.448,226.361,-73.2706)
(284.444,-137.426,21.6208)
(276.12,-158.673,35.365)
(-309.65,-90.3894,8.62606)
(-260.616,-85.7773,-12.8953)
(311.301,65.8789,-9.1119)
(347.957,-11.8365,-81.4795)
(-67.8345,-315.048,97.3067)
(-42.8631,-223.228,105.151)
(154.9,281.038,-85.8706)
(-21.554,175.86,-29.4739)
(250.568,-197.99,-110.348)
(262.473,-97.1057,-113.614)
(306.694,84.0874,-59.7938)
(312.45,23.5054,-25.514)
(-270.535,-162.592,120.809)
(-344.738,-83.8483,116.816)
(-276.778,-161.429,122.934)
(-214.883,-248.869,123.687)
(-145.266,290.769,-84.3547)
(-141.256,374.391,-130.94)
(-149.805,297.29,-80.3669)
(-123.807,280.098,-193.421)
(-69.905,-327.931,90.9257)
(-101.639,-296.598,138.184)
(55.3733,307.191,65.8823)
(-25.5675,276.368,73.071)
(151.41,-278.035,-12.5823)
(156.566,-249.143,-20.8077)
(144.286,-276.964,-8.83509)
(136.319,-257.049,-42.9355)
(128.474,292.266,12.2677)
(41.7373,270.964,3.27498)
(127.362,294.131,11.9318)
(202.916,153.855,4.73713)
(310.007,-47.0863,-62.2242)
(274.231,-101.46,-55.0544)
(310.064,-45.0629,-63.4138)
(358.136,-8.21885,-104.804)
(307.302,-60.5867,-31.2044)
(233.5,-32.2335,2.78991)
(308.162,-62.0518,-30.7384)
(251.714,-30.6372,85.2229)
(-252.612,185.215,-57.7454)
(-309.647,87.0824,-114.853)
(50.4386,-312.115,98.2289)
(44.4654,-352.744,40.2379)
(52.1403,-330.757,105.578)
(100.68,-301.426,140.709)
(288.124,-164.326,51.1847)
(366.72,-332.882,59.4728)
(-190.345,278.046,-82.4056)
(-192.872,296.603,-25.5579)
(-190.114,273.655,-83.3658)
(-164.23,262.764,-148.068)
(307.681,83.1285,-97.7367)
(388.861,50.4073,-56.3994)
(305.247,84.1414,-98.6535)
(264.494,133.644,-49.3396)
(-289.909,169.407,87.5204)
(-282.219,211.155,83.344)
(-291.333,169.58,88.8098)
(-307.394,207.825,139.188)
(-261.598,191.373,-119.391)
(-248.236,185.334,-55.5756)
(-194.108,-257.376,-11.1826)
(-135.513,-329.968,97.1099)
(-195.488,-253.385,-12.2325)
(-165.456,-305.381,23.9224)
(-6.98466,318.031,14.8847)
(6.37676,292.34,29.5515)
(-6.2641,323.593,12.8292)
(53.224,356.339,32.781)
(305.258,74.6708,43.9984)
(263.831,82.961,-2.79346)
(-213.71,-240.839,-123.387)
(-283.466,-172.123,-81.4653)
(-203.767,-240.593,48.9009)
(-174.566,-264.756,-97.1772)
(84.541,302.931,121.499)
(98.1006,324.875,0.854387)
(82.2246,306.288,120.968)
(187.938,340.522,70.4521)
(18.4716,-312.553,-95.8754)
(-1.23564,-239.594,-68.9823)
(321.214,17.8665,-36.3371)
(287.668,-12.0764,29.6042)
(317.582,41.068,66.2672)
(475.659,61.623,-68.3454)
(53.8011,307.582,-49.8646)
(-38.1322,290.802,-32.6515)
(-217.782,232.928,26.8654)
(-214.321,145.132,69.4756)
(161.199,-281.073,45.9684)
(92.8554,-350.829,85.1545)
(-320.581,-13.4968,27.7885)
(-398.413,-17.4824,22.7164)
(-319.342,-13.7002,32.683)
(-367.828,-111.255,55.7087)
(322.402,8.34671,-18.8417)
(353.706,27.0857,-83.2163)
(323.215,6.14651,-18.5049)
(288.015,-21.9863,-6.84446)
(-296.579,-133.006,106.855)
(-271.704,-162.24,-0.417271)
(311.026,-64.0452,-33.1007)
(345.448,-120.962,-37.4233)
(260.318,195.459,-123.225)
(113.323,246.034,-232.592)
(262.381,195.465,-118.865)
(342.856,167.362,-158.007)
(140.701,-281.876,-18.7363)
(69.8529,-204.92,-72.5318)
(294.607,111.737,57.3215)
(205.871,124.153,106.346)
(292.815,112.212,59.9428)
(297.889,-68.384,58.2381)
(-302.818,-81.8537,-39.2481)
(-300.793,-46.1976,21.0311)
(-303.638,-86.115,-28.1607)
(-344.34,-94.2335,-53.4384)
(326.157,-4.07676,-29.4346)
(335.646,20.0536,-3.57607)
(336.725,-10.8222,-32.3069)
(298.371,7.79091,-62.5523)
(-318.793,10.5443,71.1401)
(-308.992,17.4046,48.8247)
(142.597,279.015,57.0796)
(281.491,369.021,5.73375)
(145.206,279.645,56.1953)
(32.746,321.883,102.347)
(136.938,-293.671,-56.0191)
(120.008,-273.416,-19.0495)
(135.848,-294.111,-57.9415)
(99.0937,-326.357,-58.0869)
(-222.242,232.416,-5.48458)
(-216.694,230.053,16.4557)
(-46.5003,-309.276,-82.1835)
(-18.9563,-282.093,-12.8598)
(-290.055,-143.364,84.8509)
(-352.257,-158.183,131.473)
(-242.09,200.681,-0.541559)
(-298.388,193.61,-38.637)
(157.334,-293.527,4.16829)
(257.324,-332.143,60.6078)
(-58.4118,320.318,-3.57116)
(3.35829,322.618,-0.420612)
(-61.2389,325.066,-1.00689)
(-76.3171,363.142,-83.1577)
(149.859,-296.285,4.44115)
(61.3529,-352.913,91.2712)
(143.657,-300.962,8.35159)
(188.564,-469.8,-5.3337)
(316.751,62.7842,-112.464)
(296.865,13.7887,36.3212)
(-312.803,-16.0136,-115.778)
(-346.352,-4.61856,-120.241)
(-313.84,-16.4702,-116.529)
(-310.987,-13.5354,-74.4726)
(114.698,308.443,86.1066)
(145.838,291.909,61.9312)
(105.467,-317.565,-88.2992)
(111.585,-220.742,-140.723)
(-135.761,289.07,-106.593)
(-172.357,257.982,-139.661)
(-138.87,304.666,-113.992)
(-128.138,313.988,-130.663)
0 events have been kept for refreshing and/or reviewing.
  "/vis/reviewKeptEvents" to review them one by one.
  "/vis/enable", then "/vis/viewer/flush" or "/vis/viewer/rebuild" to see them accumulated.
[Core-0] End of macro ./split/.Gate/main121/main3.mac
Graphics systems deleted.
Visualization Manager deleting...
