[G4] 
[G4] **************************************************************
[G4]  Geant4 version Name: geant4-10-07-patch-02    (11-June-2021)
[G4]                        Copyright : Geant4 Collaboration
[G4]                       References : NIM A 506 (2003), 250-303
[G4]                                  : IEEE-TNS 53 (2006), 270-278
[G4]                                  : NIM A 835 (2016), 186-225
[G4]                              WWW : http://geant4.org/
[G4] **************************************************************
[G4] 
[Core-0] Initialization of geometry
[Core-0] Initialization of physics
[Core-0] Initialization of actors
[Core-0] 
[Core-0] *************************************************
[Core-0]  GATE version 9.1 (2021)
[Core-0]  Copyright : OpenGATE Collaboration
[Core-0]  Reference : Phys. Med. Biol. 49 (2004) 4543-4561
[Core-0]  Reference : Phys. Med. Biol. 56 (2011) 881-901
[Core-0]  Reference : Med. Phys. 41(6)    (2014)
[Core-0]  http://www.opengatecollaboration.org        
[Core-0] *************************************************
[Core-0] 
[Core-0] You are using Geant4 version 10.7.2
[Core-0] Starting macro ./split/.Gate/main121/main6.mac
0: RINDEX
1.84e-06   1.00028
4.08e-06   1.00028
9: GROUPVEL
1.84e-06   299.709
4.08e-06   299.709
16: ABSLENGTH
1.84e-06   50000
4.08e-06   50000
 <!> *** WARNING *** <!>  GateMaterialDatabase: Multiple definition of element: Yttrium.
The definition in ClMind_GateMaterials.db was used.


GATE object:        'systems/cylindricalPET'
Components:

GATE object:        'systems/cylindricalPET/base'
Attached to volume: cylindricalPET
Nb of children:       1

	GATE object:        'systems/cylindricalPET/rsector'
	Attached to volume: module
	Nb of children:       1

		GATE object:        'systems/cylindricalPET/module'
		Attached to volume: unit
		Nb of children:       1

			GATE object:        'systems/cylindricalPET/submodule'
			Attached to volume: block
			Nb of children:       1

				GATE object:        'systems/cylindricalPET/crystal'
				Attached to volume: optical
				Nb of children:       4

					GATE object:        'systems/cylindricalPET/layer0'
					Attached to volume: crystal
					Nb of children:       0

					GATE object:        'systems/cylindricalPET/layer1'
					Attached to volume: ---
					Nb of children:       0

					GATE object:        'systems/cylindricalPET/layer2'
					Attached to volume: ---
					Nb of children:       0

					GATE object:        'systems/cylindricalPET/layer3'
					Attached to volume: ---
					Nb of children:       0
geometrical design type: 1
ring diameter: -3.95 mm 
rsector axial pitch: 0 fm 
rsector azimuthal pitch: 12.8571 degree
rsector tangential size: 2.5 cm 
rsector axial size: 25.04 cm 
module axial size: 4.784 cm 
module tangential size: 2.5 cm 
module axial pitch: 0 fm 
module tangential pitch: 0 fm 
submodule axial size: 4.784 cm 
submodule tangential size: 2.5 cm 
submodule axial pitch: 0 fm 
submodule tangential pitch: 0 fm 
crystal radial size: 1.59 cm 
crystal axial size: 1.59 cm 
crystal tangential size: 2.5 cm 
crystal axial pitch: 0 fm 
crystal tangential pitch: 0 fm 
layer0 radial size: 3.95 mm 
in layer0 interaction length: 1.975 mm 
Axial nb of rsectors: 1
Azimuthal nb of rsectors: 28
Axial nb of modules: 1
Tangential nb of modules: 1
Axial nb of submodules: 1
Tangential nb of submodules: 1
Axial nb of crystals: 1
Tangential nb of crystals: 1
Radial nb of layers: 1
[Physic-0] The following Geant4's physic-list is enabled :emstandard_opt3


List of Enabled processes:




List of initialized processes:


[Core-0] Initialization of geometry
[Core-0] Initialization of physics
[Core-0] Initialization of actors
 <!> *** WARNING *** <!>  The 'energytype' option is DEPRECATED, use 'ene/type' instead!
 <!> *** WARNING *** <!>  The 'energytype' option is DEPRECATED, use 'ene/type' instead!
 <!> *** WARNING *** <!>  The 'energytype' option is DEPRECATED, use 'ene/type' instead!
 <!> *** WARNING *** <!>  The 'energytype' option is DEPRECATED, use 'ene/type' instead!
 <!> *** WARNING *** <!>  The 'energytype' option is DEPRECATED, use 'ene/type' instead!
 <!> *** WARNING *** <!>  The 'energytype' option is DEPRECATED, use 'ene/type' instead!
 <!> *** WARNING *** <!>  The 'energytype' option is DEPRECATED, use 'ene/type' instead!
 <!> *** WARNING *** <!>  The 'energytype' option is DEPRECATED, use 'ene/type' instead!
 <!> *** WARNING *** <!>  The 'energytype' option is DEPRECATED, use 'ene/type' instead!
[Acquisition-0]   
[Acquisition-0] ============= Source initialization =============
[Acquisition-0]   
[Acquisition-0] ============= Acquisition starts! =============
[Acquisition-0] Simulation start time = 0 sec
[Acquisition-0] Simulation end time   = 1 sec
[Acquisition-0] Simulation will have  = 1 run(s)
[Acquisition-0] Slice 0 from 0 to 1 s [slice=1 s]

### ===  Deexcitation model UAtomDeexcitation is activated for 25 regions:
          DefaultRegionForTheWorld  1  1  1
          cylindricalPET  1  1  1
          module  1  1  1
          unit  1  1  1
          block  1  1  1
          optical  1  1  1
          crystal  1  1  1
          capillaire1  1  1  1
          capillaire1_water  1  1  1
          capillaire2  1  1  1
          capillaire2_water  1  1  1
          capillaire3  1  1  1
          capillaire3_water  1  1  1
          capillaire4  1  1  1
          capillaire4_water  1  1  1
          capillaire5  1  1  1
          capillaire5_water  1  1  1
          capillaire_m1  1  1  1
          capillaire_m1_water  1  1  1
          capillaire_m2  1  1  1
          capillaire_m2_water  1  1  1
          capillaire_m3  1  1  1
          capillaire_m3_water  1  1  1
          capillaire_m4  1  1  1
          capillaire_m4_water  1  1  1
### ===  Ignore cuts flag:   0

phot:  for gamma applyCuts:1  SubType=12 BuildTable=0
      LambdaPrime table from 200 keV to 100 TeV in 174 bins 
      ===== EM models for the G4Region  DefaultRegionForTheWorld ======
 LivermorePhElectric : Emin=    0 eV  Emax=  100 TeV  SauterGavrila Fluo

compt:  for gamma applyCuts:1  SubType=13 BuildTable=1
      Lambda table from 10 eV  to 1 MeV, 20 bins/decade, spline: 1
      LambdaPrime table from 1 MeV to 100 TeV in 160 bins 
      ===== EM models for the G4Region  DefaultRegionForTheWorld ======
        KleinNishina : Emin=    0 eV  Emax=  100 TeV Fluo

conv:  for gamma applyCuts:1  SubType=14 BuildTable=1
      Lambda table from 1.022 MeV to 100 TeV, 20 bins/decade, spline: 1
      ===== EM models for the G4Region  DefaultRegionForTheWorld ======
     BetheHeitlerLPM : Emin=    0 eV  Emax=  100 TeV  ModifiedTsai

Rayl:  for gamma applyCuts:1  SubType=11 BuildTable=1
      Lambda table from 10 eV  to 100 keV, 20 bins/decade, spline: 0
      LambdaPrime table from 100 keV to 100 TeV in 180 bins 
      ===== EM models for the G4Region  DefaultRegionForTheWorld ======
   LivermoreRayleigh : Emin=    0 eV  Emax=  100 TeV  CullenGenerator

msc:  for e-  SubType= 10
      ===== EM models for the G4Region  DefaultRegionForTheWorld ======
            UrbanMsc : Emin=    0 eV  Emax=  100 TeV Nbins=240 100 eV  - 100 TeV
              StepLim=DistanceToBoundary Rfact=0.04 Gfact=2.5 Sfact=0.6 DispFlag:1 Skin=1 Llimit=1

eIoni:  for e-  SubType=2
      dE/dx and range tables from 10 eV  to 100 TeV in 260 bins
      Lambda tables from threshold to 100 TeV, 20 bins/decade, spline: 1
      StepFunction=(0.2, 0.1 mm), integ: 1, fluct: 1, linLossLim= 0.01
      ===== EM models for the G4Region  DefaultRegionForTheWorld ======
        MollerBhabha : Emin=    0 eV  Emax=  100 TeV  deltaVI

eBrem:  for e-  SubType=3
      dE/dx and range tables from 10 eV  to 100 TeV in 260 bins
      Lambda tables from threshold to 100 TeV, 20 bins/decade, spline: 1
      LPM flag: 1 for E > 1 GeV,  VertexHighEnergyTh(GeV)= 100000
      ===== EM models for the G4Region  DefaultRegionForTheWorld ======
             eBremSB : Emin=    0 eV  Emax=    1 GeV  AngularGen2BS
            eBremLPM : Emin=    1 GeV Emax=  100 TeV  AngularGen2BS

ePairProd:  for e-  SubType=4
      dE/dx and range tables from 10 eV  to 100 TeV in 260 bins
      Lambda tables from threshold to 100 TeV, 20 bins/decade, spline: 1
      Sampling table 25x1001; from 0.1 GeV to 100 TeV 
      ===== EM models for the G4Region  DefaultRegionForTheWorld ======
           ePairProd : Emin=    0 eV  Emax=  100 TeV  ModifiedMephi

msc:  for e+  SubType= 10
      ===== EM models for the G4Region  DefaultRegionForTheWorld ======
            UrbanMsc : Emin=    0 eV  Emax=  100 TeV Nbins=240 100 eV  - 100 TeV
              StepLim=DistanceToBoundary Rfact=0.04 Gfact=2.5 Sfact=0.6 DispFlag:1 Skin=1 Llimit=1

eIoni:  for e+  SubType=2
      dE/dx and range tables from 10 eV  to 100 TeV in 260 bins
      Lambda tables from threshold to 100 TeV, 20 bins/decade, spline: 1
      StepFunction=(0.2, 0.1 mm), integ: 1, fluct: 1, linLossLim= 0.01
      ===== EM models for the G4Region  DefaultRegionForTheWorld ======
        MollerBhabha : Emin=    0 eV  Emax=  100 TeV  deltaVI

eBrem:  for e+  SubType=3
      dE/dx and range tables from 10 eV  to 100 TeV in 260 bins
      Lambda tables from threshold to 100 TeV, 20 bins/decade, spline: 1
      LPM flag: 1 for E > 1 GeV,  VertexHighEnergyTh(GeV)= 100000
      ===== EM models for the G4Region  DefaultRegionForTheWorld ======
             eBremSB : Emin=    0 eV  Emax=    1 GeV  AngularGen2BS
            eBremLPM : Emin=    1 GeV Emax=  100 TeV  AngularGen2BS

ePairProd:  for e+  SubType=4
      dE/dx and range tables from 10 eV  to 100 TeV in 260 bins
      Lambda tables from threshold to 100 TeV, 20 bins/decade, spline: 1
      Sampling table 25x1001; from 0.1 GeV to 100 TeV 
      ===== EM models for the G4Region  DefaultRegionForTheWorld ======
           ePairProd : Emin=    0 eV  Emax=  100 TeV  ModifiedMephi

annihil:  for e+, integral:1  applyCuts:1  SubType=5 BuildTable=0
      ===== EM models for the G4Region  DefaultRegionForTheWorld ======
            eplus2gg : Emin=    0 eV  Emax=  100 TeV

msc:  for proton  SubType= 10
      ===== EM models for the G4Region  DefaultRegionForTheWorld ======
            UrbanMsc : Emin=    0 eV  Emax=  100 TeV Nbins=240 100 eV  - 100 TeV
              StepLim=Minimal Rfact=0.2 Gfact=2.5 Sfact=0.6 DispFlag:1 Skin=1 Llimit=1

hIoni:  for proton  SubType=2
      dE/dx and range tables from 10 eV  to 100 TeV in 260 bins
      Lambda tables from threshold to 100 TeV, 20 bins/decade, spline: 1
      StepFunction=(0.2, 0.05 mm), integ: 1, fluct: 1, linLossLim= 0.01
      ===== EM models for the G4Region  DefaultRegionForTheWorld ======
               Bragg : Emin=    0 eV  Emax=    2 MeV  deltaVI
          BetheBloch : Emin=    2 MeV Emax=  100 TeV  deltaVI

hBrems:  for proton  SubType=3
      dE/dx and range tables from 10 eV  to 100 TeV in 260 bins
      Lambda tables from threshold to 100 TeV, 20 bins/decade, spline: 1
      ===== EM models for the G4Region  DefaultRegionForTheWorld ======
               hBrem : Emin=    0 eV  Emax=  100 TeV  ModifiedMephi
      ===== Limit on energy threshold has been applied 

hPairProd:  for proton  SubType=4
      dE/dx and range tables from 10 eV  to 100 TeV in 260 bins
      Lambda tables from threshold to 100 TeV, 20 bins/decade, spline: 1
      Sampling table 17x1001; from 7.50618 GeV to 100 TeV 
      ===== EM models for the G4Region  DefaultRegionForTheWorld ======
           hPairProd : Emin=    0 eV  Emax=  100 TeV  ModifiedMephi

nuclearStopping:  for proton applyCuts:1  SubType=8 BuildTable=0
      ===== EM models for the G4Region  DefaultRegionForTheWorld ======
   ICRU49NucStopping : Emin=    0 eV  Emax=    1 MeV

msc:  for GenericIon  SubType= 10
      ===== EM models for the G4Region  DefaultRegionForTheWorld ======
            UrbanMsc : Emin=    0 eV  Emax=  100 TeV
              StepLim=Minimal Rfact=0.2 Gfact=2.5 Sfact=0.6 DispFlag:1 Skin=1 Llimit=1

ionIoni:  for GenericIon  SubType=2
      dE/dx and range tables from 10 eV  to 100 TeV in 260 bins
      Lambda tables from threshold to 100 TeV, 20 bins/decade, spline: 1
      StepFunction=(0.1, 0.02 mm), integ: 1, fluct: 1, linLossLim= 0.02
      ===== EM models for the G4Region  DefaultRegionForTheWorld ======
         ParamICRU73 : Emin=    0 eV  Emax=  100 TeV  deltaVI

nuclearStopping:  for GenericIon applyCuts:1  SubType=8 BuildTable=0
      ===== EM models for the G4Region  DefaultRegionForTheWorld ======
   ICRU49NucStopping : Emin=    0 eV  Emax=    1 MeV

msc:  for alpha  SubType= 10
      ===== EM models for the G4Region  DefaultRegionForTheWorld ======
            UrbanMsc : Emin=    0 eV  Emax=  100 TeV Nbins=240 100 eV  - 100 TeV
              StepLim=Minimal Rfact=0.2 Gfact=2.5 Sfact=0.6 DispFlag:1 Skin=1 Llimit=1

ionIoni:  for alpha  SubType=2
      dE/dx and range tables from 10 eV  to 100 TeV in 260 bins
      Lambda tables from threshold to 100 TeV, 20 bins/decade, spline: 1
      StepFunction=(0.1, 0.02 mm), integ: 1, fluct: 1, linLossLim= 0.02
      ===== EM models for the G4Region  DefaultRegionForTheWorld ======
            BraggIon : Emin=    0 eV  Emax=7.9452 MeV  deltaVI
          BetheBloch : Emin=7.9452 MeV Emax=  100 TeV  deltaVI

nuclearStopping:  for alpha applyCuts:1  SubType=8 BuildTable=0
      ===== EM models for the G4Region  DefaultRegionForTheWorld ======
   ICRU49NucStopping : Emin=    0 eV  Emax=    1 MeV

msc:  for anti_proton  SubType= 10
      ===== EM models for the G4Region  DefaultRegionForTheWorld ======
            UrbanMsc : Emin=    0 eV  Emax=  100 TeV Nbins=240 100 eV  - 100 TeV
              StepLim=Minimal Rfact=0.2 Gfact=2.5 Sfact=0.6 DispFlag:1 Skin=1 Llimit=1

hIoni:  for anti_proton  SubType=2
      dE/dx and range tables from 10 eV  to 100 TeV in 260 bins
      Lambda tables from threshold to 100 TeV, 20 bins/decade, spline: 1
      StepFunction=(0.2, 0.05 mm), integ: 1, fluct: 1, linLossLim= 0.01
      ===== EM models for the G4Region  DefaultRegionForTheWorld ======
            ICRU73QO : Emin=    0 eV  Emax=    2 MeV  deltaVI
          BetheBloch : Emin=    2 MeV Emax=  100 TeV  deltaVI

hBrems:  for anti_proton  SubType=3
      dE/dx and range tables from 10 eV  to 100 TeV in 260 bins
      Lambda tables from threshold to 100 TeV, 20 bins/decade, spline: 1
      ===== EM models for the G4Region  DefaultRegionForTheWorld ======
               hBrem : Emin=    0 eV  Emax=  100 TeV  ModifiedMephi
      ===== Limit on energy threshold has been applied 

hPairProd:  for anti_proton  SubType=4
      dE/dx and range tables from 10 eV  to 100 TeV in 260 bins
      Lambda tables from threshold to 100 TeV, 20 bins/decade, spline: 1
      Sampling table 17x1001; from 7.50618 GeV to 100 TeV 
      ===== EM models for the G4Region  DefaultRegionForTheWorld ======
           hPairProd : Emin=    0 eV  Emax=  100 TeV  ModifiedMephi

msc:  for kaon+  SubType= 10
      ===== EM models for the G4Region  DefaultRegionForTheWorld ======
            UrbanMsc : Emin=    0 eV  Emax=  100 TeV Nbins=240 100 eV  - 100 TeV
              StepLim=Minimal Rfact=0.2 Gfact=2.5 Sfact=0.6 DispFlag:1 Skin=1 Llimit=1

hIoni:  for kaon+  SubType=2
      dE/dx and range tables from 10 eV  to 100 TeV in 260 bins
      Lambda tables from threshold to 100 TeV, 20 bins/decade, spline: 1
      StepFunction=(0.2, 0.05 mm), integ: 1, fluct: 1, linLossLim= 0.01
      ===== EM models for the G4Region  DefaultRegionForTheWorld ======
               Bragg : Emin=    0 eV  Emax=1.05231 MeV  deltaVI
          BetheBloch : Emin=1.05231 MeV Emax=  100 TeV  deltaVI

hBrems:  for kaon+  SubType=3
      dE/dx and range tables from 10 eV  to 100 TeV in 260 bins
      Lambda tables from threshold to 100 TeV, 20 bins/decade, spline: 1
      ===== EM models for the G4Region  DefaultRegionForTheWorld ======
               hBrem : Emin=    0 eV  Emax=  100 TeV  ModifiedMephi
      ===== Limit on energy threshold has been applied 

hPairProd:  for kaon+  SubType=4
      dE/dx and range tables from 10 eV  to 100 TeV in 260 bins
      Lambda tables from threshold to 100 TeV, 20 bins/decade, spline: 1
      Sampling table 18x1001; from 3.94942 GeV to 100 TeV 
      ===== EM models for the G4Region  DefaultRegionForTheWorld ======
           hPairProd : Emin=    0 eV  Emax=  100 TeV  ModifiedMephi

msc:  for kaon-  SubType= 10
      ===== EM models for the G4Region  DefaultRegionForTheWorld ======
            UrbanMsc : Emin=    0 eV  Emax=  100 TeV Nbins=240 100 eV  - 100 TeV
              StepLim=Minimal Rfact=0.2 Gfact=2.5 Sfact=0.6 DispFlag:1 Skin=1 Llimit=1

hIoni:  for kaon-  SubType=2
      dE/dx and range tables from 10 eV  to 100 TeV in 260 bins
      Lambda tables from threshold to 100 TeV, 20 bins/decade, spline: 1
      StepFunction=(0.2, 0.05 mm), integ: 1, fluct: 1, linLossLim= 0.01
      ===== EM models for the G4Region  DefaultRegionForTheWorld ======
            ICRU73QO : Emin=    0 eV  Emax=1.05231 MeV  deltaVI
          BetheBloch : Emin=1.05231 MeV Emax=  100 TeV  deltaVI

hBrems:  for kaon-  SubType=3
      dE/dx and range tables from 10 eV  to 100 TeV in 260 bins
      Lambda tables from threshold to 100 TeV, 20 bins/decade, spline: 1
      ===== EM models for the G4Region  DefaultRegionForTheWorld ======
               hBrem : Emin=    0 eV  Emax=  100 TeV  ModifiedMephi
      ===== Limit on energy threshold has been applied 

hPairProd:  for kaon-  SubType=4
      dE/dx and range tables from 10 eV  to 100 TeV in 260 bins
      Lambda tables from threshold to 100 TeV, 20 bins/decade, spline: 1
      Sampling table 18x1001; from 3.94942 GeV to 100 TeV 
      ===== EM models for the G4Region  DefaultRegionForTheWorld ======
           hPairProd : Emin=    0 eV  Emax=  100 TeV  ModifiedMephi

msc:  for mu+  SubType= 10
      ===== EM models for the G4Region  DefaultRegionForTheWorld ======
            UrbanMsc : Emin=    0 eV  Emax=  100 TeV Nbins=240 100 eV  - 100 TeV
              StepLim=Minimal Rfact=0.2 Gfact=2.5 Sfact=0.6 DispFlag:1 Skin=1 Llimit=1

muIoni:  for mu+  SubType=2
      dE/dx and range tables from 10 eV  to 100 TeV in 260 bins
      Lambda tables from threshold to 100 TeV, 20 bins/decade, spline: 1
      StepFunction=(0.2, 0.05 mm), integ: 1, fluct: 1, linLossLim= 0.01
      ===== EM models for the G4Region  DefaultRegionForTheWorld ======
               Bragg : Emin=    0 eV  Emax=  200 keV  deltaVI
          BetheBloch : Emin=  200 keV Emax=    1 GeV  deltaVI
        MuBetheBloch : Emin=    1 GeV Emax=  100 TeV

muBrems:  for mu+  SubType=3
      dE/dx and range tables from 10 eV  to 100 TeV in 260 bins
      Lambda tables from threshold to 100 TeV, 20 bins/decade, spline: 1
      ===== EM models for the G4Region  DefaultRegionForTheWorld ======
              MuBrem : Emin=    0 eV  Emax=  100 TeV  ModifiedMephi
      ===== Limit on energy threshold has been applied 

muPairProd:  for mu+  SubType=4
      dE/dx and range tables from 10 eV  to 100 TeV in 260 bins
      Lambda tables from threshold to 100 TeV, 20 bins/decade, spline: 1
      Sampling table 21x1001; from 1 GeV to 100 TeV 
      ===== EM models for the G4Region  DefaultRegionForTheWorld ======
          muPairProd : Emin=    0 eV  Emax=  100 TeV  ModifiedMephi

msc:  for mu-  SubType= 10
      ===== EM models for the G4Region  DefaultRegionForTheWorld ======
            UrbanMsc : Emin=    0 eV  Emax=  100 TeV Nbins=240 100 eV  - 100 TeV
              StepLim=Minimal Rfact=0.2 Gfact=2.5 Sfact=0.6 DispFlag:1 Skin=1 Llimit=1

muIoni:  for mu-  SubType=2
      dE/dx and range tables from 10 eV  to 100 TeV in 260 bins
      Lambda tables from threshold to 100 TeV, 20 bins/decade, spline: 1
      StepFunction=(0.2, 0.05 mm), integ: 1, fluct: 1, linLossLim= 0.01
      ===== EM models for the G4Region  DefaultRegionForTheWorld ======
            ICRU73QO : Emin=    0 eV  Emax=  200 keV  deltaVI
          BetheBloch : Emin=  200 keV Emax=    1 GeV  deltaVI
        MuBetheBloch : Emin=    1 GeV Emax=  100 TeV

muBrems:  for mu-  SubType=3
      dE/dx and range tables from 10 eV  to 100 TeV in 260 bins
      Lambda tables from threshold to 100 TeV, 20 bins/decade, spline: 1
      ===== EM models for the G4Region  DefaultRegionForTheWorld ======
              MuBrem : Emin=    0 eV  Emax=  100 TeV  ModifiedMephi
      ===== Limit on energy threshold has been applied 

muPairProd:  for mu-  SubType=4
      dE/dx and range tables from 10 eV  to 100 TeV in 260 bins
      Lambda tables from threshold to 100 TeV, 20 bins/decade, spline: 1
      Sampling table 21x1001; from 1 GeV to 100 TeV 
      ===== EM models for the G4Region  DefaultRegionForTheWorld ======
          muPairProd : Emin=    0 eV  Emax=  100 TeV  ModifiedMephi

msc:  for pi+  SubType= 10
      ===== EM models for the G4Region  DefaultRegionForTheWorld ======
            UrbanMsc : Emin=    0 eV  Emax=  100 TeV Nbins=240 100 eV  - 100 TeV
              StepLim=Minimal Rfact=0.2 Gfact=2.5 Sfact=0.6 DispFlag:1 Skin=1 Llimit=1

hIoni:  for pi+  SubType=2
      dE/dx and range tables from 10 eV  to 100 TeV in 260 bins
      Lambda tables from threshold to 100 TeV, 20 bins/decade, spline: 1
      StepFunction=(0.2, 0.05 mm), integ: 1, fluct: 1, linLossLim= 0.01
      ===== EM models for the G4Region  DefaultRegionForTheWorld ======
               Bragg : Emin=    0 eV  Emax=297.505 keV  deltaVI
          BetheBloch : Emin=297.505 keV Emax=  100 TeV  deltaVI

hBrems:  for pi+  SubType=3
      dE/dx and range tables from 10 eV  to 100 TeV in 260 bins
      Lambda tables from threshold to 100 TeV, 20 bins/decade, spline: 1
      ===== EM models for the G4Region  DefaultRegionForTheWorld ======
               hBrem : Emin=    0 eV  Emax=  100 TeV  ModifiedMephi
      ===== Limit on energy threshold has been applied 

hPairProd:  for pi+  SubType=4
      dE/dx and range tables from 10 eV  to 100 TeV in 260 bins
      Lambda tables from threshold to 100 TeV, 20 bins/decade, spline: 1
      Sampling table 20x1001; from 1.11656 GeV to 100 TeV 
      ===== EM models for the G4Region  DefaultRegionForTheWorld ======
           hPairProd : Emin=    0 eV  Emax=  100 TeV  ModifiedMephi

msc:  for pi-  SubType= 10
      ===== EM models for the G4Region  DefaultRegionForTheWorld ======
            UrbanMsc : Emin=    0 eV  Emax=  100 TeV Nbins=240 100 eV  - 100 TeV
              StepLim=Minimal Rfact=0.2 Gfact=2.5 Sfact=0.6 DispFlag:1 Skin=1 Llimit=1

hIoni:  for pi-  SubType=2
      dE/dx and range tables from 10 eV  to 100 TeV in 260 bins
      Lambda tables from threshold to 100 TeV, 20 bins/decade, spline: 1
      StepFunction=(0.2, 0.05 mm), integ: 1, fluct: 1, linLossLim= 0.01
      ===== EM models for the G4Region  DefaultRegionForTheWorld ======
            ICRU73QO : Emin=    0 eV  Emax=297.505 keV  deltaVI
          BetheBloch : Emin=297.505 keV Emax=  100 TeV  deltaVI

hBrems:  for pi-  SubType=3
      dE/dx and range tables from 10 eV  to 100 TeV in 260 bins
      Lambda tables from threshold to 100 TeV, 20 bins/decade, spline: 1
      ===== EM models for the G4Region  DefaultRegionForTheWorld ======
               hBrem : Emin=    0 eV  Emax=  100 TeV  ModifiedMephi
      ===== Limit on energy threshold has been applied 

hPairProd:  for pi-  SubType=4
      dE/dx and range tables from 10 eV  to 100 TeV in 260 bins
      Lambda tables from threshold to 100 TeV, 20 bins/decade, spline: 1
      Sampling table 20x1001; from 1.11656 GeV to 100 TeV 
      ===== EM models for the G4Region  DefaultRegionForTheWorld ======
           hPairProd : Emin=    0 eV  Emax=  100 TeV  ModifiedMephi
G4VisManager: Using G4TrajectoryDrawByCharge as fallback trajectory model.
See commands in /vis/modeling/trajectories/ for other options.

### ===  Deexcitation model UAtomDeexcitation is activated for 25 regions:
          DefaultRegionForTheWorld  1  1  1
          cylindricalPET  1  1  1
          module  1  1  1
          unit  1  1  1
          block  1  1  1
          optical  1  1  1
          crystal  1  1  1
          capillaire1  1  1  1
          capillaire1_water  1  1  1
          capillaire2  1  1  1
          capillaire2_water  1  1  1
          capillaire3  1  1  1
          capillaire3_water  1  1  1
          capillaire4  1  1  1
          capillaire4_water  1  1  1
          capillaire5  1  1  1
          capillaire5_water  1  1  1
          capillaire_m1  1  1  1
          capillaire_m1_water  1  1  1
          capillaire_m2  1  1  1
          capillaire_m2_water  1  1  1
          capillaire_m3  1  1  1
          capillaire_m3_water  1  1  1
          capillaire_m4  1  1  1
          capillaire_m4_water  1  1  1
### ===  Ignore cuts flag:   0
(213.076,233.771,96.049)
(191.926,274.971,100.166)
(-313.356,-20.0866,-114.214)
(-172.492,-124.977,-161.726)
(-20.5669,331.055,53.7673)
(28.0911,344.766,61.0389)
(164.66,-279.371,-39.9901)
(113.239,-299.251,-146.022)
(93.7035,301.692,-113.18)
(72.2473,251.596,-136.967)
(-218.804,-241.701,91.3017)
(-245.53,-206.738,133.156)
(-47.846,311.8,14.6861)
(-20.4325,370.469,30.1585)
(66.2802,-307.362,-11.4761)
(187.365,-266.15,-21.4372)
(69.0393,-310.122,-6.29739)
(45.2782,-290.64,-72.9645)
(315.96,70.3228,10.6965)
(356.47,34.3987,44.8621)
(-305.679,-96.5173,77.9079)
(-298.582,-62.5677,118.952)
(296.064,-117.549,-48.1703)
(238.642,-62.9382,-13.9751)
(299.26,-119.687,-45.2905)
(353.548,-119.953,-129.912)
(-202.042,257.998,109.833)
(-199.08,291.734,155.16)
(-294.148,157.148,19.6367)
(-225.201,200.774,-32.9022)
(195.104,-251.329,-67.652)
(162.058,-222.671,-73.4909)
(-325.235,-16.4804,100.242)
(-362.477,-55.6655,-2.53918)
(-323.705,-16.003,99.462)
(-351.61,25.5015,24.703)
(316.008,-73.7949,11.5714)
(356.033,-0.715977,12.5612)
(-275.206,165.723,84.788)
(-308.931,38.6019,43.6759)
(282.617,-157.525,-81.8004)
(256.96,-112.817,-51.0118)
(249.676,-196.736,58.411)
(231.033,-131.263,33.292)
(95.5191,-315.094,78.6237)
(232.985,-339.375,30.0152)
(102.711,-312.524,83.7654)
(169.652,-243.288,46.2767)
(-77.2559,323.974,-83.9131)
(1.13147,307.167,-143.697)
(-82.3341,326.142,-77.5045)
(-73.8409,339.536,-56.7302)
(-264.261,171.085,-112.472)
(-276.683,106.602,-70.5641)
(170.053,-279.561,-15.9567)
(68.4067,-362.976,49.627)
(43.5857,310.906,13.4395)
(28.3141,271.253,16.9362)
(39.2224,313.514,23.6357)
(-18.4964,283.128,85.6732)
(-316.496,6.9754,-113.077)
(-341.588,-2.51179,-173.831)
(-9.34795,330.983,38.9942)
(-24.5774,306.685,16.3648)
(-13.6631,336.409,42.5692)
(-20.9022,312.456,185.788)
(240.341,-221.931,-27.6397)
(293.767,-259.383,-52.2034)
(-309.701,64.8067,34.0547)
(-335.132,55.2213,30.0098)
(-315.776,86.772,18.3569)
(-325.299,109.545,8.63705)
(9.98813,-335.894,83.1329)
(-49.961,-358.573,174.655)
(14.4417,-335.81,78.9379)
(125.877,-357.367,25.7978)
(-137.185,290.38,-82.6128)
(-232.092,326.861,-135.704)
(-317.09,-15.5308,104.921)
(-337.022,-63.1979,107.863)
(-316.85,-15.2267,102.461)
(-250.481,31.6065,113.314)
(47.3971,-314.203,95.0339)
(-86.6284,-269.672,139.495)
(52.7401,309.435,-90.8189)
(130.918,316.06,11.5679)
(318.796,-39.9561,-92.6581)
(373.213,65.5874,-52.5992)
(264.198,169.5,-15.7324)
(183.861,203.868,-7.26435)
(94.9178,-302.416,-123.868)
(115.999,-340.527,-172.76)
(94.0329,-303.501,-124.517)
(93.7061,-266.895,-148.408)
(-117.716,-305.89,78.3577)
(-144.506,-346.564,98.2809)
(-175.129,-260.183,-101.982)
(-174.7,-250.45,-176.514)
(144.207,-278.524,35.3057)
(96.3871,-376.996,69.1044)
(149.549,-280.038,32.9255)
(101.732,-349.335,-161.031)
(-305.745,90.4647,120.21)
(-281.66,28.4733,84.9007)
(-157.117,270.451,30.8556)
(-191.331,358.443,-34.0373)
(71.6044,-306.963,-30.9116)
(-61.4001,-188.587,-63.1983)
(-332.688,-23.5925,19.6825)
(-202.376,-51.3973,22.2018)
(-259.264,-175.262,-121.822)
(-219.433,-161.548,-47.4304)
(-0.303357,-318.169,111.713)
(75.2986,-304.086,163.606)
(2.09263,-315.709,112.786)
(120.842,-306.015,123.767)
(21.1809,329.594,-112.373)
(11.8229,365.009,-75.8173)
(24.6814,333.138,-119.912)
(-60.5291,334.082,-28.6758)
(-57.7953,-309.775,101.402)
(-83.3961,-285.464,72.2272)
(-68.4807,-324.653,107.254)
(-108.042,-504.018,96.5729)
(-102.899,311.65,-102.454)
(-44.8484,369.948,-148.936)
(-226.357,-221.505,-29.9339)
(-186.464,-160.215,-28.1168)
(-221.516,-248.868,-35.418)
(-216.95,-145.941,67.8567)
(57.6341,317.744,43.6894)
(-5.15428,382.146,85.313)
(58.589,314.119,40.9803)
(74.785,204.249,31.8991)
(-312.607,-14.0401,112.434)
(-289.721,-50.1356,143.678)
(-322.569,-8.66229,110.907)
(-343.938,21.5863,207.397)
(201.174,247.877,-28.583)
(301.131,188.987,7.89835)
(197.84,245.853,-32.7993)
(163.968,210.967,-98.7308)
(-309.213,-73.8846,46.213)
(-271.066,-137.631,69.0425)
(283.801,146.829,-87.0333)
(240.864,145.52,-70.5741)
(-225.287,-239.94,-91.64)
(-237.751,-206.157,28.5007)
(237.969,-220.323,-117.932)
(213.339,-227.805,-30.913)
(-157.024,273.714,-40.2625)
(-173.303,276.461,-13.7443)
(-160.977,285.704,-43.3563)
(-223.973,370.607,61.0113)
(-248.127,197.294,31.6793)
(-261.545,211.653,30.8045)
(301.788,-94.9746,15.8486)
(380.258,-12.7358,25.7061)
(-311.227,57.3956,-7.35462)
(-299.066,45.4202,-63.6404)
(-295.56,113.451,47.0565)
(-336.671,114.126,99.5879)
(-294.693,109.898,45.4819)
(-361.869,68.4083,20.3673)
(198.027,-246.796,-104.68)
(114.739,-267.78,-143.894)
(206.441,-246.868,-106.37)
(182.887,-241.318,-133.159)
(211.183,-241.895,-111.088)
(203.262,-322.671,-191.009)
(47.2179,-316.626,68.6979)
(11.0339,-158.1,31.9017)
(163.782,274.075,-57.2759)
(241.727,339.068,-164.133)
(163.333,274.161,-57.4104)
(31.6938,401.142,-57.4754)
(-254.328,200.583,-83.8599)
(-302.517,211.393,-117.217)
(163.102,-278.629,117.534)
(201.394,-201.315,109.818)
(-301.206,148.953,-58.0401)
(-202.15,256.79,-94.5692)
(166.367,-281.298,107.456)
(187.289,-154.59,57.8668)
(-239.411,204.365,-18.3279)
(-318.662,166.433,-91.2301)
(307.172,-90.6343,6.17273)
(323.486,-154.964,0.112075)
(313.366,29.3248,106.614)
(302.636,-28.0941,165.308)
(-252.803,-194.492,-90.733)
(-263.208,-175.874,-86.5736)
(-314.858,-24.4005,96.695)
(-366.57,-67.6537,71.203)
(89.1807,-306.402,-72.0536)
(153.555,-275.035,-84.2501)
(71.5202,308.663,71.4916)
(53.3201,386.669,-83.8065)
(160.01,-290.335,35.2457)
(231.961,-379.976,-40.4554)
(53.9337,326.326,-41.8596)
(5.69185,331.918,-17.0728)
(178.512,260.503,-99.1453)
(212.053,296.971,-167.955)
(182.07,259.042,-98.5621)
(121.527,322.189,-36.8111)
(180.628,255.202,86.4346)
(285.382,309.463,78.1906)
(18.81,-326.439,-113.651)
(5.22136,-433.571,-156.126)
(5.62212,-334.63,-119.613)
(-79.1621,-385.236,-216.843)
(319.813,-31.586,41.2362)
(214.589,90.9139,80.8785)
(-316.613,18.2157,-26.9657)
(-357.176,91.8959,-25.8941)
(-324.679,18.4166,-34.7415)
(-366.739,24.1927,-7.97491)
(312.015,31.4632,-33.9287)
(295.323,69.079,25.7538)
(161.913,278.763,-113.628)
(20.0398,239.686,26.1067)
(272.655,-152.481,-31.4521)
(295.935,-174.092,28.8026)
(281.932,-150.241,-33.8213)
(295.136,-112.737,-3.12857)
(-173.749,-262.677,2.31232)
(-205.363,-185.834,42.5219)
(-177.515,-259.607,3.22263)
(-155.944,-256.097,92.7697)
(55.3282,-320.206,13.2313)
(68.6863,-295.349,-27.6057)
(58.0075,-320.551,11.4945)
(104.73,-208.292,-20.6303)
(258.286,-187.21,-8.97572)
(222.296,-238.611,69.5628)
(-57.8576,311.843,19.8355)
(-54.2483,335.527,26.8932)
(330.009,12.7519,43.7178)
(325.941,-54.7529,-16.6434)
(326.798,17.5459,44.9722)
(225.545,98.721,47.8253)
(-317.604,-4.6019,-16.6407)
(-348.027,20.0404,-70.741)
(-206.82,-238.739,-97.6649)
(-318.971,-289.941,20.0177)
(-206.216,-240.74,-99.9202)
(-203.397,-347.259,-165.912)
(221.593,232.746,92.7155)
(246.788,293.914,38.6364)
(240.47,231.796,94.706)
(128.559,266.373,165.497)
(243.086,231.465,92.9846)
(172.998,235.996,75.6818)
(210.653,246.205,-70.3523)
(247.014,160.307,-117.949)
(-21.0293,-321.037,95.9022)
(-114.768,-363.224,116.982)
(-28.8145,-323.759,96.2139)
(-50.2917,-370.861,-15.0178)
(-27.1476,-321.404,97.3936)
(-1.11152,-340.729,57.9501)
(-323.713,-18.829,103.964)
(-233.6,-68.7017,162.609)
(-329.288,-21.2897,106.747)
(-349.533,-48.022,144.493)
(-334.68,-27.8528,113.957)
(-321.959,-3.12107,126.393)
(-336.387,-28.5562,114.022)
(-377.09,-75.5441,153.774)
(-100.564,304.515,-18.5981)
(-171.245,247.841,-68.1015)
(-113.87,309.452,-18.3834)
(-5.72507,353.298,-112.728)
(180.09,-262.323,13.6033)
(175.375,-282.696,12.5586)
(187.157,-276.29,16.4616)
(148.313,-348.385,-15.2713)
(-329.386,-52.9837,8.96089)
(-333.034,-34.0621,-23.4475)
(289.655,120.381,-15.6578)
(392.183,156.608,-81.6854)
(-269.942,-165.427,-92.6324)
(-264.849,-143.221,-121.509)
(-237.361,206.959,-34.0897)
(-269.814,315.912,-72.5129)
(-236.999,206.76,-31.8916)
(-314.145,317.65,34.7789)
(-30.3143,-317.084,116.622)
(-25.8499,-335.383,73.8662)
(305.48,98.3115,-32.1648)
(329.348,37.9585,16.0865)
(310.323,100.577,-30.5427)
(299.605,138.005,-81.3673)
(309.289,-68.517,-97.1144)
(276.87,-125.99,-86.077)
(287.565,154.634,-0.914778)
(265.94,116.847,-158.076)
(-138.56,-292.588,-1.52746)
(-83.8929,-439.212,11.0612)
(310.636,68.6012,-39.2637)
(407.895,95.6452,33.5136)
(313.966,70.3264,-35.3747)
(301.893,112.604,-44.9557)
(-273.411,165.863,87.1609)
(-324.092,215.753,77.235)
(289.567,-160.842,-80.2719)
(265.423,-241.027,-7.19292)
(298.186,-151.447,-83.4542)
(376.101,-207.227,-165.331)
(307.501,89.9688,54.1774)
(178.555,141.102,35.5261)
(308.25,96.9748,55.9516)
(346.187,158.966,71.5939)
(-307.572,-123.291,-70.4124)
(-269.327,-169.702,-120.558)
(-131.433,-290.367,-45.9002)
(-67.2856,-372.611,-15.7388)
(-149.658,300.108,48.2527)
(-183.2,305.39,-80.5883)
(-321.131,-51.1405,82.2458)
(-343.841,-60.6057,12.0763)
(-326.302,-57.5105,80.3379)
(-378.643,-76.46,121.134)
(297.29,99.0053,111.046)
(283.347,213.592,21.9382)
(99.8934,-297.184,57.578)
(-35.06,-259.032,-10.9695)
(66.0447,-310.149,-78.6614)
(36.8507,-250.243,-82.0875)
(91.432,-310.738,-95.1693)
(141.109,-358.288,-22.546)
(94.4032,319.798,84.0583)
(218.876,292.867,50.9674)
(93.9065,320.207,85.2371)
(45.4836,367.042,35.3195)
(232.783,245.044,-1.1621)
(237.16,148.379,7.97908)
(21.6237,-312.275,1.70461)
(-14.6389,-224.879,-76.1848)
(18.0569,-314.302,5.69179)
(20.6691,-317.407,-14.2888)
(15.5215,-314.945,9.43505)
(-80.8836,-211.217,87.2318)
(16.7015,-315.446,9.04885)
(-18.9831,-330.612,-8.5803)
(-325.657,-16.0104,-58.1977)
(-323.472,0.929247,1.7984)
(330.513,8.06044,29.1061)
(412.824,-3.11627,-10.6064)
(289.647,-120.91,-99.4631)
(386.257,-183.837,-83.1103)
(10.9921,-314.842,44.9497)
(66.3123,-206.853,-6.04156)
(88.5718,312.423,-43.0088)
(58.3138,387.802,-20.6437)
(321.235,68.772,80.2914)
(291.166,56.3359,39.733)
(-313.015,-47.6057,-61.5718)
(-403.13,-67.1126,-76.5176)
(-312.341,-46.0064,-60.5163)
(-429.092,51.7849,1.24533)
(-229.671,-217.785,-57.5449)
(-203.71,-365.699,-2.44061)
(-226.134,-220.112,-55.5718)
(-220.867,-225.626,-66.972)
(-321.878,-29.4247,119.324)
(-288.943,-26.4023,32.829)
(310.234,77.8134,-43.5399)
(291.247,60.2268,86.0022)
(320.658,88.7612,-39.0994)
(243.436,83.5897,72.5899)
(320.118,90.3357,-39.2605)
(345.873,97.6786,-105.996)
(213.198,235.48,70.3379)
(271.669,299.514,127.956)
(-271.658,-197.656,-60.9203)
(-312.86,-71.5242,9.25102)
(6.2742,-314.93,84.5472)
(9.13065,-277.601,135.588)
(-203.581,252.299,-67.7159)
(-242.086,107.954,-80.7795)
(-208.608,251.837,-69.4543)
(-130.206,310.094,-33.083)
(-210.58,249.048,-71.658)
(-241.351,185.163,-198.24)
(-222.286,-232.344,-5.57127)
(-329.226,-264.412,-35.3591)
(-223.2,-236.931,2.03817)
(-88.5043,-183.28,-69.7175)
(291.614,127.269,0.729706)
(291.229,204.054,53.6145)
(291.803,119.204,1.79926)
(381.529,132.717,73.5756)
(-100.938,-311.161,-47.1033)
(-102.187,-329.317,-161.918)
(-99.6362,-308.118,-49.182)
(-37.3796,-359.62,-135.274)
(250.92,203.287,32.1066)
(78.7012,149.481,7.72751)
(201.794,-248.695,-77.7266)
(158.173,-254.436,-50.8532)
(210.648,-253.11,-80.1287)
(191.261,-301.059,-176.691)
(215.063,-240.088,-67.0632)
(190.449,-287.879,-213.185)
(-89.2025,303.121,86.2167)
(-118.326,322.999,97.2245)
(-90.1924,309.738,92.8949)
(-71.1765,245.93,-12.0733)
(-312.264,44.4651,-23.4449)
(-383.984,89.796,-35.4095)
(303.187,-73.202,42.4247)
(356.396,-83.9977,66.7862)
(55.6267,317.533,105.036)
(-51.2648,309.913,23.5445)
(184.776,258.264,18.7588)
(142.612,264.863,66.1682)
(183.613,266.898,16.0622)
(191.234,357.608,29.6597)
(-261.18,-176.548,-14.7982)
(-341.407,-176.134,-97.6841)
(-307.118,69.937,85.3024)
(-274.785,155.221,29.1638)
(319.427,-28.6591,-35.345)
(295.294,-138.552,-73.437)
(4.47127,-328.019,112.672)
(48.289,-488.179,135.481)
(-238.146,-205.089,89.9771)
(-164.817,-116.254,6.93389)
(70.4717,310.768,-6.18757)
(16.7146,371.362,44.881)
(72.3082,315.147,-10.1765)
(-16.7826,359.026,-97.5057)
(-260.427,-177.376,4.44143)
(-304.4,-167.891,0.0287004)
(-260.857,-179.201,1.93331)
(-241.578,-256.491,-42.5927)
(-261.304,-176.336,2.38181)
(-275.162,-191.629,-22.256)
(56.807,-316.319,54.4328)
(189.875,-375.946,-28.9787)
(-121.873,-294.93,-103.36)
(-100.993,-311.059,-90.338)
(-119.894,-307.58,-98.6067)
(-121.067,-381.006,-90.987)
(-255.641,204.742,47.0287)
(-293.117,205.726,25.6922)
(275.43,-151.609,-34.7884)
(229.429,-185.3,5.90358)
(-308.247,73.1553,-60.6578)
(-317.374,133.167,-98.7679)
(-307.61,72.1286,-58.4496)
(-378.14,103.937,12.3281)
(92.6419,321.649,53.2868)
(153.5,428.053,110.801)
(-290.053,-133.241,122.007)
(-318.768,-164.765,84.0287)
(-273.45,163.46,77.9933)
(-207.794,261.42,74.7997)
(239.03,-212.164,-103.612)
(183.735,-150.328,-91.8275)
(239.675,-213.477,-105.036)
(219.246,-164.073,-101.784)
(-157.645,276.851,98.8612)
(-182.669,350.309,62.0099)
(-157.831,277.219,98.5225)
(-158.161,243.782,122.453)
(-300.161,-117.305,-119.736)
(-324.674,-80.175,-75.3528)
(-300.131,-120.63,-120.933)
(-328.67,-51.8685,-111.816)
(234.1,243.775,-11.1598)
(249.58,253.46,7.63227)
(-71.3017,-311.592,-77.4862)
(-76.5028,-275.369,-69.6517)
(320.063,11.0149,-115.846)
(364.596,-35.138,-208.865)
(320.221,12.1254,-116.662)
(314.249,11.7593,-55.0286)
(-137.263,288.035,-118.003)
(-127.621,185.54,-49.7647)
(310.981,66.0792,11.6341)
(306.163,102.622,-51.8117)
(316.047,67.27,7.06353)
(370.109,119.204,-19.6275)
(-202.833,-245.712,-110.863)
(-107.656,-199.45,-111.418)
(151.599,-289.431,92.9362)
(136.705,-233.444,78.4619)
(129.194,290.663,-95.7842)
(42.2679,301.643,-76.6066)
(-23.2283,328.606,2.48803)
(-21.1224,362.403,33.8191)
(167.68,-278.804,-0.806481)
(210.969,-285.03,20.7592)
(-18.725,-329.42,-47.7834)
(-36.9415,-260.826,-40.4485)
(112.041,293.463,40.7463)
(147.74,383.827,15.1466)
(327.175,8.29741,-38.0692)
(319.992,20.9728,-131.67)
(326.884,8.36873,-36.1378)
(298.043,-51.2103,49.2084)
(277.101,190.951,-86.9088)
(276.43,184.455,-65.2633)
(-84.3099,-324.002,119.97)
(-194.664,-227.726,98.0672)
(166.215,281.261,-101.133)
(158.108,287.621,-51.4195)
(309.436,-116.563,-108.452)
(157.521,-156.586,-7.41245)
(-310.67,68.1697,65.4263)
(-229.966,68.0176,46.0497)
(263.422,-177.292,84.4258)
(258.616,-228.328,67.3534)
(265.852,-177.779,77.9989)
(194.694,-124.851,105.303)
(263.691,-180.277,73.3211)
(209.539,-274.702,78.8386)
(-310.928,-52.4816,28.4931)
(-211.489,35.8379,-24.7657)
(-322.077,-30.4824,19.7626)
(-302.786,73.0865,56.0903)
(323.561,74.2454,-36.9034)
(386.218,116.934,-66.9562)
(325.927,79.4507,-34.6724)
(352.16,125.29,91.8739)
(-271.923,161.86,13.4622)
(-275.387,95.2605,105.716)
(-271.756,161.914,13.0884)
(-277.356,166.339,39.568)
(-314.068,43.7522,-33.595)
(-337.611,40.6519,-192.376)
(-313.212,52.0476,-37.1866)
(-334.372,144.018,-13.3567)
(252.858,209.756,-22.7076)
(163.68,224.109,-62.0082)
(249.227,213.76,-20.0683)
(303.035,250.115,-107.77)
(-31.8362,-319.291,37.1635)
(-130.626,-261.75,54.984)
(-31.4266,-332.767,40.8107)
(-110.424,-309.773,58.6024)
(135.132,-281.7,63.8944)
(181.111,-314.032,45.3288)
(-273.512,-150.685,45.8181)
(-217.534,-233.683,64.606)
(-214.101,-239.959,84.9676)
(-164.713,-265.672,-11.4563)
(-119.32,296.857,-72.1927)
(-173.529,370.193,-137.278)
(23.4086,-314.144,78.4283)
(15.6418,-363.515,55.122)
(21.0357,-326.09,71.7003)
(27.3038,-462.068,118.411)
(50.855,-318.944,88.4653)
(-7.13281,-320.627,82.1319)
(-118.609,291.098,-122.005)
(-146.026,233.591,-109.419)
(-309.272,78.4524,37.1014)
(-226.274,202.742,-4.29781)
(321.717,-4.16177,-95.1812)
(197.98,28.4394,-47.3207)
(321.171,2.91732,-98.4511)
(338.439,6.95586,-10.6675)
(320.405,4.36235,-100.206)
(200.33,-3.67603,-85.963)
(-313.974,5.88993,124.499)
(-344.362,41.3267,166.432)
(261.253,183.493,110.188)
(204.408,155.068,112.949)
(245.867,-205.194,-15.078)
(253.009,-254.461,-116.55)
(-27.9951,324.563,26.8498)
(14.5672,277.99,10.6793)
(125.955,289.473,-53.495)
(160.189,299.899,9.64614)
(120.52,289.505,-53.3544)
(128.578,167.591,-88.3073)
(153.379,-283.827,49.1685)
(176.145,-276.261,18.8912)
(-319.59,50.7807,84.2779)
(-383.172,90.129,94.7142)
(232.018,-212.581,-73.1059)
(154.265,-244.347,-161.876)
(3.51998,314.576,111.182)
(98.8573,334.553,94.6075)
(-215.049,231.896,-112.084)
(-211.211,153.223,-121.196)
(88.7808,-305.723,-103.154)
(177.028,-251.939,-97.774)
(86.8924,-323.445,-103.217)
(173.921,-334.816,-114.277)
(71.0885,305.678,102.705)
(99.7123,320.323,210.704)
(64.7815,329.08,95.2956)
(-36.7046,354.944,100.954)
(18.3442,316.683,120.913)
(85.9261,189.788,172.017)
(80.3737,-307.758,-119.222)
(97.8446,-323.49,-214.085)
(83.3783,-305.24,51.7205)
(54.9335,-396.522,18.346)
(-244.26,211.954,-35.6174)
(-281.529,168.696,-60.2349)
(-82.3585,303.707,-109.186)
(-94.3501,283.369,-161.091)
(-77.6698,-310.077,109.782)
(-29.0816,-283.892,124.663)
(-288.897,169.004,8.37093)
(-229.863,212.853,65.9264)
(-289.463,173.381,9.01399)
(-345.761,112.898,-34.0595)
(173.173,-268.751,-15.1836)
(86.8999,-351.94,-40.6912)
(186.298,-273.994,-30.6763)
(236.889,-365.009,3.93014)
(126.276,-295.15,59.3689)
(55.6949,-223.989,86.7465)
(-196.248,246.435,-50.4581)
(-221.573,282.28,-34.2338)
(-25.399,-315.766,48.8859)
(-71.7762,-371.607,28.0508)
(-179.879,257.102,-39.4014)
(-195.68,337.803,44.9178)
(-178.715,257.314,-39.4402)
(-189.102,333.637,-99.1708)
(-305.875,-97.7331,48.534)
(-247.63,-72.1723,128.309)
(330.576,-3.5741,71.4386)
(337.113,33.4265,128.527)
(328.01,5.83367,87.142)
(352.3,-79.577,136.647)
(324.4,6.13998,90.6333)
(306.003,-48.3865,30.3501)
(-162.24,273.842,39.4995)
(-40.9568,260.637,62.2462)
(307.022,-103.002,23.5629)
(337.5,-141.813,53.2044)
(-293.563,128.619,-10.5033)
(-368.494,44.1675,84.8461)
(183.162,-269.343,27.1543)
(162.209,-261.312,57.7089)
(188.392,-264.774,23.6736)
(216.415,-199.669,-106.426)
(310.451,96.49,-60.5616)
(261.991,194.507,13.4855)
(259.684,-202.902,1.2774)
(374.112,-200.702,59.5889)
(-286.545,123.714,0.29739)
(-282.376,84.5895,69.2487)
(-155.653,-287.342,67.3033)
(-129.897,-213.009,94.0455)
(-150.953,-287.793,67.7146)
(-203.003,-281.33,7.536)
(-257.788,182.343,-104.749)
(-333.97,265.094,-67.232)
(306.581,-98.0377,57.673)
(345.598,-29.9951,100.565)
(314.008,-87.6295,49.1135)
(395.231,-113.603,-28.0471)
(-323.558,9.32373,36.3606)
(-207.846,99.2255,114.072)
(-304.531,78.4755,110.563)
(-278.696,115.035,180.623)
(306.541,-91.0295,104.385)
(248.251,-145.77,-5.29634)
(-150.237,-279.008,1.78823)
(-112.362,-249.675,-66.3376)
(-153.083,-280.112,4.63766)
(-55.1612,-264.369,11.3774)
(-326.894,-50.2536,78.4872)
(-379.138,-26.0628,57.2113)
(-325.512,-48.9673,79.0515)
(-351.755,-18.3916,142.741)
(316.293,46.0011,-68.2641)
(465.295,67.4993,-103.11)
(-149.386,282.009,-20.8122)
(-116.015,316.207,12.0457)
(274.77,160.009,-31.8102)
(313.4,118.537,-98.3722)
(-114.927,-303.238,55.9043)
(-131.41,-413.037,157.819)
(-115.851,-304.76,52.408)
(-141.894,-372.162,15.4582)
(-111.688,-304.115,51.7746)
(-42.7739,-295.426,22.2497)
(-139.992,-285.08,-2.23576)
(-196.35,-334.488,-71.0962)
(-137.129,-283.587,-3.03426)
(-263.193,-325.54,40.8336)
(-142.595,-286.108,0.199256)
(-135.401,-186.529,-17.8106)
(214.208,249.911,1.93779)
(249.31,198.584,1.6419)
(216.775,251.783,0.86668)
(258.046,315.359,41.9261)
(124.034,-291.86,-16.7989)
(84.5177,-346.491,-21.7635)
(318.85,-69.3831,-60.6771)
(299.064,-62.098,-17.1082)
(324.084,-69.2187,-63.6566)
(392.818,-105.369,-18.2278)
(-86.9348,315.809,-115.512)
(-42.9528,326.431,-257.802)
(-87.4383,321.576,-110.695)
(-209.396,230.236,-64.7788)
(-12.4611,-322.108,118.165)
(-49.0225,-318.41,121.363)
(-13.9134,-325.125,120.17)
(-192.599,-252.523,112.164)
(-310.76,-66.5403,30.0407)
(-396.219,-83.551,33.3572)
(-315.364,-62.1795,23.555)
(-255.235,-59.0877,87.783)
(306.09,111.81,-55.4115)
(365.768,-63.7729,-42.8825)
(-318.897,-86.6982,-43.1296)
(-303.259,-70.5052,-58.7401)
(270.497,159.088,78.6786)
(237.194,236.131,19.757)
(-153.692,-272.361,68.1951)
(-247.61,-177.056,72.9072)
(-157.746,-280.989,-15.2957)
(-128.251,-284.102,-83.9831)
(-158.362,-280.827,-9.30667)
(-107.353,-228.507,-6.48905)
(333.997,-6.06431,0.760509)
(344.2,66.3152,-35.9354)
(-329.582,13.2382,-0.508597)
(-373.512,68.6434,-18.8246)
(-277.07,-146.55,91.3987)
(-300.731,-151.314,144.987)
(71.2328,303.576,50.0516)
(131.954,253.792,-32.4171)
(-207.458,241.394,43.4549)
(-195.781,243.855,-29.2201)
(-151.295,283.296,95.7685)
(-128.123,311.765,187.469)
(-161.443,288.872,99.9326)
(-196.181,362.702,77.9431)
(-164.315,290.762,96.5831)
(-122.765,273.038,123.306)
(-163.671,294.163,88.5135)
(-69.8991,346.175,97.9488)
(-165.547,293.023,87.6113)
(1.37539,255.834,95.106)
(-243.5,-223.747,7.01276)
(-317.636,-254.783,17.9188)
(-243.257,-218.463,10.621)
(-288.114,-208.756,-60.8654)
(310.412,-53.4422,108.464)
(287.724,-96.0249,81.2562)
(-319.077,26.4872,-52.2164)
(-280.757,58.1874,-119.074)
(-290.835,-119.845,121.709)
(-237.508,-208.303,92.7143)
(296.694,114.094,-115.496)
(227.587,41.7316,-53.7601)
(-318.635,0.232257,62.7938)
(-273.552,93.9609,148.232)
(-260.154,-195.329,77.9923)
(-245.605,-254.155,91.3938)
(193.176,-269.03,-83.5132)
(176.813,-291.151,-160.525)
(156.459,-275.805,-95.0349)
(129.033,-322.638,-43.9515)
(144.005,-282.768,-106.612)
(288.772,-260.957,-58.4937)
(148.596,-291.355,-110.116)
(186.951,-318.95,-204.99)
(151.094,-294.261,-108.919)
(161.456,-282.158,-127.741)
(148.423,-298.164,-101.823)
(149.777,-371.986,-54.5196)
(7.31427,320.134,120.605)
(-40.9143,217.375,56.5824)
(12.5074,322.072,122.006)
(-66.2273,272.806,190.861)
(-293.503,-111.086,63.8819)
(-291.077,-196.692,24.9114)
(309.701,54.9451,-31.8688)
(475.354,30.8498,-21.8481)
(-301.893,83.5854,-113.925)
(-305.619,9.58682,-15.6842)
(316.76,52.9665,46.5652)
(283.224,138.49,86.9192)
(315.871,53.0594,48.8822)
(283.094,72.1671,61.7279)
(-280.61,187.359,124.963)
(-316.388,267.571,128.802)
(-328.131,-12.3245,77.6425)
(-312.289,-36.784,-47.8762)
(-326.155,-16.3696,74.3301)
(-310.253,-50.9098,85.5945)
(55.7033,-312.77,118.553)
(115.602,-347.87,99.8846)
(-190.486,254.95,-98.4109)
(-228.451,143.362,-106.688)
(-245.273,-200.64,113.919)
(-313.589,-171.072,112.834)
(-316.64,7.92911,17.2243)
(-353.021,-71.864,123.653)
(328.473,-22.2252,-45.6922)
(324.911,-3.3897,-86.855)
(168.646,-280.414,-71.4897)
(115.927,-254.347,-16.4785)
(18.4643,-330.201,-4.87467)
(17.7398,-319.004,3.34778)
(24.6222,-318.145,0.383294)
(6.98061,-321.972,-9.59784)
(230.6,245.288,4.94097)
(209.486,262.648,-29.203)
(-323.897,57.051,-93.5132)
(-238.632,65.5354,-173.355)
(-306.559,-59.7542,-32.9448)
(-310.36,-135.032,-15.4216)
(321.206,105.181,56.148)
(321.405,69.7668,58.3848)
(250.34,204.212,-35.8251)
(270.143,147.77,31.3897)
(317.099,53.596,67.4112)
(318.229,72.3242,149.647)
(331.162,-11.5086,-95.2832)
(280.936,75.033,-122.033)
(331.042,-12.5609,-95.887)
(344.411,12.2332,-142.31)
(-330.112,-64.9749,28.4732)
(-407.703,-87.388,64.8324)
(294.656,148.879,-67.0978)
(337.1,85.8411,-97.0004)
(54.0923,310.522,72.24)
(6.52038,286.908,92.6304)
(161.031,-288.684,-65.6389)
(27.9992,-179.131,-106.868)
(41.5847,324.788,-69.1961)
(85.0198,320.344,-54.0661)
(-218.835,-233.505,51.0944)
(-268.434,-322.593,25.8271)
(31.7003,311.944,-53.1227)
(125.717,328.291,-124.396)
(44.8239,311.631,-44.529)
(-21.1711,299.976,24.6686)
(46.5098,311.986,-42.4399)
(95.5635,274.401,31.8649)
(46.4557,312.293,-43.5047)
(158.344,402.92,-94.828)
(176.086,-261.285,45.7594)
(91.9513,-178.803,18.4441)
(183.957,-264.486,57.5889)
(262.894,-288.163,-10.3425)
(189.708,-260.937,63.5283)
(192.268,-254.915,138.805)
(198.409,-254.944,65.047)
(185.456,-266.357,25.4166)
(-322.086,41.7176,-117.199)
(-403.045,58.7622,-25.6265)
(-320.989,41.2096,-121.896)
(-281.492,50.4391,-97.1071)
(-325.537,26.6752,-118.529)
(-261.418,-42.0432,-19.8696)
(322.018,-25.0795,107.651)
(288.797,-84.8329,88.1435)
(54.9661,-316.207,9.61342)
(-31.2634,-320.825,92.1502)
(52.1038,-316.71,6.89324)
(92.2248,-322.997,18.6592)
(-292.972,145.897,-93.183)
(-230.964,96.2465,-110.767)
(-294.5,152.606,-93.5824)
(-247.521,24.4476,-177.27)
(-202.842,-238.755,-101.646)
(-256.511,-172.536,-80.1921)
(-318.459,27.6875,-65.2186)
(-309.965,43.6113,-117.322)
(249.116,223.851,66.4346)
(248.861,158.384,127.521)
(-139.172,-289.797,-83.7121)
(-157.921,-308.238,-19.675)
(-139.05,-289.313,-80.5216)
(-10.377,-215.425,-111.268)
(249.98,202.05,-5.892)
(286.251,120.05,-5.21045)
(252.619,200.901,-3.91503)
(316,153.078,59.4578)
(221.764,229.115,15.8889)
(310.132,116.467,40.7616)
(223.798,232.454,11.9703)
(98.7319,162.308,-3.96641)
(-268.695,-183.705,-15.4802)
(-263.061,-85.6002,66.977)
(290.901,161.213,-85.1607)
(239.909,146.264,-191.857)
(-218.295,-227.453,121.042)
(-183.856,-238.588,184.137)
(299.775,-120.444,23.1316)
(287.1,-189.443,118.452)
(-206.685,261.38,-56.4974)
(-209.664,274.944,-24.6607)
(64.5759,-311.736,-119.669)
(-2.24206,-258.117,-190.324)
(63.8046,-313.696,-120.046)
(69.6156,-238.361,-109.317)
(314.097,-73.5411,-7.59756)
(248.256,-125.162,-32.4621)
(-273.905,182.325,-112.01)
(-151.893,157.574,-136.884)
(-274.353,181.576,-109.11)
(-151.343,198.42,-142.911)
(312.236,47.5759,-79.1004)
(369.663,89.5683,-95.2485)
(-39.9832,317.857,38.3867)
(-56.4635,379.889,-60.259)
(-158.905,-274.719,-44.2825)
(-134.039,-282.088,-43.9284)
(283.681,131.682,18.6305)
(185.997,124.045,48.7496)
(-120.437,-293.181,94.8267)
(-27.4028,-408.942,21.755)
(195.413,250.179,-83.9658)
(252.891,298.692,-136.623)
(303.583,86.6545,27.7995)
(203.999,88.3638,48.3413)
(47.7433,317.556,-53.1264)
(39.417,304.86,-30.5995)
(48.029,321.11,-51.9404)
(82.0469,353.495,-43.8169)
(49.8263,324.956,-47.4258)
(63.6518,233.728,-130.649)
(-227.488,-239.612,38.6898)
(-189.643,-219.533,20.8315)
(94.4078,-310.11,-92.6613)
(-5.99474,-410.161,-93.1648)
(5.6973,312.033,95.1764)
(-66.062,266.238,217.497)
(-276.74,-147.102,-105.096)
(-321.166,-205.815,-85.283)
(93.3341,-302.352,-7.4771)
(3.65229,-246.17,-37.6189)
(-89.8244,315.678,-8.8626)
(-69.9734,330.747,21.6015)
(-89.4427,315.829,-7.67249)
(-58.7446,394.149,-81.5606)
(211.266,-244.481,3.61774)
(122.645,-272.37,31.3747)
(205.721,-254.5,-92.4521)
(228.625,-190.54,-9.90847)
(-184.03,252.714,93.9714)
(-305.592,199.224,-10.3687)
(-186.46,277.268,104.572)
(-238.563,253.356,100.819)
(-185.498,278.209,104.979)
(-310.934,266.601,196.084)
(-297.805,-96.5371,104.137)
(-336.274,-116.053,155.205)
(-218.392,224.86,-19.7262)
(-260.326,121.116,69.7493)
(-303.617,-120.048,113.191)
(-265.243,-194.047,77.5396)
(-301.353,-117.272,112.961)
(-320.314,-18.7225,118.668)
(207.906,-246.709,-5.3045)
(256.46,-272.554,56.0516)
(-270.955,164.137,4.39607)
(-167.1,206.308,-32.8872)
(-277.878,162.274,8.72432)
(-321.999,167.978,57.3782)
(306.486,74.5986,48.6083)
(350.212,202.167,150.157)
(323.68,-13.3205,20.4776)
(333.095,-111.843,59.7662)
(-322.865,13.1662,41.2682)
(-355.804,90.4458,59.9373)
(-89.5058,-302.914,10.7786)
(-113.433,-225.958,-22.8205)
(314.778,-66.4369,-32.8194)
(342.593,-59.0711,-29.9441)
(313.979,-62.2396,-32.8983)
(237.504,-39.0134,38.7018)
(313.37,-12.5686,-34.1901)
(219.697,51.3032,59.3784)
(314.417,-13.3728,-31.603)
(251.95,81.2773,60.3845)
(71.866,306.614,-59.2325)
(87.3612,318.398,-20.3133)
(-282.415,-134.495,-6.25122)
(-257.62,-193.635,-17.7806)
(79.5066,-326.775,5.60935)
(72.2587,-381.94,-47.6118)
(76.775,-325.623,5.95145)
(70.2685,-321.989,82.1836)
(-55.2363,318.982,4.09332)
(-78.6399,295.944,67.3648)
(-57.3947,317.519,5.04567)
(-63.543,457.355,38.7134)
(-298.554,116.08,31.382)
(-274.908,71.1074,-21.6687)
(-296.627,117.293,30.1389)
(-247.972,172.919,29.5946)
(117.324,-317.114,-73.2377)
(178.396,-417.905,-33.2663)
(-261.23,210.36,51.8072)
(-227.597,184.615,-22.2465)
(185.143,255.583,82.6451)
(114.955,213.97,97.3277)
(-48.5282,-310.32,-99.5254)
(-10.5206,-440.635,-88.4998)
(192.633,-271.373,-1.74428)
(168.428,-351.975,-60.0837)
(201.407,-263.161,-13.6171)
(119.391,-245.652,-1.63461)
(195.481,262.083,-0.250228)
(197.409,212.43,23.534)
(7.70095,-314.025,-0.997343)
(-8.03756,-284.222,33.8284)
(323.863,-76.7538,55.2567)
(376.328,-150.976,119.433)
(325.28,-78.5443,57.5557)
(234.418,-37.1229,72.7231)
0 events have been kept for refreshing and/or reviewing.
  "/vis/reviewKeptEvents" to review them one by one.
  "/vis/enable", then "/vis/viewer/flush" or "/vis/viewer/rebuild" to see them accumulated.
[Core-0] End of macro ./split/.Gate/main121/main6.mac
Graphics systems deleted.
Visualization Manager deleting...
