000 (150.010.000) 10/28 15:20:15 Job submitted from host: <127.0.0.1:9618?addrs=127.0.0.1-9618+[--1]-9618&noUDP&sock=1690_c724_4>
...
001 (150.010.000) 10/28 15:20:15 Job executing on host: <127.0.0.1:9618?addrs=127.0.0.1-9618+[--1]-9618&noUDP&sock=1690_c724_3>
...
005 (150.010.000) 10/28 15:20:29 Job terminated.
	(1) Normal termination (return value 0)
		Usr 0 00:00:12, Sys 0 00:00:00  -  Run Remote Usage
		Usr 0 00:00:00, Sys 0 00:00:00  -  Run Local Usage
		Usr 0 00:00:12, Sys 0 00:00:00  -  Total Remote Usage
		Usr 0 00:00:00, Sys 0 00:00:00  -  Total Local Usage
	0  -  Run Bytes Sent By Job
	0  -  Run Bytes Received By Job
	0  -  Total Bytes Sent By Job
	0  -  Total Bytes Received By Job
...
000 (151.010.000) 10/28 15:21:11 Job submitted from host: <127.0.0.1:9618?addrs=127.0.0.1-9618+[--1]-9618&noUDP&sock=1690_c724_4>
...
001 (151.010.000) 10/28 15:21:11 Job executing on host: <127.0.0.1:9618?addrs=127.0.0.1-9618+[--1]-9618&noUDP&sock=1690_c724_3>
...
006 (151.010.000) 10/28 15:21:20 Image size of job updated: 106076
	104  -  MemoryUsage of job (MB)
	106076  -  ResidentSetSize of job (KB)
...
006 (151.010.000) 10/28 15:21:26 Image size of job updated: 123588
	104  -  MemoryUsage of job (MB)
	106076  -  ResidentSetSize of job (KB)
...
005 (151.010.000) 10/28 15:21:26 Job terminated.
	(1) Normal termination (return value 0)
		Usr 0 00:00:12, Sys 0 00:00:00  -  Run Remote Usage
		Usr 0 00:00:00, Sys 0 00:00:00  -  Run Local Usage
		Usr 0 00:00:12, Sys 0 00:00:00  -  Total Remote Usage
		Usr 0 00:00:00, Sys 0 00:00:00  -  Total Local Usage
	0  -  Run Bytes Sent By Job
	0  -  Run Bytes Received By Job
	0  -  Total Bytes Sent By Job
	0  -  Total Bytes Received By Job
	Partitionable Resources :    Usage  Request Allocated
	   Cpus                 :                 1         1
	   Disk (KB)            :    12500    12500 224681911
	   Memory (MB)          :      104       13     16036
...
