[G4] 
[G4] **************************************************************
[G4]  Geant4 version Name: geant4-10-07-patch-02    (11-June-2021)
[G4]                        Copyright : Geant4 Collaboration
[G4]                       References : NIM A 506 (2003), 250-303
[G4]                                  : IEEE-TNS 53 (2006), 270-278
[G4]                                  : NIM A 835 (2016), 186-225
[G4]                              WWW : http://geant4.org/
[G4] **************************************************************
[G4] 
[Core-0] Initialization of geometry
[Core-0] Initialization of physics
[Core-0] Initialization of actors
[Core-0] 
[Core-0] *************************************************
[Core-0]  GATE version 9.1 (2021)
[Core-0]  Copyright : OpenGATE Collaboration
[Core-0]  Reference : Phys. Med. Biol. 49 (2004) 4543-4561
[Core-0]  Reference : Phys. Med. Biol. 56 (2011) 881-901
[Core-0]  Reference : Med. Phys. 41(6)    (2014)
[Core-0]  http://www.opengatecollaboration.org        
[Core-0] *************************************************
[Core-0] 
[Core-0] You are using Geant4 version 10.7.2
[Core-0] Starting macro ./split/.Gate/main124/main10.mac
0: RINDEX
1.84e-06   1.00028
4.08e-06   1.00028
9: GROUPVEL
1.84e-06   299.709
4.08e-06   299.709
16: ABSLENGTH
1.84e-06   50000
4.08e-06   50000
 <!> *** WARNING *** <!>  GateMaterialDatabase: Multiple definition of element: Yttrium.
The definition in ClMind_GateMaterials.db was used.


GATE object:        'systems/cylindricalPET'
Components:

GATE object:        'systems/cylindricalPET/base'
Attached to volume: cylindricalPET
Nb of children:       1

	GATE object:        'systems/cylindricalPET/rsector'
	Attached to volume: module
	Nb of children:       1

		GATE object:        'systems/cylindricalPET/module'
		Attached to volume: unit
		Nb of children:       1

			GATE object:        'systems/cylindricalPET/submodule'
			Attached to volume: block
			Nb of children:       1

				GATE object:        'systems/cylindricalPET/crystal'
				Attached to volume: optical
				Nb of children:       4

					GATE object:        'systems/cylindricalPET/layer0'
					Attached to volume: crystal
					Nb of children:       0

					GATE object:        'systems/cylindricalPET/layer1'
					Attached to volume: ---
					Nb of children:       0

					GATE object:        'systems/cylindricalPET/layer2'
					Attached to volume: ---
					Nb of children:       0

					GATE object:        'systems/cylindricalPET/layer3'
					Attached to volume: ---
					Nb of children:       0
geometrical design type: 1
ring diameter: -3.95 mm 
rsector axial pitch: 0 fm 
rsector azimuthal pitch: 12.8571 degree
rsector tangential size: 2.5 cm 
rsector axial size: 25.04 cm 
module axial size: 4.784 cm 
module tangential size: 2.5 cm 
module axial pitch: 0 fm 
module tangential pitch: 0 fm 
submodule axial size: 4.784 cm 
submodule tangential size: 2.5 cm 
submodule axial pitch: 0 fm 
submodule tangential pitch: 0 fm 
crystal radial size: 1.59 cm 
crystal axial size: 1.59 cm 
crystal tangential size: 2.5 cm 
crystal axial pitch: 0 fm 
crystal tangential pitch: 0 fm 
layer0 radial size: 3.95 mm 
in layer0 interaction length: 1.975 mm 
Axial nb of rsectors: 1
Azimuthal nb of rsectors: 28
Axial nb of modules: 1
Tangential nb of modules: 1
Axial nb of submodules: 1
Tangential nb of submodules: 1
Axial nb of crystals: 1
Tangential nb of crystals: 1
Radial nb of layers: 1
[Physic-0] The following Geant4's physic-list is enabled :emstandard_opt3


List of Enabled processes:




List of initialized processes:


[Core-0] Initialization of geometry
[Core-0] Initialization of physics
[Core-0] Initialization of actors
 <!> *** WARNING *** <!>  The 'energytype' option is DEPRECATED, use 'ene/type' instead!
 <!> *** WARNING *** <!>  The 'energytype' option is DEPRECATED, use 'ene/type' instead!
 <!> *** WARNING *** <!>  The 'energytype' option is DEPRECATED, use 'ene/type' instead!
 <!> *** WARNING *** <!>  The 'energytype' option is DEPRECATED, use 'ene/type' instead!
 <!> *** WARNING *** <!>  The 'energytype' option is DEPRECATED, use 'ene/type' instead!
 <!> *** WARNING *** <!>  The 'energytype' option is DEPRECATED, use 'ene/type' instead!
 <!> *** WARNING *** <!>  The 'energytype' option is DEPRECATED, use 'ene/type' instead!
 <!> *** WARNING *** <!>  The 'energytype' option is DEPRECATED, use 'ene/type' instead!
 <!> *** WARNING *** <!>  The 'energytype' option is DEPRECATED, use 'ene/type' instead!
[Acquisition-0]   
[Acquisition-0] ============= Source initialization =============
[Acquisition-0]   
[Acquisition-0] ============= Acquisition starts! =============
[Acquisition-0] Simulation start time = 0 sec
[Acquisition-0] Simulation end time   = 1 sec
[Acquisition-0] Simulation will have  = 1 run(s)
[Acquisition-0] Slice 0 from 0 to 1 s [slice=1 s]

### ===  Deexcitation model UAtomDeexcitation is activated for 25 regions:
          DefaultRegionForTheWorld  1  1  1
          cylindricalPET  1  1  1
          module  1  1  1
          unit  1  1  1
          block  1  1  1
          optical  1  1  1
          crystal  1  1  1
          capillaire1  1  1  1
          capillaire1_water  1  1  1
          capillaire2  1  1  1
          capillaire2_water  1  1  1
          capillaire3  1  1  1
          capillaire3_water  1  1  1
          capillaire4  1  1  1
          capillaire4_water  1  1  1
          capillaire5  1  1  1
          capillaire5_water  1  1  1
          capillaire_m1  1  1  1
          capillaire_m1_water  1  1  1
          capillaire_m2  1  1  1
          capillaire_m2_water  1  1  1
          capillaire_m3  1  1  1
          capillaire_m3_water  1  1  1
          capillaire_m4  1  1  1
          capillaire_m4_water  1  1  1
### ===  Ignore cuts flag:   0

phot:  for gamma applyCuts:1  SubType=12 BuildTable=0
      LambdaPrime table from 200 keV to 100 TeV in 174 bins 
      ===== EM models for the G4Region  DefaultRegionForTheWorld ======
 LivermorePhElectric : Emin=    0 eV  Emax=  100 TeV  SauterGavrila Fluo

compt:  for gamma applyCuts:1  SubType=13 BuildTable=1
      Lambda table from 10 eV  to 1 MeV, 20 bins/decade, spline: 1
      LambdaPrime table from 1 MeV to 100 TeV in 160 bins 
      ===== EM models for the G4Region  DefaultRegionForTheWorld ======
        KleinNishina : Emin=    0 eV  Emax=  100 TeV Fluo

conv:  for gamma applyCuts:1  SubType=14 BuildTable=1
      Lambda table from 1.022 MeV to 100 TeV, 20 bins/decade, spline: 1
      ===== EM models for the G4Region  DefaultRegionForTheWorld ======
     BetheHeitlerLPM : Emin=    0 eV  Emax=  100 TeV  ModifiedTsai

Rayl:  for gamma applyCuts:1  SubType=11 BuildTable=1
      Lambda table from 10 eV  to 100 keV, 20 bins/decade, spline: 0
      LambdaPrime table from 100 keV to 100 TeV in 180 bins 
      ===== EM models for the G4Region  DefaultRegionForTheWorld ======
   LivermoreRayleigh : Emin=    0 eV  Emax=  100 TeV  CullenGenerator

msc:  for e-  SubType= 10
      ===== EM models for the G4Region  DefaultRegionForTheWorld ======
            UrbanMsc : Emin=    0 eV  Emax=  100 TeV Nbins=240 100 eV  - 100 TeV
              StepLim=DistanceToBoundary Rfact=0.04 Gfact=2.5 Sfact=0.6 DispFlag:1 Skin=1 Llimit=1

eIoni:  for e-  SubType=2
      dE/dx and range tables from 10 eV  to 100 TeV in 260 bins
      Lambda tables from threshold to 100 TeV, 20 bins/decade, spline: 1
      StepFunction=(0.2, 0.1 mm), integ: 1, fluct: 1, linLossLim= 0.01
      ===== EM models for the G4Region  DefaultRegionForTheWorld ======
        MollerBhabha : Emin=    0 eV  Emax=  100 TeV  deltaVI

eBrem:  for e-  SubType=3
      dE/dx and range tables from 10 eV  to 100 TeV in 260 bins
      Lambda tables from threshold to 100 TeV, 20 bins/decade, spline: 1
      LPM flag: 1 for E > 1 GeV,  VertexHighEnergyTh(GeV)= 100000
      ===== EM models for the G4Region  DefaultRegionForTheWorld ======
             eBremSB : Emin=    0 eV  Emax=    1 GeV  AngularGen2BS
            eBremLPM : Emin=    1 GeV Emax=  100 TeV  AngularGen2BS

ePairProd:  for e-  SubType=4
      dE/dx and range tables from 10 eV  to 100 TeV in 260 bins
      Lambda tables from threshold to 100 TeV, 20 bins/decade, spline: 1
      Sampling table 25x1001; from 0.1 GeV to 100 TeV 
      ===== EM models for the G4Region  DefaultRegionForTheWorld ======
           ePairProd : Emin=    0 eV  Emax=  100 TeV  ModifiedMephi

msc:  for e+  SubType= 10
      ===== EM models for the G4Region  DefaultRegionForTheWorld ======
            UrbanMsc : Emin=    0 eV  Emax=  100 TeV Nbins=240 100 eV  - 100 TeV
              StepLim=DistanceToBoundary Rfact=0.04 Gfact=2.5 Sfact=0.6 DispFlag:1 Skin=1 Llimit=1

eIoni:  for e+  SubType=2
      dE/dx and range tables from 10 eV  to 100 TeV in 260 bins
      Lambda tables from threshold to 100 TeV, 20 bins/decade, spline: 1
      StepFunction=(0.2, 0.1 mm), integ: 1, fluct: 1, linLossLim= 0.01
      ===== EM models for the G4Region  DefaultRegionForTheWorld ======
        MollerBhabha : Emin=    0 eV  Emax=  100 TeV  deltaVI

eBrem:  for e+  SubType=3
      dE/dx and range tables from 10 eV  to 100 TeV in 260 bins
      Lambda tables from threshold to 100 TeV, 20 bins/decade, spline: 1
      LPM flag: 1 for E > 1 GeV,  VertexHighEnergyTh(GeV)= 100000
      ===== EM models for the G4Region  DefaultRegionForTheWorld ======
             eBremSB : Emin=    0 eV  Emax=    1 GeV  AngularGen2BS
            eBremLPM : Emin=    1 GeV Emax=  100 TeV  AngularGen2BS

ePairProd:  for e+  SubType=4
      dE/dx and range tables from 10 eV  to 100 TeV in 260 bins
      Lambda tables from threshold to 100 TeV, 20 bins/decade, spline: 1
      Sampling table 25x1001; from 0.1 GeV to 100 TeV 
      ===== EM models for the G4Region  DefaultRegionForTheWorld ======
           ePairProd : Emin=    0 eV  Emax=  100 TeV  ModifiedMephi

annihil:  for e+, integral:1  applyCuts:1  SubType=5 BuildTable=0
      ===== EM models for the G4Region  DefaultRegionForTheWorld ======
            eplus2gg : Emin=    0 eV  Emax=  100 TeV

msc:  for proton  SubType= 10
      ===== EM models for the G4Region  DefaultRegionForTheWorld ======
            UrbanMsc : Emin=    0 eV  Emax=  100 TeV Nbins=240 100 eV  - 100 TeV
              StepLim=Minimal Rfact=0.2 Gfact=2.5 Sfact=0.6 DispFlag:1 Skin=1 Llimit=1

hIoni:  for proton  SubType=2
      dE/dx and range tables from 10 eV  to 100 TeV in 260 bins
      Lambda tables from threshold to 100 TeV, 20 bins/decade, spline: 1
      StepFunction=(0.2, 0.05 mm), integ: 1, fluct: 1, linLossLim= 0.01
      ===== EM models for the G4Region  DefaultRegionForTheWorld ======
               Bragg : Emin=    0 eV  Emax=    2 MeV  deltaVI
          BetheBloch : Emin=    2 MeV Emax=  100 TeV  deltaVI

hBrems:  for proton  SubType=3
      dE/dx and range tables from 10 eV  to 100 TeV in 260 bins
      Lambda tables from threshold to 100 TeV, 20 bins/decade, spline: 1
      ===== EM models for the G4Region  DefaultRegionForTheWorld ======
               hBrem : Emin=    0 eV  Emax=  100 TeV  ModifiedMephi
      ===== Limit on energy threshold has been applied 

hPairProd:  for proton  SubType=4
      dE/dx and range tables from 10 eV  to 100 TeV in 260 bins
      Lambda tables from threshold to 100 TeV, 20 bins/decade, spline: 1
      Sampling table 17x1001; from 7.50618 GeV to 100 TeV 
      ===== EM models for the G4Region  DefaultRegionForTheWorld ======
           hPairProd : Emin=    0 eV  Emax=  100 TeV  ModifiedMephi

nuclearStopping:  for proton applyCuts:1  SubType=8 BuildTable=0
      ===== EM models for the G4Region  DefaultRegionForTheWorld ======
   ICRU49NucStopping : Emin=    0 eV  Emax=    1 MeV

msc:  for GenericIon  SubType= 10
      ===== EM models for the G4Region  DefaultRegionForTheWorld ======
            UrbanMsc : Emin=    0 eV  Emax=  100 TeV
              StepLim=Minimal Rfact=0.2 Gfact=2.5 Sfact=0.6 DispFlag:1 Skin=1 Llimit=1

ionIoni:  for GenericIon  SubType=2
      dE/dx and range tables from 10 eV  to 100 TeV in 260 bins
      Lambda tables from threshold to 100 TeV, 20 bins/decade, spline: 1
      StepFunction=(0.1, 0.02 mm), integ: 1, fluct: 1, linLossLim= 0.02
      ===== EM models for the G4Region  DefaultRegionForTheWorld ======
         ParamICRU73 : Emin=    0 eV  Emax=  100 TeV  deltaVI

nuclearStopping:  for GenericIon applyCuts:1  SubType=8 BuildTable=0
      ===== EM models for the G4Region  DefaultRegionForTheWorld ======
   ICRU49NucStopping : Emin=    0 eV  Emax=    1 MeV

msc:  for alpha  SubType= 10
      ===== EM models for the G4Region  DefaultRegionForTheWorld ======
            UrbanMsc : Emin=    0 eV  Emax=  100 TeV Nbins=240 100 eV  - 100 TeV
              StepLim=Minimal Rfact=0.2 Gfact=2.5 Sfact=0.6 DispFlag:1 Skin=1 Llimit=1

ionIoni:  for alpha  SubType=2
      dE/dx and range tables from 10 eV  to 100 TeV in 260 bins
      Lambda tables from threshold to 100 TeV, 20 bins/decade, spline: 1
      StepFunction=(0.1, 0.02 mm), integ: 1, fluct: 1, linLossLim= 0.02
      ===== EM models for the G4Region  DefaultRegionForTheWorld ======
            BraggIon : Emin=    0 eV  Emax=7.9452 MeV  deltaVI
          BetheBloch : Emin=7.9452 MeV Emax=  100 TeV  deltaVI

nuclearStopping:  for alpha applyCuts:1  SubType=8 BuildTable=0
      ===== EM models for the G4Region  DefaultRegionForTheWorld ======
   ICRU49NucStopping : Emin=    0 eV  Emax=    1 MeV

msc:  for anti_proton  SubType= 10
      ===== EM models for the G4Region  DefaultRegionForTheWorld ======
            UrbanMsc : Emin=    0 eV  Emax=  100 TeV Nbins=240 100 eV  - 100 TeV
              StepLim=Minimal Rfact=0.2 Gfact=2.5 Sfact=0.6 DispFlag:1 Skin=1 Llimit=1

hIoni:  for anti_proton  SubType=2
      dE/dx and range tables from 10 eV  to 100 TeV in 260 bins
      Lambda tables from threshold to 100 TeV, 20 bins/decade, spline: 1
      StepFunction=(0.2, 0.05 mm), integ: 1, fluct: 1, linLossLim= 0.01
      ===== EM models for the G4Region  DefaultRegionForTheWorld ======
            ICRU73QO : Emin=    0 eV  Emax=    2 MeV  deltaVI
          BetheBloch : Emin=    2 MeV Emax=  100 TeV  deltaVI

hBrems:  for anti_proton  SubType=3
      dE/dx and range tables from 10 eV  to 100 TeV in 260 bins
      Lambda tables from threshold to 100 TeV, 20 bins/decade, spline: 1
      ===== EM models for the G4Region  DefaultRegionForTheWorld ======
               hBrem : Emin=    0 eV  Emax=  100 TeV  ModifiedMephi
      ===== Limit on energy threshold has been applied 

hPairProd:  for anti_proton  SubType=4
      dE/dx and range tables from 10 eV  to 100 TeV in 260 bins
      Lambda tables from threshold to 100 TeV, 20 bins/decade, spline: 1
      Sampling table 17x1001; from 7.50618 GeV to 100 TeV 
      ===== EM models for the G4Region  DefaultRegionForTheWorld ======
           hPairProd : Emin=    0 eV  Emax=  100 TeV  ModifiedMephi

msc:  for kaon+  SubType= 10
      ===== EM models for the G4Region  DefaultRegionForTheWorld ======
            UrbanMsc : Emin=    0 eV  Emax=  100 TeV Nbins=240 100 eV  - 100 TeV
              StepLim=Minimal Rfact=0.2 Gfact=2.5 Sfact=0.6 DispFlag:1 Skin=1 Llimit=1

hIoni:  for kaon+  SubType=2
      dE/dx and range tables from 10 eV  to 100 TeV in 260 bins
      Lambda tables from threshold to 100 TeV, 20 bins/decade, spline: 1
      StepFunction=(0.2, 0.05 mm), integ: 1, fluct: 1, linLossLim= 0.01
      ===== EM models for the G4Region  DefaultRegionForTheWorld ======
               Bragg : Emin=    0 eV  Emax=1.05231 MeV  deltaVI
          BetheBloch : Emin=1.05231 MeV Emax=  100 TeV  deltaVI

hBrems:  for kaon+  SubType=3
      dE/dx and range tables from 10 eV  to 100 TeV in 260 bins
      Lambda tables from threshold to 100 TeV, 20 bins/decade, spline: 1
      ===== EM models for the G4Region  DefaultRegionForTheWorld ======
               hBrem : Emin=    0 eV  Emax=  100 TeV  ModifiedMephi
      ===== Limit on energy threshold has been applied 

hPairProd:  for kaon+  SubType=4
      dE/dx and range tables from 10 eV  to 100 TeV in 260 bins
      Lambda tables from threshold to 100 TeV, 20 bins/decade, spline: 1
      Sampling table 18x1001; from 3.94942 GeV to 100 TeV 
      ===== EM models for the G4Region  DefaultRegionForTheWorld ======
           hPairProd : Emin=    0 eV  Emax=  100 TeV  ModifiedMephi

msc:  for kaon-  SubType= 10
      ===== EM models for the G4Region  DefaultRegionForTheWorld ======
            UrbanMsc : Emin=    0 eV  Emax=  100 TeV Nbins=240 100 eV  - 100 TeV
              StepLim=Minimal Rfact=0.2 Gfact=2.5 Sfact=0.6 DispFlag:1 Skin=1 Llimit=1

hIoni:  for kaon-  SubType=2
      dE/dx and range tables from 10 eV  to 100 TeV in 260 bins
      Lambda tables from threshold to 100 TeV, 20 bins/decade, spline: 1
      StepFunction=(0.2, 0.05 mm), integ: 1, fluct: 1, linLossLim= 0.01
      ===== EM models for the G4Region  DefaultRegionForTheWorld ======
            ICRU73QO : Emin=    0 eV  Emax=1.05231 MeV  deltaVI
          BetheBloch : Emin=1.05231 MeV Emax=  100 TeV  deltaVI

hBrems:  for kaon-  SubType=3
      dE/dx and range tables from 10 eV  to 100 TeV in 260 bins
      Lambda tables from threshold to 100 TeV, 20 bins/decade, spline: 1
      ===== EM models for the G4Region  DefaultRegionForTheWorld ======
               hBrem : Emin=    0 eV  Emax=  100 TeV  ModifiedMephi
      ===== Limit on energy threshold has been applied 

hPairProd:  for kaon-  SubType=4
      dE/dx and range tables from 10 eV  to 100 TeV in 260 bins
      Lambda tables from threshold to 100 TeV, 20 bins/decade, spline: 1
      Sampling table 18x1001; from 3.94942 GeV to 100 TeV 
      ===== EM models for the G4Region  DefaultRegionForTheWorld ======
           hPairProd : Emin=    0 eV  Emax=  100 TeV  ModifiedMephi

msc:  for mu+  SubType= 10
      ===== EM models for the G4Region  DefaultRegionForTheWorld ======
            UrbanMsc : Emin=    0 eV  Emax=  100 TeV Nbins=240 100 eV  - 100 TeV
              StepLim=Minimal Rfact=0.2 Gfact=2.5 Sfact=0.6 DispFlag:1 Skin=1 Llimit=1

muIoni:  for mu+  SubType=2
      dE/dx and range tables from 10 eV  to 100 TeV in 260 bins
      Lambda tables from threshold to 100 TeV, 20 bins/decade, spline: 1
      StepFunction=(0.2, 0.05 mm), integ: 1, fluct: 1, linLossLim= 0.01
      ===== EM models for the G4Region  DefaultRegionForTheWorld ======
               Bragg : Emin=    0 eV  Emax=  200 keV  deltaVI
          BetheBloch : Emin=  200 keV Emax=    1 GeV  deltaVI
        MuBetheBloch : Emin=    1 GeV Emax=  100 TeV

muBrems:  for mu+  SubType=3
      dE/dx and range tables from 10 eV  to 100 TeV in 260 bins
      Lambda tables from threshold to 100 TeV, 20 bins/decade, spline: 1
      ===== EM models for the G4Region  DefaultRegionForTheWorld ======
              MuBrem : Emin=    0 eV  Emax=  100 TeV  ModifiedMephi
      ===== Limit on energy threshold has been applied 

muPairProd:  for mu+  SubType=4
      dE/dx and range tables from 10 eV  to 100 TeV in 260 bins
      Lambda tables from threshold to 100 TeV, 20 bins/decade, spline: 1
      Sampling table 21x1001; from 1 GeV to 100 TeV 
      ===== EM models for the G4Region  DefaultRegionForTheWorld ======
          muPairProd : Emin=    0 eV  Emax=  100 TeV  ModifiedMephi

msc:  for mu-  SubType= 10
      ===== EM models for the G4Region  DefaultRegionForTheWorld ======
            UrbanMsc : Emin=    0 eV  Emax=  100 TeV Nbins=240 100 eV  - 100 TeV
              StepLim=Minimal Rfact=0.2 Gfact=2.5 Sfact=0.6 DispFlag:1 Skin=1 Llimit=1

muIoni:  for mu-  SubType=2
      dE/dx and range tables from 10 eV  to 100 TeV in 260 bins
      Lambda tables from threshold to 100 TeV, 20 bins/decade, spline: 1
      StepFunction=(0.2, 0.05 mm), integ: 1, fluct: 1, linLossLim= 0.01
      ===== EM models for the G4Region  DefaultRegionForTheWorld ======
            ICRU73QO : Emin=    0 eV  Emax=  200 keV  deltaVI
          BetheBloch : Emin=  200 keV Emax=    1 GeV  deltaVI
        MuBetheBloch : Emin=    1 GeV Emax=  100 TeV

muBrems:  for mu-  SubType=3
      dE/dx and range tables from 10 eV  to 100 TeV in 260 bins
      Lambda tables from threshold to 100 TeV, 20 bins/decade, spline: 1
      ===== EM models for the G4Region  DefaultRegionForTheWorld ======
              MuBrem : Emin=    0 eV  Emax=  100 TeV  ModifiedMephi
      ===== Limit on energy threshold has been applied 

muPairProd:  for mu-  SubType=4
      dE/dx and range tables from 10 eV  to 100 TeV in 260 bins
      Lambda tables from threshold to 100 TeV, 20 bins/decade, spline: 1
      Sampling table 21x1001; from 1 GeV to 100 TeV 
      ===== EM models for the G4Region  DefaultRegionForTheWorld ======
          muPairProd : Emin=    0 eV  Emax=  100 TeV  ModifiedMephi

msc:  for pi+  SubType= 10
      ===== EM models for the G4Region  DefaultRegionForTheWorld ======
            UrbanMsc : Emin=    0 eV  Emax=  100 TeV Nbins=240 100 eV  - 100 TeV
              StepLim=Minimal Rfact=0.2 Gfact=2.5 Sfact=0.6 DispFlag:1 Skin=1 Llimit=1

hIoni:  for pi+  SubType=2
      dE/dx and range tables from 10 eV  to 100 TeV in 260 bins
      Lambda tables from threshold to 100 TeV, 20 bins/decade, spline: 1
      StepFunction=(0.2, 0.05 mm), integ: 1, fluct: 1, linLossLim= 0.01
      ===== EM models for the G4Region  DefaultRegionForTheWorld ======
               Bragg : Emin=    0 eV  Emax=297.505 keV  deltaVI
          BetheBloch : Emin=297.505 keV Emax=  100 TeV  deltaVI

hBrems:  for pi+  SubType=3
      dE/dx and range tables from 10 eV  to 100 TeV in 260 bins
      Lambda tables from threshold to 100 TeV, 20 bins/decade, spline: 1
      ===== EM models for the G4Region  DefaultRegionForTheWorld ======
               hBrem : Emin=    0 eV  Emax=  100 TeV  ModifiedMephi
      ===== Limit on energy threshold has been applied 

hPairProd:  for pi+  SubType=4
      dE/dx and range tables from 10 eV  to 100 TeV in 260 bins
      Lambda tables from threshold to 100 TeV, 20 bins/decade, spline: 1
      Sampling table 20x1001; from 1.11656 GeV to 100 TeV 
      ===== EM models for the G4Region  DefaultRegionForTheWorld ======
           hPairProd : Emin=    0 eV  Emax=  100 TeV  ModifiedMephi

msc:  for pi-  SubType= 10
      ===== EM models for the G4Region  DefaultRegionForTheWorld ======
            UrbanMsc : Emin=    0 eV  Emax=  100 TeV Nbins=240 100 eV  - 100 TeV
              StepLim=Minimal Rfact=0.2 Gfact=2.5 Sfact=0.6 DispFlag:1 Skin=1 Llimit=1

hIoni:  for pi-  SubType=2
      dE/dx and range tables from 10 eV  to 100 TeV in 260 bins
      Lambda tables from threshold to 100 TeV, 20 bins/decade, spline: 1
      StepFunction=(0.2, 0.05 mm), integ: 1, fluct: 1, linLossLim= 0.01
      ===== EM models for the G4Region  DefaultRegionForTheWorld ======
            ICRU73QO : Emin=    0 eV  Emax=297.505 keV  deltaVI
          BetheBloch : Emin=297.505 keV Emax=  100 TeV  deltaVI

hBrems:  for pi-  SubType=3
      dE/dx and range tables from 10 eV  to 100 TeV in 260 bins
      Lambda tables from threshold to 100 TeV, 20 bins/decade, spline: 1
      ===== EM models for the G4Region  DefaultRegionForTheWorld ======
               hBrem : Emin=    0 eV  Emax=  100 TeV  ModifiedMephi
      ===== Limit on energy threshold has been applied 

hPairProd:  for pi-  SubType=4
      dE/dx and range tables from 10 eV  to 100 TeV in 260 bins
      Lambda tables from threshold to 100 TeV, 20 bins/decade, spline: 1
      Sampling table 20x1001; from 1.11656 GeV to 100 TeV 
      ===== EM models for the G4Region  DefaultRegionForTheWorld ======
           hPairProd : Emin=    0 eV  Emax=  100 TeV  ModifiedMephi
G4VisManager: Using G4TrajectoryDrawByCharge as fallback trajectory model.
See commands in /vis/modeling/trajectories/ for other options.

### ===  Deexcitation model UAtomDeexcitation is activated for 25 regions:
          DefaultRegionForTheWorld  1  1  1
          cylindricalPET  1  1  1
          module  1  1  1
          unit  1  1  1
          block  1  1  1
          optical  1  1  1
          crystal  1  1  1
          capillaire1  1  1  1
          capillaire1_water  1  1  1
          capillaire2  1  1  1
          capillaire2_water  1  1  1
          capillaire3  1  1  1
          capillaire3_water  1  1  1
          capillaire4  1  1  1
          capillaire4_water  1  1  1
          capillaire5  1  1  1
          capillaire5_water  1  1  1
          capillaire_m1  1  1  1
          capillaire_m1_water  1  1  1
          capillaire_m2  1  1  1
          capillaire_m2_water  1  1  1
          capillaire_m3  1  1  1
          capillaire_m3_water  1  1  1
          capillaire_m4  1  1  1
          capillaire_m4_water  1  1  1
### ===  Ignore cuts flag:   0
(-205.863,-236.005,-28.0518)
(-308.837,-108.483,-113.474)
(82.9964,306.231,39.6189)
(91.1113,360.13,-51.5381)
(74.3214,310.899,45.2468)
(38.8479,297.266,46.7627)
(-325.01,-17.3656,82.4749)
(-426.28,50.4467,33.9901)
(319.119,23.8807,-107.152)
(292.081,-51.2069,-165.787)
(331.119,18.105,-101.082)
(330.886,52.1665,-109.923)
(331.185,18.1689,-98.6238)
(256.266,8.94894,-103.136)
(308.934,47.8463,-88.0667)
(274.179,12.257,-55.123)
(313.322,63.8706,-39.9172)
(240.518,50.6618,23.7333)
(-300.004,-137.826,-78.9533)
(-331.514,-45.3019,-42.7989)
(-313.499,-5.18113,-93.7192)
(-291.11,42.0975,-87.9134)
(-137.385,-282.277,98.068)
(-169.432,-249.682,241.063)
(315.811,40.1044,-98.9075)
(245.794,51.6634,46.8924)
(316.233,40.2055,-98.4806)
(284.481,31.5894,0.881398)
(58.4075,319.77,82.599)
(106.396,284.919,28.8337)
(-313.059,102.806,-83.0548)
(-313.469,103.505,-202.321)
(-164.647,-281.747,101.344)
(-41.4688,-175.068,46.2979)
(294.78,115.829,52.5284)
(359.44,45.2779,-44.5178)
(297.893,114.65,51.8188)
(314.883,77.5776,-24.7845)
(-192.504,-250.119,-117.99)
(-150.53,-347.041,-141.542)
(310.013,46.4858,11.2424)
(266.469,49.0914,77.4592)
(317.045,52.7752,3.76956)
(371.582,62.9515,15.2096)
(-309.527,-98.4585,-22.0285)
(-388.627,-79.0904,-31.3526)
(323.063,-29.8179,-78.394)
(380.542,-15.8284,-150.004)
(325.873,-43.3461,-85.9772)
(335.41,22.2711,-274.538)
(182.979,-263.605,106.432)
(89.4842,-179.45,152.2)
(-181.453,-276.772,-67.9976)
(-185.584,-222.73,-22.9906)
(-183.791,-275.367,-65.123)
(-195.001,-362.147,-51.835)
(-146.735,284.017,115.134)
(-201.153,245.686,134.883)
(-132.515,-300.974,-121.592)
(-54.4495,-296.371,-98.7132)
(-304.934,73.1806,89.731)
(-297.321,32.3819,-77.0492)
(118.015,-316.104,-54.8962)
(142.195,-354.902,-91.3696)
(29.5922,330.38,48.6291)
(24.2925,345.888,20.0236)
(309.905,63.053,71.6949)
(338.871,91.61,70.9999)
(-320.245,-89.0862,-106.546)
(-334.327,-125.498,-110.593)
(-317.44,-89.3399,-102.459)
(-421.499,-22.1718,-178.659)
(218.358,244.617,-120.879)
(216.817,248.441,-38.5972)
(-320.288,-92.5547,1.73996)
(-232.812,-132.006,-25.4516)
(320.517,50.9026,-80.2576)
(258.563,46.3456,-100.626)
(136.058,-290.6,-74.4372)
(139.737,-294.435,-59.9616)
(132.928,-308.701,-81.9436)
(143.929,-361.981,-149.64)
(143.955,290.162,77.6655)
(118.742,298.458,83.7212)
(139.258,291.108,85.4115)
(111.979,322.766,-16.9023)
(-293.721,-111.305,-46.6347)
(-318.036,-85.8461,-57.3334)
(-160.794,-272.619,79.0985)
(-166.033,-260.857,105.024)
(73.5982,305.126,-90.8729)
(94.6249,284.284,-27.5868)
(142.527,-299.711,34.9036)
(141.948,-326.984,15.5806)
(148.132,-301.341,31.9202)
(328.572,-290.627,52.337)
(94.5538,302.238,37.1798)
(-95.3349,258.597,50.2953)
(91.2765,304.194,37.5356)
(118.642,374.18,73.3884)
(89.1356,304.809,38.4909)
(138.145,326.144,56.5484)
(95.6263,301.099,57.609)
(126.516,375.826,75.8651)
(43.3748,-312.052,-11.7435)
(112.559,-356.918,25.8401)
(-0.764326,-329.816,-60.6512)
(49.5603,-425.357,-84.4227)
(-324.035,-50.7066,-82.6499)
(-367.504,27.5627,-109.706)
(308.652,65.6981,107.179)
(384.473,137.202,78.3673)
(308.965,66.8512,107.17)
(238.649,38.7644,64.295)
(316.234,-67.927,89.8843)
(334.257,-16.267,47.2708)
(-197.402,-244.431,107.808)
(-311.299,-196.253,146.636)
(323.464,-1.5341,-14.487)
(402.915,-66.7793,21.5797)
(-321.118,2.07383,14.8487)
(-341.156,28.4123,58.5658)
(335.361,9.54936,30.5967)
(421.25,60.2259,-57.0183)
(-316.693,-3.02434,-14.2709)
(-327.754,-16.4736,86.5301)
(157.559,-297.297,-116.852)
(193.385,-384.377,-157.615)
(155.277,-296.184,-119.559)
(162.805,-335.155,-162.841)
(-60.5565,306.111,121.311)
(-60.8806,245.19,158.405)
(-229.274,-221.039,-8.74012)
(-180.732,-287.185,14.0291)
(-232.544,-219.267,-11.7729)
(-131.841,-99.2173,90.9438)
(-233.324,-219.084,-15.6585)
(-280.509,-157.726,-67.0572)
(-182.419,277.146,47.4824)
(-110.397,247.363,38.1213)
(-167.372,287.668,44.9907)
(-165.249,283.79,61.77)
(319.704,61.1621,-88.8259)
(233.281,66.0434,-46.8163)
(-307.154,-63.1982,86.5516)
(-333.777,-59.116,119.66)
(-313.411,-11.0588,-65.8826)
(-250.468,-58.6969,-54.7124)
(332.006,7.38001,40.4145)
(313.499,19.2197,25.5262)
(53.0034,313.895,-121.628)
(-28.156,258.888,-32.9705)
(83.2036,-303.649,-38.0182)
(112.769,-328.347,-81.6387)
(-305.26,69.9831,118.039)
(-312.202,79.2981,110.227)
(-315.435,83.7401,115.934)
(-360.948,79.8054,78.9349)
(320.718,-28.8071,-49.0384)
(304.571,-112.888,-24.7895)
(-114.108,-305.372,-15.9963)
(-138.216,-371.059,113.828)
(145.6,288.828,-39.6442)
(113.676,372.06,-41.1257)
(135.323,-287.25,39.691)
(136.404,-152.836,-76.671)
(-54.4065,324.369,111.736)
(-84.6155,356.326,60.7855)
(31.2795,-314.144,-13.7438)
(-120.086,-221.911,61.0669)
(31.0391,-315.838,-7.23454)
(-70.13,-324.394,11.6655)
(68.0504,304.755,17.0576)
(110.582,310.571,16.2289)
(70.9311,322.66,33.5611)
(97.093,297.97,-104.431)
(120.712,289.013,-66.999)
(92.8329,348.289,-48.5751)
(-256.741,-183.561,44.4697)
(-260.906,-205.494,21.7098)
(-270.318,181.572,14.7883)
(-257.387,80.7729,-1.68692)
(-273.124,181.583,14.7136)
(-155.951,213.331,-43.0391)
(145.519,288.921,-2.27223)
(116.96,269.571,23.6931)
(133.9,-289.309,-0.471475)
(177.744,-381.894,78.2282)
(-320.643,-25.8326,-73.059)
(-302.588,-168.05,-56.9346)
(321.753,10.1303,28.2258)
(350.556,-2.15343,-28.5734)
(-279.237,186.714,102.048)
(-197.51,140.707,130.414)
(-280.188,186.004,106.604)
(-243.319,153.578,107.183)
(-43.0286,310.878,-103.882)
(-6.97277,402.244,-41.5838)
(223.645,-229.262,80.4086)
(272.184,-227.86,39.901)
(250.051,-206.668,-6.58462)
(336.043,-139.055,145.063)
(-242.519,217.421,9.98383)
(-281.156,264.969,-16.3232)
(-312.596,55.2241,47.3498)
(-257.651,66.5319,13.1981)
(-314.577,63.3185,39.0376)
(-357.897,30.7861,76.8349)
(-317.126,62.3196,36.4167)
(-390.364,105.548,17.3884)
(-57.2752,-320.454,-46.8152)
(-52.9055,-351.983,77.714)
(-207.16,263.089,37.3195)
(-216.319,274.182,53.2363)
(237.87,-214.763,-1.58202)
(234.274,-232.594,123.381)
(252.093,-223.486,-7.35126)
(319.747,-262.421,78.0322)
(-206.782,238.479,78.0483)
(-183.606,220.015,135.482)
(-215.17,249.52,71.3462)
(-257.709,253.063,83.4356)
(-289.799,154.595,-81.1904)
(-359.219,72.1852,-15.4218)
(-288.424,-136.682,123.209)
(-227.956,-257.059,178.128)
(-264.255,200.806,65.5872)
(-287.997,153.944,107.05)
(257.845,-182.298,-58.0707)
(295.869,-180.182,77.5002)
(256.643,-187.105,-57.7675)
(182.431,-228.927,-76.0129)
(-17.9339,315.734,31.7432)
(-49.8465,345.949,-169.733)
(-23.3593,326.538,34.8933)
(-3.76723,399.991,43.3553)
(-25.2603,333.969,30.5322)
(-137.947,260.826,45.1239)
(-278.689,-145.872,20.2828)
(-295.273,-143.831,-7.82974)
(-287.451,134.156,-63.2697)
(-349.458,165.763,-92.2949)
(-296.793,127.041,-62.0733)
(-232.123,186.077,-25.9163)
(236.098,216.534,-49.1842)
(233.694,259.475,-16.495)
(-85.6099,-300.549,83.6563)
(-124.106,-278.001,35.8325)
(-95.1926,-304.742,84.068)
(-181.901,-182.242,193.724)
(278.224,-146.866,-5.47849)
(307.496,-118.378,-16.735)
(-253.168,195.088,6.93067)
(-226.719,148.593,-10.1747)
(-259.773,200.524,12.852)
(-233.028,192.432,-22.7761)
(-264.462,204.576,16.8054)
(-282.247,143.895,32.2007)
(-264.344,206.592,16.3929)
(-224.093,265.891,6.70747)
(321.897,-29.8406,11.5533)
(351.458,38.6152,69.2704)
(333.983,-49.4353,12.0325)
(439.265,-75.6824,51.9603)
(-311.961,48.5343,-19.1025)
(-338.381,84.0661,59.1224)
(-312.137,47.65,-18.4096)
(-304.671,136.526,81.3479)
(241.021,200.123,-106.991)
(252.769,149.546,-122.632)
(-234.37,-213.634,116.959)
(-353.587,-244.873,0.211495)
(-136.907,-285.434,-115.67)
(-148.9,-268.697,-195.966)
(-140.274,-282.98,-112.959)
(-225.57,-239.874,-165.159)
(-143.521,291.142,115.976)
(-187.93,309.684,16.9762)
(-144.855,297.67,109.706)
(-50.5745,158.427,93.7034)
(193.681,246.978,-114.442)
(185.05,196.755,-137.657)
(192.061,248.006,-113.77)
(97.2398,282.773,-95.4244)
(-287.855,-144.075,64.8395)
(-249.658,-201.718,-35.6889)
(90.4849,304.975,85.5435)
(74.9656,332.531,90.4885)
(89.1991,302.879,86.2858)
(126.406,324.775,81.6442)
(8.48252,-311.843,-88.1556)
(-35.8279,-160.256,-9.8009)
(9.76004,-315.366,-97.734)
(-88.1672,-352.084,-128.574)
(-336.625,-25.304,19.969)
(-270.604,-22.7378,53.5729)
(-319.919,-18.0456,1.89197)
(-329.885,-29.5812,39.7724)
(277.2,-168.423,-121.036)
(234.491,-66.7133,-136.554)
(-331.75,-1.40809,85.3574)
(-305.089,-19.0433,144.681)
(-335.557,0.971715,83.8627)
(-324.952,64.1917,153.139)
(293.567,116.02,-16.2506)
(305.388,153.283,-57.6645)
(-311.072,41.558,-3.5066)
(-306.942,-20.3274,-1.86371)
(-311.055,42.2443,-3.33484)
(-391.345,84.8927,1.95492)
(325.377,-70.3071,10.2395)
(313.25,-145.419,23.5935)
(321.731,-75.2093,13.515)
(210.493,-34.7087,-3.50554)
(22.089,325.522,53.2248)
(43.9083,333.523,-34.8609)
(17.9703,329.769,55.1533)
(68.0265,387.414,15.4663)
(-114.306,-292.991,-44.0658)
(-84.9503,-299.047,-44.6613)
(-113.923,-292.708,-43.6565)
(-78.4236,-211.282,21.9216)
(-324.494,67.5592,-18.6084)
(-358.49,55.0881,10.2817)
(-213.233,-253.524,-29.0671)
(-270.137,-146.079,34.7305)
(-49.9745,309.678,33.1815)
(-81.8799,254.61,84.5111)
(-44.9634,309.767,38.1725)
(14.1311,309.48,11.5809)
(107.336,295.548,89.6312)
(88.2051,203.762,159.845)
(320.676,-70.6128,-31.3589)
(336.058,-105.585,-45.8531)
(320.706,-72.0771,-33.6424)
(262.816,-32.4078,98.5716)
(310.292,42.1354,-44.0469)
(310.059,-31.1555,-13.1952)
(311.797,38.575,-45.9644)
(256.402,-23.4482,-86.3122)
(-325.594,-74.8222,77.6961)
(-335.067,-221.525,79.5602)
(-325.264,-69.2417,81.8854)
(-365.638,-32.9317,-83.6063)
(-296.471,120.028,97.2957)
(-261.783,101.806,121.104)
(-291.706,143.367,109.038)
(-337.942,187.411,127.12)
(-50.5191,-311.33,10.9982)
(-132.61,-273.097,-8.96247)
(312.908,13.5882,-111.197)
(263.595,45.5462,-194.456)
(265.141,-170.195,-30.3323)
(247.129,-123.793,154.982)
(143.502,-282.173,6.93821)
(153.714,-174.066,-44.3419)
(143.133,-284.923,9.33867)
(64.6876,-323.485,53.9114)
(71.8867,315.681,-8.6986)
(102.129,323.133,-20.9367)
(70.6217,326.958,-6.81655)
(85.9103,423.283,65.5037)
(308.939,-48.2882,14.7392)
(205.819,45.3633,171.755)
(279.655,187.407,121.654)
(239.73,120.445,161.944)
(-306.851,-133.058,52.0345)
(-270.74,-160.296,-12.766)
(-308.851,-128.886,49.0839)
(-304.204,39.4104,16.5598)
(194.549,253.015,-64.9364)
(159.985,228.784,-116.818)
(19.8638,-322.127,-101.745)
(122.247,-425.385,-98.6102)
(75.5084,302.737,123.975)
(144.411,195.523,-8.05928)
(-280.249,137.998,62.0886)
(-358.426,245.169,-1.81959)
(145.536,-279.757,-124.402)
(241.65,-421.309,-77.8236)
(250.023,-186.758,-41.1372)
(174.837,-243.247,-46.014)
(-194.592,251.21,33.2018)
(-193.522,176.743,39.1377)
(-304.222,-84.6069,-29.1396)
(-258.938,-74.3282,-54.6212)
(-303.8,-91.7786,-37.0443)
(-264.078,-217.891,-32.7425)
(270.847,162.62,51.4194)
(254.818,155.5,57.3452)
(-166.482,-287.877,-86.1628)
(-169.066,-342.467,-108.021)
(-16.0298,318.619,-41.6706)
(-15.025,328.259,42.4929)
(-17.5964,316.575,-42.1443)
(-58.5938,357.715,-82.0464)
(214.97,-252.22,29.593)
(198.416,-195.674,17.9279)
(-263.847,174.719,100.72)
(-321.293,200.463,122.752)
(-314.288,-3.78264,49.1181)
(-305.976,-3.17662,-53.651)
(-282.016,142.859,-85.4695)
(-232.52,126.743,-127.856)
(-291.843,143.195,-87.2636)
(-203.353,135.921,-138.986)
(-326.949,53.385,-93.6223)
(-278.913,131.471,-93.6635)
(146.131,-280.502,65.6219)
(77.1406,-214.471,140.178)
(146.702,-277.003,70.4717)
(85.6204,-314.318,102.752)
(-320.702,-23.8316,0.620854)
(-304.133,-76.8986,38.3692)
(-321.609,-24.4065,-0.934527)
(-291.257,-3.31878,-42.1635)
(319.565,49.4517,-0.481597)
(397.83,113.715,-16.4608)
(330.807,63.8754,6.86661)
(222.919,95.0231,69.6847)
(205.698,247.305,86.3317)
(214.471,242.912,179.292)
(-17.8739,-328.77,-116.653)
(-53.6952,-471.793,-197.967)
(-271.279,-196.462,11.8685)
(-425.075,-116.814,52.7261)
(-103.451,317.022,-34.5719)
(-79.4791,173.046,34.0337)
(-279.964,188.377,32.9039)
(-222.342,163.072,36.3425)
(-56.6726,-313.589,-90.875)
(-72.5795,-368.062,-113.194)
(256.388,184.702,56.5463)
(273.391,165.981,23.0626)
(249.298,-208.974,-12.3881)
(222.751,-180.832,-106.377)
(-188.383,249.373,14.8198)
(-317.937,272.345,23.3174)
(-94.8836,314.926,5.47651)
(-121.208,329.552,-25.363)
(-309.616,64.4256,-23.5068)
(-247.441,173.003,17.1009)
(-317.003,75.7625,-40.5326)
(-393.431,100.638,-57.0405)
(-317.598,-20.6532,63.4724)
(-315.319,-17.7942,67.271)
(-194.882,-259.759,-123.932)
(-189.889,-280.786,-176.556)
(-25.7713,-321.477,93.6157)
(-81.9642,-430.317,116.608)
(-29.2803,-321.281,103.861)
(-87.4723,-366.877,-5.86634)
(-128.837,286.92,-79.8158)
(-192.685,246.121,-151.396)
(100.135,307.592,-89.2485)
(51.965,359.316,-7.96965)
(102.732,318.548,-83.4981)
(104.13,397.893,-95.9288)
(198.93,263.975,-32.0521)
(181.747,269.596,-85.6981)
(191.943,266.028,-35.3591)
(265.907,265.179,-21.4964)
(-116.332,-293.859,40.1692)
(-143.984,-294.585,-80.4113)
(306.601,86.031,82.1086)
(284.81,93.6091,131.652)
(-314.465,65.7276,5.98892)
(-315.48,90.5969,87.7783)
(59.9369,-315.175,54.37)
(102.597,-244.865,56.7806)
(54.7405,-325.23,50.788)
(45.4861,-268.559,13.2027)
(48.8892,-330.372,47.3329)
(42.4367,-365.635,94.6677)
(49.1706,-331.058,48.2808)
(-27.0823,-355.107,-1.83724)
(-148.206,280.491,-49.6277)
(-124.796,220.367,-208.792)
(-148.661,280.124,-46.6956)
(-153.379,165.107,48.7115)
(-187.656,-252.578,54.1322)
(-218.296,-315.53,84.3747)
(-186.774,-257.283,55.3809)
(-248.787,-324.664,132.64)
(199.824,242.905,-52.4332)
(93.2465,169.265,-7.75251)
(62.9449,319.584,16.8722)
(108.571,280.647,-66.3786)
(313.011,43.6349,65.268)
(327.128,-91.7013,-29.2575)
(335.824,30.3046,73.095)
(308.152,7.89419,114.077)
(332.482,29.6589,80.0325)
(340.876,48.2325,82.9545)
(200.731,-249.825,51.2825)
(254.042,-187.297,32.9076)
(210.268,-252.295,70.9345)
(162.301,-276.975,9.38225)
(177.085,261.359,124.609)
(89.1549,165.659,95.6172)
(-321.109,-26.9995,-88.6851)
(-333.005,20.1349,-50.3187)
(-321.425,-27.2922,-95.5428)
(-420.78,-91.682,-113.509)
(-229.324,213.856,105.717)
(-276.156,145.31,-12.606)
(-230.686,-210.922,122.622)
(-177.127,-265.339,61.7083)
(-319.281,-19.2014,-118.769)
(-264.581,-78.5661,-175.726)
(-102.508,306.137,3.24076)
(-31.0578,282.669,43.9975)
(276.59,148.691,27.4448)
(317.027,40.8956,108.738)
(-300.848,-114.329,-21.1747)
(-289.506,-109.331,-19.0499)
(-314.111,28.7432,42.1524)
(-357.373,121.727,123.974)
(-317.326,27.2294,41.7366)
(-279.047,102.205,56.798)
(-271.814,-184.746,67.017)
(-348.311,-165.062,148.619)
(-272.773,-187.331,68.9251)
(-282.59,-274.914,53.2628)
(-308.099,-53.906,1.22557)
(-319.441,-47.2439,-4.03239)
(283.788,136.925,-6.79617)
(328.767,86.6522,21.974)
(293.207,144.084,1.95262)
(316.498,198.619,-58.1471)
(-206.841,-250.899,0.17003)
(-255.348,-307.21,5.5266)
(318.787,-8.6661,-98.9491)
(274.856,-63.1181,-97.651)
(313.39,23.8498,35.3117)
(273.941,16.5439,-3.85163)
(-320.89,-17.569,-29.8133)
(-273.377,-97.4951,-115.997)
(-320.478,-20.8601,-17.5664)
(-321.75,-26.1488,-31.8677)
(301.467,120.224,-20.4463)
(219.667,39.0099,-7.05253)
(-309.853,-72.9029,9.7739)
(-311.748,-128.935,-14.1091)
(-325.614,-79.9293,-15.8347)
(-258.37,-37.9217,15.0056)
(235.501,216.941,110.864)
(268.524,90.533,72.5348)
(239.537,-220.65,15.7643)
(246.695,-149.487,61.8112)
(29.7735,319.22,-42.0405)
(-14.8563,336.312,-65.7741)
(318.669,47.6847,34.0946)
(271.93,35.2953,-9.55054)
(-190.161,-261.897,-36.1438)
(-195.612,-173.854,-57.2195)
(46.3629,309.241,8.8969)
(71.8126,238.382,127.726)
(247.645,-201.104,110.343)
(269.404,-174.54,114.134)
(173.57,266.646,-50.8322)
(153.286,175.628,-154.382)
(-318.029,-54.8153,-85.7243)
(-330.196,-57.1774,-75.9117)
(133.763,290.862,22.2166)
(115.398,347.863,108.723)
(85.3643,-303.524,-22.9108)
(74.4893,-325.977,-121.752)
(-91.1338,-322.827,-1.04783)
(-133.421,-309.281,-23.3837)
(81.3589,-318.701,-90.6765)
(129.74,-327.829,-69.2589)
(88.8503,-319.291,-92.5177)
(106.24,-319.212,-135.638)
(88.4777,-318.508,-93.7157)
(136.731,-360.429,-120.623)
(-301.084,124.771,85.1378)
(-273.527,143.186,71.6073)
(-311.004,125.351,87.5652)
(-345.579,147.115,99.2968)
(317.481,-49.7811,-34.3134)
(275.482,-138.809,-13.8204)
(280.404,-136.608,40.8557)
(358.93,-154.274,46.04)
(-205.95,-238.437,-67.2495)
(-110.39,-172.663,-154.948)
(-205.512,-238.71,-67.0018)
(-280.871,-179.793,-139.332)
(-21.4891,317.704,-52.5893)
(6.24824,275.286,-78.2739)
(164.02,-287.061,47.6589)
(148.512,-334.248,151.094)
(210.767,240.277,108.975)
(195.078,264.761,113.378)
(-156.969,273.021,69.5238)
(-176.377,214.028,161.066)
(-157.736,274.64,69.023)
(-248.263,368.116,11.2551)
(284.134,-131.855,-32.3654)
(293.412,-218.39,-70.2269)
(-251.452,187.872,-108.516)
(-323.422,168.924,-145.691)
(-259.203,190.574,-115.162)
(-262.919,218.405,-158.57)
(-259.893,194.986,-113.929)
(-318.965,226.861,-119.916)
(131.268,-289.561,73.4548)
(201.662,-228.299,106.796)
(133.621,-286.871,77.6481)
(132.382,-177.815,96.4806)
(133.773,-287.598,77.4474)
(53.7199,-311.079,61.9095)
(-287.973,138.069,-28.8002)
(-298.591,178.944,14.8263)
(-286.507,146.741,-32.4465)
(-311.12,132.243,49.1899)
(321.512,-58.3959,11.5156)
(247.782,-3.07078,21.4349)
(243.347,203.501,106.166)
(218.287,148.2,158.008)
(243.404,206.104,101.25)
(342.964,262.977,53.1549)
(-305.241,-87.7833,-44.5647)
(-298.209,-81.341,-135.251)
(-307.582,-90.8446,-49.4776)
(-398.146,-65.8119,-120.658)
(256.693,202.565,82.5868)
(243.036,219.486,116.522)
(-317.664,26.2602,-17.9493)
(-317.023,23.2912,97.2838)
(-260.258,-199.558,116.239)
(-303.919,-227.839,72.4723)
(-232.202,-215.27,92.5238)
(-113.403,-272.599,110.737)
(298.483,149.978,-63.0727)
(281.298,-14.2538,-86.2321)
(-239.623,200.562,117.956)
(-177.103,82.2874,128.717)
(-253.94,183.901,-71.3502)
(-237.792,190.498,26.9389)
(177.397,-272.287,101.579)
(182.206,-327.758,72.0131)
(-284.539,-144.812,87.3561)
(-267.028,-155.97,91.2774)
(-291.935,-139.291,100.33)
(-226.014,-137.057,170.241)
(-321.923,-17.8482,46.7526)
(-365.445,54.8109,71.8445)
(311.416,45.1745,-121.327)
(334.042,121.467,-132.471)
(-320.46,9.05664,73.673)
(-259.815,28.4689,69.8075)
(-319.498,-2.77002,77.9264)
(-248.836,-62.1961,95.0901)
(-249.408,194.305,65.9294)
(-327.87,289.217,141.435)
(-244.868,207.818,84.6526)
(-213.141,196.695,-54.3548)
(264.743,170.003,27.0411)
(310.725,117.116,1.43483)
(262.839,175.957,30.41)
(318.65,162.688,36.3478)
(-228.471,-221.296,-32.9944)
(-271.33,-303.602,-33.4405)
(-217.176,-226.611,-29.1215)
(-251.014,-181.57,-77.6209)
(327.664,-26.6557,114.026)
(444.335,-113.235,248.257)
(246.238,-193.901,27.6929)
(220.657,-189.393,16.2208)
(-294.811,127.63,-15.6095)
(-203.588,65.2692,30.0816)
(-303.767,133.58,-30.1472)
(-278.077,98.1113,-31.0042)
(-325.331,-2.31997,46.3867)
(-252.716,-35.1437,39.4522)
(252.079,196.452,16.2781)
(196.792,182.28,-0.268759)
(-301.741,-81.0019,-8.86253)
(-333.735,-49.8469,-78.0382)
(-239.258,-202.881,-114.684)
(-244.009,-282.678,-56.4937)
(-240.982,-214.385,-121.065)
(-311.744,-200.817,-116.253)
(239.277,202.766,-96.9073)
(309.493,144.047,-118.906)
(-109.527,293.345,-49.336)
(-52.0445,348.682,-159.787)
(153.224,-273.568,5.65451)
(163.513,-264.493,64.3831)
(150.75,-283.3,9.83939)
(152.416,-287.735,14.3794)
(294.996,-108.428,68.0583)
(366.611,-145.959,93.831)
(302.283,-111.158,79.5293)
(328.964,-91.436,44.584)
(-68.0971,-311.605,-71.2689)
(-64.4118,-358.762,-81.2422)
(196.987,244.124,54.3082)
(305.285,252.117,19.4471)
(20.1811,-323.487,109.175)
(-23.4592,-337.181,43.9822)
(20.6464,-325.608,108.291)
(-26.042,-376.893,124.456)
(-83.2481,-320.883,46.2393)
(-92.3788,-324.247,126.442)
(162.483,269.954,-36.6028)
(152.937,236.051,-104.902)
(-332.237,57.2497,113.585)
(-304.323,113.379,56.2245)
(313.911,-20.8958,-43.7969)
(350.762,-57.4209,-88.9889)
(325.233,-19.8468,-49.8242)
(313.723,-52.5557,2.49376)
(323.314,12.5625,111.159)
(392.894,79.8939,92.1348)
(-319.241,-7.4877,-64.844)
(-228.195,-53.9816,-23.1564)
(-324.539,-10.1369,-57.8544)
(-268.997,26.3231,56.5635)
(-281.181,-140.429,-123.64)
(-266.363,-83.6319,-180.695)
(-286.426,-130.992,-123.951)
(-308.77,-192.709,-177.85)
(-288.697,-129.766,-124.554)
(-426.298,-70.6982,-41.8948)
(219.388,-242.237,-50.4083)
(207.775,-226.025,-3.54399)
(-101.471,313.377,60.6284)
(-35.7043,410.357,-58.2223)
(51.9638,-324.848,52.502)
(-31.5283,-320.048,51.1116)
(53.2377,-322.97,49.613)
(91.4651,-345.366,91.6557)
(-32.2039,332.544,-54.7513)
(62.4928,344.504,-81.5499)
(-303.15,73.9795,98.1693)
(-182.492,106.898,158.254)
(201.131,268.668,21.3374)
(254.657,285.401,99.8734)
(-297.674,-124.464,-12.1439)
(-273.116,-61.9543,0.399285)
(311.92,-46.4954,96.9294)
(317.323,-33.1242,52.9677)
(274.432,157.761,66.8148)
(187.355,291.562,193.866)
(-322.151,-27.7447,-73.8426)
(-280.777,58.0942,-156.639)
(-334.599,-23.5528,-64.3189)
(-381.794,-40.58,-21.8102)
(318.957,46.8352,118.443)
(214.49,-40.2291,78.867)
(32.1575,317.603,79.0647)
(23.8998,304.612,94.9292)
(39.6308,316.29,77.6613)
(-19.5244,332.353,69.4175)
(30.6055,317.535,70.9687)
(102.191,314.604,21.9245)
(-249.356,-192.112,-33.8337)
(-224.025,-185.895,9.93943)
(-251.772,-191.097,-42.245)
(-268.626,-226.3,-34.0296)
(-92.6431,-303.408,16.4904)
(-94.7251,-272.248,26.9451)
(-126.611,301.123,-16.7295)
(-118.994,295.645,-81.0606)
(315.094,-5.56156,6.13581)
(237.628,-65.9524,-7.66677)
(-334.423,7.63558,-5.68934)
(-353.956,15.6358,11.514)
(227.865,-221.989,40.2493)
(173.041,-219.737,-8.70252)
(21.6685,-321.351,110.869)
(42.899,-301.875,140.309)
(-290.709,143.893,-47.4413)
(-335.905,198.11,-88.7573)
(-291.606,145.087,-48.2986)
(-237.391,165.176,-19.283)
(-237.776,-202.867,117.397)
(-230.381,-201.672,56.6351)
(-250.101,-200.639,105.107)
(-204.075,-254.009,104.37)
(-189.237,271.254,-67.1972)
(-116.36,351.513,-70.1491)
(275.374,-150.883,36.2626)
(268.286,-135.554,11.2008)
(329.231,-70.0867,-14.1622)
(264.666,-33.7841,42.6405)
(-306.517,69.2702,16.0597)
(-323.009,99.7353,20.5183)
(265.362,201.787,28.379)
(293.678,196.181,38.0212)
(-252.196,-207.722,-26.7834)
(-277.774,-150.271,27.6595)
(-244.356,-203.636,-23.2629)
(-270.142,-234.869,-34.9004)
(-299.628,90.2182,-38.3946)
(-193.096,155.523,-94.2246)
(-303.078,85.585,-36.1091)
(-296.061,130.458,-84.4074)
(288.388,-122.186,53.7227)
(289.295,-119.043,150.151)
(-313.169,18.6551,-110.813)
(-354.714,43.3792,-132.781)
(-194.926,247.061,-9.67165)
(-135.915,267.371,-105.421)
(315.388,-69.4329,-89.263)
(347.9,-73.6331,-98.7888)
(320.016,-68.3268,-96.9407)
(332.341,44.1763,-37.3423)
(320.792,-65.6132,-105.104)
(450.79,-5.36684,-94.3557)
(-245.874,-220.732,17.1848)
(-150.28,-256.903,5.52137)
(133.56,284.602,-20.7783)
(152.769,273.422,13.3477)
(130.273,286.097,-20.0958)
(223.979,309.707,-43.4743)
(-312.616,-39.4639,-89.4131)
(-259.797,-104.053,-101.627)
(-167.143,-276.306,4.67015)
(-180.246,-221.737,22.5816)
(-165.778,-281.711,5.70608)
(-128.13,-318.582,11.0115)
(-306.501,71.6134,14.8257)
(-326.885,26.283,58.6754)
(310.19,-66.8594,-11.0963)
(284.102,-121.408,9.78932)
(-189.798,-256.794,123.201)
(-191.436,-215.906,63.5315)
(-313.676,47.4945,-61.1327)
(-269.916,-5.39233,-1.10036)
(-286.539,130.428,-63.3789)
(-210.086,70.3875,-64.8368)
(319.462,-26.2218,107.538)
(262.264,-134.122,78.6343)
(-208.344,253.732,-105.744)
(-170.591,353.389,-143.711)
(252.133,-198.795,86.7788)
(222.84,-216.596,158.872)
(262.751,191.986,0.766462)
(266.143,212.435,-96.7742)
(-305.746,-79.2504,-3.22757)
(-223.63,-98.9462,51.443)
(-308.671,-78.0688,-5.22243)
(-256.843,-118.135,-11.9487)
(-223.063,245.744,6.91028)
(-248.526,223.645,72.342)
(-224.561,245.569,9.39164)
(-250.193,243.726,20.4555)
(67.5509,321.886,95.7228)
(-20.454,409.011,-37.3161)
(70.7461,325.249,95.7729)
(116.457,272.78,99.8755)
(-198.717,-259.489,-78.275)
(-169.939,-307.98,-58.088)
(-200.868,-265.241,-77.4114)
(-122.499,-296.469,-143.425)
(324.138,28.6519,-78.692)
(288.321,-41.4176,-132.304)
(316.695,21.4334,-71.4694)
(369.163,60.0119,-82.6198)
(306.45,-71.5189,97.3113)
(300.316,-152.571,152.499)
(311.238,-83.0003,97.9246)
(393.544,-149.614,169.403)
(-256.692,181.862,2.78657)
(-329.232,274.81,39.9234)
(-258.417,191.872,2.76104)
(-223.659,140.243,-30.7629)
(-255.715,195.119,5.15041)
(-372.015,195.321,22.4078)
(181.972,-268.491,-7.08737)
(263.263,-317.227,-32.6623)
(182.497,-267.576,-7.09841)
(170.152,-175.097,-41.0632)
(271.894,190.072,28.5127)
(134.236,198.692,87.5097)
(270.838,193.478,30.1495)
(295.441,231.21,85.1257)
(269.078,196.616,31.4432)
(331.146,233.816,13.6896)
(-81.0306,-324.88,-51.2208)
(-168.111,-355.652,56.0463)
(-81.9433,-321.437,-60.2126)
(-76.7753,-263.876,-21.4789)
(-322.947,9.39265,-105.826)
(-197.047,33.7112,-41.8397)
(322.339,-4.53883,50.5283)
(260.305,14.0304,-2.65745)
(272.759,154.652,102.951)
(200.971,189.261,189.106)
(277.806,-159.696,18.3105)
(350.834,-124.275,-8.32361)
(295.937,114.887,71.12)
(275.044,55.2883,72.7432)
(254.777,-211.35,73.0819)
(319.623,-212.456,90.6662)
(255.502,-207.312,71.9999)
(375.251,-179.25,137.753)
(-296.192,-112.965,-17.0633)
(-342.638,-67.3924,-33.1001)
(307.144,64.1524,23.3807)
(387.212,144.945,-40.3165)
(-278.462,-160.266,-60.1176)
(-271.661,-42.4132,-189.448)
(241.688,-230.236,-26.8374)
(327.662,-306.927,15.3695)
(-70.7965,317.194,38.4975)
(-107.886,327.177,12.3512)
(-74.3152,320.021,41.7617)
(-34.4042,328.352,-9.42798)
(-203.287,241.454,-59.5787)
(-127.245,356.08,-48.7762)
(-202.463,243.087,-59.1732)
(-165.784,242.35,-79.4765)
(305.68,93.051,-61.4958)
(243.275,123.38,-4.75737)
(303.853,89.2741,-55.3263)
(331.492,93.828,-146.284)
(330.437,31.359,77.5429)
(327.221,52.3634,115.889)
(220.4,227.78,121.687)
(247.353,134.362,165.411)
(209.452,252.872,123.834)
(282.657,291.953,101.641)
(15.7345,317.503,-37.9031)
(-13.8772,277.824,-67.7098)
(2.59361,316.351,-33.6614)
(-15.6989,190.544,-46.3956)
(138.615,-286.355,30.5138)
(255.571,-329.679,66.2544)
(122.407,287.206,42.5499)
(165.163,222.794,67.4514)
(-227.823,-235.358,-78.4891)
(-194.77,-141.899,3.25946)
(230.072,218.385,71.4755)
(283.614,262.895,-19.3106)
(205.576,254.488,-121.778)
(194.251,224.485,-195.063)
(76.4922,-323.628,78.5719)
(36.4882,-329.692,50.3053)
(-158.917,277.965,-66.8945)
(-184.023,277.46,-103.214)
(-303.294,80.2336,-85.6522)
(-289.311,96.7246,14.1665)
(315.313,45.2168,86.7395)
(378.896,115.31,40.8101)
(-174.673,267.657,-117.697)
(-220.829,309.218,1.33816)
(85.4435,322.925,87.2902)
(81.2154,219.01,76.3927)
(92.3009,323.569,87.3109)
(60.3129,329.65,86.7399)
(326.982,61.416,-85.7864)
(402.016,54.8864,-13.5477)
(324.958,68.2775,-85.0191)
(332.822,18.9053,-39.5222)
(321.466,69.4935,-85.6865)
(432.184,97.1472,-165.791)
(-138.388,-291.765,-69.6273)
(-141.031,-308.037,-58.4784)
(280.27,147.386,33.6278)
(200.671,89.9589,55.1783)
0 events have been kept for refreshing and/or reviewing.
  "/vis/reviewKeptEvents" to review them one by one.
  "/vis/enable", then "/vis/viewer/flush" or "/vis/viewer/rebuild" to see them accumulated.
[Core-0] End of macro ./split/.Gate/main124/main10.mac
Graphics systems deleted.
Visualization Manager deleting...
