[G4] 
[G4] **************************************************************
[G4]  Geant4 version Name: geant4-10-07-patch-02    (11-June-2021)
[G4]                        Copyright : Geant4 Collaboration
[G4]                       References : NIM A 506 (2003), 250-303
[G4]                                  : IEEE-TNS 53 (2006), 270-278
[G4]                                  : NIM A 835 (2016), 186-225
[G4]                              WWW : http://geant4.org/
[G4] **************************************************************
[G4] 
[Core-0] Initialization of geometry
[Core-0] Initialization of physics
[Core-0] Initialization of actors
[Core-0] 
[Core-0] *************************************************
[Core-0]  GATE version 9.1 (2021)
[Core-0]  Copyright : OpenGATE Collaboration
[Core-0]  Reference : Phys. Med. Biol. 49 (2004) 4543-4561
[Core-0]  Reference : Phys. Med. Biol. 56 (2011) 881-901
[Core-0]  Reference : Med. Phys. 41(6)    (2014)
[Core-0]  http://www.opengatecollaboration.org        
[Core-0] *************************************************
[Core-0] 
[Core-0] You are using Geant4 version 10.7.2
[Core-0] Starting macro ./split/.Gate/main124/main14.mac
0: RINDEX
1.84e-06   1.00028
4.08e-06   1.00028
9: GROUPVEL
1.84e-06   299.709
4.08e-06   299.709
16: ABSLENGTH
1.84e-06   50000
4.08e-06   50000
 <!> *** WARNING *** <!>  GateMaterialDatabase: Multiple definition of element: Yttrium.
The definition in ClMind_GateMaterials.db was used.


GATE object:        'systems/cylindricalPET'
Components:

GATE object:        'systems/cylindricalPET/base'
Attached to volume: cylindricalPET
Nb of children:       1

	GATE object:        'systems/cylindricalPET/rsector'
	Attached to volume: module
	Nb of children:       1

		GATE object:        'systems/cylindricalPET/module'
		Attached to volume: unit
		Nb of children:       1

			GATE object:        'systems/cylindricalPET/submodule'
			Attached to volume: block
			Nb of children:       1

				GATE object:        'systems/cylindricalPET/crystal'
				Attached to volume: optical
				Nb of children:       4

					GATE object:        'systems/cylindricalPET/layer0'
					Attached to volume: crystal
					Nb of children:       0

					GATE object:        'systems/cylindricalPET/layer1'
					Attached to volume: ---
					Nb of children:       0

					GATE object:        'systems/cylindricalPET/layer2'
					Attached to volume: ---
					Nb of children:       0

					GATE object:        'systems/cylindricalPET/layer3'
					Attached to volume: ---
					Nb of children:       0
geometrical design type: 1
ring diameter: -3.95 mm 
rsector axial pitch: 0 fm 
rsector azimuthal pitch: 12.8571 degree
rsector tangential size: 2.5 cm 
rsector axial size: 25.04 cm 
module axial size: 4.784 cm 
module tangential size: 2.5 cm 
module axial pitch: 0 fm 
module tangential pitch: 0 fm 
submodule axial size: 4.784 cm 
submodule tangential size: 2.5 cm 
submodule axial pitch: 0 fm 
submodule tangential pitch: 0 fm 
crystal radial size: 1.59 cm 
crystal axial size: 1.59 cm 
crystal tangential size: 2.5 cm 
crystal axial pitch: 0 fm 
crystal tangential pitch: 0 fm 
layer0 radial size: 3.95 mm 
in layer0 interaction length: 1.975 mm 
Axial nb of rsectors: 1
Azimuthal nb of rsectors: 28
Axial nb of modules: 1
Tangential nb of modules: 1
Axial nb of submodules: 1
Tangential nb of submodules: 1
Axial nb of crystals: 1
Tangential nb of crystals: 1
Radial nb of layers: 1
[Physic-0] The following Geant4's physic-list is enabled :emstandard_opt3


List of Enabled processes:




List of initialized processes:


[Core-0] Initialization of geometry
[Core-0] Initialization of physics
[Core-0] Initialization of actors
 <!> *** WARNING *** <!>  The 'energytype' option is DEPRECATED, use 'ene/type' instead!
 <!> *** WARNING *** <!>  The 'energytype' option is DEPRECATED, use 'ene/type' instead!
 <!> *** WARNING *** <!>  The 'energytype' option is DEPRECATED, use 'ene/type' instead!
 <!> *** WARNING *** <!>  The 'energytype' option is DEPRECATED, use 'ene/type' instead!
 <!> *** WARNING *** <!>  The 'energytype' option is DEPRECATED, use 'ene/type' instead!
 <!> *** WARNING *** <!>  The 'energytype' option is DEPRECATED, use 'ene/type' instead!
 <!> *** WARNING *** <!>  The 'energytype' option is DEPRECATED, use 'ene/type' instead!
 <!> *** WARNING *** <!>  The 'energytype' option is DEPRECATED, use 'ene/type' instead!
 <!> *** WARNING *** <!>  The 'energytype' option is DEPRECATED, use 'ene/type' instead!
[Acquisition-0]   
[Acquisition-0] ============= Source initialization =============
[Acquisition-0]   
[Acquisition-0] ============= Acquisition starts! =============
[Acquisition-0] Simulation start time = 0 sec
[Acquisition-0] Simulation end time   = 1 sec
[Acquisition-0] Simulation will have  = 1 run(s)
[Acquisition-0] Slice 0 from 0 to 1 s [slice=1 s]

### ===  Deexcitation model UAtomDeexcitation is activated for 25 regions:
          DefaultRegionForTheWorld  1  1  1
          cylindricalPET  1  1  1
          module  1  1  1
          unit  1  1  1
          block  1  1  1
          optical  1  1  1
          crystal  1  1  1
          capillaire1  1  1  1
          capillaire1_water  1  1  1
          capillaire2  1  1  1
          capillaire2_water  1  1  1
          capillaire3  1  1  1
          capillaire3_water  1  1  1
          capillaire4  1  1  1
          capillaire4_water  1  1  1
          capillaire5  1  1  1
          capillaire5_water  1  1  1
          capillaire_m1  1  1  1
          capillaire_m1_water  1  1  1
          capillaire_m2  1  1  1
          capillaire_m2_water  1  1  1
          capillaire_m3  1  1  1
          capillaire_m3_water  1  1  1
          capillaire_m4  1  1  1
          capillaire_m4_water  1  1  1
### ===  Ignore cuts flag:   0

phot:  for gamma applyCuts:1  SubType=12 BuildTable=0
      LambdaPrime table from 200 keV to 100 TeV in 174 bins 
      ===== EM models for the G4Region  DefaultRegionForTheWorld ======
 LivermorePhElectric : Emin=    0 eV  Emax=  100 TeV  SauterGavrila Fluo

compt:  for gamma applyCuts:1  SubType=13 BuildTable=1
      Lambda table from 10 eV  to 1 MeV, 20 bins/decade, spline: 1
      LambdaPrime table from 1 MeV to 100 TeV in 160 bins 
      ===== EM models for the G4Region  DefaultRegionForTheWorld ======
        KleinNishina : Emin=    0 eV  Emax=  100 TeV Fluo

conv:  for gamma applyCuts:1  SubType=14 BuildTable=1
      Lambda table from 1.022 MeV to 100 TeV, 20 bins/decade, spline: 1
      ===== EM models for the G4Region  DefaultRegionForTheWorld ======
     BetheHeitlerLPM : Emin=    0 eV  Emax=  100 TeV  ModifiedTsai

Rayl:  for gamma applyCuts:1  SubType=11 BuildTable=1
      Lambda table from 10 eV  to 100 keV, 20 bins/decade, spline: 0
      LambdaPrime table from 100 keV to 100 TeV in 180 bins 
      ===== EM models for the G4Region  DefaultRegionForTheWorld ======
   LivermoreRayleigh : Emin=    0 eV  Emax=  100 TeV  CullenGenerator

msc:  for e-  SubType= 10
      ===== EM models for the G4Region  DefaultRegionForTheWorld ======
            UrbanMsc : Emin=    0 eV  Emax=  100 TeV Nbins=240 100 eV  - 100 TeV
              StepLim=DistanceToBoundary Rfact=0.04 Gfact=2.5 Sfact=0.6 DispFlag:1 Skin=1 Llimit=1

eIoni:  for e-  SubType=2
      dE/dx and range tables from 10 eV  to 100 TeV in 260 bins
      Lambda tables from threshold to 100 TeV, 20 bins/decade, spline: 1
      StepFunction=(0.2, 0.1 mm), integ: 1, fluct: 1, linLossLim= 0.01
      ===== EM models for the G4Region  DefaultRegionForTheWorld ======
        MollerBhabha : Emin=    0 eV  Emax=  100 TeV  deltaVI

eBrem:  for e-  SubType=3
      dE/dx and range tables from 10 eV  to 100 TeV in 260 bins
      Lambda tables from threshold to 100 TeV, 20 bins/decade, spline: 1
      LPM flag: 1 for E > 1 GeV,  VertexHighEnergyTh(GeV)= 100000
      ===== EM models for the G4Region  DefaultRegionForTheWorld ======
             eBremSB : Emin=    0 eV  Emax=    1 GeV  AngularGen2BS
            eBremLPM : Emin=    1 GeV Emax=  100 TeV  AngularGen2BS

ePairProd:  for e-  SubType=4
      dE/dx and range tables from 10 eV  to 100 TeV in 260 bins
      Lambda tables from threshold to 100 TeV, 20 bins/decade, spline: 1
      Sampling table 25x1001; from 0.1 GeV to 100 TeV 
      ===== EM models for the G4Region  DefaultRegionForTheWorld ======
           ePairProd : Emin=    0 eV  Emax=  100 TeV  ModifiedMephi

msc:  for e+  SubType= 10
      ===== EM models for the G4Region  DefaultRegionForTheWorld ======
            UrbanMsc : Emin=    0 eV  Emax=  100 TeV Nbins=240 100 eV  - 100 TeV
              StepLim=DistanceToBoundary Rfact=0.04 Gfact=2.5 Sfact=0.6 DispFlag:1 Skin=1 Llimit=1

eIoni:  for e+  SubType=2
      dE/dx and range tables from 10 eV  to 100 TeV in 260 bins
      Lambda tables from threshold to 100 TeV, 20 bins/decade, spline: 1
      StepFunction=(0.2, 0.1 mm), integ: 1, fluct: 1, linLossLim= 0.01
      ===== EM models for the G4Region  DefaultRegionForTheWorld ======
        MollerBhabha : Emin=    0 eV  Emax=  100 TeV  deltaVI

eBrem:  for e+  SubType=3
      dE/dx and range tables from 10 eV  to 100 TeV in 260 bins
      Lambda tables from threshold to 100 TeV, 20 bins/decade, spline: 1
      LPM flag: 1 for E > 1 GeV,  VertexHighEnergyTh(GeV)= 100000
      ===== EM models for the G4Region  DefaultRegionForTheWorld ======
             eBremSB : Emin=    0 eV  Emax=    1 GeV  AngularGen2BS
            eBremLPM : Emin=    1 GeV Emax=  100 TeV  AngularGen2BS

ePairProd:  for e+  SubType=4
      dE/dx and range tables from 10 eV  to 100 TeV in 260 bins
      Lambda tables from threshold to 100 TeV, 20 bins/decade, spline: 1
      Sampling table 25x1001; from 0.1 GeV to 100 TeV 
      ===== EM models for the G4Region  DefaultRegionForTheWorld ======
           ePairProd : Emin=    0 eV  Emax=  100 TeV  ModifiedMephi

annihil:  for e+, integral:1  applyCuts:1  SubType=5 BuildTable=0
      ===== EM models for the G4Region  DefaultRegionForTheWorld ======
            eplus2gg : Emin=    0 eV  Emax=  100 TeV

msc:  for proton  SubType= 10
      ===== EM models for the G4Region  DefaultRegionForTheWorld ======
            UrbanMsc : Emin=    0 eV  Emax=  100 TeV Nbins=240 100 eV  - 100 TeV
              StepLim=Minimal Rfact=0.2 Gfact=2.5 Sfact=0.6 DispFlag:1 Skin=1 Llimit=1

hIoni:  for proton  SubType=2
      dE/dx and range tables from 10 eV  to 100 TeV in 260 bins
      Lambda tables from threshold to 100 TeV, 20 bins/decade, spline: 1
      StepFunction=(0.2, 0.05 mm), integ: 1, fluct: 1, linLossLim= 0.01
      ===== EM models for the G4Region  DefaultRegionForTheWorld ======
               Bragg : Emin=    0 eV  Emax=    2 MeV  deltaVI
          BetheBloch : Emin=    2 MeV Emax=  100 TeV  deltaVI

hBrems:  for proton  SubType=3
      dE/dx and range tables from 10 eV  to 100 TeV in 260 bins
      Lambda tables from threshold to 100 TeV, 20 bins/decade, spline: 1
      ===== EM models for the G4Region  DefaultRegionForTheWorld ======
               hBrem : Emin=    0 eV  Emax=  100 TeV  ModifiedMephi
      ===== Limit on energy threshold has been applied 

hPairProd:  for proton  SubType=4
      dE/dx and range tables from 10 eV  to 100 TeV in 260 bins
      Lambda tables from threshold to 100 TeV, 20 bins/decade, spline: 1
      Sampling table 17x1001; from 7.50618 GeV to 100 TeV 
      ===== EM models for the G4Region  DefaultRegionForTheWorld ======
           hPairProd : Emin=    0 eV  Emax=  100 TeV  ModifiedMephi

nuclearStopping:  for proton applyCuts:1  SubType=8 BuildTable=0
      ===== EM models for the G4Region  DefaultRegionForTheWorld ======
   ICRU49NucStopping : Emin=    0 eV  Emax=    1 MeV

msc:  for GenericIon  SubType= 10
      ===== EM models for the G4Region  DefaultRegionForTheWorld ======
            UrbanMsc : Emin=    0 eV  Emax=  100 TeV
              StepLim=Minimal Rfact=0.2 Gfact=2.5 Sfact=0.6 DispFlag:1 Skin=1 Llimit=1

ionIoni:  for GenericIon  SubType=2
      dE/dx and range tables from 10 eV  to 100 TeV in 260 bins
      Lambda tables from threshold to 100 TeV, 20 bins/decade, spline: 1
      StepFunction=(0.1, 0.02 mm), integ: 1, fluct: 1, linLossLim= 0.02
      ===== EM models for the G4Region  DefaultRegionForTheWorld ======
         ParamICRU73 : Emin=    0 eV  Emax=  100 TeV  deltaVI

nuclearStopping:  for GenericIon applyCuts:1  SubType=8 BuildTable=0
      ===== EM models for the G4Region  DefaultRegionForTheWorld ======
   ICRU49NucStopping : Emin=    0 eV  Emax=    1 MeV

msc:  for alpha  SubType= 10
      ===== EM models for the G4Region  DefaultRegionForTheWorld ======
            UrbanMsc : Emin=    0 eV  Emax=  100 TeV Nbins=240 100 eV  - 100 TeV
              StepLim=Minimal Rfact=0.2 Gfact=2.5 Sfact=0.6 DispFlag:1 Skin=1 Llimit=1

ionIoni:  for alpha  SubType=2
      dE/dx and range tables from 10 eV  to 100 TeV in 260 bins
      Lambda tables from threshold to 100 TeV, 20 bins/decade, spline: 1
      StepFunction=(0.1, 0.02 mm), integ: 1, fluct: 1, linLossLim= 0.02
      ===== EM models for the G4Region  DefaultRegionForTheWorld ======
            BraggIon : Emin=    0 eV  Emax=7.9452 MeV  deltaVI
          BetheBloch : Emin=7.9452 MeV Emax=  100 TeV  deltaVI

nuclearStopping:  for alpha applyCuts:1  SubType=8 BuildTable=0
      ===== EM models for the G4Region  DefaultRegionForTheWorld ======
   ICRU49NucStopping : Emin=    0 eV  Emax=    1 MeV

msc:  for anti_proton  SubType= 10
      ===== EM models for the G4Region  DefaultRegionForTheWorld ======
            UrbanMsc : Emin=    0 eV  Emax=  100 TeV Nbins=240 100 eV  - 100 TeV
              StepLim=Minimal Rfact=0.2 Gfact=2.5 Sfact=0.6 DispFlag:1 Skin=1 Llimit=1

hIoni:  for anti_proton  SubType=2
      dE/dx and range tables from 10 eV  to 100 TeV in 260 bins
      Lambda tables from threshold to 100 TeV, 20 bins/decade, spline: 1
      StepFunction=(0.2, 0.05 mm), integ: 1, fluct: 1, linLossLim= 0.01
      ===== EM models for the G4Region  DefaultRegionForTheWorld ======
            ICRU73QO : Emin=    0 eV  Emax=    2 MeV  deltaVI
          BetheBloch : Emin=    2 MeV Emax=  100 TeV  deltaVI

hBrems:  for anti_proton  SubType=3
      dE/dx and range tables from 10 eV  to 100 TeV in 260 bins
      Lambda tables from threshold to 100 TeV, 20 bins/decade, spline: 1
      ===== EM models for the G4Region  DefaultRegionForTheWorld ======
               hBrem : Emin=    0 eV  Emax=  100 TeV  ModifiedMephi
      ===== Limit on energy threshold has been applied 

hPairProd:  for anti_proton  SubType=4
      dE/dx and range tables from 10 eV  to 100 TeV in 260 bins
      Lambda tables from threshold to 100 TeV, 20 bins/decade, spline: 1
      Sampling table 17x1001; from 7.50618 GeV to 100 TeV 
      ===== EM models for the G4Region  DefaultRegionForTheWorld ======
           hPairProd : Emin=    0 eV  Emax=  100 TeV  ModifiedMephi

msc:  for kaon+  SubType= 10
      ===== EM models for the G4Region  DefaultRegionForTheWorld ======
            UrbanMsc : Emin=    0 eV  Emax=  100 TeV Nbins=240 100 eV  - 100 TeV
              StepLim=Minimal Rfact=0.2 Gfact=2.5 Sfact=0.6 DispFlag:1 Skin=1 Llimit=1

hIoni:  for kaon+  SubType=2
      dE/dx and range tables from 10 eV  to 100 TeV in 260 bins
      Lambda tables from threshold to 100 TeV, 20 bins/decade, spline: 1
      StepFunction=(0.2, 0.05 mm), integ: 1, fluct: 1, linLossLim= 0.01
      ===== EM models for the G4Region  DefaultRegionForTheWorld ======
               Bragg : Emin=    0 eV  Emax=1.05231 MeV  deltaVI
          BetheBloch : Emin=1.05231 MeV Emax=  100 TeV  deltaVI

hBrems:  for kaon+  SubType=3
      dE/dx and range tables from 10 eV  to 100 TeV in 260 bins
      Lambda tables from threshold to 100 TeV, 20 bins/decade, spline: 1
      ===== EM models for the G4Region  DefaultRegionForTheWorld ======
               hBrem : Emin=    0 eV  Emax=  100 TeV  ModifiedMephi
      ===== Limit on energy threshold has been applied 

hPairProd:  for kaon+  SubType=4
      dE/dx and range tables from 10 eV  to 100 TeV in 260 bins
      Lambda tables from threshold to 100 TeV, 20 bins/decade, spline: 1
      Sampling table 18x1001; from 3.94942 GeV to 100 TeV 
      ===== EM models for the G4Region  DefaultRegionForTheWorld ======
           hPairProd : Emin=    0 eV  Emax=  100 TeV  ModifiedMephi

msc:  for kaon-  SubType= 10
      ===== EM models for the G4Region  DefaultRegionForTheWorld ======
            UrbanMsc : Emin=    0 eV  Emax=  100 TeV Nbins=240 100 eV  - 100 TeV
              StepLim=Minimal Rfact=0.2 Gfact=2.5 Sfact=0.6 DispFlag:1 Skin=1 Llimit=1

hIoni:  for kaon-  SubType=2
      dE/dx and range tables from 10 eV  to 100 TeV in 260 bins
      Lambda tables from threshold to 100 TeV, 20 bins/decade, spline: 1
      StepFunction=(0.2, 0.05 mm), integ: 1, fluct: 1, linLossLim= 0.01
      ===== EM models for the G4Region  DefaultRegionForTheWorld ======
            ICRU73QO : Emin=    0 eV  Emax=1.05231 MeV  deltaVI
          BetheBloch : Emin=1.05231 MeV Emax=  100 TeV  deltaVI

hBrems:  for kaon-  SubType=3
      dE/dx and range tables from 10 eV  to 100 TeV in 260 bins
      Lambda tables from threshold to 100 TeV, 20 bins/decade, spline: 1
      ===== EM models for the G4Region  DefaultRegionForTheWorld ======
               hBrem : Emin=    0 eV  Emax=  100 TeV  ModifiedMephi
      ===== Limit on energy threshold has been applied 

hPairProd:  for kaon-  SubType=4
      dE/dx and range tables from 10 eV  to 100 TeV in 260 bins
      Lambda tables from threshold to 100 TeV, 20 bins/decade, spline: 1
      Sampling table 18x1001; from 3.94942 GeV to 100 TeV 
      ===== EM models for the G4Region  DefaultRegionForTheWorld ======
           hPairProd : Emin=    0 eV  Emax=  100 TeV  ModifiedMephi

msc:  for mu+  SubType= 10
      ===== EM models for the G4Region  DefaultRegionForTheWorld ======
            UrbanMsc : Emin=    0 eV  Emax=  100 TeV Nbins=240 100 eV  - 100 TeV
              StepLim=Minimal Rfact=0.2 Gfact=2.5 Sfact=0.6 DispFlag:1 Skin=1 Llimit=1

muIoni:  for mu+  SubType=2
      dE/dx and range tables from 10 eV  to 100 TeV in 260 bins
      Lambda tables from threshold to 100 TeV, 20 bins/decade, spline: 1
      StepFunction=(0.2, 0.05 mm), integ: 1, fluct: 1, linLossLim= 0.01
      ===== EM models for the G4Region  DefaultRegionForTheWorld ======
               Bragg : Emin=    0 eV  Emax=  200 keV  deltaVI
          BetheBloch : Emin=  200 keV Emax=    1 GeV  deltaVI
        MuBetheBloch : Emin=    1 GeV Emax=  100 TeV

muBrems:  for mu+  SubType=3
      dE/dx and range tables from 10 eV  to 100 TeV in 260 bins
      Lambda tables from threshold to 100 TeV, 20 bins/decade, spline: 1
      ===== EM models for the G4Region  DefaultRegionForTheWorld ======
              MuBrem : Emin=    0 eV  Emax=  100 TeV  ModifiedMephi
      ===== Limit on energy threshold has been applied 

muPairProd:  for mu+  SubType=4
      dE/dx and range tables from 10 eV  to 100 TeV in 260 bins
      Lambda tables from threshold to 100 TeV, 20 bins/decade, spline: 1
      Sampling table 21x1001; from 1 GeV to 100 TeV 
      ===== EM models for the G4Region  DefaultRegionForTheWorld ======
          muPairProd : Emin=    0 eV  Emax=  100 TeV  ModifiedMephi

msc:  for mu-  SubType= 10
      ===== EM models for the G4Region  DefaultRegionForTheWorld ======
            UrbanMsc : Emin=    0 eV  Emax=  100 TeV Nbins=240 100 eV  - 100 TeV
              StepLim=Minimal Rfact=0.2 Gfact=2.5 Sfact=0.6 DispFlag:1 Skin=1 Llimit=1

muIoni:  for mu-  SubType=2
      dE/dx and range tables from 10 eV  to 100 TeV in 260 bins
      Lambda tables from threshold to 100 TeV, 20 bins/decade, spline: 1
      StepFunction=(0.2, 0.05 mm), integ: 1, fluct: 1, linLossLim= 0.01
      ===== EM models for the G4Region  DefaultRegionForTheWorld ======
            ICRU73QO : Emin=    0 eV  Emax=  200 keV  deltaVI
          BetheBloch : Emin=  200 keV Emax=    1 GeV  deltaVI
        MuBetheBloch : Emin=    1 GeV Emax=  100 TeV

muBrems:  for mu-  SubType=3
      dE/dx and range tables from 10 eV  to 100 TeV in 260 bins
      Lambda tables from threshold to 100 TeV, 20 bins/decade, spline: 1
      ===== EM models for the G4Region  DefaultRegionForTheWorld ======
              MuBrem : Emin=    0 eV  Emax=  100 TeV  ModifiedMephi
      ===== Limit on energy threshold has been applied 

muPairProd:  for mu-  SubType=4
      dE/dx and range tables from 10 eV  to 100 TeV in 260 bins
      Lambda tables from threshold to 100 TeV, 20 bins/decade, spline: 1
      Sampling table 21x1001; from 1 GeV to 100 TeV 
      ===== EM models for the G4Region  DefaultRegionForTheWorld ======
          muPairProd : Emin=    0 eV  Emax=  100 TeV  ModifiedMephi

msc:  for pi+  SubType= 10
      ===== EM models for the G4Region  DefaultRegionForTheWorld ======
            UrbanMsc : Emin=    0 eV  Emax=  100 TeV Nbins=240 100 eV  - 100 TeV
              StepLim=Minimal Rfact=0.2 Gfact=2.5 Sfact=0.6 DispFlag:1 Skin=1 Llimit=1

hIoni:  for pi+  SubType=2
      dE/dx and range tables from 10 eV  to 100 TeV in 260 bins
      Lambda tables from threshold to 100 TeV, 20 bins/decade, spline: 1
      StepFunction=(0.2, 0.05 mm), integ: 1, fluct: 1, linLossLim= 0.01
      ===== EM models for the G4Region  DefaultRegionForTheWorld ======
               Bragg : Emin=    0 eV  Emax=297.505 keV  deltaVI
          BetheBloch : Emin=297.505 keV Emax=  100 TeV  deltaVI

hBrems:  for pi+  SubType=3
      dE/dx and range tables from 10 eV  to 100 TeV in 260 bins
      Lambda tables from threshold to 100 TeV, 20 bins/decade, spline: 1
      ===== EM models for the G4Region  DefaultRegionForTheWorld ======
               hBrem : Emin=    0 eV  Emax=  100 TeV  ModifiedMephi
      ===== Limit on energy threshold has been applied 

hPairProd:  for pi+  SubType=4
      dE/dx and range tables from 10 eV  to 100 TeV in 260 bins
      Lambda tables from threshold to 100 TeV, 20 bins/decade, spline: 1
      Sampling table 20x1001; from 1.11656 GeV to 100 TeV 
      ===== EM models for the G4Region  DefaultRegionForTheWorld ======
           hPairProd : Emin=    0 eV  Emax=  100 TeV  ModifiedMephi

msc:  for pi-  SubType= 10
      ===== EM models for the G4Region  DefaultRegionForTheWorld ======
            UrbanMsc : Emin=    0 eV  Emax=  100 TeV Nbins=240 100 eV  - 100 TeV
              StepLim=Minimal Rfact=0.2 Gfact=2.5 Sfact=0.6 DispFlag:1 Skin=1 Llimit=1

hIoni:  for pi-  SubType=2
      dE/dx and range tables from 10 eV  to 100 TeV in 260 bins
      Lambda tables from threshold to 100 TeV, 20 bins/decade, spline: 1
      StepFunction=(0.2, 0.05 mm), integ: 1, fluct: 1, linLossLim= 0.01
      ===== EM models for the G4Region  DefaultRegionForTheWorld ======
            ICRU73QO : Emin=    0 eV  Emax=297.505 keV  deltaVI
          BetheBloch : Emin=297.505 keV Emax=  100 TeV  deltaVI

hBrems:  for pi-  SubType=3
      dE/dx and range tables from 10 eV  to 100 TeV in 260 bins
      Lambda tables from threshold to 100 TeV, 20 bins/decade, spline: 1
      ===== EM models for the G4Region  DefaultRegionForTheWorld ======
               hBrem : Emin=    0 eV  Emax=  100 TeV  ModifiedMephi
      ===== Limit on energy threshold has been applied 

hPairProd:  for pi-  SubType=4
      dE/dx and range tables from 10 eV  to 100 TeV in 260 bins
      Lambda tables from threshold to 100 TeV, 20 bins/decade, spline: 1
      Sampling table 20x1001; from 1.11656 GeV to 100 TeV 
      ===== EM models for the G4Region  DefaultRegionForTheWorld ======
           hPairProd : Emin=    0 eV  Emax=  100 TeV  ModifiedMephi
G4VisManager: Using G4TrajectoryDrawByCharge as fallback trajectory model.
See commands in /vis/modeling/trajectories/ for other options.

### ===  Deexcitation model UAtomDeexcitation is activated for 25 regions:
          DefaultRegionForTheWorld  1  1  1
          cylindricalPET  1  1  1
          module  1  1  1
          unit  1  1  1
          block  1  1  1
          optical  1  1  1
          crystal  1  1  1
          capillaire1  1  1  1
          capillaire1_water  1  1  1
          capillaire2  1  1  1
          capillaire2_water  1  1  1
          capillaire3  1  1  1
          capillaire3_water  1  1  1
          capillaire4  1  1  1
          capillaire4_water  1  1  1
          capillaire5  1  1  1
          capillaire5_water  1  1  1
          capillaire_m1  1  1  1
          capillaire_m1_water  1  1  1
          capillaire_m2  1  1  1
          capillaire_m2_water  1  1  1
          capillaire_m3  1  1  1
          capillaire_m3_water  1  1  1
          capillaire_m4  1  1  1
          capillaire_m4_water  1  1  1
### ===  Ignore cuts flag:   0
(-335.302,-7.96959,17.671)
(-384.056,78.3687,79.1315)
(128.356,-287.869,64.7394)
(123.299,-298.499,111.619)
(128.442,-294.52,70.4932)
(38.6832,-261.366,27.2706)
(-114.562,305.699,-67.4525)
(-78.9609,288.137,-104.645)
(-121.165,302.351,-78.8082)
(-121.212,224.099,-142.871)
(-319.832,31.4347,48.5247)
(-351.39,-4.43853,62.5481)
(-330.13,44.2551,57.7349)
(-305.295,86.3948,198.945)
(158.15,270.425,21.1206)
(68.8394,273.796,60.3102)
(158.666,275.25,20.5838)
(138.467,248.204,-46.1901)
(-249.832,-192.877,-12.9853)
(-251.394,-197.361,-13.9168)
(-248.975,-192.327,-14.2626)
(-236.268,-244.733,47.4182)
(217.201,241.556,-60.3276)
(236.535,199.24,-156.831)
(-42.9915,318.458,-18.0814)
(-17.1998,295.328,-47.1037)
(219.281,-226.958,13.6644)
(262.765,-245.251,109.148)
(216.649,-227.444,15.0052)
(245.585,-236.692,36.5907)
(314.295,1.25823,-92.9655)
(404.616,-33.1718,-184.191)
(312.419,-0.40591,-89.4001)
(293.787,41.5116,48.9943)
(-317.748,-0.699055,57.8596)
(-327.831,10.2887,60.2405)
(159.446,270.567,6.46575)
(290.861,246.817,-29.3618)
(119.623,-290.515,-3.89405)
(169.03,-284.767,110.957)
(-200.987,-257.027,64.8167)
(-209.01,-287.718,70.053)
(-200.892,-255.951,62.2364)
(-245.171,-271.933,65.0403)
(65.4956,311.541,-74.5372)
(46.3738,239.283,-150.022)
(312.055,-66.9425,100.021)
(328.256,-8.70247,0.250121)
(-90.584,-322.81,84.1412)
(-95.092,-269.851,86.5574)
(-181.08,264.23,-65.944)
(-139.659,264.357,-65.0095)
(-176.945,269.491,-70.0964)
(-105.655,251.2,-118.635)
(-167.241,274.497,-77.7067)
(-224.747,248.325,-131.703)
(79.7246,-305.493,120.341)
(92.1597,-346.006,74.6535)
(299.048,127.252,-114.366)
(216.518,54.8646,-104.157)
(299.072,141.358,-118.905)
(294.543,96.1662,-109.954)
(-310.173,-77.8695,69.2313)
(-296.788,25.0461,62.9251)
(203.31,244.684,-122.936)
(268.727,188.29,-147.259)
(201.944,252.934,-122.225)
(188.772,394.274,-117.993)
(247.781,-204.04,-19.5095)
(201.237,-209.587,-17.9872)
(-100.026,305.487,-71.522)
(-96.3762,364.784,-49.0915)
(115.536,-293.158,67.1551)
(50.9202,-333.559,131.556)
(72.73,-324.674,28.5558)
(184.385,-303.634,13.0328)
(132.331,283.848,40.0644)
(153.691,319.409,15.7329)
(-115.806,-292.082,-41.201)
(-114.737,-256.987,18.8066)
(-122.197,-289.833,63.0271)
(-210.622,-195.525,91.1488)
(-124.041,-296.764,52.7325)
(-75.6362,-265.301,188.771)
(139.035,283.169,-59.4629)
(55.0818,223.39,-62.6352)
(204.079,-245.576,47.5572)
(177.708,-219.261,23.2442)
(-9.30299,313.424,-60.3026)
(42.7415,267.026,-6.62628)
(-16.8564,330.683,-56.3626)
(51.6954,336.296,-97.6198)
(-329.994,-19.0242,-61.8257)
(-287.657,37.6285,19.7923)
(-239.027,211.83,-120.443)
(-263.959,241.371,36.9151)
(-239.736,210.859,-121.06)
(-206.071,274.445,-24.6581)
(-260.407,-191.036,113.96)
(-257.746,-198.802,81.6388)
(-251.613,-214.354,-100.876)
(-280.365,-216.844,-131.854)
(307.397,116.47,52.3844)
(262.717,87.9878,162.214)
(301.506,114.104,57.9174)
(347.225,213.888,38.3499)
(97.1657,-301.455,16.5045)
(98.5293,-423.793,36.3563)
(62.6232,312.324,-17.8149)
(97.9763,360.271,-93.1583)
(-173.349,-264.969,103.557)
(-131.046,-228.894,32.7506)
(-99.4389,312.533,-122.74)
(47.663,319.134,-124.897)
(253.1,191.2,-54.4855)
(311.8,149.777,0.560223)
(252.035,190.993,-50.7763)
(244.85,190.09,-61.1954)
(77.0345,304.82,50.3192)
(7.72373,284.412,48.9452)
(-235.479,-205.036,-31.6454)
(-202.368,-177.245,-5.01351)
(309.003,-54.2908,-106.635)
(421.404,-29.3646,-135.416)
(311.481,-52.8428,-103.87)
(191.183,-71.4289,-149.426)
(240.409,208.989,-80.1356)
(214.292,134.499,-140.367)
(-229.984,-218.23,85.1759)
(-144.979,-152.649,22.8809)
(-326.635,-76.232,107.994)
(-379.145,-96.9448,148.812)
(314.309,-3.1403,52.1286)
(249.638,-52.8012,-16.0871)
(-306.269,-83.8625,-86.3143)
(-295.676,-131.995,-183.052)
(-308.569,-82.0002,-95.3406)
(-258.69,-100.604,-119.613)
(271.784,161.306,-116.942)
(252.83,267.991,-174.459)
(246.714,215.154,13.1459)
(248.238,208.656,78.0084)
(-88.3508,-309.625,-19.3586)
(-77.6617,-311.927,22.9723)
(-89.3012,-316.341,-15.6112)
(-17.6173,-317.044,15.7894)
(-85.6363,-320.368,-13.02)
(-78.389,-396.438,-27.7624)
(-98.994,308.325,52.1533)
(-52.1002,286.61,74.2997)
(-100.614,310.379,52.8111)
(-110.095,395.477,86.025)
(-309.862,-88.5066,-114.226)
(-259.899,-2.37084,-120.598)
(-311.34,-84.023,-112.93)
(-327.973,-117.297,-139.87)
(330.014,-58.4035,-74.1619)
(398.774,-15.2563,-42.6943)
(328.429,-58.6016,-71.2885)
(374.24,-150.192,-119.739)
(208.322,233.264,-103.317)
(34.3529,222.383,-141.655)
(323.94,-67.2782,-124.946)
(209.583,-25.8465,-68.9108)
(-261.803,172.972,74.0499)
(-177.288,136.627,118.921)
(143.896,-291.459,-123.921)
(99.7965,-366.783,-119.626)
(-315.104,30.853,44.8815)
(-287.309,-75.0113,71.7909)
(-334.042,26.1488,38.5499)
(-309.106,-63.5565,115.794)
(311.532,-43.2009,-65.6365)
(258.418,-30.7144,51.2985)
(154.036,-280.075,-120.729)
(134.973,-168.003,-139.651)
(159.737,-281.53,-123.906)
(66.6547,-304.062,-145.755)
(-241.091,-219.508,5.81678)
(-212.709,-101.391,33.823)
(128.384,293.141,-10.3138)
(239.551,194.301,138.952)
(136.134,308.207,-19.3428)
(135.334,354.44,3.0257)
(-209.765,-239.557,59.9004)
(-153.271,-244.078,147.156)
(313.618,-45.1059,-97.638)
(296.07,-61.4297,-169.978)
(-320.332,18.0048,39.1158)
(-351.191,-86.3943,79.2759)
(226.707,217.354,95.2806)
(233.427,195.964,106.099)
(-272.542,178.703,-41.4429)
(-304.375,169.093,19.5597)
(218.261,228.691,-45.4333)
(263.628,251.982,-0.654794)
(311.833,17.412,92.01)
(268.447,31.0092,34.941)
(321.194,10.829,92.5426)
(294.677,-17.2249,63.9398)
(320.638,10.5224,93.8874)
(248.766,17.0252,72.0531)
(-231.864,-222.033,-22.3667)
(-234.85,-254.638,-115.45)
(-229.662,-236.629,-13.2936)
(-248.621,-385.522,-81.0112)
(293.473,151.65,12.1523)
(234.61,106.377,50.5756)
(128.222,-286.061,30.0556)
(133.105,-376.627,92.8778)
(-278.33,147.831,-14.2048)
(-240.544,102.582,-9.01403)
(-192.505,251.222,-102.3)
(-241.946,284.539,-116.167)
(76.3273,307.551,-78.6472)
(97.3854,355.563,-73.5556)
(-241.626,-199.579,-118.29)
(-169.954,-197.117,-59.995)
(308.159,113.031,70.1332)
(377.899,78.7155,50.4798)
(307.663,114.003,68.4664)
(196.275,190.195,93.0638)
(318.483,94.3991,86.0822)
(351.312,107.024,74.8335)
(-306.375,-124.739,-114.778)
(-313.512,-127.442,-141.872)
(-312.228,-118.217,-109.572)
(-312.749,-189.688,-82.9533)
(-315.198,-102.947,-96.8904)
(-399.798,-76.7505,-78.6248)
(-166.866,-279.167,-38.9755)
(-264.143,-230.358,-110.09)
(-119.206,-303.256,-60.7617)
(-0.717803,-240.281,-38.0156)
(134.611,292.98,57.4245)
(196.995,368.097,29.6925)
(-313.744,-87.0381,-91.9538)
(-333.443,-139.465,-127.232)
(313.92,42.0209,43.8348)
(280.584,65.5322,-11.8139)
(187.091,251.911,72.9285)
(200.235,280.088,149.348)
(8.17353,-332.651,-96.582)
(28.2378,-278.973,-127.679)
(-133.029,-282.039,82.4188)
(-40.8638,-275.505,151.02)
(278.824,143.312,-38.3036)
(287.16,140.312,-10.78)
(-198.018,255.527,-86.7203)
(-95.9148,230.963,-162.101)
(-204.99,257.451,-86.9364)
(-117.726,233.804,1.54423)
(258.032,-214.635,72.0426)
(355.733,-289.126,-68.92)
(259.964,-210.859,71.1986)
(115.586,-284.327,168.767)
(263.38,-207.055,71.0645)
(309.81,-97.6469,30.3797)
(300.717,-85.4419,-0.951561)
(389.036,-94.1605,118.922)
(-293.433,116.071,-3.24905)
(-259.312,105.62,-8.31474)
(-294.14,112.768,-2.75517)
(-217.35,-7.55116,-31.1112)
(-331.678,-26.9883,1.55529)
(-343.892,-81.8074,24.4994)
(-213.109,-237.601,-43.502)
(-282.901,-216.181,32.8774)
(-43.8611,312.164,58.5209)
(-31.1731,264.798,43.3639)
(-43.6946,312.093,59.0566)
(-28.906,259.242,-21.4417)
(-131.432,294.226,5.42881)
(-134.733,386.368,-35.6515)
(144.916,-280.04,-10.3041)
(79.4333,-251.738,39.0588)
(324.415,53.6989,-42.3785)
(332.558,-29.0697,-93.7474)
(329.591,45.223,-46.2126)
(215.599,108.574,39.0719)
(-318.747,-86.9905,67.2903)
(-281.141,-84.5319,149.621)
(-314.481,-47.4232,-69.3529)
(-268.175,-72.7715,-84.5122)
(-313.477,-45.004,-70.7827)
(-357.989,-94.8805,-94.85)
(-292.28,-116.064,-16.5171)
(-306.513,-48.4149,-54.6241)
(-298.9,-129.853,-12.1405)
(-194.819,-129.507,21.0841)
(-301.717,-134.317,-11.3568)
(-296.191,25.5483,-34.5201)
(-184.558,281.774,61.5759)
(-212.991,168.675,65.2624)
(278.022,142.049,61.6714)
(277.107,136.87,104.122)
(-278.716,-153.744,-65.2597)
(-316.647,-144.077,-64.5474)
(-284.179,-159.934,-59.9733)
(-224.605,-70.2868,75.2236)
(-155.962,278.134,-5.24654)
(-122.001,326.024,-56.8304)
(-273.904,161.71,-87.5519)
(-266.856,206.718,-98.6417)
(-274.596,160.073,-89.5716)
(-336.897,96.981,-81.1646)
(268.408,-193.07,106.315)
(249.081,-154.371,28.0391)
(275.422,-189.484,102.544)
(305.95,-164.577,-21.0688)
(-68.853,307.219,-41.9302)
(-53.3227,304.883,55.0508)
(-147.332,-276.876,39.4588)
(-148.674,-298.27,110.292)
(6.44959,-333.076,-11.6301)
(37.7913,-238.789,-88.1047)
(-102.705,308.538,10.9584)
(-180.888,255.552,167.298)
(283.473,-165.399,104.663)
(186.32,-183.695,87.094)
(-299.769,100.259,-62.002)
(-279.19,108.182,-83.255)
(-27.3668,-315.4,-7.11077)
(66.7885,-324.376,9.45001)
(-142.879,278.093,-36.0554)
(-100.781,309.965,-42.5912)
(-73.9786,-303.984,42.4734)
(-92.5158,-159.473,-52.7534)
(-72.4119,-306.383,43.4922)
(-81.5152,-321.814,-31.9624)
(248.317,-189.626,-86.5651)
(384.989,-186.502,-42.5068)
(257.005,-193.283,-92.7277)
(361.934,-295.451,-139.328)
(259.236,-186.964,-91.2612)
(256.802,-189.186,-128.601)
(260.434,174.833,45.1526)
(221.015,58.8568,92.9812)
(-254.016,-182.244,-66.1066)
(-134.163,-76.2596,-71.1117)
(53.664,308.812,112.854)
(107.011,362.875,146.939)
(60.9538,321.24,109.676)
(62.2538,345.83,72.6379)
(121.75,-293.885,69.9351)
(163.08,-247.028,80.5959)
(293.99,152.7,-62.4299)
(401.249,206.344,23.7338)
(-319.497,-97.7829,38.609)
(-312.279,-115.559,-72.6502)
(307.369,-91.3329,108.192)
(349.578,-94.6076,148.692)
(307.953,-90.5261,107.349)
(211.572,-86.9262,149.013)
(250.479,192.264,-47.3797)
(273.881,165.557,-167.228)
(254.937,199.471,-44.2596)
(95.9737,140.027,-34.0965)
(25.9099,-316.074,5.26612)
(11.4072,-271.933,15.3858)
(25.9327,-316.375,8.29463)
(11.4886,-341.424,24.6966)
(-5.68121,322.29,-11.2499)
(-159.391,329.909,-25.8713)
(6.2053,334.694,-20.7209)
(-5.89978,265.227,-77.4721)
(312.201,-93.2091,19.5071)
(277.275,-42.132,-8.30897)
(309.279,70.2343,-100.225)
(464.978,98.4697,-139.353)
(-271.213,-160.209,116.527)
(-154.894,-174.04,154.865)
(-318.669,5.1058,95.3332)
(-361.848,95.4605,36.9112)
(-325.395,-3.34072,96.9061)
(-321.941,-7.17511,209.029)
(-38.8974,-311.265,97.2718)
(-82.006,-303.053,192.409)
(141.278,294.573,65.7572)
(193.134,277.84,-13.2674)
(145.28,300.356,60.252)
(83.1894,406.391,7.2367)
(-205.752,-239.033,-54.4714)
(-271.788,-317.35,17.4479)
(-209.365,-242.722,-38.2969)
(-240.507,-371.363,-31.2487)
(-209.516,-244.74,-38.5185)
(-173.277,-204.723,-63.7205)
(112.125,306.787,0.369829)
(110.663,279.521,85.3621)
(301.636,82.9,46.1041)
(271.55,108.119,22.1554)
(-316.857,-93.3614,-48.6797)
(-229.887,-109.614,-63.7956)
(297.101,-142.237,20.3461)
(405.445,-156.038,6.01473)
(-213.034,245.531,-34.6561)
(-205.512,269.99,-90.2605)
(-215.408,254.906,-26.7794)
(-232.556,271.786,-61.8098)
(-219.445,255.353,-18.8696)
(-171.894,275.561,-29.5142)
(25.3403,-316.788,-103.116)
(-37.4349,-451.802,-142.036)
(-204.626,-260.961,-121.229)
(-215.158,-231.552,-137.706)
(-201.421,-261.738,-121.159)
(-176.225,-400.241,-176.951)
(292.734,151.146,72.8832)
(248.142,144.832,33.3013)
(253.647,215.105,-9.95485)
(271.848,186.006,-64.2284)
(-195.335,-260.986,14.8349)
(-269.402,-254.844,171.426)
(-196.651,-257.021,16.656)
(-169.611,-331.773,34.3927)
(322.568,-2.90739,-89.4723)
(263.949,-55.3684,-109.144)
(-323.58,-46.7503,28.4552)
(-350.502,-29.9275,-10.7919)
(-194.993,254.885,100.612)
(-186.606,180.753,-3.58098)
(-202.148,254.286,104.832)
(-195.176,245.82,69.2414)
(288.809,-148.993,-61.8237)
(210.835,-163.105,-59.8195)
(198.692,-255.622,66.4965)
(175.464,-225.97,174.036)
(199.136,-261.135,70.1356)
(179.332,-156.434,71.9203)
(-254.614,212.101,-54.1174)
(-376.768,222.142,-73.0309)
(-255.3,205.289,-48.8923)
(-237.976,244.371,-1.11449)
(-177.515,-270.676,103.878)
(-214.907,-302.132,177.847)
(-172.861,-285.401,110.056)
(-205.002,-328.772,53.0522)
(301.056,84.0057,27.6229)
(295.749,48.3515,114.372)
(305.759,83.2206,23.084)
(263.543,52.4543,-6.34265)
(287.843,-133.371,-124.277)
(321.791,-196.825,-138.975)
(263.458,-190.374,38.6186)
(216.017,-249.204,76.7369)
(-172.604,261.597,-56.3807)
(-159.682,156.623,3.15892)
(197.419,253.232,-109.398)
(127.755,290.329,-68.2906)
(-223.019,-229.581,112.203)
(-177.843,-100.039,52.0484)
(165.248,271.569,28.3232)
(199.447,186.19,13.0275)
(183.086,279.292,15.0734)
(177.974,263.136,55.0418)
(285.161,141.737,40.8277)
(253.881,217.14,68.8893)
(182.428,-255.031,-103.942)
(219.201,-262.756,-112.964)
(303.993,-87.3383,85.6205)
(435.181,19.262,35.3843)
(262.281,186.132,-83.7991)
(307.463,126.557,-42.7441)
(266.265,182.97,-89.1074)
(231,205.904,-137.661)
(-287.81,-141.344,65.8956)
(-267.555,-147.585,153.808)
(-42.9747,-322.221,-98.2609)
(-25.072,-313.297,-133.556)
(-43.8559,-324.034,-98.9481)
(-142.596,-290.586,-153.007)
(-50.515,-325.692,-101.302)
(33.1502,-371.721,-92.4109)
(221.399,231.358,72.2228)
(286.784,293.267,102.906)
(215.319,232.065,69.7777)
(149.409,278.495,48.2347)
(320.926,21.8157,40.6635)
(276.137,49.2719,101.675)
(190.745,-278.656,-114.962)
(103.941,-189.626,-150.11)
(310.611,-40.6346,-83.6169)
(302.818,-103.487,-147.882)
(-154.976,275.421,-39.4506)
(-100.059,269.175,-54.6073)
(-287.698,-150.48,-82.4778)
(-253.248,-151.811,-65.1341)
(-289.442,-154.374,-80.5955)
(-236.914,-47.9343,-208.672)
(325.568,-25.0155,-48.8922)
(367.027,-41.5581,-109.493)
(122.194,-309.322,-27.2127)
(39.2912,-337.217,15.0307)
(-190.999,253.782,22.9424)
(-256.702,282.277,23.0258)
(-190.499,259.335,22.9544)
(-260.459,295.317,64.2715)
(-151.944,280.183,70.4013)
(-219.716,350.947,26.2325)
(275.501,-149.023,-14.7949)
(318.56,-156.066,-30.7457)
(-130.298,297.547,33.4913)
(-182.331,292.151,-14.6463)
(324.549,-16.3578,-118.37)
(265.27,-146.646,-8.21205)
(62.7718,322.172,57.1167)
(65.7923,296.019,115.111)
(157.94,-294.333,-49.1449)
(140.562,-221.104,-73.4407)
(288.887,125.292,-116.226)
(263.401,162.379,-143.645)
(108.951,-300.375,-26.9952)
(133.021,-197.507,14.4157)
(117.667,-295.24,-117.599)
(167.715,-400.657,-128.52)
(127.894,-306.043,-104.46)
(154.959,-142.828,-156.6)
(-228.215,216.203,-29.3396)
(-261.002,221.085,-93.0524)
(253.656,-221.71,26.9436)
(220.45,-220.516,22.6604)
(304.08,121.253,-84.6823)
(296.712,70.3006,-59.1129)
(328.318,17.5188,120.739)
(261.053,-30.5144,244.564)
(-313.957,46.284,97.8926)
(-354.78,49.9283,19.9811)
(315.681,-28.068,-59.0098)
(236.285,-122.041,63.3689)
(317.234,-27.3275,-58.5064)
(291.774,46.1101,-78.1909)
(321.261,-27.1083,-64.4898)
(333.8,57.7793,-83.1725)
(146.262,-284.949,51.1155)
(270.391,-414.465,37.7286)
(145.966,-298.129,55.425)
(54.212,-399.034,72.2226)
(-136.423,305.723,-51.2778)
(-86.6489,427.997,-65.5971)
(53.9849,307.898,38.5162)
(-154.753,198.439,71.1141)
(90.5811,321.223,49.9989)
(82.4523,246.417,126.173)
(128.082,-293.713,-43.0372)
(110.387,-281.972,-33.0241)
(128.091,-294.091,-42.5799)
(162.182,-260.926,-57.1652)
(65.4097,-319.68,107.058)
(113.206,-352.969,20.3622)
(94.1021,301.056,-100.02)
(138.535,287.244,-182.971)
(-276.992,180.192,105.368)
(-289.031,223.236,40.753)
(-259.166,206.143,114.831)
(-266.105,150.409,92.6007)
(-257.042,207.568,118.985)
(-296.067,271.835,-18.7342)
(180.617,-274.702,109.128)
(102.317,-299.874,113.813)
(185.001,-273.541,111.885)
(246.67,-304.18,177.259)
(-251.184,-201.342,59.9445)
(-311.145,-258.355,45.6085)
(153.94,276.889,-85.0962)
(137.657,165.763,-145.68)
(155.639,279.43,-94.8728)
(154.757,310.537,-117.818)
(-265.073,198.743,-37.586)
(-308.098,212.038,-41.6005)
(299.253,-100.465,21.9083)
(311.595,-124.218,7.23707)
(302.789,-123.107,28.9293)
(302.827,-135.713,69.8498)
(-313.859,25.8142,-53.748)
(-247.535,76.0306,-170.699)
(-322.018,29.5287,-63.0968)
(-215.886,-17.5441,52.8095)
(-323.453,18.5701,-71.5926)
(-384.589,-28.5549,-103.884)
(-314.612,14.7307,-81.1566)
(-301.408,-148.602,-215.853)
(304.924,67.1558,-14.4034)
(365.452,122.695,-17.3966)
(-313.447,-73.3663,13.0014)
(-361.815,-123.354,44.1189)
(289.506,-122.032,93.3519)
(333.881,-163.623,146.422)
(-305.865,-77.5162,-39.9875)
(-375.905,-74.6956,-2.93187)
(-306.946,-79.3922,-38.1896)
(-286.529,-122.677,-141.805)
(-316.455,-86.1878,-32.4085)
(-361.723,-102.011,-22.1915)
(286.703,126.703,69.0252)
(196.447,78.6243,49.2903)
(288.062,127.207,70.0271)
(249.431,128.764,-15.1798)
(290.098,124.718,73.1921)
(289.107,195.846,27.9058)
(-288.457,129.002,1.29855)
(-168.507,92.043,3.95492)
(59.3408,-307.869,-99.0826)
(7.33188,-197.795,-41.0856)
(99.6359,298.312,95.2942)
(113.317,269.656,168.719)
(99.6788,299.706,92.1382)
(7.59045,220.732,66.7836)
(-278.525,142.044,-3.32336)
(-252.142,164.431,-3.80027)
(227.674,-219.913,5.01997)
(132.817,-275.477,85.7536)
(-301.491,143.41,-26.9191)
(-248.712,142.579,-37.4555)
(322.696,-47.5096,39.9885)
(295.047,-45.7021,74.1882)
(253.078,-193.637,41.1273)
(266.223,-232.671,83.8233)
(-303.543,80.4969,-14.7252)
(-251.208,106.029,41.1453)
(-305.388,74.2621,-14.3931)
(-350.052,110.298,-5.13064)
(-303.392,74.6923,-9.2993)
(-240.703,7.47296,-78.3494)
(-304.516,72.9892,-7.70447)
(-317.968,101.581,-4.92259)
(314.072,-85.6953,45.5079)
(304.393,-5.35547,144.862)
(-248.752,191.53,-102.388)
(-187.328,195.316,-75.4166)
(-253.654,197.191,-108.842)
(-143.931,162.154,-137.014)
(-254.469,197.567,-109.738)
(-254.06,274.722,-50.8807)
(-254.486,197.84,-109.543)
(-337.602,131.674,-123.822)
(-287.947,170.479,105.192)
(-273.673,195.698,43.2674)
(-283.744,148.086,-79.4198)
(-234.837,199.886,-123.385)
(154.333,-285.046,100.188)
(144.756,-319.121,47.6832)
(-315.307,117.341,37.4782)
(-249.222,159.978,72.39)
(-316.204,118.288,37.2941)
(-371.308,156.21,39.1309)
(322.829,-71.54,-22.3296)
(310.913,-93.8613,-39.2957)
(326.137,-81.8521,-22.4991)
(190.51,-152.688,-29.8658)
(315.071,-74.7416,45.1364)
(245.747,-56.0375,18.5896)
(-64.2515,327.383,-26.7271)
(-77.6207,224.572,12.2182)
(211.356,-231.839,-21.0067)
(177.523,-225.338,-139.82)
(217.39,-252.613,-28.0322)
(351.654,-240.621,-4.18865)
(-232.77,209.703,-9.34184)
(-251.863,236.267,-25.3723)
(70.9446,-310.059,12.8654)
(57.4076,-231.021,14.8903)
(53.1471,-325.574,3.13357)
(143.841,-387.638,-9.9366)
(-148.915,287.633,115.065)
(-135.212,196.556,164.766)
(-211.224,-261.935,49.5133)
(-177.925,-315.859,153.126)
(14.6418,316.729,-66.1625)
(37.6999,387.066,-87.3286)
(264.544,-183.879,-113.846)
(288.935,-123.185,-144.385)
(-240.503,-202.134,104.104)
(-236.039,-220.489,124.249)
(-233.614,-213.687,101.802)
(-113.604,-125.976,183.469)
(245.18,218.798,27.9425)
(262.353,193.45,59.5095)
(253.589,218.813,27.1041)
(239.322,236.951,53.8947)
(-272.955,-164.762,-23.4164)
(-194.15,-94.0025,8.79943)
(-324.606,-61.9417,124.298)
(-306.084,-116.635,122.33)
(120.353,296.361,-103.678)
(170.925,212.599,-147.424)
(118.645,296.668,-103.462)
(216.608,354.477,-224.57)
(-145.198,-278.411,-55.7961)
(-69.3071,-332.512,-43.5785)
(285.248,141.978,30.0183)
(389.233,176.556,146.189)
(284.447,141.455,30.1482)
(263.385,219.795,50.9786)
(-206.813,237.768,-43.8543)
(-85.5454,347.708,-45.358)
(-202.531,238.267,-45.0891)
(-198.516,302.165,-101.378)
(284.253,-168.95,27.8865)
(346.299,-169.473,69.6391)
(-96.9636,-300.373,-66.8989)
(-109.175,-330.004,-15.5776)
(-261.884,-183.387,-111.657)
(-255.53,-176.014,-55.2632)
(-260.342,-180.363,-111.399)
(-310.203,-37.0268,-68.1253)
(-268.409,-164.338,-116.246)
(-306.51,-246.493,-70.4816)
(251.149,189.703,33.408)
(269.978,25.271,-61.0178)
(-314.383,29.8008,-67.2891)
(-391.282,74.7899,-49.2093)
(307.768,-64.7261,-13.6599)
(344.419,-12.7001,36.9501)
(317.063,-60.9647,-17.0956)
(321.535,39.3358,5.51179)
(-316.814,48.477,13.07)
(-370.524,-114.242,19.5375)
(-253.825,-182.36,7.68266)
(-315.882,-309.626,16.1708)
(-333.449,10.1994,-83.2526)
(-357.644,-35.8464,-41.0451)
(-330.792,5.54071,-84.462)
(-372.059,74.8233,-146.049)
(-333.723,0.81166,-82.9205)
(-302.115,-4.9956,-30.6432)
(-324.193,-64.4606,-52.6006)
(-320.399,-106.82,20.1731)
(-303.988,96.9475,-104.848)
(-238.959,93.4043,-177.398)
(-268.501,-181.096,42.6179)
(-281.653,-103.939,81.7683)
(-284.519,-172.218,37.2866)
(-252.459,-183.517,-1.95596)
(219.403,224.742,-51.8979)
(161.749,232.665,51.4575)
(-285.656,-127.398,86.2099)
(-427.853,-192.789,184.04)
(-289.914,-131.915,84.6181)
(-283.304,-191.883,42.165)
(-302.892,-140.285,72.4712)
(-261.002,-260.395,59.8204)
(-5.21472,313.314,-1.71103)
(-46.8024,268.785,47.6764)
(159.386,-294.296,2.34838)
(215.18,-315.636,-14.6484)
(160.728,-295.304,3.22971)
(183.082,-275.283,36.119)
(160.759,-294.549,2.21046)
(97.5106,-339.304,47.5891)
(316.631,-76.5522,-74.4092)
(299.367,-23.3949,-114.814)
(319.216,-82.1382,-98.0621)
(267.231,-117.803,-45.4698)
(-322.197,30.5405,27.8746)
(-330.94,-9.72638,-39.8458)
(-320.611,65.2672,19.5506)
(-417.691,85.2746,60.6924)
(-293.022,-138.157,-116.911)
(-354.685,-127.111,-177.546)
(49.8186,-317.004,80.937)
(64.1513,-360.24,99.2524)
(262.297,179.776,-119.273)
(301.775,221.407,-269.477)
(-286.943,-136.91,93.4617)
(-271.465,-184.034,116.136)
(-312.324,-5.58059,-112.723)
(-254.573,39.745,-250.122)
(-312.339,-0.845283,-118.956)
(-241.404,54.9903,-53.5904)
(296.359,112.28,29.9115)
(275.501,56.8826,23.7131)
(-274.927,-184.368,-45.1265)
(-257.05,-176.255,-146.344)
(-276.071,-182.908,-44.4325)
(-273.848,-28.4277,-63.1045)
(222.7,238.154,-34.3485)
(326.505,193.767,-53.373)
(290.141,171.903,-92.9449)
(297.859,266.105,-67.4352)
(267.417,201.246,62.3005)
(177.13,167.13,-69.1089)
(116.81,-312.791,36.2387)
(28.3538,-286.234,-63.1451)
(-94.545,305.886,-36.7)
(-92.5255,334.27,-36.427)
(187.72,254.714,94.4715)
(192.552,243.085,195.596)
(185.449,255.166,91.0044)
(207.85,278.649,88.7811)
(-269.61,-181.604,-65.6611)
(-193.502,-164.06,-143.442)
(-259.59,-179.665,-71.5907)
(-293.879,-211.732,-47.5659)
(273.853,194.566,30.2204)
(292.702,148.549,9.12001)
(-178.905,-258.632,-42.066)
(-192.919,-212.36,-2.59995)
(-91.2672,-319.911,109.08)
(-96.2356,-352.394,207.502)
(-97.1002,-323.251,109.53)
(-94.8894,-388.225,79.2931)
(-282.117,-140.905,3.78364)
(-203.98,-145.973,-61.2371)
(-282.742,-139.839,5.16161)
(-318.582,-50.5246,-63.7014)
(-283.708,-142.861,8.63545)
(-232.677,-210.515,-5.0704)
(193.08,247.842,-3.24713)
(69.6945,183.136,2.73017)
(-238.072,-222.453,87.4081)
(-326.829,-186.061,49.0755)
(-313.235,41.2555,-65.7678)
(-248.939,65.0939,-128.58)
(-313.662,43.2998,-62.884)
(-360.601,-45.8209,-138.809)
(257.782,-194.871,-64.7761)
(213.618,-155.909,-64.3559)
(271.424,198.76,80.9904)
(274.358,216.878,79.2918)
(316.695,49.5134,12.8396)
(481.34,154.962,62.2289)
(-317.795,-19.2151,-6.48812)
(-364.509,-111.054,-0.6952)
(-316.898,-25.3767,-9.54239)
(-333.781,-53.7913,-33.8815)
(319.349,-6.57409,116.922)
(286.931,-13.271,48.56)
(-48.3805,-311.425,-58.2025)
(30.1021,-351.228,-153.151)
(-110.315,297.139,53.8622)
(-176.599,298.282,32.2728)
(-114.917,302.707,55.4588)
(-114.115,307.041,43.2594)
(311.209,-95.481,30.0688)
(307.992,-111.06,63.8407)
(-288.822,124.172,-37.0126)
(-290.5,99.2676,-140.456)
(-255.622,-199.643,-13.6542)
(-127.784,-102.357,-19.9163)
(-122.108,-295.706,41.894)
(-64.9184,-342.574,-44.3841)
(-127.651,-300.203,39.6023)
(-166.566,-264.17,45.0084)
(237.586,222.143,-31.77)
(250.413,270.578,10.1396)
(-41.1922,-320.761,23.5477)
(-81.536,-299.523,-29.5722)
(13.1113,334.939,-49.8275)
(9.95572,305.56,-95.2098)
(135.972,-283.162,45.1611)
(55.9747,-332.227,73.8927)
(262.216,176.554,-72.8193)
(298.177,103.263,25.2257)
(-287.222,-134.495,55.07)
(-298.485,-168.5,113.123)
(71.8282,-308.813,101.417)
(130.636,-194.439,67.609)
(305.146,-96.1754,-100.469)
(367.02,-108.72,-107.279)
(305.791,-93.1858,-101.875)
(229.595,-82.8405,-107.287)
(-305.785,69.0006,70.4601)
(-223.294,95.4888,-3.82348)
(-307.892,66.0742,63.7685)
(-388.199,70.6198,97.4186)
(99.6916,297.24,-9.20402)
(81.5277,187.421,10.5196)
(103.445,309.046,-26.9219)
(129.055,320.848,-93.6605)
(59.348,-321.618,13.3186)
(138.962,-303.096,34.6617)
(52.3169,-322.344,11.0981)
(13.5206,-377.628,38.4382)
(299.485,92.9839,-121.337)
(270.753,93.3495,-120.113)
(194.573,255.662,119.857)
(159.499,245.109,123.121)
(-284.791,135.571,7.42017)
(-221.653,64.217,68.071)
(166.072,-284.393,-14.9039)
(191.03,-373.85,-87.6969)
(129.245,-300.047,-35.5728)
(122.951,-287.446,-90.7768)
(119.171,-311.733,-49.4563)
(93.966,-386.341,32.3866)
(-66.8637,313.335,-70.6034)
(-161.897,315.055,-175.346)
(-70.2138,309.182,-68.1035)
(-58.01,314.503,24.69)
(87.9706,-316.198,68.6314)
(55.4618,-288.481,93.2819)
(320.281,-15.371,80.8374)
(427.858,-18.2956,126.312)
(-312.542,20.6956,-105.756)
(-299.383,24.3085,-42.8377)
(-55.3907,311.535,-79.2149)
(-17.3927,236.25,-42.2953)
(-43.6644,-319.495,82.8962)
(0.305588,-285.188,185.69)
(-46.5988,-323.327,79.2417)
(-126.437,-290.867,136.776)
(102.061,-310.141,69.1102)
(149.83,-309.722,89.5405)
(101.308,-311.119,69.4178)
(77.7874,-285.632,73.8002)
(116.922,289.842,-62.84)
(215.668,277.604,-173.284)
(315.088,53.8605,-7.02813)
(327.049,213.566,24.4941)
(301.545,-136.861,-102.816)
(230.062,-96.6312,13.0117)
(-312.721,67.0816,48.7884)
(-322.804,16.0275,2.29822)
(-15.9414,-333.684,23.2854)
(-57.7752,-245.001,143.143)
(-16.8846,-330.046,22.3097)
(9.52284,-259.739,30.0274)
(-303.494,-111.66,-71.1077)
(-347.672,5.37987,-105.854)
(239.259,201.319,122.974)
(298.644,275.686,114.218)
(310.958,90.9621,120.781)
(166.76,103.085,167.124)
(309.411,91.27,119.541)
(283.781,126.657,108.776)
(275.506,-150.999,-18.204)
(306.077,-52.2993,-39.7178)
(-306.441,-66.8322,-23.7837)
(-337.087,-103.309,-85.1972)
(-309.337,-67.8826,-8.28343)
(-231.517,15.6132,-32.7589)
(-317.003,-71.0451,2.7936)
(-378.161,-19.051,39.9768)
(298.595,111.107,38.6569)
(265.377,94.4226,63.917)
(321.692,102.809,41.8512)
(340.575,38.6931,58.6705)
(311.815,-10.9918,42.4119)
(267.664,46.9232,102.901)
(86.8785,302.643,64.3922)
(126.325,294.089,-6.28837)
(248.03,191.089,-20.743)
(225.804,227.157,77.8417)
(-44.1579,-323.21,38.8162)
(-77.8915,-159.663,66.5902)
(-44.4853,-321.75,38.8486)
(-50.5205,-349.831,-38.9865)
(125.145,-287.975,71.252)
(198.034,-283.45,153.967)
(-211.778,-231.026,-107.733)
(-273.403,-258.489,14.4778)
(-196.282,-264.423,17.9644)
(-268.656,-184.876,97.6434)
(-194.054,-266.582,17.2218)
(-221.554,-219.771,73.0585)
(260.995,173.099,-8.98284)
(204.26,127.135,49.2254)
(87.8739,-300.85,-83.3068)
(180.093,-273.965,-146.83)
(181.484,258.714,68.8896)
(278.996,299.598,-22.7892)
(-332.961,29.3377,-53.7855)
(-245.482,77.811,0.652691)
(-336.061,19.5202,-59.5182)
(-355.669,-15.4247,-64.3774)
(323.46,-56.6627,105.754)
(301.279,-27.9103,202.273)
(125.661,-285.992,-9.43551)
(88.5979,-223.979,40.1343)
(-284.466,151.071,91.1894)
(-233.703,139.894,97.2367)
(304.866,-91.7283,11.511)
(293.846,-70.2293,-75.4527)
(311.548,46.4079,99.3774)
(366.483,-8.04883,-4.35628)
(-319.2,-6.49493,106.313)
(-432.369,114.479,77.9851)
(-323.36,-8.18582,107.09)
(-259.187,5.83087,76.046)
(-278.628,157.897,86.3494)
(-307.004,264.883,144.012)
0 events have been kept for refreshing and/or reviewing.
  "/vis/reviewKeptEvents" to review them one by one.
  "/vis/enable", then "/vis/viewer/flush" or "/vis/viewer/rebuild" to see them accumulated.
[Core-0] End of macro ./split/.Gate/main124/main14.mac
Graphics systems deleted.
Visualization Manager deleting...
