[G4] 
[G4] **************************************************************
[G4]  Geant4 version Name: geant4-10-07-patch-02    (11-June-2021)
[G4]                        Copyright : Geant4 Collaboration
[G4]                       References : NIM A 506 (2003), 250-303
[G4]                                  : IEEE-TNS 53 (2006), 270-278
[G4]                                  : NIM A 835 (2016), 186-225
[G4]                              WWW : http://geant4.org/
[G4] **************************************************************
[G4] 
[Core-0] Initialization of geometry
[Core-0] Initialization of physics
[Core-0] Initialization of actors
[Core-0] 
[Core-0] *************************************************
[Core-0]  GATE version 9.1 (2021)
[Core-0]  Copyright : OpenGATE Collaboration
[Core-0]  Reference : Phys. Med. Biol. 49 (2004) 4543-4561
[Core-0]  Reference : Phys. Med. Biol. 56 (2011) 881-901
[Core-0]  Reference : Med. Phys. 41(6)    (2014)
[Core-0]  http://www.opengatecollaboration.org        
[Core-0] *************************************************
[Core-0] 
[Core-0] You are using Geant4 version 10.7.2
[Core-0] Starting macro ./split/.Gate/main124/main2.mac
0: RINDEX
1.84e-06   1.00028
4.08e-06   1.00028
9: GROUPVEL
1.84e-06   299.709
4.08e-06   299.709
16: ABSLENGTH
1.84e-06   50000
4.08e-06   50000
 <!> *** WARNING *** <!>  GateMaterialDatabase: Multiple definition of element: Yttrium.
The definition in ClMind_GateMaterials.db was used.


GATE object:        'systems/cylindricalPET'
Components:

GATE object:        'systems/cylindricalPET/base'
Attached to volume: cylindricalPET
Nb of children:       1

	GATE object:        'systems/cylindricalPET/rsector'
	Attached to volume: module
	Nb of children:       1

		GATE object:        'systems/cylindricalPET/module'
		Attached to volume: unit
		Nb of children:       1

			GATE object:        'systems/cylindricalPET/submodule'
			Attached to volume: block
			Nb of children:       1

				GATE object:        'systems/cylindricalPET/crystal'
				Attached to volume: optical
				Nb of children:       4

					GATE object:        'systems/cylindricalPET/layer0'
					Attached to volume: crystal
					Nb of children:       0

					GATE object:        'systems/cylindricalPET/layer1'
					Attached to volume: ---
					Nb of children:       0

					GATE object:        'systems/cylindricalPET/layer2'
					Attached to volume: ---
					Nb of children:       0

					GATE object:        'systems/cylindricalPET/layer3'
					Attached to volume: ---
					Nb of children:       0
geometrical design type: 1
ring diameter: -3.95 mm 
rsector axial pitch: 0 fm 
rsector azimuthal pitch: 12.8571 degree
rsector tangential size: 2.5 cm 
rsector axial size: 25.04 cm 
module axial size: 4.784 cm 
module tangential size: 2.5 cm 
module axial pitch: 0 fm 
module tangential pitch: 0 fm 
submodule axial size: 4.784 cm 
submodule tangential size: 2.5 cm 
submodule axial pitch: 0 fm 
submodule tangential pitch: 0 fm 
crystal radial size: 1.59 cm 
crystal axial size: 1.59 cm 
crystal tangential size: 2.5 cm 
crystal axial pitch: 0 fm 
crystal tangential pitch: 0 fm 
layer0 radial size: 3.95 mm 
in layer0 interaction length: 1.975 mm 
Axial nb of rsectors: 1
Azimuthal nb of rsectors: 28
Axial nb of modules: 1
Tangential nb of modules: 1
Axial nb of submodules: 1
Tangential nb of submodules: 1
Axial nb of crystals: 1
Tangential nb of crystals: 1
Radial nb of layers: 1
[Physic-0] The following Geant4's physic-list is enabled :emstandard_opt3


List of Enabled processes:




List of initialized processes:


[Core-0] Initialization of geometry
[Core-0] Initialization of physics
[Core-0] Initialization of actors
 <!> *** WARNING *** <!>  The 'energytype' option is DEPRECATED, use 'ene/type' instead!
 <!> *** WARNING *** <!>  The 'energytype' option is DEPRECATED, use 'ene/type' instead!
 <!> *** WARNING *** <!>  The 'energytype' option is DEPRECATED, use 'ene/type' instead!
 <!> *** WARNING *** <!>  The 'energytype' option is DEPRECATED, use 'ene/type' instead!
 <!> *** WARNING *** <!>  The 'energytype' option is DEPRECATED, use 'ene/type' instead!
 <!> *** WARNING *** <!>  The 'energytype' option is DEPRECATED, use 'ene/type' instead!
 <!> *** WARNING *** <!>  The 'energytype' option is DEPRECATED, use 'ene/type' instead!
 <!> *** WARNING *** <!>  The 'energytype' option is DEPRECATED, use 'ene/type' instead!
 <!> *** WARNING *** <!>  The 'energytype' option is DEPRECATED, use 'ene/type' instead!
[Acquisition-0]   
[Acquisition-0] ============= Source initialization =============
[Acquisition-0]   
[Acquisition-0] ============= Acquisition starts! =============
[Acquisition-0] Simulation start time = 0 sec
[Acquisition-0] Simulation end time   = 1 sec
[Acquisition-0] Simulation will have  = 1 run(s)
[Acquisition-0] Slice 0 from 0 to 1 s [slice=1 s]

### ===  Deexcitation model UAtomDeexcitation is activated for 25 regions:
          DefaultRegionForTheWorld  1  1  1
          cylindricalPET  1  1  1
          module  1  1  1
          unit  1  1  1
          block  1  1  1
          optical  1  1  1
          crystal  1  1  1
          capillaire1  1  1  1
          capillaire1_water  1  1  1
          capillaire2  1  1  1
          capillaire2_water  1  1  1
          capillaire3  1  1  1
          capillaire3_water  1  1  1
          capillaire4  1  1  1
          capillaire4_water  1  1  1
          capillaire5  1  1  1
          capillaire5_water  1  1  1
          capillaire_m1  1  1  1
          capillaire_m1_water  1  1  1
          capillaire_m2  1  1  1
          capillaire_m2_water  1  1  1
          capillaire_m3  1  1  1
          capillaire_m3_water  1  1  1
          capillaire_m4  1  1  1
          capillaire_m4_water  1  1  1
### ===  Ignore cuts flag:   0

phot:  for gamma applyCuts:1  SubType=12 BuildTable=0
      LambdaPrime table from 200 keV to 100 TeV in 174 bins 
      ===== EM models for the G4Region  DefaultRegionForTheWorld ======
 LivermorePhElectric : Emin=    0 eV  Emax=  100 TeV  SauterGavrila Fluo

compt:  for gamma applyCuts:1  SubType=13 BuildTable=1
      Lambda table from 10 eV  to 1 MeV, 20 bins/decade, spline: 1
      LambdaPrime table from 1 MeV to 100 TeV in 160 bins 
      ===== EM models for the G4Region  DefaultRegionForTheWorld ======
        KleinNishina : Emin=    0 eV  Emax=  100 TeV Fluo

conv:  for gamma applyCuts:1  SubType=14 BuildTable=1
      Lambda table from 1.022 MeV to 100 TeV, 20 bins/decade, spline: 1
      ===== EM models for the G4Region  DefaultRegionForTheWorld ======
     BetheHeitlerLPM : Emin=    0 eV  Emax=  100 TeV  ModifiedTsai

Rayl:  for gamma applyCuts:1  SubType=11 BuildTable=1
      Lambda table from 10 eV  to 100 keV, 20 bins/decade, spline: 0
      LambdaPrime table from 100 keV to 100 TeV in 180 bins 
      ===== EM models for the G4Region  DefaultRegionForTheWorld ======
   LivermoreRayleigh : Emin=    0 eV  Emax=  100 TeV  CullenGenerator

msc:  for e-  SubType= 10
      ===== EM models for the G4Region  DefaultRegionForTheWorld ======
            UrbanMsc : Emin=    0 eV  Emax=  100 TeV Nbins=240 100 eV  - 100 TeV
              StepLim=DistanceToBoundary Rfact=0.04 Gfact=2.5 Sfact=0.6 DispFlag:1 Skin=1 Llimit=1

eIoni:  for e-  SubType=2
      dE/dx and range tables from 10 eV  to 100 TeV in 260 bins
      Lambda tables from threshold to 100 TeV, 20 bins/decade, spline: 1
      StepFunction=(0.2, 0.1 mm), integ: 1, fluct: 1, linLossLim= 0.01
      ===== EM models for the G4Region  DefaultRegionForTheWorld ======
        MollerBhabha : Emin=    0 eV  Emax=  100 TeV  deltaVI

eBrem:  for e-  SubType=3
      dE/dx and range tables from 10 eV  to 100 TeV in 260 bins
      Lambda tables from threshold to 100 TeV, 20 bins/decade, spline: 1
      LPM flag: 1 for E > 1 GeV,  VertexHighEnergyTh(GeV)= 100000
      ===== EM models for the G4Region  DefaultRegionForTheWorld ======
             eBremSB : Emin=    0 eV  Emax=    1 GeV  AngularGen2BS
            eBremLPM : Emin=    1 GeV Emax=  100 TeV  AngularGen2BS

ePairProd:  for e-  SubType=4
      dE/dx and range tables from 10 eV  to 100 TeV in 260 bins
      Lambda tables from threshold to 100 TeV, 20 bins/decade, spline: 1
      Sampling table 25x1001; from 0.1 GeV to 100 TeV 
      ===== EM models for the G4Region  DefaultRegionForTheWorld ======
           ePairProd : Emin=    0 eV  Emax=  100 TeV  ModifiedMephi

msc:  for e+  SubType= 10
      ===== EM models for the G4Region  DefaultRegionForTheWorld ======
            UrbanMsc : Emin=    0 eV  Emax=  100 TeV Nbins=240 100 eV  - 100 TeV
              StepLim=DistanceToBoundary Rfact=0.04 Gfact=2.5 Sfact=0.6 DispFlag:1 Skin=1 Llimit=1

eIoni:  for e+  SubType=2
      dE/dx and range tables from 10 eV  to 100 TeV in 260 bins
      Lambda tables from threshold to 100 TeV, 20 bins/decade, spline: 1
      StepFunction=(0.2, 0.1 mm), integ: 1, fluct: 1, linLossLim= 0.01
      ===== EM models for the G4Region  DefaultRegionForTheWorld ======
        MollerBhabha : Emin=    0 eV  Emax=  100 TeV  deltaVI

eBrem:  for e+  SubType=3
      dE/dx and range tables from 10 eV  to 100 TeV in 260 bins
      Lambda tables from threshold to 100 TeV, 20 bins/decade, spline: 1
      LPM flag: 1 for E > 1 GeV,  VertexHighEnergyTh(GeV)= 100000
      ===== EM models for the G4Region  DefaultRegionForTheWorld ======
             eBremSB : Emin=    0 eV  Emax=    1 GeV  AngularGen2BS
            eBremLPM : Emin=    1 GeV Emax=  100 TeV  AngularGen2BS

ePairProd:  for e+  SubType=4
      dE/dx and range tables from 10 eV  to 100 TeV in 260 bins
      Lambda tables from threshold to 100 TeV, 20 bins/decade, spline: 1
      Sampling table 25x1001; from 0.1 GeV to 100 TeV 
      ===== EM models for the G4Region  DefaultRegionForTheWorld ======
           ePairProd : Emin=    0 eV  Emax=  100 TeV  ModifiedMephi

annihil:  for e+, integral:1  applyCuts:1  SubType=5 BuildTable=0
      ===== EM models for the G4Region  DefaultRegionForTheWorld ======
            eplus2gg : Emin=    0 eV  Emax=  100 TeV

msc:  for proton  SubType= 10
      ===== EM models for the G4Region  DefaultRegionForTheWorld ======
            UrbanMsc : Emin=    0 eV  Emax=  100 TeV Nbins=240 100 eV  - 100 TeV
              StepLim=Minimal Rfact=0.2 Gfact=2.5 Sfact=0.6 DispFlag:1 Skin=1 Llimit=1

hIoni:  for proton  SubType=2
      dE/dx and range tables from 10 eV  to 100 TeV in 260 bins
      Lambda tables from threshold to 100 TeV, 20 bins/decade, spline: 1
      StepFunction=(0.2, 0.05 mm), integ: 1, fluct: 1, linLossLim= 0.01
      ===== EM models for the G4Region  DefaultRegionForTheWorld ======
               Bragg : Emin=    0 eV  Emax=    2 MeV  deltaVI
          BetheBloch : Emin=    2 MeV Emax=  100 TeV  deltaVI

hBrems:  for proton  SubType=3
      dE/dx and range tables from 10 eV  to 100 TeV in 260 bins
      Lambda tables from threshold to 100 TeV, 20 bins/decade, spline: 1
      ===== EM models for the G4Region  DefaultRegionForTheWorld ======
               hBrem : Emin=    0 eV  Emax=  100 TeV  ModifiedMephi
      ===== Limit on energy threshold has been applied 

hPairProd:  for proton  SubType=4
      dE/dx and range tables from 10 eV  to 100 TeV in 260 bins
      Lambda tables from threshold to 100 TeV, 20 bins/decade, spline: 1
      Sampling table 17x1001; from 7.50618 GeV to 100 TeV 
      ===== EM models for the G4Region  DefaultRegionForTheWorld ======
           hPairProd : Emin=    0 eV  Emax=  100 TeV  ModifiedMephi

nuclearStopping:  for proton applyCuts:1  SubType=8 BuildTable=0
      ===== EM models for the G4Region  DefaultRegionForTheWorld ======
   ICRU49NucStopping : Emin=    0 eV  Emax=    1 MeV

msc:  for GenericIon  SubType= 10
      ===== EM models for the G4Region  DefaultRegionForTheWorld ======
            UrbanMsc : Emin=    0 eV  Emax=  100 TeV
              StepLim=Minimal Rfact=0.2 Gfact=2.5 Sfact=0.6 DispFlag:1 Skin=1 Llimit=1

ionIoni:  for GenericIon  SubType=2
      dE/dx and range tables from 10 eV  to 100 TeV in 260 bins
      Lambda tables from threshold to 100 TeV, 20 bins/decade, spline: 1
      StepFunction=(0.1, 0.02 mm), integ: 1, fluct: 1, linLossLim= 0.02
      ===== EM models for the G4Region  DefaultRegionForTheWorld ======
         ParamICRU73 : Emin=    0 eV  Emax=  100 TeV  deltaVI

nuclearStopping:  for GenericIon applyCuts:1  SubType=8 BuildTable=0
      ===== EM models for the G4Region  DefaultRegionForTheWorld ======
   ICRU49NucStopping : Emin=    0 eV  Emax=    1 MeV

msc:  for alpha  SubType= 10
      ===== EM models for the G4Region  DefaultRegionForTheWorld ======
            UrbanMsc : Emin=    0 eV  Emax=  100 TeV Nbins=240 100 eV  - 100 TeV
              StepLim=Minimal Rfact=0.2 Gfact=2.5 Sfact=0.6 DispFlag:1 Skin=1 Llimit=1

ionIoni:  for alpha  SubType=2
      dE/dx and range tables from 10 eV  to 100 TeV in 260 bins
      Lambda tables from threshold to 100 TeV, 20 bins/decade, spline: 1
      StepFunction=(0.1, 0.02 mm), integ: 1, fluct: 1, linLossLim= 0.02
      ===== EM models for the G4Region  DefaultRegionForTheWorld ======
            BraggIon : Emin=    0 eV  Emax=7.9452 MeV  deltaVI
          BetheBloch : Emin=7.9452 MeV Emax=  100 TeV  deltaVI

nuclearStopping:  for alpha applyCuts:1  SubType=8 BuildTable=0
      ===== EM models for the G4Region  DefaultRegionForTheWorld ======
   ICRU49NucStopping : Emin=    0 eV  Emax=    1 MeV

msc:  for anti_proton  SubType= 10
      ===== EM models for the G4Region  DefaultRegionForTheWorld ======
            UrbanMsc : Emin=    0 eV  Emax=  100 TeV Nbins=240 100 eV  - 100 TeV
              StepLim=Minimal Rfact=0.2 Gfact=2.5 Sfact=0.6 DispFlag:1 Skin=1 Llimit=1

hIoni:  for anti_proton  SubType=2
      dE/dx and range tables from 10 eV  to 100 TeV in 260 bins
      Lambda tables from threshold to 100 TeV, 20 bins/decade, spline: 1
      StepFunction=(0.2, 0.05 mm), integ: 1, fluct: 1, linLossLim= 0.01
      ===== EM models for the G4Region  DefaultRegionForTheWorld ======
            ICRU73QO : Emin=    0 eV  Emax=    2 MeV  deltaVI
          BetheBloch : Emin=    2 MeV Emax=  100 TeV  deltaVI

hBrems:  for anti_proton  SubType=3
      dE/dx and range tables from 10 eV  to 100 TeV in 260 bins
      Lambda tables from threshold to 100 TeV, 20 bins/decade, spline: 1
      ===== EM models for the G4Region  DefaultRegionForTheWorld ======
               hBrem : Emin=    0 eV  Emax=  100 TeV  ModifiedMephi
      ===== Limit on energy threshold has been applied 

hPairProd:  for anti_proton  SubType=4
      dE/dx and range tables from 10 eV  to 100 TeV in 260 bins
      Lambda tables from threshold to 100 TeV, 20 bins/decade, spline: 1
      Sampling table 17x1001; from 7.50618 GeV to 100 TeV 
      ===== EM models for the G4Region  DefaultRegionForTheWorld ======
           hPairProd : Emin=    0 eV  Emax=  100 TeV  ModifiedMephi

msc:  for kaon+  SubType= 10
      ===== EM models for the G4Region  DefaultRegionForTheWorld ======
            UrbanMsc : Emin=    0 eV  Emax=  100 TeV Nbins=240 100 eV  - 100 TeV
              StepLim=Minimal Rfact=0.2 Gfact=2.5 Sfact=0.6 DispFlag:1 Skin=1 Llimit=1

hIoni:  for kaon+  SubType=2
      dE/dx and range tables from 10 eV  to 100 TeV in 260 bins
      Lambda tables from threshold to 100 TeV, 20 bins/decade, spline: 1
      StepFunction=(0.2, 0.05 mm), integ: 1, fluct: 1, linLossLim= 0.01
      ===== EM models for the G4Region  DefaultRegionForTheWorld ======
               Bragg : Emin=    0 eV  Emax=1.05231 MeV  deltaVI
          BetheBloch : Emin=1.05231 MeV Emax=  100 TeV  deltaVI

hBrems:  for kaon+  SubType=3
      dE/dx and range tables from 10 eV  to 100 TeV in 260 bins
      Lambda tables from threshold to 100 TeV, 20 bins/decade, spline: 1
      ===== EM models for the G4Region  DefaultRegionForTheWorld ======
               hBrem : Emin=    0 eV  Emax=  100 TeV  ModifiedMephi
      ===== Limit on energy threshold has been applied 

hPairProd:  for kaon+  SubType=4
      dE/dx and range tables from 10 eV  to 100 TeV in 260 bins
      Lambda tables from threshold to 100 TeV, 20 bins/decade, spline: 1
      Sampling table 18x1001; from 3.94942 GeV to 100 TeV 
      ===== EM models for the G4Region  DefaultRegionForTheWorld ======
           hPairProd : Emin=    0 eV  Emax=  100 TeV  ModifiedMephi

msc:  for kaon-  SubType= 10
      ===== EM models for the G4Region  DefaultRegionForTheWorld ======
            UrbanMsc : Emin=    0 eV  Emax=  100 TeV Nbins=240 100 eV  - 100 TeV
              StepLim=Minimal Rfact=0.2 Gfact=2.5 Sfact=0.6 DispFlag:1 Skin=1 Llimit=1

hIoni:  for kaon-  SubType=2
      dE/dx and range tables from 10 eV  to 100 TeV in 260 bins
      Lambda tables from threshold to 100 TeV, 20 bins/decade, spline: 1
      StepFunction=(0.2, 0.05 mm), integ: 1, fluct: 1, linLossLim= 0.01
      ===== EM models for the G4Region  DefaultRegionForTheWorld ======
            ICRU73QO : Emin=    0 eV  Emax=1.05231 MeV  deltaVI
          BetheBloch : Emin=1.05231 MeV Emax=  100 TeV  deltaVI

hBrems:  for kaon-  SubType=3
      dE/dx and range tables from 10 eV  to 100 TeV in 260 bins
      Lambda tables from threshold to 100 TeV, 20 bins/decade, spline: 1
      ===== EM models for the G4Region  DefaultRegionForTheWorld ======
               hBrem : Emin=    0 eV  Emax=  100 TeV  ModifiedMephi
      ===== Limit on energy threshold has been applied 

hPairProd:  for kaon-  SubType=4
      dE/dx and range tables from 10 eV  to 100 TeV in 260 bins
      Lambda tables from threshold to 100 TeV, 20 bins/decade, spline: 1
      Sampling table 18x1001; from 3.94942 GeV to 100 TeV 
      ===== EM models for the G4Region  DefaultRegionForTheWorld ======
           hPairProd : Emin=    0 eV  Emax=  100 TeV  ModifiedMephi

msc:  for mu+  SubType= 10
      ===== EM models for the G4Region  DefaultRegionForTheWorld ======
            UrbanMsc : Emin=    0 eV  Emax=  100 TeV Nbins=240 100 eV  - 100 TeV
              StepLim=Minimal Rfact=0.2 Gfact=2.5 Sfact=0.6 DispFlag:1 Skin=1 Llimit=1

muIoni:  for mu+  SubType=2
      dE/dx and range tables from 10 eV  to 100 TeV in 260 bins
      Lambda tables from threshold to 100 TeV, 20 bins/decade, spline: 1
      StepFunction=(0.2, 0.05 mm), integ: 1, fluct: 1, linLossLim= 0.01
      ===== EM models for the G4Region  DefaultRegionForTheWorld ======
               Bragg : Emin=    0 eV  Emax=  200 keV  deltaVI
          BetheBloch : Emin=  200 keV Emax=    1 GeV  deltaVI
        MuBetheBloch : Emin=    1 GeV Emax=  100 TeV

muBrems:  for mu+  SubType=3
      dE/dx and range tables from 10 eV  to 100 TeV in 260 bins
      Lambda tables from threshold to 100 TeV, 20 bins/decade, spline: 1
      ===== EM models for the G4Region  DefaultRegionForTheWorld ======
              MuBrem : Emin=    0 eV  Emax=  100 TeV  ModifiedMephi
      ===== Limit on energy threshold has been applied 

muPairProd:  for mu+  SubType=4
      dE/dx and range tables from 10 eV  to 100 TeV in 260 bins
      Lambda tables from threshold to 100 TeV, 20 bins/decade, spline: 1
      Sampling table 21x1001; from 1 GeV to 100 TeV 
      ===== EM models for the G4Region  DefaultRegionForTheWorld ======
          muPairProd : Emin=    0 eV  Emax=  100 TeV  ModifiedMephi

msc:  for mu-  SubType= 10
      ===== EM models for the G4Region  DefaultRegionForTheWorld ======
            UrbanMsc : Emin=    0 eV  Emax=  100 TeV Nbins=240 100 eV  - 100 TeV
              StepLim=Minimal Rfact=0.2 Gfact=2.5 Sfact=0.6 DispFlag:1 Skin=1 Llimit=1

muIoni:  for mu-  SubType=2
      dE/dx and range tables from 10 eV  to 100 TeV in 260 bins
      Lambda tables from threshold to 100 TeV, 20 bins/decade, spline: 1
      StepFunction=(0.2, 0.05 mm), integ: 1, fluct: 1, linLossLim= 0.01
      ===== EM models for the G4Region  DefaultRegionForTheWorld ======
            ICRU73QO : Emin=    0 eV  Emax=  200 keV  deltaVI
          BetheBloch : Emin=  200 keV Emax=    1 GeV  deltaVI
        MuBetheBloch : Emin=    1 GeV Emax=  100 TeV

muBrems:  for mu-  SubType=3
      dE/dx and range tables from 10 eV  to 100 TeV in 260 bins
      Lambda tables from threshold to 100 TeV, 20 bins/decade, spline: 1
      ===== EM models for the G4Region  DefaultRegionForTheWorld ======
              MuBrem : Emin=    0 eV  Emax=  100 TeV  ModifiedMephi
      ===== Limit on energy threshold has been applied 

muPairProd:  for mu-  SubType=4
      dE/dx and range tables from 10 eV  to 100 TeV in 260 bins
      Lambda tables from threshold to 100 TeV, 20 bins/decade, spline: 1
      Sampling table 21x1001; from 1 GeV to 100 TeV 
      ===== EM models for the G4Region  DefaultRegionForTheWorld ======
          muPairProd : Emin=    0 eV  Emax=  100 TeV  ModifiedMephi

msc:  for pi+  SubType= 10
      ===== EM models for the G4Region  DefaultRegionForTheWorld ======
            UrbanMsc : Emin=    0 eV  Emax=  100 TeV Nbins=240 100 eV  - 100 TeV
              StepLim=Minimal Rfact=0.2 Gfact=2.5 Sfact=0.6 DispFlag:1 Skin=1 Llimit=1

hIoni:  for pi+  SubType=2
      dE/dx and range tables from 10 eV  to 100 TeV in 260 bins
      Lambda tables from threshold to 100 TeV, 20 bins/decade, spline: 1
      StepFunction=(0.2, 0.05 mm), integ: 1, fluct: 1, linLossLim= 0.01
      ===== EM models for the G4Region  DefaultRegionForTheWorld ======
               Bragg : Emin=    0 eV  Emax=297.505 keV  deltaVI
          BetheBloch : Emin=297.505 keV Emax=  100 TeV  deltaVI

hBrems:  for pi+  SubType=3
      dE/dx and range tables from 10 eV  to 100 TeV in 260 bins
      Lambda tables from threshold to 100 TeV, 20 bins/decade, spline: 1
      ===== EM models for the G4Region  DefaultRegionForTheWorld ======
               hBrem : Emin=    0 eV  Emax=  100 TeV  ModifiedMephi
      ===== Limit on energy threshold has been applied 

hPairProd:  for pi+  SubType=4
      dE/dx and range tables from 10 eV  to 100 TeV in 260 bins
      Lambda tables from threshold to 100 TeV, 20 bins/decade, spline: 1
      Sampling table 20x1001; from 1.11656 GeV to 100 TeV 
      ===== EM models for the G4Region  DefaultRegionForTheWorld ======
           hPairProd : Emin=    0 eV  Emax=  100 TeV  ModifiedMephi

msc:  for pi-  SubType= 10
      ===== EM models for the G4Region  DefaultRegionForTheWorld ======
            UrbanMsc : Emin=    0 eV  Emax=  100 TeV Nbins=240 100 eV  - 100 TeV
              StepLim=Minimal Rfact=0.2 Gfact=2.5 Sfact=0.6 DispFlag:1 Skin=1 Llimit=1

hIoni:  for pi-  SubType=2
      dE/dx and range tables from 10 eV  to 100 TeV in 260 bins
      Lambda tables from threshold to 100 TeV, 20 bins/decade, spline: 1
      StepFunction=(0.2, 0.05 mm), integ: 1, fluct: 1, linLossLim= 0.01
      ===== EM models for the G4Region  DefaultRegionForTheWorld ======
            ICRU73QO : Emin=    0 eV  Emax=297.505 keV  deltaVI
          BetheBloch : Emin=297.505 keV Emax=  100 TeV  deltaVI

hBrems:  for pi-  SubType=3
      dE/dx and range tables from 10 eV  to 100 TeV in 260 bins
      Lambda tables from threshold to 100 TeV, 20 bins/decade, spline: 1
      ===== EM models for the G4Region  DefaultRegionForTheWorld ======
               hBrem : Emin=    0 eV  Emax=  100 TeV  ModifiedMephi
      ===== Limit on energy threshold has been applied 

hPairProd:  for pi-  SubType=4
      dE/dx and range tables from 10 eV  to 100 TeV in 260 bins
      Lambda tables from threshold to 100 TeV, 20 bins/decade, spline: 1
      Sampling table 20x1001; from 1.11656 GeV to 100 TeV 
      ===== EM models for the G4Region  DefaultRegionForTheWorld ======
           hPairProd : Emin=    0 eV  Emax=  100 TeV  ModifiedMephi
G4VisManager: Using G4TrajectoryDrawByCharge as fallback trajectory model.
See commands in /vis/modeling/trajectories/ for other options.

### ===  Deexcitation model UAtomDeexcitation is activated for 25 regions:
          DefaultRegionForTheWorld  1  1  1
          cylindricalPET  1  1  1
          module  1  1  1
          unit  1  1  1
          block  1  1  1
          optical  1  1  1
          crystal  1  1  1
          capillaire1  1  1  1
          capillaire1_water  1  1  1
          capillaire2  1  1  1
          capillaire2_water  1  1  1
          capillaire3  1  1  1
          capillaire3_water  1  1  1
          capillaire4  1  1  1
          capillaire4_water  1  1  1
          capillaire5  1  1  1
          capillaire5_water  1  1  1
          capillaire_m1  1  1  1
          capillaire_m1_water  1  1  1
          capillaire_m2  1  1  1
          capillaire_m2_water  1  1  1
          capillaire_m3  1  1  1
          capillaire_m3_water  1  1  1
          capillaire_m4  1  1  1
          capillaire_m4_water  1  1  1
### ===  Ignore cuts flag:   0
(-255.872,199.499,7.49767)
(-209.627,286.205,-31.8808)
(116.412,-308.547,-11.9887)
(36.9955,-281.141,30.8822)
(117.616,-307.873,-13.6638)
(181.962,-258.931,-81.3841)
(-117.457,-292.8,-28.6247)
(-170.508,-238.426,-79.5235)
(-40.7736,317.082,36.0347)
(-206.857,277.625,11.1102)
(268.105,186.291,122.132)
(287.921,202.291,92.6058)
(56.8814,-310.659,-14.9388)
(193.564,-472.632,-70.1952)
(-327.417,-71.9466,-51.7418)
(-336.975,-13.0361,-50.6275)
(-326.704,-75.6706,-50.8113)
(-313.625,-181.237,-21.3368)
(289.766,133.334,90.4205)
(325.112,143.129,45.0091)
(291.693,-148.9,22.4297)
(300.526,-117.512,-20.0923)
(-287.632,157.361,-22.9028)
(-226.479,181.762,-2.00712)
(-237.462,224.406,105.764)
(-288.911,184.261,78.538)
(-292.188,-121.324,88.4669)
(-381.168,-9.87481,106.875)
(-292.625,-120.17,87.3742)
(-189.186,-84.5489,91.9505)
(320.926,54.285,-100.32)
(397.306,16.4632,45.9174)
(-259.906,-176.567,74.0337)
(-200.02,-155.411,113.612)
(221.33,230.911,-97.5948)
(205.996,327.181,-131.229)
(-319.793,88.4699,-72.1183)
(-333.015,25.1806,-48.7273)
(-319.779,89.8269,-69.5772)
(-335.733,56.0505,-38.0706)
(289.486,-136.936,112)
(331.677,-169.518,157.23)
(234.786,215.989,-1.84427)
(267.759,140.062,-2.78099)
(235.078,215.672,-4.6268)
(317.923,273.788,-71.7458)
(317.281,-64.7172,-42.9724)
(361.05,-83.2862,8.88858)
(-305.759,85.8643,52.8409)
(-166.717,111.998,113.208)
(-312.867,80.2319,51.5317)
(-241.006,114.588,43.2003)
(270.958,188.121,-51.6521)
(169.028,190.111,-0.645152)
(-142.902,-295.553,82.5453)
(-149.451,-288.886,-10.816)
(236.727,-222.687,47.975)
(224.077,-241.768,122.951)
(-302.81,96.0194,-20.5466)
(-302.636,58.0221,-7.83421)
(-117.354,-292.157,0.700962)
(-206.677,-362.476,-21.3399)
(21.7331,315.225,5.44228)
(-24.7614,292.114,19.2554)
(24.2525,320.322,11.8587)
(-11.3353,219.634,17.0667)
(29.0023,321.332,29.3589)
(-130.261,171.956,24.6141)
(-311.27,70.2667,-66.291)
(-378.801,96.6048,-82.4414)
(-271.338,-156.651,-107.088)
(-229.654,-142.984,-175.13)
(252.658,200.03,39.3121)
(184.066,196.945,82.2349)
(230.707,-222.958,-10.062)
(246.605,-271.63,33.591)
(-271.626,176.38,8.37381)
(-319.252,194.846,38.8803)
(-284.877,164.623,-19.9493)
(-421.671,115.69,-59.8683)
(332.813,9.12103,87.9912)
(404.12,63.7996,81.4526)
(179.364,271.019,87.0177)
(197.463,347.498,213.514)
(-280.373,-158.546,-52.5703)
(-284.368,-118.44,45.4873)
(-283.249,-157.69,-52.7545)
(-315.542,-156.678,-101.574)
(-195.351,243.05,12.0022)
(-209.647,222.09,54.7858)
(90.0115,-304.557,-54.3636)
(-3.98656,-305.617,38.2825)
(92.1001,-308.167,-56.953)
(79.8026,-226.309,-59.299)
(97.4469,-314.128,-64.9805)
(148.778,-174.302,-40.4171)
(-72.8229,312.699,57.4781)
(-39.6759,316.341,141.472)
(127.263,289.131,112.834)
(234.565,357.982,123.45)
(28.8891,-319.852,-122.122)
(-3.18891,-378.177,-133.671)
(-283.391,140.927,103.786)
(-273.172,125.805,182.428)
(-299.425,140.638,122.58)
(-359.259,108.804,179.638)
(-303.886,137.002,120.73)
(-305.214,226.041,4.75391)
(-311.045,123.13,-48.0089)
(-382.233,70.579,-23.8241)
(-310.822,122.572,-47.3878)
(-300.146,221.552,-10.9784)
(244.719,203.593,104.547)
(238.136,49.8637,230.602)
(234.529,-210.827,-46.6444)
(282.994,-225.489,-109.327)
(-179.085,262.475,56.0648)
(-149.452,276.22,-18.8531)
(-178.266,264.191,56.1864)
(-208.625,240.773,36.9088)
(-181.531,268.099,58.9198)
(-236.053,330.514,55.7033)
(29.8114,-311.872,-85.0874)
(6.51635,-381.681,-43.7332)
(-312.862,-45.9092,-22.5085)
(-353.871,-66.0973,92.4683)
(-256.612,213.784,58.1537)
(-269.44,247.077,50.9114)
(-257.342,209.464,54.4453)
(-305.437,274.805,-25.9153)
(299.367,-101.389,-42.0091)
(340.519,-4.90888,9.81768)
(144.197,279.8,103.216)
(182.792,247.619,32.7752)
(143.464,296.183,105.101)
(123.069,334.593,42.6106)
(149.172,298.4,117.535)
(122.27,352.819,55.2123)
(7.70981,-315.043,-113.799)
(-16.7164,-227.483,-87.1295)
(-298.855,-98.5694,-26.8055)
(-251.46,-92.3923,-10.9135)
(-307.281,-119.897,-33.1713)
(-225.79,-137.068,-53.0566)
(-305.732,-125.349,-36.9183)
(-341.112,12.1975,-95.1806)
(306.626,72.353,19.6035)
(321.869,72.1185,5.59534)
(309.705,72.9549,17.0582)
(162.258,53.9313,79.9308)
(-284.631,137.906,118.917)
(-233.469,244.778,78.2476)
(287.443,-128.485,-108.889)
(219.037,-170.688,-158.165)
(195.987,242.872,-102.214)
(129.924,237.184,-169.423)
(-303.195,-79.0534,55.8859)
(-309.183,-146.039,73.7253)
(316.237,31.4375,-21.8047)
(218.419,31.7546,-54.3158)
(319.339,26.7099,-16.7842)
(355.903,115.401,-78.8643)
(44.7915,-310.96,34.2478)
(69.297,-395.539,37.0784)
(47.1663,-317.5,38.1665)
(95.2672,-388.834,82.4792)
(55.1483,311.087,-30.6711)
(56.9626,411.919,27.7836)
(88.9537,316.208,-79.9612)
(156.685,368.951,-122.597)
(-263.576,-170.602,46.5847)
(-300.145,-211.452,16.7911)
(-267.523,183.995,-83.6534)
(-308.453,188.034,-58.5726)
(-267.681,184.735,-82.0818)
(-220.635,118.984,-69.9169)
(283.518,-134.976,63.0997)
(327.148,-134.687,39.256)
(277.164,153.609,-60.3057)
(238.22,176.385,-111.992)
(291.579,155.531,-55.0034)
(420.105,247.239,-47.2008)
(293.649,152.932,-56.0659)
(215.247,222.145,45.569)
(-306.54,-77.7931,28.8874)
(-329.791,57.2165,6.25974)
(-321.888,-81.2165,21.6982)
(-262.911,26.4276,-1.90391)
(-285.63,163.166,-34.6081)
(-246.468,183.369,37.9003)
(-289.013,160.179,-38.1913)
(-242.077,142.101,-19.7185)
(-294.968,157.119,-45.6113)
(-324.604,134.461,-65.5838)
(287.539,164.059,8.07922)
(239.591,240.364,48.7586)
(-305.551,-124.859,-4.66997)
(-244.945,-62.1515,111.631)
(-121.484,301.604,-15.6108)
(-118.908,243.383,-27.8374)
(-157.055,-278.687,16.8045)
(12.9564,-305.901,78.0703)
(258.444,-176.323,78.0435)
(298.984,-228.165,68.4281)
(-181.405,-268.668,-7.14442)
(-83.0957,-310.348,-2.82837)
(47.4473,321.654,3.96565)
(-11.1735,269.141,19.2903)
(-188.937,-273.648,-5.1468)
(-274.355,-205.238,1.38266)
(-323.264,7.65846,-93.1696)
(-403.351,9.67769,-44.4666)
(-255.49,-192.777,116.204)
(-318.167,-163.323,158.35)
(-258.178,-208.133,116.032)
(-200.833,-216.161,156.74)
(-258.909,-207.067,111.467)
(-167.442,-195.525,80.6975)
(284.603,147.284,-85.2737)
(173.916,215.418,35.2741)
(283.868,156.764,-85.9413)
(264.872,75.8545,-33.2837)
(250.914,185.615,118.235)
(280.99,146.507,187.312)
(243.753,195.435,122.852)
(218.441,216.9,89.5668)
(-289.41,122.816,0.966181)
(-338.733,174.547,1.18379)
(-288.637,135.253,12.979)
(-293.023,78.8265,-45.1486)
(-288.924,136.649,14.1485)
(-332.529,157.962,-30.1698)
(271.991,-164.942,-0.295515)
(345.5,-135.002,3.41806)
(54.7509,-328.055,-43.1673)
(44.6884,-321.209,-186.371)
(55.325,-327.157,-41.7904)
(-51.4495,-334.54,-23.4811)
(305.323,-83.9021,17.8725)
(359.303,-42.4766,-2.99826)
(311.425,-46.8531,-122.094)
(206.583,-0.442668,-148.461)
(-306.479,-67.0198,81.1393)
(-229.282,10.0657,45.2814)
(-308.141,-136.231,-97.5165)
(-331.453,-233.294,-126.862)
(-308.261,74.6601,118.468)
(-244.637,71.336,165.534)
(-310.685,74.5058,118.448)
(-408.588,-20.701,122.203)
(315.91,-1.13104,62.6583)
(319.475,-12.5956,112.695)
(62.5039,319.346,-81.915)
(148.663,314.025,-91.6815)
(-113.955,293.18,67.5025)
(-40.7573,284.199,51.911)
(136.409,-298.018,-67.8807)
(176.808,-241.276,-37.495)
(216.206,-247.827,114.79)
(154.391,-194.702,92.4522)
(215.031,-253.666,116.459)
(281.53,-313.997,97.4314)
(312.095,1.63014,38.6444)
(314.848,-35.6434,-12.1588)
(60.168,-316.639,28.2473)
(86.3326,-341.483,-53.935)
(70.1914,-323.738,23.0609)
(69.6701,-358.817,142.385)
(155.617,286.815,-27.2581)
(134.745,329.686,13.1925)
(-303.152,-75.7996,120.174)
(-333.82,-152.336,144.13)
(-305.855,61.1904,15.9007)
(-349.592,127.905,49.5797)
(-84.4802,301.257,-48.2821)
(-103.528,304.828,-77.2411)
(-88.6107,314.572,-71.3283)
(-129.089,366.117,-77.3509)
(-78.5161,327.262,-70.67)
(-70.8028,246.775,24.2802)
(-182.21,-259.81,62.1658)
(-195.276,-241.332,10.1342)
(-182.422,-263.065,65.042)
(-173.181,-274.909,135.171)
(315.527,-71.0332,-111.178)
(342.769,4.75744,-157.469)
(-305.714,-83.7135,-94.7819)
(-339.889,-115.654,-190.487)
(-304.803,-90.2198,-98.2889)
(-299.317,-63.386,-73.6244)
(209.461,235.017,-78.0857)
(283.759,358.373,-18.8442)
(214.523,253.378,-66.4857)
(258.606,215.815,-87.0922)
(-13.6568,314.789,97.5581)
(-3.27814,319.089,54.6543)
(-187.317,-252.318,-77.6089)
(-184.243,-255.988,-83.4243)
(-178.83,-274.59,-74.066)
(-306.66,-269.936,-69.2314)
(-170.893,-282.985,-82.0369)
(-201.714,-280.829,-83.1183)
(-214.122,-233.398,26.9799)
(-107.979,-223.653,99.0304)
(-86.1275,307.763,119.527)
(-140.925,383.109,187.26)
(-215.281,-227.348,-81.5999)
(-288.555,-241.678,-35.1166)
(-219.751,248.215,23.1057)
(-259.745,281.937,45.8736)
(-293.127,110.325,34.355)
(-316.514,-9.28479,35.7274)
(-295.528,110.497,33.8291)
(-321.5,85.4697,-5.31862)
(279.801,-185.696,-55.3442)
(322.647,-255.304,-35.6817)
(319.067,-40.2556,-49.4537)
(328.346,-47.9477,-57.3958)
(326.738,-44.8306,-55.3225)
(270.886,52.1091,-107.034)
(330.26,-49.3016,-59.9177)
(272.389,-58.1413,41.1559)
(47.4632,313.12,-122.594)
(-45.5681,346.009,-221.412)
(46.1057,314.239,-122.944)
(18.3592,414.448,-113.563)
(-28.84,-313.963,120.65)
(3.49909,-245.748,83.974)
(318.603,45.6766,-66.5004)
(283.551,-31.1781,-78.9039)
(-200.036,241.854,22.5424)
(-224.512,245.393,-6.72408)
(-199.113,247.975,15.9219)
(-307.145,199.827,-34.9177)
(78.9912,-320.598,-28.6747)
(19.0917,-289.315,-124.251)
(-332.221,43.1363,-63.2604)
(-357.062,148.053,-12.7859)
(-329.837,30.5859,-63.8171)
(-258.842,74.0393,99.4225)
(326.26,-30.3882,49.3728)
(318.909,-93.2796,46.3174)
(89.7522,-321.727,-45.4878)
(186.289,-385.198,16.5028)
(90.2146,-321.672,-44.1825)
(42.393,-365.823,-154.174)
(194.121,-244.241,-2.53648)
(175.068,-252.699,-27.4949)
(316.317,-50.1044,-113.479)
(387.611,87.4482,-67.5764)
(202.854,238.524,-69.8138)
(287.613,278.477,52.5177)
(201.098,265.22,-59.5197)
(181.391,292.054,-48.0878)
(-318.339,-88.5696,78.977)
(-347.628,-152.737,159.96)
(-136.254,-284.14,-45.1595)
(-80.5405,-300.33,-125.343)
(-133.438,-283.059,-42.6047)
(-79.3112,-374.742,-81.329)
(-128.293,286.326,22.1415)
(-176.891,271.577,45.8425)
(256.707,217.619,-118.901)
(253.41,264,-161.749)
(-56.0426,-313.11,112.498)
(-96.3151,-293.331,56.6249)
(255.709,185.458,-68.504)
(278.864,236.779,-7.52589)
(275.274,189.783,-67.6756)
(227.134,232.343,-77.479)
(271.637,193.202,-66.2603)
(215.671,263.32,-31.6419)
(-66.9362,308.775,-104.671)
(31.4546,320.922,-113.325)
(-148.1,-275.467,96.8865)
(-93.2579,-263.845,130.46)
(290.89,-118.334,-38.5782)
(329.343,-5.93886,-11.3113)
(-40.4701,-313.561,-69.8437)
(7.78444,-297.549,-42.0158)
(179.102,258.157,59.0509)
(90.4329,392.577,85.6405)
(170.362,290.844,66.3857)
(209.432,339.402,-41.1368)
(169.159,290.224,81.0794)
(214.824,291.156,90.6686)
(263.096,195.98,-63.3705)
(269.693,50.2687,-70.8212)
(264.689,199.597,-53.8602)
(334.532,153.393,-23.302)
(-54.5394,-308.765,120.436)
(-115.821,-282.021,138.841)
(-290.602,-120.338,-27.7254)
(-316.946,-75.9658,-90.2199)
(-312.346,-98.6649,-103.122)
(-257.618,-200.812,-164.966)
(-309.473,-93.5379,-101.221)
(-288.438,-173.807,-105.939)
(97.5255,-304.576,-55.6201)
(128.544,-216.74,-23.2987)
(-1.35647,327.394,62.5696)
(3.51845,261.975,59.3595)
(213.144,256.986,-117.962)
(258.095,276.951,-85.0454)
(312.367,53.9975,51.8994)
(283.991,91.5713,44.7469)
(-317.293,-57.5664,-54.9944)
(-304.894,-61.0622,4.22539)
(-319.742,-51.6716,-46.0992)
(-331.006,17.2047,-54.9988)
(309.253,-72.2877,-112.134)
(293.143,-146.132,-41.923)
(319.697,63.0226,118.659)
(273.797,36.8084,138.952)
(-305.973,-64.6484,-120.04)
(-207.736,-39.1479,-165.745)
(313.193,0.930235,83.5051)
(339.458,13.9899,69.5707)
(312.176,-0.298596,86.9003)
(237.337,180.105,182.146)
(-68.3084,304.849,114.081)
(-117.939,369.768,76.2546)
(-71.3165,305.401,113.946)
(-44.2617,305.545,60.3202)
(-31.0066,-320.197,-122.038)
(-26.1607,-295.888,-111.254)
(-178.292,-266.098,85.8073)
(-77.7975,-330.407,131.152)
(197.286,265.212,-88.996)
(110.743,310.162,-197.39)
(136.767,287.31,8.21341)
(158.461,241.901,45.122)
(136.676,287.715,7.82529)
(152.048,215.606,12.6445)
(143.454,-290.777,-5.11531)
(163.041,-250.198,-74.0515)
(-180.923,265.456,107.394)
(-221.859,243.262,99.5268)
(-199.672,252.184,105.66)
(-163.315,140.494,153.192)
(305.934,-77.5234,-0.960595)
(270.683,36.1066,8.67353)
(-296.712,-118.244,104.792)
(-353.351,-244.131,101.272)
(298.944,-95.2144,104.579)
(278.899,-96.6968,86.2257)
(-1.45548,314.936,98.3908)
(-88.9205,361.795,8.29461)
(-235.803,-217.354,-69.3757)
(-147.964,-254.872,-88.4889)
(-235.796,-216.65,-69.1391)
(-225.893,-151.238,20.3923)
(286.132,-155.47,79.466)
(254.43,-170.713,122.388)
(284.35,-159.234,73.0434)
(295.15,-218.231,115.109)
(-129.09,289.366,47.1314)
(-131.442,175.516,71.3209)
(-130.327,287.892,44.7193)
(-139.352,284.714,-19.1305)
(144.949,-280.833,-44.1055)
(76.8649,-390.341,-55.0316)
(147.871,-284.937,-42.4749)
(177.747,-280.676,-113.567)
(178.712,267.212,57.5625)
(212.311,223.788,-6.86366)
(-309.597,49.9711,35.5458)
(-387.577,39.3944,-33.6699)
(-316.525,49.154,37.2133)
(-443.003,14.1438,66.6536)
(-322.557,55.6913,20.256)
(-425.532,134.977,38.2148)
(292.574,-128.195,-90.8649)
(401.819,-23.1449,-71.8783)
(-79.758,-308.949,60.0414)
(-14.8955,-376.535,28.2168)
(269.944,182.598,-34.0039)
(180.609,228.355,-119.417)
(-159.797,-290.996,-87.0585)
(-88.7665,-279.358,-99.9302)
(-161.572,-291.734,-90.699)
(-215.509,-212.348,-69.7223)
(-333.996,-14.0008,44.9977)
(-226.715,-153.246,141.746)
(333.198,5.90254,-15.682)
(280.243,48.5451,-85.5444)
(286.196,-141.302,68.0242)
(176.637,-113.703,62.7832)
(231.32,212.97,-68.2084)
(245.839,99.5599,-88.78)
(-43.5459,317.738,50.0554)
(-115.688,376.168,-9.3031)
(136.476,-294.571,-43.0375)
(148.488,-239.282,13.8936)
(-31.727,-318.524,122.471)
(-45.0785,-346.292,-13.8755)
(260.952,173.144,-67.2473)
(213.614,86.6877,-103.726)
(-148.307,-295.433,109.978)
(-106.841,-366.513,5.7923)
(196.821,-268.277,64.2236)
(169.892,-243.65,-2.77304)
(-286.304,152.422,-35.1002)
(-304.318,156.716,78.5858)
(86.4998,-311.727,-98.8697)
(106.335,-364.302,-166.6)
(11.1111,330.477,105.936)
(10.8629,341.489,32.211)
(17.1512,329.462,106.885)
(13.1768,332.48,114.164)
(308.489,126.936,120.786)
(253.002,56.1738,160.571)
(300.751,126.239,118.166)
(335.095,159.768,155.073)
(6.66819,322.569,-86.9404)
(-109.121,248.197,-89.5303)
(228.228,221.669,16.2204)
(182.04,141.156,38.0754)
(-267.95,-172.781,-12.5753)
(-377.057,-165.045,-4.06755)
(-313.479,102.062,103.4)
(-372.944,136.418,101.903)
(-173.459,-263.275,-78.759)
(-66.7665,-280.834,0.884907)
(-31.3849,324.113,97.6848)
(-77.6166,222.23,63.2818)
(-27.2795,334.578,94.4631)
(-178.153,438.184,202.532)
(-137.271,293.744,-62.941)
(-82.5149,281.531,-35.4143)
(-86.1965,308.531,33.196)
(-116.404,266.851,-14.5274)
(213.696,-256.947,-18.4181)
(313.411,-198.047,16.1472)
(-192.956,257.576,14.5622)
(-221.749,261.825,-54.3405)
(307.051,100.373,61.8051)
(283.227,82.8388,11.6664)
(312.838,119.654,55.7823)
(267.57,88.0386,100.765)
(158.195,-276.32,-1.8724)
(86.1627,-210.183,-28.4546)
(161.695,-288.707,-16.3066)
(207.073,-349.478,45.8556)
(53.0657,329.764,3.37064)
(14.0057,301.599,41.1341)
(121.431,-293.195,122.551)
(87.7639,-304.538,103.646)
(280.301,-154.643,107.853)
(238.652,-100.374,111.338)
(-290.238,148.5,35.3622)
(-205.178,159.23,4.87342)
(-299.378,151.049,40.1998)
(-372.787,124.666,31.1719)
(-0.749168,-313.001,70.4642)
(25.2052,-309.307,-40.1897)
(-316.353,116.617,-46.5782)
(-275.228,-14.9608,-12.452)
(228.385,-243.936,95.546)
(224.613,-286.555,28.8786)
(313.442,49.2366,-49.5704)
(340.698,-59.7598,-36.7531)
(-322.365,-84.4813,86.754)
(-332.277,-93.0085,132.481)
(-189.608,-262.161,-85.9373)
(-140.123,-185.179,-132.459)
(-15.634,317.464,107.737)
(-8.08159,301.791,179.231)
(-19.8081,319.894,106.278)
(-56.1649,367.018,124.852)
(-305.117,-65.5898,4.21799)
(-320.026,-44.8474,21.9424)
(303.467,-92.9898,-114.644)
(390.665,-135.177,-92.6307)
(-310.923,-40.9889,111.436)
(-288.626,-21.7217,27.8672)
(-306.157,92.1739,20.5598)
(-358.79,190.078,2.11139)
(285.054,-148.296,-32.4191)
(292.444,-225.207,-63.2142)
(284.969,-147.819,-31.514)
(305.769,-83.1867,-35.7819)
(256.088,-191.166,-33.854)
(293.89,-68.6716,-72.1052)
(261.346,-184.71,-17.2374)
(190.149,-138.604,-20.6834)
(-53.6059,320.816,61.2469)
(-90.8495,284.908,92.8502)
(-50.3098,320.934,60.3024)
(-83.5383,318.92,65.6884)
(158.982,277.002,-117.628)
(42.8167,319.306,-99.3444)
(-247.752,-211.442,-119.769)
(-252.121,-227.592,-139.402)
(-254.899,-215.577,-121.81)
(-253.602,-197.628,-72.3554)
(65.3255,-328.375,-61.5416)
(45.4659,-345.657,2.53866)
(-254.442,182.888,33.2688)
(-246.889,182.574,-41.7627)
(-255.416,180.967,33.386)
(-246.734,129.137,74.8921)
(185.661,-276.43,80.4262)
(192.225,-291.272,81.8787)
(90.2851,299.845,-91.0786)
(72.9819,284.388,-34.4771)
(283.211,136.613,81.4159)
(155.922,211.771,87.9837)
(-308.917,-65.4538,117.689)
(-250.251,-124.881,82.1867)
(247.095,201.976,-5.12063)
(276.2,225.971,4.70553)
(83.1787,307.286,107.077)
(149.058,383.27,93.6562)
(135.392,-305.606,-109.035)
(156.108,-385.847,-169.721)
(90.8189,302.183,15.432)
(19.1952,257.354,-48.4574)
(86.8198,303.799,11.6048)
(117.376,240.977,-123.525)
(71.4618,311.042,7.60151)
(29.6958,333.246,-44.3619)
(183.98,277.516,106.41)
(209.219,238.17,65.2751)
(49.8735,-310.415,-88.1991)
(-11.3179,-277.961,-188.378)
(48.0051,-310.018,-93.4756)
(6.65182,-430.635,-92.1295)
(-247.189,-194.746,-43.286)
(-183.442,-124.095,-44.5523)
(-249.327,-202.69,-49.1512)
(-184.723,-154.965,-47.9729)
(145.112,-286.667,-30.8704)
(102.555,-207.702,-13.1741)
(-54.0036,310.997,30.122)
(-113.346,312.815,9.26354)
(-55.5727,310.449,31.4677)
(-62.7191,312.357,-60.3611)
(-293.969,-134.393,-87.8219)
(-253.71,-47.0128,-114.664)
(313.474,67.3494,46.1117)
(280.581,57.6549,7.46036)
(321.681,64.2878,41.2069)
(215.478,83.8906,132.618)
(306.641,-133.624,78.1774)
(268.721,-38.541,-50.6842)
(-27.8035,315.758,99.7946)
(-53.795,370.324,81.1287)
(217.239,-244.706,-83.0966)
(197.672,-362.811,-126.797)
(214.493,-245.039,-82.2695)
(333.53,-155.317,-83.4537)
(305.307,83.828,-100.495)
(347.892,91.8195,-73.0037)
(-328.08,-30.4742,-118.089)
(-307.144,-75.4029,-130.093)
(-128.582,-291.568,57.2405)
(-211.813,-352.388,30.9293)
(280.982,-148.95,77.7519)
(363.45,-147.645,135.517)
(296.312,-151.236,80.0785)
(393.579,-78.2475,148.844)
(-306.982,93.9014,-48.5617)
(-331.294,154.516,-22.6995)
(-243.462,-197.567,2.61902)
(-300.138,-177.148,13.6493)
(-260.175,-213.816,14.0981)
(-257.972,-264.627,-49.9285)
(274.009,151.766,-2.43092)
(300.592,180.387,-105.283)
(-80.9586,306.822,-46.5754)
(-200.722,361.454,-0.418675)
(-82.5962,302.66,-43.4941)
(-36.9847,367.786,9.97855)
(-138.209,-302.341,48.3167)
(-138.641,-256.081,45.6602)
(-136.888,-305.319,49.4474)
(-204.397,-294.488,52.5753)
(293.744,136.066,51.831)
(177.459,247.666,97.3323)
(-219.299,-243.132,-89.0027)
(-237.169,-176.396,-51.3125)
(-212.01,-240.785,-82.4436)
(-149.98,-211.454,-135.866)
(25.7446,-334.819,-15.676)
(13.4316,-259.118,29.4687)
(72.0734,305.662,-108.281)
(45.0676,285.237,-175.821)
(-57.2641,-325.287,116.007)
(-41.338,-293.301,108.479)
(184.979,-259.703,-15.2687)
(103.473,-316.542,-38.5943)
(17.47,317.588,20.3212)
(14.3187,388.858,22.9883)
(303.916,-91.0389,-120.253)
(311.226,-103.873,-82.5928)
(45.0591,313.482,11.5399)
(-70.9868,305.177,64.6113)
(-25.2586,-318.012,-15.5659)
(0.748808,-215.705,-16.7271)
(-306.604,-116.647,-116.867)
(-277.339,-142.3,-145.435)
(-309.919,-117.18,-115.27)
(-383.389,-172.534,-147.34)
(287.577,-122.002,96.7536)
(250.32,-146.835,96.5127)
(-83.381,325.726,-1.76345)
(-176.791,352.192,-63.537)
(97.8088,-306.542,1.91549)
(60.8572,-314.158,-6.23773)
(-245.77,-223.606,92.9664)
(-234.256,-215.898,109.871)
(276.316,185.729,-108.129)
(173.701,117.194,-22.7505)
(323.989,-63.1616,-87.6109)
(316.061,4.08395,89.8364)
(232.572,-240.649,29.5863)
(233.203,-252.502,16.4614)
(316.718,117.103,8.97004)
(357.359,70.3139,70.6428)
(-287.916,-148.651,-8.07429)
(-253.737,-77.803,5.42497)
(-272.457,159.969,112.941)
(-309.746,115.34,221.365)
(-276.673,165.219,115.438)
(-252.548,127.605,145.319)
(-278.978,187.794,124.244)
(-261.003,87.0391,185.691)
(25.4042,312.701,-59.3736)
(-12.947,420.53,-68.3079)
(276.83,163.184,113.727)
(319.675,126.169,103.067)
(282.083,164.917,119.103)
(353.962,64.092,180.376)
(279.724,-143.019,-122.77)
(205.801,-82.8898,-119.766)
(-309.217,73.3225,63.6427)
(-376.752,93.6756,58.9472)
(-309.254,71.3014,64.7695)
(-341.552,84.7346,26.5107)
(-306.268,66.4156,66.08)
(-225.016,119.857,53.1148)
(289.45,-130.301,59.9873)
(345.516,-168.868,-10.445)
(-324.838,53.1286,-18.429)
(-409.435,57.6439,-31.1236)
(-308.875,94.8765,122.986)
(-273.264,177.214,100.883)
(-161.607,294.74,81.285)
(-239.864,270.998,155.439)
(66.2039,-308.853,-83.6139)
(96.8069,-361.121,-74.856)
(61.2871,-310.176,-79.7773)
(-0.613517,-263.491,-91.262)
(238.74,-210.615,11.6328)
(208.319,-212.299,24.9321)
(240.558,-210.33,7.59554)
(215.15,-227.641,-26.9879)
(306.968,59.7742,-50.8827)
(377.194,73.143,-96.2363)
(313.124,50.9232,-51.9796)
(356.219,54.2749,-72.879)
(-301.391,84.4189,-86.7351)
(-266.608,129.559,-96.3558)
(-300.327,86.5246,-86.627)
(-344.2,119.461,-65.9226)
(-146.898,-275.575,-121.708)
(-244.325,-332.027,-75.8785)
(-3.79626,334.775,26.7761)
(-33.2796,441.961,150.631)
(-157.916,-277.712,-49.5352)
(-141.115,-269.825,-7.30573)
(20.7146,317.314,106.379)
(-27.9686,461.886,167.966)
(-314.776,20.1703,104.037)
(-265.585,22.4378,66.7104)
(-327.789,14.9448,117.971)
(-334.364,-20.1628,82.0807)
(-326.434,17.0656,117.977)
(-303.933,61.0408,253.53)
(326.683,-19.7173,-105.767)
(352.496,11.4043,-141.934)
(314.098,24.7257,88.6336)
(362.274,137.419,121.456)
(-150.291,-281.44,-19.3441)
(-114.621,-341.992,-2.58073)
(-150.494,-276.691,-8.78536)
(-202.34,-340.295,-8.85459)
(-306.201,60.8902,46.7515)
(-273.497,19.5713,-78.3584)
(324.299,-46.6068,-38.9044)
(271.069,-121.481,-44.4192)
(324.77,-49.6177,-37.4782)
(388.303,-7.39088,10.8863)
(-281.158,-146.306,-97.2773)
(-304.63,-188.99,-153.512)
(-279.011,-150.809,-105.717)
(-259.765,-271.689,-43.3773)
(-257.335,211.819,-124.212)
(-219.882,208.173,-46.5255)
(62.2338,307.013,89.8122)
(43.8593,225.9,145.016)
(-157.982,-295.465,-85.0552)
(-88.135,-228.035,-62.0616)
(310.485,67.0388,77.7474)
(324.441,173.361,133.899)
(310.869,64.9623,78.2049)
(296.902,113.68,115.769)
(-284.537,-127.786,-113.646)
(-228.902,-187.138,-28.4802)
(132.479,294.088,21.3727)
(139.394,280.103,22.4722)
(125.147,309.446,15.0485)
(-19.0842,357.718,-6.64672)
(84.4217,-320.625,-26.9585)
(99.283,-262.467,-115.26)
(-150.764,291.2,122.934)
(-231.193,210.647,188.837)
(52.5987,-317.658,123.695)
(41.561,-261.522,193.761)
(-89.8538,-308.762,51.9556)
(-160.727,-383.738,129.2)
(271.867,-177.001,-14.8327)
(292.25,-162.851,4.90246)
(292.634,-150.146,-69.1237)
(246.523,-143.286,-78.4532)
(-252.831,187.003,89.079)
(-264.635,202.067,48.4987)
(-263.726,183.799,95.7028)
(-287.204,225.006,101.024)
(-267.506,189.528,97.8004)
(-341.268,196.104,117.826)
(299.136,95.3237,-13.0718)
(213.181,-21.8302,-70.2366)
(300.268,91.4371,-12.3314)
(310.992,189.597,-5.79339)
(57.0089,-314.039,-94.998)
(-39.1713,-457.703,-31.2277)
(-193.445,257.846,79.5109)
(-72.6189,282.753,119.574)
(-200.447,269.389,69.0691)
(-208.161,266.134,34.3821)
(-332.275,21.2602,123.09)
(-213.453,-26.2056,200.128)
(115.402,300.554,-104.755)
(198.284,367.731,-97.44)
(115.597,299.757,-103.914)
(141.956,237.916,-96.2921)
(-102.468,-321.05,112.674)
(-96.4962,-367.953,183.013)
(-101.396,-320.923,112.224)
(-121.858,-348.943,119.662)
(311.574,47.3695,-71.5071)
(303.378,-39.9675,-50.9754)
(-121.792,-301.588,-21.98)
(-53.9082,-299.197,-63.7033)
(326.517,-70.2006,-79.6522)
(311.241,24.3096,-183.658)
(265.504,-178.819,-4.8305)
(295.326,-348.194,-107.813)
(-306.934,73.8946,3.92079)
(-211.733,148.821,33.3328)
(-207.874,-262.612,102.01)
(-94.5674,-372.233,199.074)
(123.496,287.266,-110.581)
(167.415,304.3,-125.088)
(156.334,-271.375,35.7348)
(137.477,-232.312,18.3753)
(-320.329,-14.3874,-62.9452)
(-297.146,24.5039,-47.8894)
(306.844,78.2135,-37.6494)
(294.343,157.853,-54.6493)
(-267.01,-190.526,87.4872)
(-267.355,-148.556,133.353)
(-270.402,-160.661,0.166983)
(-107.822,-179.245,-20.5006)
(-271.744,-162.499,-0.598228)
(-415.951,-184.378,-42.4176)
(-273.179,-166.128,4.09438)
(-289.433,-217.325,152.437)
(234.652,208.217,-3.96163)
(232.791,194.254,-19.9724)
(18.8272,315.408,96.903)
(63.5317,241.055,161.247)
(81.1313,-314.478,-96.3089)
(-19.2531,-348.99,-65.2891)
(80.0652,-318.349,-97.7504)
(107.121,-288.275,-71.9586)
(79.7958,-320.957,-93.0874)
(83.4284,-218.467,-73.0687)
(-293.891,-140.969,85.8764)
(-254.715,-136.844,54.4188)
(-6.70006,312.349,122.597)
(5.18755,305.953,94.4833)
(155.557,-272.026,-103.85)
(212.703,-213.092,-166.587)
(154.833,-275.791,-105.371)
(191.208,-241.452,-77.3678)
(-329.334,-7.02226,-95.4989)
(-465.692,93.0414,-74.3603)
(-263.007,-184.893,35.2615)
(-215.755,-196.603,90.6574)
(127.165,285.826,-51.1565)
(140.526,372.643,96.827)
(-152.822,-291.339,-87.8197)
(-204.078,-326.236,-133.413)
(243.638,204.244,59.8711)
(298.692,129.966,79.8355)
(262.255,211.168,65.7305)
(244.52,266.255,-32.9931)
(-240.588,224.232,18.5576)
(-291.365,323.523,-81.3223)
(291.881,-116.382,-13.0086)
(269.975,-132.269,-51.8755)
(290.818,-118.037,-13.2943)
(242.258,-158.463,47.1145)
(290.931,-118.12,-13.4557)
(330.242,-155.558,41.7138)
(-274.184,152.871,-92.7181)
(-236.904,119.621,-72.5543)
(-272.273,153.417,-94.1852)
(-201.23,189.676,-161.226)
(5.895,-315.794,6.25416)
(-91.09,-280.059,16.181)
(-313.966,62.894,65.1099)
(-358.412,-42.2059,179.308)
(-313.972,61.094,63.7683)
(-396.058,31.0078,8.25773)
(-176.301,-263.375,-51.8005)
(-211.096,-237.21,-38.1944)
(150.873,282.444,-57.0091)
(147.808,247.78,-17.9476)
(149.821,278.451,-59.8048)
(116.691,248.031,-75.3929)
(-245.409,225.956,48.6666)
(-131.847,129.894,143.452)
(128.774,-286.139,-59.1806)
(299.073,-274.797,-4.67848)
(128.228,-294.727,-59.7875)
(200.742,-248.97,-144.176)
(327.986,-29.1013,-42.8561)
(304.257,-61.782,-12.2164)
(-317.061,71.9277,111.074)
(-353.363,81.322,130.331)
(-319.481,73.6745,110.96)
(-396.448,184.794,54.5959)
(-56.0181,-323.107,96.8261)
(-49.1522,-325.063,92.012)
(-202.108,240.926,-70.5058)
(-230.993,220.229,-102.335)
(113.234,-297.323,-36.9468)
(143.441,-302.637,-102.746)
(113.229,-303.201,-33.2869)
(108.389,-388.595,8.86643)
(44.6133,310.777,34.9019)
(41.5479,312.992,73.5452)
(41.7381,316.85,36.3376)
(2.4586,326.756,63.5918)
(41.7349,325.526,46.0362)
(66.4431,389.272,120.786)
(277.549,146.847,66.9651)
(269.398,136.18,81.5558)
(-254.966,-196.462,-88.8785)
(-255.321,-107.664,-76.3108)
(309.961,-59.325,-50.5073)
(185.72,-82.989,-76.6713)
(312.798,-63.4571,-49.1388)
(249.585,-33.9118,-79.3221)
(-306.57,63.1625,57.7372)
(-306.5,100.117,76.5156)
(-266.565,185.986,-125.146)
(-285.88,133.46,-137.866)
(-259.982,194.338,-72.8236)
(-293.407,127.225,30.4476)
(-262.028,192.743,-73.5004)
(-253.363,179.925,-149.062)
(-270.556,188.629,-77.3812)
(-244.652,219.92,-14.2346)
(51.9175,-309.705,119.673)
(153.238,-296.417,63.8235)
(-325.206,-24.016,46.8503)
(-338.215,-17.8767,117.483)
(-331.39,-11.159,56.2028)
(-414.761,-53.9184,-39.0602)
(-32.0239,-314.117,-85.5193)
(-13.3546,-221.767,-129.608)
(-67.3153,309.971,84.1789)
(-20.9191,353.235,-35.9354)
(209.706,-241.604,112.943)
(265.819,-317.724,149.527)
(221.718,-251.317,116.858)
(159.03,-266.464,150.339)
0 events have been kept for refreshing and/or reviewing.
  "/vis/reviewKeptEvents" to review them one by one.
  "/vis/enable", then "/vis/viewer/flush" or "/vis/viewer/rebuild" to see them accumulated.
[Core-0] End of macro ./split/.Gate/main124/main2.mac
Graphics systems deleted.
Visualization Manager deleting...
