[G4] 
[G4] **************************************************************
[G4]  Geant4 version Name: geant4-10-07-patch-02    (11-June-2021)
[G4]                        Copyright : Geant4 Collaboration
[G4]                       References : NIM A 506 (2003), 250-303
[G4]                                  : IEEE-TNS 53 (2006), 270-278
[G4]                                  : NIM A 835 (2016), 186-225
[G4]                              WWW : http://geant4.org/
[G4] **************************************************************
[G4] 
[Core-0] Initialization of geometry
[Core-0] Initialization of physics
[Core-0] Initialization of actors
[Core-0] 
[Core-0] *************************************************
[Core-0]  GATE version 9.1 (2021)
[Core-0]  Copyright : OpenGATE Collaboration
[Core-0]  Reference : Phys. Med. Biol. 49 (2004) 4543-4561
[Core-0]  Reference : Phys. Med. Biol. 56 (2011) 881-901
[Core-0]  Reference : Med. Phys. 41(6)    (2014)
[Core-0]  http://www.opengatecollaboration.org        
[Core-0] *************************************************
[Core-0] 
[Core-0] You are using Geant4 version 10.7.2
[Core-0] Starting macro ./split/.Gate/main124/main11.mac
0: RINDEX
1.84e-06   1.00028
4.08e-06   1.00028
9: GROUPVEL
1.84e-06   299.709
4.08e-06   299.709
16: ABSLENGTH
1.84e-06   50000
4.08e-06   50000
 <!> *** WARNING *** <!>  GateMaterialDatabase: Multiple definition of element: Yttrium.
The definition in ClMind_GateMaterials.db was used.


GATE object:        'systems/cylindricalPET'
Components:

GATE object:        'systems/cylindricalPET/base'
Attached to volume: cylindricalPET
Nb of children:       1

	GATE object:        'systems/cylindricalPET/rsector'
	Attached to volume: module
	Nb of children:       1

		GATE object:        'systems/cylindricalPET/module'
		Attached to volume: unit
		Nb of children:       1

			GATE object:        'systems/cylindricalPET/submodule'
			Attached to volume: block
			Nb of children:       1

				GATE object:        'systems/cylindricalPET/crystal'
				Attached to volume: optical
				Nb of children:       4

					GATE object:        'systems/cylindricalPET/layer0'
					Attached to volume: crystal
					Nb of children:       0

					GATE object:        'systems/cylindricalPET/layer1'
					Attached to volume: ---
					Nb of children:       0

					GATE object:        'systems/cylindricalPET/layer2'
					Attached to volume: ---
					Nb of children:       0

					GATE object:        'systems/cylindricalPET/layer3'
					Attached to volume: ---
					Nb of children:       0
geometrical design type: 1
ring diameter: -3.95 mm 
rsector axial pitch: 0 fm 
rsector azimuthal pitch: 12.8571 degree
rsector tangential size: 2.5 cm 
rsector axial size: 25.04 cm 
module axial size: 4.784 cm 
module tangential size: 2.5 cm 
module axial pitch: 0 fm 
module tangential pitch: 0 fm 
submodule axial size: 4.784 cm 
submodule tangential size: 2.5 cm 
submodule axial pitch: 0 fm 
submodule tangential pitch: 0 fm 
crystal radial size: 1.59 cm 
crystal axial size: 1.59 cm 
crystal tangential size: 2.5 cm 
crystal axial pitch: 0 fm 
crystal tangential pitch: 0 fm 
layer0 radial size: 3.95 mm 
in layer0 interaction length: 1.975 mm 
Axial nb of rsectors: 1
Azimuthal nb of rsectors: 28
Axial nb of modules: 1
Tangential nb of modules: 1
Axial nb of submodules: 1
Tangential nb of submodules: 1
Axial nb of crystals: 1
Tangential nb of crystals: 1
Radial nb of layers: 1
[Physic-0] The following Geant4's physic-list is enabled :emstandard_opt3


List of Enabled processes:




List of initialized processes:


[Core-0] Initialization of geometry
[Core-0] Initialization of physics
[Core-0] Initialization of actors
 <!> *** WARNING *** <!>  The 'energytype' option is DEPRECATED, use 'ene/type' instead!
 <!> *** WARNING *** <!>  The 'energytype' option is DEPRECATED, use 'ene/type' instead!
 <!> *** WARNING *** <!>  The 'energytype' option is DEPRECATED, use 'ene/type' instead!
 <!> *** WARNING *** <!>  The 'energytype' option is DEPRECATED, use 'ene/type' instead!
 <!> *** WARNING *** <!>  The 'energytype' option is DEPRECATED, use 'ene/type' instead!
 <!> *** WARNING *** <!>  The 'energytype' option is DEPRECATED, use 'ene/type' instead!
 <!> *** WARNING *** <!>  The 'energytype' option is DEPRECATED, use 'ene/type' instead!
 <!> *** WARNING *** <!>  The 'energytype' option is DEPRECATED, use 'ene/type' instead!
 <!> *** WARNING *** <!>  The 'energytype' option is DEPRECATED, use 'ene/type' instead!
[Acquisition-0]   
[Acquisition-0] ============= Source initialization =============
[Acquisition-0]   
[Acquisition-0] ============= Acquisition starts! =============
[Acquisition-0] Simulation start time = 0 sec
[Acquisition-0] Simulation end time   = 1 sec
[Acquisition-0] Simulation will have  = 1 run(s)
[Acquisition-0] Slice 0 from 0 to 1 s [slice=1 s]

### ===  Deexcitation model UAtomDeexcitation is activated for 25 regions:
          DefaultRegionForTheWorld  1  1  1
          cylindricalPET  1  1  1
          module  1  1  1
          unit  1  1  1
          block  1  1  1
          optical  1  1  1
          crystal  1  1  1
          capillaire1  1  1  1
          capillaire1_water  1  1  1
          capillaire2  1  1  1
          capillaire2_water  1  1  1
          capillaire3  1  1  1
          capillaire3_water  1  1  1
          capillaire4  1  1  1
          capillaire4_water  1  1  1
          capillaire5  1  1  1
          capillaire5_water  1  1  1
          capillaire_m1  1  1  1
          capillaire_m1_water  1  1  1
          capillaire_m2  1  1  1
          capillaire_m2_water  1  1  1
          capillaire_m3  1  1  1
          capillaire_m3_water  1  1  1
          capillaire_m4  1  1  1
          capillaire_m4_water  1  1  1
### ===  Ignore cuts flag:   0

phot:  for gamma applyCuts:1  SubType=12 BuildTable=0
      LambdaPrime table from 200 keV to 100 TeV in 174 bins 
      ===== EM models for the G4Region  DefaultRegionForTheWorld ======
 LivermorePhElectric : Emin=    0 eV  Emax=  100 TeV  SauterGavrila Fluo

compt:  for gamma applyCuts:1  SubType=13 BuildTable=1
      Lambda table from 10 eV  to 1 MeV, 20 bins/decade, spline: 1
      LambdaPrime table from 1 MeV to 100 TeV in 160 bins 
      ===== EM models for the G4Region  DefaultRegionForTheWorld ======
        KleinNishina : Emin=    0 eV  Emax=  100 TeV Fluo

conv:  for gamma applyCuts:1  SubType=14 BuildTable=1
      Lambda table from 1.022 MeV to 100 TeV, 20 bins/decade, spline: 1
      ===== EM models for the G4Region  DefaultRegionForTheWorld ======
     BetheHeitlerLPM : Emin=    0 eV  Emax=  100 TeV  ModifiedTsai

Rayl:  for gamma applyCuts:1  SubType=11 BuildTable=1
      Lambda table from 10 eV  to 100 keV, 20 bins/decade, spline: 0
      LambdaPrime table from 100 keV to 100 TeV in 180 bins 
      ===== EM models for the G4Region  DefaultRegionForTheWorld ======
   LivermoreRayleigh : Emin=    0 eV  Emax=  100 TeV  CullenGenerator

msc:  for e-  SubType= 10
      ===== EM models for the G4Region  DefaultRegionForTheWorld ======
            UrbanMsc : Emin=    0 eV  Emax=  100 TeV Nbins=240 100 eV  - 100 TeV
              StepLim=DistanceToBoundary Rfact=0.04 Gfact=2.5 Sfact=0.6 DispFlag:1 Skin=1 Llimit=1

eIoni:  for e-  SubType=2
      dE/dx and range tables from 10 eV  to 100 TeV in 260 bins
      Lambda tables from threshold to 100 TeV, 20 bins/decade, spline: 1
      StepFunction=(0.2, 0.1 mm), integ: 1, fluct: 1, linLossLim= 0.01
      ===== EM models for the G4Region  DefaultRegionForTheWorld ======
        MollerBhabha : Emin=    0 eV  Emax=  100 TeV  deltaVI

eBrem:  for e-  SubType=3
      dE/dx and range tables from 10 eV  to 100 TeV in 260 bins
      Lambda tables from threshold to 100 TeV, 20 bins/decade, spline: 1
      LPM flag: 1 for E > 1 GeV,  VertexHighEnergyTh(GeV)= 100000
      ===== EM models for the G4Region  DefaultRegionForTheWorld ======
             eBremSB : Emin=    0 eV  Emax=    1 GeV  AngularGen2BS
            eBremLPM : Emin=    1 GeV Emax=  100 TeV  AngularGen2BS

ePairProd:  for e-  SubType=4
      dE/dx and range tables from 10 eV  to 100 TeV in 260 bins
      Lambda tables from threshold to 100 TeV, 20 bins/decade, spline: 1
      Sampling table 25x1001; from 0.1 GeV to 100 TeV 
      ===== EM models for the G4Region  DefaultRegionForTheWorld ======
           ePairProd : Emin=    0 eV  Emax=  100 TeV  ModifiedMephi

msc:  for e+  SubType= 10
      ===== EM models for the G4Region  DefaultRegionForTheWorld ======
            UrbanMsc : Emin=    0 eV  Emax=  100 TeV Nbins=240 100 eV  - 100 TeV
              StepLim=DistanceToBoundary Rfact=0.04 Gfact=2.5 Sfact=0.6 DispFlag:1 Skin=1 Llimit=1

eIoni:  for e+  SubType=2
      dE/dx and range tables from 10 eV  to 100 TeV in 260 bins
      Lambda tables from threshold to 100 TeV, 20 bins/decade, spline: 1
      StepFunction=(0.2, 0.1 mm), integ: 1, fluct: 1, linLossLim= 0.01
      ===== EM models for the G4Region  DefaultRegionForTheWorld ======
        MollerBhabha : Emin=    0 eV  Emax=  100 TeV  deltaVI

eBrem:  for e+  SubType=3
      dE/dx and range tables from 10 eV  to 100 TeV in 260 bins
      Lambda tables from threshold to 100 TeV, 20 bins/decade, spline: 1
      LPM flag: 1 for E > 1 GeV,  VertexHighEnergyTh(GeV)= 100000
      ===== EM models for the G4Region  DefaultRegionForTheWorld ======
             eBremSB : Emin=    0 eV  Emax=    1 GeV  AngularGen2BS
            eBremLPM : Emin=    1 GeV Emax=  100 TeV  AngularGen2BS

ePairProd:  for e+  SubType=4
      dE/dx and range tables from 10 eV  to 100 TeV in 260 bins
      Lambda tables from threshold to 100 TeV, 20 bins/decade, spline: 1
      Sampling table 25x1001; from 0.1 GeV to 100 TeV 
      ===== EM models for the G4Region  DefaultRegionForTheWorld ======
           ePairProd : Emin=    0 eV  Emax=  100 TeV  ModifiedMephi

annihil:  for e+, integral:1  applyCuts:1  SubType=5 BuildTable=0
      ===== EM models for the G4Region  DefaultRegionForTheWorld ======
            eplus2gg : Emin=    0 eV  Emax=  100 TeV

msc:  for proton  SubType= 10
      ===== EM models for the G4Region  DefaultRegionForTheWorld ======
            UrbanMsc : Emin=    0 eV  Emax=  100 TeV Nbins=240 100 eV  - 100 TeV
              StepLim=Minimal Rfact=0.2 Gfact=2.5 Sfact=0.6 DispFlag:1 Skin=1 Llimit=1

hIoni:  for proton  SubType=2
      dE/dx and range tables from 10 eV  to 100 TeV in 260 bins
      Lambda tables from threshold to 100 TeV, 20 bins/decade, spline: 1
      StepFunction=(0.2, 0.05 mm), integ: 1, fluct: 1, linLossLim= 0.01
      ===== EM models for the G4Region  DefaultRegionForTheWorld ======
               Bragg : Emin=    0 eV  Emax=    2 MeV  deltaVI
          BetheBloch : Emin=    2 MeV Emax=  100 TeV  deltaVI

hBrems:  for proton  SubType=3
      dE/dx and range tables from 10 eV  to 100 TeV in 260 bins
      Lambda tables from threshold to 100 TeV, 20 bins/decade, spline: 1
      ===== EM models for the G4Region  DefaultRegionForTheWorld ======
               hBrem : Emin=    0 eV  Emax=  100 TeV  ModifiedMephi
      ===== Limit on energy threshold has been applied 

hPairProd:  for proton  SubType=4
      dE/dx and range tables from 10 eV  to 100 TeV in 260 bins
      Lambda tables from threshold to 100 TeV, 20 bins/decade, spline: 1
      Sampling table 17x1001; from 7.50618 GeV to 100 TeV 
      ===== EM models for the G4Region  DefaultRegionForTheWorld ======
           hPairProd : Emin=    0 eV  Emax=  100 TeV  ModifiedMephi

nuclearStopping:  for proton applyCuts:1  SubType=8 BuildTable=0
      ===== EM models for the G4Region  DefaultRegionForTheWorld ======
   ICRU49NucStopping : Emin=    0 eV  Emax=    1 MeV

msc:  for GenericIon  SubType= 10
      ===== EM models for the G4Region  DefaultRegionForTheWorld ======
            UrbanMsc : Emin=    0 eV  Emax=  100 TeV
              StepLim=Minimal Rfact=0.2 Gfact=2.5 Sfact=0.6 DispFlag:1 Skin=1 Llimit=1

ionIoni:  for GenericIon  SubType=2
      dE/dx and range tables from 10 eV  to 100 TeV in 260 bins
      Lambda tables from threshold to 100 TeV, 20 bins/decade, spline: 1
      StepFunction=(0.1, 0.02 mm), integ: 1, fluct: 1, linLossLim= 0.02
      ===== EM models for the G4Region  DefaultRegionForTheWorld ======
         ParamICRU73 : Emin=    0 eV  Emax=  100 TeV  deltaVI

nuclearStopping:  for GenericIon applyCuts:1  SubType=8 BuildTable=0
      ===== EM models for the G4Region  DefaultRegionForTheWorld ======
   ICRU49NucStopping : Emin=    0 eV  Emax=    1 MeV

msc:  for alpha  SubType= 10
      ===== EM models for the G4Region  DefaultRegionForTheWorld ======
            UrbanMsc : Emin=    0 eV  Emax=  100 TeV Nbins=240 100 eV  - 100 TeV
              StepLim=Minimal Rfact=0.2 Gfact=2.5 Sfact=0.6 DispFlag:1 Skin=1 Llimit=1

ionIoni:  for alpha  SubType=2
      dE/dx and range tables from 10 eV  to 100 TeV in 260 bins
      Lambda tables from threshold to 100 TeV, 20 bins/decade, spline: 1
      StepFunction=(0.1, 0.02 mm), integ: 1, fluct: 1, linLossLim= 0.02
      ===== EM models for the G4Region  DefaultRegionForTheWorld ======
            BraggIon : Emin=    0 eV  Emax=7.9452 MeV  deltaVI
          BetheBloch : Emin=7.9452 MeV Emax=  100 TeV  deltaVI

nuclearStopping:  for alpha applyCuts:1  SubType=8 BuildTable=0
      ===== EM models for the G4Region  DefaultRegionForTheWorld ======
   ICRU49NucStopping : Emin=    0 eV  Emax=    1 MeV

msc:  for anti_proton  SubType= 10
      ===== EM models for the G4Region  DefaultRegionForTheWorld ======
            UrbanMsc : Emin=    0 eV  Emax=  100 TeV Nbins=240 100 eV  - 100 TeV
              StepLim=Minimal Rfact=0.2 Gfact=2.5 Sfact=0.6 DispFlag:1 Skin=1 Llimit=1

hIoni:  for anti_proton  SubType=2
      dE/dx and range tables from 10 eV  to 100 TeV in 260 bins
      Lambda tables from threshold to 100 TeV, 20 bins/decade, spline: 1
      StepFunction=(0.2, 0.05 mm), integ: 1, fluct: 1, linLossLim= 0.01
      ===== EM models for the G4Region  DefaultRegionForTheWorld ======
            ICRU73QO : Emin=    0 eV  Emax=    2 MeV  deltaVI
          BetheBloch : Emin=    2 MeV Emax=  100 TeV  deltaVI

hBrems:  for anti_proton  SubType=3
      dE/dx and range tables from 10 eV  to 100 TeV in 260 bins
      Lambda tables from threshold to 100 TeV, 20 bins/decade, spline: 1
      ===== EM models for the G4Region  DefaultRegionForTheWorld ======
               hBrem : Emin=    0 eV  Emax=  100 TeV  ModifiedMephi
      ===== Limit on energy threshold has been applied 

hPairProd:  for anti_proton  SubType=4
      dE/dx and range tables from 10 eV  to 100 TeV in 260 bins
      Lambda tables from threshold to 100 TeV, 20 bins/decade, spline: 1
      Sampling table 17x1001; from 7.50618 GeV to 100 TeV 
      ===== EM models for the G4Region  DefaultRegionForTheWorld ======
           hPairProd : Emin=    0 eV  Emax=  100 TeV  ModifiedMephi

msc:  for kaon+  SubType= 10
      ===== EM models for the G4Region  DefaultRegionForTheWorld ======
            UrbanMsc : Emin=    0 eV  Emax=  100 TeV Nbins=240 100 eV  - 100 TeV
              StepLim=Minimal Rfact=0.2 Gfact=2.5 Sfact=0.6 DispFlag:1 Skin=1 Llimit=1

hIoni:  for kaon+  SubType=2
      dE/dx and range tables from 10 eV  to 100 TeV in 260 bins
      Lambda tables from threshold to 100 TeV, 20 bins/decade, spline: 1
      StepFunction=(0.2, 0.05 mm), integ: 1, fluct: 1, linLossLim= 0.01
      ===== EM models for the G4Region  DefaultRegionForTheWorld ======
               Bragg : Emin=    0 eV  Emax=1.05231 MeV  deltaVI
          BetheBloch : Emin=1.05231 MeV Emax=  100 TeV  deltaVI

hBrems:  for kaon+  SubType=3
      dE/dx and range tables from 10 eV  to 100 TeV in 260 bins
      Lambda tables from threshold to 100 TeV, 20 bins/decade, spline: 1
      ===== EM models for the G4Region  DefaultRegionForTheWorld ======
               hBrem : Emin=    0 eV  Emax=  100 TeV  ModifiedMephi
      ===== Limit on energy threshold has been applied 

hPairProd:  for kaon+  SubType=4
      dE/dx and range tables from 10 eV  to 100 TeV in 260 bins
      Lambda tables from threshold to 100 TeV, 20 bins/decade, spline: 1
      Sampling table 18x1001; from 3.94942 GeV to 100 TeV 
      ===== EM models for the G4Region  DefaultRegionForTheWorld ======
           hPairProd : Emin=    0 eV  Emax=  100 TeV  ModifiedMephi

msc:  for kaon-  SubType= 10
      ===== EM models for the G4Region  DefaultRegionForTheWorld ======
            UrbanMsc : Emin=    0 eV  Emax=  100 TeV Nbins=240 100 eV  - 100 TeV
              StepLim=Minimal Rfact=0.2 Gfact=2.5 Sfact=0.6 DispFlag:1 Skin=1 Llimit=1

hIoni:  for kaon-  SubType=2
      dE/dx and range tables from 10 eV  to 100 TeV in 260 bins
      Lambda tables from threshold to 100 TeV, 20 bins/decade, spline: 1
      StepFunction=(0.2, 0.05 mm), integ: 1, fluct: 1, linLossLim= 0.01
      ===== EM models for the G4Region  DefaultRegionForTheWorld ======
            ICRU73QO : Emin=    0 eV  Emax=1.05231 MeV  deltaVI
          BetheBloch : Emin=1.05231 MeV Emax=  100 TeV  deltaVI

hBrems:  for kaon-  SubType=3
      dE/dx and range tables from 10 eV  to 100 TeV in 260 bins
      Lambda tables from threshold to 100 TeV, 20 bins/decade, spline: 1
      ===== EM models for the G4Region  DefaultRegionForTheWorld ======
               hBrem : Emin=    0 eV  Emax=  100 TeV  ModifiedMephi
      ===== Limit on energy threshold has been applied 

hPairProd:  for kaon-  SubType=4
      dE/dx and range tables from 10 eV  to 100 TeV in 260 bins
      Lambda tables from threshold to 100 TeV, 20 bins/decade, spline: 1
      Sampling table 18x1001; from 3.94942 GeV to 100 TeV 
      ===== EM models for the G4Region  DefaultRegionForTheWorld ======
           hPairProd : Emin=    0 eV  Emax=  100 TeV  ModifiedMephi

msc:  for mu+  SubType= 10
      ===== EM models for the G4Region  DefaultRegionForTheWorld ======
            UrbanMsc : Emin=    0 eV  Emax=  100 TeV Nbins=240 100 eV  - 100 TeV
              StepLim=Minimal Rfact=0.2 Gfact=2.5 Sfact=0.6 DispFlag:1 Skin=1 Llimit=1

muIoni:  for mu+  SubType=2
      dE/dx and range tables from 10 eV  to 100 TeV in 260 bins
      Lambda tables from threshold to 100 TeV, 20 bins/decade, spline: 1
      StepFunction=(0.2, 0.05 mm), integ: 1, fluct: 1, linLossLim= 0.01
      ===== EM models for the G4Region  DefaultRegionForTheWorld ======
               Bragg : Emin=    0 eV  Emax=  200 keV  deltaVI
          BetheBloch : Emin=  200 keV Emax=    1 GeV  deltaVI
        MuBetheBloch : Emin=    1 GeV Emax=  100 TeV

muBrems:  for mu+  SubType=3
      dE/dx and range tables from 10 eV  to 100 TeV in 260 bins
      Lambda tables from threshold to 100 TeV, 20 bins/decade, spline: 1
      ===== EM models for the G4Region  DefaultRegionForTheWorld ======
              MuBrem : Emin=    0 eV  Emax=  100 TeV  ModifiedMephi
      ===== Limit on energy threshold has been applied 

muPairProd:  for mu+  SubType=4
      dE/dx and range tables from 10 eV  to 100 TeV in 260 bins
      Lambda tables from threshold to 100 TeV, 20 bins/decade, spline: 1
      Sampling table 21x1001; from 1 GeV to 100 TeV 
      ===== EM models for the G4Region  DefaultRegionForTheWorld ======
          muPairProd : Emin=    0 eV  Emax=  100 TeV  ModifiedMephi

msc:  for mu-  SubType= 10
      ===== EM models for the G4Region  DefaultRegionForTheWorld ======
            UrbanMsc : Emin=    0 eV  Emax=  100 TeV Nbins=240 100 eV  - 100 TeV
              StepLim=Minimal Rfact=0.2 Gfact=2.5 Sfact=0.6 DispFlag:1 Skin=1 Llimit=1

muIoni:  for mu-  SubType=2
      dE/dx and range tables from 10 eV  to 100 TeV in 260 bins
      Lambda tables from threshold to 100 TeV, 20 bins/decade, spline: 1
      StepFunction=(0.2, 0.05 mm), integ: 1, fluct: 1, linLossLim= 0.01
      ===== EM models for the G4Region  DefaultRegionForTheWorld ======
            ICRU73QO : Emin=    0 eV  Emax=  200 keV  deltaVI
          BetheBloch : Emin=  200 keV Emax=    1 GeV  deltaVI
        MuBetheBloch : Emin=    1 GeV Emax=  100 TeV

muBrems:  for mu-  SubType=3
      dE/dx and range tables from 10 eV  to 100 TeV in 260 bins
      Lambda tables from threshold to 100 TeV, 20 bins/decade, spline: 1
      ===== EM models for the G4Region  DefaultRegionForTheWorld ======
              MuBrem : Emin=    0 eV  Emax=  100 TeV  ModifiedMephi
      ===== Limit on energy threshold has been applied 

muPairProd:  for mu-  SubType=4
      dE/dx and range tables from 10 eV  to 100 TeV in 260 bins
      Lambda tables from threshold to 100 TeV, 20 bins/decade, spline: 1
      Sampling table 21x1001; from 1 GeV to 100 TeV 
      ===== EM models for the G4Region  DefaultRegionForTheWorld ======
          muPairProd : Emin=    0 eV  Emax=  100 TeV  ModifiedMephi

msc:  for pi+  SubType= 10
      ===== EM models for the G4Region  DefaultRegionForTheWorld ======
            UrbanMsc : Emin=    0 eV  Emax=  100 TeV Nbins=240 100 eV  - 100 TeV
              StepLim=Minimal Rfact=0.2 Gfact=2.5 Sfact=0.6 DispFlag:1 Skin=1 Llimit=1

hIoni:  for pi+  SubType=2
      dE/dx and range tables from 10 eV  to 100 TeV in 260 bins
      Lambda tables from threshold to 100 TeV, 20 bins/decade, spline: 1
      StepFunction=(0.2, 0.05 mm), integ: 1, fluct: 1, linLossLim= 0.01
      ===== EM models for the G4Region  DefaultRegionForTheWorld ======
               Bragg : Emin=    0 eV  Emax=297.505 keV  deltaVI
          BetheBloch : Emin=297.505 keV Emax=  100 TeV  deltaVI

hBrems:  for pi+  SubType=3
      dE/dx and range tables from 10 eV  to 100 TeV in 260 bins
      Lambda tables from threshold to 100 TeV, 20 bins/decade, spline: 1
      ===== EM models for the G4Region  DefaultRegionForTheWorld ======
               hBrem : Emin=    0 eV  Emax=  100 TeV  ModifiedMephi
      ===== Limit on energy threshold has been applied 

hPairProd:  for pi+  SubType=4
      dE/dx and range tables from 10 eV  to 100 TeV in 260 bins
      Lambda tables from threshold to 100 TeV, 20 bins/decade, spline: 1
      Sampling table 20x1001; from 1.11656 GeV to 100 TeV 
      ===== EM models for the G4Region  DefaultRegionForTheWorld ======
           hPairProd : Emin=    0 eV  Emax=  100 TeV  ModifiedMephi

msc:  for pi-  SubType= 10
      ===== EM models for the G4Region  DefaultRegionForTheWorld ======
            UrbanMsc : Emin=    0 eV  Emax=  100 TeV Nbins=240 100 eV  - 100 TeV
              StepLim=Minimal Rfact=0.2 Gfact=2.5 Sfact=0.6 DispFlag:1 Skin=1 Llimit=1

hIoni:  for pi-  SubType=2
      dE/dx and range tables from 10 eV  to 100 TeV in 260 bins
      Lambda tables from threshold to 100 TeV, 20 bins/decade, spline: 1
      StepFunction=(0.2, 0.05 mm), integ: 1, fluct: 1, linLossLim= 0.01
      ===== EM models for the G4Region  DefaultRegionForTheWorld ======
            ICRU73QO : Emin=    0 eV  Emax=297.505 keV  deltaVI
          BetheBloch : Emin=297.505 keV Emax=  100 TeV  deltaVI

hBrems:  for pi-  SubType=3
      dE/dx and range tables from 10 eV  to 100 TeV in 260 bins
      Lambda tables from threshold to 100 TeV, 20 bins/decade, spline: 1
      ===== EM models for the G4Region  DefaultRegionForTheWorld ======
               hBrem : Emin=    0 eV  Emax=  100 TeV  ModifiedMephi
      ===== Limit on energy threshold has been applied 

hPairProd:  for pi-  SubType=4
      dE/dx and range tables from 10 eV  to 100 TeV in 260 bins
      Lambda tables from threshold to 100 TeV, 20 bins/decade, spline: 1
      Sampling table 20x1001; from 1.11656 GeV to 100 TeV 
      ===== EM models for the G4Region  DefaultRegionForTheWorld ======
           hPairProd : Emin=    0 eV  Emax=  100 TeV  ModifiedMephi
G4VisManager: Using G4TrajectoryDrawByCharge as fallback trajectory model.
See commands in /vis/modeling/trajectories/ for other options.

### ===  Deexcitation model UAtomDeexcitation is activated for 25 regions:
          DefaultRegionForTheWorld  1  1  1
          cylindricalPET  1  1  1
          module  1  1  1
          unit  1  1  1
          block  1  1  1
          optical  1  1  1
          crystal  1  1  1
          capillaire1  1  1  1
          capillaire1_water  1  1  1
          capillaire2  1  1  1
          capillaire2_water  1  1  1
          capillaire3  1  1  1
          capillaire3_water  1  1  1
          capillaire4  1  1  1
          capillaire4_water  1  1  1
          capillaire5  1  1  1
          capillaire5_water  1  1  1
          capillaire_m1  1  1  1
          capillaire_m1_water  1  1  1
          capillaire_m2  1  1  1
          capillaire_m2_water  1  1  1
          capillaire_m3  1  1  1
          capillaire_m3_water  1  1  1
          capillaire_m4  1  1  1
          capillaire_m4_water  1  1  1
### ===  Ignore cuts flag:   0
(249.752,-187.73,-39.0334)
(298.288,-254.166,-164.075)
(150.23,-277.103,-123.411)
(157.573,-357.157,-133.636)
(-244.036,197.06,88.6174)
(-213.612,72.2997,99.6075)
(-317.538,-9.35277,-81.7673)
(-220.634,-41.0342,14.2483)
(-317.939,-7.88276,-81.6849)
(-427.756,72.6653,-88.0723)
(193.993,264.405,84.7168)
(175.779,255.407,151.324)
(193.617,267.383,88.2008)
(173.954,202.901,139.5)
(-78.7936,-302.049,-65.2503)
(-85.7436,-252.56,-157.159)
(-256.911,-177.958,-62.6315)
(-240.831,-224.623,-84.1398)
(-311.863,-27.4718,68.9976)
(-324.298,-24.0388,6.60213)
(310.394,45.8909,-117.748)
(371.789,24.1037,-63.3439)
(310.72,41.6755,-112.877)
(389.445,26.0685,-74.5976)
(310.281,44.8587,-5.63055)
(235.287,33.3372,-57.9958)
(18.6267,313.338,88.7805)
(-3.53006,240.865,171.124)
(19.1919,332.986,102.207)
(41.5809,336.543,215.829)
(30.858,333.632,107.68)
(42.3962,277.113,97.8765)
(2.03399,-317.371,-92.3675)
(71.2851,-295.47,-90.0306)
(247.444,-219.947,122.49)
(275.08,-144.077,117.446)
(-204.112,-263.549,8.65107)
(-244.853,-188.07,2.08537)
(266.848,173.012,-3.72651)
(276.168,164.873,-16.0434)
(-309.392,-50.1128,97.8965)
(-326.916,29.8641,135.934)
(-289.385,-127.181,-111.669)
(-261.901,-193.236,-49.2515)
(71.3003,-311.308,-70.9591)
(73.153,-259.134,-47.5844)
(73.8942,-325.133,-69.6621)
(168.842,-325.688,-69.0952)
(-259.451,175.502,39.9413)
(-289.916,208.458,96.2135)
(-256.599,179.704,38.6632)
(-268.066,134.844,-33.3792)
(277.529,144.65,41.5189)
(211.629,161.197,78.5596)
(-38.3981,312.133,86.6206)
(46.9573,278.246,97.2963)
(-302.606,-111.254,-33.2678)
(-241.047,-134.678,-24.9015)
(-302.739,-114.709,-35.4914)
(-397.886,32.5531,-81.0408)
(-4.02262,-317.217,70.0541)
(-68.5678,-275.185,11.6593)
(-4.30364,-316.404,69.9036)
(-44.6752,-252.324,114.657)
(23.889,315.728,-67.5673)
(-25.4166,354.837,-179.663)
(29.9909,318.113,-61.6636)
(34.7076,336.123,-67.8094)
(43.009,328.329,-61.5099)
(82.5461,390.797,20.1418)
(304.042,-76.9878,-5.79035)
(275.877,-40.9376,40.5753)
(-254.536,186.972,11.9234)
(-336.176,72.7263,-120.256)
(-259.358,181.306,-28.659)
(-247.878,263.349,-33.7389)
(-265.356,179.18,-22.9053)
(-239.655,150.765,-97.6748)
(184.013,-266.892,47.1398)
(205.92,-269.197,123.187)
(307.361,-81.6667,-72.6258)
(302.466,7.40826,-95.521)
(142.654,-290.55,-89.303)
(24.3764,-223.962,-140.313)
(-291.685,155.81,44.8719)
(-254.556,132.74,-11.1214)
(-262.145,183.373,0.526048)
(-159.429,214.037,-1.90843)
(-262.135,187.629,4.67558)
(-184.664,153.998,48.5308)
(-255.883,193.759,5.74324)
(-235.547,262.736,33.9134)
(-252.451,196.128,6.4261)
(-194.393,240.306,29.5938)
(300.375,-120.778,0.238815)
(271.682,-203.405,67.6211)
(306.835,-124.791,-5.02051)
(254.438,-59.3764,7.66167)
(-270.258,192.895,-106.757)
(-269.769,242.043,-117.606)
(214.725,-231.499,124.121)
(284.321,-110.975,163.167)
(-171.719,-285.165,-79.5067)
(-149.747,-241.789,-31.2296)
(329.687,51.0209,82.0024)
(359.793,72.4383,117.296)
(9.00167,332.386,-58.255)
(2.52509,322.189,-281.022)
(112,301.044,124.724)
(93.4887,264.885,166.356)
(263.521,171.736,65.4267)
(301.883,137.132,116.764)
(-191.033,-253.188,-92.9777)
(-197.964,-181.395,-88.727)
(246.048,-209.369,79.6879)
(214.384,-237.865,68.4091)
(244.115,-201.519,81.5044)
(245.407,-82.6806,73.4857)
(-196.867,263.423,-97.6511)
(-215.932,269.613,-62.1605)
(-119.818,293.846,60.5217)
(-137.986,252.97,-1.07918)
(-121.551,306.131,64.3971)
(-64.6477,364.614,140.003)
(256.283,-186.936,-41.5946)
(192.765,-183.432,55.2319)
(260.5,-184.061,-44.6414)
(235.864,-142.548,-87.8046)
(-94.0625,302.029,-20.3478)
(-0.948907,337.954,-59.5261)
(-94.0339,304.005,-21.46)
(-142.901,225.1,-29.2894)
(-180.698,-269.968,14.9491)
(-104.157,-224.14,24.1632)
(-58.3962,-311.796,-124.591)
(-67.3757,-439.82,-133.948)
(180.144,-265.004,23.8581)
(169.504,-251.349,65.3913)
(191.151,-272.249,20.8293)
(219.969,-314.277,-64.3192)
(301.268,-132.334,-95.5801)
(424.537,-104.75,-135.116)
(-269.785,162.693,123.573)
(-262.16,205.21,133.104)
(-272.505,159.346,124.985)
(-250.791,215.248,33.822)
(-309.8,-98.7551,67.9053)
(-289.556,-70.5181,125.696)
(306.692,88.2114,-14.5531)
(277.631,55.438,-20.6987)
(311.931,94.4188,-27.1573)
(379.48,118.195,-78.4785)
(-254.463,183.045,-31.3306)
(-221.565,93.113,83.1813)
(57.7824,-315.474,52.3313)
(76.6501,-333.764,71.3642)
(285.823,155.843,86.8776)
(292.677,66.0591,43.4012)
(311.295,-62.3079,71.0695)
(240.267,-38.6302,30.9372)
(-308.758,85.4684,-100.38)
(-244.929,7.74479,-37.8711)
(47.2607,312.087,-53.7155)
(181.449,287.83,63.5135)
(-187.02,-261.794,42.3938)
(-166.897,-203.044,-6.48229)
(-188.906,-268.142,43.1959)
(-139.178,-318.997,113.636)
(-190.216,-273.081,43.1967)
(-121.842,-245.589,61.5934)
(-30.3452,-315.498,-102.117)
(-105.171,-288.489,-136.818)
(-28.2343,-321.793,-101.229)
(62.825,-284.023,-96.5399)
(-200.065,-248.324,-79.847)
(-159.665,-274.52,-56.3871)
(141.996,282.885,-104.549)
(163.304,210.787,-153.575)
(-52.8895,-315.367,118.185)
(-37.4421,-285.085,59.9866)
(-198.196,-246.399,-6.50636)
(-328.979,-293.977,-52.1687)
(-207.511,-252.604,-5.5864)
(-106.759,-301.083,-9.38862)
(209.176,241.094,47.0038)
(247.908,258.002,23.8331)
(292.716,117.065,91.1105)
(218.64,241.369,197.044)
(-275.817,-157.528,-123.624)
(-323.274,-59.4654,-160.024)
(-46.7535,-309.724,-56.045)
(53.6105,-312.107,-18.7605)
(-20.7777,-311.862,-80.4104)
(-66.0561,-325.4,-11.9055)
(-228.384,-217.414,-49.8312)
(-199.109,-234.2,15.5685)
(-232.966,-224.827,-49.3971)
(-203.198,-119.612,-82.4734)
(3.13384,-313.65,71.837)
(8.73825,-400.017,66.5254)
(7.66667,-327.551,61.2602)
(95.497,-394.035,141.741)
(8.32427,-327.446,59.9242)
(-118.345,-359.927,99.5089)
(148.058,277.845,-62.5497)
(231.477,374.976,-75.9606)
(-275.885,-151.825,97.7803)
(-253.686,-68.4171,135.246)
(-278.155,-153.892,107.357)
(-217.445,-172.211,54.0469)
(325.577,67.9568,-44.4187)
(353.95,158.39,-131.256)
(-295.897,113.983,91.2074)
(-268.971,162.698,184.504)
(-66.8686,-311.162,61.2904)
(-24.2543,-332.206,73.8779)
(-63.3147,-310.069,60.3384)
(-149.593,-227.018,0.416896)
(153.927,275.822,-58.1746)
(115.468,377.934,-94.9579)
(150.246,283.969,-66.9605)
(95.29,214.264,-6.87909)
(65.0022,306.341,108.997)
(150.449,378.973,133.682)
(-304.651,-74.6016,-7.26372)
(-339.822,-102.195,74.226)
(-47.6512,-320.552,-109.933)
(-49.1332,-300.994,-97.5987)
(62.7274,-306.124,-17.8103)
(63.5791,-238.108,-24.3575)
(-44.38,316.541,21.0045)
(-30.4873,272.555,119.525)
(-41.4516,315.041,17.4363)
(-99.1593,295.221,7.17868)
(-136.127,-307.471,-81.3078)
(-144.178,-324.387,-61.9209)
(-135.733,-308.445,-84.5752)
(-162.037,-285.793,-54.3051)
(-19.1168,334.302,88.7365)
(59.118,358.336,84.7838)
(-317.898,12.5882,54.5495)
(-364.747,-52.1782,81.1868)
(-325.12,9.56417,61.6515)
(-339.981,-17.8087,80.5264)
(-327.11,6.513,61.4336)
(-279.024,39.4125,121.789)
(-187.161,-271.082,-89.9379)
(-184.241,-289.875,-12.1576)
(295.324,137.796,-9.99049)
(261.265,157.058,-25.9856)
(-286.719,-143.153,6.66081)
(-315.58,-82.3083,36.4572)
(-62.2204,313.156,-28.6526)
(-113.47,246.178,-96.5161)
(-56.6282,323.003,-27.6107)
(-59.4285,350.447,-96.1681)
(-57.5837,323.517,-26.9657)
(67.2567,381.963,137.642)
(-200.272,-243.011,18.554)
(-159.003,-226.397,-0.454823)
(-199.373,-254.165,16.5672)
(-156.235,-245.679,0.811562)
(301.861,115.892,-74.0245)
(403.356,105.89,-74.572)
(-219.79,225.735,-31.159)
(-201.233,184.128,-13.3993)
(-29.5961,-312.941,46.2068)
(-94.1576,-265.357,-26.9837)
(300.342,121.278,-98.3084)
(283.08,77.0601,8.18856)
(306.79,123.576,-102.244)
(287.387,1.19386,-177.658)
(-330.334,-50.7155,-7.64674)
(-290.837,-89.6273,34.2834)
(312.005,16.6918,-95.7596)
(298.189,-60.5339,-109.022)
(-213.856,233.414,107.222)
(-313.052,291.888,75.7037)
(-308.181,63.91,-109.191)
(-294.73,25.6871,-41.9419)
(-79.9435,-303.864,14.8376)
(-46.9979,-289.595,-19.4167)
(-77.818,-305.545,15.6859)
(-120.536,-162.633,-80.1311)
(-71.3558,-306.419,15.8085)
(-116.265,-226.889,0.469433)
(57.4156,311.026,-120.847)
(15.4712,302.699,-194.136)
(42.4877,-320.329,121.157)
(104.771,-221.543,5.02029)
(-16.8422,-332.094,-62.7124)
(-55.4309,-263.148,24.4051)
(-81.0308,313.105,59.9397)
(-87.1425,383.705,-33.051)
(-114.921,-291.903,109.622)
(-171.394,-254.079,97.4004)
(-114.131,-294.178,104.425)
(-120.593,-323.073,205.246)
(-42.7997,310.87,-118.711)
(-101.506,386.769,-90.3214)
(-112.592,-293.149,-82.3046)
(-62.794,-357.01,-9.27511)
(-112.244,-293.28,-82.6999)
(-59.6766,-186.515,-124.907)
(257.193,193.797,54.4236)
(240.292,354.968,3.86949)
(256.248,195.18,54.637)
(384.093,161.275,167.712)
(-220.306,226.039,-3.94548)
(-175.355,317.52,-18.699)
(232.998,-218.685,0.916502)
(206.331,-273.841,-55.6915)
(-58.7499,-323.257,112.574)
(-130.655,-363.916,107.698)
(-54.8777,-325.789,111.432)
(-31.1922,-310.463,73.4228)
(-200.97,241.769,-84.8558)
(-215.562,299.298,-88.5173)
(-200.721,248.291,-91.9965)
(-123.739,223.301,68.7573)
(47.0011,311.386,87.8686)
(72.3,247.899,73.9644)
(-254.768,-191.71,-50.8469)
(-266.486,-119.569,-53.9441)
(279.864,-149.01,47.4453)
(322.658,-165.003,38.595)
(284.996,-154.505,54.6095)
(361.082,-127.762,24.999)
(288.748,-164.694,63.9425)
(365.702,-181.994,97.354)
(287.647,-165.547,62.0215)
(193.086,-228.156,38.226)
(-134.052,292.888,-89.446)
(-229.077,356.008,-34.8308)
(-310.07,78.5854,5.21103)
(-361.26,113.913,-12.7961)
(-312.426,79.2438,8.4802)
(-360.301,83.1381,12.9639)
(-296.541,136.794,12.6228)
(-294.961,121.722,-14.1932)
(218.699,-241.562,-21.6611)
(246.847,-285.211,-18.7076)
(223.191,-237.936,-29.3113)
(285.72,-219.229,5.80164)
(-202.796,237.143,27.2547)
(-245.59,173.875,75.3865)
(-210.699,246.992,32.535)
(-192.84,315.17,6.89953)
(-8.18671,327.219,101.081)
(35.8185,357.762,87.5101)
(-195.677,-274.335,-87.2126)
(-110.093,-347.532,-48.3646)
(-9.32393,-315.84,1.66287)
(23.4477,-284.85,23.5201)
(305.912,68.2462,19.251)
(312.364,45.9512,63.7817)
(300.549,86.963,65.276)
(308.861,169.877,117.39)
(93.0276,302.061,42.8304)
(9.0157,354.348,-99.9495)
(89.5924,318.408,46.4459)
(79.258,397.961,18.0625)
(250.273,192.546,98.4367)
(291.062,208.989,142.419)
(246.805,201.225,103.512)
(371.328,129.231,167.484)
(248.379,202.41,105.577)
(371.266,329.122,174.762)
(-80.5011,-324.255,-31.5645)
(-77.7285,-298.62,-33.842)
(53.1941,-310.444,-96.1695)
(12.824,-530.259,-47.8846)
(57.8797,-314.85,-96.6809)
(20.6057,-265.725,-90.6876)
(-162.597,-268.807,83.7306)
(-82.0726,-253.996,67.6472)
(-162.157,-271.636,87.9243)
(-191.813,-150.82,166.832)
(-162.154,-271.618,87.9607)
(-187.978,-233.982,239.866)
(16.4834,313.411,-95.9188)
(65.6283,193.834,-72.785)
(-321.261,-40.6335,77.8107)
(-340.976,-39.0825,126.91)
(-289.052,133.233,-1.18337)
(-354.912,83.6138,-2.94793)
(204.63,-235.804,1.14298)
(265.996,-253.714,44.357)
(294.421,-124.509,-46.063)
(329.591,-109.275,-122.467)
(-286.472,-150.695,49.1797)
(-335.753,-146.905,35.742)
(-282.809,-149.047,45.759)
(-239.588,-218.854,66.8967)
(114.549,307.091,-56.1166)
(130.109,319.94,8.9899)
(99.93,297.346,-72.8113)
(153.632,290.666,-169.839)
(-81.6909,-303.253,70.9023)
(-131.097,-258.657,97.4714)
(-313.418,-46.9617,48.4447)
(-467.835,-59.4394,130.186)
(326.151,63.812,52.5337)
(334.522,53.4874,45.7534)
(-310.161,-83.3695,-66.0597)
(-292.491,-56.8833,-131.92)
(-315.088,-95.6121,66.3168)
(-362.073,-141.825,3.03843)
(126.474,293.501,45.8301)
(44.4897,358.634,-4.43354)
(128.856,291.133,50.7973)
(140.304,325.201,140.028)
(151.973,-274.687,-45.8676)
(204.863,-320.923,-79.8508)
(299.835,124.385,-80.8726)
(326.336,94.6855,-123.953)
(-144.363,278.405,-71.54)
(-130.675,166.352,-36.9458)
(89.4686,315.605,55.2217)
(103.334,249.853,170.575)
(-94.7525,-302.746,104.058)
(-38.3248,-322.04,141.645)
(-94.4308,-312.034,113.744)
(-125.679,-278.822,62.5602)
(-91.8455,-313.007,113.623)
(-121.16,-350.52,176.969)
(-0.982175,336.441,-115.553)
(-13.1907,328.195,-89.5051)
(305.083,-85.2968,-89.2757)
(292.414,-137.066,-98.9499)
(-322.479,66.4218,67.5976)
(-217.067,4.18075,62.0518)
(-330.195,62.8989,62.3105)
(-343.094,38.2417,35.8963)
(325.909,-0.317358,-99.036)
(350.975,-4.94899,-99.4268)
(329.334,-9.22926,-103.824)
(363.087,-43.505,-192.861)
(-301.798,125.114,105.709)
(-316.997,107.114,66.7143)
(-308.442,129.533,103.647)
(-288.641,133.877,137.992)
(305.589,-71.8909,-66.5695)
(433.091,-43.2087,-111.389)
(-65.8167,-307.735,120.089)
(-131.45,-312.737,88.8574)
(101.446,315.796,-66.3742)
(176.795,276.433,-101.943)
(-79.9373,-304.996,63.0651)
(-78.7378,-335.322,149.409)
(-308.082,68.5397,41.5538)
(-343.043,47.3377,21.2979)
(-312.034,68.3676,45.6685)
(-273.984,79.9716,68.9487)
(297.624,-113.646,-71.2104)
(274.435,-141.05,26.1209)
(191.495,-268.837,7.79986)
(134.873,-146.338,30.681)
(-317.572,22.4142,-84.2221)
(-261.117,12.2858,73.1249)
(-316.554,-15.9162,15.2377)
(-347.338,-21.9733,-4.81194)
(313.552,41.1056,-36.3545)
(297.941,10.2647,-96.9481)
(132.344,286.442,-10.285)
(122.27,250.119,59.7928)
(-211.07,-250.458,9.63088)
(-250.146,-266.219,-121.299)
(-48.8861,321.269,-77.6162)
(-76.7801,400.9,-147.007)
(-20.6495,331.736,-62.0552)
(-25.8615,209.953,-114.714)
(162.76,-270.765,47.1948)
(147.711,-301.014,52.1959)
(183.003,-275.785,39.2437)
(242.985,-322.825,88.0822)
(147.857,276.311,-123.566)
(118.267,361.577,-146.541)
(-233.228,211.069,43.0129)
(-188.971,252.785,30.7625)
(285.492,-138.926,-26.9696)
(289.994,-183.216,65.0514)
(285.533,-144.313,-34.8747)
(389.057,-165.84,41.2283)
(-256.549,188.343,61.8539)
(-298.203,179.371,149.126)
(-278.045,190.544,66.1242)
(-383.907,139.43,135.161)
(281.584,-143.056,-49.7323)
(260.932,-183.022,-121.364)
(-310.484,47.0878,-54.6442)
(-264.015,30.4061,-22.6922)
(316.987,-28.5604,32.6331)
(369.938,-28.5867,-77.9526)
(-281.024,152.323,70.4402)
(-243.791,211.879,123.658)
(23.4002,312.389,-11.654)
(-49.4996,182.766,-81.9549)
(24.1555,313.683,-15.6996)
(29.2289,336.068,-39.8014)
(30.2924,318.418,-20.9235)
(53.6087,248.193,-105.475)
(76.9935,-312.589,9.17214)
(12.0807,-297.35,-26.1308)
(-74.4226,315.802,-97.7846)
(-17.9039,292.88,-105.128)
(203.164,-251.646,80.7289)
(218.234,-308.214,64.0633)
(286.678,-131.299,-81.3007)
(263.43,-79.6613,-125.606)
(300.893,88.6212,71.0753)
(213.911,174.938,30.1335)
(-46.6063,328.237,16.2006)
(-45.0158,406.941,20.8002)
(-206.285,-236.266,-11.8731)
(-164.292,-255.536,23.9966)
(-226.211,-219.643,92.3369)
(-202.499,-216.328,70.6805)
(103.634,320.536,-97.5535)
(103.959,432.734,-94.7266)
(-295.134,-114.86,-20.4778)
(-229.11,-179.227,-67.2351)
(296.428,107.846,15.4754)
(282.222,19.968,-95.1671)
(-310.65,68.7515,-48.8603)
(-332.971,64.1102,35.173)
(-215.081,237.291,108.408)
(-212.227,278.836,82.1128)
(-200.7,246.971,70.8541)
(-278.928,363.964,142.225)
(-271.232,-195.903,99.5054)
(-302.796,-222.58,174.427)
(-25.2423,-319.738,-3.75304)
(60.9861,-310.151,-125.839)
(-26.0043,-322.467,3.57515)
(-3.36764,-256.597,138.486)
(44.9835,321.196,7.56232)
(98.5651,381.54,40.8912)
(-313.685,1.05091,21.9689)
(-365.118,0.2483,23.9183)
(-318,-2.31401,22.6268)
(-397.13,37.236,-4.80789)
(-318.404,-5.48956,22.8966)
(-383.646,1.54674,-12.2158)
(-320.847,-2.87162,17.9159)
(-304.175,40.8514,88.1428)
(277.476,162.866,-85.3983)
(326.705,172.155,-40.9354)
(289.908,165.48,-88.0637)
(297.425,148.107,-11.9823)
(293.592,166.012,-85.4004)
(354.2,148.052,-101.254)
(196.491,-247.944,106.415)
(136.218,-224.821,31.6544)
(197.612,-247.147,106.53)
(380.584,-243.901,85.2154)
(316.423,-11.7341,-39.9313)
(330.342,92.0788,51.8538)
(318.01,-9.62076,-44.4641)
(311.978,2.1072,-28.1394)
(-318.431,17.2563,58.0447)
(-359.193,147.918,71.674)
(-148.252,-281.457,17.7711)
(-199.066,-172.955,-6.13574)
(316.616,-8.48925,-12.2245)
(447.131,-36.9099,-70.9664)
(319.922,-7.49892,-11.5839)
(382.762,-1.21747,-27.3648)
(-306.864,63.4145,-64.4671)
(-357.392,73.47,-11.6452)
(-286.167,-138.826,90.7963)
(-221.165,-154.642,44.8049)
(-289.558,-136.95,103.359)
(-275.171,-199.091,165.087)
(84.7347,-306.141,12.6503)
(-0.627936,-251.246,54.3585)
(83.9531,-314.371,14.0719)
(101.079,-346.698,71.6327)
(-67.0484,319.222,-18.6087)
(-174.64,146.512,-32.6434)
(163.149,277.163,-102.681)
(119.58,337.338,-170.762)
(168.735,290.89,-107.863)
(159.75,244.29,-106.275)
(-274.222,-162.379,118.507)
(-209.798,-204.002,134.646)
(271.531,-191.07,-104.728)
(289.811,-205.088,-168.57)
(229.958,213.484,-87.2109)
(160.982,259.875,-62.8544)
(-173.48,-266.261,110.71)
(-139.992,-315.811,1.34924)
(-69.2999,307.424,40.262)
(-129.632,240.425,-36.3062)
(163.092,-293.903,86.1256)
(107.432,-248.489,32.963)
(231.475,-213.449,-44.1728)
(137.046,-197.812,79.0964)
(-74.5239,323.788,63.1045)
(-115.995,430.791,63.4447)
(294.38,-124.036,31.5011)
(291.211,-71.1771,91.5078)
(-316.159,63.3625,-15.5023)
(-404.157,13.2305,-119.312)
(-305.468,-112.697,63.3069)
(-311.147,-86.4602,39.0009)
(138.657,-291.168,-112.513)
(124.589,-194.353,-69.4825)
(139.543,-288.083,-112.105)
(178.06,-338.635,-173.38)
(141.267,278.947,104.713)
(69.1542,193.567,61.8703)
(130.95,291.751,115.531)
(202.206,271.284,26.7338)
(302.196,-87.1548,-8.49783)
(204.326,-38.169,27.2857)
(-294.623,118.24,10.9243)
(-251.588,196.793,-14.8244)
(257.893,190.753,-39.7957)
(267.692,163.154,-20.8598)
(-50.278,-308.739,69.0268)
(-19.5839,-260.138,55.5635)
(-41.6436,-311.129,73.646)
(-85.6881,-266.128,1.77586)
(-109.213,296.456,27.776)
(-264.304,335.825,-36.4443)
(-111.501,294.733,22.1322)
(-183.182,360.836,-15.794)
(-118.04,298.201,20.8714)
(-109.385,300.087,58.1586)
(74.0031,317.139,104.402)
(61.0822,332.96,98.0082)
(302.254,-78.6,111.343)
(266.515,-119.549,80.8241)
(-302.207,-110.62,-116.258)
(-330.926,-86.1956,-125.273)
(-159.739,281.224,-58.1235)
(-195.254,329.192,-115.33)
(111.801,-304.353,-122.82)
(100.442,-267.879,-163.885)
(259.424,-186.519,-108.615)
(155.54,-130.783,-48.8389)
(291.26,-129.258,97.2115)
(323.384,-19.5409,170.324)
(-312.582,81.3381,-58.6663)
(-238.233,23.1093,-98.8604)
(-312.115,81.4214,-57.9809)
(-404.918,95.8164,-55.5456)
(-259.566,-186.555,-119.272)
(-275.212,-129.504,-81.5125)
(-301.852,-98.3371,-54.9386)
(-289.297,-128.651,-15.6789)
(272.728,156.994,83.1424)
(239.475,150.279,49.933)
(271.836,158.812,83.8352)
(254.012,173.419,50.9771)
(-250.76,-187.88,-108.521)
(-171.226,-211.7,-140.88)
(187.404,-254.695,2.09066)
(199.957,-257.751,8.79163)
(188.644,-253.424,1.75172)
(180.909,-272.353,62.0605)
(-174.197,263.339,1.77602)
(-132.536,229.376,-29.8878)
(317.192,82.5096,89.5581)
(260.647,159.176,93.3855)
(313.383,85.6648,98.4118)
(330.838,158.009,90.9125)
(300.143,-150.236,-62.3303)
(242.209,-78.1784,-77.5109)
(320.492,-46.0695,-48.0308)
(335.143,-129.091,-155.799)
(324.018,-57.056,-47.3291)
(328.427,-48.4688,-166.342)
(-306.448,90.4824,91.2053)
(-252.927,84.8786,69.7274)
(55.0628,319.008,-110.946)
(89.822,271.709,-95.5016)
(248.16,-196.99,45.5103)
(316.778,-206.005,55.7428)
(248.112,-195.901,42.577)
(232.422,-186.643,-30.6945)
(-183.611,-265.308,68.842)
(-250.252,-295.719,108.325)
(-317.11,-67.439,-57.3469)
(-256.372,-45.7714,-165.671)
(73.9206,-314.032,6.47881)
(108.114,-379.481,100.615)
(75.6085,-326.828,11.8277)
(-28.4615,-430.752,105.26)
(75.6238,-325.322,17.7845)
(76.0432,-282.529,1.98448)
(-53.4042,308.629,-1.47386)
(121.808,349.186,-22.9549)
(-46.1824,331.209,2.17889)
(-94.1094,292.533,3.3036)
(-31.7383,321.136,6.30455)
(-53.711,345.641,117.361)
(-96.2496,298.956,86.4598)
(-84.6765,283.866,42.1845)
(244.443,-194.391,-54.5192)
(300.897,-189.187,11.2055)
(240.386,-206.496,-58.9694)
(157.408,-233.64,-83.8019)
(278.335,-167.314,-3.89541)
(278.256,-114.531,24.2168)
(55.1237,-325.683,-18.9497)
(16.0695,-222.041,-98.009)
(53.2908,-326.149,-19.6974)
(124.348,-265.177,-1.34199)
(44.8296,317.186,18.4978)
(75.9743,341.536,-11.3793)
(322.575,-20.9447,-101.886)
(278.17,-121.535,-103.076)
(321.44,-17.6549,-105.012)
(192.116,-114.323,-44.9081)
(244.514,231.693,-6.24511)
(192.869,169.241,-56.4539)
(193.688,-262.821,-10.9873)
(311.282,-351.568,14.2573)
(-273.809,185.476,5.27041)
(-203.857,155.237,-30.8555)
(-278.655,190.563,11.4674)
(-222.233,162.436,-72.5744)
(-293.994,-153.754,-87.8163)
(-321.821,-209.396,-73.5295)
(-295.098,-152.92,-89.3724)
(-231.251,-111.759,-158.173)
(-92.2849,-298.99,-61.5024)
(-30.4611,-260.647,-34.6454)
(-127.841,297.123,61.7396)
(-135.632,303.889,2.81294)
(-127.125,311.138,66.9251)
(-227.541,359.965,11.1484)
(99.776,305.085,-59.4661)
(124.924,325.583,-77.7225)
(-79.8045,-307.169,60.3636)
(-5.45127,-402.049,-82.2375)
(-80.4092,-306.448,68.9386)
(-199.129,-169.188,-3.367)
(253.753,191.723,-97.5009)
(220.505,158.784,-99.5005)
(318.232,64.8642,-119.867)
(300.891,27.45,-209.163)
(316.81,44.1394,-93.0811)
(272.075,-17.9827,-135.399)
(11.8436,313.471,79.6418)
(-74.4766,330.755,94.8596)
(7.63148,-316.26,-81.9662)
(-30.9532,-260.272,-6.29781)
(9.2527,-319,-84.28)
(-36.3836,-323.141,-76.7254)
(-278.847,189.272,8.3753)
(-199.448,182.752,-7.06327)
(323.483,31.1632,-79.2783)
(350.432,31.1379,-125.91)
(-32.2027,313.331,-16.1256)
(-92.0504,292.035,-26.4078)
(-30.4042,316.672,-11.958)
(-69.26,267.066,161.683)
(-67.6102,-315.99,12.1109)
(-175.744,-238.707,8.51942)
(-311.303,81.7423,-77.8238)
(-386.082,151.73,-157.528)
(294.189,-108.273,102.539)
(303.827,-35.2053,99.7401)
(293.518,-118.89,110.713)
(411.755,-239.818,172.137)
(-336.342,16.6985,-30.723)
(-400.416,135.861,-146.254)
(-248.128,209.294,38.5542)
(-209.81,180.276,27.0827)
(-283.546,161.873,61.908)
(-306.358,146.298,119.397)
(306.034,-89.3701,-14.6201)
(325.62,-164.384,90.4026)
(292.159,-120.711,-102.195)
(329.344,31.851,-114.892)
(291.18,-128.984,-106.721)
(157.13,-134.825,-57.1041)
(257.227,180.977,28.7274)
(270.684,331.698,-42.152)
(274.965,-189.308,-99.8378)
(183.696,-229.732,-20.7126)
(-136.074,-305.534,-12.7903)
(-46.5517,-334.185,45.1003)
(279.301,143.912,73.2193)
(308.957,11.9545,93.1503)
(278.833,153.638,69.0682)
(322.181,191.305,63.2747)
(-50.9843,-314.416,-57.0068)
(-57.0862,-339.299,7.51095)
(-285.938,-142.101,-71.8268)
(-235.498,-226.782,-64.0748)
(238.153,219.74,109.952)
(206.943,211.904,105.848)
(240.61,229.408,119.756)
(214.803,225.158,191.035)
(240.553,231.338,120.732)
(213.331,251.346,140.096)
(-308.817,52.2339,55.5927)
(-320.957,44.8283,68.191)
(-202.122,-240.402,-68.914)
(-280.54,-297.082,14.3635)
(-188.726,-249.459,-72.1249)
(-122.635,-248.431,3.33286)
(-290.169,-151.552,-102.274)
(-308.355,-242.383,-132.433)
(318.645,61.5769,42.3801)
(229.419,133.108,15.7546)
(-63.0988,305.999,-105.038)
(-159.374,349.36,-30.3511)
(-64.4003,313.241,-110.795)
(-106.528,422.86,-220.769)
(151.743,-274.828,93.6258)
(81.0713,-256.291,70.9563)
(-202.226,-240.949,97.7097)
(-184.732,-298.983,104.473)
(258.76,198.361,-78.3822)
(248.117,171.391,10.4925)
(313.698,-63.49,-20.8912)
(339.931,0.789908,123.715)
(261.694,-174.239,-90.6014)
(247.675,-231.949,-102.911)
(245.325,201.649,0.43864)
(262.193,208.513,16.7258)
(245.94,200.126,-0.266824)
(199.163,205.369,0.0696673)
(-91.8413,-299.8,3.27932)
(-147.78,-268.034,-66.1873)
(-99.1262,-302.24,4.08655)
(-49.0898,-328.376,27.4018)
(-96.5422,-304.253,6.37212)
(-114.373,-350.083,-44.0579)
(-314.894,-50.8756,-12.9931)
(-178.976,-30.8699,9.98869)
(-315.609,-50.2365,-14.4414)
(-366.323,-28.2052,35.8978)
(157.98,-271.684,61.4062)
(65.0626,-220.578,144.74)
(147.163,-297.237,54.6856)
(93.6608,-301.098,148.128)
(119.776,299.91,-70.4602)
(95.0035,247.39,-169.68)
(-322.038,-1.01708,66.7975)
(-325.629,6.60702,119.707)
(253.752,-209.605,52.2079)
(203.016,-232.468,43.8997)
(-31.4314,315.364,-77.4349)
(2.2963,240.993,-43.2624)
(-261.611,-173.72,-120.438)
(-237.223,-28.6064,-109.659)
(199.608,-248.425,-108.482)
(138.862,-196.129,-123.802)
(315.326,-95.8935,-54.3345)
(280.598,-136.418,-81.0142)
(-301.019,98.4322,58.3266)
(-239.183,89.9065,18.244)
(287.16,-146.712,-93.5185)
(338.207,-178.644,-129.207)
(-113.758,-291.82,-2.90796)
(-8.618,-347.655,31.2002)
(-164.106,267.516,-0.0370488)
(-218.307,306.919,-17.7789)
(-26.8362,315.924,-78.68)
(-175.656,220.859,-37.3999)
(-128.972,-289.314,72.298)
(-108.481,-391.328,73.2336)
(-142.516,-301.247,70.1903)
(-279.583,-464.592,70.2293)
(-138.934,-305.651,67.8251)
(-271.441,-328.358,-19.1117)
(-183.655,-262.762,-10.594)
(-176.907,-264.969,6.51775)
(-170.055,-283.649,-11.4874)
(-243.014,-333.669,9.99487)
(194.515,249.18,8.43927)
(202.097,334.968,-41.5861)
(201.878,260.762,2.57242)
(253.425,255.838,-29.3863)
(197.21,260.969,0.872349)
(260.369,401.093,-20.2565)
(277.101,163.595,36.2391)
(341.933,231.909,59.949)
(-303.858,-127.372,-26.8507)
(-268.752,29.2557,-23.6402)
(-304.117,-129.544,-28.5737)
(-286.832,13.5842,-31.7088)
(-303.76,-89.6055,110.036)
(-325.757,-108.262,138.561)
(-308.238,-86.2315,105.11)
(-281.006,-106.714,7.95312)
(-309.662,-88.0017,104.655)
(-296.732,-48.1828,89.135)
(-310.924,97.0423,-18.3124)
(-300.527,46.8665,-145.428)
(-317.279,98.279,-21.2383)
(-323.157,39.7444,-76.7332)
(199.104,240.89,17.3993)
(207.369,277.334,123.671)
(255.797,-182.218,-14.7016)
(278.889,-202.705,5.25615)
(289.421,156.934,47.2816)
(281.405,94.242,57.1198)
(-207.848,242.056,-32.8843)
(-202.663,193.101,-10.7726)
(16.4832,-314.053,46.8232)
(-74.5675,-294.545,15.4551)
(-252.739,-198.761,-28.7937)
(-228.228,-202.073,75.9906)
(-250.329,-208.086,-31.8284)
(-205.778,-218.513,-3.56367)
(268.765,195.26,23.3662)
(191.768,216.333,-67.6561)
(253.448,-192.278,-105.899)
(216.144,-259.571,-68.2019)
(-301.633,114.585,-0.642434)
(-301.526,107.05,34.8756)
(-314.424,94.29,1.90758)
(-339.994,107.501,-5.1073)
(291.973,-154.629,2.78768)
(263.196,-166.429,-111.947)
(149.01,-283.754,-15.1876)
(177.259,-135.801,34.3432)
(151.5,-285.724,-18.265)
(178.211,-256.317,-17.4913)
(68.0412,310.483,17.0369)
(102.938,310.193,-16.3782)
(66.75,311.851,18.7891)
(88.0562,248.69,-16.4663)
(-70.6872,310.705,5.81854)
(-64.4944,399.837,-78.6026)
(-76.3406,307.837,8.24481)
(-8.93489,324.755,-18.5717)
(88.3311,-301.223,-3.89177)
(54.7713,-285.021,30.9222)
(226.881,-221.069,9.23373)
(194.61,-190.636,147.077)
(221.395,-226.635,1.00096)
(186.855,-348.309,-87.3449)
(-306.295,-78.7216,4.35436)
(-280.01,26.4219,-35.3048)
(-219.288,-225.589,82.6131)
(-162.082,-185.909,94.8305)
(280.288,150.71,-58.1088)
(201.507,181.859,55.3664)
(-305.192,73.9534,31.8573)
(-296.761,69.4622,134.415)
(129.84,287.561,-104.7)
(161.086,360.542,-113.338)
(-112.551,-295.008,106.341)
(-149.966,-257.136,152.884)
(-288.54,-158.219,36.4319)
(-323.611,-286.105,61.3385)
(-285.291,-156.658,41.1685)
(-247.607,-218.602,69.0429)
(183.704,-260.063,-14.0762)
(235.793,-314.422,-85.1976)
(189.334,-259.681,-12.6129)
(244.156,-247.354,-35.6091)
(-235.108,226.838,17.9163)
(-298.153,279.309,62.5164)
(304.513,-99.6743,-5.53315)
(376.346,-73.1698,54.3111)
(11.4315,318.335,-105.617)
(72.1645,352.104,-135.705)
(188.01,-270.494,44.5621)
(149.6,-301.16,6.38089)
(-266.061,188.053,-28.456)
(-411.071,148.884,-121.108)
(-96.9433,-301.417,116.834)
(-99.5728,-286.034,29.0775)
(-254.138,189.842,23.5835)
(-241.768,205.162,71.4488)
(54.1203,-323.063,-38.5042)
(-21.3607,-231.673,9.66345)
(-124.549,294.096,-44.9449)
(-225.901,385.071,-49.8577)
(-30.8157,-327.739,48.4886)
(-46.6244,-326.842,-37.5344)
(-318.238,-58.2859,118.863)
(-254.483,-6.70838,127.507)
(312.362,39.2354,-100.071)
(350.376,-19.4807,-102.985)
(-200.722,-247.696,59.2558)
(-172.504,-150.564,33.6094)
(123.761,-300.377,-112.616)
(196.795,-325.864,-147.77)
(-27.5584,315.481,115.442)
(-26.699,373.517,84.4543)
(-28.9371,311.827,118.339)
(-117.257,282.613,89.79)
0 events have been kept for refreshing and/or reviewing.
  "/vis/reviewKeptEvents" to review them one by one.
  "/vis/enable", then "/vis/viewer/flush" or "/vis/viewer/rebuild" to see them accumulated.
[Core-0] End of macro ./split/.Gate/main124/main11.mac
Graphics systems deleted.
Visualization Manager deleting...
