000 (148.002.000) 10/24 12:19:25 Job submitted from host: <127.0.0.1:9618?addrs=127.0.0.1-9618+[--1]-9618&noUDP&sock=1690_c724_4>
...
001 (148.002.000) 10/24 12:19:26 Job executing on host: <127.0.0.1:9618?addrs=127.0.0.1-9618+[--1]-9618&noUDP&sock=1690_c724_3>
...
006 (148.002.000) 10/24 12:19:34 Image size of job updated: 88264
	87  -  MemoryUsage of job (MB)
	88264  -  ResidentSetSize of job (KB)
...
007 (148.002.000) 10/24 12:19:40 Shadow exception!
	UserLog Unable to log ULOG_JOB_TERMINATED event
	0  -  Run Bytes Sent By Job
	0  -  Run Bytes Received By Job
...
005 (148.002.000) 10/24 12:19:40 Job terminated.
	(1) Normal termination (return value 0)
		Usr 0 00:00:12, Sys 0 00:00:00  -  Run Remote Usage
		Usr 0 00:00:00, Sys 0 00:00:00  -  Run Local Usage
		Usr 0 00:00:12, Sys 0 00:00:00  -  Total Remote Usage
		Usr 0 00:00:00, Sys 0 00:00:00  -  Total Local Usage
	0  -  Run Bytes Sent By Job
	0  -  Run Bytes Received By Job
	0  -  Total Bytes Sent By Job
	0  -  Total Bytes Received By Job
...
