[G4] 
[G4] **************************************************************
[G4]  Geant4 version Name: geant4-10-07-patch-02    (11-June-2021)
[G4]                        Copyright : Geant4 Collaboration
[G4]                       References : NIM A 506 (2003), 250-303
[G4]                                  : IEEE-TNS 53 (2006), 270-278
[G4]                                  : NIM A 835 (2016), 186-225
[G4]                              WWW : http://geant4.org/
[G4] **************************************************************
[G4] 
[Core-0] Initialization of geometry
[Core-0] Initialization of physics
[Core-0] Initialization of actors
[Core-0] 
[Core-0] *************************************************
[Core-0]  GATE version 9.1 (2021)
[Core-0]  Copyright : OpenGATE Collaboration
[Core-0]  Reference : Phys. Med. Biol. 49 (2004) 4543-4561
[Core-0]  Reference : Phys. Med. Biol. 56 (2011) 881-901
[Core-0]  Reference : Med. Phys. 41(6)    (2014)
[Core-0]  http://www.opengatecollaboration.org        
[Core-0] *************************************************
[Core-0] 
[Core-0] You are using Geant4 version 10.7.2
[Core-0] Starting macro ./split/.Gate/main129/main11.mac
0: RINDEX
1.84e-06   1.00028
4.08e-06   1.00028
9: GROUPVEL
1.84e-06   299.709
4.08e-06   299.709
16: ABSLENGTH
1.84e-06   50000
4.08e-06   50000
 <!> *** WARNING *** <!>  GateMaterialDatabase: Multiple definition of element: Yttrium.
The definition in ClMind_GateMaterials.db was used.


GATE object:        'systems/cylindricalPET'
Components:

GATE object:        'systems/cylindricalPET/base'
Attached to volume: cylindricalPET
Nb of children:       1

	GATE object:        'systems/cylindricalPET/rsector'
	Attached to volume: module
	Nb of children:       1

		GATE object:        'systems/cylindricalPET/module'
		Attached to volume: unit
		Nb of children:       1

			GATE object:        'systems/cylindricalPET/submodule'
			Attached to volume: block
			Nb of children:       1

				GATE object:        'systems/cylindricalPET/crystal'
				Attached to volume: optical
				Nb of children:       4

					GATE object:        'systems/cylindricalPET/layer0'
					Attached to volume: crystal
					Nb of children:       0

					GATE object:        'systems/cylindricalPET/layer1'
					Attached to volume: ---
					Nb of children:       0

					GATE object:        'systems/cylindricalPET/layer2'
					Attached to volume: ---
					Nb of children:       0

					GATE object:        'systems/cylindricalPET/layer3'
					Attached to volume: ---
					Nb of children:       0
geometrical design type: 1
ring diameter: -3.95 mm 
rsector axial pitch: 0 fm 
rsector azimuthal pitch: 12.8571 degree
rsector tangential size: 2.5 cm 
rsector axial size: 25.04 cm 
module axial size: 4.784 cm 
module tangential size: 2.5 cm 
module axial pitch: 0 fm 
module tangential pitch: 0 fm 
submodule axial size: 4.784 cm 
submodule tangential size: 2.5 cm 
submodule axial pitch: 0 fm 
submodule tangential pitch: 0 fm 
crystal radial size: 1.59 cm 
crystal axial size: 1.59 cm 
crystal tangential size: 2.5 cm 
crystal axial pitch: 0 fm 
crystal tangential pitch: 0 fm 
layer0 radial size: 3.95 mm 
in layer0 interaction length: 1.975 mm 
Axial nb of rsectors: 1
Azimuthal nb of rsectors: 28
Axial nb of modules: 1
Tangential nb of modules: 1
Axial nb of submodules: 1
Tangential nb of submodules: 1
Axial nb of crystals: 1
Tangential nb of crystals: 1
Radial nb of layers: 1
[Physic-0] The following Geant4's physic-list is enabled :emstandard_opt3


List of Enabled processes:




List of initialized processes:


[Core-0] Initialization of geometry
[Core-0] Initialization of physics
[Core-0] Initialization of actors
 <!> *** WARNING *** <!>  The 'energytype' option is DEPRECATED, use 'ene/type' instead!
 <!> *** WARNING *** <!>  The 'energytype' option is DEPRECATED, use 'ene/type' instead!
 <!> *** WARNING *** <!>  The 'energytype' option is DEPRECATED, use 'ene/type' instead!
 <!> *** WARNING *** <!>  The 'energytype' option is DEPRECATED, use 'ene/type' instead!
 <!> *** WARNING *** <!>  The 'energytype' option is DEPRECATED, use 'ene/type' instead!
 <!> *** WARNING *** <!>  The 'energytype' option is DEPRECATED, use 'ene/type' instead!
 <!> *** WARNING *** <!>  The 'energytype' option is DEPRECATED, use 'ene/type' instead!
 <!> *** WARNING *** <!>  The 'energytype' option is DEPRECATED, use 'ene/type' instead!
 <!> *** WARNING *** <!>  The 'energytype' option is DEPRECATED, use 'ene/type' instead!
[Acquisition-0]   
[Acquisition-0] ============= Source initialization =============
[Acquisition-0]   
[Acquisition-0] ============= Acquisition starts! =============
[Acquisition-0] Simulation start time = 0 sec
[Acquisition-0] Simulation end time   = 1 sec
[Acquisition-0] Simulation will have  = 1 run(s)
[Acquisition-0] Slice 0 from 0 to 1 s [slice=1 s]

### ===  Deexcitation model UAtomDeexcitation is activated for 25 regions:
          DefaultRegionForTheWorld  1  1  1
          cylindricalPET  1  1  1
          module  1  1  1
          unit  1  1  1
          block  1  1  1
          optical  1  1  1
          crystal  1  1  1
          capillaire1  1  1  1
          capillaire1_water  1  1  1
          capillaire2  1  1  1
          capillaire2_water  1  1  1
          capillaire3  1  1  1
          capillaire3_water  1  1  1
          capillaire4  1  1  1
          capillaire4_water  1  1  1
          capillaire5  1  1  1
          capillaire5_water  1  1  1
          capillaire_m1  1  1  1
          capillaire_m1_water  1  1  1
          capillaire_m2  1  1  1
          capillaire_m2_water  1  1  1
          capillaire_m3  1  1  1
          capillaire_m3_water  1  1  1
          capillaire_m4  1  1  1
          capillaire_m4_water  1  1  1
### ===  Ignore cuts flag:   0

phot:  for gamma applyCuts:1  SubType=12 BuildTable=0
      LambdaPrime table from 200 keV to 100 TeV in 174 bins 
      ===== EM models for the G4Region  DefaultRegionForTheWorld ======
 LivermorePhElectric : Emin=    0 eV  Emax=  100 TeV  SauterGavrila Fluo

compt:  for gamma applyCuts:1  SubType=13 BuildTable=1
      Lambda table from 10 eV  to 1 MeV, 20 bins/decade, spline: 1
      LambdaPrime table from 1 MeV to 100 TeV in 160 bins 
      ===== EM models for the G4Region  DefaultRegionForTheWorld ======
        KleinNishina : Emin=    0 eV  Emax=  100 TeV Fluo

conv:  for gamma applyCuts:1  SubType=14 BuildTable=1
      Lambda table from 1.022 MeV to 100 TeV, 20 bins/decade, spline: 1
      ===== EM models for the G4Region  DefaultRegionForTheWorld ======
     BetheHeitlerLPM : Emin=    0 eV  Emax=  100 TeV  ModifiedTsai

Rayl:  for gamma applyCuts:1  SubType=11 BuildTable=1
      Lambda table from 10 eV  to 100 keV, 20 bins/decade, spline: 0
      LambdaPrime table from 100 keV to 100 TeV in 180 bins 
      ===== EM models for the G4Region  DefaultRegionForTheWorld ======
   LivermoreRayleigh : Emin=    0 eV  Emax=  100 TeV  CullenGenerator

msc:  for e-  SubType= 10
      ===== EM models for the G4Region  DefaultRegionForTheWorld ======
            UrbanMsc : Emin=    0 eV  Emax=  100 TeV Nbins=240 100 eV  - 100 TeV
              StepLim=DistanceToBoundary Rfact=0.04 Gfact=2.5 Sfact=0.6 DispFlag:1 Skin=1 Llimit=1

eIoni:  for e-  SubType=2
      dE/dx and range tables from 10 eV  to 100 TeV in 260 bins
      Lambda tables from threshold to 100 TeV, 20 bins/decade, spline: 1
      StepFunction=(0.2, 0.1 mm), integ: 1, fluct: 1, linLossLim= 0.01
      ===== EM models for the G4Region  DefaultRegionForTheWorld ======
        MollerBhabha : Emin=    0 eV  Emax=  100 TeV  deltaVI

eBrem:  for e-  SubType=3
      dE/dx and range tables from 10 eV  to 100 TeV in 260 bins
      Lambda tables from threshold to 100 TeV, 20 bins/decade, spline: 1
      LPM flag: 1 for E > 1 GeV,  VertexHighEnergyTh(GeV)= 100000
      ===== EM models for the G4Region  DefaultRegionForTheWorld ======
             eBremSB : Emin=    0 eV  Emax=    1 GeV  AngularGen2BS
            eBremLPM : Emin=    1 GeV Emax=  100 TeV  AngularGen2BS

ePairProd:  for e-  SubType=4
      dE/dx and range tables from 10 eV  to 100 TeV in 260 bins
      Lambda tables from threshold to 100 TeV, 20 bins/decade, spline: 1
      Sampling table 25x1001; from 0.1 GeV to 100 TeV 
      ===== EM models for the G4Region  DefaultRegionForTheWorld ======
           ePairProd : Emin=    0 eV  Emax=  100 TeV  ModifiedMephi

msc:  for e+  SubType= 10
      ===== EM models for the G4Region  DefaultRegionForTheWorld ======
            UrbanMsc : Emin=    0 eV  Emax=  100 TeV Nbins=240 100 eV  - 100 TeV
              StepLim=DistanceToBoundary Rfact=0.04 Gfact=2.5 Sfact=0.6 DispFlag:1 Skin=1 Llimit=1

eIoni:  for e+  SubType=2
      dE/dx and range tables from 10 eV  to 100 TeV in 260 bins
      Lambda tables from threshold to 100 TeV, 20 bins/decade, spline: 1
      StepFunction=(0.2, 0.1 mm), integ: 1, fluct: 1, linLossLim= 0.01
      ===== EM models for the G4Region  DefaultRegionForTheWorld ======
        MollerBhabha : Emin=    0 eV  Emax=  100 TeV  deltaVI

eBrem:  for e+  SubType=3
      dE/dx and range tables from 10 eV  to 100 TeV in 260 bins
      Lambda tables from threshold to 100 TeV, 20 bins/decade, spline: 1
      LPM flag: 1 for E > 1 GeV,  VertexHighEnergyTh(GeV)= 100000
      ===== EM models for the G4Region  DefaultRegionForTheWorld ======
             eBremSB : Emin=    0 eV  Emax=    1 GeV  AngularGen2BS
            eBremLPM : Emin=    1 GeV Emax=  100 TeV  AngularGen2BS

ePairProd:  for e+  SubType=4
      dE/dx and range tables from 10 eV  to 100 TeV in 260 bins
      Lambda tables from threshold to 100 TeV, 20 bins/decade, spline: 1
      Sampling table 25x1001; from 0.1 GeV to 100 TeV 
      ===== EM models for the G4Region  DefaultRegionForTheWorld ======
           ePairProd : Emin=    0 eV  Emax=  100 TeV  ModifiedMephi

annihil:  for e+, integral:1  applyCuts:1  SubType=5 BuildTable=0
      ===== EM models for the G4Region  DefaultRegionForTheWorld ======
            eplus2gg : Emin=    0 eV  Emax=  100 TeV

msc:  for proton  SubType= 10
      ===== EM models for the G4Region  DefaultRegionForTheWorld ======
            UrbanMsc : Emin=    0 eV  Emax=  100 TeV Nbins=240 100 eV  - 100 TeV
              StepLim=Minimal Rfact=0.2 Gfact=2.5 Sfact=0.6 DispFlag:1 Skin=1 Llimit=1

hIoni:  for proton  SubType=2
      dE/dx and range tables from 10 eV  to 100 TeV in 260 bins
      Lambda tables from threshold to 100 TeV, 20 bins/decade, spline: 1
      StepFunction=(0.2, 0.05 mm), integ: 1, fluct: 1, linLossLim= 0.01
      ===== EM models for the G4Region  DefaultRegionForTheWorld ======
               Bragg : Emin=    0 eV  Emax=    2 MeV  deltaVI
          BetheBloch : Emin=    2 MeV Emax=  100 TeV  deltaVI

hBrems:  for proton  SubType=3
      dE/dx and range tables from 10 eV  to 100 TeV in 260 bins
      Lambda tables from threshold to 100 TeV, 20 bins/decade, spline: 1
      ===== EM models for the G4Region  DefaultRegionForTheWorld ======
               hBrem : Emin=    0 eV  Emax=  100 TeV  ModifiedMephi
      ===== Limit on energy threshold has been applied 

hPairProd:  for proton  SubType=4
      dE/dx and range tables from 10 eV  to 100 TeV in 260 bins
      Lambda tables from threshold to 100 TeV, 20 bins/decade, spline: 1
      Sampling table 17x1001; from 7.50618 GeV to 100 TeV 
      ===== EM models for the G4Region  DefaultRegionForTheWorld ======
           hPairProd : Emin=    0 eV  Emax=  100 TeV  ModifiedMephi

nuclearStopping:  for proton applyCuts:1  SubType=8 BuildTable=0
      ===== EM models for the G4Region  DefaultRegionForTheWorld ======
   ICRU49NucStopping : Emin=    0 eV  Emax=    1 MeV

msc:  for GenericIon  SubType= 10
      ===== EM models for the G4Region  DefaultRegionForTheWorld ======
            UrbanMsc : Emin=    0 eV  Emax=  100 TeV
              StepLim=Minimal Rfact=0.2 Gfact=2.5 Sfact=0.6 DispFlag:1 Skin=1 Llimit=1

ionIoni:  for GenericIon  SubType=2
      dE/dx and range tables from 10 eV  to 100 TeV in 260 bins
      Lambda tables from threshold to 100 TeV, 20 bins/decade, spline: 1
      StepFunction=(0.1, 0.02 mm), integ: 1, fluct: 1, linLossLim= 0.02
      ===== EM models for the G4Region  DefaultRegionForTheWorld ======
         ParamICRU73 : Emin=    0 eV  Emax=  100 TeV  deltaVI

nuclearStopping:  for GenericIon applyCuts:1  SubType=8 BuildTable=0
      ===== EM models for the G4Region  DefaultRegionForTheWorld ======
   ICRU49NucStopping : Emin=    0 eV  Emax=    1 MeV

msc:  for alpha  SubType= 10
      ===== EM models for the G4Region  DefaultRegionForTheWorld ======
            UrbanMsc : Emin=    0 eV  Emax=  100 TeV Nbins=240 100 eV  - 100 TeV
              StepLim=Minimal Rfact=0.2 Gfact=2.5 Sfact=0.6 DispFlag:1 Skin=1 Llimit=1

ionIoni:  for alpha  SubType=2
      dE/dx and range tables from 10 eV  to 100 TeV in 260 bins
      Lambda tables from threshold to 100 TeV, 20 bins/decade, spline: 1
      StepFunction=(0.1, 0.02 mm), integ: 1, fluct: 1, linLossLim= 0.02
      ===== EM models for the G4Region  DefaultRegionForTheWorld ======
            BraggIon : Emin=    0 eV  Emax=7.9452 MeV  deltaVI
          BetheBloch : Emin=7.9452 MeV Emax=  100 TeV  deltaVI

nuclearStopping:  for alpha applyCuts:1  SubType=8 BuildTable=0
      ===== EM models for the G4Region  DefaultRegionForTheWorld ======
   ICRU49NucStopping : Emin=    0 eV  Emax=    1 MeV

msc:  for anti_proton  SubType= 10
      ===== EM models for the G4Region  DefaultRegionForTheWorld ======
            UrbanMsc : Emin=    0 eV  Emax=  100 TeV Nbins=240 100 eV  - 100 TeV
              StepLim=Minimal Rfact=0.2 Gfact=2.5 Sfact=0.6 DispFlag:1 Skin=1 Llimit=1

hIoni:  for anti_proton  SubType=2
      dE/dx and range tables from 10 eV  to 100 TeV in 260 bins
      Lambda tables from threshold to 100 TeV, 20 bins/decade, spline: 1
      StepFunction=(0.2, 0.05 mm), integ: 1, fluct: 1, linLossLim= 0.01
      ===== EM models for the G4Region  DefaultRegionForTheWorld ======
            ICRU73QO : Emin=    0 eV  Emax=    2 MeV  deltaVI
          BetheBloch : Emin=    2 MeV Emax=  100 TeV  deltaVI

hBrems:  for anti_proton  SubType=3
      dE/dx and range tables from 10 eV  to 100 TeV in 260 bins
      Lambda tables from threshold to 100 TeV, 20 bins/decade, spline: 1
      ===== EM models for the G4Region  DefaultRegionForTheWorld ======
               hBrem : Emin=    0 eV  Emax=  100 TeV  ModifiedMephi
      ===== Limit on energy threshold has been applied 

hPairProd:  for anti_proton  SubType=4
      dE/dx and range tables from 10 eV  to 100 TeV in 260 bins
      Lambda tables from threshold to 100 TeV, 20 bins/decade, spline: 1
      Sampling table 17x1001; from 7.50618 GeV to 100 TeV 
      ===== EM models for the G4Region  DefaultRegionForTheWorld ======
           hPairProd : Emin=    0 eV  Emax=  100 TeV  ModifiedMephi

msc:  for kaon+  SubType= 10
      ===== EM models for the G4Region  DefaultRegionForTheWorld ======
            UrbanMsc : Emin=    0 eV  Emax=  100 TeV Nbins=240 100 eV  - 100 TeV
              StepLim=Minimal Rfact=0.2 Gfact=2.5 Sfact=0.6 DispFlag:1 Skin=1 Llimit=1

hIoni:  for kaon+  SubType=2
      dE/dx and range tables from 10 eV  to 100 TeV in 260 bins
      Lambda tables from threshold to 100 TeV, 20 bins/decade, spline: 1
      StepFunction=(0.2, 0.05 mm), integ: 1, fluct: 1, linLossLim= 0.01
      ===== EM models for the G4Region  DefaultRegionForTheWorld ======
               Bragg : Emin=    0 eV  Emax=1.05231 MeV  deltaVI
          BetheBloch : Emin=1.05231 MeV Emax=  100 TeV  deltaVI

hBrems:  for kaon+  SubType=3
      dE/dx and range tables from 10 eV  to 100 TeV in 260 bins
      Lambda tables from threshold to 100 TeV, 20 bins/decade, spline: 1
      ===== EM models for the G4Region  DefaultRegionForTheWorld ======
               hBrem : Emin=    0 eV  Emax=  100 TeV  ModifiedMephi
      ===== Limit on energy threshold has been applied 

hPairProd:  for kaon+  SubType=4
      dE/dx and range tables from 10 eV  to 100 TeV in 260 bins
      Lambda tables from threshold to 100 TeV, 20 bins/decade, spline: 1
      Sampling table 18x1001; from 3.94942 GeV to 100 TeV 
      ===== EM models for the G4Region  DefaultRegionForTheWorld ======
           hPairProd : Emin=    0 eV  Emax=  100 TeV  ModifiedMephi

msc:  for kaon-  SubType= 10
      ===== EM models for the G4Region  DefaultRegionForTheWorld ======
            UrbanMsc : Emin=    0 eV  Emax=  100 TeV Nbins=240 100 eV  - 100 TeV
              StepLim=Minimal Rfact=0.2 Gfact=2.5 Sfact=0.6 DispFlag:1 Skin=1 Llimit=1

hIoni:  for kaon-  SubType=2
      dE/dx and range tables from 10 eV  to 100 TeV in 260 bins
      Lambda tables from threshold to 100 TeV, 20 bins/decade, spline: 1
      StepFunction=(0.2, 0.05 mm), integ: 1, fluct: 1, linLossLim= 0.01
      ===== EM models for the G4Region  DefaultRegionForTheWorld ======
            ICRU73QO : Emin=    0 eV  Emax=1.05231 MeV  deltaVI
          BetheBloch : Emin=1.05231 MeV Emax=  100 TeV  deltaVI

hBrems:  for kaon-  SubType=3
      dE/dx and range tables from 10 eV  to 100 TeV in 260 bins
      Lambda tables from threshold to 100 TeV, 20 bins/decade, spline: 1
      ===== EM models for the G4Region  DefaultRegionForTheWorld ======
               hBrem : Emin=    0 eV  Emax=  100 TeV  ModifiedMephi
      ===== Limit on energy threshold has been applied 

hPairProd:  for kaon-  SubType=4
      dE/dx and range tables from 10 eV  to 100 TeV in 260 bins
      Lambda tables from threshold to 100 TeV, 20 bins/decade, spline: 1
      Sampling table 18x1001; from 3.94942 GeV to 100 TeV 
      ===== EM models for the G4Region  DefaultRegionForTheWorld ======
           hPairProd : Emin=    0 eV  Emax=  100 TeV  ModifiedMephi

msc:  for mu+  SubType= 10
      ===== EM models for the G4Region  DefaultRegionForTheWorld ======
            UrbanMsc : Emin=    0 eV  Emax=  100 TeV Nbins=240 100 eV  - 100 TeV
              StepLim=Minimal Rfact=0.2 Gfact=2.5 Sfact=0.6 DispFlag:1 Skin=1 Llimit=1

muIoni:  for mu+  SubType=2
      dE/dx and range tables from 10 eV  to 100 TeV in 260 bins
      Lambda tables from threshold to 100 TeV, 20 bins/decade, spline: 1
      StepFunction=(0.2, 0.05 mm), integ: 1, fluct: 1, linLossLim= 0.01
      ===== EM models for the G4Region  DefaultRegionForTheWorld ======
               Bragg : Emin=    0 eV  Emax=  200 keV  deltaVI
          BetheBloch : Emin=  200 keV Emax=    1 GeV  deltaVI
        MuBetheBloch : Emin=    1 GeV Emax=  100 TeV

muBrems:  for mu+  SubType=3
      dE/dx and range tables from 10 eV  to 100 TeV in 260 bins
      Lambda tables from threshold to 100 TeV, 20 bins/decade, spline: 1
      ===== EM models for the G4Region  DefaultRegionForTheWorld ======
              MuBrem : Emin=    0 eV  Emax=  100 TeV  ModifiedMephi
      ===== Limit on energy threshold has been applied 

muPairProd:  for mu+  SubType=4
      dE/dx and range tables from 10 eV  to 100 TeV in 260 bins
      Lambda tables from threshold to 100 TeV, 20 bins/decade, spline: 1
      Sampling table 21x1001; from 1 GeV to 100 TeV 
      ===== EM models for the G4Region  DefaultRegionForTheWorld ======
          muPairProd : Emin=    0 eV  Emax=  100 TeV  ModifiedMephi

msc:  for mu-  SubType= 10
      ===== EM models for the G4Region  DefaultRegionForTheWorld ======
            UrbanMsc : Emin=    0 eV  Emax=  100 TeV Nbins=240 100 eV  - 100 TeV
              StepLim=Minimal Rfact=0.2 Gfact=2.5 Sfact=0.6 DispFlag:1 Skin=1 Llimit=1

muIoni:  for mu-  SubType=2
      dE/dx and range tables from 10 eV  to 100 TeV in 260 bins
      Lambda tables from threshold to 100 TeV, 20 bins/decade, spline: 1
      StepFunction=(0.2, 0.05 mm), integ: 1, fluct: 1, linLossLim= 0.01
      ===== EM models for the G4Region  DefaultRegionForTheWorld ======
            ICRU73QO : Emin=    0 eV  Emax=  200 keV  deltaVI
          BetheBloch : Emin=  200 keV Emax=    1 GeV  deltaVI
        MuBetheBloch : Emin=    1 GeV Emax=  100 TeV

muBrems:  for mu-  SubType=3
      dE/dx and range tables from 10 eV  to 100 TeV in 260 bins
      Lambda tables from threshold to 100 TeV, 20 bins/decade, spline: 1
      ===== EM models for the G4Region  DefaultRegionForTheWorld ======
              MuBrem : Emin=    0 eV  Emax=  100 TeV  ModifiedMephi
      ===== Limit on energy threshold has been applied 

muPairProd:  for mu-  SubType=4
      dE/dx and range tables from 10 eV  to 100 TeV in 260 bins
      Lambda tables from threshold to 100 TeV, 20 bins/decade, spline: 1
      Sampling table 21x1001; from 1 GeV to 100 TeV 
      ===== EM models for the G4Region  DefaultRegionForTheWorld ======
          muPairProd : Emin=    0 eV  Emax=  100 TeV  ModifiedMephi

msc:  for pi+  SubType= 10
      ===== EM models for the G4Region  DefaultRegionForTheWorld ======
            UrbanMsc : Emin=    0 eV  Emax=  100 TeV Nbins=240 100 eV  - 100 TeV
              StepLim=Minimal Rfact=0.2 Gfact=2.5 Sfact=0.6 DispFlag:1 Skin=1 Llimit=1

hIoni:  for pi+  SubType=2
      dE/dx and range tables from 10 eV  to 100 TeV in 260 bins
      Lambda tables from threshold to 100 TeV, 20 bins/decade, spline: 1
      StepFunction=(0.2, 0.05 mm), integ: 1, fluct: 1, linLossLim= 0.01
      ===== EM models for the G4Region  DefaultRegionForTheWorld ======
               Bragg : Emin=    0 eV  Emax=297.505 keV  deltaVI
          BetheBloch : Emin=297.505 keV Emax=  100 TeV  deltaVI

hBrems:  for pi+  SubType=3
      dE/dx and range tables from 10 eV  to 100 TeV in 260 bins
      Lambda tables from threshold to 100 TeV, 20 bins/decade, spline: 1
      ===== EM models for the G4Region  DefaultRegionForTheWorld ======
               hBrem : Emin=    0 eV  Emax=  100 TeV  ModifiedMephi
      ===== Limit on energy threshold has been applied 

hPairProd:  for pi+  SubType=4
      dE/dx and range tables from 10 eV  to 100 TeV in 260 bins
      Lambda tables from threshold to 100 TeV, 20 bins/decade, spline: 1
      Sampling table 20x1001; from 1.11656 GeV to 100 TeV 
      ===== EM models for the G4Region  DefaultRegionForTheWorld ======
           hPairProd : Emin=    0 eV  Emax=  100 TeV  ModifiedMephi

msc:  for pi-  SubType= 10
      ===== EM models for the G4Region  DefaultRegionForTheWorld ======
            UrbanMsc : Emin=    0 eV  Emax=  100 TeV Nbins=240 100 eV  - 100 TeV
              StepLim=Minimal Rfact=0.2 Gfact=2.5 Sfact=0.6 DispFlag:1 Skin=1 Llimit=1

hIoni:  for pi-  SubType=2
      dE/dx and range tables from 10 eV  to 100 TeV in 260 bins
      Lambda tables from threshold to 100 TeV, 20 bins/decade, spline: 1
      StepFunction=(0.2, 0.05 mm), integ: 1, fluct: 1, linLossLim= 0.01
      ===== EM models for the G4Region  DefaultRegionForTheWorld ======
            ICRU73QO : Emin=    0 eV  Emax=297.505 keV  deltaVI
          BetheBloch : Emin=297.505 keV Emax=  100 TeV  deltaVI

hBrems:  for pi-  SubType=3
      dE/dx and range tables from 10 eV  to 100 TeV in 260 bins
      Lambda tables from threshold to 100 TeV, 20 bins/decade, spline: 1
      ===== EM models for the G4Region  DefaultRegionForTheWorld ======
               hBrem : Emin=    0 eV  Emax=  100 TeV  ModifiedMephi
      ===== Limit on energy threshold has been applied 

hPairProd:  for pi-  SubType=4
      dE/dx and range tables from 10 eV  to 100 TeV in 260 bins
      Lambda tables from threshold to 100 TeV, 20 bins/decade, spline: 1
      Sampling table 20x1001; from 1.11656 GeV to 100 TeV 
      ===== EM models for the G4Region  DefaultRegionForTheWorld ======
           hPairProd : Emin=    0 eV  Emax=  100 TeV  ModifiedMephi
G4VisManager: Using G4TrajectoryDrawByCharge as fallback trajectory model.
See commands in /vis/modeling/trajectories/ for other options.

### ===  Deexcitation model UAtomDeexcitation is activated for 25 regions:
          DefaultRegionForTheWorld  1  1  1
          cylindricalPET  1  1  1
          module  1  1  1
          unit  1  1  1
          block  1  1  1
          optical  1  1  1
          crystal  1  1  1
          capillaire1  1  1  1
          capillaire1_water  1  1  1
          capillaire2  1  1  1
          capillaire2_water  1  1  1
          capillaire3  1  1  1
          capillaire3_water  1  1  1
          capillaire4  1  1  1
          capillaire4_water  1  1  1
          capillaire5  1  1  1
          capillaire5_water  1  1  1
          capillaire_m1  1  1  1
          capillaire_m1_water  1  1  1
          capillaire_m2  1  1  1
          capillaire_m2_water  1  1  1
          capillaire_m3  1  1  1
          capillaire_m3_water  1  1  1
          capillaire_m4  1  1  1
          capillaire_m4_water  1  1  1
### ===  Ignore cuts flag:   0
(-244.641,-195.938,-80.0761)
(-257.351,-244.893,-169.761)
(-242.857,-200.058,-80.4007)
(-174.941,-148.241,-67.0645)
(171.365,264.281,-108.7)
(89.3718,284.388,-124.046)
(-159.648,273.007,-124.677)
(-115.76,326.349,-29.9337)
(313.204,-7.78751,11.2221)
(286.461,25.7526,163.721)
(318.146,-15.5754,9.1042)
(384.387,-20.6346,40.7903)
(-314.835,20.1778,-21.8414)
(-266.054,20.4809,50.3545)
(-328.105,12.2711,-18.5117)
(-309.924,78.5213,-138.227)
(316.305,68.0698,114.031)
(277.421,70.9865,46.4501)
(-298.923,-118.264,-55.7165)
(-255.313,-31.7029,-2.84443)
(-295.56,-111.589,-55.2428)
(-327.548,-47.434,-55.3351)
(274.218,152.272,72.6517)
(131.569,47.5412,44.7622)
(273.987,154.851,77.4834)
(351.31,97.2535,8.16994)
(-254.405,-194.23,105.237)
(-278.858,-144.588,26.1998)
(-255.814,-196.29,88.2093)
(-178.034,-215.152,87.5629)
(-148.98,-291.212,5.58171)
(-156.184,-201.764,63.8193)
(-130.797,299.954,-3.18863)
(-242.579,273.188,-109.867)
(-131.543,292.528,-3.4503)
(-142.613,258.252,-34.154)
(257.002,183.713,63.4967)
(206.984,79.5461,83.8741)
(255.838,208.232,71.6582)
(326.888,267.937,95.9734)
(-55.0285,-307.327,-104.085)
(-52.4934,-272.201,-188.454)
(318.395,25.8888,-106.562)
(360.892,67.9525,-11.3723)
(-260.814,-179.929,7.69729)
(-284.271,-185.444,43.288)
(-275.037,-182.961,10.0673)
(-330.963,-86.1829,-17.8003)
(294.271,112.34,-6.47101)
(233.277,139.838,24.9695)
(309.913,120.71,-15.3942)
(298.664,126.434,84.9081)
(218.593,-228.352,114.692)
(304.286,-340.799,130.915)
(31.2908,327.772,19.9533)
(-73.9926,303.01,-3.36273)
(44.1593,333.397,22.3007)
(-2.01454,398.529,1.34448)
(173.407,-266.111,-13.4389)
(221.354,-228.014,1.97591)
(165.256,-285.108,0.166314)
(88.0795,-258.587,95.0941)
(-313.245,1.82558,63.7915)
(-271.94,-25.5719,-65.9317)
(-315.318,2.94558,64.4046)
(-295.195,91.1548,52.9168)
(-320.207,-0.158822,71.0017)
(-267.924,33.8346,143.921)
(-318.366,0.556577,72.3502)
(-295.563,-32.6369,90.1841)
(-40.1969,-319.978,-102.215)
(-101.066,-385.221,-103.342)
(-30.7529,-315.531,-102.123)
(-46.2201,-307.425,-24.7265)
(-27.2082,-313.368,-102.377)
(17.3165,-339.072,-177.622)
(179.608,265.431,81.9484)
(256.189,253.631,101.598)
(177.262,268.997,81.2008)
(253.455,143.741,126.25)
(-100.027,301.42,-111.436)
(-41.8443,317.741,-43.3836)
(-151.893,-277.327,87.8205)
(-139.484,-269.595,11.7391)
(245.259,197.074,-60.619)
(260.465,277.035,-60.176)
(13.2056,336.127,-121.481)
(128.074,312.909,-113.97)
(-238.499,-214.57,78.7187)
(-205.877,-184.258,-55.1439)
(-120.731,305.478,-33.7507)
(-45.545,202.697,71.142)
(-315.348,40.1397,81.1563)
(-316.417,58.7662,-34.3139)
(291.157,-115.988,-83.8119)
(319.642,-77.6542,-99.2116)
(297.937,-120.667,-80.2633)
(260.866,-96.4094,-27.5423)
(272.044,-158.373,113.989)
(252.127,-137.689,32.3272)
(273.761,-163.658,120.652)
(294.272,-233.915,138.414)
(78.8225,301.961,-65.1409)
(121.413,347.294,-48.256)
(-205.264,-237.909,48.0043)
(-315.9,-254.774,34.2763)
(-210.825,-242.828,40.8652)
(-175.41,-330.809,130.505)
(-214.491,-241.263,37.8036)
(-154.869,-208.227,126.438)
(-214.334,-240.713,36.0308)
(-136.602,-289.701,45.6688)
(313.522,17.6378,68.7822)
(229.363,18.8173,57.8985)
(-75.4833,-308.27,101.754)
(-14.099,-225.41,182.188)
(-321.419,-18.8355,-73.7764)
(-337.823,50.8871,-101.557)
(-307.521,87.3175,-60.2244)
(-130.803,-18.5078,-29.1331)
(-311.12,88.9916,-58.3515)
(-255.681,106.967,-32.2231)
(-317.456,90.0167,-53.0026)
(-265.703,160.843,-64.7788)
(306.917,76.014,99.0307)
(304.759,77.8925,55.524)
(308.192,78.0856,106.821)
(405.466,87.0331,132.548)
(48.7404,-310.012,-67.6063)
(6.93705,-231.42,60.3382)
(208.027,232.928,49.5338)
(175.861,176.499,83.7447)
(208.216,237.982,50.3436)
(180.02,275.763,-25.366)
(207.269,241.463,48.8116)
(200.986,277.566,12.4422)
(312.52,12.933,110.764)
(361.369,42.4369,251.342)
(-297.735,124.378,85.0826)
(-313.92,157.564,63.988)
(-297.29,113.559,13.8456)
(-308.867,39.9073,107.862)
(244.773,-214.929,-22.6172)
(252.646,-311.346,24.3532)
(245.039,-201.009,-28.1736)
(382.666,-189.073,-89.0453)
(-320.691,-13.7999,69.3315)
(-339.32,34.5207,162.628)
(-330.846,-9.52939,71.1047)
(-326.684,-99.4115,5.56541)
(319.367,13.5968,-61.484)
(313.994,74.6396,-92.0674)
(-63.8049,305.256,6.63896)
(-138.19,226.465,47.5017)
(-79.8624,303.629,-82.1496)
(-153.032,343.835,8.59653)
(-83.4397,314.76,-95.3285)
(-87.3186,395.037,-113.392)
(271.235,-162.385,-97.623)
(218.195,-180.157,-43.4984)
(279.049,-161.461,-96.6233)
(274.741,-194.087,-117.3)
(-295.885,-106.755,-23.3249)
(-343.978,-72.8931,-35.4916)
(264.188,169.575,37.9161)
(238.175,84.7611,5.06195)
(11.3588,316.549,69.6708)
(-18.1874,268.921,69.1057)
(12.6083,316.676,72.5443)
(-50.9572,333.299,97.7384)
(-164.725,-292.385,-60.7775)
(-230.759,-274.37,-24.4286)
(-164.181,288.279,-102.053)
(-172.715,296.164,-85.3138)
(284.685,-136.534,46.1466)
(241.035,-169.451,140.198)
(293.48,-151.997,38.0663)
(404.274,-208.271,-10.3249)
(285.176,-133.884,-2.49158)
(325.806,-176.743,88.3827)
(308.639,77.6659,50.1548)
(186.574,76.195,35.0332)
(-294.411,-127.615,-84.2718)
(-275.3,-81.2943,-114.463)
(-293.753,-129.367,-85.5791)
(-270.432,-166.446,-4.91637)
(242.629,-224.726,-37.0937)
(148.348,-193.267,-116.73)
(-184.141,273.801,50.4105)
(-248.633,299.539,53.2814)
(-302.932,88.7441,107.964)
(-338.76,80.7718,99.0916)
(-300.996,85.0762,108.387)
(-338.345,11.9179,175.235)
(-302.016,84.1917,109.399)
(-331.803,203.819,37.814)
(-198.565,245.193,-98.2332)
(-125.903,227.497,-114.78)
(52.7609,324.512,-43.3954)
(-15.7916,311.817,-39.2259)
(53.6657,324.424,-40.21)
(59.0723,356.125,-90.7574)
(-184.735,-256.053,34.5079)
(-145.584,-140.752,-26.4949)
(213.807,-228.303,118.463)
(255.954,-153.438,95.5843)
(21.5436,-324.734,-124.154)
(27.6467,-310.068,-162.901)
(62.9098,-309.131,-57.3935)
(205.195,-278.551,-137.971)
(62.2751,-311.54,-55.7042)
(73.742,-256.663,-75.7794)
(-309.463,55.3462,55.357)
(-331.296,141.272,144.728)
(271.969,157.017,72.7264)
(297.63,213.803,-14.1983)
(274.259,160.457,69.8358)
(282.073,37.853,82.1514)
(181.525,-257.884,-61.3389)
(195.682,-187.272,-155.696)
(-314.69,-71.3273,-83.0892)
(-402.7,-126.252,-82.8928)
(-183.656,-259.203,-80.79)
(-335.852,-261.851,-88.2085)
(309.854,75.587,-4.12289)
(358.423,86.6808,0.0323413)
(-313.76,-44.6984,4.06899)
(-281.118,-84.7475,-43.6087)
(-140.676,279.143,116.358)
(-148.737,348.428,113.812)
(157.47,-272.521,-109.028)
(239.693,-277.116,-88.7846)
(283.637,-170.768,102.052)
(285.957,-170.793,25.8851)
(313.182,59.77,98.3249)
(252.224,52.2209,190.579)
(323.354,57.6159,106.44)
(381.889,-39.9336,156.565)
(-167.215,-283.289,13.1597)
(-161.33,-160.474,92.9344)
(315.606,94.0617,-16.0645)
(322.51,-11.6574,-80.9616)
(-291.054,-120.722,16.9127)
(-279.11,-76.7747,25.0204)
(-294.096,-129.098,20.0404)
(-308.382,-123.672,25.1302)
(-328.435,29.9128,-56.6889)
(-346.971,80.4078,-42.0363)
(-318.652,26.7575,101.146)
(-306.746,105.454,103.558)
(159.121,-290.003,19.891)
(132.648,-162.209,42.1529)
(-219.518,235.096,-14.9777)
(-133.527,281.314,-114.007)
(-217.594,229.215,-21.4999)
(-146.014,371.473,-28.682)
(303.441,84.6197,97.8123)
(220.864,119.834,154.677)
(310.68,87.1593,99.6298)
(375.208,20.1873,27.3737)
(-58.0546,313.695,102.972)
(-23.5482,312.298,161.703)
(76.1057,-304.241,-97.2822)
(110.78,-249.033,8.72583)
(139.043,280.479,-3.95983)
(126.545,300.69,-74.9798)
(-264.095,-173.321,2.35528)
(-220.933,-217.738,-17.3551)
(305.01,-67.4757,-16.7614)
(283.362,-29.2149,-121.775)
(309.049,-61.7977,-3.41605)
(322.932,-82.1726,-67.5596)
(60.0107,-311.515,-80.8057)
(75.7454,-295.248,-160.385)
(58.544,-317.739,-82.0617)
(91.6288,-249.878,-54.6624)
(67.8362,-324.865,-78.9509)
(152.492,-324.782,-125.395)
(-192.925,251.188,61.158)
(-209.515,209.662,121.178)
(-45.8156,-315.316,-14.0397)
(37.2872,-323.628,25.7381)
(-98.844,319.931,80.2104)
(-43.9113,269.097,111.188)
(215.91,-243.046,-59.8007)
(184.134,-268.033,-66.6513)
(278.049,-144.818,10.7928)
(318.445,-72.4444,37.688)
(278.904,-143.766,4.12536)
(324.562,-198.338,24.977)
(310.302,50.0596,-63.8172)
(374.014,80.6808,-66.4629)
(-233.941,-227.687,95.9011)
(-254.97,-291.827,90.9358)
(308.959,-97.4417,-5.57585)
(383.41,-112.894,-19.2357)
(317.017,-102.902,1.02681)
(254.932,-115.484,-59.1586)
(-265.663,184.316,6.31519)
(-314.395,193.571,7.35271)
(-127.384,292.816,88.0178)
(-211.725,207.399,113.745)
(-128.606,292.609,90.7029)
(-135.614,267.937,93.8)
(-5.99221,-321.449,-15.4189)
(-153.561,-210.553,26.2534)
(-192.085,254.426,14.211)
(-173.444,156.192,47.3141)
(297.879,-98.0365,6.86027)
(339.993,-74.2191,-0.923757)
(289.059,-118.972,-4.0841)
(296.228,-241.147,12.5027)
(-170.998,262.451,40.4635)
(-96.2722,337.501,20.2096)
(-193.526,-256.099,21.0689)
(-127.787,-218.143,-95.3312)
(162.079,-276.93,-2.44341)
(63.3571,-196.142,56.8406)
(163.589,-288.301,1.02942)
(221.654,-345.051,-66.4492)
(162.082,-294.035,2.4857)
(169.718,-369.74,-19.9334)
(301.534,-84.7127,40.1236)
(304.699,-76.373,120.017)
(-304.125,80.4075,107.459)
(-305.948,44.0916,31.096)
(55.9306,-310.795,101.266)
(40.1822,-352.909,48.7365)
(58.5993,-313.606,96.6545)
(33.0347,-242.53,98.5532)
(324.706,27.0442,2.28818)
(326.413,25.229,40.5327)
(326.118,26.7751,3.92838)
(211.83,72.1187,-69.7421)
(270.821,166.215,-62.8973)
(271.122,182.683,-146.872)
(-315.58,-22.5063,-104.753)
(-264.57,-27.9831,-97.35)
(-315.305,-51.065,37.3284)
(-333.674,-76.3497,71.8721)
(43.2271,311.157,58.4094)
(58.323,269.809,21.3849)
(170.068,-279.54,-54.7606)
(76.6666,-176.899,-79.1267)
(322.094,30.9761,83.7312)
(331.214,68.7713,32.6731)
(-306.465,66.7662,40.6668)
(-352.817,150.166,17.1946)
(-312.819,76.0859,31.3506)
(-374.046,81.3997,129.412)
(-319.978,74.9335,28.8207)
(-281.952,105.192,67.5073)
(269.247,-164.616,-100.292)
(264.477,-235.93,9.78355)
(-306.581,78.6878,-31.0608)
(-319.213,109.7,2.36755)
(306.476,95.3348,-96.6743)
(309.214,87.8074,-148.552)
(306.971,93.2987,-95.4439)
(357.737,84.2121,8.77618)
(-258.984,181.841,101.358)
(-242.541,223.055,147.414)
(272.179,-157.563,-112.382)
(191.321,-130.224,-149.854)
(264.181,-171.522,-96.8397)
(141.849,-224.646,-191.429)
(-66.2382,317.61,-83.5692)
(-165.026,337.888,-81.4798)
(-69.2297,320.288,-88.8509)
(-52.7158,437.782,-155.047)
(84.4165,-310.896,83.1598)
(73.3275,-301.153,32.1716)
(77.5135,-315.368,82.2423)
(168.96,-286.967,143.973)
(-128.761,-291.268,17.3343)
(-140.789,-300.221,53.1878)
(-130.027,-288.486,16.7686)
(-31.9637,-277.556,-44.3494)
(-89.7131,307.598,-14.107)
(-159.073,205.026,24.4801)
(-91.0126,316.177,-20.4725)
(-74.6413,228.912,-29.0697)
(142.708,282.329,-124)
(202.884,309.608,-128.366)
(-220.31,226.774,-92.8966)
(-203.319,137.861,-15.644)
(-292.178,-146.618,14.612)
(-247.232,-170.031,57.9122)
(-294.593,-143.762,13.85)
(-323.298,-163.575,-30.8885)
(-301.925,-142.41,10.9476)
(-254.9,-28.2529,-14.2144)
(293.662,137.935,-9.46156)
(323.493,138.08,33.1146)
(-214.481,-240.348,107.528)
(-218.226,-193.794,98.3979)
(257.282,-198.554,-73.9303)
(227.754,-156.473,-43.7661)
(281.921,-145.915,80.5814)
(288.768,-64.3395,-22.1711)
(298.27,-150.897,80.1537)
(322.409,-233.756,59.9582)
(320.177,13.4293,67.3437)
(379.523,-32.2999,70.6559)
(-305.38,78.8768,93.7839)
(-298.912,96.0569,119.913)
(-308.446,74.1021,96.754)
(-338.029,63.5479,109.911)
(-311.262,66.3942,98.1302)
(-249.596,109.442,209.728)
(266.329,-190.062,-107.406)
(244.859,-84.0937,-110.405)
(-298.906,149.46,85.195)
(-349.426,21.7197,128.847)
(-298.65,148.071,87.9557)
(-187.572,190.489,100.63)
(-300.281,146.906,90.0565)
(-309.097,84.4297,98.9803)
(-262.788,191.176,72.2158)
(-260.367,258.812,-28.5209)
(124.254,-294.874,-110.744)
(185.961,-301.527,-104.126)
(273.441,159.306,-105.014)
(245.535,140.064,-133.599)
(97.5583,303.795,-124.465)
(68.1836,298.827,-224.293)
(121.479,-291.436,121.685)
(209.439,-250.008,96.2786)
(-327.035,-28.7729,19.0048)
(-289.331,-33.2955,-8.4539)
(-307.688,-94.7574,56.2568)
(-357.666,-27.9065,88.2825)
(-308.952,-93.9016,60.2248)
(-271.139,-165.479,171.224)
(284.872,151.014,-95.0449)
(365.025,119.553,-153.934)
(238.573,-201.458,86.9414)
(202.822,-229.612,160.67)
(233.906,-209.066,88.8648)
(193.053,-178.956,96.3663)
(232.792,-208.717,86.4832)
(269.931,-157.268,48.9293)
(-309.226,74.0037,15.852)
(-324.399,91.409,117.748)
(-328.939,56.9384,17.8907)
(-341.587,-92.0136,9.04065)
(254.621,198.394,-103.641)
(274.319,284.076,-98.0413)
(-210.805,-235.707,31.5242)
(-205.283,-149.994,10.504)
(285.443,128.296,-18.7117)
(285.644,171.929,-115.676)
(117.584,-295.222,-20.614)
(171.342,-336.665,42.0401)
(93.8489,-310.561,-108.998)
(30.8058,-367.055,-34.2579)
(93.5464,-309.893,-109.382)
(27.8071,-332.093,-122.995)
(69.3779,-313.281,-64.0833)
(46.7799,-200.552,-6.0718)
(63.6636,-314.292,-62.5008)
(34.4008,-300.548,-140.068)
(30.9207,315.448,66.3831)
(18.5849,340.071,21.7013)
(51.2772,314.945,38.0483)
(136.781,422.479,40.8838)
(147.534,279.438,-113.353)
(179.347,324.779,-107.465)
(116.956,296.906,-111.853)
(207.189,358.169,-202.529)
(98.1474,305.848,-109.801)
(63.1338,292.375,-62.0986)
(132.115,-302.785,123.67)
(149.769,-300.044,189.191)
(121.553,-304.931,115.268)
(126.377,-305.986,162.25)
(20.9775,-312.521,63.1894)
(-4.43209,-410.2,19.5093)
(15.5282,-318.075,59.8541)
(56.5995,-362.335,127.831)
(14.716,-314.781,57.1237)
(-18.8299,-280.676,150.224)
(233.742,244.113,-47.2406)
(125.422,211.397,-2.53169)
(233.814,241.828,-51.7362)
(184.821,254.673,13.0188)
(-122.042,-288.867,-73.2437)
(-130.687,-328.728,-102.8)
(-317.299,49.052,84.1998)
(-395.815,148.303,6.05191)
(-334.236,21.1013,18.0407)
(-376.484,-9.55882,64.8095)
(317.893,-49.6029,-46.0617)
(292.994,-13.6703,-20.5269)
(321.368,-50.6409,-49.8018)
(371.296,-19.5718,-73.2484)
(-318.468,4.38711,15.514)
(-258.551,-8.21254,-99.4242)
(335.907,6.0315,102.307)
(333.695,36.4122,79.5967)
(335.049,1.22746,98.7101)
(323.867,-37.243,140.288)
(332.953,2.33431,91.5117)
(336.825,-55.1613,78.2862)
(-292.098,-121.714,-31.155)
(-321.218,-103.646,-77.7929)
(185.542,259.59,70.8378)
(118.809,259.679,11.9071)
(184.337,252.891,73.7913)
(163.628,278.638,56.44)
(-262.558,188.02,61.8294)
(-175.137,166.361,52.7511)
(152.486,274.169,-81.3434)
(177.885,301.42,-99.8839)
(155.775,274.458,-83.23)
(123.669,369.475,-51.2601)
(180.598,263.211,-117.585)
(191.85,298.035,-130.032)
(31.4795,315.826,-3.72581)
(116.133,341.97,78.7972)
(-116.198,297.456,7.79005)
(-180.148,283.133,56.3734)
(-115.492,309.501,11.1683)
(-51.4642,283.526,90.7894)
(-119.859,311.052,10.6152)
(-73.2345,363.457,-4.12613)
(242.48,225.864,-3.49114)
(265.55,215.558,-65.9451)
(240.953,226.682,-11.9847)
(238.891,152.621,-46.0521)
(-181.142,-270.167,-0.428002)
(-119.928,-319.164,-48.4286)
(-55.672,309.818,52.4632)
(-7.77847,265.641,-22.2065)
(-64.2807,315.16,66.7112)
(-50.8745,206.57,141.731)
(196.138,-264.753,-44.7506)
(317.44,-377.726,-0.842365)
(198.212,-269.751,-42.8276)
(232.394,-155.103,-166.481)
(197.806,-270.898,-42.556)
(222.835,-332.713,-150.318)
(-164.764,-291.731,123.214)
(-142.905,-335.819,101.164)
(322.801,23.4374,-49.6417)
(330.956,-7.5279,-11.4705)
(321.296,25.0078,-51.8387)
(279.388,81.9109,-44.0122)
(-313.163,-61.6656,122.235)
(-194.744,-53.602,107.752)
(-312.602,-65.1729,124.472)
(-195.189,-169.394,115.927)
(185.7,259.151,4.41469)
(179.289,314.484,5.09016)
(-310.912,93.9767,11.2326)
(-309.528,45.0676,-42.9427)
(-204.958,-249.906,-72.922)
(-214.853,-220.69,-66.3763)
(-206.834,-244.932,-78.4014)
(-135.044,-219.884,-120.691)
(-134.826,-287.11,-41.7601)
(-192.847,-271.274,21.2937)
(-282.014,144.558,-108.814)
(-243.141,187.653,-23.6131)
(-281.934,144.799,-108.716)
(-236.056,151.886,-84.6146)
(83.7482,326.129,-6.50503)
(18.9731,397.582,-71.8035)
(-281.802,158.608,110.158)
(-229.757,165.861,50.4801)
(-286.301,156.953,109.746)
(-324.444,229.414,65.0109)
(-309.279,61.81,107.457)
(-314.99,41.3147,62.6314)
(308.533,-57.739,-104.013)
(239.631,19.7131,-117.18)
(76.4513,-303.306,-0.646344)
(37.8647,-242.291,-95.0877)
(-166.268,280.018,3.9073)
(-150.971,275.529,-83.9203)
(-6.82946,-317.162,-21.2508)
(-62.7948,-372.021,-74.4953)
(29.8753,314.832,-4.51949)
(31.8143,374.296,71.4914)
(291.567,115.5,-108.942)
(272.452,117.815,-125.047)
(270.974,157.536,-103.231)
(249.2,169.393,-115.554)
(271.366,157.354,-103.447)
(270.281,100.578,-99.3138)
(140.713,-287.683,-51.9371)
(150.41,-208.371,-42.9789)
(9.03718,-313.378,-54.2985)
(95.6586,-339.952,17.0468)
(8.03386,-312.364,-53.5847)
(-38.2061,-316.244,-45.5788)
(229.383,214.065,38.6739)
(366.106,222.655,18.2122)
(312.209,-95.6675,-19.6271)
(312.644,-187.667,-130.19)
(311.327,-96.6609,-20.1096)
(315.453,-147.032,-4.97797)
(-241.339,211.32,45.9651)
(-320.425,164.139,-23.2979)
(-300.299,116.579,-32.3774)
(-367.908,123.574,-15.7233)
(203.487,-250.303,67.9969)
(182.252,-227.794,116.257)
(319.854,-47.5066,-99.1173)
(251.77,-104.142,-102.521)
(-312.169,48.5656,101.125)
(-299.896,92.7974,110.714)
(-164.247,-276.758,90.9839)
(-255.814,-354.957,60.3285)
(78.8302,313.327,-101.541)
(-1.10083,277.173,-66.2793)
(-160.918,-274.725,-114.769)
(-55.5389,-328.265,-137.135)
(49.9585,-309.116,-30.4872)
(-36.155,-218.716,-6.94794)
(40.1953,-312.067,-22.1423)
(31.2208,-300.96,72.9984)
(66.4316,309.245,66.7874)
(43.9552,321.514,144.63)
(74.0922,306.741,66.1123)
(136.168,404.809,136.678)
(93.1945,-303.335,-66.1041)
(88.867,-313.309,-78.0259)
(191.028,264.17,27.4601)
(206.08,337.814,38.5349)
(183.192,275.58,37.8388)
(162.179,276.954,85.0968)
(174.187,289.851,72.2634)
(267.334,339.885,142.253)
(312.564,-72.485,-4.96204)
(342.281,-27.2466,-16.4486)
(-321.277,28.8086,2.83642)
(-341.608,160.867,16.9937)
(292.457,133.321,-108.203)
(394.513,126.25,-66.2619)
(300.706,131.532,-107.699)
(252.314,119.129,-142.938)
(301.074,131.214,-107.407)
(291.284,236.222,-206.206)
(-117.504,-289.849,-32.5421)
(-117.582,-290.256,0.456077)
(-116.741,-295.968,-28.7257)
(-18.2329,-308.629,46.4028)
(24.6726,322.976,38.3608)
(34.2736,314.061,25.9918)
(148.816,-284.944,26.794)
(138.28,-254.013,116.374)
(-250.938,213.703,-21.5026)
(-177.532,203.561,-52.5362)
(237.246,214.605,-80.3905)
(273.542,317.477,-36.8473)
(233.11,225.335,-85.3825)
(262.08,246.648,-163.39)
(-185.41,-269.466,97.9961)
(-272.479,-202.732,96.3077)
(312.869,-86.5885,99.7248)
(340.723,-187.223,209.082)
(-78.6308,-323.678,-95.4895)
(-51.0071,-328.936,-91.5325)
(-137.39,291.28,82.8642)
(-151.344,308.172,151.989)
(-127.63,294.743,83.8333)
(-211.125,228.987,90.6733)
(-318.633,29.5309,79.6297)
(-348.926,1.42831,138.389)
(316.396,-40.877,-110.853)
(343.814,-163.279,-87.2495)
(-1.99802,-314.164,39.0917)
(16.1902,-382.623,122.57)
(-96.0194,302.748,-35.6092)
(-157.664,315.267,82.7773)
(-98.0726,297.951,-35.1114)
(-222.806,307.442,108.698)
(245.844,-199.553,99.132)
(196.674,-190.472,45.4574)
(-309.183,90.5939,85.9761)
(-377.657,159.14,90.3763)
(313.887,-85.1969,-86.0407)
(283.599,-107.184,-70.4883)
(-123.54,302.591,-89.3619)
(-54.7302,357.985,-108.748)
(282.583,-163.54,49.6895)
(406.242,-150.132,56.2834)
(250.909,-199.262,-62.7171)
(191.788,-259.119,-7.12342)
(251.92,-215.32,-88.8858)
(262.008,-259.853,34.8154)
(252.738,-215.691,-87.6425)
(356.863,-177.51,-75.4453)
(-1.92071,322.064,55.3723)
(-38.1322,300.918,120.754)
(-313.537,19.5545,123.911)
(-333.753,-71.931,154.665)
(-60.4783,-311.211,-100.587)
(-116.362,-280.491,-25.1858)
(311.508,-124.173,-16.2609)
(363.008,-139.558,-49.556)
(268.892,195.005,-88.5299)
(223.338,196.228,-52.3699)
(39.5661,-311.987,-28.5987)
(-32.2768,-276.968,64.1786)
(-187.718,278.346,23.7073)
(-92.2887,219.121,-20.5993)
(250.581,-203.953,-105.865)
(317.033,-200.942,-116.256)
(246.798,-203.143,-103.985)
(189.606,-127.945,-53.9364)
(60.9629,306.071,-29.2836)
(-22.3777,253.971,-22.4733)
(-314.721,91.1734,45.42)
(-339.481,40.3681,77.4653)
(-312.962,88.3873,54.5243)
(-308.047,203.762,109.171)
(258.956,-208.019,-104.791)
(380.684,-12.5491,-124.936)
(250.076,-193.936,-105.464)
(283.362,-178.299,-178.103)
(251.617,-196.954,-111.372)
(173.502,-286.566,-116.92)
(1.06644,315.031,-35.2865)
(-44.449,262.708,-101.523)
(-4.49597,314.575,-44.7059)
(-51.4223,334.456,-50.6513)
(-153.505,-289.348,30.9849)
(-299.457,-369.303,0.821679)
(-148.881,-293.594,23.6951)
(-144.133,-235.195,106.278)
(-289.216,-163.236,9.72367)
(-272.068,-184.669,39.5652)
(125.26,294.156,-15.2214)
(101.725,331.479,3.59915)
(200.873,-266.081,-41.1507)
(258.029,-356.791,6.26615)
(-185.134,272.262,39.1514)
(-119.026,162.513,26.5986)
(189.163,262.687,-67.6919)
(185.346,355.059,-50.1486)
(201.472,266.134,-60.1362)
(283.582,430.524,24.0842)
(201.17,264.411,-61.0447)
(117.391,190.019,-7.8124)
(66.9908,-305,57.2492)
(63.2102,-330.787,46.5137)
(93.0984,303.147,-53.0947)
(94.4803,350.172,-79.409)
(-316.413,57.9206,88.6121)
(-288.522,75.0159,57.7219)
(-2.94445,-315.048,-70.1979)
(44.0235,-456.707,-109.468)
(-195.829,249.558,57.8312)
(-222.903,147.07,98.2878)
(-196.27,254.404,60.1169)
(-169.279,407.473,49.3483)
(-1.49699,-331.48,117.061)
(67.0479,-155.603,251.774)
(235.789,224.28,-81.5011)
(238.433,252.903,-43.0344)
(236.003,228.124,-86.8411)
(172.232,157.412,-154.761)
(256.819,216.646,-112.936)
(179.66,216.024,-195.69)
(254.307,221.034,-111.938)
(286.528,276.968,-209.493)
(-114.565,-301.493,62.8191)
(-135.455,-423.341,28.0012)
(-164.672,269.938,-57.4848)
(-228.569,383.216,-96.0728)
(-173.771,260.366,-54.6389)
(-214.046,321.536,-1.39885)
(-114.842,296.413,19.693)
(-26.1793,262.22,-6.79275)
(-118.758,303.468,15.2571)
(-42.287,317.63,-15.4773)
(-164.433,-280.28,-16.9792)
(-155.743,-196.212,-40.0634)
(101.893,-321.608,-110.725)
(177.815,-322.639,-103.291)
(-220.819,248.337,84.1549)
(-93.2976,296.404,73.3647)
(-121.263,-292.298,-39.9113)
(-91.2432,-358.598,-3.22508)
(-123.001,-295.555,-34.576)
(-112.343,-305.9,-85.2209)
(-212.326,-241.246,100.441)
(-231.049,-232.529,143.627)
(325.94,-62.5673,-51.1021)
(291.714,-21.5836,-48.1754)
(-310.764,99.4323,81.8223)
(-299.706,229.322,-32.0709)
(-313.742,96.3109,80.2533)
(-310.94,76.0159,67.3828)
(199.875,240.333,8.40481)
(184.262,320.571,3.73881)
(-10.8867,-322.906,-12.208)
(-56.1245,-279.342,-3.74959)
(-303.359,81.5681,22.913)
(-293.065,127.961,-47.963)
(278.192,-164.18,-39.7825)
(318.127,-139.586,11.1337)
(312.892,54.9734,107.445)
(344.586,126.361,140.036)
(242.597,210.628,-121.298)
(303.161,375.181,-101.542)
(-315.553,-96.4775,53.2053)
(-429.776,-29.984,13.666)
(1.59857,-325.352,-119.548)
(2.01592,-312.294,-155.909)
(2.14759,-326.782,-122.055)
(-40.4648,-287.097,-165.983)
(147.866,-279.832,-45.1594)
(206.053,-353.196,-79.2109)
(144.857,-281.852,-40.2116)
(206.18,-147.881,58.2211)
(143.648,-285.194,-39.6384)
(176.564,-325.903,-36.8711)
(-69.5563,322.507,-118.705)
(-26.3912,303.084,-134.459)
(-69.4451,322.265,-121.489)
(-72.1096,235.615,-173.159)
(234.569,-223.091,78.6923)
(136.53,-211.36,124.296)
(233.599,-222.577,81.6586)
(169.761,-245.478,99.6969)
(295.803,-109.281,-61.9022)
(372.679,-53.8302,-76.1661)
(-43.8013,311.866,-16.1573)
(-88.1083,263.504,13.9434)
(-43.9302,324.944,-1.6555)
(-23.6376,312.626,-30.2647)
(-170.651,-286.145,11.2462)
(-156.579,-90.8399,-8.81217)
(-147.389,-276.879,-13.2279)
(-177.802,-289.383,58.3703)
(-268.603,179.689,103.649)
(-358.074,251.249,122.514)
(-270.126,177.499,104.765)
(-252.41,143.036,174.652)
(-255.857,208.74,7.71475)
(-206.846,184.232,-16.5773)
(-258.895,212.9,7.21879)
(-139.144,175.695,29.535)
(43.5834,-331.887,-12.1237)
(51.0913,-285.634,-18.8965)
(-330.206,-30.6678,41.9792)
(-264.081,-68.1841,123.868)
(312.851,47.6268,-64.7712)
(308.411,4.8019,-70.8033)
(-284.864,-128.171,-53.5301)
(-298.947,-93.8297,-154.553)
(-300.99,-84.165,0.253755)
(-271.971,-105.835,-1.35521)
(-157.41,279.494,-51.153)
(-220.97,220.294,-0.637826)
(-78.6153,302.542,-29.3558)
(-43.3846,266.81,-104.069)
(-20.6814,-311.889,28.8001)
(-65.204,-325.452,13.1287)
(-76.7032,-311.695,3.15385)
(-141.932,-377.15,10.9372)
(-194.507,264.26,-3.80492)
(-228.201,238.923,-113.813)
(-187.667,278.827,-6.69607)
(-123.453,270.18,-6.12857)
(314.818,-58.9645,-78.2385)
(329.228,33.6452,-69.5167)
(-311.918,-4.77038,-108.55)
(-297.714,-51.5382,-89.9119)
(-324.043,-2.85532,-110.876)
(-402.258,-2.87808,-63.0522)
(-313.027,54.1962,113.811)
(-188.091,86.0337,52.5001)
(-318.025,52.5741,117.985)
(-283.644,-22.7124,133.517)
(-325.237,43.3959,117.912)
(-367.578,58.4127,113.024)
(-252.924,-185.459,-42.4444)
(-200.583,-213.452,-100.323)
(51.9519,315.122,65.6771)
(-25.8678,314.21,77.0765)
(283.891,149.124,-5.59302)
(276.119,120.289,-42.7787)
(283.73,147.876,-10.5604)
(231.451,240.716,137.674)
(-147.269,277.646,-1.57768)
(-108.444,379.636,-105.832)
(-152.557,275.864,-0.781934)
(-142.015,238.993,-72.6153)
(95.55,301.273,-1.02421)
(72.4917,221.26,24.4373)
(-291.778,-163.645,118.781)
(-311.927,-115.651,14.4637)
(335.675,18.5696,119.211)
(303.704,33.604,185.02)
(316.716,30.9268,-110.42)
(349.407,2.22836,-150.594)
(323.93,21.3933,-105.166)
(331.738,27.4909,-62.4425)
(296.67,108.917,-48.3578)
(317.035,13.657,116.893)
(-323.06,-68.1045,116.266)
(-281.794,-14.8981,75.8088)
(183.83,-279.629,91.5535)
(237.064,-312.477,-0.45521)
(-224.155,-242.835,-53.5338)
(-215.268,-237.481,-137.662)
(-224.555,-243.795,-53.2722)
(-277.5,-309.867,-91.5516)
(-101.825,314.462,51.1588)
(-70.7964,315.357,112.748)
(-115.489,-293.527,-50.6714)
(-19.0315,-262.337,-79.3533)
(-283.038,136.815,39.2275)
(-286.703,77.5082,135.905)
(262.059,-183.283,-48.6579)
(249.612,-203.707,-20.5987)
(262.526,-182.894,-48.7759)
(169.559,-158.053,83.068)
(-303.864,-116.603,-93.0581)
(-289.194,-2.64922,-97.2406)
(-306.349,-122.739,-95.3392)
(-280.819,-212.054,-56.2216)
(-327.973,10.3174,36.0697)
(-286.426,12.133,-16.8718)
(328.331,-25.9254,-94.4233)
(353.65,-49.3513,-32.1376)
(63.8861,313.498,93.86)
(119.017,327.204,82.6076)
(65.9278,317.676,92.9934)
(33.9347,312.254,100.928)
(-315.254,-69.2924,-79.2279)
(-310.649,-26.4936,-96.2856)
(-313.522,-64.6029,-80.719)
(-289.44,-141.263,-109.815)
(293.977,127.413,-51.6532)
(394.219,113.464,-97.1855)
(-305.583,-95.216,36.7351)
(-301.544,-155.942,2.46897)
(-324.192,-88.9339,16.7587)
(-293.978,-23.9128,11.1363)
(-324.262,-89.0657,1.75435)
(-320.102,-141.87,-26.403)
(-109.646,-297.986,-120.11)
(-64.2298,-431.401,-74.1209)
(-96.4122,-313.558,-104.187)
(-77.6368,-293.8,-140.292)
(-102.193,-315.933,-101.571)
(-210.193,-340.949,-38.4703)
(-281.843,151.495,52.5119)
(-337.956,89.3088,-4.4385)
(-284.251,155.334,51.1691)
(-363.609,217.06,68.2297)
(299.475,-113.966,-43.3375)
(239.011,-84.8054,31.8505)
(299.432,-112.269,-44.1102)
(304.75,-214.611,-59.329)
(217.316,237.28,-0.188191)
(252.058,257.489,-50.6467)
(-152.952,-287.184,-0.207809)
(-196.993,-197.968,-4.83366)
(181.923,-256.938,43.4823)
(148.502,-355.18,34.7065)
(186.221,-261.546,41.771)
(178.926,-252.746,32.0824)
(185.847,-267.5,46.0428)
(197.308,-155.712,65.2722)
(-43.4236,313.661,-56.268)
(-6.45435,409.821,-148.954)
(-43.4009,314.639,-46.2934)
(-60.1568,396.662,-36.6064)
(126.886,-286.93,-36.3331)
(84.9431,-301.266,-0.911868)
(133.965,-290.386,-33.4606)
(110.117,-237.047,57.2631)
(91.6841,306.037,37.1387)
(53.6061,358.176,13.4147)
(-29.8281,328.919,43.9429)
(27.1988,332.793,0.604753)
(51.7505,-317.329,-41.6725)
(-36.2952,-290.883,-131.654)
(100.02,321.926,95.1652)
(21.5752,319.965,122.245)
(-251.438,-209.789,-37.6848)
(-312.583,-330.281,-22.2081)
(-249.488,-209.192,-36.4606)
(-166.089,-279.184,11.5935)
(192.163,252.559,48.0239)
(241.127,314.697,17.4296)
(194.78,250.48,47.4429)
(160.247,234.567,45.7955)
(323.661,-74.9775,36.7498)
(180.058,34.7507,66.9068)
(134.949,300.182,-68.7937)
(128.109,461.097,30.4226)
(115.853,294.392,79.7008)
(122.013,232.061,61.7171)
(113.637,296.79,80.556)
(128.129,289.126,98.8733)
(202.007,-240.092,103.068)
(80.8986,-316.839,67.2246)
(202.499,-243.562,100.411)
(164.754,-263.745,62.2653)
(303.476,120.232,-55.1434)
(290.941,107.711,7.31901)
(-240.28,-221.63,101.514)
(-184.847,-177.072,64.6349)
(-245.508,-222.291,92.3086)
(-325.32,-142.456,237.958)
(147.19,-280.918,-58.7876)
(180.529,-301.486,-77.4726)
(-128.742,284.701,58.2542)
(-80.156,359.032,42.4434)
(-293.868,-111.732,-120.332)
(-292.874,-118.161,-209.774)
0 events have been kept for refreshing and/or reviewing.
  "/vis/reviewKeptEvents" to review them one by one.
  "/vis/enable", then "/vis/viewer/flush" or "/vis/viewer/rebuild" to see them accumulated.
[Core-0] End of macro ./split/.Gate/main129/main11.mac
Graphics systems deleted.
Visualization Manager deleting...
