[G4] 
[G4] **************************************************************
[G4]  Geant4 version Name: geant4-10-07-patch-02    (11-June-2021)
[G4]                        Copyright : Geant4 Collaboration
[G4]                       References : NIM A 506 (2003), 250-303
[G4]                                  : IEEE-TNS 53 (2006), 270-278
[G4]                                  : NIM A 835 (2016), 186-225
[G4]                              WWW : http://geant4.org/
[G4] **************************************************************
[G4] 
[Core-0] Initialization of geometry
[Core-0] Initialization of physics
[Core-0] Initialization of actors
[Core-0] 
[Core-0] *************************************************
[Core-0]  GATE version 9.1 (2021)
[Core-0]  Copyright : OpenGATE Collaboration
[Core-0]  Reference : Phys. Med. Biol. 49 (2004) 4543-4561
[Core-0]  Reference : Phys. Med. Biol. 56 (2011) 881-901
[Core-0]  Reference : Med. Phys. 41(6)    (2014)
[Core-0]  http://www.opengatecollaboration.org        
[Core-0] *************************************************
[Core-0] 
[Core-0] You are using Geant4 version 10.7.2
[Core-0] Starting macro ./split/.Gate/main129/main2.mac
0: RINDEX
1.84e-06   1.00028
4.08e-06   1.00028
9: GROUPVEL
1.84e-06   299.709
4.08e-06   299.709
16: ABSLENGTH
1.84e-06   50000
4.08e-06   50000
 <!> *** WARNING *** <!>  GateMaterialDatabase: Multiple definition of element: Yttrium.
The definition in ClMind_GateMaterials.db was used.


GATE object:        'systems/cylindricalPET'
Components:

GATE object:        'systems/cylindricalPET/base'
Attached to volume: cylindricalPET
Nb of children:       1

	GATE object:        'systems/cylindricalPET/rsector'
	Attached to volume: module
	Nb of children:       1

		GATE object:        'systems/cylindricalPET/module'
		Attached to volume: unit
		Nb of children:       1

			GATE object:        'systems/cylindricalPET/submodule'
			Attached to volume: block
			Nb of children:       1

				GATE object:        'systems/cylindricalPET/crystal'
				Attached to volume: optical
				Nb of children:       4

					GATE object:        'systems/cylindricalPET/layer0'
					Attached to volume: crystal
					Nb of children:       0

					GATE object:        'systems/cylindricalPET/layer1'
					Attached to volume: ---
					Nb of children:       0

					GATE object:        'systems/cylindricalPET/layer2'
					Attached to volume: ---
					Nb of children:       0

					GATE object:        'systems/cylindricalPET/layer3'
					Attached to volume: ---
					Nb of children:       0
geometrical design type: 1
ring diameter: -3.95 mm 
rsector axial pitch: 0 fm 
rsector azimuthal pitch: 12.8571 degree
rsector tangential size: 2.5 cm 
rsector axial size: 25.04 cm 
module axial size: 4.784 cm 
module tangential size: 2.5 cm 
module axial pitch: 0 fm 
module tangential pitch: 0 fm 
submodule axial size: 4.784 cm 
submodule tangential size: 2.5 cm 
submodule axial pitch: 0 fm 
submodule tangential pitch: 0 fm 
crystal radial size: 1.59 cm 
crystal axial size: 1.59 cm 
crystal tangential size: 2.5 cm 
crystal axial pitch: 0 fm 
crystal tangential pitch: 0 fm 
layer0 radial size: 3.95 mm 
in layer0 interaction length: 1.975 mm 
Axial nb of rsectors: 1
Azimuthal nb of rsectors: 28
Axial nb of modules: 1
Tangential nb of modules: 1
Axial nb of submodules: 1
Tangential nb of submodules: 1
Axial nb of crystals: 1
Tangential nb of crystals: 1
Radial nb of layers: 1
[Physic-0] The following Geant4's physic-list is enabled :emstandard_opt3


List of Enabled processes:




List of initialized processes:


[Core-0] Initialization of geometry
[Core-0] Initialization of physics
[Core-0] Initialization of actors
 <!> *** WARNING *** <!>  The 'energytype' option is DEPRECATED, use 'ene/type' instead!
 <!> *** WARNING *** <!>  The 'energytype' option is DEPRECATED, use 'ene/type' instead!
 <!> *** WARNING *** <!>  The 'energytype' option is DEPRECATED, use 'ene/type' instead!
 <!> *** WARNING *** <!>  The 'energytype' option is DEPRECATED, use 'ene/type' instead!
 <!> *** WARNING *** <!>  The 'energytype' option is DEPRECATED, use 'ene/type' instead!
 <!> *** WARNING *** <!>  The 'energytype' option is DEPRECATED, use 'ene/type' instead!
 <!> *** WARNING *** <!>  The 'energytype' option is DEPRECATED, use 'ene/type' instead!
 <!> *** WARNING *** <!>  The 'energytype' option is DEPRECATED, use 'ene/type' instead!
 <!> *** WARNING *** <!>  The 'energytype' option is DEPRECATED, use 'ene/type' instead!
[Acquisition-0]   
[Acquisition-0] ============= Source initialization =============
[Acquisition-0]   
[Acquisition-0] ============= Acquisition starts! =============
[Acquisition-0] Simulation start time = 0 sec
[Acquisition-0] Simulation end time   = 1 sec
[Acquisition-0] Simulation will have  = 1 run(s)
[Acquisition-0] Slice 0 from 0 to 1 s [slice=1 s]

### ===  Deexcitation model UAtomDeexcitation is activated for 25 regions:
          DefaultRegionForTheWorld  1  1  1
          cylindricalPET  1  1  1
          module  1  1  1
          unit  1  1  1
          block  1  1  1
          optical  1  1  1
          crystal  1  1  1
          capillaire1  1  1  1
          capillaire1_water  1  1  1
          capillaire2  1  1  1
          capillaire2_water  1  1  1
          capillaire3  1  1  1
          capillaire3_water  1  1  1
          capillaire4  1  1  1
          capillaire4_water  1  1  1
          capillaire5  1  1  1
          capillaire5_water  1  1  1
          capillaire_m1  1  1  1
          capillaire_m1_water  1  1  1
          capillaire_m2  1  1  1
          capillaire_m2_water  1  1  1
          capillaire_m3  1  1  1
          capillaire_m3_water  1  1  1
          capillaire_m4  1  1  1
          capillaire_m4_water  1  1  1
### ===  Ignore cuts flag:   0

phot:  for gamma applyCuts:1  SubType=12 BuildTable=0
      LambdaPrime table from 200 keV to 100 TeV in 174 bins 
      ===== EM models for the G4Region  DefaultRegionForTheWorld ======
 LivermorePhElectric : Emin=    0 eV  Emax=  100 TeV  SauterGavrila Fluo

compt:  for gamma applyCuts:1  SubType=13 BuildTable=1
      Lambda table from 10 eV  to 1 MeV, 20 bins/decade, spline: 1
      LambdaPrime table from 1 MeV to 100 TeV in 160 bins 
      ===== EM models for the G4Region  DefaultRegionForTheWorld ======
        KleinNishina : Emin=    0 eV  Emax=  100 TeV Fluo

conv:  for gamma applyCuts:1  SubType=14 BuildTable=1
      Lambda table from 1.022 MeV to 100 TeV, 20 bins/decade, spline: 1
      ===== EM models for the G4Region  DefaultRegionForTheWorld ======
     BetheHeitlerLPM : Emin=    0 eV  Emax=  100 TeV  ModifiedTsai

Rayl:  for gamma applyCuts:1  SubType=11 BuildTable=1
      Lambda table from 10 eV  to 100 keV, 20 bins/decade, spline: 0
      LambdaPrime table from 100 keV to 100 TeV in 180 bins 
      ===== EM models for the G4Region  DefaultRegionForTheWorld ======
   LivermoreRayleigh : Emin=    0 eV  Emax=  100 TeV  CullenGenerator

msc:  for e-  SubType= 10
      ===== EM models for the G4Region  DefaultRegionForTheWorld ======
            UrbanMsc : Emin=    0 eV  Emax=  100 TeV Nbins=240 100 eV  - 100 TeV
              StepLim=DistanceToBoundary Rfact=0.04 Gfact=2.5 Sfact=0.6 DispFlag:1 Skin=1 Llimit=1

eIoni:  for e-  SubType=2
      dE/dx and range tables from 10 eV  to 100 TeV in 260 bins
      Lambda tables from threshold to 100 TeV, 20 bins/decade, spline: 1
      StepFunction=(0.2, 0.1 mm), integ: 1, fluct: 1, linLossLim= 0.01
      ===== EM models for the G4Region  DefaultRegionForTheWorld ======
        MollerBhabha : Emin=    0 eV  Emax=  100 TeV  deltaVI

eBrem:  for e-  SubType=3
      dE/dx and range tables from 10 eV  to 100 TeV in 260 bins
      Lambda tables from threshold to 100 TeV, 20 bins/decade, spline: 1
      LPM flag: 1 for E > 1 GeV,  VertexHighEnergyTh(GeV)= 100000
      ===== EM models for the G4Region  DefaultRegionForTheWorld ======
             eBremSB : Emin=    0 eV  Emax=    1 GeV  AngularGen2BS
            eBremLPM : Emin=    1 GeV Emax=  100 TeV  AngularGen2BS

ePairProd:  for e-  SubType=4
      dE/dx and range tables from 10 eV  to 100 TeV in 260 bins
      Lambda tables from threshold to 100 TeV, 20 bins/decade, spline: 1
      Sampling table 25x1001; from 0.1 GeV to 100 TeV 
      ===== EM models for the G4Region  DefaultRegionForTheWorld ======
           ePairProd : Emin=    0 eV  Emax=  100 TeV  ModifiedMephi

msc:  for e+  SubType= 10
      ===== EM models for the G4Region  DefaultRegionForTheWorld ======
            UrbanMsc : Emin=    0 eV  Emax=  100 TeV Nbins=240 100 eV  - 100 TeV
              StepLim=DistanceToBoundary Rfact=0.04 Gfact=2.5 Sfact=0.6 DispFlag:1 Skin=1 Llimit=1

eIoni:  for e+  SubType=2
      dE/dx and range tables from 10 eV  to 100 TeV in 260 bins
      Lambda tables from threshold to 100 TeV, 20 bins/decade, spline: 1
      StepFunction=(0.2, 0.1 mm), integ: 1, fluct: 1, linLossLim= 0.01
      ===== EM models for the G4Region  DefaultRegionForTheWorld ======
        MollerBhabha : Emin=    0 eV  Emax=  100 TeV  deltaVI

eBrem:  for e+  SubType=3
      dE/dx and range tables from 10 eV  to 100 TeV in 260 bins
      Lambda tables from threshold to 100 TeV, 20 bins/decade, spline: 1
      LPM flag: 1 for E > 1 GeV,  VertexHighEnergyTh(GeV)= 100000
      ===== EM models for the G4Region  DefaultRegionForTheWorld ======
             eBremSB : Emin=    0 eV  Emax=    1 GeV  AngularGen2BS
            eBremLPM : Emin=    1 GeV Emax=  100 TeV  AngularGen2BS

ePairProd:  for e+  SubType=4
      dE/dx and range tables from 10 eV  to 100 TeV in 260 bins
      Lambda tables from threshold to 100 TeV, 20 bins/decade, spline: 1
      Sampling table 25x1001; from 0.1 GeV to 100 TeV 
      ===== EM models for the G4Region  DefaultRegionForTheWorld ======
           ePairProd : Emin=    0 eV  Emax=  100 TeV  ModifiedMephi

annihil:  for e+, integral:1  applyCuts:1  SubType=5 BuildTable=0
      ===== EM models for the G4Region  DefaultRegionForTheWorld ======
            eplus2gg : Emin=    0 eV  Emax=  100 TeV

msc:  for proton  SubType= 10
      ===== EM models for the G4Region  DefaultRegionForTheWorld ======
            UrbanMsc : Emin=    0 eV  Emax=  100 TeV Nbins=240 100 eV  - 100 TeV
              StepLim=Minimal Rfact=0.2 Gfact=2.5 Sfact=0.6 DispFlag:1 Skin=1 Llimit=1

hIoni:  for proton  SubType=2
      dE/dx and range tables from 10 eV  to 100 TeV in 260 bins
      Lambda tables from threshold to 100 TeV, 20 bins/decade, spline: 1
      StepFunction=(0.2, 0.05 mm), integ: 1, fluct: 1, linLossLim= 0.01
      ===== EM models for the G4Region  DefaultRegionForTheWorld ======
               Bragg : Emin=    0 eV  Emax=    2 MeV  deltaVI
          BetheBloch : Emin=    2 MeV Emax=  100 TeV  deltaVI

hBrems:  for proton  SubType=3
      dE/dx and range tables from 10 eV  to 100 TeV in 260 bins
      Lambda tables from threshold to 100 TeV, 20 bins/decade, spline: 1
      ===== EM models for the G4Region  DefaultRegionForTheWorld ======
               hBrem : Emin=    0 eV  Emax=  100 TeV  ModifiedMephi
      ===== Limit on energy threshold has been applied 

hPairProd:  for proton  SubType=4
      dE/dx and range tables from 10 eV  to 100 TeV in 260 bins
      Lambda tables from threshold to 100 TeV, 20 bins/decade, spline: 1
      Sampling table 17x1001; from 7.50618 GeV to 100 TeV 
      ===== EM models for the G4Region  DefaultRegionForTheWorld ======
           hPairProd : Emin=    0 eV  Emax=  100 TeV  ModifiedMephi

nuclearStopping:  for proton applyCuts:1  SubType=8 BuildTable=0
      ===== EM models for the G4Region  DefaultRegionForTheWorld ======
   ICRU49NucStopping : Emin=    0 eV  Emax=    1 MeV

msc:  for GenericIon  SubType= 10
      ===== EM models for the G4Region  DefaultRegionForTheWorld ======
            UrbanMsc : Emin=    0 eV  Emax=  100 TeV
              StepLim=Minimal Rfact=0.2 Gfact=2.5 Sfact=0.6 DispFlag:1 Skin=1 Llimit=1

ionIoni:  for GenericIon  SubType=2
      dE/dx and range tables from 10 eV  to 100 TeV in 260 bins
      Lambda tables from threshold to 100 TeV, 20 bins/decade, spline: 1
      StepFunction=(0.1, 0.02 mm), integ: 1, fluct: 1, linLossLim= 0.02
      ===== EM models for the G4Region  DefaultRegionForTheWorld ======
         ParamICRU73 : Emin=    0 eV  Emax=  100 TeV  deltaVI

nuclearStopping:  for GenericIon applyCuts:1  SubType=8 BuildTable=0
      ===== EM models for the G4Region  DefaultRegionForTheWorld ======
   ICRU49NucStopping : Emin=    0 eV  Emax=    1 MeV

msc:  for alpha  SubType= 10
      ===== EM models for the G4Region  DefaultRegionForTheWorld ======
            UrbanMsc : Emin=    0 eV  Emax=  100 TeV Nbins=240 100 eV  - 100 TeV
              StepLim=Minimal Rfact=0.2 Gfact=2.5 Sfact=0.6 DispFlag:1 Skin=1 Llimit=1

ionIoni:  for alpha  SubType=2
      dE/dx and range tables from 10 eV  to 100 TeV in 260 bins
      Lambda tables from threshold to 100 TeV, 20 bins/decade, spline: 1
      StepFunction=(0.1, 0.02 mm), integ: 1, fluct: 1, linLossLim= 0.02
      ===== EM models for the G4Region  DefaultRegionForTheWorld ======
            BraggIon : Emin=    0 eV  Emax=7.9452 MeV  deltaVI
          BetheBloch : Emin=7.9452 MeV Emax=  100 TeV  deltaVI

nuclearStopping:  for alpha applyCuts:1  SubType=8 BuildTable=0
      ===== EM models for the G4Region  DefaultRegionForTheWorld ======
   ICRU49NucStopping : Emin=    0 eV  Emax=    1 MeV

msc:  for anti_proton  SubType= 10
      ===== EM models for the G4Region  DefaultRegionForTheWorld ======
            UrbanMsc : Emin=    0 eV  Emax=  100 TeV Nbins=240 100 eV  - 100 TeV
              StepLim=Minimal Rfact=0.2 Gfact=2.5 Sfact=0.6 DispFlag:1 Skin=1 Llimit=1

hIoni:  for anti_proton  SubType=2
      dE/dx and range tables from 10 eV  to 100 TeV in 260 bins
      Lambda tables from threshold to 100 TeV, 20 bins/decade, spline: 1
      StepFunction=(0.2, 0.05 mm), integ: 1, fluct: 1, linLossLim= 0.01
      ===== EM models for the G4Region  DefaultRegionForTheWorld ======
            ICRU73QO : Emin=    0 eV  Emax=    2 MeV  deltaVI
          BetheBloch : Emin=    2 MeV Emax=  100 TeV  deltaVI

hBrems:  for anti_proton  SubType=3
      dE/dx and range tables from 10 eV  to 100 TeV in 260 bins
      Lambda tables from threshold to 100 TeV, 20 bins/decade, spline: 1
      ===== EM models for the G4Region  DefaultRegionForTheWorld ======
               hBrem : Emin=    0 eV  Emax=  100 TeV  ModifiedMephi
      ===== Limit on energy threshold has been applied 

hPairProd:  for anti_proton  SubType=4
      dE/dx and range tables from 10 eV  to 100 TeV in 260 bins
      Lambda tables from threshold to 100 TeV, 20 bins/decade, spline: 1
      Sampling table 17x1001; from 7.50618 GeV to 100 TeV 
      ===== EM models for the G4Region  DefaultRegionForTheWorld ======
           hPairProd : Emin=    0 eV  Emax=  100 TeV  ModifiedMephi

msc:  for kaon+  SubType= 10
      ===== EM models for the G4Region  DefaultRegionForTheWorld ======
            UrbanMsc : Emin=    0 eV  Emax=  100 TeV Nbins=240 100 eV  - 100 TeV
              StepLim=Minimal Rfact=0.2 Gfact=2.5 Sfact=0.6 DispFlag:1 Skin=1 Llimit=1

hIoni:  for kaon+  SubType=2
      dE/dx and range tables from 10 eV  to 100 TeV in 260 bins
      Lambda tables from threshold to 100 TeV, 20 bins/decade, spline: 1
      StepFunction=(0.2, 0.05 mm), integ: 1, fluct: 1, linLossLim= 0.01
      ===== EM models for the G4Region  DefaultRegionForTheWorld ======
               Bragg : Emin=    0 eV  Emax=1.05231 MeV  deltaVI
          BetheBloch : Emin=1.05231 MeV Emax=  100 TeV  deltaVI

hBrems:  for kaon+  SubType=3
      dE/dx and range tables from 10 eV  to 100 TeV in 260 bins
      Lambda tables from threshold to 100 TeV, 20 bins/decade, spline: 1
      ===== EM models for the G4Region  DefaultRegionForTheWorld ======
               hBrem : Emin=    0 eV  Emax=  100 TeV  ModifiedMephi
      ===== Limit on energy threshold has been applied 

hPairProd:  for kaon+  SubType=4
      dE/dx and range tables from 10 eV  to 100 TeV in 260 bins
      Lambda tables from threshold to 100 TeV, 20 bins/decade, spline: 1
      Sampling table 18x1001; from 3.94942 GeV to 100 TeV 
      ===== EM models for the G4Region  DefaultRegionForTheWorld ======
           hPairProd : Emin=    0 eV  Emax=  100 TeV  ModifiedMephi

msc:  for kaon-  SubType= 10
      ===== EM models for the G4Region  DefaultRegionForTheWorld ======
            UrbanMsc : Emin=    0 eV  Emax=  100 TeV Nbins=240 100 eV  - 100 TeV
              StepLim=Minimal Rfact=0.2 Gfact=2.5 Sfact=0.6 DispFlag:1 Skin=1 Llimit=1

hIoni:  for kaon-  SubType=2
      dE/dx and range tables from 10 eV  to 100 TeV in 260 bins
      Lambda tables from threshold to 100 TeV, 20 bins/decade, spline: 1
      StepFunction=(0.2, 0.05 mm), integ: 1, fluct: 1, linLossLim= 0.01
      ===== EM models for the G4Region  DefaultRegionForTheWorld ======
            ICRU73QO : Emin=    0 eV  Emax=1.05231 MeV  deltaVI
          BetheBloch : Emin=1.05231 MeV Emax=  100 TeV  deltaVI

hBrems:  for kaon-  SubType=3
      dE/dx and range tables from 10 eV  to 100 TeV in 260 bins
      Lambda tables from threshold to 100 TeV, 20 bins/decade, spline: 1
      ===== EM models for the G4Region  DefaultRegionForTheWorld ======
               hBrem : Emin=    0 eV  Emax=  100 TeV  ModifiedMephi
      ===== Limit on energy threshold has been applied 

hPairProd:  for kaon-  SubType=4
      dE/dx and range tables from 10 eV  to 100 TeV in 260 bins
      Lambda tables from threshold to 100 TeV, 20 bins/decade, spline: 1
      Sampling table 18x1001; from 3.94942 GeV to 100 TeV 
      ===== EM models for the G4Region  DefaultRegionForTheWorld ======
           hPairProd : Emin=    0 eV  Emax=  100 TeV  ModifiedMephi

msc:  for mu+  SubType= 10
      ===== EM models for the G4Region  DefaultRegionForTheWorld ======
            UrbanMsc : Emin=    0 eV  Emax=  100 TeV Nbins=240 100 eV  - 100 TeV
              StepLim=Minimal Rfact=0.2 Gfact=2.5 Sfact=0.6 DispFlag:1 Skin=1 Llimit=1

muIoni:  for mu+  SubType=2
      dE/dx and range tables from 10 eV  to 100 TeV in 260 bins
      Lambda tables from threshold to 100 TeV, 20 bins/decade, spline: 1
      StepFunction=(0.2, 0.05 mm), integ: 1, fluct: 1, linLossLim= 0.01
      ===== EM models for the G4Region  DefaultRegionForTheWorld ======
               Bragg : Emin=    0 eV  Emax=  200 keV  deltaVI
          BetheBloch : Emin=  200 keV Emax=    1 GeV  deltaVI
        MuBetheBloch : Emin=    1 GeV Emax=  100 TeV

muBrems:  for mu+  SubType=3
      dE/dx and range tables from 10 eV  to 100 TeV in 260 bins
      Lambda tables from threshold to 100 TeV, 20 bins/decade, spline: 1
      ===== EM models for the G4Region  DefaultRegionForTheWorld ======
              MuBrem : Emin=    0 eV  Emax=  100 TeV  ModifiedMephi
      ===== Limit on energy threshold has been applied 

muPairProd:  for mu+  SubType=4
      dE/dx and range tables from 10 eV  to 100 TeV in 260 bins
      Lambda tables from threshold to 100 TeV, 20 bins/decade, spline: 1
      Sampling table 21x1001; from 1 GeV to 100 TeV 
      ===== EM models for the G4Region  DefaultRegionForTheWorld ======
          muPairProd : Emin=    0 eV  Emax=  100 TeV  ModifiedMephi

msc:  for mu-  SubType= 10
      ===== EM models for the G4Region  DefaultRegionForTheWorld ======
            UrbanMsc : Emin=    0 eV  Emax=  100 TeV Nbins=240 100 eV  - 100 TeV
              StepLim=Minimal Rfact=0.2 Gfact=2.5 Sfact=0.6 DispFlag:1 Skin=1 Llimit=1

muIoni:  for mu-  SubType=2
      dE/dx and range tables from 10 eV  to 100 TeV in 260 bins
      Lambda tables from threshold to 100 TeV, 20 bins/decade, spline: 1
      StepFunction=(0.2, 0.05 mm), integ: 1, fluct: 1, linLossLim= 0.01
      ===== EM models for the G4Region  DefaultRegionForTheWorld ======
            ICRU73QO : Emin=    0 eV  Emax=  200 keV  deltaVI
          BetheBloch : Emin=  200 keV Emax=    1 GeV  deltaVI
        MuBetheBloch : Emin=    1 GeV Emax=  100 TeV

muBrems:  for mu-  SubType=3
      dE/dx and range tables from 10 eV  to 100 TeV in 260 bins
      Lambda tables from threshold to 100 TeV, 20 bins/decade, spline: 1
      ===== EM models for the G4Region  DefaultRegionForTheWorld ======
              MuBrem : Emin=    0 eV  Emax=  100 TeV  ModifiedMephi
      ===== Limit on energy threshold has been applied 

muPairProd:  for mu-  SubType=4
      dE/dx and range tables from 10 eV  to 100 TeV in 260 bins
      Lambda tables from threshold to 100 TeV, 20 bins/decade, spline: 1
      Sampling table 21x1001; from 1 GeV to 100 TeV 
      ===== EM models for the G4Region  DefaultRegionForTheWorld ======
          muPairProd : Emin=    0 eV  Emax=  100 TeV  ModifiedMephi

msc:  for pi+  SubType= 10
      ===== EM models for the G4Region  DefaultRegionForTheWorld ======
            UrbanMsc : Emin=    0 eV  Emax=  100 TeV Nbins=240 100 eV  - 100 TeV
              StepLim=Minimal Rfact=0.2 Gfact=2.5 Sfact=0.6 DispFlag:1 Skin=1 Llimit=1

hIoni:  for pi+  SubType=2
      dE/dx and range tables from 10 eV  to 100 TeV in 260 bins
      Lambda tables from threshold to 100 TeV, 20 bins/decade, spline: 1
      StepFunction=(0.2, 0.05 mm), integ: 1, fluct: 1, linLossLim= 0.01
      ===== EM models for the G4Region  DefaultRegionForTheWorld ======
               Bragg : Emin=    0 eV  Emax=297.505 keV  deltaVI
          BetheBloch : Emin=297.505 keV Emax=  100 TeV  deltaVI

hBrems:  for pi+  SubType=3
      dE/dx and range tables from 10 eV  to 100 TeV in 260 bins
      Lambda tables from threshold to 100 TeV, 20 bins/decade, spline: 1
      ===== EM models for the G4Region  DefaultRegionForTheWorld ======
               hBrem : Emin=    0 eV  Emax=  100 TeV  ModifiedMephi
      ===== Limit on energy threshold has been applied 

hPairProd:  for pi+  SubType=4
      dE/dx and range tables from 10 eV  to 100 TeV in 260 bins
      Lambda tables from threshold to 100 TeV, 20 bins/decade, spline: 1
      Sampling table 20x1001; from 1.11656 GeV to 100 TeV 
      ===== EM models for the G4Region  DefaultRegionForTheWorld ======
           hPairProd : Emin=    0 eV  Emax=  100 TeV  ModifiedMephi

msc:  for pi-  SubType= 10
      ===== EM models for the G4Region  DefaultRegionForTheWorld ======
            UrbanMsc : Emin=    0 eV  Emax=  100 TeV Nbins=240 100 eV  - 100 TeV
              StepLim=Minimal Rfact=0.2 Gfact=2.5 Sfact=0.6 DispFlag:1 Skin=1 Llimit=1

hIoni:  for pi-  SubType=2
      dE/dx and range tables from 10 eV  to 100 TeV in 260 bins
      Lambda tables from threshold to 100 TeV, 20 bins/decade, spline: 1
      StepFunction=(0.2, 0.05 mm), integ: 1, fluct: 1, linLossLim= 0.01
      ===== EM models for the G4Region  DefaultRegionForTheWorld ======
            ICRU73QO : Emin=    0 eV  Emax=297.505 keV  deltaVI
          BetheBloch : Emin=297.505 keV Emax=  100 TeV  deltaVI

hBrems:  for pi-  SubType=3
      dE/dx and range tables from 10 eV  to 100 TeV in 260 bins
      Lambda tables from threshold to 100 TeV, 20 bins/decade, spline: 1
      ===== EM models for the G4Region  DefaultRegionForTheWorld ======
               hBrem : Emin=    0 eV  Emax=  100 TeV  ModifiedMephi
      ===== Limit on energy threshold has been applied 

hPairProd:  for pi-  SubType=4
      dE/dx and range tables from 10 eV  to 100 TeV in 260 bins
      Lambda tables from threshold to 100 TeV, 20 bins/decade, spline: 1
      Sampling table 20x1001; from 1.11656 GeV to 100 TeV 
      ===== EM models for the G4Region  DefaultRegionForTheWorld ======
           hPairProd : Emin=    0 eV  Emax=  100 TeV  ModifiedMephi
G4VisManager: Using G4TrajectoryDrawByCharge as fallback trajectory model.
See commands in /vis/modeling/trajectories/ for other options.

### ===  Deexcitation model UAtomDeexcitation is activated for 25 regions:
          DefaultRegionForTheWorld  1  1  1
          cylindricalPET  1  1  1
          module  1  1  1
          unit  1  1  1
          block  1  1  1
          optical  1  1  1
          crystal  1  1  1
          capillaire1  1  1  1
          capillaire1_water  1  1  1
          capillaire2  1  1  1
          capillaire2_water  1  1  1
          capillaire3  1  1  1
          capillaire3_water  1  1  1
          capillaire4  1  1  1
          capillaire4_water  1  1  1
          capillaire5  1  1  1
          capillaire5_water  1  1  1
          capillaire_m1  1  1  1
          capillaire_m1_water  1  1  1
          capillaire_m2  1  1  1
          capillaire_m2_water  1  1  1
          capillaire_m3  1  1  1
          capillaire_m3_water  1  1  1
          capillaire_m4  1  1  1
          capillaire_m4_water  1  1  1
### ===  Ignore cuts flag:   0
(-183.998,-257.688,97.714)
(-292.968,-225.044,24.5332)
(-187.82,-263.944,103.855)
(-229.854,-269.435,5.52986)
(298.449,-96.3736,-12.4257)
(301.214,-18.9289,-17.9652)
(-318.256,-95.7377,10.2155)
(-274.352,-66.011,-12.8409)
(307.789,127.33,-15.8942)
(263.438,140.752,61.5497)
(306.965,-91.9793,-99.9638)
(249.902,-58.6858,-143.91)
(315.753,-91.9209,-107.952)
(258.686,34.8035,-76.0339)
(318.204,17.8454,-90.7128)
(370.036,-57.9596,-59.4302)
(334.561,23.5655,-91.1899)
(267.125,29.7142,-74.3713)
(196.986,243.783,-36.472)
(182.423,263.873,-200.351)
(196.951,249.294,-39.2596)
(307.742,265.734,-162.612)
(190.267,251.74,-45.3265)
(196.405,252.545,-14.5877)
(-282.415,159.041,-10.6022)
(-309.999,107.897,29.8512)
(245.442,-202.255,14.8591)
(258.812,-172.224,34.8447)
(317.647,73.8977,59.1395)
(345.432,35.6963,104.454)
(-203.741,244.467,-106.427)
(-283.77,222.683,-213.692)
(-210.749,245.354,101.432)
(-241.515,274.1,51.8305)
(250.801,-186.941,-74.2415)
(190.468,-211.549,-68.2618)
(310.683,44.7088,57.0918)
(407.354,28.9955,7.06884)
(318.525,44.4862,62.0586)
(278.146,6.41383,40.276)
(319.481,48.2264,65.665)
(315.758,-32.9073,43.1322)
(113.922,296.003,119.897)
(24.0437,262.074,276.53)
(293.218,110.442,-14.9013)
(413.861,102.883,100.58)
(-234.099,-208.082,32.382)
(-306.279,-176.343,72.8976)
(-237.424,-202.756,27.7328)
(-129.575,-106.978,54.3799)
(23.6027,320.719,31.8974)
(-19.4083,312.407,0.992324)
(226.007,-237.892,-22.8808)
(155.811,-360.597,-45.6234)
(222.393,-245.128,-44.2882)
(290.93,-251.756,-45.1893)
(216.774,-245.142,-48.4644)
(202.13,-292.233,65.4093)
(303.716,-81.782,-96.0777)
(324.888,-62.2243,-141.327)
(-309.396,60.3644,68.0855)
(-287.67,-30.2244,95.304)
(-304.035,-72.9103,-31.6388)
(-307.73,-59.5681,-84.9672)
(-314.759,-66.6975,-16.7209)
(-226.716,-76.6144,-45.6808)
(277.76,145.436,64.5723)
(223.623,216.931,139.992)
(284.758,137.954,80.8457)
(245.496,141.13,120.969)
(285.471,136.797,80.1461)
(269.652,187.514,121.627)
(-198.558,247.795,13.3935)
(-90.8214,161.305,-45.2917)
(-201.421,250.34,11.4263)
(-209.394,258.84,55.86)
(-311.369,-127.138,-111.079)
(-285.923,-121.58,-140.362)
(-324.463,16.3689,104.151)
(-262.669,35.536,143.818)
(315.12,-11.3856,-69.6894)
(373.971,-109.885,-126.002)
(191.483,261.066,31.4934)
(207.52,279.933,-51.2471)
(10.8245,-326.89,-34.57)
(32.2676,-274.914,-24.5018)
(7.33067,-335.656,-42.0309)
(47.4463,-265.51,30.4739)
(-257.095,-196.371,-85.8629)
(-370.182,-204.762,-61.2429)
(-258.167,-205.349,-86.7368)
(-375.955,-277.98,-81.1322)
(-80.109,305.86,33.6323)
(-204.032,258.721,57.6583)
(164.274,273.404,-26.7241)
(152.337,188.982,62.6277)
(-257.646,-199.521,20.4206)
(-243.286,-223.693,15.6961)
(-258.482,-199.812,18.4131)
(-237.532,-233.697,-11.455)
(242.175,212.208,-68.9947)
(150.538,177.834,-216.867)
(-12.331,-318.368,101.007)
(-67.5754,-321.091,117.898)
(8.97393,317.076,-53.746)
(-46.3602,336.072,-19.0752)
(143.873,-290.186,-108.586)
(232.261,-279.478,-91.7619)
(136.131,290.335,108.813)
(196.551,234.902,-5.11499)
(125.495,303.603,110.103)
(236.617,370.208,68.6674)
(-274.265,189.674,-1.3496)
(-231.306,160.714,0.496508)
(-275.039,193.694,-2.3718)
(-285.358,225.049,-94.6152)
(137.503,-284.396,0.846884)
(171.998,-348.089,51.6163)
(137.015,-286.592,0.95112)
(143.068,-242.318,-61.4365)
(-215.676,230.483,-92.7036)
(-230.93,77.2763,-59.6716)
(263.225,170.171,-60.1957)
(227.786,221.543,-17.524)
(193.178,-249.259,70.0489)
(318.711,-281.465,62.4229)
(198.914,-245.695,67.1375)
(125.224,-401.282,113.138)
(179.272,-261.094,-86.0588)
(135.229,-282.241,-33.4443)
(177.681,-259.758,-89.1397)
(251.571,-261.008,-151.942)
(-256.272,178.963,62.4877)
(-253.368,140.598,78.7517)
(-260.472,175.751,66.2785)
(-164.178,56.2384,84.5849)
(-266.343,175.678,67.9161)
(-326.057,185.395,46.3435)
(9.84199,324.137,48.3939)
(27.938,344.774,14.0943)
(48.5279,334.086,-11.6575)
(-16.7391,317.255,-21.1076)
(109.718,-295.397,-56.0671)
(190.361,-221.845,1.01709)
(110.257,296.474,56.6006)
(26.6345,226.027,19.374)
(233.865,-215.289,21.6222)
(318.56,-218.295,38.8848)
(243.689,-211.394,21.1905)
(219.749,-209.215,98.5873)
(-308.226,79.1266,109.992)
(-210.764,190.845,129.312)
(-310.75,-60.2264,57.3586)
(-329.938,-61.0756,39.619)
(330.283,24.3414,-21.8341)
(339.279,104.446,-96.9489)
(327.875,24.0831,-20.1206)
(440.827,6.79753,-38.5474)
(312.845,-10.8807,-93.9413)
(442.884,-47.3515,-191.092)
(313.958,-6.82943,-97.2036)
(214.402,38.6278,-67.1178)
(315.269,83.4661,-17.5195)
(297.001,243.428,19.6125)
(-293.385,-132.708,28.1083)
(-197.355,-130.267,-57.4318)
(-297.554,-132.88,29.7938)
(-222.955,-121.127,64.0505)
(-99.5666,-297.816,-83.3301)
(-135.415,-418.823,-142.599)
(178.172,257.345,74.3287)
(154.221,311.145,-18.7269)
(167.76,-276.106,-115.47)
(-4.17955,-195.685,-155.573)
(-240.26,-204.268,121.639)
(-201.631,-160,234.299)
(277.636,162.374,-95.1708)
(262.695,106.114,-140.475)
(-112.855,-298.056,-1.7112)
(-140.438,-351.796,-25.4123)
(-111.453,-298.83,-2.60123)
(-111.755,-324.615,-68.0476)
(271.871,154.753,3.97412)
(221.997,224.833,31.8749)
(322.087,30.4715,-50.0845)
(266.568,-24.7143,-5.76056)
(-283.879,-130.916,-56.698)
(-220.12,-138.635,-160.398)
(164.411,277.383,115.293)
(146.931,206.326,162.31)
(-306.039,-119.677,103.378)
(-396.013,-99.7045,134.886)
(-310.703,-116.471,103.829)
(-333.691,-29.6767,165.595)
(236.712,228.309,-109.654)
(140.741,157.96,-139.251)
(-307.468,63.5194,-107.071)
(-174.346,26.1156,-36.75)
(-308.841,61.9321,-106.94)
(-316.722,95.2887,-110.838)
(320.143,-62.5392,105.177)
(397.345,-134.046,107.321)
(-312.505,115.25,-33.0804)
(-296.609,89.9335,-26.1284)
(-178.775,-266.171,-58.7302)
(-231.163,-379.385,-39.6768)
(236.199,216.671,49.0244)
(168.129,219.597,5.94077)
(-88.8345,300.789,-12.0214)
(-253.114,321.271,73.5302)
(306.093,-93.0894,97.7587)
(270.747,-87.507,105.24)
(-267.747,177.27,31.7125)
(-258.826,203.497,10.841)
(-269.99,181.308,34.8809)
(-224.438,142.475,5.38859)
(-304.598,79.4662,-113.541)
(-236.889,34.9989,10.7939)
(32.1996,-324.424,82.4099)
(76.1632,-304.969,53.0692)
(-243.492,208.3,51.5778)
(-179.019,164.453,9.10337)
(-250.404,209.267,52.0418)
(-201.011,237.994,219.121)
(90.8802,-315.078,-73.3401)
(38.4031,-369.368,-98.3611)
(83.4058,-313.676,-78.0303)
(50.5261,-300.281,-77.7518)
(119.04,-306.688,32.8351)
(162.951,-285.252,137.115)
(158.534,277.628,-30.5128)
(101.467,191.355,-35.2366)
(211.388,-257.072,72.3317)
(86.7476,-216.292,73.8153)
(227.949,217.922,-84.3151)
(199.564,211.665,-191.976)
(226.54,217.941,-84.2468)
(253.013,148.709,-112.084)
(-314.657,-75.1044,9.89206)
(-347.478,6.65134,-20.2754)
(-274.076,-158.808,57.2467)
(-166.371,-163.325,121.348)
(94.3121,-311.562,-41.0098)
(95.0618,-220.513,-49.1094)
(1.83764,333.756,48.2535)
(127.725,208.775,143.53)
(-279.83,139.989,33.2784)
(-419.759,211.434,68.2339)
(-291.564,146.613,31.1908)
(-249.258,188.166,-46.1495)
(-294.758,145.561,31.2835)
(-333.89,139.651,-7.64562)
(143.061,-283.515,-65.9131)
(200.217,-319.043,-172.154)
(-218.087,246.267,-47.1613)
(-284.191,232.872,-147.157)
(-40.162,-315.678,59.3253)
(13.1577,-376.93,76.8757)
(-44.4971,-319.486,61.8422)
(-113.781,-286.022,56.8594)
(-274.864,-178.493,43.2964)
(-289.114,-112.828,27.6295)
(194.326,251.097,-58.1499)
(200.772,276.149,-67.7963)
(193.703,256.211,-58.1845)
(141.942,380.69,70.3257)
(194.635,259.823,-59.5815)
(143.509,225.506,-49.3968)
(-212.923,231.89,-109.832)
(-267.72,320.137,-172.024)
(-216.389,231.157,-108.562)
(-249.321,217.966,-218.126)
(69.3816,-311.871,-40.9853)
(102.122,-261.853,24.5951)
(30.4443,314.369,41.2834)
(92.1989,284.558,32.3465)
(30.7454,332.883,47.371)
(-102.045,340.182,13.6709)
(56.4449,319.205,49.2465)
(94.9598,360.943,3.18375)
(56.1842,319.75,49.9347)
(12.4592,395.541,124.363)
(43.2783,-326.972,-47.4224)
(97.9471,-314.621,-22.7428)
(13.2993,-319.939,-60.4442)
(102.659,-284.646,-67.4707)
(16.5281,-318.204,-62.4399)
(111.8,-270.125,-37.7281)
(20.4452,-317.582,-65.4871)
(-71.6033,-290.764,-76.6406)
(-240.301,209.466,41.0187)
(-235.194,158.898,1.38003)
(91.292,-301.269,-35.3166)
(56.3201,-325.132,-49.6814)
(-6.23921,-321.356,21.3309)
(-45.042,-450.886,36.0796)
(-11.199,-323.816,20.6962)
(-86.2956,-182.212,90.5134)
(-19.5289,-320.016,18.4746)
(-66.0145,-320.259,-17.8603)
(242.349,225.543,-14.2165)
(136.504,199.056,-5.51812)
(241.639,231.96,-13.6563)
(234.998,194.687,-58.4146)
(-293.614,-127.779,108.586)
(-261.554,-85.4829,170.303)
(-292.052,-125.032,111.565)
(-267.816,-55.478,125.708)
(-74.282,-314.478,-100.348)
(5.27484,-295.401,-1.32461)
(-143.122,286.801,84.9146)
(-68.0573,199.678,217.536)
(-190.64,-247.974,122.356)
(-255.059,-309.231,63.6769)
(81.9169,-325.532,-71.2693)
(67.0849,-330.437,-145.309)
(189.452,278.363,61.4849)
(263.881,345.279,84.0254)
(-319.726,-4.36893,-105.763)
(-342.143,67.7001,-9.49056)
(-315.921,-21.764,3.24314)
(-390.925,-27.1405,73.3887)
(128.257,298.424,112.033)
(67.2424,181.325,123.523)
(126.649,304.046,109.837)
(73.6305,110.129,8.79667)
(129.659,302.519,104.415)
(238.465,321.554,111.451)
(28.6774,-315.654,-119.96)
(-36.0777,-280.924,-138.34)
(20.3949,-324.261,-113.277)
(99.1126,-336.418,-106.921)
(-251.783,198.334,-27.012)
(-366.073,220.593,6.8895)
(201.086,-247.261,29.5196)
(145.709,-279.295,52.2888)
(193.718,-247.182,40.7813)
(158.87,-197.742,71.683)
(202.932,242.378,-73.7567)
(210.822,322.264,-167.114)
(212.116,249.05,-78.3153)
(178.267,85.3592,-115.907)
(306.107,69.3382,106.405)
(408.635,17.7816,120.108)
(311.163,79.4475,117.93)
(218.754,160.168,160.356)
(311.886,85.2592,118.115)
(416.234,39.4322,-11.0512)
(317.824,92.249,119.166)
(345.597,117.419,104.889)
(-27.0733,312.853,117.414)
(17.8526,235.449,170.133)
(-25.9374,318.669,122.352)
(57.8591,396.975,37.0258)
(241.016,-224.696,17.9662)
(207.5,-267.334,-50.1819)
(-72.1307,313.675,-29.6771)
(-47.6719,281.899,-32.481)
(-71.277,315.069,-30.9361)
(-78.8106,323.857,-2.4205)
(141.658,-289.161,-33.2393)
(261.984,-328.998,-61.5934)
(-248.43,220.756,27.3983)
(-192.793,223.587,96.0391)
(-321.243,-80.6378,79.0761)
(-329.305,-2.27595,106.973)
(-56.1331,-331.7,78.9872)
(-128.194,-390.734,120.059)
(-311.808,26.1342,-106.527)
(-331.732,117.87,-190.452)
(-325.502,7.66073,111.161)
(-209.887,-28.9262,249.045)
(-170.887,265.506,20.7197)
(-171.639,272.041,78.2396)
(183.587,-255.542,-22.1048)
(209.909,-274.498,-78.1453)
(297.003,-136.881,-23.6957)
(232.877,-159.128,-69.3376)
(307.632,-135.518,-18.3664)
(192.362,-137.297,5.17385)
(-312.919,84.5281,16.3499)
(-212.775,56.4899,13.1482)
(-308.165,82.0343,15.5024)
(-361.106,137.6,-7.11974)
(326.056,47.9256,-81.1181)
(228.203,90.274,-219.649)
(225.57,240.707,40.8605)
(190.971,251.573,21.6473)
(-211.226,-245.97,-43.1049)
(-198.924,-240.048,19.3417)
(-209.798,-242.614,-43.4909)
(-206.358,-289.193,-113.718)
(172.266,-264.869,13.0055)
(73.1112,-226.804,44.0536)
(10.0355,325.375,35.9415)
(-23.0698,282.879,11.6444)
(9.72546,327.516,37.4693)
(30.8132,338.971,23.2089)
(9.11417,-328.023,-34.9767)
(17.6306,-374.308,-66.3727)
(-314.01,12.4425,-67.8199)
(-226.147,9.92808,-57.9053)
(-313.239,14.1618,-70.2159)
(-348.443,-48.2057,-147.626)
(324.984,-6.00593,39.9522)
(323.435,63.5296,116.373)
(329.387,5.11345,38.8459)
(307.602,27.7073,-47.6628)
(-327.421,-5.46972,60.3747)
(-486.009,15.4411,71.3662)
(313.662,8.4209,-96.0954)
(368.337,-66.8092,-20.2041)
(-300.104,-98.7099,89.2336)
(-266.001,-94.1444,120.447)
(-312.21,-55.2883,4.3784)
(-410.183,-119.587,-71.1163)
(312.859,40.1982,-1.77204)
(305.546,19.7517,-62.9576)
(72.2017,307.755,-123.891)
(68.4742,252.072,-126.76)
(71.1365,319.008,-125.156)
(178.983,396.824,-149.165)
(-154.228,-278.051,48.0506)
(-182.878,-268.426,128.759)
(-157.389,-278.472,51.8967)
(-82.9285,-289.69,120.133)
(-327.438,31.2889,-102.081)
(-259.793,0.539426,-164.848)
(301.792,-125.745,-5.84738)
(282.568,-169.562,-44.7613)
(298.773,-128.208,-8.74482)
(286.516,-165.865,13.7079)
(-285.566,167.59,10.7163)
(-421.027,94.3562,101.362)
(-130.941,-292.691,-73.665)
(-250.958,-242.325,-60.7847)
(-127.008,-294.969,-78.4506)
(-92.8459,-407.972,-52.1029)
(268.519,191.143,46.8599)
(301.578,151.266,43.8242)
(269.158,188.825,54.1167)
(274.361,254.502,-14.7926)
(261.173,-178.872,85.8534)
(181.592,-90.7814,104.608)
(22.1108,312.131,-66.5116)
(65.8213,232.614,-93.5052)
(21.7144,315.404,-60.1049)
(72.9277,205.667,-109.837)
(-311.889,-96.9024,-47.8107)
(-275.138,-249.257,-95.828)
(268.034,182.271,90.4117)
(300.388,161.796,160.276)
(-306.166,60.3498,-124.033)
(-288.089,47.948,-171.559)
(111.209,295.489,-43.0543)
(254.394,257.2,-10.3366)
(122.417,295.969,-41.3778)
(76.2284,255.038,-40.4252)
(299.097,92.0741,-55.8922)
(146.868,53.7412,-25.9848)
(306.581,96.1023,-49.5364)
(240.401,-39.2271,31.3128)
(-260.906,-181.194,110.771)
(-273.824,-197.831,134.159)
(-237.11,213.755,1.07538)
(-265.442,181.825,-48.3475)
(73.7389,-310.995,-4.80418)
(-66.4741,-413.097,-18.2946)
(69.3239,-310.782,-7.69584)
(-7.6076,-274.755,16.9843)
(303.242,-86.0752,-68.3401)
(384.277,-131.934,-105.434)
(326.414,25.5172,44.7235)
(292.603,-94.1687,-56.9843)
(336.124,31.2837,45.1955)
(386.999,2.80794,-38.9506)
(-317.267,-50.7027,-92.1204)
(-218.357,-9.56618,-205.034)
(-315.246,-50.535,-93.8205)
(-213.59,-42.4294,-82.0076)
(-321.643,79.5023,-19.5059)
(-336.111,21.716,-21.8163)
(309.983,-57.283,-94.2784)
(337.022,105.724,-78.292)
(-328.116,17.145,63.1734)
(-325.547,24.965,148.766)
(309.097,-50.3069,97.6295)
(257.137,-127.826,76.0906)
(319.352,-58.125,99.4654)
(434.414,-94.0525,80.5897)
(317.456,-57.6571,98.2475)
(293.779,-151.982,154.625)
(321.875,-85.1612,80.8223)
(198.083,-31.4468,30.5484)
(79.6054,-321.884,-32.3632)
(126.984,-334.457,-58.7567)
(-55.8726,308.717,34.5023)
(-94.4298,426.369,4.28638)
(124.937,290.659,21.753)
(100.167,299.181,-212.839)
(137.467,298.893,27.2947)
(113.593,179.825,110.293)
(-241.633,-228.668,-14.8314)
(-188.319,-197.588,9.92373)
(-326.463,20.3722,82.9622)
(-341.854,111.172,77.9595)
(316.128,-11.3591,-48.0589)
(243.577,113.853,-115.405)
(328.771,-19.9711,-50.6094)
(236.116,-0.871095,-164.065)
(-194.226,248.264,-53.1154)
(-177.994,316.302,1.55469)
(-194.822,252.506,-54.2724)
(-177.891,218.024,-29.4854)
(-113.855,295.592,99.5677)
(-175.403,397.801,70.3423)
(274.07,-156.175,-53.274)
(324.942,-164.124,-198.598)
(14.1354,323.553,-12.9232)
(73.7893,335.807,-29.8)
(14.9026,327.209,-17.3319)
(-78.9634,366.097,-0.934898)
(12.6229,315.148,-23.292)
(45.9254,247.356,-55.2839)
(11.527,312.632,-23.2967)
(-10.2792,387.536,-3.32819)
(-208.392,244.816,10.5831)
(-169.673,284.373,-40.8035)
(134.519,-284.825,-10.4889)
(183.619,-182.988,59.9757)
(-288.102,-158.836,-47.0807)
(-310.424,-173.585,33.1657)
(-308.188,69.0586,108.035)
(-281.218,151.779,28.8905)
(-314.138,66.5567,109.875)
(-207.187,115.436,114.827)
(-273.357,-151.522,-118.44)
(-319.773,-172.009,-248.001)
(147.76,280.321,-52.3328)
(24.5303,316.28,-120.679)
(149.577,278.568,-51.7798)
(144.657,303.403,-114.642)
(-216.005,-234.919,41.0707)
(-228.367,-277.941,77.4)
(-119.616,295.765,-55.2772)
(-227.565,245.367,-164.936)
(-279.932,137.359,-54.1526)
(-339.022,126.471,-6.19614)
(-100.321,310.078,9.78661)
(-95.6987,312.027,18.896)
(-20.7118,313.63,-69.1001)
(-59.8163,319.888,-74.8137)
(-20.747,317.523,-69.9152)
(-12.6979,288.572,-71.4484)
(-312.068,57.7162,-107.996)
(-320.52,62.0231,-203.067)
(-192.806,-256.497,-82.2362)
(-152.646,-226.455,-68.2196)
(215.373,-227.754,58.1399)
(210.779,-313.504,45.7871)
(216.989,-236.279,55.4562)
(309.438,-330.637,72.484)
(-280.682,136.302,-64.7555)
(-179.06,193.35,35.4881)
(-275.889,-185.385,37.8445)
(-281.158,-240.555,-1.65911)
(77.9189,-304.566,101.773)
(67.6603,-288.765,7.42308)
(19.8133,334.831,-109.69)
(119.434,340.302,2.88667)
(292.346,-143.539,-11.0313)
(208.366,-71.3012,-12.7902)
(-202.791,252.583,21.1384)
(-205.236,183.644,51.3673)
(-205.161,250.276,20.3067)
(-259.756,267.014,-5.4261)
(-133.448,-293.356,-19.0535)
(-121.424,-214.515,-64.3199)
(100.371,-307.763,-6.12771)
(67.4455,-260.663,73.4313)
(-226.441,248.807,6.50023)
(-291.621,280.405,30.5591)
(-288.444,-119.722,-123.368)
(-269.371,-71.0918,-208.648)
(302.993,93.4972,92.1897)
(263.82,109.666,200.961)
(195.958,246.223,90.481)
(258.857,339.247,137.165)
(-285.197,-141.543,-50.6086)
(-280.076,-178.641,106.189)
(289.893,125.827,82.0926)
(384.096,172.176,90.0549)
(294.257,-120.615,-100.005)
(243.166,-228.295,-135.577)
(220.198,-234.694,48.4329)
(318.868,-242.95,108.706)
(-278.004,155.131,-34.1854)
(-345.184,167.138,-92.758)
(269.586,188.917,115.106)
(256.015,313.584,61.4841)
(-54.1443,-326.562,8.81019)
(-77.938,-274.328,-9.71907)
(-45.0165,334.145,-8.86506)
(-70.9467,375.034,-43.5278)
(-98.524,-302.515,-91.2038)
(-109.974,-435.752,-86.5614)
(-80.4456,-312.826,-94.6875)
(-34.2868,-400.4,-62.8187)
(-66.6207,-307.909,-0.828788)
(-99.3936,-401.054,-135.046)
(-61.579,-318.238,-5.55355)
(-12.2169,-312.222,10.2697)
(197.433,245.808,2.8518)
(217.986,192.277,89.9241)
(-16.7907,312.254,119.05)
(117.182,348.338,65.9303)
(-16.7864,314.882,120.509)
(39.5579,349.973,58.8579)
(-13.5508,319.142,121.861)
(101.241,306.405,184.578)
(-137.085,-281.878,-106.262)
(-75.4885,-350.672,-96.415)
(316.983,75.1838,86.5021)
(381.46,153.629,30.1996)
(-114.737,-292.821,96.6501)
(-151.276,-263.32,142.065)
(-113.62,-299.751,93.6529)
(-100.783,-337.805,25.4831)
(195.271,258.379,-86.0084)
(74.8079,197.563,-122.808)
(152.423,274.286,-0.987543)
(121.095,276.949,67.0793)
(-289.519,-140.156,-0.801471)
(-368.983,-136.745,-9.5923)
(308.312,-95.2582,-47.0993)
(309.88,-138.645,-96.2352)
(312.063,-100.624,-49.3505)
(306.299,-105.752,-121.737)
(-273.437,-163.849,-13.097)
(-312.532,-166.964,-72.919)
(322.41,3.87582,-39.6116)
(340.665,25.3335,66.3796)
(-322.534,-10.3545,96.4175)
(-277.542,-9.04408,94.9034)
(-68.6942,-307.725,-26.79)
(1.3349,-370.421,6.00881)
(-146.929,277.854,21.9151)
(-61.5865,213.402,90.093)
(-144.036,277.725,33.1319)
(-178.164,284.108,29.1475)
(284.673,-130.052,-86.681)
(381.976,-169.257,-130.508)
(-321.443,25.0828,55.8104)
(-316.998,61.3903,86.1228)
(182.505,-259.387,-84.3301)
(117.386,-298.557,-107.856)
(19.8397,322.201,103.18)
(-10.0807,232.402,53.4761)
(20.9092,322.289,103.026)
(90.6393,262.343,131.439)
(-199.428,252.49,16.8512)
(-208.868,348.725,35.7995)
(-192.469,245.621,7.7897)
(-181.178,173.447,16.6776)
(280.081,162.923,-40.4212)
(334.161,172.364,-125.263)
(280.31,161.823,-39.2528)
(297.801,87.5427,-73.9777)
(-239.361,-205.676,52.9231)
(-222.441,-127.646,7.01474)
(-88.8768,-305.346,1.35419)
(-53.331,-258.21,-50.3703)
(-132.103,298.774,-4.02614)
(-267.686,310.096,-9.63458)
(262.548,-172.053,51.6066)
(218.204,-213.802,66.3839)
(-156.512,281.226,61.3474)
(-130.145,290.77,62.4875)
(10.2289,-330.198,-70.1508)
(-49.7844,-389.81,-18.5229)
(-274.506,-158.637,-54.5426)
(-253.492,-109.646,-151.624)
(-274.722,-156.282,-61.47)
(-397.053,-199.856,21.8406)
(156.157,292.431,9.36039)
(135.335,220.864,102.394)
(-305.367,-66.319,99.6015)
(-256.88,-9.76192,116.756)
(23.6049,-319.024,-93.0645)
(-6.33256,-282.293,-65.2519)
(22.833,-318.548,-94.4059)
(90.5387,-345.201,37.8101)
(182.769,263.345,77.9381)
(311.956,235.743,139.51)
(188.77,268.169,79.5141)
(194.092,179.093,66.8383)
(302.459,146.627,58.7569)
(368.386,264.155,78.5682)
(-203.331,-238.993,-91.9825)
(-213.741,-224.891,-70.3755)
(-137.277,280.987,5.9119)
(-94.2878,334.694,47.4823)
(-127.718,294.535,19.3197)
(-97.6945,370.993,5.88414)
(263.705,-174.249,-2.12948)
(234.884,-233.123,76.2692)
(321.263,-29.0662,-72.396)
(261.777,-14.4278,-91.8541)
(-282.448,-152.081,-106.295)
(-380.419,-275.821,71.5902)
(163.09,267.838,-12.297)
(143.113,274.979,-34.9861)
(161.504,274.046,-12.258)
(104.311,264.534,33.2862)
(-20.1607,-323.372,15.8799)
(-29.2767,-303.792,-4.57254)
(-20.3593,-324.3,15.3726)
(23.4304,-361.339,-72.3255)
(278.332,184.84,-29.7679)
(220.844,126.455,-61.5404)
(-91.7666,-308.459,52.5245)
(-108.34,-266.777,-78.3802)
(-18.6872,316.925,117.671)
(20.3173,335.886,190.761)
(-312.727,-96.2189,-40.5365)
(-264.092,-108.758,-75.5816)
(295.38,127.062,53.2158)
(281.789,22.7913,39.1945)
(294.332,124.672,54.0747)
(228.762,183.926,50.1112)
(-322.565,72.477,103.829)
(-313.453,50.6473,200.149)
(-328.472,72.8487,105.204)
(-312.437,159.167,103.722)
(-320.999,-2.19255,-16.2018)
(-304.484,-18.6746,-183.433)
(-323.36,0.314187,-17.1397)
(-314.22,-20.4051,-25.6335)
(-322.951,-2.20733,-19.1935)
(-269.808,-21.8777,103.61)
(-139.932,-294.102,-91.6501)
(-188.82,-293.193,-65.9322)
(50.1954,325.192,101.113)
(75.8273,312.928,125.183)
(-272.534,179.25,-121.807)
(-299.566,160.473,-71.9968)
(-261.927,-177.496,-79.8539)
(-325.835,-177.593,-79.5183)
(267.338,172.913,34.8835)
(350.931,223.639,15.862)
(-226.28,-219.959,-50.1557)
(-153.159,-124.333,-76.7461)
(-61.8704,310.237,108.06)
(-22.1237,385.8,196.577)
(285.363,-127.442,-91.6852)
(262.766,-165.409,-83.2164)
(211.387,230.237,-109.883)
(217.165,310.723,-145.913)
(212.037,237.472,-58.0571)
(266.739,280.572,-14.5238)
(-307.091,69.1519,5.0437)
(-330.363,144.296,32.5892)
(-292.829,165.374,42.5673)
(-256.373,136.891,108.009)
(160.502,-272.035,-118.308)
(99.016,-304.093,-54.6739)
(-263.885,-172.636,102.258)
(-229.684,-208.771,87.4895)
(268.924,162.566,-93.1027)
(213.507,6.74484,-102.255)
(271.514,163.829,-95.2275)
(335.804,121.135,-156.501)
(290.451,-115.848,-72.553)
(444.598,-128.308,-59.7939)
(-20.7179,324.395,31.9021)
(-41.7783,370.618,92.4012)
(-27.4959,327.229,21.7439)
(-61.5238,289.349,53.4043)
(-51.7557,317.928,0.781052)
(-91.5122,213.085,-53.8086)
(-77.7601,-305.637,-30.9141)
(-82.6275,-435.459,-25.8877)
(-323.115,78.5464,-60.3354)
(-331.308,121.738,-16.2602)
(76.8702,306.612,61.7043)
(105.41,290.271,11.2047)
(-203.096,-241.321,-45.2522)
(-354.498,-269.279,19.1258)
(-261.401,173.408,-114.458)
(-264.519,152.633,-156.504)
(-262.588,173.125,-113.487)
(-267.856,162.689,-141.801)
(55.1659,308.187,67.7576)
(-8.51522,274.35,115.383)
(-227.289,-218.303,-46.1799)
(-284.281,-308.559,30.2009)
(-149.218,-274.236,-85.6917)
(-140.905,-199.324,-3.76801)
(-65.6113,310.349,100.627)
(-77.4015,268.689,95.9269)
(294.057,160.459,-40.1913)
(406.163,167.488,31.5288)
(-143.848,-295.699,72.9411)
(-150.6,-277.155,7.17778)
(311.886,-1.75574,-31.8376)
(334.215,52.8244,-17.9651)
(-312.974,1.31823,21.3751)
(-302.522,-13.8765,37.5299)
(-321.024,4.38789,19.4785)
(-355.2,48.3487,74.4952)
(-327.47,3.06808,17.8217)
(-319.657,8.807,27.5089)
(159.093,-269.5,-65.0427)
(140.083,-303.097,-123.435)
(-290.628,135.676,34.8873)
(-308.711,178.357,-37.5601)
(-284.448,131.586,33.1437)
(-230.047,175.205,15.6729)
(87.2872,305.783,-79.4207)
(113.938,377.401,-107.479)
(304.07,-86.5159,-77.3689)
(287.707,14.124,-98.6067)
(304.917,-87.9955,-74.559)
(327.829,-57.9866,-98.4784)
(311.263,-88.6566,-34.4222)
(318.296,-118.006,-5.28654)
(-325.647,-52.7944,-80.0805)
(-425.166,-85.5574,-36.4901)
(312.12,47.9115,73.6295)
(262.812,42.8731,87.0953)
(309.93,47.9147,68.6781)
(301.952,26.8444,73.9495)
(-243.475,-218.437,110.406)
(-365.602,-213.541,77.4934)
(-323.507,41.1644,-5.29258)
(-338.989,12.1231,19.8959)
(61.9022,309.571,-65.4863)
(86.0568,157.216,-101.505)
(-43.0513,-316.408,65.5052)
(-75.0994,-332.886,37.2809)
(231.961,242.425,-60.4408)
(267.583,379.712,-112.909)
(-46.2537,-309.859,72.8637)
(39.7484,-311.192,174.515)
(-16.5565,-332.643,78.5416)
(-60.1076,-277.763,183.9)
(-12.4548,-335.974,81.4994)
(33.6783,-307.712,73.3308)
(-270.016,-159.61,47.6152)
(-376.587,-170.759,67.3214)
(214.383,235.937,-99.1011)
(225.088,332.606,-14.8522)
(280.526,-153.425,100.269)
(240.501,-175.541,72.1537)
(297.923,-143.924,106.612)
(505.611,-190.199,110.717)
(-288.721,-128.902,124.005)
(-262.843,-60.9049,167.833)
(41.0798,-310.681,124.397)
(-7.78411,-293.282,85.3275)
(139.556,282.219,115.21)
(256.075,289.268,131.357)
(140.187,279.131,115.165)
(70.6436,326.406,166.652)
(275.288,-188.371,-57.578)
(263.897,-188.366,-57.9334)
(-215.141,-231.447,19.3823)
(-252.548,-172.931,-49.5444)
(-61.1226,-315.678,101.897)
(-114.928,-280.056,180.653)
(294.597,129.904,99.76)
(283.573,48.1151,201.863)
(294.253,129.406,97.1901)
(332.065,73.4233,39.0176)
(-259.476,-178.837,7.18402)
(-180.56,-259.94,5.18264)
(308.686,-119.979,19.7411)
(331.844,-23.2818,-52.0421)
(309.452,-123.127,10.696)
(243.527,-170.477,-19.3688)
(305.526,-71.525,37.4623)
(335.192,-136.189,31.123)
(-266.268,173.798,-92.2214)
(-233.618,158.643,-42.6239)
(283.551,168.523,102.857)
(272.496,269.49,26.8265)
(324.371,87.3114,-92.377)
(242.911,128.031,-94.4866)
(-116.289,-296.415,43.3967)
(-30.2358,-295.323,67.1905)
(190.751,250.898,-39.159)
(228.912,204.72,-107.666)
(188.422,252.145,-37.3635)
(159.635,281.692,-46.0985)
(-191.579,253.749,-54.7177)
(-235.285,302.307,-27.258)
(285.188,-147.204,29.1485)
(106.204,-179.251,-119.462)
(292.447,-138.458,10.6076)
(302.41,-170.13,4.90929)
(-314.329,-28.1669,-15.3818)
(-349.33,49.5231,-22.9773)
(-323.87,-24.4753,-19.567)
(-267.099,20.7828,-16.811)
(321.804,25.8256,17.6031)
(315.146,58.2596,-34.7258)
(245.706,201.617,-9.0512)
(205.571,165.758,46.0893)
(-24.9528,-314.089,16.2045)
(-21.8707,-358.553,-19.7498)
(-229.218,-220.666,45.6085)
(-154.019,-275.08,-4.257)
(238.248,210.32,-43.4028)
(188.346,333.523,26.0587)
(247.682,196.387,57.5308)
(315.37,111.365,25.3593)
(251.707,205.311,70.242)
(286.418,251.288,73.9871)
(262.722,210.103,77.517)
(280.618,218.107,-30.8445)
(-43.7129,-332.721,-93.9064)
(47.0477,-212.047,-141.908)
(-48.4289,-331.614,-105.646)
(-73.5539,-243.269,-204.747)
(312.303,-53.8054,81.9696)
(256.21,-10.0219,86.0181)
(312.093,-48.8463,80.7001)
(331.325,1.3189,161.245)
(259.974,184.008,44.6194)
(213.299,201.262,75.8819)
(261.785,182.752,45.3753)
(277.078,203.139,74.0581)
(-291.897,-115.602,-29.0769)
(-275.26,-91.8481,-72.3122)
(-174.877,260.582,107.666)
(-190.821,216.953,-87.0826)
(-327.551,43.9614,71.041)
(-322.069,16.1725,104.575)
(232.689,215.629,94.3951)
(268.923,229.759,175.924)
(284.016,140.811,-88.9703)
(223.414,119.921,-65.0188)
(-309.975,-83.2945,99.4932)
(-259.936,-106.837,100.175)
(-315.319,-55.6845,87.9584)
(-254.711,-0.63066,75.2278)
(-315.073,-57.5633,90.6892)
(-387.947,38.3101,-9.63073)
(101.505,304.287,121.954)
(76.4558,326.091,62.9501)
(-59.2783,317.153,-10.455)
(-156.059,271.131,-3.88046)
(190.889,-251.418,10.4129)
(212.058,-147.165,80.0144)
(-142.214,-304.462,-27.0158)
(-152.974,-391.528,-49.0456)
(-220.249,-231.744,-110.365)
(-209.272,-203.904,-95.9677)
(295.129,142.888,112.917)
(300.241,143.657,128.542)
(-326.263,-17.2356,59.6329)
(-292.824,98.2899,80.1831)
(-11.2132,-315.576,-112.039)
(-145.154,-296.369,-136.764)
(-87.1924,303.385,104.408)
(-89.4328,375.293,132.885)
(-95.6227,310.954,103.003)
(-151.075,243.037,99.4916)
(263.285,-171.166,49.8934)
(319.017,-232.496,27.2138)
(-200.609,261.728,-77.8487)
(-208.461,210.895,-208.572)
(-316.362,66.5084,4.23406)
(-310.913,47.792,46.3187)
(285.135,-127.499,-1.83092)
(222.46,-150.024,-24.2975)
(313.437,-51.0931,-97.1792)
(203.218,-41.5016,-92.0966)
(-227.927,-249.004,59.1072)
(-299.043,-282.946,91.7492)
(-229.949,-244.423,60.8821)
(-260.486,-269.516,32.4842)
(-313.332,0.617941,38.6879)
(-176.62,-56.2656,28.8741)
0 events have been kept for refreshing and/or reviewing.
  "/vis/reviewKeptEvents" to review them one by one.
  "/vis/enable", then "/vis/viewer/flush" or "/vis/viewer/rebuild" to see them accumulated.
[Core-0] End of macro ./split/.Gate/main129/main2.mac
Graphics systems deleted.
Visualization Manager deleting...
