[G4] 
[G4] **************************************************************
[G4]  Geant4 version Name: geant4-10-07-patch-02    (11-June-2021)
[G4]                        Copyright : Geant4 Collaboration
[G4]                       References : NIM A 506 (2003), 250-303
[G4]                                  : IEEE-TNS 53 (2006), 270-278
[G4]                                  : NIM A 835 (2016), 186-225
[G4]                              WWW : http://geant4.org/
[G4] **************************************************************
[G4] 
[Core-0] Initialization of geometry
[Core-0] Initialization of physics
[Core-0] Initialization of actors
[Core-0] 
[Core-0] *************************************************
[Core-0]  GATE version 9.1 (2021)
[Core-0]  Copyright : OpenGATE Collaboration
[Core-0]  Reference : Phys. Med. Biol. 49 (2004) 4543-4561
[Core-0]  Reference : Phys. Med. Biol. 56 (2011) 881-901
[Core-0]  Reference : Med. Phys. 41(6)    (2014)
[Core-0]  http://www.opengatecollaboration.org        
[Core-0] *************************************************
[Core-0] 
[Core-0] You are using Geant4 version 10.7.2
[Core-0] Starting macro ./split/.Gate/main125/main9.mac
0: RINDEX
1.84e-06   1.00028
4.08e-06   1.00028
9: GROUPVEL
1.84e-06   299.709
4.08e-06   299.709
16: ABSLENGTH
1.84e-06   50000
4.08e-06   50000
 <!> *** WARNING *** <!>  GateMaterialDatabase: Multiple definition of element: Yttrium.
The definition in ClMind_GateMaterials.db was used.


GATE object:        'systems/cylindricalPET'
Components:

GATE object:        'systems/cylindricalPET/base'
Attached to volume: cylindricalPET
Nb of children:       1

	GATE object:        'systems/cylindricalPET/rsector'
	Attached to volume: module
	Nb of children:       1

		GATE object:        'systems/cylindricalPET/module'
		Attached to volume: unit
		Nb of children:       1

			GATE object:        'systems/cylindricalPET/submodule'
			Attached to volume: block
			Nb of children:       1

				GATE object:        'systems/cylindricalPET/crystal'
				Attached to volume: optical
				Nb of children:       4

					GATE object:        'systems/cylindricalPET/layer0'
					Attached to volume: crystal
					Nb of children:       0

					GATE object:        'systems/cylindricalPET/layer1'
					Attached to volume: ---
					Nb of children:       0

					GATE object:        'systems/cylindricalPET/layer2'
					Attached to volume: ---
					Nb of children:       0

					GATE object:        'systems/cylindricalPET/layer3'
					Attached to volume: ---
					Nb of children:       0
geometrical design type: 1
ring diameter: -3.95 mm 
rsector axial pitch: 0 fm 
rsector azimuthal pitch: 12.8571 degree
rsector tangential size: 2.5 cm 
rsector axial size: 25.04 cm 
module axial size: 4.784 cm 
module tangential size: 2.5 cm 
module axial pitch: 0 fm 
module tangential pitch: 0 fm 
submodule axial size: 4.784 cm 
submodule tangential size: 2.5 cm 
submodule axial pitch: 0 fm 
submodule tangential pitch: 0 fm 
crystal radial size: 1.59 cm 
crystal axial size: 1.59 cm 
crystal tangential size: 2.5 cm 
crystal axial pitch: 0 fm 
crystal tangential pitch: 0 fm 
layer0 radial size: 3.95 mm 
in layer0 interaction length: 1.975 mm 
Axial nb of rsectors: 1
Azimuthal nb of rsectors: 28
Axial nb of modules: 1
Tangential nb of modules: 1
Axial nb of submodules: 1
Tangential nb of submodules: 1
Axial nb of crystals: 1
Tangential nb of crystals: 1
Radial nb of layers: 1
[Physic-0] The following Geant4's physic-list is enabled :emstandard_opt3


List of Enabled processes:




List of initialized processes:


[Core-0] Initialization of geometry
[Core-0] Initialization of physics
[Core-0] Initialization of actors
 <!> *** WARNING *** <!>  The 'energytype' option is DEPRECATED, use 'ene/type' instead!
 <!> *** WARNING *** <!>  The 'energytype' option is DEPRECATED, use 'ene/type' instead!
 <!> *** WARNING *** <!>  The 'energytype' option is DEPRECATED, use 'ene/type' instead!
 <!> *** WARNING *** <!>  The 'energytype' option is DEPRECATED, use 'ene/type' instead!
 <!> *** WARNING *** <!>  The 'energytype' option is DEPRECATED, use 'ene/type' instead!
 <!> *** WARNING *** <!>  The 'energytype' option is DEPRECATED, use 'ene/type' instead!
 <!> *** WARNING *** <!>  The 'energytype' option is DEPRECATED, use 'ene/type' instead!
 <!> *** WARNING *** <!>  The 'energytype' option is DEPRECATED, use 'ene/type' instead!
 <!> *** WARNING *** <!>  The 'energytype' option is DEPRECATED, use 'ene/type' instead!
[Acquisition-0]   
[Acquisition-0] ============= Source initialization =============
[Acquisition-0]   
[Acquisition-0] ============= Acquisition starts! =============
[Acquisition-0] Simulation start time = 0 sec
[Acquisition-0] Simulation end time   = 1 sec
[Acquisition-0] Simulation will have  = 1 run(s)
[Acquisition-0] Slice 0 from 0 to 1 s [slice=1 s]

### ===  Deexcitation model UAtomDeexcitation is activated for 25 regions:
          DefaultRegionForTheWorld  1  1  1
          cylindricalPET  1  1  1
          module  1  1  1
          unit  1  1  1
          block  1  1  1
          optical  1  1  1
          crystal  1  1  1
          capillaire1  1  1  1
          capillaire1_water  1  1  1
          capillaire2  1  1  1
          capillaire2_water  1  1  1
          capillaire3  1  1  1
          capillaire3_water  1  1  1
          capillaire4  1  1  1
          capillaire4_water  1  1  1
          capillaire5  1  1  1
          capillaire5_water  1  1  1
          capillaire_m1  1  1  1
          capillaire_m1_water  1  1  1
          capillaire_m2  1  1  1
          capillaire_m2_water  1  1  1
          capillaire_m3  1  1  1
          capillaire_m3_water  1  1  1
          capillaire_m4  1  1  1
          capillaire_m4_water  1  1  1
### ===  Ignore cuts flag:   0

phot:  for gamma applyCuts:1  SubType=12 BuildTable=0
      LambdaPrime table from 200 keV to 100 TeV in 174 bins 
      ===== EM models for the G4Region  DefaultRegionForTheWorld ======
 LivermorePhElectric : Emin=    0 eV  Emax=  100 TeV  SauterGavrila Fluo

compt:  for gamma applyCuts:1  SubType=13 BuildTable=1
      Lambda table from 10 eV  to 1 MeV, 20 bins/decade, spline: 1
      LambdaPrime table from 1 MeV to 100 TeV in 160 bins 
      ===== EM models for the G4Region  DefaultRegionForTheWorld ======
        KleinNishina : Emin=    0 eV  Emax=  100 TeV Fluo

conv:  for gamma applyCuts:1  SubType=14 BuildTable=1
      Lambda table from 1.022 MeV to 100 TeV, 20 bins/decade, spline: 1
      ===== EM models for the G4Region  DefaultRegionForTheWorld ======
     BetheHeitlerLPM : Emin=    0 eV  Emax=  100 TeV  ModifiedTsai

Rayl:  for gamma applyCuts:1  SubType=11 BuildTable=1
      Lambda table from 10 eV  to 100 keV, 20 bins/decade, spline: 0
      LambdaPrime table from 100 keV to 100 TeV in 180 bins 
      ===== EM models for the G4Region  DefaultRegionForTheWorld ======
   LivermoreRayleigh : Emin=    0 eV  Emax=  100 TeV  CullenGenerator

msc:  for e-  SubType= 10
      ===== EM models for the G4Region  DefaultRegionForTheWorld ======
            UrbanMsc : Emin=    0 eV  Emax=  100 TeV Nbins=240 100 eV  - 100 TeV
              StepLim=DistanceToBoundary Rfact=0.04 Gfact=2.5 Sfact=0.6 DispFlag:1 Skin=1 Llimit=1

eIoni:  for e-  SubType=2
      dE/dx and range tables from 10 eV  to 100 TeV in 260 bins
      Lambda tables from threshold to 100 TeV, 20 bins/decade, spline: 1
      StepFunction=(0.2, 0.1 mm), integ: 1, fluct: 1, linLossLim= 0.01
      ===== EM models for the G4Region  DefaultRegionForTheWorld ======
        MollerBhabha : Emin=    0 eV  Emax=  100 TeV  deltaVI

eBrem:  for e-  SubType=3
      dE/dx and range tables from 10 eV  to 100 TeV in 260 bins
      Lambda tables from threshold to 100 TeV, 20 bins/decade, spline: 1
      LPM flag: 1 for E > 1 GeV,  VertexHighEnergyTh(GeV)= 100000
      ===== EM models for the G4Region  DefaultRegionForTheWorld ======
             eBremSB : Emin=    0 eV  Emax=    1 GeV  AngularGen2BS
            eBremLPM : Emin=    1 GeV Emax=  100 TeV  AngularGen2BS

ePairProd:  for e-  SubType=4
      dE/dx and range tables from 10 eV  to 100 TeV in 260 bins
      Lambda tables from threshold to 100 TeV, 20 bins/decade, spline: 1
      Sampling table 25x1001; from 0.1 GeV to 100 TeV 
      ===== EM models for the G4Region  DefaultRegionForTheWorld ======
           ePairProd : Emin=    0 eV  Emax=  100 TeV  ModifiedMephi

msc:  for e+  SubType= 10
      ===== EM models for the G4Region  DefaultRegionForTheWorld ======
            UrbanMsc : Emin=    0 eV  Emax=  100 TeV Nbins=240 100 eV  - 100 TeV
              StepLim=DistanceToBoundary Rfact=0.04 Gfact=2.5 Sfact=0.6 DispFlag:1 Skin=1 Llimit=1

eIoni:  for e+  SubType=2
      dE/dx and range tables from 10 eV  to 100 TeV in 260 bins
      Lambda tables from threshold to 100 TeV, 20 bins/decade, spline: 1
      StepFunction=(0.2, 0.1 mm), integ: 1, fluct: 1, linLossLim= 0.01
      ===== EM models for the G4Region  DefaultRegionForTheWorld ======
        MollerBhabha : Emin=    0 eV  Emax=  100 TeV  deltaVI

eBrem:  for e+  SubType=3
      dE/dx and range tables from 10 eV  to 100 TeV in 260 bins
      Lambda tables from threshold to 100 TeV, 20 bins/decade, spline: 1
      LPM flag: 1 for E > 1 GeV,  VertexHighEnergyTh(GeV)= 100000
      ===== EM models for the G4Region  DefaultRegionForTheWorld ======
             eBremSB : Emin=    0 eV  Emax=    1 GeV  AngularGen2BS
            eBremLPM : Emin=    1 GeV Emax=  100 TeV  AngularGen2BS

ePairProd:  for e+  SubType=4
      dE/dx and range tables from 10 eV  to 100 TeV in 260 bins
      Lambda tables from threshold to 100 TeV, 20 bins/decade, spline: 1
      Sampling table 25x1001; from 0.1 GeV to 100 TeV 
      ===== EM models for the G4Region  DefaultRegionForTheWorld ======
           ePairProd : Emin=    0 eV  Emax=  100 TeV  ModifiedMephi

annihil:  for e+, integral:1  applyCuts:1  SubType=5 BuildTable=0
      ===== EM models for the G4Region  DefaultRegionForTheWorld ======
            eplus2gg : Emin=    0 eV  Emax=  100 TeV

msc:  for proton  SubType= 10
      ===== EM models for the G4Region  DefaultRegionForTheWorld ======
            UrbanMsc : Emin=    0 eV  Emax=  100 TeV Nbins=240 100 eV  - 100 TeV
              StepLim=Minimal Rfact=0.2 Gfact=2.5 Sfact=0.6 DispFlag:1 Skin=1 Llimit=1

hIoni:  for proton  SubType=2
      dE/dx and range tables from 10 eV  to 100 TeV in 260 bins
      Lambda tables from threshold to 100 TeV, 20 bins/decade, spline: 1
      StepFunction=(0.2, 0.05 mm), integ: 1, fluct: 1, linLossLim= 0.01
      ===== EM models for the G4Region  DefaultRegionForTheWorld ======
               Bragg : Emin=    0 eV  Emax=    2 MeV  deltaVI
          BetheBloch : Emin=    2 MeV Emax=  100 TeV  deltaVI

hBrems:  for proton  SubType=3
      dE/dx and range tables from 10 eV  to 100 TeV in 260 bins
      Lambda tables from threshold to 100 TeV, 20 bins/decade, spline: 1
      ===== EM models for the G4Region  DefaultRegionForTheWorld ======
               hBrem : Emin=    0 eV  Emax=  100 TeV  ModifiedMephi
      ===== Limit on energy threshold has been applied 

hPairProd:  for proton  SubType=4
      dE/dx and range tables from 10 eV  to 100 TeV in 260 bins
      Lambda tables from threshold to 100 TeV, 20 bins/decade, spline: 1
      Sampling table 17x1001; from 7.50618 GeV to 100 TeV 
      ===== EM models for the G4Region  DefaultRegionForTheWorld ======
           hPairProd : Emin=    0 eV  Emax=  100 TeV  ModifiedMephi

nuclearStopping:  for proton applyCuts:1  SubType=8 BuildTable=0
      ===== EM models for the G4Region  DefaultRegionForTheWorld ======
   ICRU49NucStopping : Emin=    0 eV  Emax=    1 MeV

msc:  for GenericIon  SubType= 10
      ===== EM models for the G4Region  DefaultRegionForTheWorld ======
            UrbanMsc : Emin=    0 eV  Emax=  100 TeV
              StepLim=Minimal Rfact=0.2 Gfact=2.5 Sfact=0.6 DispFlag:1 Skin=1 Llimit=1

ionIoni:  for GenericIon  SubType=2
      dE/dx and range tables from 10 eV  to 100 TeV in 260 bins
      Lambda tables from threshold to 100 TeV, 20 bins/decade, spline: 1
      StepFunction=(0.1, 0.02 mm), integ: 1, fluct: 1, linLossLim= 0.02
      ===== EM models for the G4Region  DefaultRegionForTheWorld ======
         ParamICRU73 : Emin=    0 eV  Emax=  100 TeV  deltaVI

nuclearStopping:  for GenericIon applyCuts:1  SubType=8 BuildTable=0
      ===== EM models for the G4Region  DefaultRegionForTheWorld ======
   ICRU49NucStopping : Emin=    0 eV  Emax=    1 MeV

msc:  for alpha  SubType= 10
      ===== EM models for the G4Region  DefaultRegionForTheWorld ======
            UrbanMsc : Emin=    0 eV  Emax=  100 TeV Nbins=240 100 eV  - 100 TeV
              StepLim=Minimal Rfact=0.2 Gfact=2.5 Sfact=0.6 DispFlag:1 Skin=1 Llimit=1

ionIoni:  for alpha  SubType=2
      dE/dx and range tables from 10 eV  to 100 TeV in 260 bins
      Lambda tables from threshold to 100 TeV, 20 bins/decade, spline: 1
      StepFunction=(0.1, 0.02 mm), integ: 1, fluct: 1, linLossLim= 0.02
      ===== EM models for the G4Region  DefaultRegionForTheWorld ======
            BraggIon : Emin=    0 eV  Emax=7.9452 MeV  deltaVI
          BetheBloch : Emin=7.9452 MeV Emax=  100 TeV  deltaVI

nuclearStopping:  for alpha applyCuts:1  SubType=8 BuildTable=0
      ===== EM models for the G4Region  DefaultRegionForTheWorld ======
   ICRU49NucStopping : Emin=    0 eV  Emax=    1 MeV

msc:  for anti_proton  SubType= 10
      ===== EM models for the G4Region  DefaultRegionForTheWorld ======
            UrbanMsc : Emin=    0 eV  Emax=  100 TeV Nbins=240 100 eV  - 100 TeV
              StepLim=Minimal Rfact=0.2 Gfact=2.5 Sfact=0.6 DispFlag:1 Skin=1 Llimit=1

hIoni:  for anti_proton  SubType=2
      dE/dx and range tables from 10 eV  to 100 TeV in 260 bins
      Lambda tables from threshold to 100 TeV, 20 bins/decade, spline: 1
      StepFunction=(0.2, 0.05 mm), integ: 1, fluct: 1, linLossLim= 0.01
      ===== EM models for the G4Region  DefaultRegionForTheWorld ======
            ICRU73QO : Emin=    0 eV  Emax=    2 MeV  deltaVI
          BetheBloch : Emin=    2 MeV Emax=  100 TeV  deltaVI

hBrems:  for anti_proton  SubType=3
      dE/dx and range tables from 10 eV  to 100 TeV in 260 bins
      Lambda tables from threshold to 100 TeV, 20 bins/decade, spline: 1
      ===== EM models for the G4Region  DefaultRegionForTheWorld ======
               hBrem : Emin=    0 eV  Emax=  100 TeV  ModifiedMephi
      ===== Limit on energy threshold has been applied 

hPairProd:  for anti_proton  SubType=4
      dE/dx and range tables from 10 eV  to 100 TeV in 260 bins
      Lambda tables from threshold to 100 TeV, 20 bins/decade, spline: 1
      Sampling table 17x1001; from 7.50618 GeV to 100 TeV 
      ===== EM models for the G4Region  DefaultRegionForTheWorld ======
           hPairProd : Emin=    0 eV  Emax=  100 TeV  ModifiedMephi

msc:  for kaon+  SubType= 10
      ===== EM models for the G4Region  DefaultRegionForTheWorld ======
            UrbanMsc : Emin=    0 eV  Emax=  100 TeV Nbins=240 100 eV  - 100 TeV
              StepLim=Minimal Rfact=0.2 Gfact=2.5 Sfact=0.6 DispFlag:1 Skin=1 Llimit=1

hIoni:  for kaon+  SubType=2
      dE/dx and range tables from 10 eV  to 100 TeV in 260 bins
      Lambda tables from threshold to 100 TeV, 20 bins/decade, spline: 1
      StepFunction=(0.2, 0.05 mm), integ: 1, fluct: 1, linLossLim= 0.01
      ===== EM models for the G4Region  DefaultRegionForTheWorld ======
               Bragg : Emin=    0 eV  Emax=1.05231 MeV  deltaVI
          BetheBloch : Emin=1.05231 MeV Emax=  100 TeV  deltaVI

hBrems:  for kaon+  SubType=3
      dE/dx and range tables from 10 eV  to 100 TeV in 260 bins
      Lambda tables from threshold to 100 TeV, 20 bins/decade, spline: 1
      ===== EM models for the G4Region  DefaultRegionForTheWorld ======
               hBrem : Emin=    0 eV  Emax=  100 TeV  ModifiedMephi
      ===== Limit on energy threshold has been applied 

hPairProd:  for kaon+  SubType=4
      dE/dx and range tables from 10 eV  to 100 TeV in 260 bins
      Lambda tables from threshold to 100 TeV, 20 bins/decade, spline: 1
      Sampling table 18x1001; from 3.94942 GeV to 100 TeV 
      ===== EM models for the G4Region  DefaultRegionForTheWorld ======
           hPairProd : Emin=    0 eV  Emax=  100 TeV  ModifiedMephi

msc:  for kaon-  SubType= 10
      ===== EM models for the G4Region  DefaultRegionForTheWorld ======
            UrbanMsc : Emin=    0 eV  Emax=  100 TeV Nbins=240 100 eV  - 100 TeV
              StepLim=Minimal Rfact=0.2 Gfact=2.5 Sfact=0.6 DispFlag:1 Skin=1 Llimit=1

hIoni:  for kaon-  SubType=2
      dE/dx and range tables from 10 eV  to 100 TeV in 260 bins
      Lambda tables from threshold to 100 TeV, 20 bins/decade, spline: 1
      StepFunction=(0.2, 0.05 mm), integ: 1, fluct: 1, linLossLim= 0.01
      ===== EM models for the G4Region  DefaultRegionForTheWorld ======
            ICRU73QO : Emin=    0 eV  Emax=1.05231 MeV  deltaVI
          BetheBloch : Emin=1.05231 MeV Emax=  100 TeV  deltaVI

hBrems:  for kaon-  SubType=3
      dE/dx and range tables from 10 eV  to 100 TeV in 260 bins
      Lambda tables from threshold to 100 TeV, 20 bins/decade, spline: 1
      ===== EM models for the G4Region  DefaultRegionForTheWorld ======
               hBrem : Emin=    0 eV  Emax=  100 TeV  ModifiedMephi
      ===== Limit on energy threshold has been applied 

hPairProd:  for kaon-  SubType=4
      dE/dx and range tables from 10 eV  to 100 TeV in 260 bins
      Lambda tables from threshold to 100 TeV, 20 bins/decade, spline: 1
      Sampling table 18x1001; from 3.94942 GeV to 100 TeV 
      ===== EM models for the G4Region  DefaultRegionForTheWorld ======
           hPairProd : Emin=    0 eV  Emax=  100 TeV  ModifiedMephi

msc:  for mu+  SubType= 10
      ===== EM models for the G4Region  DefaultRegionForTheWorld ======
            UrbanMsc : Emin=    0 eV  Emax=  100 TeV Nbins=240 100 eV  - 100 TeV
              StepLim=Minimal Rfact=0.2 Gfact=2.5 Sfact=0.6 DispFlag:1 Skin=1 Llimit=1

muIoni:  for mu+  SubType=2
      dE/dx and range tables from 10 eV  to 100 TeV in 260 bins
      Lambda tables from threshold to 100 TeV, 20 bins/decade, spline: 1
      StepFunction=(0.2, 0.05 mm), integ: 1, fluct: 1, linLossLim= 0.01
      ===== EM models for the G4Region  DefaultRegionForTheWorld ======
               Bragg : Emin=    0 eV  Emax=  200 keV  deltaVI
          BetheBloch : Emin=  200 keV Emax=    1 GeV  deltaVI
        MuBetheBloch : Emin=    1 GeV Emax=  100 TeV

muBrems:  for mu+  SubType=3
      dE/dx and range tables from 10 eV  to 100 TeV in 260 bins
      Lambda tables from threshold to 100 TeV, 20 bins/decade, spline: 1
      ===== EM models for the G4Region  DefaultRegionForTheWorld ======
              MuBrem : Emin=    0 eV  Emax=  100 TeV  ModifiedMephi
      ===== Limit on energy threshold has been applied 

muPairProd:  for mu+  SubType=4
      dE/dx and range tables from 10 eV  to 100 TeV in 260 bins
      Lambda tables from threshold to 100 TeV, 20 bins/decade, spline: 1
      Sampling table 21x1001; from 1 GeV to 100 TeV 
      ===== EM models for the G4Region  DefaultRegionForTheWorld ======
          muPairProd : Emin=    0 eV  Emax=  100 TeV  ModifiedMephi

msc:  for mu-  SubType= 10
      ===== EM models for the G4Region  DefaultRegionForTheWorld ======
            UrbanMsc : Emin=    0 eV  Emax=  100 TeV Nbins=240 100 eV  - 100 TeV
              StepLim=Minimal Rfact=0.2 Gfact=2.5 Sfact=0.6 DispFlag:1 Skin=1 Llimit=1

muIoni:  for mu-  SubType=2
      dE/dx and range tables from 10 eV  to 100 TeV in 260 bins
      Lambda tables from threshold to 100 TeV, 20 bins/decade, spline: 1
      StepFunction=(0.2, 0.05 mm), integ: 1, fluct: 1, linLossLim= 0.01
      ===== EM models for the G4Region  DefaultRegionForTheWorld ======
            ICRU73QO : Emin=    0 eV  Emax=  200 keV  deltaVI
          BetheBloch : Emin=  200 keV Emax=    1 GeV  deltaVI
        MuBetheBloch : Emin=    1 GeV Emax=  100 TeV

muBrems:  for mu-  SubType=3
      dE/dx and range tables from 10 eV  to 100 TeV in 260 bins
      Lambda tables from threshold to 100 TeV, 20 bins/decade, spline: 1
      ===== EM models for the G4Region  DefaultRegionForTheWorld ======
              MuBrem : Emin=    0 eV  Emax=  100 TeV  ModifiedMephi
      ===== Limit on energy threshold has been applied 

muPairProd:  for mu-  SubType=4
      dE/dx and range tables from 10 eV  to 100 TeV in 260 bins
      Lambda tables from threshold to 100 TeV, 20 bins/decade, spline: 1
      Sampling table 21x1001; from 1 GeV to 100 TeV 
      ===== EM models for the G4Region  DefaultRegionForTheWorld ======
          muPairProd : Emin=    0 eV  Emax=  100 TeV  ModifiedMephi

msc:  for pi+  SubType= 10
      ===== EM models for the G4Region  DefaultRegionForTheWorld ======
            UrbanMsc : Emin=    0 eV  Emax=  100 TeV Nbins=240 100 eV  - 100 TeV
              StepLim=Minimal Rfact=0.2 Gfact=2.5 Sfact=0.6 DispFlag:1 Skin=1 Llimit=1

hIoni:  for pi+  SubType=2
      dE/dx and range tables from 10 eV  to 100 TeV in 260 bins
      Lambda tables from threshold to 100 TeV, 20 bins/decade, spline: 1
      StepFunction=(0.2, 0.05 mm), integ: 1, fluct: 1, linLossLim= 0.01
      ===== EM models for the G4Region  DefaultRegionForTheWorld ======
               Bragg : Emin=    0 eV  Emax=297.505 keV  deltaVI
          BetheBloch : Emin=297.505 keV Emax=  100 TeV  deltaVI

hBrems:  for pi+  SubType=3
      dE/dx and range tables from 10 eV  to 100 TeV in 260 bins
      Lambda tables from threshold to 100 TeV, 20 bins/decade, spline: 1
      ===== EM models for the G4Region  DefaultRegionForTheWorld ======
               hBrem : Emin=    0 eV  Emax=  100 TeV  ModifiedMephi
      ===== Limit on energy threshold has been applied 

hPairProd:  for pi+  SubType=4
      dE/dx and range tables from 10 eV  to 100 TeV in 260 bins
      Lambda tables from threshold to 100 TeV, 20 bins/decade, spline: 1
      Sampling table 20x1001; from 1.11656 GeV to 100 TeV 
      ===== EM models for the G4Region  DefaultRegionForTheWorld ======
           hPairProd : Emin=    0 eV  Emax=  100 TeV  ModifiedMephi

msc:  for pi-  SubType= 10
      ===== EM models for the G4Region  DefaultRegionForTheWorld ======
            UrbanMsc : Emin=    0 eV  Emax=  100 TeV Nbins=240 100 eV  - 100 TeV
              StepLim=Minimal Rfact=0.2 Gfact=2.5 Sfact=0.6 DispFlag:1 Skin=1 Llimit=1

hIoni:  for pi-  SubType=2
      dE/dx and range tables from 10 eV  to 100 TeV in 260 bins
      Lambda tables from threshold to 100 TeV, 20 bins/decade, spline: 1
      StepFunction=(0.2, 0.05 mm), integ: 1, fluct: 1, linLossLim= 0.01
      ===== EM models for the G4Region  DefaultRegionForTheWorld ======
            ICRU73QO : Emin=    0 eV  Emax=297.505 keV  deltaVI
          BetheBloch : Emin=297.505 keV Emax=  100 TeV  deltaVI

hBrems:  for pi-  SubType=3
      dE/dx and range tables from 10 eV  to 100 TeV in 260 bins
      Lambda tables from threshold to 100 TeV, 20 bins/decade, spline: 1
      ===== EM models for the G4Region  DefaultRegionForTheWorld ======
               hBrem : Emin=    0 eV  Emax=  100 TeV  ModifiedMephi
      ===== Limit on energy threshold has been applied 

hPairProd:  for pi-  SubType=4
      dE/dx and range tables from 10 eV  to 100 TeV in 260 bins
      Lambda tables from threshold to 100 TeV, 20 bins/decade, spline: 1
      Sampling table 20x1001; from 1.11656 GeV to 100 TeV 
      ===== EM models for the G4Region  DefaultRegionForTheWorld ======
           hPairProd : Emin=    0 eV  Emax=  100 TeV  ModifiedMephi
G4VisManager: Using G4TrajectoryDrawByCharge as fallback trajectory model.
See commands in /vis/modeling/trajectories/ for other options.

### ===  Deexcitation model UAtomDeexcitation is activated for 25 regions:
          DefaultRegionForTheWorld  1  1  1
          cylindricalPET  1  1  1
          module  1  1  1
          unit  1  1  1
          block  1  1  1
          optical  1  1  1
          crystal  1  1  1
          capillaire1  1  1  1
          capillaire1_water  1  1  1
          capillaire2  1  1  1
          capillaire2_water  1  1  1
          capillaire3  1  1  1
          capillaire3_water  1  1  1
          capillaire4  1  1  1
          capillaire4_water  1  1  1
          capillaire5  1  1  1
          capillaire5_water  1  1  1
          capillaire_m1  1  1  1
          capillaire_m1_water  1  1  1
          capillaire_m2  1  1  1
          capillaire_m2_water  1  1  1
          capillaire_m3  1  1  1
          capillaire_m3_water  1  1  1
          capillaire_m4  1  1  1
          capillaire_m4_water  1  1  1
### ===  Ignore cuts flag:   0
(-233.296,214.554,-83.2891)
(-199.042,253.743,-108.297)
(-234.704,215.684,-82.6387)
(-278.048,302.993,-97.2915)
(-248.592,210.691,-65.7229)
(-376.159,249.924,-176.823)
(133.483,-297.628,113.718)
(66.0459,-345.465,203.394)
(314.344,30.5784,-122.325)
(215.968,38.0804,-179.748)
(321.16,31.9447,-119.85)
(219.844,2.96239,-105.653)
(314.654,39.2752,-119.412)
(249.13,94.2221,-172.449)
(-94.471,-299.219,-20.8747)
(-81.6512,-178.134,-54.7354)
(311.423,-59.954,-116.83)
(302.195,-136.239,-39.8482)
(234.373,222.303,-4.42126)
(352.205,286.696,1.20592)
(-222.019,229.974,-101.565)
(-255.111,185.562,-192.858)
(163.072,-284.179,122.189)
(42.707,-232.858,150.06)
(281.757,-147.548,12.6866)
(248.827,-244.381,88.571)
(290.485,119.696,101.171)
(219.981,72.3101,149.424)
(294.932,118.6,102.92)
(380.464,209.096,89.0999)
(-311.262,-59.2557,-105.76)
(-337.193,-51.3048,-158.834)
(-313.574,-58.5936,-103.196)
(-324.973,-92.4655,-204.754)
(-311.031,-55.9,-107.122)
(-289.185,-66.8381,-54.243)
(-227.186,217.618,-12.502)
(-237.762,245.371,41.5735)
(-228.067,217.822,-9.83832)
(-312.689,254.467,-82.0352)
(282.57,-143.883,5.85135)
(291.133,-175.591,49.3119)
(-74.6962,302.888,56.1356)
(-153.664,313.748,62.5211)
(-62.2509,321.413,92.892)
(-22.961,421.956,25.4149)
(-60.6107,325.526,90.4438)
(-111.295,326.967,29.3806)
(81.7012,-318.161,-92.9379)
(82.3471,-354.913,-114.447)
(80.5517,-319.289,-92.6244)
(32.0311,-325.59,-42.712)
(-217.397,-247.38,-115.292)
(-228.371,-260.007,-82.8236)
(162.774,273.635,-38.8396)
(149.85,224.833,-8.2325)
(308.706,102.197,33.0728)
(279.533,73.9734,-64.2904)
(308.384,52.0344,33.1948)
(349.959,13.8334,-11.1196)
(317.737,48.7452,26.9574)
(358.52,-13.2211,80.0296)
(315.865,59.3249,23.5475)
(387.258,53.275,74.9204)
(-317.777,8.1767,4.3706)
(-218.244,25.2468,103.437)
(-318.925,6.1599,3.04256)
(-325.298,-81.9834,32.6696)
(-318.255,5.81797,-1.42224)
(-358.705,-1.91457,11.4965)
(331.32,-11.4887,-5.44056)
(374.185,-74.002,53.3419)
(308.746,78.1171,50.2522)
(361.739,16.305,26.2641)
(-315.734,2.06773,11.5162)
(-279.182,-10.6864,34.1294)
(-321.309,9.35229,13.9598)
(-247.446,-22.7127,-36.5502)
(176.257,272.503,-86.6732)
(233.272,307.803,-60.2004)
(-231.649,-219.17,70.582)
(-336.259,-157.196,85.7021)
(321.689,26.3141,115.481)
(312.407,-21.2088,162.597)
(312.069,11.3319,-0.789816)
(329.7,-56.6577,79.5745)
(323.929,-30.055,-63.1937)
(311.324,-45.7699,-36.2413)
(317.124,-30.3754,-66.4736)
(377.363,39.984,-92.1212)
(287.929,-127.214,-112.17)
(314.362,-100.775,-97.2785)
(290.323,-127.026,-118.482)
(242.121,-122.15,-117.296)
(297.496,147.541,53.87)
(288.141,119.573,36.8877)
(-230.985,-210.727,-72.1472)
(-225.59,-221.93,-126.507)
(319.983,-30.64,-83.7347)
(353.927,-145.91,-3.10346)
(-309.992,-114.122,-99.0529)
(-351.714,-128.31,-128.979)
(-310.948,-120.343,-95.0819)
(-364.135,-244.135,-36.6293)
(277.208,-144.807,64.9609)
(324.468,-159.413,-63.8444)
(-305.956,73.553,-32.1749)
(-297.719,8.99193,10.1403)
(-304.492,74.1626,-23.5906)
(-290.074,122.04,10.3267)
(-253.729,-184.006,-23.7995)
(-262.291,-137.775,53.9427)
(292.183,146.915,18.5727)
(261.677,128.055,-52.4456)
(298.6,150.04,23.0587)
(374.732,157.27,74.5503)
(296.424,152.517,30.7667)
(293.198,190.269,-58.978)
(-144.556,-278.156,-112.545)
(-130.208,-281.613,-200.862)
(-235.882,-208.446,63.3299)
(-243.816,-318.108,98.4174)
(300.869,114.944,-35.2469)
(255.386,203.316,41.7721)
(-324.928,20.6173,26.8407)
(-261.154,30.2843,109.025)
(313.18,-17.6406,-23.0221)
(299.26,-19.3428,-98.0006)
(66.1104,-305.942,5.59191)
(214.332,-283.221,46.6057)
(146.668,-279.738,90.5211)
(51.2561,-201.362,104.698)
(133.48,284.594,-92.9113)
(77.1887,320.473,-157.027)
(-138.805,-287.453,101.979)
(-113.569,-275.856,153.29)
(236.012,205.194,-69.5399)
(274.696,249.962,-15.3812)
(39.7789,314.004,-123.84)
(142.506,271.682,-34.7471)
(29.6604,316.699,-115.622)
(26.776,336.58,-112.116)
(-318.312,5.08393,85.5785)
(-300.034,25.9505,48.7215)
(-251.333,-188.104,-106.745)
(-235.076,-195.723,-142.79)
(-321.3,-17.6464,-51.2587)
(-367.319,-53.5209,-25.0892)
(-293.847,122.255,-65.7612)
(-342.32,84.5332,-82.1613)
(305.518,-73.5931,37.5884)
(371.36,-97.4804,28.5794)
(309.44,75.2633,103.636)
(306.076,81.0529,99.6821)
(309.368,80.313,106.644)
(339.821,230.492,209.146)
(302.744,90.875,115.764)
(297.884,99.8801,215.785)
(312.126,-22.8101,-66.5533)
(240.6,-0.459049,-115.527)
(287.972,-135.679,35.401)
(234.9,-44.8691,-62.1746)
(-168.364,283.07,-77.453)
(-155.812,352.313,-111.287)
(-291.787,-131.811,-35.9712)
(-269.218,-102.655,-27.8285)
(-233.652,-244.271,-54.9813)
(-214.071,-179.069,-194.91)
(260.099,181.463,43.4007)
(236.044,213.613,159.831)
(-307.951,-80.4809,28.8666)
(-412.384,-65.9646,156.695)
(18.4425,-318.773,55.2954)
(69.588,-305.25,100.237)
(15.1936,-319.704,55.1468)
(91.2621,-328.24,1.41836)
(-206.668,240.016,-41.6657)
(-184.307,260.791,73.2451)
(88.2714,302.891,-86.9519)
(0.179401,251.012,-55.3433)
(130.889,-284.205,82.9973)
(101.439,-300.354,116.998)
(-216.897,-227.651,39.1434)
(-279.351,-251.204,56.4546)
(120.04,294.42,-58.2706)
(245.922,277.47,-75.8423)
(114.871,306.509,-58.8825)
(127.362,376.637,4.44806)
(158.486,-276.031,56.828)
(85.699,-283.715,90.8052)
(-328.076,-62.3262,52.3331)
(-444.992,-86.5451,143.538)
(302.288,-136.34,-107.97)
(285.763,-77.1216,-36.6289)
(301.621,-136.757,-108.027)
(277.9,-177.944,-172.402)
(-299.485,96.816,79.4763)
(-354.969,54.1042,190.964)
(-305.336,101.958,78.7056)
(-328.876,161.035,129.639)
(206.64,-256.498,61.8228)
(165.89,-221.764,137.822)
(61.0905,311.646,-72.1902)
(58.3152,420.85,-63.3487)
(245.884,-224.528,79.637)
(251.423,-65.4043,17.6445)
(-132.536,287.381,-97.6943)
(-252.755,285.195,-157.035)
(184.498,-253.308,-91.67)
(186.078,-293.12,-46.2492)
(-111.679,303.422,113.337)
(-78.0148,238.101,188.519)
(319.177,14.2146,-53.9164)
(313.136,-44.7665,-48.9633)
(287.939,167.529,-47.0092)
(207.357,61.3426,-203.696)
(-209.622,-234.342,67.8373)
(-139.787,-319.887,93.8359)
(256.816,202.541,102.014)
(262.124,233.109,169.149)
(202.475,240.485,19.1743)
(225.79,300.867,40.703)
(-74.8041,-303.121,-21.2991)
(-69.1713,-228.49,-34.6607)
(-72.746,-307.852,-23.0704)
(-93.5325,-299.276,-7.4645)
(-68.0998,-312.11,-35.0474)
(8.68759,-315.028,-125.521)
(278.395,148.361,-89.5153)
(220.603,187.338,-41.0051)
(94.3949,-322.402,28.5007)
(158.645,-377.582,28.4418)
(94.5847,-321.885,28.2138)
(231.704,-398.928,2.97225)
(-117.423,294.802,-1.43216)
(-72.0394,223.653,47.1521)
(227.559,-220.514,1.46908)
(262.783,-213.074,-126.955)
(231.776,-224.718,3.44797)
(314.696,-352.34,-68.3646)
(276.122,-149.9,-107.15)
(347.05,-160.726,-170.117)
(-330.83,-45.5179,-99.0275)
(-286.384,-50.4719,-155.402)
(236.81,207.834,-80.9938)
(280.559,158.619,-159.797)
(-76.0222,-305.997,118.535)
(-69.018,-359.755,65.6069)
(186.907,-272.113,-78.949)
(164.991,-269.073,-51.7117)
(328.469,-61.4955,-107.694)
(345.154,-31.0366,-187.389)
(307.886,60.8121,59.001)
(347.425,47.8976,-42.7051)
(317.301,54.75,65.3276)
(395.634,55.8597,34.7646)
(216.13,-234.717,6.38564)
(290.168,-334.249,-33.496)
(-78.6442,310.989,-92.8473)
(-168.604,260.805,-110.104)
(320.474,43.571,78.6226)
(303.191,31.2864,163.785)
(298.149,-117.337,-86.0711)
(263.583,-154.901,-176.362)
(298.407,-131.364,-97.1998)
(221.08,-166.661,-37.6466)
(204.794,246.738,-9.03138)
(253.661,262.163,-17.7706)
(202.563,249.44,-3.52612)
(160.986,134.563,-76.0168)
(-188.319,-250.708,11.2388)
(-98.3746,-279.386,18.6914)
(-199.011,-259.587,10.7249)
(-246.815,-336.923,23.1437)
(-178.283,-261.24,-21.33)
(-202.858,-288.007,-85.5209)
(-307.883,71.0924,-35.6288)
(-377.899,75.5582,-16.6717)
(-306.977,73.1223,-29.2106)
(-301.717,102.663,-102.63)
(266.849,-173.105,89.0107)
(153.87,-142.249,34.8229)
(-318.891,-9.45499,-73.799)
(-288.663,-18.4711,-103.282)
(317.509,3.20975,52.866)
(328.672,114.926,60.1264)
(-317.788,-5.20928,-108.563)
(-372.744,21.3371,-113.523)
(-316.746,-4.9211,-110.003)
(-297.976,85.2234,-117.791)
(-98.9534,300.811,15.7259)
(-86.5124,337.775,-22.3125)
(-114.433,308.297,33.7422)
(3.01328,392.565,74.1791)
(184.192,258.977,106.881)
(265.177,257.665,207.44)
(187.625,266.8,118.438)
(198.221,279.6,207.08)
(184.453,251.922,102.704)
(153.526,315.658,42.0375)
(-243.716,-207.333,-83.3132)
(-267.537,-198.151,-134.999)
(-244.426,-221.188,-94.9135)
(-202.41,-102.08,-77.3387)
(-242.119,-228.715,-99.6167)
(-221.537,-279.368,-124.383)
(-334.343,-21.7929,-113.6)
(-354.985,-19.0112,-102.917)
(324.952,53.105,-67.0308)
(235.554,116.691,-62.0554)
(81.2914,302.81,-39.3679)
(93.6932,366.609,-0.558831)
(-243.492,-198.015,-94.0854)
(-335.272,-198.637,-136.497)
(313.08,63.6851,95.2384)
(347.81,109.887,27.8608)
(318.757,16.5904,67.5233)
(359.644,-5.3205,-13.9942)
(96.3384,-308.361,72.6649)
(13.1036,-265.42,58.0199)
(101.717,-310.769,73.2925)
(125.265,-249.172,24.188)
(111.926,-302.828,72.8309)
(203.11,-308.832,51.7622)
(123.803,288.512,-70.0479)
(167.201,277.329,-107.692)
(124.366,288.43,-69.2576)
(9.32548,234.949,-125.7)
(-289.555,-122.857,93.7196)
(-244.177,-94.7464,81.3723)
(-290.85,-127.017,89.8826)
(-298.248,-323.77,72.9364)
(-290.466,-126.32,91.0443)
(-301.593,-146.192,71.278)
(272.653,-155.081,35.7131)
(276.593,-142.302,5.44085)
(109.305,295.984,-124.406)
(197.86,314.901,-115.467)
(113.169,297.202,-125.196)
(105.673,375.739,-113.337)
(-322.232,-29.0832,88.8679)
(-363.627,-0.477914,41.3276)
(312.252,27.0833,-79.8457)
(296.421,-10.2376,-15.9394)
(322.727,22.2313,-86.5199)
(290.632,53.9222,-105.485)
(-306.284,73.2744,-101.223)
(-252.665,51.9395,-59.7045)
(174.551,260.61,78.7938)
(83.8016,262.41,73.4936)
(31.4383,-321.31,-95.3388)
(-14.6375,-307.579,-133.365)
(41.3133,321.683,9.21778)
(89.1797,312.695,-10.2864)
(-233.003,-213.664,44.6394)
(-182.901,-254.518,68.3886)
(237.534,-226.173,100.795)
(261.638,-223.558,96.0683)
(240.316,-226.679,101.904)
(250.669,-216.143,143.564)
(240.959,-228.12,105.167)
(287.611,-293.019,146.249)
(-180.493,277.958,-125.042)
(-145.777,245.942,-87.4302)
(-271.589,-162.527,65.8426)
(-308.4,-139.739,154.434)
(-274.168,-161.266,68.9574)
(-381.078,-76.6295,89.2627)
(238.673,211.272,-84.9325)
(334.205,261.858,-102.64)
(248.224,207.02,-77.6847)
(231.531,191.679,-195.558)
(-219.923,-247.248,-117.985)
(-222.492,-258.228,-136.439)
(-216.835,-250.029,-114.737)
(-184.706,-146.33,22.0893)
(260.398,192.441,92.0571)
(285.629,218.61,55.1206)
(263.752,200.201,100.698)
(372.296,216.159,54.9256)
(-112.832,294.95,17.6282)
(-139.768,318.345,24.6351)
(315.268,-76.064,3.12073)
(308.384,-10.5024,101.521)
(-290.264,148.284,-2.25362)
(-285.783,183.266,47.7924)
(302.152,-78.7777,-104.718)
(341.278,-5.62323,-104.369)
(308.655,-77.8732,-102.784)
(360.035,-28.2998,-133.256)
(-237.404,-206.194,117.672)
(-141.467,-126.51,-12.1594)
(-116.827,-297.054,77.5365)
(-138.38,-388.358,-20.9469)
(-109.507,-300.766,80.182)
(-82.5929,-297.138,67.9051)
(-162.079,293.4,-80.4641)
(-174.075,274.394,-30.1852)
(-280.884,183.937,-90.9054)
(-293.028,186.526,-67.3862)
(306.481,-93.2821,44.3325)
(332.719,-61.3311,61.9198)
(-312.334,-118.833,-77.7753)
(-341.17,-21.3425,-49.3423)
(312.189,45.1671,26.8266)
(269.317,162.54,-51.3414)
(310.761,42.6845,23.4061)
(416.234,-15.4425,30.4596)
(-50.9577,321.362,37.3443)
(-55.5421,296.816,48.5738)
(-48.0552,326.513,44.9478)
(-1.2953,358.233,130.053)
(141.948,-291.89,-35.9444)
(126.051,-348.212,-116.648)
(149.794,-301.305,-43.309)
(227.984,-290.695,-48.5202)
(-326.258,-26.9896,-63.9147)
(-362.107,-65.1558,-59.1667)
(-326.706,-27.4332,-63.9805)
(-300.66,-17.6967,-6.38979)
(162.121,-293.552,-88.0202)
(152.822,-302.674,-107.45)
(-296.915,-130.371,-91.9924)
(-268.129,-94.4886,-163.55)
(17.0194,-316.75,64.4007)
(16.4101,-294.163,-35.0441)
(14.0446,-328.148,67.8919)
(44.305,-334.95,53.1042)
(6.72871,-317.042,79.8535)
(-96.2744,-344.066,109.544)
(285.961,157.251,124.58)
(312.254,157.427,114.817)
(-209.223,-236.125,-15.0757)
(-232.385,-281.001,-18.5157)
(-209.157,-235.831,-18.862)
(-140.428,-168.931,-67.5842)
(140.312,282.323,16.6635)
(170.479,374.682,-29.8148)
(150.533,292.118,27.4825)
(195.903,212.968,30.1957)
(149.04,292.827,26.9027)
(136.938,350.731,-5.97817)
(-313.062,22.8602,-83.8241)
(-343.285,-6.3937,-63.1579)
(-317.29,20.2779,-88.2165)
(-275.788,41.3337,-81.2632)
(-316.518,23.54,-88.3302)
(-341.052,-29.4196,-12.1513)
(-180.211,256.45,39.5901)
(-187.979,297.012,121.246)
(-304.357,74.8666,93.7675)
(-256.569,-2.13029,75.8011)
(300.358,87.5741,-77.8074)
(254.101,-32.1497,-113.708)
(256.64,197.202,89.1785)
(308.438,190.96,94.6393)
(256.092,197.905,87.7957)
(371.98,164.196,28.3261)
(314.357,78.842,-113.747)
(337.071,53.1778,-22.8388)
(315.863,82.9049,-114.116)
(285.581,71.0755,-10.442)
(-318.891,-39.7306,55.311)
(-356.603,-125.044,73.2669)
(237.35,218.248,-111.687)
(181.163,196.635,-77.8156)
(-320.117,-25.6686,59.8072)
(-338.217,40.2091,11.3717)
(208.981,-240.106,41.6968)
(193.37,-179.284,0.726685)
(211.288,-240.53,43.5039)
(299.549,-300.998,95.1907)
(-18.416,313.727,-57.5379)
(79.8813,355.172,12.3773)
(191.04,-252.024,-66.8904)
(126.83,-364.737,90.9062)
(76.2558,312.181,80.9251)
(97.8024,342.551,78.5561)
(-180.429,-275.778,94.2309)
(-237.114,-230.906,101.445)
(191.451,262.805,-90.908)
(261.466,211.949,-123.543)
(198.512,266.432,-90.4751)
(246.913,326.831,-121.632)
(316.268,-62.0898,64.4861)
(209.989,37.4033,104.201)
(-302.147,99.7957,-106.804)
(-314.709,138.132,-115.539)
(293.594,148.328,-88.3633)
(170.219,196.059,-36.1843)
(317.264,21.0174,-124.961)
(315.963,-13.58,-205.261)
(-327.465,47.5691,18.5105)
(-231.182,132.236,-12.9408)
(-328.209,46.3931,19.1158)
(-318.963,112.229,73.2638)
(296.494,-109.544,-44.6976)
(284.158,-198.243,-86.8031)
(83.5786,-306.588,-91.3562)
(192.602,-293.077,-138.965)
(81.7424,-316.537,-96.4252)
(39.1971,-284.202,-42.3308)
(93.5971,-320.349,-106.716)
(171.702,-281.68,-31.0901)
(95.5759,-320.989,-107.904)
(53.2952,-213.383,-97.8285)
(76.1087,312.071,94.8893)
(85.1691,338.024,143.523)
(72.8979,315.734,91.5089)
(51.3681,335.845,184.973)
(-328.97,-27.9471,-54.0854)
(-417.224,18.5144,0.0674753)
(-295.528,128.378,-42.0672)
(-163.89,169.609,-85.9942)
(-303.984,121.387,-43.5596)
(-277.796,68.4135,16.131)
(284.865,-149.784,30.5084)
(328.508,-227.553,54.1313)
(289.918,-154.048,31.8207)
(367.357,-210.823,56.7326)
(1.66596,-313.386,10.3326)
(-58.6203,-373.987,-63.8275)
(98.0068,310.573,-14.4604)
(143.589,365.073,-15.2585)
(104.554,316.795,-7.07912)
(103.269,294.978,-57.9177)
(-310.414,45.6497,-97.3918)
(-293.217,23.3344,-79.436)
(260.619,174.187,9.16674)
(220.732,167.308,-10.5362)
(265.795,175.923,5.77866)
(181.532,198.26,50.1476)
(272.844,178.799,3.87805)
(218.61,224.054,50.0762)
(-295.682,-110.5,-6.87734)
(-273.308,-89.3534,82.705)
(284.338,129.208,-66.1283)
(301.54,187.129,-112.655)
(-74.1806,314.084,-1.64723)
(-71.0659,368.261,-92.8844)
(-78.9452,317.989,5.76535)
(-85.2256,273.13,102.041)
(198.316,-241.249,0.213299)
(171.78,-192.36,140.523)
(-295.501,-139.176,-36.7978)
(-258.244,-166.742,-140.629)
(259.882,175.718,46.6627)
(238.691,231.206,61.1803)
(260.484,182.161,49.0766)
(304.903,163.695,61.9599)
(313.298,-47.8024,8.07278)
(331.648,-27.5916,2.1422)
(316.887,-46.2592,8.67196)
(263.431,-82.9701,-18.728)
(-305.006,98.3671,-17.8808)
(-372.209,-21.3056,-54.7714)
(-322.135,-17.2666,-36.7717)
(-282.588,-68.0172,-71.6057)
(-60.5218,-309.374,11.8626)
(-45.321,-377.287,-153.597)
(-316.162,47.8607,-36.4559)
(-324.093,66.9245,-107.733)
(-231.456,215.002,63.6793)
(-369.432,125.254,67.8613)
(-248.079,222.267,57.0411)
(-249.19,187.875,76.1415)
(-68.429,-304.209,89.865)
(-144.101,-402.758,32.4136)
(-44.9123,-317.667,82.4661)
(-153.531,-293.686,90.1218)
(-43.0349,-319.192,83.863)
(80.0824,-283.443,165.845)
(-30.9914,-317.206,81.5376)
(-17.9263,-248.126,49.4812)
(-315.857,28.7767,43.5471)
(-320.68,-3.77054,22.8165)
(310.746,-59.4414,-94.7485)
(425.284,-43.7636,-74.8271)
(-118.324,296.752,-105.229)
(-103.879,325.116,-125.674)
(63.0911,-326.458,80.4936)
(178.422,-260.608,104.944)
(60.9226,-328.669,84.8669)
(52.5035,-304.713,-7.223)
(65.6481,-324.691,90.9116)
(41.4538,-375.865,167.769)
(283.067,-135.697,-104.441)
(295.492,-109.098,-70.0735)
(-304.846,75.0756,-49.2136)
(-348.857,177.763,71.9524)
(262.56,-183.697,113)
(193.78,-107.101,15.8966)
(-1.1691,332.459,16.3018)
(15.867,395.661,17.9153)
(-95.582,-314.028,-16.869)
(-124.627,-250.061,-151.445)
(46.9416,-310.705,121.891)
(51.3546,-377.913,87.6987)
(-186.553,259.537,-101.958)
(-163.718,316.076,-4.22504)
(-44.4605,-330.135,-85.2246)
(-40.3459,-384.042,-90.9338)
(-306.606,-79.4112,-101.695)
(-400.894,-92.4256,-143.21)
(-308.463,-79.975,-106.367)
(-262.499,-221.385,-176.677)
(-309.503,-78.603,-110.142)
(-229.387,-94.7876,-97.3328)
(-324.057,-31.2947,113.009)
(-314.96,-164.028,63.8245)
(-309.563,-50.771,57.3373)
(-279.035,11.5564,132.521)
(119.118,-294.326,31.825)
(61.5541,-368.201,102.066)
(123.105,-293.437,27.8359)
(173.072,-405.54,10.5844)
(121.357,-294.45,22.8181)
(175.051,-319.064,105.727)
(-22.856,312.601,-30.7002)
(-8.60834,423.547,32.0501)
(-3.71622,336.542,-23.196)
(23.6322,392.006,-118.28)
(194.244,-248.242,36.9149)
(91.0036,-243.89,10.601)
(-263.457,-176.41,-61.132)
(-220.253,-66.5228,-26.6622)
(-259.983,-179.184,-60.8176)
(-259.352,-297.783,-103.281)
(315.854,89.4077,90.1616)
(391.646,106.067,36.9287)
(308.422,120.452,103.765)
(292.327,210.551,87.3034)
(187.577,-278.598,31.0441)
(229.716,-339.921,95.2236)
(245.622,-195.259,111.581)
(226.854,-293.194,8.38098)
(290.593,-151.666,8.75559)
(278.337,-154.994,14.3955)
(-273.516,153.239,-12.4568)
(-250.378,81.3373,49.8167)
(-271.338,155.192,-106.554)
(-286.45,103.949,-172.9)
(-302.603,116.895,-2.70717)
(-351.922,79.3507,-59.8078)
(-315.294,118.642,9.82906)
(-288.358,133.463,6.87618)
(-96.2667,-298.41,33.0011)
(-41.1462,-325.707,14.9939)
(-98.377,-302.227,39.4697)
(-211.808,-408.51,95.6916)
(-1.41071,334.245,-36.0056)
(29.836,358.805,-5.07064)
(-56.2087,307.043,-1.14363)
(-23.2114,327.596,-29.9519)
(26.765,-330.732,-27.3038)
(17.3071,-348.123,-140.851)
(129.168,306.223,23.2202)
(223.459,361.933,55.3067)
(324.434,-12.6846,20.4879)
(347.864,13.9884,122.181)
(-330.246,14.578,-19.8635)
(-279.993,-18.7297,-83.3027)
(-299.005,-131.031,81.0584)
(-304.913,-152.591,67.6086)
(-301.924,-133.504,87.0247)
(-257.718,-103.395,75.3758)
(32.0789,326.436,-63.8805)
(46.8868,237.804,-77.2267)
(31.0805,324.853,-65.7511)
(-35.9738,375.565,-19.4276)
(68.2339,-329.113,64.8227)
(-7.62478,-311.079,3.3476)
(-185.92,277.828,-69.689)
(-64.7862,274.919,-93.2913)
(-14.5145,314.804,-90.6775)
(-16.1544,243.486,-102.166)
(296.146,128.945,-61.2163)
(281.504,169.829,-152.281)
(298.107,134.742,-57.7525)
(423.086,209.283,-37.1664)
(298.775,133.932,-58.4569)
(306.026,106.183,-7.04902)
(263.377,198.441,-32.4361)
(229.952,190.937,-21.377)
(263.265,198.249,-31.7709)
(240.3,197.472,-25.4223)
(-295.555,-155.724,21.8602)
(-271.783,-264.149,-12.0931)
(-294.446,-115.579,3.47911)
(-279.855,-77.2186,-22.1881)
(-289.47,-120.352,7.10569)
(-341.839,-126.135,62.8618)
(258.981,182.304,-9.43784)
(184.22,278.314,5.69565)
(258.185,179.64,-6.62399)
(245.592,176.85,-86.1282)
(-116.877,304.237,-18.8687)
(-51.5912,292.282,66.9232)
(-116.33,306.864,-20.436)
(-111.149,313.433,-14.0524)
(-115.313,307.908,-16.5373)
(-158.62,241.838,73.3225)
(323.712,-52.9437,-102.732)
(352.483,104.827,-29.2968)
(322.286,-63.9061,-105.4)
(249.398,-69.735,25.7615)
(320.751,-65.1116,-105.995)
(372.01,-49.605,-104.307)
(-309.62,-47.05,-97.6102)
(-232.708,-79.7938,-149.772)
(-311.52,-48.4569,-98.8505)
(-321.455,-18.6322,-126.651)
(212.699,-246.744,66.8684)
(117.644,-151.204,47.2035)
(214.294,-252.226,73.9376)
(217.962,-190.651,108.011)
(213.457,-259.053,72.7207)
(341.843,-230.248,79.406)
(298.683,-143.234,-35.4779)
(206.558,-79.3459,22.3063)
(-70.4668,-313.134,-77.3735)
(17.2492,-369.111,-18.5455)
(278.255,-147.279,-111.79)
(289.245,-220.133,-20.1292)
(-191.725,-261.967,-53.698)
(-190.826,-269.73,-26.7453)
(-78.1655,314.969,65.9392)
(-178.203,358.271,21.1511)
(-75.3528,319.213,67.1509)
(-36.3129,262.09,147.173)
(-40.4298,-312.476,96.3851)
(3.70157,-331.644,82.2826)
(-200.881,259.285,95.7941)
(-145.846,251.244,26.9131)
(-211.982,261.36,102.437)
(-211.847,330.344,57.7193)
(322.935,47.055,-31.4171)
(311.146,90.693,-91.356)
(-330.881,-29.6534,22.2331)
(-306.791,-29.2228,93.848)
(285.872,127.078,-79.2542)
(246.392,116.885,-70.1609)
(-316.05,11.6608,-102.236)
(-272.214,-63.4946,-75.1095)
(-322.584,7.72892,-106.688)
(-197.277,87.0403,-209.646)
(-182.09,258.837,-83.4375)
(-49.2824,338.518,-135.839)
(302.054,-130.634,40.7036)
(250.6,-139.057,-31.6932)
(306.682,-136.655,60.6416)
(340.524,-223.196,158.544)
(-300.169,-133.476,65.8132)
(-280.403,-113.055,146.759)
(320.832,45.5621,-92.7319)
(293.598,23.7988,-27.3951)
(321.727,41.9662,-93.2356)
(311.612,-31.7905,-39.7848)
(-313.97,-21.2423,44.3749)
(-373.012,45.6475,-28.2603)
(269.949,-158.526,12.8771)
(269.473,-155.81,-7.5063)
(282.528,-160.905,14.9503)
(273.644,-90.4849,-93.2512)
(251.202,208.337,52.7175)
(180.853,197.06,120.32)
(-191.979,-248.217,-60.3899)
(-165.221,-172.291,-95.996)
(-188.062,257.128,50.3825)
(-167.677,206.529,-93.9284)
(-186.805,261.326,50.2964)
(-256.703,211.601,-64.6327)
(-184.625,270.401,46.8317)
(-222.462,350.857,8.43565)
(-181.179,266.897,45.9274)
(-214.464,276.374,51.5858)
(111.98,-300.674,-57.1581)
(72.0398,-340.052,20.5278)
(111.938,-299.698,-45.1538)
(166.592,-219.169,-52.0221)
(110.754,-295.854,-42.2217)
(66.6502,-358.892,-80.2306)
(320.273,45.5845,64.9464)
(233.538,53.6846,-71.8462)
(332.274,29.055,63)
(294.541,100.526,14.1075)
(310.321,77.0149,96.5843)
(343.62,29.2877,117.281)
(311.494,80.1008,94.8776)
(270.632,30.408,55.6503)
(-301.483,97.633,-122.615)
(-329.555,34.5927,-163.753)
(-312.824,93.7466,-121.524)
(-332.608,40.1223,-143.794)
(-314.336,92.4358,-121.264)
(-303.735,139.673,-96.4842)
(-330.682,-26.5689,-80.2288)
(-215.244,-40.6265,-100.441)
(-319.571,-41.4144,-89.5128)
(-259.315,-22.8821,-97.863)
(20.2743,314.031,-89.9351)
(110.01,202.74,-194.944)
(21.0256,313.244,-91.8972)
(-74.903,276.792,11.8776)
(78.6166,-309.677,89.651)
(109.983,-266.991,129.976)
(78.2494,-318.598,87.1466)
(124.732,-280.304,22.7266)
(76.6989,305.767,31.1619)
(-56.1208,339.649,-36.2545)
(66.8,305.347,33.9772)
(47.7859,261.433,112.81)
(140.891,-286.549,-31.1713)
(109.694,-297.39,17.5654)
(-29.1133,325.019,-30.7441)
(-30.5993,235.697,-30.9294)
(122.341,-298.352,31.32)
(115.627,-299.848,93.2198)
(-287.045,-126.983,-44.6801)
(-217.079,-156.462,-34.4531)
(-303.02,-138.615,-47.157)
(-294.329,-192.363,-31.4099)
(182.302,278.419,101.617)
(133.999,262.139,68.7311)
(313.623,9.26761,107.458)
(302.075,5.63723,126.002)
(315.883,1.68181,108.217)
(294.024,156.349,155.889)
(323.31,-7.62416,103.812)
(335.156,-74.6307,113.679)
(-139.059,-285.718,81.8557)
(-143.191,-319.788,93.4284)
(240.917,210.616,-59.9672)
(181.419,235.738,-160.479)
(-262.453,-171.492,17.0987)
(-256.487,-108.309,73.4166)
(-266.955,-178.691,18.0489)
(-268.285,-187.819,100.561)
(-273.022,-181.141,7.21819)
(-254.761,-252.079,13.9138)
(-321.194,92.7014,86.6895)
(-337.924,129.53,162.181)
(112.975,299.003,-8.78815)
(193.457,156.847,-123.415)
(90.8803,-300.897,42.927)
(23.8824,-325.628,91.017)
(-214.33,235.464,-33.7245)
(-192.947,323.305,27.5915)
(-239.037,231.753,-9.19856)
(-294.503,204.259,5.97729)
(-97.109,321.29,-99.7375)
(-169.992,298.522,-23.6862)
(-104.104,319.814,-95.6976)
(-266.061,212.484,-138.532)
(279.73,-188.466,58.6651)
(247.111,-223.453,102.141)
(286.959,-138.524,-115.24)
(216.92,-283.184,-72.6822)
(296.684,-151.701,-122.233)
(358.109,-119.584,-119.755)
(318.453,-105.31,-15.0231)
(323.71,-95.6339,-5.33669)
(-313.062,39.695,5.05834)
(-253.521,31.9101,-54.9596)
(310.961,55.08,65.8291)
(306.444,-29.9102,47.438)
(-45.3117,-311.594,62.6643)
(-3.15167,-328.752,258.728)
(-46.605,-332.374,53.6019)
(-69.3773,-407.389,-41.0795)
(135.706,281.422,-56.679)
(58.3533,274.405,-56.0153)
(-315.691,-46.6795,74.3492)
(-410.693,-99.6598,167.089)
(-332.006,-28.8698,90.9256)
(-335.645,5.94116,198.52)
(-30.0267,315.339,57.0081)
(-81.6908,209.801,-56.3327)
(-27.2281,314.251,56.835)
(25.4995,317.171,162.342)
(-177.136,-264.892,-48.9194)
(-304.069,-267.69,14.6882)
(-177.789,-267.311,-42.9806)
(-269.572,-195.371,-25.8595)
(-178.78,-272.859,-36.7401)
(-135.768,-199.698,-73.4823)
(-168.83,-285.177,-22.9473)
(-79.1468,-275.813,-98.3985)
(265.612,185.58,-52.9571)
(217.993,160.999,105.125)
(268.782,184.538,-53.4734)
(205.054,209.531,-199.622)
(-182.976,-263.344,78.3097)
(-172.704,-320.462,115.975)
(-187.29,-256.367,86.4126)
(-103.306,-227.978,4.46945)
(58.1019,321.136,28.3999)
(5.06431,331.255,6.47118)
(-318.197,-60.3645,89.4748)
(-275.416,-93.8162,131.969)
(306.187,99.3919,74.3234)
(213.825,51.7951,68.6413)
(-73.7493,313.72,86.3165)
(-172.989,358.51,57.016)
(-135.641,-285.476,-59.4898)
(-161.151,-294.784,-98.8914)
(305.656,139.452,32.5043)
(329.888,101.484,46.8667)
(319.762,47.4737,61.8312)
(314.98,-20.7446,99.4128)
(160.061,272.458,-78.6438)
(10.288,231.175,-125.344)
(311.783,-38.8723,93.6696)
(449.499,-12.313,248.296)
(-316.671,104.558,-51.7709)
(-360.161,77.8437,-1.57544)
(92.7049,-310.844,-121.331)
(-40.0264,-197.292,-96.5776)
(89.4973,-308.502,-124.842)
(36.3203,-277.026,-184.61)
(-319.675,91.9406,93.4667)
(-334.946,84.6132,168.939)
(-317.892,81.2722,96.2824)
(-318.731,195.371,70.0366)
(299.594,110.871,83.9287)
(230.687,22.4065,62.322)
(293.148,114.594,5.62031)
(305.067,149.68,23.1648)
(-243.717,-222.128,-10.7088)
(-315.156,-283.719,5.52681)
(301.54,134.756,10.5711)
(277.644,170.07,-39.1376)
(-173.394,-260.598,-16.3162)
(-64.381,-248.235,-84.7179)
(315.11,94.2966,56.5232)
(425.944,162.231,-63.711)
(312.819,94.6757,59.8998)
(265.587,92.7778,80.5651)
(-302.865,-95.7158,-59.2614)
(-306.329,-150.628,-102.476)
(-306.138,-97.3109,-55.7792)
(-393.583,-142.821,-46.3954)
(-304.27,-93.863,-54.2554)
(-320.723,-66.6443,-21.1563)
(116.714,312.719,-16.6663)
(150.216,221.579,-11.7795)
(116.98,313.257,-19.5445)
(207.756,403.136,16.2983)
(-257.073,-202.552,13.7084)
(-205.246,-130.023,-12.0971)
(-95.6111,298.033,-39.9314)
(-119.774,277.219,-21.6683)
(214.757,-230.742,34.7881)
(180.933,-240.965,-116.155)
(221.17,-234.42,37.2375)
(239.638,-188.88,104.92)
(221.243,-234.481,37.3798)
(252.448,-350.584,134.755)
(231.349,-244.345,42.603)
(156.57,-253.576,31.7419)
(127.198,293.118,-7.03085)
(94.6068,258.869,22.3685)
(-144.082,-290.857,117.805)
(-67.7312,-358.896,150.538)
(278.425,142.212,-58.779)
(213.214,69.1118,29.8248)
(281.505,142.893,-56.7568)
(144.009,89.5272,-61.3493)
(321.564,-85.0122,105.633)
(275.519,-42.0688,144.123)
(-155.708,284.601,-4.16097)
(-193.98,198.283,-3.52561)
(20.8588,326.698,-12.7199)
(7.64985,282.185,-65.5979)
(11.1434,332.369,-13.7385)
(15.0423,416.418,-36.9086)
(183.114,-265.515,7.87129)
(224.008,-170.882,-25.0033)
(184.991,-268.225,9.63653)
(199.979,-312.079,5.76598)
(-282.446,162.591,36.254)
(-331.66,235.507,-1.52309)
(-280.783,162.865,36.1922)
(-263.79,208.381,-60.4935)
(-234.479,-215.868,-84.6286)
(-296.673,-267.248,-70.2922)
(-231.695,-216.523,-88.8464)
(-230.927,-134.675,-70.6856)
(244.06,207.565,78.4985)
(218.459,194.472,73.705)
(87.4663,-314.306,-31.5723)
(98.1729,-399.857,-90.6003)
(183.194,258.787,28.5762)
(92.0081,294.03,66.7658)
(96.0369,299.273,-11.4187)
(148.789,235.747,-57.4048)
(99.3616,298.158,-17.9673)
(173.232,333.829,-9.56884)
(178.701,-260.179,13.126)
(218.603,-284.86,-14.5744)
(-286.38,168.37,80.7703)
(-351.656,93.8354,19.1237)
(310.976,42.7216,-31.1416)
(352.094,-29.947,-85.286)
(327.175,52.9366,-31.825)
(373.191,28.6545,-111.686)
(314.223,-64.0756,-84.2213)
(234.576,-167.467,-62.1751)
(287.577,124.234,-107.904)
(206.172,133.171,-162.676)
(-193.095,-272.934,-32.6066)
(-103.138,-242.53,80.136)
(-14.2541,316.7,37.8115)
(141.015,278.09,-110.55)
(-21.0652,323.611,37.5942)
(62.8195,310.152,-5.27684)
(-323.149,68.6389,78.8857)
(-346.501,15.1689,35.7561)
(-201.094,-244.357,59.8026)
(-153.569,-169.948,77.5318)
(288.523,-121.561,-14.0889)
(381.39,-86.3126,91.3784)
(335.844,5.36447,-41.8144)
(376.666,-33.9955,19.8186)
(329.824,-6.7192,-88.5087)
(338.849,2.4579,-74.0559)
0 events have been kept for refreshing and/or reviewing.
  "/vis/reviewKeptEvents" to review them one by one.
  "/vis/enable", then "/vis/viewer/flush" or "/vis/viewer/rebuild" to see them accumulated.
[Core-0] End of macro ./split/.Gate/main125/main9.mac
Graphics systems deleted.
Visualization Manager deleting...
