[G4] 
[G4] **************************************************************
[G4]  Geant4 version Name: geant4-10-07-patch-02    (11-June-2021)
[G4]                        Copyright : Geant4 Collaboration
[G4]                       References : NIM A 506 (2003), 250-303
[G4]                                  : IEEE-TNS 53 (2006), 270-278
[G4]                                  : NIM A 835 (2016), 186-225
[G4]                              WWW : http://geant4.org/
[G4] **************************************************************
[G4] 
[Core-0] Initialization of geometry
[Core-0] Initialization of physics
[Core-0] Initialization of actors
[Core-0] 
[Core-0] *************************************************
[Core-0]  GATE version 9.1 (2021)
[Core-0]  Copyright : OpenGATE Collaboration
[Core-0]  Reference : Phys. Med. Biol. 49 (2004) 4543-4561
[Core-0]  Reference : Phys. Med. Biol. 56 (2011) 881-901
[Core-0]  Reference : Med. Phys. 41(6)    (2014)
[Core-0]  http://www.opengatecollaboration.org        
[Core-0] *************************************************
[Core-0] 
[Core-0] You are using Geant4 version 10.7.2
[Core-0] Starting macro ./split/.Gate/main125/main8.mac
0: RINDEX
1.84e-06   1.00028
4.08e-06   1.00028
9: GROUPVEL
1.84e-06   299.709
4.08e-06   299.709
16: ABSLENGTH
1.84e-06   50000
4.08e-06   50000
 <!> *** WARNING *** <!>  GateMaterialDatabase: Multiple definition of element: Yttrium.
The definition in ClMind_GateMaterials.db was used.


GATE object:        'systems/cylindricalPET'
Components:

GATE object:        'systems/cylindricalPET/base'
Attached to volume: cylindricalPET
Nb of children:       1

	GATE object:        'systems/cylindricalPET/rsector'
	Attached to volume: module
	Nb of children:       1

		GATE object:        'systems/cylindricalPET/module'
		Attached to volume: unit
		Nb of children:       1

			GATE object:        'systems/cylindricalPET/submodule'
			Attached to volume: block
			Nb of children:       1

				GATE object:        'systems/cylindricalPET/crystal'
				Attached to volume: optical
				Nb of children:       4

					GATE object:        'systems/cylindricalPET/layer0'
					Attached to volume: crystal
					Nb of children:       0

					GATE object:        'systems/cylindricalPET/layer1'
					Attached to volume: ---
					Nb of children:       0

					GATE object:        'systems/cylindricalPET/layer2'
					Attached to volume: ---
					Nb of children:       0

					GATE object:        'systems/cylindricalPET/layer3'
					Attached to volume: ---
					Nb of children:       0
geometrical design type: 1
ring diameter: -3.95 mm 
rsector axial pitch: 0 fm 
rsector azimuthal pitch: 12.8571 degree
rsector tangential size: 2.5 cm 
rsector axial size: 25.04 cm 
module axial size: 4.784 cm 
module tangential size: 2.5 cm 
module axial pitch: 0 fm 
module tangential pitch: 0 fm 
submodule axial size: 4.784 cm 
submodule tangential size: 2.5 cm 
submodule axial pitch: 0 fm 
submodule tangential pitch: 0 fm 
crystal radial size: 1.59 cm 
crystal axial size: 1.59 cm 
crystal tangential size: 2.5 cm 
crystal axial pitch: 0 fm 
crystal tangential pitch: 0 fm 
layer0 radial size: 3.95 mm 
in layer0 interaction length: 1.975 mm 
Axial nb of rsectors: 1
Azimuthal nb of rsectors: 28
Axial nb of modules: 1
Tangential nb of modules: 1
Axial nb of submodules: 1
Tangential nb of submodules: 1
Axial nb of crystals: 1
Tangential nb of crystals: 1
Radial nb of layers: 1
[Physic-0] The following Geant4's physic-list is enabled :emstandard_opt3


List of Enabled processes:




List of initialized processes:


[Core-0] Initialization of geometry
[Core-0] Initialization of physics
[Core-0] Initialization of actors
 <!> *** WARNING *** <!>  The 'energytype' option is DEPRECATED, use 'ene/type' instead!
 <!> *** WARNING *** <!>  The 'energytype' option is DEPRECATED, use 'ene/type' instead!
 <!> *** WARNING *** <!>  The 'energytype' option is DEPRECATED, use 'ene/type' instead!
 <!> *** WARNING *** <!>  The 'energytype' option is DEPRECATED, use 'ene/type' instead!
 <!> *** WARNING *** <!>  The 'energytype' option is DEPRECATED, use 'ene/type' instead!
 <!> *** WARNING *** <!>  The 'energytype' option is DEPRECATED, use 'ene/type' instead!
 <!> *** WARNING *** <!>  The 'energytype' option is DEPRECATED, use 'ene/type' instead!
 <!> *** WARNING *** <!>  The 'energytype' option is DEPRECATED, use 'ene/type' instead!
 <!> *** WARNING *** <!>  The 'energytype' option is DEPRECATED, use 'ene/type' instead!
[Acquisition-0]   
[Acquisition-0] ============= Source initialization =============
[Acquisition-0]   
[Acquisition-0] ============= Acquisition starts! =============
[Acquisition-0] Simulation start time = 0 sec
[Acquisition-0] Simulation end time   = 1 sec
[Acquisition-0] Simulation will have  = 1 run(s)
[Acquisition-0] Slice 0 from 0 to 1 s [slice=1 s]

### ===  Deexcitation model UAtomDeexcitation is activated for 25 regions:
          DefaultRegionForTheWorld  1  1  1
          cylindricalPET  1  1  1
          module  1  1  1
          unit  1  1  1
          block  1  1  1
          optical  1  1  1
          crystal  1  1  1
          capillaire1  1  1  1
          capillaire1_water  1  1  1
          capillaire2  1  1  1
          capillaire2_water  1  1  1
          capillaire3  1  1  1
          capillaire3_water  1  1  1
          capillaire4  1  1  1
          capillaire4_water  1  1  1
          capillaire5  1  1  1
          capillaire5_water  1  1  1
          capillaire_m1  1  1  1
          capillaire_m1_water  1  1  1
          capillaire_m2  1  1  1
          capillaire_m2_water  1  1  1
          capillaire_m3  1  1  1
          capillaire_m3_water  1  1  1
          capillaire_m4  1  1  1
          capillaire_m4_water  1  1  1
### ===  Ignore cuts flag:   0

phot:  for gamma applyCuts:1  SubType=12 BuildTable=0
      LambdaPrime table from 200 keV to 100 TeV in 174 bins 
      ===== EM models for the G4Region  DefaultRegionForTheWorld ======
 LivermorePhElectric : Emin=    0 eV  Emax=  100 TeV  SauterGavrila Fluo

compt:  for gamma applyCuts:1  SubType=13 BuildTable=1
      Lambda table from 10 eV  to 1 MeV, 20 bins/decade, spline: 1
      LambdaPrime table from 1 MeV to 100 TeV in 160 bins 
      ===== EM models for the G4Region  DefaultRegionForTheWorld ======
        KleinNishina : Emin=    0 eV  Emax=  100 TeV Fluo

conv:  for gamma applyCuts:1  SubType=14 BuildTable=1
      Lambda table from 1.022 MeV to 100 TeV, 20 bins/decade, spline: 1
      ===== EM models for the G4Region  DefaultRegionForTheWorld ======
     BetheHeitlerLPM : Emin=    0 eV  Emax=  100 TeV  ModifiedTsai

Rayl:  for gamma applyCuts:1  SubType=11 BuildTable=1
      Lambda table from 10 eV  to 100 keV, 20 bins/decade, spline: 0
      LambdaPrime table from 100 keV to 100 TeV in 180 bins 
      ===== EM models for the G4Region  DefaultRegionForTheWorld ======
   LivermoreRayleigh : Emin=    0 eV  Emax=  100 TeV  CullenGenerator

msc:  for e-  SubType= 10
      ===== EM models for the G4Region  DefaultRegionForTheWorld ======
            UrbanMsc : Emin=    0 eV  Emax=  100 TeV Nbins=240 100 eV  - 100 TeV
              StepLim=DistanceToBoundary Rfact=0.04 Gfact=2.5 Sfact=0.6 DispFlag:1 Skin=1 Llimit=1

eIoni:  for e-  SubType=2
      dE/dx and range tables from 10 eV  to 100 TeV in 260 bins
      Lambda tables from threshold to 100 TeV, 20 bins/decade, spline: 1
      StepFunction=(0.2, 0.1 mm), integ: 1, fluct: 1, linLossLim= 0.01
      ===== EM models for the G4Region  DefaultRegionForTheWorld ======
        MollerBhabha : Emin=    0 eV  Emax=  100 TeV  deltaVI

eBrem:  for e-  SubType=3
      dE/dx and range tables from 10 eV  to 100 TeV in 260 bins
      Lambda tables from threshold to 100 TeV, 20 bins/decade, spline: 1
      LPM flag: 1 for E > 1 GeV,  VertexHighEnergyTh(GeV)= 100000
      ===== EM models for the G4Region  DefaultRegionForTheWorld ======
             eBremSB : Emin=    0 eV  Emax=    1 GeV  AngularGen2BS
            eBremLPM : Emin=    1 GeV Emax=  100 TeV  AngularGen2BS

ePairProd:  for e-  SubType=4
      dE/dx and range tables from 10 eV  to 100 TeV in 260 bins
      Lambda tables from threshold to 100 TeV, 20 bins/decade, spline: 1
      Sampling table 25x1001; from 0.1 GeV to 100 TeV 
      ===== EM models for the G4Region  DefaultRegionForTheWorld ======
           ePairProd : Emin=    0 eV  Emax=  100 TeV  ModifiedMephi

msc:  for e+  SubType= 10
      ===== EM models for the G4Region  DefaultRegionForTheWorld ======
            UrbanMsc : Emin=    0 eV  Emax=  100 TeV Nbins=240 100 eV  - 100 TeV
              StepLim=DistanceToBoundary Rfact=0.04 Gfact=2.5 Sfact=0.6 DispFlag:1 Skin=1 Llimit=1

eIoni:  for e+  SubType=2
      dE/dx and range tables from 10 eV  to 100 TeV in 260 bins
      Lambda tables from threshold to 100 TeV, 20 bins/decade, spline: 1
      StepFunction=(0.2, 0.1 mm), integ: 1, fluct: 1, linLossLim= 0.01
      ===== EM models for the G4Region  DefaultRegionForTheWorld ======
        MollerBhabha : Emin=    0 eV  Emax=  100 TeV  deltaVI

eBrem:  for e+  SubType=3
      dE/dx and range tables from 10 eV  to 100 TeV in 260 bins
      Lambda tables from threshold to 100 TeV, 20 bins/decade, spline: 1
      LPM flag: 1 for E > 1 GeV,  VertexHighEnergyTh(GeV)= 100000
      ===== EM models for the G4Region  DefaultRegionForTheWorld ======
             eBremSB : Emin=    0 eV  Emax=    1 GeV  AngularGen2BS
            eBremLPM : Emin=    1 GeV Emax=  100 TeV  AngularGen2BS

ePairProd:  for e+  SubType=4
      dE/dx and range tables from 10 eV  to 100 TeV in 260 bins
      Lambda tables from threshold to 100 TeV, 20 bins/decade, spline: 1
      Sampling table 25x1001; from 0.1 GeV to 100 TeV 
      ===== EM models for the G4Region  DefaultRegionForTheWorld ======
           ePairProd : Emin=    0 eV  Emax=  100 TeV  ModifiedMephi

annihil:  for e+, integral:1  applyCuts:1  SubType=5 BuildTable=0
      ===== EM models for the G4Region  DefaultRegionForTheWorld ======
            eplus2gg : Emin=    0 eV  Emax=  100 TeV

msc:  for proton  SubType= 10
      ===== EM models for the G4Region  DefaultRegionForTheWorld ======
            UrbanMsc : Emin=    0 eV  Emax=  100 TeV Nbins=240 100 eV  - 100 TeV
              StepLim=Minimal Rfact=0.2 Gfact=2.5 Sfact=0.6 DispFlag:1 Skin=1 Llimit=1

hIoni:  for proton  SubType=2
      dE/dx and range tables from 10 eV  to 100 TeV in 260 bins
      Lambda tables from threshold to 100 TeV, 20 bins/decade, spline: 1
      StepFunction=(0.2, 0.05 mm), integ: 1, fluct: 1, linLossLim= 0.01
      ===== EM models for the G4Region  DefaultRegionForTheWorld ======
               Bragg : Emin=    0 eV  Emax=    2 MeV  deltaVI
          BetheBloch : Emin=    2 MeV Emax=  100 TeV  deltaVI

hBrems:  for proton  SubType=3
      dE/dx and range tables from 10 eV  to 100 TeV in 260 bins
      Lambda tables from threshold to 100 TeV, 20 bins/decade, spline: 1
      ===== EM models for the G4Region  DefaultRegionForTheWorld ======
               hBrem : Emin=    0 eV  Emax=  100 TeV  ModifiedMephi
      ===== Limit on energy threshold has been applied 

hPairProd:  for proton  SubType=4
      dE/dx and range tables from 10 eV  to 100 TeV in 260 bins
      Lambda tables from threshold to 100 TeV, 20 bins/decade, spline: 1
      Sampling table 17x1001; from 7.50618 GeV to 100 TeV 
      ===== EM models for the G4Region  DefaultRegionForTheWorld ======
           hPairProd : Emin=    0 eV  Emax=  100 TeV  ModifiedMephi

nuclearStopping:  for proton applyCuts:1  SubType=8 BuildTable=0
      ===== EM models for the G4Region  DefaultRegionForTheWorld ======
   ICRU49NucStopping : Emin=    0 eV  Emax=    1 MeV

msc:  for GenericIon  SubType= 10
      ===== EM models for the G4Region  DefaultRegionForTheWorld ======
            UrbanMsc : Emin=    0 eV  Emax=  100 TeV
              StepLim=Minimal Rfact=0.2 Gfact=2.5 Sfact=0.6 DispFlag:1 Skin=1 Llimit=1

ionIoni:  for GenericIon  SubType=2
      dE/dx and range tables from 10 eV  to 100 TeV in 260 bins
      Lambda tables from threshold to 100 TeV, 20 bins/decade, spline: 1
      StepFunction=(0.1, 0.02 mm), integ: 1, fluct: 1, linLossLim= 0.02
      ===== EM models for the G4Region  DefaultRegionForTheWorld ======
         ParamICRU73 : Emin=    0 eV  Emax=  100 TeV  deltaVI

nuclearStopping:  for GenericIon applyCuts:1  SubType=8 BuildTable=0
      ===== EM models for the G4Region  DefaultRegionForTheWorld ======
   ICRU49NucStopping : Emin=    0 eV  Emax=    1 MeV

msc:  for alpha  SubType= 10
      ===== EM models for the G4Region  DefaultRegionForTheWorld ======
            UrbanMsc : Emin=    0 eV  Emax=  100 TeV Nbins=240 100 eV  - 100 TeV
              StepLim=Minimal Rfact=0.2 Gfact=2.5 Sfact=0.6 DispFlag:1 Skin=1 Llimit=1

ionIoni:  for alpha  SubType=2
      dE/dx and range tables from 10 eV  to 100 TeV in 260 bins
      Lambda tables from threshold to 100 TeV, 20 bins/decade, spline: 1
      StepFunction=(0.1, 0.02 mm), integ: 1, fluct: 1, linLossLim= 0.02
      ===== EM models for the G4Region  DefaultRegionForTheWorld ======
            BraggIon : Emin=    0 eV  Emax=7.9452 MeV  deltaVI
          BetheBloch : Emin=7.9452 MeV Emax=  100 TeV  deltaVI

nuclearStopping:  for alpha applyCuts:1  SubType=8 BuildTable=0
      ===== EM models for the G4Region  DefaultRegionForTheWorld ======
   ICRU49NucStopping : Emin=    0 eV  Emax=    1 MeV

msc:  for anti_proton  SubType= 10
      ===== EM models for the G4Region  DefaultRegionForTheWorld ======
            UrbanMsc : Emin=    0 eV  Emax=  100 TeV Nbins=240 100 eV  - 100 TeV
              StepLim=Minimal Rfact=0.2 Gfact=2.5 Sfact=0.6 DispFlag:1 Skin=1 Llimit=1

hIoni:  for anti_proton  SubType=2
      dE/dx and range tables from 10 eV  to 100 TeV in 260 bins
      Lambda tables from threshold to 100 TeV, 20 bins/decade, spline: 1
      StepFunction=(0.2, 0.05 mm), integ: 1, fluct: 1, linLossLim= 0.01
      ===== EM models for the G4Region  DefaultRegionForTheWorld ======
            ICRU73QO : Emin=    0 eV  Emax=    2 MeV  deltaVI
          BetheBloch : Emin=    2 MeV Emax=  100 TeV  deltaVI

hBrems:  for anti_proton  SubType=3
      dE/dx and range tables from 10 eV  to 100 TeV in 260 bins
      Lambda tables from threshold to 100 TeV, 20 bins/decade, spline: 1
      ===== EM models for the G4Region  DefaultRegionForTheWorld ======
               hBrem : Emin=    0 eV  Emax=  100 TeV  ModifiedMephi
      ===== Limit on energy threshold has been applied 

hPairProd:  for anti_proton  SubType=4
      dE/dx and range tables from 10 eV  to 100 TeV in 260 bins
      Lambda tables from threshold to 100 TeV, 20 bins/decade, spline: 1
      Sampling table 17x1001; from 7.50618 GeV to 100 TeV 
      ===== EM models for the G4Region  DefaultRegionForTheWorld ======
           hPairProd : Emin=    0 eV  Emax=  100 TeV  ModifiedMephi

msc:  for kaon+  SubType= 10
      ===== EM models for the G4Region  DefaultRegionForTheWorld ======
            UrbanMsc : Emin=    0 eV  Emax=  100 TeV Nbins=240 100 eV  - 100 TeV
              StepLim=Minimal Rfact=0.2 Gfact=2.5 Sfact=0.6 DispFlag:1 Skin=1 Llimit=1

hIoni:  for kaon+  SubType=2
      dE/dx and range tables from 10 eV  to 100 TeV in 260 bins
      Lambda tables from threshold to 100 TeV, 20 bins/decade, spline: 1
      StepFunction=(0.2, 0.05 mm), integ: 1, fluct: 1, linLossLim= 0.01
      ===== EM models for the G4Region  DefaultRegionForTheWorld ======
               Bragg : Emin=    0 eV  Emax=1.05231 MeV  deltaVI
          BetheBloch : Emin=1.05231 MeV Emax=  100 TeV  deltaVI

hBrems:  for kaon+  SubType=3
      dE/dx and range tables from 10 eV  to 100 TeV in 260 bins
      Lambda tables from threshold to 100 TeV, 20 bins/decade, spline: 1
      ===== EM models for the G4Region  DefaultRegionForTheWorld ======
               hBrem : Emin=    0 eV  Emax=  100 TeV  ModifiedMephi
      ===== Limit on energy threshold has been applied 

hPairProd:  for kaon+  SubType=4
      dE/dx and range tables from 10 eV  to 100 TeV in 260 bins
      Lambda tables from threshold to 100 TeV, 20 bins/decade, spline: 1
      Sampling table 18x1001; from 3.94942 GeV to 100 TeV 
      ===== EM models for the G4Region  DefaultRegionForTheWorld ======
           hPairProd : Emin=    0 eV  Emax=  100 TeV  ModifiedMephi

msc:  for kaon-  SubType= 10
      ===== EM models for the G4Region  DefaultRegionForTheWorld ======
            UrbanMsc : Emin=    0 eV  Emax=  100 TeV Nbins=240 100 eV  - 100 TeV
              StepLim=Minimal Rfact=0.2 Gfact=2.5 Sfact=0.6 DispFlag:1 Skin=1 Llimit=1

hIoni:  for kaon-  SubType=2
      dE/dx and range tables from 10 eV  to 100 TeV in 260 bins
      Lambda tables from threshold to 100 TeV, 20 bins/decade, spline: 1
      StepFunction=(0.2, 0.05 mm), integ: 1, fluct: 1, linLossLim= 0.01
      ===== EM models for the G4Region  DefaultRegionForTheWorld ======
            ICRU73QO : Emin=    0 eV  Emax=1.05231 MeV  deltaVI
          BetheBloch : Emin=1.05231 MeV Emax=  100 TeV  deltaVI

hBrems:  for kaon-  SubType=3
      dE/dx and range tables from 10 eV  to 100 TeV in 260 bins
      Lambda tables from threshold to 100 TeV, 20 bins/decade, spline: 1
      ===== EM models for the G4Region  DefaultRegionForTheWorld ======
               hBrem : Emin=    0 eV  Emax=  100 TeV  ModifiedMephi
      ===== Limit on energy threshold has been applied 

hPairProd:  for kaon-  SubType=4
      dE/dx and range tables from 10 eV  to 100 TeV in 260 bins
      Lambda tables from threshold to 100 TeV, 20 bins/decade, spline: 1
      Sampling table 18x1001; from 3.94942 GeV to 100 TeV 
      ===== EM models for the G4Region  DefaultRegionForTheWorld ======
           hPairProd : Emin=    0 eV  Emax=  100 TeV  ModifiedMephi

msc:  for mu+  SubType= 10
      ===== EM models for the G4Region  DefaultRegionForTheWorld ======
            UrbanMsc : Emin=    0 eV  Emax=  100 TeV Nbins=240 100 eV  - 100 TeV
              StepLim=Minimal Rfact=0.2 Gfact=2.5 Sfact=0.6 DispFlag:1 Skin=1 Llimit=1

muIoni:  for mu+  SubType=2
      dE/dx and range tables from 10 eV  to 100 TeV in 260 bins
      Lambda tables from threshold to 100 TeV, 20 bins/decade, spline: 1
      StepFunction=(0.2, 0.05 mm), integ: 1, fluct: 1, linLossLim= 0.01
      ===== EM models for the G4Region  DefaultRegionForTheWorld ======
               Bragg : Emin=    0 eV  Emax=  200 keV  deltaVI
          BetheBloch : Emin=  200 keV Emax=    1 GeV  deltaVI
        MuBetheBloch : Emin=    1 GeV Emax=  100 TeV

muBrems:  for mu+  SubType=3
      dE/dx and range tables from 10 eV  to 100 TeV in 260 bins
      Lambda tables from threshold to 100 TeV, 20 bins/decade, spline: 1
      ===== EM models for the G4Region  DefaultRegionForTheWorld ======
              MuBrem : Emin=    0 eV  Emax=  100 TeV  ModifiedMephi
      ===== Limit on energy threshold has been applied 

muPairProd:  for mu+  SubType=4
      dE/dx and range tables from 10 eV  to 100 TeV in 260 bins
      Lambda tables from threshold to 100 TeV, 20 bins/decade, spline: 1
      Sampling table 21x1001; from 1 GeV to 100 TeV 
      ===== EM models for the G4Region  DefaultRegionForTheWorld ======
          muPairProd : Emin=    0 eV  Emax=  100 TeV  ModifiedMephi

msc:  for mu-  SubType= 10
      ===== EM models for the G4Region  DefaultRegionForTheWorld ======
            UrbanMsc : Emin=    0 eV  Emax=  100 TeV Nbins=240 100 eV  - 100 TeV
              StepLim=Minimal Rfact=0.2 Gfact=2.5 Sfact=0.6 DispFlag:1 Skin=1 Llimit=1

muIoni:  for mu-  SubType=2
      dE/dx and range tables from 10 eV  to 100 TeV in 260 bins
      Lambda tables from threshold to 100 TeV, 20 bins/decade, spline: 1
      StepFunction=(0.2, 0.05 mm), integ: 1, fluct: 1, linLossLim= 0.01
      ===== EM models for the G4Region  DefaultRegionForTheWorld ======
            ICRU73QO : Emin=    0 eV  Emax=  200 keV  deltaVI
          BetheBloch : Emin=  200 keV Emax=    1 GeV  deltaVI
        MuBetheBloch : Emin=    1 GeV Emax=  100 TeV

muBrems:  for mu-  SubType=3
      dE/dx and range tables from 10 eV  to 100 TeV in 260 bins
      Lambda tables from threshold to 100 TeV, 20 bins/decade, spline: 1
      ===== EM models for the G4Region  DefaultRegionForTheWorld ======
              MuBrem : Emin=    0 eV  Emax=  100 TeV  ModifiedMephi
      ===== Limit on energy threshold has been applied 

muPairProd:  for mu-  SubType=4
      dE/dx and range tables from 10 eV  to 100 TeV in 260 bins
      Lambda tables from threshold to 100 TeV, 20 bins/decade, spline: 1
      Sampling table 21x1001; from 1 GeV to 100 TeV 
      ===== EM models for the G4Region  DefaultRegionForTheWorld ======
          muPairProd : Emin=    0 eV  Emax=  100 TeV  ModifiedMephi

msc:  for pi+  SubType= 10
      ===== EM models for the G4Region  DefaultRegionForTheWorld ======
            UrbanMsc : Emin=    0 eV  Emax=  100 TeV Nbins=240 100 eV  - 100 TeV
              StepLim=Minimal Rfact=0.2 Gfact=2.5 Sfact=0.6 DispFlag:1 Skin=1 Llimit=1

hIoni:  for pi+  SubType=2
      dE/dx and range tables from 10 eV  to 100 TeV in 260 bins
      Lambda tables from threshold to 100 TeV, 20 bins/decade, spline: 1
      StepFunction=(0.2, 0.05 mm), integ: 1, fluct: 1, linLossLim= 0.01
      ===== EM models for the G4Region  DefaultRegionForTheWorld ======
               Bragg : Emin=    0 eV  Emax=297.505 keV  deltaVI
          BetheBloch : Emin=297.505 keV Emax=  100 TeV  deltaVI

hBrems:  for pi+  SubType=3
      dE/dx and range tables from 10 eV  to 100 TeV in 260 bins
      Lambda tables from threshold to 100 TeV, 20 bins/decade, spline: 1
      ===== EM models for the G4Region  DefaultRegionForTheWorld ======
               hBrem : Emin=    0 eV  Emax=  100 TeV  ModifiedMephi
      ===== Limit on energy threshold has been applied 

hPairProd:  for pi+  SubType=4
      dE/dx and range tables from 10 eV  to 100 TeV in 260 bins
      Lambda tables from threshold to 100 TeV, 20 bins/decade, spline: 1
      Sampling table 20x1001; from 1.11656 GeV to 100 TeV 
      ===== EM models for the G4Region  DefaultRegionForTheWorld ======
           hPairProd : Emin=    0 eV  Emax=  100 TeV  ModifiedMephi

msc:  for pi-  SubType= 10
      ===== EM models for the G4Region  DefaultRegionForTheWorld ======
            UrbanMsc : Emin=    0 eV  Emax=  100 TeV Nbins=240 100 eV  - 100 TeV
              StepLim=Minimal Rfact=0.2 Gfact=2.5 Sfact=0.6 DispFlag:1 Skin=1 Llimit=1

hIoni:  for pi-  SubType=2
      dE/dx and range tables from 10 eV  to 100 TeV in 260 bins
      Lambda tables from threshold to 100 TeV, 20 bins/decade, spline: 1
      StepFunction=(0.2, 0.05 mm), integ: 1, fluct: 1, linLossLim= 0.01
      ===== EM models for the G4Region  DefaultRegionForTheWorld ======
            ICRU73QO : Emin=    0 eV  Emax=297.505 keV  deltaVI
          BetheBloch : Emin=297.505 keV Emax=  100 TeV  deltaVI

hBrems:  for pi-  SubType=3
      dE/dx and range tables from 10 eV  to 100 TeV in 260 bins
      Lambda tables from threshold to 100 TeV, 20 bins/decade, spline: 1
      ===== EM models for the G4Region  DefaultRegionForTheWorld ======
               hBrem : Emin=    0 eV  Emax=  100 TeV  ModifiedMephi
      ===== Limit on energy threshold has been applied 

hPairProd:  for pi-  SubType=4
      dE/dx and range tables from 10 eV  to 100 TeV in 260 bins
      Lambda tables from threshold to 100 TeV, 20 bins/decade, spline: 1
      Sampling table 20x1001; from 1.11656 GeV to 100 TeV 
      ===== EM models for the G4Region  DefaultRegionForTheWorld ======
           hPairProd : Emin=    0 eV  Emax=  100 TeV  ModifiedMephi
G4VisManager: Using G4TrajectoryDrawByCharge as fallback trajectory model.
See commands in /vis/modeling/trajectories/ for other options.

### ===  Deexcitation model UAtomDeexcitation is activated for 25 regions:
          DefaultRegionForTheWorld  1  1  1
          cylindricalPET  1  1  1
          module  1  1  1
          unit  1  1  1
          block  1  1  1
          optical  1  1  1
          crystal  1  1  1
          capillaire1  1  1  1
          capillaire1_water  1  1  1
          capillaire2  1  1  1
          capillaire2_water  1  1  1
          capillaire3  1  1  1
          capillaire3_water  1  1  1
          capillaire4  1  1  1
          capillaire4_water  1  1  1
          capillaire5  1  1  1
          capillaire5_water  1  1  1
          capillaire_m1  1  1  1
          capillaire_m1_water  1  1  1
          capillaire_m2  1  1  1
          capillaire_m2_water  1  1  1
          capillaire_m3  1  1  1
          capillaire_m3_water  1  1  1
          capillaire_m4  1  1  1
          capillaire_m4_water  1  1  1
### ===  Ignore cuts flag:   0
(129.208,286.244,-107.005)
(142.541,334.813,-112.472)
(-115.061,-298.77,114.036)
(-100.876,-326.168,84.2104)
(86.1612,313.691,22.5534)
(167.026,388.641,129.141)
(10.9092,-311.853,10.8319)
(-58.8863,-384.782,108.783)
(13.9868,-320,9.79563)
(-46.7188,-382.648,29.1544)
(90.0925,315.098,-12.2219)
(82.151,266.762,41.8397)
(89.7655,315.658,-5.45865)
(112.443,326.688,60.1345)
(-28.8292,319.339,110.565)
(-34.3727,193.166,115.138)
(-28.7057,321.537,116.846)
(-24.2788,325.567,100.178)
(-216.888,232.03,-92.0844)
(-255.866,194.164,-6.62312)
(-214.301,249.597,-96.9007)
(-157.028,334.269,-95.9288)
(-180.457,-257.744,-89.5243)
(-170.461,-185.877,-41.6954)
(203.466,261.532,90.2071)
(286.701,275.573,162.035)
(99.8914,-302.557,-19.1522)
(83.2295,-294.029,-42.9507)
(117.134,-302.884,-15.2032)
(110.987,-342.739,37.0535)
(-247.248,196.837,9.07344)
(-263.172,108.892,-44.6857)
(-311.967,-86.5702,38.0733)
(-340.962,-110.593,86.6038)
(-310.125,-85.1954,36.1782)
(-321.528,-86.3567,210.722)
(141.995,287.334,15.3382)
(161.308,370.979,69.7669)
(-246.067,-214.691,-9.82479)
(-340.513,-179.92,31.5014)
(-280.788,148.863,74.5196)
(-300.139,131.86,99.3279)
(-280.39,138.01,96.5169)
(-329.143,32.7757,9.3448)
(-238.606,206.276,-108.456)
(-235.873,147.12,-195.507)
(-244.996,219.503,-107.073)
(-206.434,171.716,-90.8667)
(-246.353,223.248,-107.359)
(-173.622,181.59,-87.0201)
(-249.099,224.409,-118.837)
(-244.363,159.067,-221.346)
(310.641,-118.476,66.2665)
(297.149,-28.246,45.0469)
(314.548,-116.96,65.509)
(305.292,-187.004,41.2467)
(251.958,-209.7,-35.7885)
(192.615,-194.997,51.3315)
(253.174,-208.845,-30.4986)
(235.705,-263.157,-88.5745)
(-236.388,213.822,37.5695)
(-242.757,204.956,-50.1766)
(318.894,-12.9294,109.545)
(384.792,-24.7195,103.851)
(311.574,95.4965,95.1247)
(331.115,114.212,197.414)
(304.706,100.045,100.543)
(240.562,70.6948,111.108)
(-290.221,128.67,-86.3819)
(-139.906,152.366,-9.82219)
(-243.292,199.333,-12.6044)
(-231.442,268.044,-99.8576)
(304.314,-68.3601,80.4294)
(300.289,24.8433,64.0067)
(312.003,-72.5758,69.2379)
(186.026,-152.827,-14.0249)
(-317.4,98.2471,-119.859)
(-338.051,111.93,-150.639)
(-63.567,330.64,-44.6324)
(-67.3794,392.062,27.845)
(-78.3006,317.216,59.0841)
(-7.47753,358.532,-5.51666)
(-319.457,-88.2668,81.4036)
(-265.145,-16.2853,65.7474)
(163.634,-279.225,-99.4824)
(147.324,-265.341,15.0847)
(162.066,-276.186,-97.634)
(145.812,-276.403,-169.982)
(163.116,268.042,5.14388)
(73.9146,241.324,41.1778)
(-13.7526,-312.098,-18.424)
(72.7301,-349.948,52.4187)
(-9.48907,-316.568,-27.9335)
(-31.8767,-283.046,-7.50804)
(-9.69734,-320.627,-23.005)
(34.0204,-310.274,-22.5637)
(163.415,277.494,17.4531)
(55.3868,387.222,-49.9888)
(-267.386,-172.937,-50.3241)
(-243.018,-192.814,-24.1227)
(-271.113,-176.885,-47.1672)
(-251.908,-105.447,-105.296)
(232.464,-216.263,37.5166)
(192.194,-324.098,-25.8543)
(234.849,-220.681,41.162)
(284.602,-222.303,44.4969)
(272.342,182.541,23.0098)
(319.121,284.012,26.8673)
(-85.2373,-311.042,-37.294)
(-113.34,-307.564,-61.0633)
(-87.2688,-315.382,-38.8633)
(-51.2919,-385.277,0.0794298)
(-88.8178,-313.846,-37.7447)
(-251.044,-399.299,-127.078)
(141.896,-296.787,16.0007)
(33.8371,-283.969,-24.084)
(142.273,-294.907,16.7593)
(72.281,-321.114,170.414)
(76.9836,310.094,-16.9552)
(31.9478,280.847,-93.3537)
(74.0778,313.89,-10.0629)
(121.889,357.893,40.5677)
(77.8812,319.408,-12.1452)
(84.0887,321.092,54.7697)
(314.307,96.0429,-10.6634)
(389.76,54.6391,48.4823)
(-246.485,-213.372,18.6328)
(-269.01,-232.27,40.1923)
(-181.866,-260.454,36.7882)
(-183.669,-268.937,13.0267)
(-181.341,-264.324,29.6517)
(5.71588,-165.619,-55.4546)
(305.556,83.09,93.6634)
(335.628,-9.08588,52.5022)
(308.076,81.672,91.7776)
(272.278,90.3193,73.557)
(-322.99,10.4234,4.42144)
(-335.357,62.6757,37.859)
(311.261,73.3176,37.7413)
(328.443,85.801,7.85464)
(-294.396,-116.764,-62.2312)
(-252.584,-75.5656,-36.2834)
(-306.925,-79.6199,-63.7178)
(-233.45,-76.4708,-56.2249)
(308.776,48.3923,-85.8539)
(345.721,-8.04672,-154.693)
(-218.219,-249.163,-35.7287)
(-264.551,-130.859,-33.7967)
(301.026,145.524,22.6184)
(353.869,262.01,74.7463)
(301.003,143.134,23.1082)
(339.556,166.112,21.7768)
(1.76156,325.54,-118.209)
(-67.2886,322.562,-109.144)
(94.3731,-300.367,107.318)
(100.23,-289.716,101.017)
(302.325,86.773,27.0414)
(384.584,15.7129,41.7484)
(311.48,-46.0219,-68.3713)
(428.471,-64.2018,-12.4195)
(-308.334,62.6091,91.8879)
(-412.182,71.7531,224.735)
(-309.833,61.9343,90.1273)
(-324.096,-3.79455,256.989)
(124.86,290.513,-121.104)
(228.497,273.529,-108.092)
(125.251,295.894,-118.898)
(84.9334,248.396,-125.045)
(311.316,55.2683,43.7883)
(290.702,39.0892,43.7944)
(-297.868,-112.445,-90.7513)
(-384.587,-199.135,-130.972)
(-297.234,-110.011,-93.5063)
(-259.914,-147.298,-79.8911)
(-321.038,-14.2798,-57.7415)
(-377.451,-27.1478,12.9238)
(314.199,27.1021,117.655)
(291.796,73.6894,101.277)
(41.6678,-321.362,0.596921)
(102.688,-256.3,-52.4176)
(46.4355,-321.851,-2.95537)
(-72.5487,-267.136,-23.5991)
(272.585,-155.054,23.2047)
(255.962,-178.17,2.13136)
(319.503,71.0008,-20.6624)
(312.011,86.0111,11.7462)
(-326.858,-53.2127,14.2289)
(-320.601,-123.727,-18.1136)
(-331.614,17.6393,38.4366)
(-249.992,44.6785,21.5377)
(-227.631,-216.146,87.0876)
(-229.454,-280.483,31.1558)
(3.3558,319.604,112.189)
(16.6384,347.699,148.697)
(-169.089,286.254,-3.99904)
(-144.909,309.633,40.1761)
(-169.009,284.169,-7.07405)
(-189.422,323.207,33.7055)
(248.412,-193.317,5.24394)
(308.986,-213.507,-66.9884)
(-321.916,13.3093,85.6922)
(-327.4,23.6722,213.757)
(-328.182,15.1479,91.1008)
(-274.039,-69.5755,194.9)
(-336.256,12.3879,94.8229)
(-345.764,-24.8255,74.0901)
(93.3394,-313.346,-16.7464)
(144.5,-391.469,21.6394)
(-73.24,313.158,19.3736)
(-60.3256,308.54,95.6875)
(-84.7587,309.46,18.9995)
(-64.6314,384.156,-61.393)
(150.775,-279.051,11.4989)
(161.617,-287.502,40.733)
(-240.167,-208.147,-72.3475)
(-246.513,-199.757,-54.5776)
(-280.448,146.688,99.0103)
(-303.749,151.11,17.0192)
(-42.7673,327.824,93.8442)
(-68.2386,357.54,189.349)
(201.227,-246.095,-100.19)
(175.535,-200.09,-126.701)
(-295.044,112.085,43.2519)
(-249.468,132.533,91.586)
(303.353,-74.3734,-96.7194)
(343.238,-141.709,-11.72)
(-176.116,263.402,-40.8293)
(-114.569,266.559,40.6028)
(-166.64,273.711,-39.7901)
(-183.883,317.531,-14.5941)
(-316.432,-13.5919,88.0728)
(-294.311,-27.3462,69.9034)
(60.9892,-308.038,66.7488)
(-67.8965,-297.978,19.9506)
(56.5437,-328.241,67.8087)
(141.032,-341.82,96.5505)
(60.8908,-330.478,68.4822)
(39.1823,-288.667,156.377)
(-310.979,-38.7317,-89.5998)
(-315.599,-36.9205,-62.2244)
(-286.902,-123.606,80.6264)
(-318.986,-106.547,25.677)
(241.374,231.983,30.5555)
(237.296,202.954,-8.06817)
(-65.0222,-309.443,-38.042)
(-51.5141,-332.513,-20.2598)
(-82.7798,-317.784,-41.0687)
(-102.953,-293.325,-18.6402)
(-81.5013,-317.365,-42.7549)
(-76.4145,-318.693,-15.3751)
(-307.18,-64.2742,85.1135)
(-323.131,-92.5039,316.107)
(-306.666,-59.1951,99.4626)
(-326.328,-64.2676,80.4533)
(-310.81,-51.3195,99.22)
(-254.745,-59.1723,39.1086)
(323.217,58.5416,95.0582)
(353.744,138.224,133.996)
(329.653,64.8517,94.0753)
(452.263,128.682,107.022)
(312.827,47.9104,58.9562)
(467.39,108.695,91.9869)
(-149.328,-274.36,-40.2049)
(-166.967,-282.931,-73.7903)
(304.726,93.8952,95.486)
(350.482,135.067,-36.372)
(303.126,95.3341,96.491)
(290.892,46.5457,131.663)
(254.891,-181.412,99.3933)
(176.865,-210.8,87.5547)
(-277.167,-186.625,-49.7747)
(-283.411,-229.03,-54.0036)
(149.426,291.98,72.5663)
(78.1159,173.44,-85.9496)
(-230.612,237.678,121.892)
(-195.886,300.438,106.616)
(312.577,91.6797,-65.9542)
(210.025,41.0348,-59.0132)
(316.107,96.6085,-71.27)
(272.206,90.9246,-89.8313)
(255.044,-184.822,-98.2311)
(162.368,-203.353,-156.928)
(202.754,238.058,12.5367)
(255.893,349.155,13.5239)
(56.4956,-319.573,-19.3196)
(42.8785,-256.108,-13.6858)
(175.879,-258.923,47.721)
(209.533,-275.851,65.612)
(-212.305,-236.123,42.9985)
(-338.187,-232.03,-53.872)
(-228.354,-248.194,48.4647)
(-332.928,-213.35,133.327)
(90.2736,302.988,-58.3681)
(93.7526,306.058,29.575)
(89.125,304.696,-56.6159)
(-10.6521,388.548,-6.80069)
(181.022,270.049,-63.4007)
(153.576,433.453,-148.5)
(94.1045,-303.278,69.7833)
(129.29,-309.602,81.2916)
(-307.918,56.1239,36.6237)
(-366.152,-17.3854,-27.0804)
(-196.635,264.228,74.2682)
(-70.6739,325.645,90.7195)
(-192.04,259.153,77.6732)
(-205.687,114.483,63.3938)
(-21.5251,322.741,51.6531)
(-57.1912,273.995,119.668)
(-78.1546,-311.952,-49.3076)
(7.09062,-371,-119.218)
(-19.6716,317.875,-105.612)
(-68.5954,326.117,-33.4723)
(-21.0848,317.203,-104.429)
(-13.3347,336.314,-62.3176)
(50.9365,-309.973,91.3289)
(123.862,-212.431,86.6294)
(-145.353,293.934,-85.9569)
(-122.151,339.817,-119.365)
(-150.07,293.853,-86.7321)
(-183.683,405.502,-38.0073)
(-294.21,-110.653,118.506)
(-380.283,-142.066,58.6976)
(312.467,-4.83532,5.92632)
(267.754,14.4296,-23.3614)
(-320.04,2.18454,-2.06344)
(-413.9,-16.0114,-85.5946)
(88.348,301.586,-38.1705)
(28.2876,371.777,14.6923)
(93.9903,299.371,-36.3182)
(49.3284,265.727,-99.235)
(130.782,-287.787,33.6254)
(157.023,-353.009,57.3504)
(-10.5424,-317.012,-50.4504)
(-56.8617,-426.325,42.5001)
(-9.22835,-322.735,-53.607)
(-19.1398,-244.753,-17.0797)
(-7.05851,-322.284,-55.1336)
(126.443,-303.947,-53.1793)
(208.952,258.311,41.7452)
(212.784,238.2,-77.8736)
(307.068,-97.2644,111.411)
(281.592,-5.94018,190.12)
(304.566,-93.433,112.712)
(333.755,-91.1141,111.58)
(274.159,-184.682,-121.338)
(315.096,-85.1386,-168.34)
(275.084,-189.147,-119.409)
(318,-242.483,-70.9342)
(253.588,194.377,-104.325)
(301.048,150.139,-80.2288)
(255.205,194.645,-103.41)
(304.68,183.008,-70.8923)
(-239.951,224.963,6.04434)
(-255.332,245.408,1.99026)
(214.975,-249.972,98.2795)
(182.415,-160.673,147.266)
(-322.677,75.5188,-4.22721)
(-336.971,118.169,-95.9397)
(-306.458,94.5776,-45.1307)
(-196.338,25.3504,-74.9085)
(-305.559,99.2413,-44.6898)
(-245.376,112.142,-85.7743)
(-108.412,-295.923,-110.126)
(-109.204,-249.939,-189.659)
(-108.317,-295.654,-107.553)
(-92.9546,-302.983,-133.093)
(13.075,314.072,119.364)
(-60.9528,244.788,161.176)
(-55.1068,-311.717,-92.0679)
(-124.6,-230.393,-136.323)
(-60.6377,-310.193,-90.6616)
(-37.5189,-236.732,-87.5045)
(294.096,160.875,-49.3227)
(307.293,137.461,-62.7241)
(-254.708,-201.132,65.9389)
(-347.876,-265.226,29.8061)
(-256.431,-214.198,49.9466)
(-348.526,-237.662,96.8172)
(-82.7909,-307.629,115.443)
(-217.101,-279.599,77.1326)
(-85.182,-307.447,113.93)
(-84.9197,-341.652,170.096)
(-311.661,116.435,64.6816)
(-301.525,124.087,77.8836)
(-311.923,117.566,63.2113)
(-300.292,-27.9487,76.7182)
(-258.09,189.103,-95.6135)
(-262.126,222.789,-126.203)
(-262.041,187.612,-98.1073)
(-307.375,153.738,-41.3087)
(-330.898,31.2506,-105.169)
(-334.157,72.0412,-118.705)
(-242.89,-195.779,-82.0362)
(-210.443,-286.032,-198.56)
(264.022,-179.759,77.7707)
(327.795,-220.909,121.225)
(255.718,199.564,84.026)
(264.254,155.676,120.409)
(220.248,230.271,-83.7075)
(175.968,304.583,-10.5411)
(229.231,243.59,-66.296)
(208.953,254.7,-67.3533)
(231.733,241.269,-55.3825)
(211.057,178.334,48.5294)
(-152.434,-274.294,96.4142)
(-162.157,-264.845,89.6401)
(-313.835,0.995542,111.379)
(-250.699,133.603,224.409)
(-317.684,-1.69084,111.404)
(-451.341,-62.1374,173.402)
(320.709,-0.62493,-82.6611)
(346.924,-95.4778,-27.4182)
(332.968,-23.6051,-69.9678)
(285.273,-35.2252,-48.0153)
(-273.985,184.283,81.4964)
(-317.634,155.235,36.4346)
(-273.981,182.164,82.0917)
(-196.862,286.748,148.828)
(202.24,-263.727,115.955)
(167.707,-288.387,88.4775)
(197.813,242.683,4.96279)
(221.465,251.349,97.5141)
(195.364,244.053,9.45732)
(288.762,345.161,51.6107)
(-126.899,-291.51,-8.07059)
(-137.703,-260.659,106.37)
(-127.937,-291.022,-10.3927)
(-258.02,-278.678,52.7279)
(310.89,73.6791,-99.7836)
(435.157,127,-149.641)
(104.603,321.2,11.5712)
(166.058,287.888,-46.115)
(-323.221,-81.1596,95.3221)
(-345.325,-67.3482,163.2)
(306.366,72.2917,-88.0564)
(384.037,84.4208,-89.1076)
(314.232,47.0188,120.726)
(316.222,196.295,92.4546)
(315.956,-92.5934,17.206)
(182.296,-116.939,-20.4253)
(-312.89,66.5133,-11.0723)
(-313.287,48.5011,133.769)
(-320.292,75.726,-9.89223)
(-528.853,96.4778,70.4197)
(72.1041,310.457,59.9581)
(96.2471,325.657,224.218)
(-288.858,120.311,-87.7345)
(-454.034,117.567,-128.008)
(-299.755,112.765,-86.0471)
(-286.574,3.39815,-57.3294)
(303.459,-73.1718,54.2807)
(216.666,-114.611,93.9322)
(303.597,-73.824,52.6663)
(295.664,-136.367,99.4802)
(195.502,-249.062,-105.979)
(293.921,-235.05,-121.431)
(-182.993,260.159,113.886)
(-237.405,333.092,102.207)
(-285.937,-136.815,35.1944)
(-252.58,-41.8978,147.618)
(225.525,219.721,-12.23)
(251.283,295.832,-36.7963)
(235.513,223.082,-15.1093)
(211.908,224.055,-117.842)
(311.806,-53.1939,-5.98539)
(381.601,-57.7857,-63.2691)
(318.081,-50.4911,-7.08982)
(406.931,-71.7006,20.008)
(-285.972,-138.178,102.774)
(-235.08,-130.713,171.196)
(-291.823,149.464,-110.196)
(-366.419,228.818,-62.1481)
(-185.925,-254.802,101.444)
(-260.673,-362.608,165.047)
(291.132,119.542,-48.6927)
(346.43,56.1197,-80.7592)
(316.503,-15.2291,13.4388)
(335.29,-26.1701,16.436)
(-328.643,26.0861,-23.8705)
(-298.679,-60.2943,-21.3786)
(-17.4423,-325.866,19.6832)
(-32.9879,-438.87,-9.53479)
(-13.6884,-325.325,19.9498)
(-124.406,-397.53,5.61923)
(314.799,2.83111,45.0279)
(282.467,41.8403,136.851)
(-320.496,-1.36136,-15.3278)
(-288.911,-69.1769,-3.54087)
(-219.506,232.908,-6.10289)
(-220.568,142.043,-7.16326)
(-29.7636,-322.296,7.24579)
(-15.238,-330.251,3.3025)
(-220.282,239.827,-27.5776)
(-254.319,127.839,-28.5799)
(-289.483,122.836,95.5253)
(-209.715,91.9688,-46.8815)
(309.293,-76.3583,-56.8357)
(234.926,-95.8031,-29.2652)
(311.277,-76.6064,-62.3657)
(293.693,20.4901,-41.5398)
(-331.668,15.272,103.113)
(-356.927,5.65881,140.27)
(255.557,-216.677,105.307)
(262.562,-235.649,105.735)
(243.92,-199.662,124.007)
(172.133,-133.295,121.448)
(305.934,-101.144,-52.3315)
(272.275,-145.433,57.1109)
(306.838,-117.702,-49.5649)
(222.215,-175.373,-88.7409)
(307.142,-123.556,-56.1459)
(340.82,-260.544,91.429)
(-286.855,-129.406,9.40243)
(-263.199,-82.1871,31.2755)
(-287.489,-137.151,15.0434)
(-293.836,-138.995,5.5476)
(-285.618,-137.81,11.7845)
(-348.446,-126.854,93.1812)
(282.539,166.415,-45.5332)
(283.532,213.341,-71.6184)
(-113.278,-296.324,79.3037)
(-104.302,-326.219,52.0111)
(203.399,253.527,120.731)
(190.407,211.939,254.407)
(94.4683,303.333,-6.85301)
(66.2192,354.125,-46.122)
(-216.361,-236.546,2.46703)
(-250.104,-272.248,-41.7311)
(-215.318,-237.832,6.57622)
(-139.039,-356.125,-19.217)
(-216.423,-241.349,8.99714)
(-184.541,-368.03,32.5728)
(-120.207,300.06,-3.21353)
(-114.175,224.107,68.8887)
(-98.697,-316.057,4.75707)
(-134.242,-350.584,6.26533)
(-98.0844,-317.865,14.3324)
(33.5768,-397.909,-56.9926)
(-96.4575,-320.195,11.6568)
(-35.3051,-375.792,49.075)
(-203.222,-237.929,81.5023)
(-145.126,-280.344,64.3914)
(-202.941,-243.719,92.2979)
(-113.947,-197.141,58.7944)
(-205.164,-243.456,97.9527)
(-139.018,-320.261,89.7207)
(-206.434,-246.179,98.2744)
(-271.824,-296.81,141.802)
(159.76,270.682,-91.4896)
(65.3032,273.68,-33.7649)
(220.182,224.374,-123.086)
(227.717,209.129,-105.278)
(234.031,206.63,-122.234)
(353.742,224.865,-69.6073)
(240.252,206.347,-123.784)
(172.09,191.073,-83.1338)
(258.114,197.645,-121.563)
(318.079,197.454,-232.389)
(-237.845,228.087,-4.81197)
(-285.258,321.216,49.3559)
(-312.283,82.705,-51.8151)
(-361.037,57.2016,1.58331)
(278.427,-159.16,99.149)
(310.908,-217.602,169.14)
(-273.911,159.748,64.6974)
(-269.001,264.433,50.5877)
(113.148,-304.908,-124.407)
(158.629,-319.243,-137.172)
(317.066,-30.0136,-120.471)
(374.492,-52.3337,-123.531)
(42.8815,-321.837,-7.30443)
(-13.1945,-307.01,43.1394)
(41.0567,-322.849,-8.19817)
(18.224,-381.468,41.092)
(32.0204,-325.054,-7.93582)
(83.3693,-345.184,15.6321)
(167.823,278.555,6.63102)
(132.388,231.813,-28.4022)
(-316.629,-7.36158,19.158)
(-232.777,-93.9052,153.27)
(-326.068,3.95506,20.1718)
(-367.416,6.97832,-10.1169)
(319.855,11.6168,-33.6212)
(290.438,50.6959,-101.11)
(323.064,11.5351,-42.5333)
(418.579,-33.0178,-93.9111)
(-333.587,45.5681,-27.307)
(-434.172,25.9617,-75.6853)
(300.729,-84.0485,52.4314)
(294.152,-87.4281,4.37368)
(308.502,-89.5787,64.943)
(388.459,-163.611,29.8928)
(308.029,-90.4283,63.0287)
(356.694,-98.0592,64.5193)
(317.299,6.06481,-30.4046)
(340.348,-27.4498,-50.1871)
(-335.623,-14.1596,67.2364)
(-291.827,-66.2695,76.7842)
(72.4126,-304.855,63.9818)
(107.431,-357.744,124.458)
(70.0681,-311.183,63.0673)
(155.208,-310.149,99.4687)
(65.4814,-311.439,62.0815)
(47.3664,-366.628,123.565)
(-54.2167,313.183,-65.8967)
(-149.781,306.914,-101.137)
(-61.9393,324.582,-73.6386)
(-62.6483,418.554,-56.8449)
(-61.3427,325.32,-72.9891)
(-49.6442,241.713,-71.8827)
(-287.807,-145.576,114.578)
(-266.422,-111.882,171.395)
(-284.751,-143.043,119.142)
(-239.402,-101.087,160.994)
(249.527,213.182,12.3189)
(215.935,269.147,-63.7385)
(-320.564,16.4138,70.3178)
(-314.003,1.80906,51.2648)
(-323.376,11.2918,71.0499)
(-355.573,95.7604,129.116)
(-321.533,12.1569,70.1674)
(-359.719,7.31773,154.437)
(-249.279,206.13,104.806)
(-264.067,159.799,57.0595)
(314.22,-67.1331,-14.8263)
(333.283,-21.0442,-97.4678)
(10.5459,-317.595,119.658)
(64.3984,-288.85,109.402)
(-66.7733,306.064,-107.715)
(36.6111,278.651,-101.407)
(-327.229,-32.1148,43.2826)
(-412.577,-52.0666,64.8051)
(303.166,75.32,-99.155)
(341.593,102.002,-190.175)
(302.399,77.1315,-97.7125)
(274.283,172.372,-45.6438)
(160.231,-276.488,-70.4483)
(53.1796,-140.01,-110.212)
(-252.813,199.089,47.3418)
(-309.66,204.839,-22.9786)
(-256.774,201.893,48.9121)
(-262.056,155.715,19.7683)
(293.786,119.423,-117.281)
(327.107,82.5262,-196.62)
(320.23,-2.09087,-90.8685)
(260.878,87.6787,-42.5676)
(-286.41,-137.359,-6.82489)
(-381.574,-134.693,-55.2427)
(248.412,206.08,-23.1903)
(210.054,189.209,-125.436)
(-311.031,115.371,-72.4701)
(-338.815,103.851,-109.494)
(242.429,-216.746,102.994)
(241.086,-214.353,86.5042)
(248.791,-223.851,108.057)
(280.558,-297.207,51.7831)
(-263.893,200.249,-39.2416)
(-150.239,140.201,14.6383)
(111.664,-294.878,61.3741)
(42.2114,-372.525,73.9086)
(-280.732,142.802,-110.275)
(-343.511,146.305,-18.6079)
(-281.705,141.689,-107.045)
(-293.003,167.87,-83.3852)
(89.4275,299.87,-118.977)
(105.381,296.013,-177.725)
(83.6588,303.815,-121.214)
(146.698,292.559,-241.413)
(-257.263,196.705,-55.4661)
(-247.443,159.62,-35.1286)
(-260.782,211.235,-55.1356)
(-303.829,277.304,-92.3334)
(229.465,217.378,-90.847)
(198.744,291.344,-131.249)
(232.087,212.49,-94.1034)
(275.513,239.871,-95.8675)
(83.7051,-308.076,14.8563)
(121.478,-256.179,40.8278)
(188.49,266.82,-12.1303)
(213.362,203.187,-113.494)
(188.587,279.053,-12.2016)
(298.095,261.537,-12.247)
(-324.081,-6.59826,54.1106)
(-328.658,-11.2186,-48.1721)
(-326.414,-8.43936,54.309)
(-336.21,55.6397,138.956)
(-329.392,-11.4912,52.2811)
(-306.854,28.047,97.9008)
(-328.477,-12.8913,52.9856)
(-397.056,-3.0195,94.9751)
(261.057,195.288,-14.0698)
(249.335,196.656,21.5511)
(253.545,197.019,-11.6527)
(275.362,272.631,-25.9921)
(-221.319,-234.515,40.0465)
(-196.399,-196.761,71.2731)
(-226.232,-221.258,53.2426)
(-216.979,-195.112,44.0919)
(330.178,47.0486,-36.4748)
(403.946,-8.61692,21.6337)
(330.771,46.0323,-35.5217)
(378.64,193.631,-26.1798)
(-309.765,58.7061,-115.672)
(-277.987,154.729,-297.054)
(-309.255,58.5756,-114.462)
(-273.483,144.12,-66.8198)
(233.825,-221.724,-26.8592)
(280.07,-64.2534,-92.8682)
(-121.214,289.677,34.8569)
(-180.584,351.583,54.1735)
(-113.571,298.831,28.5461)
(-180.667,257.121,118.444)
(-305.765,-73.8016,-108.062)
(-367.275,32.3168,-170.286)
(-276.594,-153.902,22.3158)
(-292.86,-186.265,-42.4589)
(-276.664,-158.486,23.5394)
(-175.334,-178.478,116.101)
(-274.283,-165.207,17.2774)
(-251.081,-229.64,34.6514)
(-258.255,-177.389,17.3873)
(-254.739,-214.693,-31.3763)
(253.088,-186.423,53.5628)
(185.711,-218.924,99.1617)
(-273.534,-191.167,103.789)
(-224.911,-180.319,165.736)
(218.313,229.544,-122.355)
(268.112,201.686,-83.0933)
(-327.586,7.50165,-30.0712)
(-233.769,84.6339,-17.9546)
(-333.53,4.2639,-35.7566)
(-448.168,-32.6419,89.2852)
(324.45,-12.4449,47.9947)
(283.527,-56.5509,102.685)
(235.733,-223.185,-56.939)
(246.737,-209.173,-7.41402)
(326.438,61.1746,9.52637)
(353.867,67.8722,31.2772)
(-312.751,-119.638,-13.3792)
(-227.447,-135.241,-143.385)
(-316.555,-18.1113,-105.02)
(-395.604,-60.1877,-223.291)
(-316.73,-15.7979,-115.63)
(-316.987,-21.8471,-212.22)
(-248.981,206.458,-46.8021)
(-361.584,321.969,38.3524)
(30.6633,-324.192,68.7765)
(-78.4844,-380.088,109.426)
(-196.736,246.004,-103.418)
(-103.062,177.412,-85.2924)
(-194.131,248.466,-96.5557)
(-225.099,254.876,-101.586)
(-318.797,-86.4145,-77.5328)
(-359.013,-109.329,-78.5681)
(-321.024,-90.274,-72.839)
(-239.749,-47.1827,57.0084)
(276.155,-149.156,107.101)
(318,-141.408,135.96)
(-328.893,-13.3664,-86.3003)
(-305.977,-69.1606,-172.011)
(-3.36703,313.555,102.089)
(-45.3548,376.393,238.797)
(-148.206,-278.939,-94.2787)
(-133.983,-298.21,-91.2198)
(-148.407,-283.971,-98.3039)
(-257.29,-335.867,-65.7567)
(314.392,-64.5722,108.658)
(287.475,24.4904,99.8134)
(-307.106,-116.024,2.52926)
(-269.159,-69.6738,3.11498)
(-305.962,-116.08,2.60324)
(-303.853,-166.938,14.2922)
(237.585,205.253,-3.2571)
(307.023,319.389,-138.66)
(94.3418,299.768,-10.1948)
(188.431,317.034,-11.8421)
(-10.0031,329.213,-102.415)
(-22.9509,334.178,-169.975)
(-16.9489,334.009,-104.885)
(-8.49004,363.564,-85.2124)
(-45.0435,319.157,83.7424)
(-45.6286,308.019,205.879)
(-111.582,-296.314,-80.1718)
(-29.6603,-249.469,-94.0752)
(-119.785,-300.791,-83.4249)
(-82.4106,-381.799,-146.624)
(131.634,-294.374,-66.0045)
(-37.9434,-368.513,0.924796)
(147.429,275.545,63.8674)
(205.371,201.714,-62.3514)
(270.876,160.097,92.0702)
(249.51,201.933,183.638)
(-231.304,210.477,36.7218)
(-170.016,297.002,82.8818)
(261.533,-178.622,-34.4285)
(357.99,-39.6039,-4.54646)
(-263.328,194.119,34.311)
(-360.809,246.703,-26.6815)
(-192.536,252.908,58.9285)
(-97.954,315.11,64.2553)
(253.097,-211.055,-50.9579)
(153.715,-186.886,-65.5658)
(-233.18,-221.531,-15.6582)
(-288.85,-180.306,-88.3841)
(152.62,286.26,-31.6742)
(105.468,328.752,-72.3416)
(-271.442,-175.897,21.704)
(-365.793,-145.83,150.936)
(261.622,188.945,-79.806)
(276.999,181.642,-10.5794)
(265.458,190.29,-81.5629)
(361.258,162.172,-63.8234)
(271.761,191.408,-72.3326)
(258.441,124.47,-90.2584)
(-284.631,-165.771,92.7666)
(-213.743,-170.927,91.6523)
(-237.728,-223.695,7.13828)
(-183.213,-223.211,112.743)
(-241.917,-225.911,8.39902)
(-326.745,-196.675,76.4614)
(63.9492,305.613,-6.98095)
(-11.4903,264.387,52.3437)
(241.946,200.238,51.1054)
(226.237,141.857,125.354)
(-279.1,-166.192,63.1713)
(-277.275,-79.7305,-77.1181)
(-279.808,-186.473,55.8388)
(-329.21,-322.192,24.8786)
(119.623,311.487,-114.664)
(26.35,367.282,-189.252)
(116.892,312.263,-111.72)
(162.733,314.88,-10.7593)
(313.261,-8.93608,-99.0874)
(244.569,-10.5057,-13.0525)
(-154.673,274.529,-69.9443)
(-163.823,248.188,3.0304)
(-157.724,275.92,-66.735)
(-211.381,293.84,-135.026)
(283.716,-133.686,34.723)
(278.175,-68.1488,18.6041)
(311.413,38.3492,1.94566)
(321.124,19.5933,28.2241)
(-133.099,299.481,-28.119)
(-147.857,280.62,17.3306)
(-136.884,299.086,-28.4272)
(-77.5514,370.954,-123.177)
(-310.255,66.84,23.6092)
(-240.572,76.0221,133.104)
(303.083,-94.5967,-31.892)
(351.76,-70.1272,-4.06037)
(315.784,56.747,-81.4436)
(322.503,-33.8193,-48.8679)
(-305.87,-61.7942,-1.17368)
(-338.638,-126.799,24.0056)
(306.024,85.5645,-1.51751)
(219.492,84.341,-40.2797)
(313.124,85.1471,7.07015)
(342.805,75.0627,-67.0793)
(253.735,-183.186,81.5189)
(307.54,-223.002,64.9211)
(254.244,-185.705,84.9498)
(314.098,-171.125,23.4957)
(-221.093,243.873,-108.428)
(-303.337,170.2,-79.4878)
(-225.246,245.452,-112.149)
(-168.308,241.552,-106.507)
(-224.239,241.283,-110.36)
(-133.193,81.2809,-48.2654)
(318.123,-7.31228,-9.58134)
(338.212,-60.1681,-25.3163)
(248.595,191.781,-56.7793)
(316.581,113.766,-26.6801)
(248.136,220.19,-61.2173)
(387.969,188.598,-26.5652)
(322.163,4.44363,-87.751)
(278.878,-61.4068,-220.948)
(323.216,8.93537,-89.5646)
(351.068,100.948,-74.6443)
(323.458,7.98131,-89.1077)
(321.238,-49.6058,-172.749)
(-18.7201,-312.114,-117.64)
(-25.093,-267.058,-140.017)
(233.522,-210.062,43.0288)
(223.465,-115.751,6.34855)
(-284.219,136.375,-28.8796)
(-272.221,172.331,8.72373)
(266.359,-178.637,-5.86529)
(162.113,-171.417,59.581)
(265.541,-176.25,0.510372)
(273.402,-224.148,112.735)
(-86.143,316.424,4.25414)
(-141.705,404.07,3.11805)
(-90.9533,315.723,2.80708)
(-75.1346,236.923,44.9235)
(-176.078,258.696,63.883)
(-264.107,360.796,31.4374)
(259.088,-181.504,-45.7702)
(259.031,-145.619,-110.02)
(267.294,-187.669,-40.1692)
(308.512,-281.607,-98.0716)
(21.9579,-336.592,-125.196)
(96.8634,-413.193,-152.647)
(-318.384,-3.27374,119.748)
(-301.529,79.0893,186.688)
(-320.081,-4.05424,119.997)
(-321.346,-48.7709,36.6018)
(-320.572,-6.45064,120.576)
(-237.788,-73.4009,127.271)
(-322.866,-8.2863,119.355)
(-276.805,29.0083,99.1902)
(-298.676,-133.852,-98.5108)
(-266.718,-191.233,-87.6516)
(-307.17,-136.896,-103.623)
(-273.274,-84.4353,-87.5713)
(-304.969,-139.536,-101.373)
(-247.923,-116.012,-98.4558)
(228.727,-221.756,-1.5867)
(227.092,-194.872,10.8383)
(315.596,-51.1234,-121.757)
(394.472,-30.2411,-80.4854)
(196.267,-266.542,9.71132)
(153.423,-278.309,-95.5356)
(198.118,-266.683,10.9972)
(86.4274,-272.911,-72.1358)
(-121.514,310.902,-14.2925)
(-69.279,220.775,17.1014)
(286.852,129.563,40.0256)
(263.324,91.5225,116.299)
(-254.702,-185.29,38.8802)
(-221.907,-11.8169,105.795)
(-244.73,-229.453,22.2088)
(-180.464,-354.137,180.118)
(51.541,309.982,-65.6467)
(68.916,317.465,26.95)
(53.6401,310.097,-62.2293)
(-55.8917,287.389,-67.7109)
(226.568,-218.807,-30.2841)
(263.705,-237.742,2.46065)
(-216.823,-253.784,108.162)
(-227.293,-222.254,55.003)
(-289.304,133.575,15.408)
(-246.968,100.587,24.238)
(317.857,-85.6733,-8.34946)
(352.543,-108.556,-8.14037)
(317.747,-85.5253,-7.50963)
(331.65,-226.155,-19.4378)
(270.07,-181.232,73.6417)
(279.746,-88.4842,106.066)
(263.41,-184.717,81.4856)
(339.365,-197.663,71.9361)
(178.403,-273.21,-122.757)
(108.284,-268.37,-118.724)
(320.889,100.251,-81.8057)
(374.841,100.213,49.8513)
(-288.968,-153.179,123.416)
(-391.735,-84.2836,102.984)
(-129.675,288.541,-102.129)
(-50.1522,293.671,-54.5275)
(-124.344,297.111,-104.626)
(-165.73,374.774,-121.172)
(-125.058,295.123,-104.476)
(-155.832,337.672,-133.77)
(21.275,312.974,30.6373)
(-51.7819,309.318,8.52077)
(187.8,-275.182,-26.7355)
(187.675,-303.157,61.0243)
(32.1028,325.97,-3.94327)
(15.7072,308.332,-32.7528)
(23.9221,334.824,-5.09757)
(-24.5398,258.842,-15.6755)
(-88.4365,300.565,112.415)
(-50.3388,283.777,134.064)
(-182.672,-255.537,-95.459)
(-195.377,-353.614,-91.5552)
(192.379,264.617,-91.1296)
(138.856,290.715,-103.289)
(-53.629,-315.293,105.785)
(-66.064,-283.196,215.539)
(-55.9485,-315.431,96.9714)
(-55.2716,-75.1926,95.417)
(-53.8296,-317.788,97.396)
(-92.0566,-328.142,123.526)
(23.3541,313.272,109.376)
(-40.5909,212.939,120.833)
(17.0347,321.43,110.862)
(84.236,325.827,100.181)
(185.982,-276.094,-93.6712)
(208.903,-284.558,-125.978)
(190.064,-277.403,-93.0579)
(121.945,-281.442,-139.997)
(-320.559,16.3733,80.6587)
(-283.222,7.34789,46.0627)
(-335.461,12.1391,81.4195)
(-452.884,-14.1498,23.0136)
(-199.618,-241.062,19.2461)
(-155.233,-146.203,11.0849)
(-199.147,-250.004,16.1682)
(-150.666,-295.411,-6.49975)
(-200.429,-249.949,16.3666)
(-171.498,-295.323,-8.7112)
(-72.5459,314.746,50.7528)
(26.9681,325.393,32.5487)
(-302.394,-78.9437,118.36)
(-281.505,-3.61979,46.5588)
(-303.081,-78.5142,112.443)
(-297.311,-15.4498,-5.3627)
(326.358,51.0094,-73.0504)
(309.795,77.0729,-55.9464)
(-274.039,150.625,-41.9028)
(-265.781,237.884,-109.172)
(307.921,-118.941,36.2372)
(351.012,-101.822,65.8615)
(309.61,-124.218,34.2619)
(245.166,-51.6273,77.8988)
(303.793,-76.1728,47.2591)
(327.118,-47.2919,-30.9977)
(-295.933,128.442,-80.6462)
(-222.978,147.511,-109.863)
(-296.169,127.048,-86.5882)
(-291.887,87.4788,-125.135)
(-148.152,-283.535,0.040425)
(-184.992,-288.707,-1.88534)
(246.79,206.006,1.47429)
(344.963,174.316,-23.7062)
(-94.7528,298.403,111.594)
(-49.9083,309.045,54.2542)
(-2.5546,-313.352,-116.724)
(20.6676,-351.462,-47.0619)
(-0.653863,-317.942,-122.039)
(-61.3821,-164.669,-141.422)
(-224.938,232.89,-63.7248)
(-211.342,229.648,-72.997)
(45.9728,-314.902,83.4863)
(99.9553,-335.253,-3.23641)
(-56.5317,-316.468,19.0565)
(25.0605,-341.061,32.3097)
(-58.0611,-322.638,16.7714)
(-60.4339,-350.662,24.4047)
(-54.184,-323.729,17.6768)
(-71.6134,-295.559,33.5448)
(319.465,-59.6999,-117.168)
(414.203,-81.7192,-178.314)
(309.305,52.8016,-90.0194)
(268.861,55.919,-64.1441)
(-41.2252,-317.004,-9.31247)
(38.9942,-270.602,-24.5723)
(187.315,267.071,27.2999)
(109.634,270.774,25.9393)
(187.28,271.504,23.9194)
(205.359,179.256,46.3243)
(189.144,269.917,27.072)
(294.313,171.396,64.6616)
(-277.764,-149.687,-12.7789)
(-268.165,-86.0596,84.5205)
(-274.883,147.832,27.6514)
(-308.357,215.284,-27.6569)
(-267.704,162.733,-50.7716)
(-138.127,191.102,-11.1345)
(-239.815,206.227,-33.5283)
(-258.91,214.653,-76.1101)
(-240.191,208.483,-31.3927)
(-336.527,217.451,70.4835)
(-282.238,-132.705,-90.5108)
(-343.45,-83.1619,-151.637)
(-278.017,-159.255,57.2587)
(-195.018,-67.0106,58.803)
(-288.59,-156.748,65.2244)
(-415.59,-154.135,53.5399)
(-292.518,-156.409,63.0149)
(-267.407,-170.123,130.671)
(290.687,117.911,-41.1788)
(219.751,126.165,-112.443)
(101.695,-307.617,81.5986)
(84.4676,-244.206,35.8369)
(-250.112,205.324,-52.8175)
(-282.121,314.618,-14.6178)
(-248.566,207.362,-55.4015)
(-205.13,109.836,-78.3643)
(-69.6452,322.17,-102.221)
(-94.0852,368.676,-98.5367)
(-30.7215,-316.294,104.496)
(-16.2268,-265.18,151.052)
(41.9684,-311.216,-106.473)
(31.3163,-266.858,-142.838)
(-230.377,246.285,81.1759)
(-271.057,204.761,17.6055)
(-223.693,247.338,90.6719)
(-143.559,193.953,147.275)
(304.864,-138.074,85.7861)
(220.679,-176.091,140.19)
(-288.213,120.147,-16.148)
(-217.392,262.612,72.9014)
(244.412,198.599,-41.1669)
(357.785,211.969,-89.8947)
(-240.181,-212.596,43.2296)
(-218.739,-367.676,67.5141)
(-300.352,-137.479,82.5498)
(-222.728,-111.619,41.7416)
(-97.1999,-305.621,-4.19443)
(-143.408,-397.585,-72.6401)
(-86.5048,-313.76,-16.1332)
(-45.7082,-262.991,-101.861)
(311.835,128.005,-92.4032)
(280.053,235.154,39.9714)
(-330.27,-62.9593,103.945)
(-358.366,44.6142,115.993)
(293.007,153.669,84.9816)
(330.529,72.8914,39.2746)
(305.312,85.0318,120.235)
(250.611,94.0712,66.9488)
(305.741,86.863,121.417)
(347.983,225.839,139.968)
(306.133,79.5705,119.886)
(340.254,81.6206,201.148)
0 events have been kept for refreshing and/or reviewing.
  "/vis/reviewKeptEvents" to review them one by one.
  "/vis/enable", then "/vis/viewer/flush" or "/vis/viewer/rebuild" to see them accumulated.
[Core-0] End of macro ./split/.Gate/main125/main8.mac
Graphics systems deleted.
Visualization Manager deleting...
